<?xml version="1.0"?>
<!DOCTYPE coverage SYSTEM "http://cobertura.sourceforge.net/xml/coverage-04.dtd">
<coverage lines-valid="11" lines-covered="11" line-rate="1.0" branches-valid="5" branches-covered="5" branch-rate="1.0" timestamp="0" complexity="1" Version="0.1">
	<sources>
		<source>C:\Users\Jenkins\Documents\BuildServer\workspace\1023_Lauffer_SGL\unittest</source>
	</sources>
	<packages>
		<package name="Source" line-rate="1.0" branch-rate="1.0" complexity="1">
			<classes>
				<class name="CAmpelESign" filename="Class\CAmpelESign\CAmpelESign.st" line-rate="1.0" branch-rate="1.0" complexity="1">
					<methods>
						<method name="setColor" signature="()V" line-rate="1.0" branch-rate="1.0">
							<lines>
								<line number="150" hits="4" branch="false"/>
								<line number="155" hits="2" branch="true" condition-coverage="100% (1/1)"/>
								<line number="160" hits="1" branch="true" condition-coverage="100% (1/1)"/>
								<line number="165" hits="1" branch="true" condition-coverage="100% (1/1)"/>
								<line number="170" hits="4" branch="false"/>
							</lines>
						</method>
						<method name="update" signature="()V" line-rate="1.0" branch-rate="1.0">
							<lines>
								<line number="181" hits="22" branch="false"/>
							</lines>
						</method>
						<method name="setFilling" signature="()V" line-rate="1.0" branch-rate="1.0">
							<lines>
								<line number="199" hits="18" branch="false"/>
								<line number="204" hits="1" branch="true" condition-coverage="100% (1/1)"/>
								<line number="206" hits="18" branch="false"/>
								<line number="208" hits="18" branch="true" condition-coverage="100% (1/1)"/>
								<line number="210" hits="18" branch="false"/>
							</lines>
						</method>
					</methods>
					<lines>
						<line number="150" hits="4" branch="false"/>
								<line number="155" hits="2" branch="true" condition-coverage="100% (1/1)"/>
								<line number="160" hits="1" branch="true" condition-coverage="100% (1/1)"/>
								<line number="165" hits="1" branch="true" condition-coverage="100% (1/1)"/>
								<line number="170" hits="4" branch="false"/>
								<line number="181" hits="22" branch="false"/>
								<line number="199" hits="18" branch="false"/>
								<line number="204" hits="1" branch="true" condition-coverage="100% (1/1)"/>
								<line number="206" hits="18" branch="false"/>
								<line number="208" hits="18" branch="true" condition-coverage="100% (1/1)"/>
								<line number="210" hits="18" branch="false"/>
					</lines>
				</class>
			</classes>
		</package>
	</packages>
</coverage>