C:\Users\kartik.moolya\Desktop\Python-Jenkins>python try.py
Traceback (most recent call last):
  File "C:\Users\kartik.moolya\AppData\Local\Programs\Python\Python37-32\lib\site-packages\jenkins\__init__.py", line 560, in jenkins_request
    self._request(req))
  File "C:\Users\kartik.moolya\AppData\Local\Programs\Python\Python37-32\lib\site-packages\jenkins\__init__.py", line 511, in _response_handler
    response.raise_for_status()
  File "C:\Users\kartik.moolya\AppData\Local\Programs\Python\Python37-32\lib\site-packages\requests\models.py", line 939, in raise_for_status
    raise HTTPError(http_error_msg, response=self)
requests.exceptions.HTTPError: 500 Server Error: Server Error for url: http://localhost:8080/createItem?name=testapi

During handling of the above exception, another exception occurred:

Traceback (most recent call last):
  File "try.py", line 3, in <module>
    server.create_job('testapi','new.xml')
  File "C:\Users\kartik.moolya\AppData\Local\Programs\Python\Python37-32\lib\site-packages\jenkins\__init__.py", line 1193, in create_job
    headers=DEFAULT_HEADERS
  File "C:\Users\kartik.moolya\AppData\Local\Programs\Python\Python37-32\lib\site-packages\jenkins\__init__.py", line 541, in jenkins_open
    return self.jenkins_request(req, add_crumb, resolve_auth).text
  File "C:\Users\kartik.moolya\AppData\Local\Programs\Python\Python37-32\lib\site-packages\jenkins\__init__.py", line 571, in jenkins_request
    raise JenkinsException(msg)
jenkins.JenkinsException: Error in request. Possibly authentication failed [500]: Server Error






  <!DOCTYPE html><html><head resURL="/static/b3b33bed" data-rooturl="" data-resurl="/static/b3b33bed">


    <title>Jenkins [Jenkins]</title><link rel="stylesheet" href="/static/b3b33bed/css/layout-common.css" type="text/css" /><link rel="stylesheet" href="/static/b3b33bed/css/style.css" type="text/css" /><link rel="stylesheet" href="/static/b3b33bed/css/color.css" type="text/css" /><link rel="stylesheet" href="/static/b3b33bed/css/responsive-grid.css" type="text/css" /><link rel="shortcut icon" href="/static/b3b33bed/favicon.ico" type="image/vnd.microsoft.icon" /><link color="black" rel="mask-icon" href="/images/mask-icon.svg" /><script>var isRunAsTest=false; var rootURL=""; var resURL="/static/b3b33bed";</script><script src="/static/b3b33bed/scripts/prototype.js" type="text/javascript"></script><script src="/static/b3b33bed/scripts/behavior.js" type="text/javascript"></script><script src='/adjuncts/b3b33bed/org/kohsuke/stapler/bind.js' type='text/javascript'></script><script src="/static/b3b33bed/scripts/yui/yahoo/yahoo-min.js"></script><script src="/static/b3b33bed/scripts/yui/dom/dom-min.js"></script><script src="/static/b3b33bed/scripts/yui/event/event-min.js"></script><script src="/static/b3b33bed/scripts/yui/animation/animation-min.js"></script><script src="/static/b3b33bed/scripts/yui/dragdrop/dragdrop-min.js"></script><script src="/static/b3b33bed/scripts/yui/container/container-min.js"></script><script src="/static/b3b33bed/scripts/yui/connection/connection-min.js"></script><script src="/static/b3b33bed/scripts/yui/datasource/datasource-min.js"></script><script src="/static/b3b33bed/scripts/yui/autocomplete/autocomplete-min.js"></script><script src="/static/b3b33bed/scripts/yui/menu/menu-min.js"></script><script src="/static/b3b33bed/scripts/yui/element/element-min.js"></script><script src="/static/b3b33bed/scripts/yui/button/button-min.js"></script><script src="/static/b3b33bed/scripts/yui/storage/storage-min.js"></script><script src="/static/b3b33bed/scripts/hudson-behavior.js" type="text/javascript"></script><script src="/static/b3b33bed/scripts/sortable.js" type="text/javascript"></script><script>crumb.init("Jenkins-Crumb", "1c88539d0faea213432211db55113637");</script><link rel="stylesheet" href="/static/b3b33bed/scripts/yui/container/assets/container.css" type="text/css" /><link rel="stylesheet" href="/static/b3b33bed/scripts/yui/assets/skins/sam/skin.css" type="text/css" /><link rel="stylesheet" href="/static/b3b33bed/scripts/yui/container/assets/skins/sam/container.css" type="text/css" /><link rel="stylesheet" href="/static/b3b33bed/scripts/yui/button/assets/skins/sam/button.css" type="text/css" /><link rel="stylesheet" href="/static/b3b33bed/scripts/yui/menu/assets/skins/sam/menu.css" type="text/css" /><meta name="ROBOTS" content="INDEX,NOFOLLOW" /><meta name="viewport" content="width=device-width, initial-scale=1" /><script src="/static/b3b33bed/jsbundles/page-init.js" type="text/javascript"></script></head><body data-model-type="hudson.model.Hudson" id="jenkins" class="yui-skin-sam two-column jenkins-2.133" data-version="2.133"><a href="#skip2content" class="skiplink">Skip to content</a><div id="page-head"><div id="header"><div class="logo"><a id="jenkins-home-link" href="/"><img src="/static/b3b33bed/images/headshot.png" alt="[Jenkins]" id="jenkins-head-icon" /><img src="/static/b3b33bed/images/title.png" alt="Jenkins" width="139" id="jenkins-name-icon" height="34" /></a></div><div class="login"> <a href="/login?from=%2FcreateItem"><b>log in</b></a></div><div class="searchbox hidden-xs"><form method="get" name="search" action="/search/" style="position:relative;" class="no-json"><div id="search-box-minWidth"></div><div id="search-box-sizer"></div><div id="searchform"><input name="q" placeholder="search" id="search-box" class="has-default-text" /> <a href="https://jenkins.io/redirect/search-box"><img src="/static/b3b33bed/images/16x16/help.png" style="width: 16px; height: 16px; " class="icon-help icon-sm" /></a><div id="search-box-completion"></div><script>createSearchBox("/search/");</script></div></form></div></div><div id="breadcrumbBar"><tr id="top-nav"><td id="left-top-nav" colspan="2"><link rel='stylesheet' href='/adjuncts/b3b33bed/lib/layout/breadcrumbs.css' type='text/css' /><script src='/adjuncts/b3b33bed/lib/layout/breadcrumbs.js' type='text/javascript'></script><div class="top-sticker noedge"><div class="top-sticker-inner"><div id="right-top-nav"></div><ul id="breadcrumbs"><li class="item"><a href="/" class="model-link inside">Jenkins</a></li><li href="/" class="children"></li></ul><div id="breadcrumb-menu-target"></div></div></div></td></tr></div></div><div id="page-body" class="clear"><div id="side-panel"><div class="task"><a href="https://jenkins.io/" class="task-icon-link"><img src="/static/b3b33bed/images/24x24/next.png" style="width: 24px; height: 24px; width: 24px; height: 24px; margin: 2px;" class="icon-next icon-md" /></a> <a href="https://jenkins.io/" class="task-link">Jenkins project</a></div><div class="task"><a href="https://jenkins.io/redirect/report-an-issue" class="task-icon-link"><img src="/static/b3b33bed/images/24x24/gear2.png" style="width: 24px; height: 24px; width: 24px; height: 24px; margin: 2px;" class="icon-gear2 icon-md" /></a> <a href="https://jenkins.io/redirect/report-an-issue" class="task-link">Bug tracker</a></div><div class="task"><a href="https://jenkins.io/redirect/mailing-lists" class="task-icon-link"><img src="/static/b3b33bed/images/24x24/search.png" style="width: 24px; height: 24px; width: 24px; height: 24px; margin: 2px;" class="icon-search icon-md" /></a> <a href="https://jenkins.io/redirect/mailing-lists" class="task-link">Mailing Lists</a></div><div class="task"><a href="https://twitter.com/jenkinsci" class="task-icon-link"><img src="/static/b3b33bed/images/24x24/user.png" style="width: 24px; height: 24px; width: 24px; height: 24px; margin: 2px;" class="icon-user icon-md" /></a> <a href="https://twitter.com/jenkinsci" class="task-link">Twitter: @jenkinsci</a></div></div><div id="main-panel"><a name="skip2content"></a><h1 style="text-align: center"><img src="/static/b3b33bed/images/rage.png" width="154" height="179" /><span style="font-size:50px"> Oops!</span></h1><div id="error-description"><p>A problem occurred while processing the request.
        Please check <a href="https://jenkins.io/redirect/issue-tracker">our bug tracker</a> to see if a similar problem has already been reported.
        If it is already reported, please vote and put a comment on it to let us gauge the impact of the problem.
        If you think this is a new issue, please file a new issue.
        When you file an issue, make sure to add the entire stack trace, along with the version of Jenkins and relevant plugins.
        <a href="https://jenkins.io/redirect/users-mailing-list">The users list</a> might be also useful in understanding what has happened.</p><h2>Stack trace</h2><pre style="margin:2em; clear:both">java.nio.file.FileSystemException: C:\Program Files (x86)\Jenkins\jobs\testapi\config.xml: The process cannot access the file because it is being used by another process.

        at sun.nio.fs.WindowsException.translateToIOException(Unknown Source)
        at sun.nio.fs.WindowsException.rethrowAsIOException(Unknown Source)
        at sun.nio.fs.WindowsException.rethrowAsIOException(Unknown Source)
        at sun.nio.fs.WindowsFileSystemProvider.implDelete(Unknown Source)
        at sun.nio.fs.AbstractFileSystemProvider.deleteIfExists(Unknown Source)
        at java.nio.file.Files.deleteIfExists(Unknown Source)
        at hudson.Util.tryOnceDeleteFile(Util.java:316)
        at hudson.Util.tryOnceDeleteRecursive(Util.java:388)
        at hudson.Util.tryOnceDeleteContentsRecursive(Util.java:407)
        at hudson.Util.tryOnceDeleteRecursive(Util.java:387)
        at hudson.Util.deleteRecursive(Util.java:365)
Caused: java.io.IOException: Unable to delete 'C:\Program Files (x86)\Jenkins\jobs\testapi'. Tried 3 times (of a maximum of 3) waiting 0.1 sec between attempts.
        at hudson.Util.deleteRecursive(Util.java:370)
        at hudson.model.ItemGroupMixIn.createProjectFromXML(ItemGroupMixIn.java:308)
        at hudson.model.ItemGroupMixIn.createTopLevelItem(ItemGroupMixIn.java:191)
        at jenkins.model.Jenkins.doCreateItem(Jenkins.java:3868)
        at java.lang.invoke.MethodHandle.invokeWithArguments(Unknown Source)
        at org.kohsuke.stapler.Function$MethodFunction.invoke(Function.java:343)
        at org.kohsuke.stapler.interceptor.RequirePOST$Processor.invoke(RequirePOST.java:77)
        at org.kohsuke.stapler.PreInvokeInterceptedFunction.invoke(PreInvokeInterceptedFunction.java:26)
        at org.kohsuke.stapler.Function.bindAndInvoke(Function.java:184)
        at org.kohsuke.stapler.Function.bindAndInvokeAndServeResponse(Function.java:117)
        at org.kohsuke.stapler.MetaClass$1.doDispatch(MetaClass.java:129)
        at org.kohsuke.stapler.NameBasedDispatcher.dispatch(NameBasedDispatcher.java:58)
        at org.kohsuke.stapler.Stapler.tryInvoke(Stapler.java:734)
        at org.kohsuke.stapler.Stapler.invoke(Stapler.java:864)
        at org.kohsuke.stapler.Stapler.invoke(Stapler.java:668)
        at org.kohsuke.stapler.Stapler.service(Stapler.java:238)
        at javax.servlet.http.HttpServlet.service(HttpServlet.java:790)
        at org.eclipse.jetty.servlet.ServletHolder.handle(ServletHolder.java:865)
        at org.eclipse.jetty.servlet.ServletHandler$CachedChain.doFilter(ServletHandler.java:1655)
        at hudson.util.PluginServletFilter$1.doFilter(PluginServletFilter.java:154)
        at hudson.util.PluginServletFilter.doFilter(PluginServletFilter.java:157)
        at org.eclipse.jetty.servlet.ServletHandler$CachedChain.doFilter(ServletHandler.java:1642)
        at hudson.security.csrf.CrumbFilter.doFilter(CrumbFilter.java:99)
        at org.eclipse.jetty.servlet.ServletHandler$CachedChain.doFilter(ServletHandler.java:1642)
        at hudson.security.ChainedServletFilter$1.doFilter(ChainedServletFilter.java:84)
        at hudson.security.UnwrapSecurityExceptionFilter.doFilter(UnwrapSecurityExceptionFilter.java:51)
        at hudson.security.ChainedServletFilter$1.doFilter(ChainedServletFilter.java:87)
        at jenkins.security.ExceptionTranslationFilter.doFilter(ExceptionTranslationFilter.java:117)
        at hudson.security.ChainedServletFilter$1.doFilter(ChainedServletFilter.java:87)
        at org.acegisecurity.providers.anonymous.AnonymousProcessingFilter.doFilter(AnonymousProcessingFilter.java:125)
        at hudson.security.ChainedServletFilter$1.doFilter(ChainedServletFilter.java:87)
        at org.acegisecurity.ui.rememberme.RememberMeProcessingFilter.doFilter(RememberMeProcessingFilter.java:142)
        at hudson.security.ChainedServletFilter$1.doFilter(ChainedServletFilter.java:87)
        at org.acegisecurity.ui.AbstractProcessingFilter.doFilter(AbstractProcessingFilter.java:271)
        at hudson.security.ChainedServletFilter$1.doFilter(ChainedServletFilter.java:87)
        at jenkins.security.BasicHeaderProcessor.success(BasicHeaderProcessor.java:140)
        at jenkins.security.BasicHeaderProcessor.doFilter(BasicHeaderProcessor.java:82)
        at hudson.security.ChainedServletFilter$1.doFilter(ChainedServletFilter.java:87)
        at org.acegisecurity.context.HttpSessionContextIntegrationFilter.doFilter(HttpSessionContextIntegrationFilter.java:249)
        at hudson.security.HttpSessionContextIntegrationFilter2.doFilter(HttpSessionContextIntegrationFilter2.java:67)
        at hudson.security.ChainedServletFilter$1.doFilter(ChainedServletFilter.java:87)
        at hudson.security.ChainedServletFilter.doFilter(ChainedServletFilter.java:90)
        at hudson.security.HudsonFilter.doFilter(HudsonFilter.java:171)
        at org.eclipse.jetty.servlet.ServletHandler$CachedChain.doFilter(ServletHandler.java:1642)
        at org.kohsuke.stapler.compression.CompressionFilter.doFilter(CompressionFilter.java:49)
        at org.eclipse.jetty.servlet.ServletHandler$CachedChain.doFilter(ServletHandler.java:1642)
        at hudson.util.CharacterEncodingFilter.doFilter(CharacterEncodingFilter.java:82)
        at org.eclipse.jetty.servlet.ServletHandler$CachedChain.doFilter(ServletHandler.java:1642)
        at org.kohsuke.stapler.DiagnosticThreadNameFilter.doFilter(DiagnosticThreadNameFilter.java:30)
        at org.eclipse.jetty.servlet.ServletHandler$CachedChain.doFilter(ServletHandler.java:1642)
        at org.eclipse.jetty.servlet.ServletHandler.doHandle(ServletHandler.java:533)
        at org.eclipse.jetty.server.handler.ScopedHandler.handle(ScopedHandler.java:146)
        at org.eclipse.jetty.security.SecurityHandler.handle(SecurityHandler.java:524)
        at org.eclipse.jetty.server.handler.HandlerWrapper.handle(HandlerWrapper.java:132)
        at org.eclipse.jetty.server.handler.ScopedHandler.nextHandle(ScopedHandler.java:257)
        at org.eclipse.jetty.server.session.SessionHandler.doHandle(SessionHandler.java:1595)
        at org.eclipse.jetty.server.handler.ScopedHandler.nextHandle(ScopedHandler.java:255)
        at org.eclipse.jetty.server.handler.ContextHandler.doHandle(ContextHandler.java:1317)
        at org.eclipse.jetty.server.handler.ScopedHandler.nextScope(ScopedHandler.java:203)
        at org.eclipse.jetty.servlet.ServletHandler.doScope(ServletHandler.java:473)
        at org.eclipse.jetty.server.session.SessionHandler.doScope(SessionHandler.java:1564)
        at org.eclipse.jetty.server.handler.ScopedHandler.nextScope(ScopedHandler.java:201)
        at org.eclipse.jetty.server.handler.ContextHandler.doScope(ContextHandler.java:1219)
        at org.eclipse.jetty.server.handler.ScopedHandler.handle(ScopedHandler.java:144)
        at org.eclipse.jetty.server.handler.HandlerWrapper.handle(HandlerWrapper.java:132)
        at org.eclipse.jetty.server.Server.handle(Server.java:531)
        at org.eclipse.jetty.server.HttpChannel.handle(HttpChannel.java:352)
        at org.eclipse.jetty.server.HttpConnection.onFillable(HttpConnection.java:260)
        at org.eclipse.jetty.io.AbstractConnection$ReadCallback.succeeded(AbstractConnection.java:281)
        at org.eclipse.jetty.io.FillInterest.fillable(FillInterest.java:102)
        at org.eclipse.jetty.io.ChannelEndPoint$2.run(ChannelEndPoint.java:118)
        at org.eclipse.jetty.util.thread.strategy.EatWhatYouKill.runTask(EatWhatYouKill.java:333)
        at org.eclipse.jetty.util.thread.strategy.EatWhatYouKill.doProduce(EatWhatYouKill.java:310)
        at org.eclipse.jetty.util.thread.strategy.EatWhatYouKill.tryProduce(EatWhatYouKill.java:168)
        at org.eclipse.jetty.util.thread.strategy.EatWhatYouKill.run(EatWhatYouKill.java:126)
        at org.eclipse.jetty.util.thread.ReservedThreadExecutor$ReservedThread.run(ReservedThreadExecutor.java:366)
        at winstone.BoundedExecutorService.lambda$scheduleNext$0(BoundedExecutorService.java:80)
        at java.util.concurrent.ThreadPoolExecutor.runWorker(Unknown Source)
        at java.util.concurrent.ThreadPoolExecutor$Worker.run(Unknown Source)
        at java.lang.Thread.run(Unknown Source)
</pre></div></div></div><footer><div class="container-fluid"><div class="row"><div class="col-md-6" id="footer"></div><div class="col-md-18"><span class="page_generated">Page generated: 23 Jul, 2018 1:02:46 PM IST</span><span class="rest_api"><a href="api/">REST API</a></span><span class="jenkins_ver"><a href="https://jenkins.io/">Jenkins ver. 2.133</a></span></div></div></div></footer></body></html>