<!-- /var/lib/jenkins/jobs/test-installation-wf/builds/29/workflow/21.xml -- block containing a failure  -->
<?xml version='1.0' encoding='UTF-8'?>
<org.jenkinsci.plugins.workflow.support.storage.SimpleXStreamFlowNodeStorage_-Tag plugin="workflow-support@1.12">
  <node class="org.jenkinsci.plugins.workflow.cps.nodes.StepEndNode" plugin="workflow-cps@1.12">
    <parents class="com.google.common.collect.ImmutableList">
      <org.jenkinsci.plugins.workflow.cps.nodes.StepEndNode>20</org.jenkinsci.plugins.workflow.cps.nodes.StepEndNode>
    </parents>
    <id>21</id>
    <start class="org.jenkinsci.plugins.workflow.cps.nodes.StepStartNode">4</start>
  </node>
  <actions>
    <org.jenkinsci.plugins.workflow.actions.BodyInvocationAction plugin="workflow-api@1.12"/>
    <org.jenkinsci.plugins.workflow.actions.ErrorAction plugin="workflow-api@1.12">
      <error class="groovy.lang.MissingPropertyException">
        <stackTrace>
          <trace>org.codehaus.groovy.runtime.ScriptBytecodeAdapter.unwrap(ScriptBytecodeAdapter.java:50)</trace>
          <trace>org.codehaus.groovy.runtime.ScriptBytecodeAdapter.getProperty(ScriptBytecodeAdapter.java:454)</trace>
          <trace>com.cloudbees.groovy.cps.sandbox.DefaultInvoker.getProperty(DefaultInvoker.java:25)</trace>
          <trace>com.cloudbees.groovy.cps.impl.PropertyAccessBlock.rawGet(PropertyAccessBlock.java:17)</trace>
          <trace>WorkflowScript.do_clone_run(WorkflowScript:127)</trace>
          <trace>WorkflowScript.do_main_tests(WorkflowScript:234)</trace>
          <trace>WorkflowScript.run(WorkflowScript:241)</trace>
          <trace>___cps.transform___(Native Method)</trace>
          <trace>com.cloudbees.groovy.cps.impl.PropertyishBlock$ContinuationImpl.get(PropertyishBlock.java:62)</trace>
          <trace>com.cloudbees.groovy.cps.LValueBlock$GetAdapter.receive(LValueBlock.java:30)</trace>
          <trace>com.cloudbees.groovy.cps.impl.PropertyishBlock$ContinuationImpl.fixName(PropertyishBlock.java:54)</trace>
          <trace>sun.reflect.GeneratedMethodAccessor249.invoke(Unknown Source)</trace>
          <trace>sun.reflect.DelegatingMethodAccessorImpl.invoke(DelegatingMethodAccessorImpl.java:43)</trace>
          <trace>java.lang.reflect.Method.invoke(Method.java:497)</trace>
          <trace>com.cloudbees.groovy.cps.impl.ContinuationPtr$ContinuationImpl.receive(ContinuationPtr.java:72)</trace>
          <trace>com.cloudbees.groovy.cps.impl.ConstantBlock.eval(ConstantBlock.java:21)</trace>
          <trace>com.cloudbees.groovy.cps.Next.step(Next.java:58)</trace>
          <trace>com.cloudbees.groovy.cps.Continuable.run0(Continuable.java:145)</trace>
          <trace>org.jenkinsci.plugins.workflow.cps.CpsThread.runNextChunk(CpsThread.java:164)</trace>
          <trace>org.jenkinsci.plugins.workflow.cps.CpsThreadGroup.run(CpsThreadGroup.java:274)</trace>
          <trace>org.jenkinsci.plugins.workflow.cps.CpsThreadGroup.access$000(CpsThreadGroup.java:74)</trace>
          <trace>org.jenkinsci.plugins.workflow.cps.CpsThreadGroup$2.call(CpsThreadGroup.java:183)</trace>
          <trace>org.jenkinsci.plugins.workflow.cps.CpsThreadGroup$2.call(CpsThreadGroup.java:181)</trace>
          <trace>org.jenkinsci.plugins.workflow.cps.CpsVmExecutorService$2.call(CpsVmExecutorService.java:47)</trace>
          <trace>java.util.concurrent.FutureTask.run(FutureTask.java:266)</trace>
          <trace>hudson.remoting.SingleLaneExecutorService$1.run(SingleLaneExecutorService.java:112)</trace>
          <trace>jenkins.util.ContextResettingExecutorService$1.run(ContextResettingExecutorService.java:28)</trace>
          <trace>java.util.concurrent.Executors$RunnableAdapter.call(Executors.java:511)</trace>
          <trace>java.util.concurrent.FutureTask.run(FutureTask.java:266)</trace>
          <trace>java.util.concurrent.ThreadPoolExecutor.runWorker(ThreadPoolExecutor.java:1142)</trace>
          <trace>java.util.concurrent.ThreadPoolExecutor$Worker.run(ThreadPoolExecutor.java:617)</trace>
          <trace>java.lang.Thread.run(Thread.java:745)</trace>
        </stackTrace>
        <suppressedExceptions class="java.util.Collections$UnmodifiableRandomAccessList" resolves-to="java.util.Collections$UnmodifiableList">
          <c class="list"/>
          <list reference="../c"/>
        </suppressedExceptions>
        <property>pyr_install_directbasePy26</property>
        <type>WorkflowScript</type>
        </error>
    </org.jenkinsci.plugins.workflow.actions.ErrorAction>
    <org.jenkinsci.plugins.workflow.actions.TimingAction plugin="workflow-api@1.12">
      <startTime>1450803923973</startTime>
    </org.jenkinsci.plugins.workflow.actions.TimingAction>
  </actions>
</org.jenkinsci.plugins.workflow.support.storage.SimpleXStreamFlowNodeStorage_-Tag>

<!-- FlowEndNode for that /var/lib/jenkins/jobs/test-installation-wf/builds/29/workflow/23.xml -->
<?xml version='1.0' encoding='UTF-8'?>
<org.jenkinsci.plugins.workflow.support.storage.SimpleXStreamFlowNodeStorage_-Tag plugin="workflow-support@1.12">
  <node class="org.jenkinsci.plugins.workflow.graph.FlowEndNode" plugin="workflow-api@1.12">
    <parents class="com.google.common.collect.ImmutableList">
      <org.jenkinsci.plugins.workflow.cps.nodes.StepEndNode>22</org.jenkinsci.plugins.workflow.cps.nodes.StepEndNode>
    </parents>
    <id>23</id>
    <start class="org.jenkinsci.plugins.workflow.graph.FlowStartNode">2</start>
    <result>
      <name>FAILURE</name>
      <ordinal>2</ordinal>
      <color>RED</color>
      <completeBuild>true</completeBuild>
    </result>
  </node>
  <actions>
    <org.jenkinsci.plugins.workflow.actions.ErrorAction plugin="workflow-api@1.12">
      <error class="groovy.lang.MissingPropertyException">
        <stackTrace>
          <trace>org.codehaus.groovy.runtime.ScriptBytecodeAdapter.unwrap(ScriptBytecodeAdapter.java:50)</trace>
          <trace>org.codehaus.groovy.runtime.ScriptBytecodeAdapter.getProperty(ScriptBytecodeAdapter.java:454)</trace>
          <trace>com.cloudbees.groovy.cps.sandbox.DefaultInvoker.getProperty(DefaultInvoker.java:25)</trace>
          <trace>com.cloudbees.groovy.cps.impl.PropertyAccessBlock.rawGet(PropertyAccessBlock.java:17)</trace>
          <trace>WorkflowScript.do_clone_run(WorkflowScript:127)</trace>
          <trace>WorkflowScript.do_main_tests(WorkflowScript:234)</trace>
          <trace>WorkflowScript.run(WorkflowScript:241)</trace>
          <trace>___cps.transform___(Native Method)</trace>
          <trace>com.cloudbees.groovy.cps.impl.PropertyishBlock$ContinuationImpl.get(PropertyishBlock.java:62)</trace>
          <trace>com.cloudbees.groovy.cps.LValueBlock$GetAdapter.receive(LValueBlock.java:30)</trace>
          <trace>com.cloudbees.groovy.cps.impl.PropertyishBlock$ContinuationImpl.fixName(PropertyishBlock.java:54)</trace>
          <trace>sun.reflect.GeneratedMethodAccessor249.invoke(Unknown Source)</trace>
          <trace>sun.reflect.DelegatingMethodAccessorImpl.invoke(DelegatingMethodAccessorImpl.java:43)</trace>
          <trace>java.lang.reflect.Method.invoke(Method.java:497)</trace>
          <trace>com.cloudbees.groovy.cps.impl.ContinuationPtr$ContinuationImpl.receive(ContinuationPtr.java:72)</trace>
          <trace>com.cloudbees.groovy.cps.impl.ConstantBlock.eval(ConstantBlock.java:21)</trace>
          <trace>com.cloudbees.groovy.cps.Next.step(Next.java:58)</trace>
          <trace>com.cloudbees.groovy.cps.Continuable.run0(Continuable.java:145)</trace>
          <trace>org.jenkinsci.plugins.workflow.cps.CpsThread.runNextChunk(CpsThread.java:164)</trace>
          <trace>org.jenkinsci.plugins.workflow.cps.CpsThreadGroup.run(CpsThreadGroup.java:274)</trace>
          <trace>org.jenkinsci.plugins.workflow.cps.CpsThreadGroup.access$000(CpsThreadGroup.java:74)</trace>
          <trace>org.jenkinsci.plugins.workflow.cps.CpsThreadGroup$2.call(CpsThreadGroup.java:183)</trace>
          <trace>org.jenkinsci.plugins.workflow.cps.CpsThreadGroup$2.call(CpsThreadGroup.java:181)</trace>
          <trace>org.jenkinsci.plugins.workflow.cps.CpsVmExecutorService$2.call(CpsVmExecutorService.java:47)</trace>
          <trace>java.util.concurrent.FutureTask.run(FutureTask.java:266)</trace>
          <trace>hudson.remoting.SingleLaneExecutorService$1.run(SingleLaneExecutorService.java:112)</trace>
          <trace>jenkins.util.ContextResettingExecutorService$1.run(ContextResettingExecutorService.java:28)</trace>
          <trace>java.util.concurrent.Executors$RunnableAdapter.call(Executors.java:511)</trace>
          <trace>java.util.concurrent.FutureTask.run(FutureTask.java:266)</trace>
          <trace>java.util.concurrent.ThreadPoolExecutor.runWorker(ThreadPoolExecutor.java:1142)</trace>
          <trace>java.util.concurrent.ThreadPoolExecutor$Worker.run(ThreadPoolExecutor.java:617)</trace>
          <trace>java.lang.Thread.run(Thread.java:745)</trace>
        </stackTrace>
        <suppressedExceptions class="java.util.Collections$UnmodifiableRandomAccessList" resolves-to="java.util.Collections$UnmodifiableList">
          <c class="list"/>
          <list reference="../c"/>
        </suppressedExceptions>
        <property>pyr_install_directbasePy26</property>
        <type>WorkflowScript</type>
      </error>
    </org.jenkinsci.plugins.workflow.actions.ErrorAction>
    <org.jenkinsci.plugins.workflow.actions.TimingAction plugin="workflow-api@1.12">
      <startTime>1450803923979</startTime>
    </org.jenkinsci.plugins.workflow.actions.TimingAction>
  </actions>
</org.jenkinsci.plugins.workflow.support.storage.SimpleXStreamFlowNodeStorage_-Tag>
