Started by user CRDAdmin
[EnvInject] - Loading node environment variables.
Building in workspace E:\Jenkins\workspace\AnalyzeSonar_xPression
Set build name.
New build name is '#524_xPression'
[EnvInject] - Injecting environment variables from a build step.
[EnvInject] - Injecting as environment variables the properties content 
RELEASE=%RELEASE%

[EnvInject] - Variables injected successfully.
[AnalyzeSonar_xPression] $ cmd /c call C:\Users\969459\AppData\Local\Temp\jenkins5470739771309427790.bat

E:\Jenkins\workspace\AnalyzeSonar_xPression>del ..\xPression  2>nul 
E:\Jenkins\workspace\xPression\*, Are you sure (Y/N)? 

E:\Jenkins\workspace\AnalyzeSonar_xPression>mkdir ..\xPression 
A subdirectory or file ..\xPression already exists.

E:\Jenkins\workspace\AnalyzeSonar_xPression>ROBOCOPY M:\NEST_SR16_DEV\OpComms\xPression ..\xPression /E /XD M:\NEST_SR16_DEV\OpComms\xPression\PDPX 

-------------------------------------------------------------------------------
   ROBOCOPY     ::     Robust File Copy for Windows                              
-------------------------------------------------------------------------------

  Started : Thu May 31 17:51:16 2018

   Source = M:\NEST_SR16_DEV\OpComms\xPression\
     Dest : E:\Jenkins\workspace\xPression\

    Files : *.*
	    
 Exc Dirs : M:\NEST_SR16_DEV\OpComms\xPression\PDPX
	    
  Options : *.* /S /E /COPY:DAT /R:1000000 /W:30 

------------------------------------------------------------------------------
Set build name.
New build name is '#524_xPression'
FATAL: java.lang.RuntimeException: Failed to serialize hudson.model.Actionable#actions for class hudson.model.FreeStyleBuild
java.lang.UnsupportedOperationException: Refusing to marshal java.io.PrintStream for security reasons; see https://jenkins.io/redirect/class-filter/
	at hudson.util.XStream2$BlacklistedTypesConverter.marshal(XStream2.java:543)
	at com.thoughtworks.xstream.core.AbstractReferenceMarshaller.convert(AbstractReferenceMarshaller.java:69)
	at com.thoughtworks.xstream.core.TreeMarshaller.convertAnother(TreeMarshaller.java:58)
	at com.thoughtworks.xstream.core.AbstractReferenceMarshaller$1.convertAnother(AbstractReferenceMarshaller.java:84)
	at hudson.util.RobustReflectionConverter.marshallField(RobustReflectionConverter.java:265)
	at hudson.util.RobustReflectionConverter$2.writeField(RobustReflectionConverter.java:252)
Caused: java.lang.RuntimeException: Failed to serialize org.jenkinsci.plugins.EnvironmentVarSetter#log for class org.jenkinsci.plugins.EnvironmentVarSetter
	at hudson.util.RobustReflectionConverter$2.writeField(RobustReflectionConverter.java:256)
	at hudson.util.RobustReflectionConverter$2.visit(RobustReflectionConverter.java:224)
	at com.thoughtworks.xstream.converters.reflection.PureJavaReflectionProvider.visitSerializableFields(PureJavaReflectionProvider.java:138)
	at hudson.util.RobustReflectionConverter.doMarshal(RobustReflectionConverter.java:209)
	at hudson.util.RobustReflectionConverter.marshal(RobustReflectionConverter.java:150)
	at com.thoughtworks.xstream.core.AbstractReferenceMarshaller.convert(AbstractReferenceMarshaller.java:69)
	at com.thoughtworks.xstream.core.TreeMarshaller.convertAnother(TreeMarshaller.java:58)
	at com.thoughtworks.xstream.core.TreeMarshaller.convertAnother(TreeMarshaller.java:43)
	at com.thoughtworks.xstream.core.AbstractReferenceMarshaller$1.convertAnother(AbstractReferenceMarshaller.java:88)
	at com.thoughtworks.xstream.converters.collections.AbstractCollectionConverter.writeItem(AbstractCollectionConverter.java:64)
	at com.thoughtworks.xstream.converters.collections.CollectionConverter.marshal(CollectionConverter.java:74)
	at com.thoughtworks.xstream.core.AbstractReferenceMarshaller.convert(AbstractReferenceMarshaller.java:69)
	at com.thoughtworks.xstream.core.TreeMarshaller.convertAnother(TreeMarshaller.java:58)
	at com.thoughtworks.xstream.core.AbstractReferenceMarshaller$1.convertAnother(AbstractReferenceMarshaller.java:84)
	at hudson.util.RobustReflectionConverter.marshallField(RobustReflectionConverter.java:265)
	at hudson.util.RobustReflectionConverter$2.writeField(RobustReflectionConverter.java:252)
Caused: java.lang.RuntimeException: Failed to serialize hudson.model.Actionable#actions for class hudson.model.FreeStyleBuild
	at hudson.util.RobustReflectionConverter$2.writeField(RobustReflectionConverter.java:256)
	at hudson.util.RobustReflectionConverter$2.visit(RobustReflectionConverter.java:224)
	at com.thoughtworks.xstream.converters.reflection.PureJavaReflectionProvider.visitSerializableFields(PureJavaReflectionProvider.java:138)
	at hudson.util.RobustReflectionConverter.doMarshal(RobustReflectionConverter.java:209)
	at hudson.util.RobustReflectionConverter.marshal(RobustReflectionConverter.java:150)
	at com.thoughtworks.xstream.core.AbstractReferenceMarshaller.convert(AbstractReferenceMarshaller.java:69)
	at com.thoughtworks.xstream.core.TreeMarshaller.convertAnother(TreeMarshaller.java:58)
	at com.thoughtworks.xstream.core.TreeMarshaller.convertAnother(TreeMarshaller.java:43)
	at com.thoughtworks.xstream.core.TreeMarshaller.start(TreeMarshaller.java:82)
	at com.thoughtworks.xstream.core.AbstractTreeMarshallingStrategy.marshal(AbstractTreeMarshallingStrategy.java:37)
	at com.thoughtworks.xstream.XStream.marshal(XStream.java:1026)
	at com.thoughtworks.xstream.XStream.marshal(XStream.java:1015)
	at com.thoughtworks.xstream.XStream.toXML(XStream.java:988)
	at hudson.XmlFile.write(XmlFile.java:193)
Caused: java.io.IOException
	at hudson.XmlFile.write(XmlFile.java:200)
	at hudson.model.Run.save(Run.java:1923)
	at hudson.model.Run.setDisplayName(Run.java:803)
	at org.jenkinsci.plugins.buildnamesetter.BuildNameSetter.setDisplayName(BuildNameSetter.java:76)
	at org.jenkinsci.plugins.buildnamesetter.BuildNameSetter.access$000(BuildNameSetter.java:31)
	at org.jenkinsci.plugins.buildnamesetter.BuildNameSetter$1.tearDown(BuildNameSetter.java:64)
	at hudson.model.Build$BuildExecution.doRun(Build.java:174)
	at hudson.model.AbstractBuild$AbstractBuildExecution.run(AbstractBuild.java:504)
	at hudson.model.Run.execute(Run.java:1727)
	at hudson.model.FreeStyleBuild.run(FreeStyleBuild.java:43)
	at hudson.model.ResourceController.execute(ResourceController.java:97)
	at hudson.model.Executor.run(Executor.java:429)
Skipping sonar analysis due to bad build status FAILURE
[PostBuildScript] - Execution post build scripts.
[PostBuildScript] Build is not success : do not execute script
[WS-CLEANUP] Deleting project workspace...Cannot delete workspace :E:\Jenkins\workspace\AnalyzeSonar_xPression -> E:\Jenkins\workspace\AnalyzeSonar_xPression_ws-cleanup_1527769379403: The process cannot access the file because it is being used by another process.

ERROR: Step ?Delete workspace when build is done? failed: Cannot delete workspace: E:\Jenkins\workspace\AnalyzeSonar_xPression -> E:\Jenkins\workspace\AnalyzeSonar_xPression_ws-cleanup_1527769379403: The process cannot access the file because it is being used by another process.

Finished: FAILURE