Started by timer
Building remotely on [8mha:AAAAoB+LCAAAAAAAAP9b85aBtbiIQTGjNKU4P08vOT+vOD8nVc83PyU1x6OyILUoJzMv2y+/JJUBAhiZGBgqihhk0NSjKDWzXb3RdlLBUSYGJk8GtpzUvPSSDB8G5tKinBIGIZ+sxLJE/ZzEvHT94JKizLx0a6BxUmjGOUNodHsLgAyuEgYR/eT83ILSktQifUMjPVPj+LTSnBwAW4VBoskAAAA=[0m12.53_full (LR_full) in workspace C:\jslave\workspace\PerfTest_regular
[PerfTest_regular] $ C:\jslave\workspace\PerfTest_regular\HpToolsLauncher.exe -paramfile props01112016212436437.txt
"Started..."
Launcher timeout is 00::00:16:40
reading PerScenarioTimeout: 15
PerScenarioTimeout: 00:15:00 minutes
PerScenarioTimeout: 00::00:15:00 minutes
FileSystemTestRunner timeout is 00:16:40
Mc connection info is - Mc HostAddress: , McPort: 8080, Username: , UseSSL: 0, UseProxy: 0, ProxyType: 0, ProxyAddress: , ProxyPort: 0, ProxyAuth: 0, ProxyUser: 
1 tests found:
C:\test\Scenarios\SC1.lrs
============================================================================
01/11/2016 21:24:37 Running: C:\test\Scenarios\SC1.lrs
Cleaning up the environment...
Preparing scenario C:\test\Scenarios\SC1.lrs for execution.
Load Generator localhost connected
setting scenario result folder to C:\jslave\workspace\PerfTest_regular\6322bf\LRR
scenario result folder: C:\jslave\workspace\PerfTest_regular\6322bf\LRR
Starting scenario...
Scenario C:\test\Scenarios\SC1.lrs ended after 0:13:30.
============================================================================
Analyzing results...
closing Controller
Controller closed
calling analysis report generator
executing Analysis launcher with arguments : "C:\jslave\workspace\PerfTest_regular\6322bf\LRR\LRR.lrr" "C:\jslave\workspace\PerfTest_regular\6322bf\LRA\LRA.lra" "C:\jslave\workspace\PerfTest_regular\6322bf\HTML\HTML.html"
time for analysis: 00::00:15:00
starting analysis launcher
creating analysis COM object
creating analysis session
analysis session created
creating HTML reports
HTML reports created
loading errors, if any
Gathering Run statistics
Adding VUser statistics
Counting vUser Results for this scenarion
Error: Process is terminated due to StackOverflowException.
time passed: 00::00:00:52
Error: Error during Analysis run. See output console for details
analysis report generator finished
Error(s) summary: 
0 ignored , 0 errors

Test PASSED
Test result: Error
01/11/2016 21:39:55 Test complete: C:\test\Scenarios\SC1.lrs
-------------------------------------------------------------------------------------------------------
Cleaning up the environment...
================================================
Run status: Job failed, total tests: 1, succeeded: 0, failures: 0, errors: 1
Error  : C:\test\Scenarios\SC1.lrs
================================================
Build step 'Execute HP tests from file system' changed build result to FAILURE
Recording test results
RunResultRecorder: didn't find any test results to record
Triggering a new build of [8mha:AAAAoh+LCAAAAAAAAP9b85aBtbiIQTGjNKU4P08vOT+vOD8nVc83PyU1x6OyILUoJzMv2y+/JJUBAhiZGBgqihhk0NSjKDWzXb3RdlLBUSYGJk8GtpzUvPSSDB8G5tKinBIGIZ+sxLJE/ZzEvHT94JKizLx0a6BxUmjGOUNodHsLgAzBEgZx/az8JP2A1KK0kNTikviCzIJUoNWp+gDDfY5izAAAAA==[0mPerfTest_pipeline #7
Finished: FAILURE
