Started by upstream project "10.5_release_pipeline" build number 266
originally caused by:
 Started by timer
Checking out svn http://svndae.apama.com:80/um/branches/rel/10.5.0.x//build/change-management/jenkinsfiles/sonar_cpp into /FS/fslocal/jenkinsWorkspace/jobs/10.5_sonar_cpp/workspace@script to read Jenkinsfile
Checking out a fresh workspace because the workspace is not http://<SVN_SERVER_ADDRESS>:80/um/branches/rel/10.5.0.x/build/change-management/jenkinsfiles/sonar_cpp
Cleaning local Directory .
Checking out http://<SVN_SERVER_ADDRESS>:80/um/branches/rel/10.5.0.x/build/change-management/jenkinsfiles/sonar_cpp at revision '2019-09-03T03:36:12.694 +0200'
A         Jenkinsfile
At revision 123796

No changes for http://<SVN_SERVER_ADDRESS>/um/branches/rel/10.5.0.x/build/change-management/jenkinsfiles/sonar_cpp since the previous build
Running in Durability level: PERFORMANCE_OPTIMIZED
[Pipeline] properties
[Pipeline] echo
Jenkins template functions will check out revision: @123796
[Pipeline] library
Loading library templates@branches/rel/10.5.0.x/build/change-management/jenkinsfiles/templates@123796
Opening connection to http://<SVN_SERVER_ADDRESS>/um/
Updating http://<SVN_SERVER_ADDRESS>/um/branches/rel/10.5.0.x/build/change-management/jenkinsfiles/templates@123796 at revision 123796
U         vars/pipelineBuilder.groovy
At revision 123796

ERROR: Checkout failed
org.tmatesoft.svn.core.SVNException: svn: E130003: Parser configuration problem: namespace reporting is not enabled
	at org.tmatesoft.svn.core.internal.wc.SVNErrorManager.error(SVNErrorManager.java:70)
	at org.tmatesoft.svn.core.internal.wc.SVNErrorManager.error(SVNErrorManager.java:57)
	at org.tmatesoft.svn.core.internal.io.dav.http.HTTPConnection.request(HTTPConnection.java:760)
	at org.tmatesoft.svn.core.internal.io.dav.http.HTTPConnection.request(HTTPConnection.java:352)
	at org.tmatesoft.svn.core.internal.io.dav.http.HTTPConnection.request(HTTPConnection.java:340)
	at org.tmatesoft.svn.core.internal.io.dav.DAVConnection.performHttpRequest(DAVConnection.java:910)
	at org.tmatesoft.svn.core.internal.io.dav.DAVConnection.doReport(DAVConnection.java:363)
	at org.tmatesoft.svn.core.internal.io.dav.DAVConnection.doReport(DAVConnection.java:353)
	at org.tmatesoft.svn.core.internal.io.dav.DAVRepository.logImpl(DAVRepository.java:1003)
	at org.tmatesoft.svn.core.io.SVNRepository.log(SVNRepository.java:1041)
	at org.tmatesoft.svn.core.internal.wc2.remote.SvnRemoteLog.run(SvnRemoteLog.java:181)
	at org.tmatesoft.svn.core.internal.wc2.remote.SvnRemoteLog.run(SvnRemoteLog.java:35)
	at org.tmatesoft.svn.core.internal.wc2.SvnOperationRunner.run(SvnOperationRunner.java:21)
	at org.tmatesoft.svn.core.wc2.SvnOperationFactory.run(SvnOperationFactory.java:1239)
	at org.tmatesoft.svn.core.wc2.SvnOperation.run(SvnOperation.java:294)
	at org.tmatesoft.svn.core.wc.SVNLogClient.doLog(SVNLogClient.java:968)
	at org.tmatesoft.svn.core.wc.SVNLogClient.doLog(SVNLogClient.java:873)
	at hudson.scm.SubversionChangeLogBuilder.buildModule(SubversionChangeLogBuilder.java:190)
Caused: hudson.util.IOException2: revision check failed on http://<SVN_SERVER_ADDRESS>/um/branches/rel/10.5.0.x/build/change-management/jenkinsfiles/templates
	at hudson.scm.SubversionChangeLogBuilder.buildModule(SubversionChangeLogBuilder.java:204)
	at hudson.scm.SubversionChangeLogBuilder.run(SubversionChangeLogBuilder.java:124)
	at hudson.scm.SubversionSCM.calcChangeLog(SubversionSCM.java:757)
	at hudson.scm.SubversionSCM.checkout(SubversionSCM.java:898)
	at org.jenkinsci.plugins.workflow.steps.scm.SCMStep.checkout(SCMStep.java:120)
	at org.jenkinsci.plugins.workflow.libs.SCMSourceRetriever.doRetrieve(SCMSourceRetriever.java:116)
	at org.jenkinsci.plugins.workflow.libs.SCMSourceRetriever.retrieve(SCMSourceRetriever.java:86)
	at org.jenkinsci.plugins.workflow.libs.LibraryAdder.retrieve(LibraryAdder.java:157)
	at org.jenkinsci.plugins.workflow.libs.LibraryStep$Execution.run(LibraryStep.java:207)
	at org.jenkinsci.plugins.workflow.libs.LibraryStep$Execution.run(LibraryStep.java:156)
	at org.jenkinsci.plugins.workflow.steps.AbstractSynchronousNonBlockingStepExecution$1$1.call(AbstractSynchronousNonBlockingStepExecution.java:47)
	at hudson.security.ACL.impersonate(ACL.java:290)
	at org.jenkinsci.plugins.workflow.steps.AbstractSynchronousNonBlockingStepExecution$1.run(AbstractSynchronousNonBlockingStepExecution.java:44)
	at java.util.concurrent.Executors$RunnableAdapter.call(Executors.java:511)
	at java.util.concurrent.FutureTask.run(FutureTask.java:266)
	at java.util.concurrent.ThreadPoolExecutor.runWorker(ThreadPoolExecutor.java:1149)
	at java.util.concurrent.ThreadPoolExecutor$Worker.run(ThreadPoolExecutor.java:624)
	at java.lang.Thread.run(Thread.java:748)
[Pipeline] End of Pipeline
[BFA] Scanning build for known causes...
[BFA] No failure causes found
[BFA] Done. 0s
ERROR: Maximum checkout retry attempts reached, aborting
Finished: FAILURE
