<?xml version="1.0" encoding="utf-8" standalone="no"?>
<!--This file represents the results of running a test suite-->
<test-results name="C:\projects\com.esi.esintial\configurationEditor\tests\NUnitTests.nunit" total="73" errors="4" failures="0" not-run="9" inconclusive="0" ignored="9" skipped="0" invalid="0" date="2011-03-17" time="10:17:27">
  <environment nunit-version="2.5.9.10348" clr-version="2.0.50727.4927" os-version="Microsoft Windows NT 6.1.7600.0" platform="Win32NT" cwd="C:\projects\com.esi.esintial\configurationEditor\tests" machine-name="SHAREPOINT2010" user="ggoodrich" user-domain="ESI" />
  <culture-info current-culture="en-US" current-uiculture="en-US" />
  <test-suite type="Project" name="C:\projects\com.esi.esintial\configurationEditor\tests\NUnitTests.nunit" executed="True" result="Failure" success="False" time="8.838" asserts="0">
    <results>
      <test-suite type="Assembly" name="C:\projects\com.esi.esintial\configurationEditor\tests\com.esi.esintial.core.tests\bin\Debug\com.esi.esintial.core.tests.dll" executed="True" result="Success" success="True" time="0.098" asserts="0">
        <results>
          <test-suite type="Namespace" name="com" executed="True" result="Success" success="True" time="0.094" asserts="0">
            <results>
              <test-suite type="Namespace" name="esi" executed="True" result="Success" success="True" time="0.091" asserts="0">
                <results>
                  <test-suite type="Namespace" name="esintial" executed="True" result="Success" success="True" time="0.083" asserts="0">
                    <results>
                      <test-suite type="Namespace" name="core" executed="True" result="Success" success="True" time="0.079" asserts="0">
                        <results>
                          <test-suite type="Namespace" name="tests" executed="True" result="Success" success="True" time="0.076" asserts="0">
                            <results>
                              <test-suite type="TestFixture" name="DataSourceTestFixture" executed="True" result="Success" success="True" time="0.037" asserts="0">
                                <results>
                                  <test-suite type="ParameterizedTest" name="datasource_with_invalid_attributes_should_be_invalid" executed="True" result="Success" success="True" time="0.018" asserts="0">
                                    <results>
                                      <test-case name="com.esi.esintial.core.tests.DataSourceTestFixture.datasource_with_invalid_attributes_should_be_invalid()" executed="True" result="Success" success="True" time="0.016" asserts="2" />
                                    </results>
                                  </test-suite>
                                  <test-suite type="ParameterizedTest" name="should_be_able_to_create_data_source_with_valid_attributes" executed="True" result="Success" success="True" time="0.011" asserts="0">
                                    <results>
                                      <test-case name="com.esi.esintial.core.tests.DataSourceTestFixture.should_be_able_to_create_data_source_with_valid_attributes()" executed="True" result="Success" success="True" time="0.010" asserts="7" />
                                    </results>
                                  </test-suite>
                                </results>
                              </test-suite>
                              <test-suite type="TestFixture" name="LayerTestFixture" executed="True" result="Success" success="True" time="0.007" asserts="0">
                                <results>
                                  <test-case name="com.esi.esintial.core.tests.LayerTestFixture.invalid_layer_should_be_invalid" executed="True" result="Success" success="True" time="0.001" asserts="1" />
                                  <test-case name="com.esi.esintial.core.tests.LayerTestFixture.should_be_able_to_add_datasources_to_layers" executed="True" result="Success" success="True" time="0.002" asserts="1" />
                                  <test-case name="com.esi.esintial.core.tests.LayerTestFixture.should_be_able_to_create_layer" executed="True" result="Success" success="True" time="0.000" asserts="2" />
                                  <test-case name="com.esi.esintial.core.tests.LayerTestFixture.should_be_able_to_remove_datasource_from_layer" executed="True" result="Success" success="True" time="0.001" asserts="2" />
                                </results>
                              </test-suite>
                              <test-suite type="TestFixture" name="MapTestFixture" executed="True" result="Success" success="True" time="0.006" asserts="0">
                                <results>
                                  <test-case name="com.esi.esintial.core.tests.MapTestFixture.should_be_able_to_add_layer_to_map" executed="True" result="Success" success="True" time="0.001" asserts="1" />
                                  <test-suite type="ParameterizedTest" name="should_be_able_to_create_with_valid_attributes" executed="True" result="Success" success="True" time="0.001" asserts="0">
                                    <results>
                                      <test-case name="com.esi.esintial.core.tests.MapTestFixture.should_be_able_to_create_with_valid_attributes()" executed="True" result="Success" success="True" time="0.001" asserts="3" />
                                    </results>
                                  </test-suite>
                                  <test-case name="com.esi.esintial.core.tests.MapTestFixture.update_attributes_should_remove_layers" executed="True" result="Success" success="True" time="0.001" asserts="1" />
                                </results>
                              </test-suite>
                              <test-suite type="TestFixture" name="ProjectTestFixture" executed="True" result="Success" success="True" time="0.020" asserts="0">
                                <results>
                                  <test-suite type="ParameterizedTest" name="should_be_able_to_add_datasources_to_project" executed="True" result="Success" success="True" time="0.006" asserts="0">
                                    <results>
                                      <test-case name="com.esi.esintial.core.tests.ProjectTestFixture.should_be_able_to_add_datasources_to_project()" executed="True" result="Success" success="True" time="0.000" asserts="3" />
                                    </results>
                                  </test-suite>
                                  <test-suite type="ParameterizedTest" name="should_be_able_to_add_map_configurations_to_project" executed="True" result="Success" success="True" time="0.001" asserts="0">
                                    <results>
                                      <test-case name="com.esi.esintial.core.tests.ProjectTestFixture.should_be_able_to_add_map_configurations_to_project()" executed="True" result="Success" success="True" time="0.001" asserts="3" />
                                    </results>
                                  </test-suite>
                                  <test-suite type="ParameterizedTest" name="should_be_able_to_create_project_with_valid_attributes" executed="True" result="Success" success="True" time="0.001" asserts="0">
                                    <results>
                                      <test-case name="com.esi.esintial.core.tests.ProjectTestFixture.should_be_able_to_create_project_with_valid_attributes()" executed="True" result="Success" success="True" time="0.001" asserts="3" />
                                    </results>
                                  </test-suite>
                                  <test-suite type="ParameterizedTest" name="should_not_be_able_to_add_duplicate_datasource" executed="True" result="Success" success="True" time="0.003" asserts="0">
                                    <results>
                                      <test-case name="com.esi.esintial.core.tests.ProjectTestFixture.should_not_be_able_to_add_duplicate_datasource()" executed="True" result="Success" success="True" time="0.003" asserts="0" />
                                    </results>
                                  </test-suite>
                                  <test-suite type="ParameterizedTest" name="should_not_be_able_to_add_duplicate_map" executed="True" result="Success" success="True" time="0.001" asserts="0">
                                    <results>
                                      <test-case name="com.esi.esintial.core.tests.ProjectTestFixture.should_not_be_able_to_add_duplicate_map()" executed="True" result="Success" success="True" time="0.001" asserts="0" />
                                    </results>
                                  </test-suite>
                                  <test-case name="com.esi.esintial.core.tests.ProjectTestFixture.should_update_attributes_from_object" executed="True" result="Success" success="True" time="0.002" asserts="2" />
                                </results>
                              </test-suite>
                            </results>
                          </test-suite>
                        </results>
                      </test-suite>
                    </results>
                  </test-suite>
                </results>
              </test-suite>
            </results>
          </test-suite>
        </results>
      </test-suite>
      <test-suite type="Assembly" name="C:\projects\com.esi.esintial\configurationEditor\tests\com.esi.esintial.nhibernate.tests\bin\Debug\com.esi.esintial.nhibernate.tests.dll" executed="True" result="Success" success="True" time="5.123" asserts="0">
        <results>
          <test-suite type="Namespace" name="com" executed="True" result="Success" success="True" time="5.110" asserts="0">
            <results>
              <test-suite type="Namespace" name="esi" executed="True" result="Success" success="True" time="5.097" asserts="0">
                <results>
                  <test-suite type="Namespace" name="esintial" executed="True" result="Success" success="True" time="5.085" asserts="0">
                    <results>
                      <test-suite type="Namespace" name="nhibernate" executed="True" result="Success" success="True" time="5.074" asserts="0">
                        <results>
                          <test-suite type="Namespace" name="tests" executed="True" result="Success" success="True" time="5.071" asserts="0">
                            <results>
                              <test-suite type="TestFixture" name="DataSourcePersistenceTest" executed="True" result="Success" success="True" time="3.271" asserts="0">
                                <results>
                                  <test-suite type="ParameterizedTest" name="should_be_able_to_delete_data_source" executed="True" result="Success" success="True" time="0.298" asserts="0">
                                    <results>
                                      <test-case name="com.esi.esintial.nhibernate.tests.DataSourcePersistenceTest.should_be_able_to_delete_data_source()" executed="True" result="Success" success="True" time="0.297" asserts="2" />
                                    </results>
                                  </test-suite>
                                  <test-suite type="ParameterizedTest" name="should_be_able_to_persist_a_valid_datasource" executed="True" result="Success" success="True" time="0.021" asserts="0">
                                    <results>
                                      <test-case name="com.esi.esintial.nhibernate.tests.DataSourcePersistenceTest.should_be_able_to_persist_a_valid_datasource()" executed="True" result="Success" success="True" time="0.020" asserts="2" />
                                    </results>
                                  </test-suite>
                                  <test-suite type="ParameterizedTest" name="should_be_able_to_update_datasource" executed="True" result="Success" success="True" time="0.029" asserts="0">
                                    <results>
                                      <test-case name="com.esi.esintial.nhibernate.tests.DataSourcePersistenceTest.should_be_able_to_update_datasource()" executed="True" result="Success" success="True" time="0.027" asserts="2" />
                                    </results>
                                  </test-suite>
                                  <test-suite type="ParameterizedTest" name="should_not_be_able_to_persist_an_invalid_datasource" executed="True" result="Success" success="True" time="0.005" asserts="0">
                                    <results>
                                      <test-case name="com.esi.esintial.nhibernate.tests.DataSourcePersistenceTest.should_not_be_able_to_persist_an_invalid_datasource()" executed="True" result="Success" success="True" time="0.002" asserts="0" />
                                    </results>
                                  </test-suite>
                                </results>
                              </test-suite>
                              <test-suite type="TestFixture" name="LayerPersistanceTest" executed="True" result="Success" success="True" time="0.323" asserts="0">
                                <results>
                                  <test-suite type="ParameterizedTest" name="should_be_able_to_delete_layer" executed="True" result="Success" success="True" time="0.027" asserts="0">
                                    <results>
                                      <test-case name="com.esi.esintial.nhibernate.tests.LayerPersistanceTest.should_be_able_to_delete_layer()" executed="True" result="Success" success="True" time="0.026" asserts="2" />
                                    </results>
                                  </test-suite>
                                  <test-case name="com.esi.esintial.nhibernate.tests.LayerPersistanceTest.should_be_able_to_persist_a_valid_layer" executed="True" result="Success" success="True" time="0.032" asserts="2" />
                                  <test-suite type="ParameterizedTest" name="should_be_able_to_update_layer" executed="True" result="Success" success="True" time="0.029" asserts="0">
                                    <results>
                                      <test-case name="com.esi.esintial.nhibernate.tests.LayerPersistanceTest.should_be_able_to_update_layer()" executed="True" result="Success" success="True" time="0.029" asserts="2" />
                                    </results>
                                  </test-suite>
                                  <test-suite type="ParameterizedTest" name="should_not_be_able_to_persist_an_invalid_layer" executed="True" result="Success" success="True" time="0.002" asserts="0">
                                    <results>
                                      <test-case name="com.esi.esintial.nhibernate.tests.LayerPersistanceTest.should_not_be_able_to_persist_an_invalid_layer()" executed="True" result="Success" success="True" time="0.000" asserts="0" />
                                    </results>
                                  </test-suite>
                                </results>
                              </test-suite>
                              <test-suite type="TestFixture" name="MapPersistenceTest" executed="True" result="Success" success="True" time="1.026" asserts="0">
                                <results>
                                  <test-case name="com.esi.esintial.nhibernate.tests.MapPersistenceTest.should_be_able_to_add_layers" executed="True" result="Success" success="True" time="0.051" asserts="2" />
                                  <test-suite type="ParameterizedTest" name="should_be_able_to_update_map_configuration" executed="True" result="Success" success="True" time="0.827" asserts="0">
                                    <results>
                                      <test-case name="com.esi.esintial.nhibernate.tests.MapPersistenceTest.should_be_able_to_update_map_configuration()" executed="True" result="Success" success="True" time="0.825" asserts="3" />
                                    </results>
                                  </test-suite>
                                </results>
                              </test-suite>
                              <test-suite type="TestFixture" name="ProjectPersistenceTest" executed="True" result="Success" success="True" time="0.276" asserts="0">
                                <results>
                                  <test-suite type="ParameterizedTest" name="should_be_able_to_delete_project" executed="True" result="Success" success="True" time="0.016" asserts="0">
                                    <results>
                                      <test-case name="com.esi.esintial.nhibernate.tests.ProjectPersistenceTest.should_be_able_to_delete_project()" executed="True" result="Success" success="True" time="0.013" asserts="2" />
                                    </results>
                                  </test-suite>
                                  <test-suite type="ParameterizedTest" name="should_be_able_to_persist_a_valid_project" executed="True" result="Success" success="True" time="0.017" asserts="0">
                                    <results>
                                      <test-case name="com.esi.esintial.nhibernate.tests.ProjectPersistenceTest.should_be_able_to_persist_a_valid_project()" executed="True" result="Success" success="True" time="0.017" asserts="2" />
                                    </results>
                                  </test-suite>
                                  <test-suite type="ParameterizedTest" name="should_be_able_to_persist_valid_project_with_a_valid_map_config" executed="True" result="Success" success="True" time="0.036" asserts="0">
                                    <results>
                                      <test-case name="com.esi.esintial.nhibernate.tests.ProjectPersistenceTest.should_be_able_to_persist_valid_project_with_a_valid_map_config()" executed="True" result="Success" success="True" time="0.035" asserts="3" />
                                    </results>
                                  </test-suite>
                                  <test-suite type="ParameterizedTest" name="should_not_be_able_to_persist_an_invalid_project" executed="True" result="Success" success="True" time="0.003" asserts="0">
                                    <results>
                                      <test-case name="com.esi.esintial.nhibernate.tests.ProjectPersistenceTest.should_not_be_able_to_persist_an_invalid_project()" executed="True" result="Success" success="True" time="0.002" asserts="0" />
                                    </results>
                                  </test-suite>
                                </results>
                              </test-suite>
                              <test-suite type="TestFixture" name="SQLiteTestFixture" executed="True" result="Inconclusive" success="False" time="0.159" asserts="0" />
                            </results>
                          </test-suite>
                        </results>
                      </test-suite>
                    </results>
                  </test-suite>
                </results>
              </test-suite>
            </results>
          </test-suite>
        </results>
      </test-suite>
      <test-suite type="Assembly" name="C:\projects\com.esi.esintial\configurationEditor\tests\com.esi.esintial.web.tests\bin\Debug\com.esi.esintial.web.tests.dll" executed="True" result="Failure" success="False" time="3.553" asserts="0">
        <results>
          <test-suite type="Namespace" name="com" executed="True" result="Failure" success="False" time="3.492" asserts="0">
            <results>
              <test-suite type="Namespace" name="esi" executed="True" result="Failure" success="False" time="3.436" asserts="0">
                <results>
                  <test-suite type="Namespace" name="esintial" executed="True" result="Failure" success="False" time="3.369" asserts="0">
                    <results>
                      <test-suite type="Namespace" name="web" executed="True" result="Failure" success="False" time="3.337" asserts="0">
                        <results>
                          <test-suite type="Namespace" name="tests" executed="True" result="Failure" success="False" time="3.332" asserts="0">
                            <results>
                              <test-suite type="Namespace" name="Controllers" executed="True" result="Success" success="True" time="3.250" asserts="0">
                                <results>
                                  <test-suite type="TestFixture" name="DataSourcesControllerTestFixture" executed="True" result="Success" success="True" time="2.101" asserts="0">
                                    <results>
                                      <test-case name="com.esi.esintial.web.tests.Controllers.DataSourcesControllerTestFixture.create_should_redirect_to_index" executed="True" result="Success" success="True" time="2.001" asserts="2" />
                                      <test-suite type="ParameterizedTest" name="delete_should_ask_repo_to_delete" executed="True" result="Success" success="True" time="0.058" asserts="0">
                                        <results>
                                          <test-case name="com.esi.esintial.web.tests.Controllers.DataSourcesControllerTestFixture.delete_should_ask_repo_to_delete()" executed="True" result="Success" success="True" time="0.057" asserts="1" />
                                        </results>
                                      </test-suite>
                                      <test-suite type="ParameterizedTest" name="edit_should_ask_repo_for_dsource" executed="True" result="Success" success="True" time="0.006" asserts="0">
                                        <results>
                                          <test-case name="com.esi.esintial.web.tests.Controllers.DataSourcesControllerTestFixture.edit_should_ask_repo_for_dsource()" executed="True" result="Success" success="True" time="0.006" asserts="1" />
                                        </results>
                                      </test-suite>
                                      <test-suite type="ParameterizedTest" name="Index_action_should_show_dsources" executed="True" result="Success" success="True" time="0.003" asserts="0">
                                        <results>
                                          <test-case name="com.esi.esintial.web.tests.Controllers.DataSourcesControllerTestFixture.Index_action_should_show_dsources()" executed="True" result="Success" success="True" time="0.003" asserts="2" />
                                        </results>
                                      </test-suite>
                                      <test-case name="com.esi.esintial.web.tests.Controllers.DataSourcesControllerTestFixture.new_should_create_empty_data_source_with_project_relationship" executed="True" result="Success" success="True" time="0.003" asserts="2" />
                                      <test-suite type="ParameterizedTest" name="should_be_able_to_save_dsource" executed="True" result="Success" success="True" time="0.004" asserts="0">
                                        <results>
                                          <test-case name="com.esi.esintial.web.tests.Controllers.DataSourcesControllerTestFixture.should_be_able_to_save_dsource()" executed="True" result="Success" success="True" time="0.004" asserts="1" />
                                        </results>
                                      </test-suite>
                                      <test-suite type="ParameterizedTest" name="show_should_ask_repo_for_dsource" executed="True" result="Success" success="True" time="0.007" asserts="0">
                                        <results>
                                          <test-case name="com.esi.esintial.web.tests.Controllers.DataSourcesControllerTestFixture.show_should_ask_repo_for_dsource()" executed="True" result="Success" success="True" time="0.007" asserts="2" />
                                        </results>
                                      </test-suite>
                                      <test-suite type="ParameterizedTest" name="successful_delete_should_redirect_to_index" executed="True" result="Success" success="True" time="0.002" asserts="0">
                                        <results>
                                          <test-case name="com.esi.esintial.web.tests.Controllers.DataSourcesControllerTestFixture.successful_delete_should_redirect_to_index()" executed="True" result="Success" success="True" time="0.002" asserts="2" />
                                        </results>
                                      </test-suite>
                                      <test-suite type="ParameterizedTest" name="successful_update_should_redirect_to_index" executed="True" result="Success" success="True" time="0.007" asserts="0">
                                        <results>
                                          <test-case name="com.esi.esintial.web.tests.Controllers.DataSourcesControllerTestFixture.successful_update_should_redirect_to_index()" executed="True" result="Success" success="True" time="0.007" asserts="2" />
                                        </results>
                                      </test-suite>
                                    </results>
                                  </test-suite>
                                  <test-suite type="TestFixture" name="LayerDataSourceControllerTestFixture" executed="True" result="Inconclusive" success="False" time="0.001" asserts="0" />
                                  <test-suite type="TestFixture" name="LayersControllerTestFixture" executed="True" result="Success" success="True" time="0.718" asserts="0">
                                    <results>
                                      <test-case name="com.esi.esintial.web.tests.Controllers.LayersControllerTestFixture.create_should_redirect_to_project_show" executed="True" result="Success" success="True" time="0.122" asserts="3" />
                                      <test-suite type="ParameterizedTest" name="delete_should_ask_repo_to_delete" executed="True" result="Success" success="True" time="0.108" asserts="0">
                                        <results>
                                          <test-case name="com.esi.esintial.web.tests.Controllers.LayersControllerTestFixture.delete_should_ask_repo_to_delete()" executed="True" result="Success" success="True" time="0.108" asserts="1" />
                                        </results>
                                      </test-suite>
                                      <test-case name="com.esi.esintial.web.tests.Controllers.LayersControllerTestFixture.edit_should_add_datasources_to_viewbag" executed="False" result="Ignored">
                                        <reason>
                                          <message><![CDATA[]]></message>
                                        </reason>
                                      </test-case>
                                      <test-suite type="ParameterizedTest" name="edit_should_ask_repo_for_layer" executed="True" result="Success" success="True" time="0.027" asserts="0">
                                        <results>
                                          <test-case name="com.esi.esintial.web.tests.Controllers.LayersControllerTestFixture.edit_should_ask_repo_for_layer()" executed="True" result="Success" success="True" time="0.025" asserts="1" />
                                        </results>
                                      </test-suite>
                                      <test-suite type="ParameterizedTest" name="Index_action_should_show_layers" executed="True" result="Success" success="True" time="0.014" asserts="0">
                                        <results>
                                          <test-case name="com.esi.esintial.web.tests.Controllers.LayersControllerTestFixture.Index_action_should_show_layers()" executed="True" result="Success" success="True" time="0.012" asserts="2" />
                                        </results>
                                      </test-suite>
                                      <test-case name="com.esi.esintial.web.tests.Controllers.LayersControllerTestFixture.new_should_create_empty_layer_with_project_relationship" executed="True" result="Success" success="True" time="0.014" asserts="2" />
                                      <test-case name="com.esi.esintial.web.tests.Controllers.LayersControllerTestFixture.new_should_put_available_datasources_in_viewbag" executed="True" result="Success" success="True" time="0.370" asserts="1" />
                                      <test-suite type="ParameterizedTest" name="should_be_able_to_save_layer" executed="True" result="Success" success="True" time="0.005" asserts="0">
                                        <results>
                                          <test-case name="com.esi.esintial.web.tests.Controllers.LayersControllerTestFixture.should_be_able_to_save_layer()" executed="True" result="Success" success="True" time="0.004" asserts="1" />
                                        </results>
                                      </test-suite>
                                      <test-suite type="ParameterizedTest" name="show_should_ask_repo_for_layer" executed="True" result="Success" success="True" time="0.006" asserts="0">
                                        <results>
                                          <test-case name="com.esi.esintial.web.tests.Controllers.LayersControllerTestFixture.show_should_ask_repo_for_layer()" executed="True" result="Success" success="True" time="0.006" asserts="2" />
                                        </results>
                                      </test-suite>
                                      <test-suite type="ParameterizedTest" name="successful_delete_should_redirect_to_index" executed="True" result="Success" success="True" time="0.003" asserts="0">
                                        <results>
                                          <test-case name="com.esi.esintial.web.tests.Controllers.LayersControllerTestFixture.successful_delete_should_redirect_to_index()" executed="True" result="Success" success="True" time="0.002" asserts="2" />
                                        </results>
                                      </test-suite>
                                      <test-suite type="ParameterizedTest" name="successful_update_should_redirect_to_index" executed="True" result="Success" success="True" time="0.012" asserts="0">
                                        <results>
                                          <test-case name="com.esi.esintial.web.tests.Controllers.LayersControllerTestFixture.successful_update_should_redirect_to_index()" executed="True" result="Success" success="True" time="0.011" asserts="2" />
                                        </results>
                                      </test-suite>
                                      <test-case name="com.esi.esintial.web.tests.Controllers.LayersControllerTestFixture.update_should_change_attributes" executed="True" result="Success" success="True" time="0.012" asserts="0" />
                                    </results>
                                  </test-suite>
                                  <test-suite type="TestFixture" name="MapLayersControllerTestFixture" executed="True" result="Success" success="True" time="0.042" asserts="0">
                                    <results>
                                      <test-case name="com.esi.esintial.web.tests.Controllers.MapLayersControllerTestFixture.should_add_layer_to_map" executed="True" result="Success" success="True" time="0.039" asserts="0" />
                                      <test-case name="com.esi.esintial.web.tests.Controllers.MapLayersControllerTestFixture.should_ask_repository_to_save_map" executed="True" result="Success" success="True" time="0.003" asserts="0" />
                                    </results>
                                  </test-suite>
                                  <test-suite type="TestFixture" name="MapsControllerTestFixture" executed="True" result="Success" success="True" time="0.219" asserts="0">
                                    <results>
                                      <test-suite type="ParameterizedTest" name="create_should_add_map_config_to_repo" executed="True" result="Success" success="True" time="0.009" asserts="0">
                                        <results>
                                          <test-case name="com.esi.esintial.web.tests.Controllers.MapsControllerTestFixture.create_should_add_map_config_to_repo()" executed="True" result="Success" success="True" time="0.009" asserts="1" />
                                        </results>
                                      </test-suite>
                                      <test-suite type="ParameterizedTest" name="delete_should_ask_repo_to_delete" executed="True" result="Success" success="True" time="0.003" asserts="0">
                                        <results>
                                          <test-case name="com.esi.esintial.web.tests.Controllers.MapsControllerTestFixture.delete_should_ask_repo_to_delete()" executed="True" result="Success" success="True" time="0.003" asserts="1" />
                                        </results>
                                      </test-suite>
                                      <test-suite type="ParameterizedTest" name="edit_should_get_map_from_repo" executed="True" result="Success" success="True" time="0.008" asserts="0">
                                        <results>
                                          <test-case name="com.esi.esintial.web.tests.Controllers.MapsControllerTestFixture.edit_should_get_map_from_repo()" executed="True" result="Success" success="True" time="0.008" asserts="2" />
                                        </results>
                                      </test-suite>
                                      <test-suite type="ParameterizedTest" name="index_should_set_project_in_view_context" executed="True" result="Success" success="True" time="0.017" asserts="0">
                                        <results>
                                          <test-case name="com.esi.esintial.web.tests.Controllers.MapsControllerTestFixture.index_should_set_project_in_view_context()" executed="True" result="Success" success="True" time="0.017" asserts="2" />
                                        </results>
                                      </test-suite>
                                      <test-suite type="ParameterizedTest" name="new_should_add_project_to_viewbag" executed="True" result="Success" success="True" time="0.005" asserts="0">
                                        <results>
                                          <test-case name="com.esi.esintial.web.tests.Controllers.MapsControllerTestFixture.new_should_add_project_to_viewbag()" executed="True" result="Success" success="True" time="0.005" asserts="2" />
                                        </results>
                                      </test-suite>
                                      <test-suite type="ParameterizedTest" name="new_should_return_new_map_config_with_project_id_set" executed="True" result="Success" success="True" time="0.004" asserts="0">
                                        <results>
                                          <test-case name="com.esi.esintial.web.tests.Controllers.MapsControllerTestFixture.new_should_return_new_map_config_with_project_id_set()" executed="True" result="Success" success="True" time="0.004" asserts="3" />
                                        </results>
                                      </test-suite>
                                      <test-suite type="ParameterizedTest" name="should_be_able_to_get_map_configs_for_project" executed="True" result="Success" success="True" time="0.103" asserts="0">
                                        <results>
                                          <test-case name="com.esi.esintial.web.tests.Controllers.MapsControllerTestFixture.should_be_able_to_get_map_configs_for_project()" executed="True" result="Success" success="True" time="0.102" asserts="2" />
                                        </results>
                                      </test-suite>
                                      <test-suite type="ParameterizedTest" name="show_should_ask_repo_for_map_config" executed="True" result="Success" success="True" time="0.005" asserts="0">
                                        <results>
                                          <test-case name="com.esi.esintial.web.tests.Controllers.MapsControllerTestFixture.show_should_ask_repo_for_map_config()" executed="True" result="Success" success="True" time="0.004" asserts="1" />
                                        </results>
                                      </test-suite>
                                      <test-suite type="ParameterizedTest" name="show_should_make_view_model_a_map_config" executed="True" result="Success" success="True" time="0.018" asserts="0">
                                        <results>
                                          <test-case name="com.esi.esintial.web.tests.Controllers.MapsControllerTestFixture.show_should_make_view_model_a_map_config()" executed="True" result="Success" success="True" time="0.006" asserts="2" />
                                        </results>
                                      </test-suite>
                                      <test-suite type="ParameterizedTest" name="successful_create_should_redirect" executed="True" result="Success" success="True" time="0.006" asserts="0">
                                        <results>
                                          <test-case name="com.esi.esintial.web.tests.Controllers.MapsControllerTestFixture.successful_create_should_redirect()" executed="True" result="Success" success="True" time="0.006" asserts="2" />
                                        </results>
                                      </test-suite>
                                      <test-suite type="ParameterizedTest" name="successful_delete_should_redirect" executed="True" result="Success" success="True" time="0.009" asserts="0">
                                        <results>
                                          <test-case name="com.esi.esintial.web.tests.Controllers.MapsControllerTestFixture.successful_delete_should_redirect()" executed="True" result="Success" success="True" time="0.008" asserts="2" />
                                        </results>
                                      </test-suite>
                                      <test-suite type="ParameterizedTest" name="successful_update_should_redirect" executed="True" result="Success" success="True" time="0.008" asserts="0">
                                        <results>
                                          <test-case name="com.esi.esintial.web.tests.Controllers.MapsControllerTestFixture.successful_update_should_redirect()" executed="True" result="Success" success="True" time="0.006" asserts="2" />
                                        </results>
                                      </test-suite>
                                      <test-suite type="ParameterizedTest" name="update_should_call_update_on_repo" executed="True" result="Success" success="True" time="0.004" asserts="0">
                                        <results>
                                          <test-case name="com.esi.esintial.web.tests.Controllers.MapsControllerTestFixture.update_should_call_update_on_repo()" executed="True" result="Success" success="True" time="0.004" asserts="1" />
                                        </results>
                                      </test-suite>
                                    </results>
                                  </test-suite>
                                  <test-suite type="TestFixture" name="ProjectsControllerTestFixture" executed="True" result="Success" success="True" time="0.150" asserts="0">
                                    <results>
                                      <test-suite type="ParameterizedTest" name="edit_should_ask_repo_for_project" executed="True" result="Success" success="True" time="0.005" asserts="0">
                                        <results>
                                          <test-case name="com.esi.esintial.web.tests.Controllers.ProjectsControllerTestFixture.edit_should_ask_repo_for_project()" executed="True" result="Success" success="True" time="0.004" asserts="1" />
                                        </results>
                                      </test-suite>
                                      <test-suite type="ParameterizedTest" name="Index_action_should_show_projects" executed="True" result="Success" success="True" time="0.120" asserts="0">
                                        <results>
                                          <test-case name="com.esi.esintial.web.tests.Controllers.ProjectsControllerTestFixture.Index_action_should_show_projects()" executed="True" result="Success" success="True" time="0.119" asserts="2" />
                                        </results>
                                      </test-suite>
                                      <test-suite type="ParameterizedTest" name="should_be_able_to_save_project" executed="True" result="Success" success="True" time="0.006" asserts="0">
                                        <results>
                                          <test-case name="com.esi.esintial.web.tests.Controllers.ProjectsControllerTestFixture.should_be_able_to_save_project()" executed="True" result="Success" success="True" time="0.006" asserts="2" />
                                        </results>
                                      </test-suite>
                                      <test-suite type="ParameterizedTest" name="show_should_ask_repo_for_project" executed="True" result="Success" success="True" time="0.004" asserts="0">
                                        <results>
                                          <test-case name="com.esi.esintial.web.tests.Controllers.ProjectsControllerTestFixture.show_should_ask_repo_for_project()" executed="True" result="Success" success="True" time="0.004" asserts="2" />
                                        </results>
                                      </test-suite>
                                      <test-suite type="ParameterizedTest" name="successful_delete_should_redirect_to_index" executed="True" result="Success" success="True" time="0.003" asserts="0">
                                        <results>
                                          <test-case name="com.esi.esintial.web.tests.Controllers.ProjectsControllerTestFixture.successful_delete_should_redirect_to_index()" executed="True" result="Success" success="True" time="0.003" asserts="2" />
                                        </results>
                                      </test-suite>
                                      <test-suite type="ParameterizedTest" name="successful_update_should_redirect_to_index" executed="False" result="Ignored">
                                        <reason>
                                          <message><![CDATA[Can't change any Project attributes]]></message>
                                        </reason>
                                        <results>
                                          <test-case name="com.esi.esintial.web.tests.Controllers.ProjectsControllerTestFixture.successful_update_should_redirect_to_index()" executed="False" result="Ignored">
                                            <reason>
                                              <message><![CDATA[Can't change any Project attributes]]></message>
                                            </reason>
                                          </test-case>
                                        </results>
                                      </test-suite>
                                    </results>
                                  </test-suite>
                                </results>
                              </test-suite>
                              <test-suite type="Namespace" name="Functional" executed="True" result="Inconclusive" success="False" time="0.015" asserts="0">
                                <results>
                                  <test-suite type="TestFixture" name="BaseViewTestFixture" executed="False" result="Ignored">
                                    <reason>
                                      <message><![CDATA[]]></message>
                                    </reason>
                                  </test-suite>
                                  <test-suite type="TestFixture" name="DataSourceViewTests" executed="False" result="Ignored">
                                    <reason>
                                      <message><![CDATA[]]></message>
                                    </reason>
                                    <results>
                                      <test-case name="com.esi.esintial.web.tests.Functional.DataSourceViewTests.index_page_should_have_a_new_link" executed="False" result="Ignored">
                                        <reason>
                                          <message><![CDATA[]]></message>
                                        </reason>
                                      </test-case>
                                      <test-case name="com.esi.esintial.web.tests.Functional.DataSourceViewTests.index_should_list_data_sources" executed="False" result="Ignored">
                                        <reason>
                                          <message><![CDATA[]]></message>
                                        </reason>
                                      </test-case>
                                      <test-case name="com.esi.esintial.web.tests.Functional.DataSourceViewTests.new_link_should_have_inputs" executed="False" result="Ignored">
                                        <reason>
                                          <message><![CDATA[]]></message>
                                        </reason>
                                      </test-case>
                                      <test-case name="com.esi.esintial.web.tests.Functional.DataSourceViewTests.putting_in_invalid_data_should_show_validation" executed="False" result="Ignored">
                                        <reason>
                                          <message><![CDATA[]]></message>
                                        </reason>
                                      </test-case>
                                      <test-case name="com.esi.esintial.web.tests.Functional.DataSourceViewTests.successfully_creating_data_source_should_return_to_index" executed="False" result="Ignored">
                                        <reason>
                                          <message><![CDATA[]]></message>
                                        </reason>
                                      </test-case>
                                    </results>
                                  </test-suite>
                                  <test-suite type="TestFixture" name="ProjectViewTests" executed="False" result="Ignored">
                                    <reason>
                                      <message><![CDATA[]]></message>
                                    </reason>
                                    <results>
                                      <test-case name="com.esi.esintial.web.tests.Functional.ProjectViewTests.show_page_should_have_link_to_add_datasource" executed="False" result="Ignored">
                                        <reason>
                                          <message><![CDATA[]]></message>
                                        </reason>
                                      </test-case>
                                      <test-case name="com.esi.esintial.web.tests.Functional.ProjectViewTests.show_page_should_show_datasources" executed="False" result="Ignored">
                                        <reason>
                                          <message><![CDATA[]]></message>
                                        </reason>
                                      </test-case>
                                    </results>
                                  </test-suite>
                                </results>
                              </test-suite>
                              <test-suite type="TestFixture" name="RoutesTestFixture" executed="True" result="Failure" success="False" time="0.046" asserts="0">
                                <results>
                                  <test-suite type="ParameterizedTest" name="DataSourceRoutes" executed="True" result="Failure" success="False" time="0.025" asserts="0">
                                    <results>
                                      <test-case name="com.esi.esintial.web.tests.RoutesTestFixture.DataSourceRoutes()" executed="True" result="Error" success="False" time="0.025" asserts="0">
                                        <failure>
                                          <message><![CDATA[System.Security.VerificationException : Method MvcContrib.TestHelper.RouteTestingExtensions.ShouldMapTo: type argument 'com.esi.esintial.web.Controllers.DataSourcesController' violates the constraint of type parameter 'TController'.]]></message>
                                          <stack-trace><![CDATA[at com.esi.esintial.web.tests.RoutesTestFixture.DataSourceRoutes()
]]></stack-trace>
                                        </failure>
                                      </test-case>
                                    </results>
                                  </test-suite>
                                  <test-case name="com.esi.esintial.web.tests.RoutesTestFixture.LayerRoutes" executed="True" result="Error" success="False" time="0.005" asserts="0">
                                    <failure>
                                      <message><![CDATA[System.Security.VerificationException : Method MvcContrib.TestHelper.RouteTestingExtensions.ShouldMapTo: type argument 'com.esi.esintial.web.Controllers.LayersController' violates the constraint of type parameter 'TController'.]]></message>
                                      <stack-trace><![CDATA[at com.esi.esintial.web.tests.RoutesTestFixture.LayerRoutes()
]]></stack-trace>
                                    </failure>
                                  </test-case>
                                  <test-suite type="ParameterizedTest" name="MapRoutes" executed="True" result="Failure" success="False" time="0.002" asserts="0">
                                    <results>
                                      <test-case name="com.esi.esintial.web.tests.RoutesTestFixture.MapRoutes()" executed="True" result="Error" success="False" time="0.002" asserts="0">
                                        <failure>
                                          <message><![CDATA[System.Security.VerificationException : Method MvcContrib.TestHelper.RouteTestingExtensions.ShouldMapTo: type argument 'com.esi.esintial.web.Controllers.MapsController' violates the constraint of type parameter 'TController'.]]></message>
                                          <stack-trace><![CDATA[at com.esi.esintial.web.tests.RoutesTestFixture.MapRoutes()
]]></stack-trace>
                                        </failure>
                                      </test-case>
                                    </results>
                                  </test-suite>
                                  <test-suite type="ParameterizedTest" name="ProjectsRoutes" executed="True" result="Failure" success="False" time="0.003" asserts="0">
                                    <results>
                                      <test-case name="com.esi.esintial.web.tests.RoutesTestFixture.ProjectsRoutes()" executed="True" result="Error" success="False" time="0.002" asserts="0">
                                        <failure>
                                          <message><![CDATA[System.Security.VerificationException : Method MvcContrib.TestHelper.RouteTestingExtensions.ShouldMapTo: type argument 'com.esi.esintial.web.Controllers.ProjectsController' violates the constraint of type parameter 'TController'.]]></message>
                                          <stack-trace><![CDATA[at com.esi.esintial.web.tests.RoutesTestFixture.ProjectsRoutes()
]]></stack-trace>
                                        </failure>
                                      </test-case>
                                    </results>
                                  </test-suite>
                                </results>
                              </test-suite>
                            </results>
                          </test-suite>
                        </results>
                      </test-suite>
                    </results>
                  </test-suite>
                </results>
              </test-suite>
            </results>
          </test-suite>
        </results>
      </test-suite>
      <test-suite type="Assembly" name="C:\projects\com.esi.esintial\configurationEditor\tests\com.esintial.tests.utils\bin\Debug\com.esintial.tests.utils.dll" executed="False" result="NotRunnable">
        <reason>
          <message><![CDATA[Has no TestFixtures]]></message>
        </reason>
      </test-suite>
    </results>
  </test-suite>
</test-results>