<?xml version="1.0" ?>
<!DOCTYPE coverage
  SYSTEM 'http://cobertura.sourceforge.net/xml/coverage-03.dtd'>
<coverage branch-rate="0" line-rate="0.9234" timestamp="1365634510289" version="3.6">
	<!-- Generated by coverage.py: http://nedbatchelder.com/code/coverage -->
	<packages>
		<package branch-rate="0" complexity="0" line-rate="0.9234" name="">
			<classes>
				<class branch-rate="0" complexity="0" filename="src/ivija/__init__.py" line-rate="0" name="src/ivija/__init__">
					<methods/>
					<lines/>
				</class>
			</classes>
		</package>
	</packages>
</coverage>
