# JRE version: Java(TM) SE Runtime Environment (8.0_211-b12) (build 1.8.0_211-b12)
# Java VM: Java HotSpot(TM) 64-Bit Server VM (25.211-b12 mixed mode windows-amd64 compressed oops)
Heap:
 PSYoungGen      total 404480K, used 258656K [0x000000076ab00000, 0x000000078d780000, 0x00000007c0000000)
  eden space 396800K, 64% used [0x000000076ab00000,0x000000077a66af30,0x0000000782e80000)
  from space 7680K, 15% used [0x0000000782e80000,0x0000000782fad310,0x0000000783600000)
  to   space 7168K, 0% used [0x000000078d080000,0x000000078d080000,0x000000078d780000)
 ParOldGen       total 74752K, used 12174K [0x00000006c0000000, 0x00000006c4900000, 0x000000076ab00000)
  object space 74752K, 16% used [0x00000006c0000000,0x00000006c0be3950,0x00000006c4900000)
 Metaspace       used 28394K, capacity 29364K, committed 29440K, reserved 1075200K
  class space    used 3238K, capacity 3521K, committed 3584K, reserved 1048576K
GC Heap History (10 events):
Event: 31551.922 GC heap before
{Heap before GC invocations=20 (full 1):
 PSYoungGen      total 210432K, used 202822K [0x000000076ab00000, 0x0000000778180000, 0x00000007c0000000)
  eden space 202240K, 99% used [0x000000076ab00000,0x0000000776ffb960,0x0000000777080000)
  from space 8192K, 13% used [0x0000000777980000,0x0000000777a96298,0x0000000778180000)
  to   space 8704K, 0% used [0x0000000777080000,0x0000000777080000,0x0000000777900000)
 ParOldGen       total 74752K, used 11566K [0x00000006c0000000, 0x00000006c4900000, 0x000000076ab00000)
  object space 74752K, 15% used [0x00000006c0000000,0x00000006c0b4b950,0x00000006c4900000)
 Metaspace       used 27263K, capacity 28228K, committed 28544K, reserved 1075200K
  class space    used 3113K, capacity 3387K, committed 3456K, reserved 1048576K
Event: 31551.924 GC heap after
Heap after GC invocations=20 (full 1):
 PSYoungGen      total 210944K, used 1140K [0x000000076ab00000, 0x000000077d080000, 0x00000007c0000000)
  eden space 202240K, 0% used [0x000000076ab00000,0x000000076ab00000,0x0000000777080000)
  from space 8704K, 13% used [0x0000000777080000,0x000000077719d060,0x0000000777900000)
  to   space 8704K, 0% used [0x000000077c800000,0x000000077c800000,0x000000077d080000)
 ParOldGen       total 74752K, used 11630K [0x00000006c0000000, 0x00000006c4900000, 0x000000076ab00000)
  object space 74752K, 15% used [0x00000006c0000000,0x00000006c0b5b950,0x00000006c4900000)
 Metaspace       used 27263K, capacity 28228K, committed 28544K, reserved 1075200K
  class space    used 3113K, capacity 3387K, committed 3456K, reserved 1048576K
}
Event: 31552.022 GC heap before
{Heap before GC invocations=21 (full 1):
 PSYoungGen      total 210944K, used 203316K [0x000000076ab00000, 0x000000077d080000, 0x00000007c0000000)
  eden space 202240K, 99% used [0x000000076ab00000,0x0000000777070238,0x0000000777080000)
  from space 8704K, 13% used [0x0000000777080000,0x000000077719d060,0x0000000777900000)
  to   space 8704K, 0% used [0x000000077c800000,0x000000077c800000,0x000000077d080000)
 ParOldGen       total 74752K, used 11630K [0x00000006c0000000, 0x00000006c4900000, 0x000000076ab00000)
  object space 74752K, 15% used [0x00000006c0000000,0x00000006c0b5b950,0x00000006c4900000)
 Metaspace       used 27263K, capacity 28228K, committed 28544K, reserved 1075200K
  class space    used 3113K, capacity 3387K, committed 3456K, reserved 1048576K
Event: 31552.024 GC heap after
Heap after GC invocations=21 (full 1):
 PSYoungGen      total 290816K, used 507K [0x000000076ab00000, 0x000000077cf80000, 0x00000007c0000000)
  eden space 283136K, 0% used [0x000000076ab00000,0x000000076ab00000,0x000000077bf80000)
  from space 7680K, 6% used [0x000000077c800000,0x000000077c87eed8,0x000000077cf80000)
  to   space 8192K, 0% used [0x000000077bf80000,0x000000077bf80000,0x000000077c780000)
 ParOldGen       total 74752K, used 11734K [0x00000006c0000000, 0x00000006c4900000, 0x000000076ab00000)
  object space 74752K, 15% used [0x00000006c0000000,0x00000006c0b75950,0x00000006c4900000)
 Metaspace       used 27263K, capacity 28228K, committed 28544K, reserved 1075200K
  class space    used 3113K, capacity 3387K, committed 3456K, reserved 1048576K
}
Event: 31552.215 GC heap before
{Heap before GC invocations=22 (full 1):
 PSYoungGen      total 290816K, used 282976K [0x000000076ab00000, 0x000000077cf80000, 0x00000007c0000000)
  eden space 283136K, 99% used [0x000000076ab00000,0x000000077bed9510,0x000000077bf80000)
  from space 7680K, 6% used [0x000000077c800000,0x000000077c87eed8,0x000000077cf80000)
  to   space 8192K, 0% used [0x000000077bf80000,0x000000077bf80000,0x000000077c780000)
 ParOldGen       total 74752K, used 11734K [0x00000006c0000000, 0x00000006c4900000, 0x000000076ab00000)
  object space 74752K, 15% used [0x00000006c0000000,0x00000006c0b75950,0x00000006c4900000)
 Metaspace       used 27263K, capacity 28228K, committed 28544K, reserved 1075200K
  class space    used 3113K, capacity 3387K, committed 3456K, reserved 1048576K
Event: 31552.218 GC heap after
Heap after GC invocations=22 (full 1):
 PSYoungGen      total 291328K, used 1173K [0x000000076ab00000, 0x0000000783e80000, 0x00000007c0000000)
  eden space 283136K, 0% used [0x000000076ab00000,0x000000076ab00000,0x000000077bf80000)
  from space 8192K, 14% used [0x000000077bf80000,0x000000077c0a5448,0x000000077c780000)
  to   space 8192K, 0% used [0x0000000783680000,0x0000000783680000,0x0000000783e80000)
 ParOldGen       total 74752K, used 11854K [0x00000006c0000000, 0x00000006c4900000, 0x000000076ab00000)
  object space 74752K, 15% used [0x00000006c0000000,0x00000006c0b93950,0x00000006c4900000)
 Metaspace       used 27263K, capacity 28228K, committed 28544K, reserved 1075200K
  class space    used 3113K, capacity 3387K, committed 3456K, reserved 1048576K
}
Event: 31552.323 GC heap before
{Heap before GC invocations=23 (full 1):
 PSYoungGen      total 291328K, used 284196K [0x000000076ab00000, 0x0000000783e80000, 0x00000007c0000000)
  eden space 283136K, 99% used [0x000000076ab00000,0x000000077bf63db0,0x000000077bf80000)
  from space 8192K, 14% used [0x000000077bf80000,0x000000077c0a5448,0x000000077c780000)
  to   space 8192K, 0% used [0x0000000783680000,0x0000000783680000,0x0000000783e80000)
 ParOldGen       total 74752K, used 11854K [0x00000006c0000000, 0x00000006c4900000, 0x000000076ab00000)
  object space 74752K, 15% used [0x00000006c0000000,0x00000006c0b93950,0x00000006c4900000)
 Metaspace       used 27263K, capacity 28228K, committed 28544K, reserved 1075200K
  class space    used 3113K, capacity 3387K, committed 3456K, reserved 1048576K
Event: 31552.325 GC heap after
Heap after GC invocations=23 (full 1):
 PSYoungGen      total 403968K, used 438K [0x000000076ab00000, 0x0000000783d80000, 0x00000007c0000000)
  eden space 396800K, 0% used [0x000000076ab00000,0x000000076ab00000,0x0000000782e80000)
  from space 7168K, 6% used [0x0000000783680000,0x00000007836edb00,0x0000000783d80000)
  to   space 7680K, 0% used [0x0000000782e80000,0x0000000782e80000,0x0000000783600000)
 ParOldGen       total 74752K, used 11982K [0x00000006c0000000, 0x00000006c4900000, 0x000000076ab00000)
  object space 74752K, 16% used [0x00000006c0000000,0x00000006c0bb3950,0x00000006c4900000)
 Metaspace       used 27263K, capacity 28228K, committed 28544K, reserved 1075200K
  class space    used 3113K, capacity 3387K, committed 3456K, reserved 1048576K
}
Event: 31552.562 GC heap before
{Heap before GC invocations=24 (full 1):
 PSYoungGen      total 403968K, used 396547K [0x000000076ab00000, 0x0000000783d80000, 0x00000007c0000000)
  eden space 396800K, 99% used [0x000000076ab00000,0x0000000782dd31e0,0x0000000782e80000)
  from space 7168K, 6% used [0x0000000783680000,0x00000007836edb00,0x0000000783d80000)
  to   space 7680K, 0% used [0x0000000782e80000,0x0000000782e80000,0x0000000783600000)
 ParOldGen       total 74752K, used 11982K [0x00000006c0000000, 0x00000006c4900000, 0x000000076ab00000)
  object space 74752K, 16% used [0x00000006c0000000,0x00000006c0bb3950,0x00000006c4900000)
 Metaspace       used 27264K, capacity 28228K, committed 28544K, reserved 1075200K
  class space    used 3113K, capacity 3387K, committed 3456K, reserved 1048576K
Event: 31552.565 GC heap after
Heap after GC invocations=24 (full 1):
 PSYoungGen      total 404480K, used 1204K [0x000000076ab00000, 0x000000078d780000, 0x00000007c0000000)
  eden space 396800K, 0% used [0x000000076ab00000,0x000000076ab00000,0x0000000782e80000)
  from space 7680K, 15% used [0x0000000782e80000,0x0000000782fad310,0x0000000783600000)
  to   space 7168K, 0% used [0x000000078d080000,0x000000078d080000,0x000000078d780000)
 ParOldGen       total 74752K, used 12174K [0x00000006c0000000, 0x00000006c4900000, 0x000000076ab00000)
  object space 74752K, 16% used [0x00000006c0000000,0x00000006c0be3950,0x00000006c4900000)
 Metaspace       used 27264K, capacity 28228K, committed 28544K, reserved 1075200K
  class space    used 3113K, capacity 3387K, committed 3456K, reserved 1048576K
}

