started
[workspace] $ F:\Tools\K4TClient\cvsclient\cvs.exe -q -z3 update -PdC -D "Friday, January 9, 2009 3:55:28 PM UTC"
$ no changes detected
Parsing POMs
[workspace] $ java -Xmx384M -cp F:\Tools\apache-tomcat-5.5.27\webapps\hudson\WEB-INF\lib\maven-agent-1.270.jar;F:\Tools\apache-maven-2.0.9\boot\classworlds-1.1.jar hudson.maven.agent.Main F:\Tools\apache-maven-2.0.9 F:\Tools\apache-tomcat-5.5.27\webapps\hudson\WEB-INF\lib\remoting-1.270.jar F:\Tools\apache-tomcat-5.5.27\webapps\hudson\WEB-INF\lib\maven-interceptor-1.270.jar 2947
channel started
Executing Maven:  -B -B -f C:\Documents and Settings\ctasso\.hudson\jobs\K4TProjectCore\workspace\pom.xml findbugs:findbugs
[INFO] Scanning for projects...
[INFO] Searching repository for plugin with prefix: 'findbugs'.
[INFO] ------------------------------------------------------------------------
[INFO] Building K4TProjectCore
[INFO]    task-segment: [findbugs:findbugs]
[INFO] ------------------------------------------------------------------------
[INFO] Preparing findbugs:findbugs
[INFO] [resources:resources]
[INFO] Using default encoding to copy filtered resources.
[INFO] [compiler:compile]
[INFO] Nothing to compile - all classes are up to date
[INFO] Setting property: classpath.resource.loader.class => 'org.codehaus.plexus.velocity.ContextClassLoaderResourceLoader'.
[INFO] Setting property: velocimacro.messages.on => 'false'.
[INFO] Setting property: resource.loader => 'classpath'.
[INFO] Setting property: resource.manager.logwhenfound => 'false'.
[INFO] ************************************************************** 
[INFO] Starting Jakarta Velocity v1.4
[INFO] RuntimeInstance initializing.
[INFO] Default Properties File: org\apache\velocity\runtime\defaults\velocity.properties
[INFO] Default ResourceManager initializing. (class org.apache.velocity.runtime.resource.ResourceManagerImpl)
[INFO] Resource Loader Instantiated: org.codehaus.plexus.velocity.ContextClassLoaderResourceLoader
[INFO] ClasspathResourceLoader : initialization starting.
[INFO] ClasspathResourceLoader : initialization complete.
[INFO] ResourceCache : initialized. (class org.apache.velocity.runtime.resource.ResourceCacheImpl)
[INFO] Default ResourceManager initialization complete.
[INFO] Loaded System Directive: org.apache.velocity.runtime.directive.Literal
[INFO] Loaded System Directive: org.apache.velocity.runtime.directive.Macro
[INFO] Loaded System Directive: org.apache.velocity.runtime.directive.Parse
[INFO] Loaded System Directive: org.apache.velocity.runtime.directive.Include
[INFO] Loaded System Directive: org.apache.velocity.runtime.directive.Foreach
[INFO] Created: 20 parsers.
[INFO] Velocimacro : initialization starting.
[INFO] Velocimacro : adding VMs from VM library template : VM_global_library.vm
[ERROR] ResourceManager : unable to find resource 'VM_global_library.vm' in any resource loader.
[INFO] Velocimacro : error using  VM library template VM_global_library.vm : org.apache.velocity.exception.ResourceNotFoundException: Unable to find resource 'VM_global_library.vm'
[INFO] Velocimacro :  VM library template macro registration complete.
[INFO] Velocimacro : allowInline = true : VMs can be defined inline in templates
[INFO] Velocimacro : allowInlineToOverride = false : VMs defined inline may NOT replace previous VM definitions
[INFO] Velocimacro : allowInlineLocal = false : VMs defined inline will be  global in scope if allowed.
[INFO] Velocimacro : initialization complete.
[INFO] Velocity successfully started.
[HUDSON] Archiving C:\Documents and Settings\ctasso\.hudson\jobs\K4TProjectCore\workspace\pom.xml to C:\Documents and Settings\ctasso\.hudson\jobs\K4TProjectCore\modules\it.kion.k4t$K4TProjectCore\builds\2009-01-09_16-55-30\archive\it.kion.k4t\K4TProjectCore\99.99.99-SNAPSHOT\pom.xml
[INFO] [findbugs:findbugs]
[INFO]   Using maximum effort.
[INFO]   Using normal threshold.
[INFO]   Using FindBugs Version: 1.2.1
[INFO]   Using normal threshold.
[INFO]   Using normal threshold.
[INFO]   Using the xdoc format
[INFO]   Using maximum effort.
[INFO]   Using normal threshold.
[INFO]   Using normal threshold.
[INFO]   Debugging is Off
[INFO]   No bug include filter.
[INFO]   No bug exclude filter.
[INFO] Printing Errors
[INFO] Printing Missing classes
[INFO] Printing Source Roots
log4j:WARN No appenders could be found for logger (org.apache.commons.digester.Digester.sax).
log4j:WARN Please initialize the log4j system properly.
[FINDBUGS] Successfully parsed file C:\Documents and Settings\ctasso\.hudson\jobs\K4TProjectCore\workspace\target\findbugs.xml of module K4TProjectCore with 38 warnings.
[FINDBUGS] File encoding has not been set in pom.xml, using platform encoding windows-1252, i.e. build is platform dependent (see <a href="http://docs.codehaus.org/display/MAVENUSER/POM+Element+for+Source+File+Encoding">Maven FAQ</a>).
[FINDBUGS] Can't copy file from slave to master: slave=workspace/src/main/java/it/quitaland/k4t/project/AntProject.java, master=cc2adeca.tmp
java.io.FileNotFoundException: workspace\src\main\java\it\quitaland\k4t\project\AntProject.java (Impossibile trovare il percorso specificato)
	at java.io.FileInputStream.open(Native Method)
	at java.io.FileInputStream.<init>(FileInputStream.java:106)
	at hudson.FilePath$22.invoke(FilePath.java:823)
	at hudson.FilePath$22.invoke(FilePath.java:821)
	at hudson.FilePath.act(FilePath.java:389)
	at hudson.FilePath.copyTo(FilePath.java:821)
	at hudson.FilePath.copyTo(FilePath.java:809)
	at hudson.plugins.findbugs.util.HealthAwareMavenReporter.copyFilesToMaster(HealthAwareMavenReporter.java:244)
	at hudson.plugins.findbugs.util.HealthAwareMavenReporter.postExecute(HealthAwareMavenReporter.java:201)
	at hudson.maven.MavenModuleSetBuild$Builder.postExecute(MavenModuleSetBuild.java:603)
	at hudson.maven.MavenBuilder$Adapter.postExecute(MavenBuilder.java:267)
	at hudson.maven.agent.PluginManagerInterceptor$1MojoIntercepterImpl.callPost(PluginManagerInterceptor.java:147)
	at hudson.maven.agent.PluginManagerInterceptor.executeMojo(PluginManagerInterceptor.java:160)
	at org.apache.maven.lifecycle.DefaultLifecycleExecutor.executeGoals(DefaultLifecycleExecutor.java:558)
	at org.apache.maven.lifecycle.DefaultLifecycleExecutor.executeStandaloneGoal(DefaultLifecycleExecutor.java:512)
	at org.apache.maven.lifecycle.DefaultLifecycleExecutor.executeGoal(DefaultLifecycleExecutor.java:482)
	at org.apache.maven.lifecycle.DefaultLifecycleExecutor.executeGoalAndHandleFailures(DefaultLifecycleExecutor.java:330)
	at org.apache.maven.lifecycle.DefaultLifecycleExecutor.executeTaskSegments(DefaultLifecycleExecutor.java:291)
	at org.apache.maven.lifecycle.DefaultLifecycleExecutor.execute(DefaultLifecycleExecutor.java:142)
	at org.apache.maven.lifecycle.LifecycleExecutorInterceptor.execute(LifecycleExecutorInterceptor.java:42)
	at org.apache.maven.DefaultMaven.doExecute(DefaultMaven.java:336)
	at org.apache.maven.DefaultMaven.execute(DefaultMaven.java:129)
	at org.apache.maven.cli.MavenCli.main(MavenCli.java:287)
	at sun.reflect.NativeMethodAccessorImpl.invoke0(Native Method)
	at sun.reflect.NativeMethodAccessorImpl.invoke(NativeMethodAccessorImpl.java:39)
	at sun.reflect.DelegatingMethodAccessorImpl.invoke(DelegatingMethodAccessorImpl.java:25)
	at java.lang.reflect.Method.invoke(Method.java:585)
	at org.codehaus.classworlds.Launcher.launchEnhanced(Launcher.java:315)
	at org.codehaus.classworlds.Launcher.launch(Launcher.java:255)
	at hudson.maven.agent.Main.launch(Main.java:135)
	at hudson.maven.MavenBuilder.call(MavenBuilder.java:139)
	at hudson.maven.MavenModuleSetBuild$Builder.call(MavenModuleSetBuild.java:542)
	at hudson.maven.MavenModuleSetBuild$Builder.call(MavenModuleSetBuild.java:488)
	at hudson.remoting.UserRequest.perform(UserRequest.java:69)
	at hudson.remoting.UserRequest.perform(UserRequest.java:23)
	at hudson.remoting.Request$2.run(Request.java:213)
	at java.util.concurrent.Executors$RunnableAdapter.call(Executors.java:417)
	at java.util.concurrent.FutureTask$Sync.innerRun(FutureTask.java:269)
	at java.util.concurrent.FutureTask.run(FutureTask.java:123)
	at java.util.concurrent.ThreadPoolExecutor$Worker.runTask(ThreadPoolExecutor.java:650)
	at java.util.concurrent.ThreadPoolExecutor$Worker.run(ThreadPoolExecutor.java:675)
	at java.lang.Thread.run(Thread.java:595)
[FINDBUGS] Can't copy file from slave to master: slave=workspace/src/main/java/it/quitaland/k4t/project/managers/ConfigurationParamOnDBManager.java, master=b386a84c.tmp
java.io.FileNotFoundException: workspace\src\main\java\it\quitaland\k4t\project\managers\ConfigurationParamOnDBManager.java (Impossibile trovare il percorso specificato)
	at java.io.FileInputStream.open(Native Method)
	at java.io.FileInputStream.<init>(FileInputStream.java:106)
	at hudson.FilePath$22.invoke(FilePath.java:823)
	at hudson.FilePath$22.invoke(FilePath.java:821)
	at hudson.FilePath.act(FilePath.java:389)
	at hudson.FilePath.copyTo(FilePath.java:821)
	at hudson.FilePath.copyTo(FilePath.java:809)
	at hudson.plugins.findbugs.util.HealthAwareMavenReporter.copyFilesToMaster(HealthAwareMavenReporter.java:244)
	at hudson.plugins.findbugs.util.HealthAwareMavenReporter.postExecute(HealthAwareMavenReporter.java:201)
	at hudson.maven.MavenModuleSetBuild$Builder.postExecute(MavenModuleSetBuild.java:603)
	at hudson.maven.MavenBuilder$Adapter.postExecute(MavenBuilder.java:267)
	at hudson.maven.agent.PluginManagerInterceptor$1MojoIntercepterImpl.callPost(PluginManagerInterceptor.java:147)
	at hudson.maven.agent.PluginManagerInterceptor.executeMojo(PluginManagerInterceptor.java:160)
	at org.apache.maven.lifecycle.DefaultLifecycleExecutor.executeGoals(DefaultLifecycleExecutor.java:558)
	at org.apache.maven.lifecycle.DefaultLifecycleExecutor.executeStandaloneGoal(DefaultLifecycleExecutor.java:512)
	at org.apache.maven.lifecycle.DefaultLifecycleExecutor.executeGoal(DefaultLifecycleExecutor.java:482)
	at org.apache.maven.lifecycle.DefaultLifecycleExecutor.executeGoalAndHandleFailures(DefaultLifecycleExecutor.java:330)
	at org.apache.maven.lifecycle.DefaultLifecycleExecutor.executeTaskSegments(DefaultLifecycleExecutor.java:291)
	at org.apache.maven.lifecycle.DefaultLifecycleExecutor.execute(DefaultLifecycleExecutor.java:142)
	at org.apache.maven.lifecycle.LifecycleExecutorInterceptor.execute(LifecycleExecutorInterceptor.java:42)
	at org.apache.maven.DefaultMaven.doExecute(DefaultMaven.java:336)
	at org.apache.maven.DefaultMaven.execute(DefaultMaven.java:129)
	at org.apache.maven.cli.MavenCli.main(MavenCli.java:287)
	at sun.reflect.NativeMethodAccessorImpl.invoke0(Native Method)
	at sun.reflect.NativeMethodAccessorImpl.invoke(NativeMethodAccessorImpl.java:39)
	at sun.reflect.DelegatingMethodAccessorImpl.invoke(DelegatingMethodAccessorImpl.java:25)
	at java.lang.reflect.Method.invoke(Method.java:585)
	at org.codehaus.classworlds.Launcher.launchEnhanced(Launcher.java:315)
	at org.codehaus.classworlds.Launcher.launch(Launcher.java:255)
	at hudson.maven.agent.Main.launch(Main.java:135)
	at hudson.maven.MavenBuilder.call(MavenBuilder.java:139)
	at hudson.maven.MavenModuleSetBuild$Builder.call(MavenModuleSetBuild.java:542)
	at hudson.maven.MavenModuleSetBuild$Builder.call(MavenModuleSetBuild.java:488)
	at hudson.remoting.UserRequest.perform(UserRequest.java:69)
	at hudson.remoting.UserRequest.perform(UserRequest.java:23)
	at hudson.remoting.Request$2.run(Request.java:213)
	at java.util.concurrent.Executors$RunnableAdapter.call(Executors.java:417)
	at java.util.concurrent.FutureTask$Sync.innerRun(FutureTask.java:269)
	at java.util.concurrent.FutureTask.run(FutureTask.java:123)
	at java.util.concurrent.ThreadPoolExecutor$Worker.runTask(ThreadPoolExecutor.java:650)
	at java.util.concurrent.ThreadPoolExecutor$Worker.run(ThreadPoolExecutor.java:675)
	at java.lang.Thread.run(Thread.java:595)
[FINDBUGS] Can't copy file from slave to master: slave=workspace/src/main/java/it/quitaland/k4t/project/managers/DBLogManager.java, master=9c95be54.tmp
java.io.FileNotFoundException: workspace\src\main\java\it\quitaland\k4t\project\managers\DBLogManager.java (Impossibile trovare il percorso specificato)
	at java.io.FileInputStream.open(Native Method)
	at java.io.FileInputStream.<init>(FileInputStream.java:106)
	at hudson.FilePath$22.invoke(FilePath.java:823)
	at hudson.FilePath$22.invoke(FilePath.java:821)
	at hudson.FilePath.act(FilePath.java:389)
	at hudson.FilePath.copyTo(FilePath.java:821)
	at hudson.FilePath.copyTo(FilePath.java:809)
	at hudson.plugins.findbugs.util.HealthAwareMavenReporter.copyFilesToMaster(HealthAwareMavenReporter.java:244)
	at hudson.plugins.findbugs.util.HealthAwareMavenReporter.postExecute(HealthAwareMavenReporter.java:201)
	at hudson.maven.MavenModuleSetBuild$Builder.postExecute(MavenModuleSetBuild.java:603)
	at hudson.maven.MavenBuilder$Adapter.postExecute(MavenBuilder.java:267)
	at hudson.maven.agent.PluginManagerInterceptor$1MojoIntercepterImpl.callPost(PluginManagerInterceptor.java:147)
	at hudson.maven.agent.PluginManagerInterceptor.executeMojo(PluginManagerInterceptor.java:160)
	at org.apache.maven.lifecycle.DefaultLifecycleExecutor.executeGoals(DefaultLifecycleExecutor.java:558)
	at org.apache.maven.lifecycle.DefaultLifecycleExecutor.executeStandaloneGoal(DefaultLifecycleExecutor.java:512)
	at org.apache.maven.lifecycle.DefaultLifecycleExecutor.executeGoal(DefaultLifecycleExecutor.java:482)
	at org.apache.maven.lifecycle.DefaultLifecycleExecutor.executeGoalAndHandleFailures(DefaultLifecycleExecutor.java:330)
	at org.apache.maven.lifecycle.DefaultLifecycleExecutor.executeTaskSegments(DefaultLifecycleExecutor.java:291)
	at org.apache.maven.lifecycle.DefaultLifecycleExecutor.execute(DefaultLifecycleExecutor.java:142)
	at org.apache.maven.lifecycle.LifecycleExecutorInterceptor.execute(LifecycleExecutorInterceptor.java:42)
	at org.apache.maven.DefaultMaven.doExecute(DefaultMaven.java:336)
	at org.apache.maven.DefaultMaven.execute(DefaultMaven.java:129)
	at org.apache.maven.cli.MavenCli.main(MavenCli.java:287)
	at sun.reflect.NativeMethodAccessorImpl.invoke0(Native Method)
	at sun.reflect.NativeMethodAccessorImpl.invoke(NativeMethodAccessorImpl.java:39)
	at sun.reflect.DelegatingMethodAccessorImpl.invoke(DelegatingMethodAccessorImpl.java:25)
	at java.lang.reflect.Method.invoke(Method.java:585)
	at org.codehaus.classworlds.Launcher.launchEnhanced(Launcher.java:315)
	at org.codehaus.classworlds.Launcher.launch(Launcher.java:255)
	at hudson.maven.agent.Main.launch(Main.java:135)
	at hudson.maven.MavenBuilder.call(MavenBuilder.java:139)
	at hudson.maven.MavenModuleSetBuild$Builder.call(MavenModuleSetBuild.java:542)
	at hudson.maven.MavenModuleSetBuild$Builder.call(MavenModuleSetBuild.java:488)
	at hudson.remoting.UserRequest.perform(UserRequest.java:69)
	at hudson.remoting.UserRequest.perform(UserRequest.java:23)
	at hudson.remoting.Request$2.run(Request.java:213)
	at java.util.concurrent.Executors$RunnableAdapter.call(Executors.java:417)
	at java.util.concurrent.FutureTask$Sync.innerRun(FutureTask.java:269)
	at java.util.concurrent.FutureTask.run(FutureTask.java:123)
	at java.util.concurrent.ThreadPoolExecutor$Worker.runTask(ThreadPoolExecutor.java:650)
	at java.util.concurrent.ThreadPoolExecutor$Worker.run(ThreadPoolExecutor.java:675)
	at java.lang.Thread.run(Thread.java:595)
[FINDBUGS] Can't copy file from slave to master: slave=workspace/src/main/java/it/quitaland/k4t/project/DefaultProject.java, master=23d3ee24.tmp
java.io.FileNotFoundException: workspace\src\main\java\it\quitaland\k4t\project\DefaultProject.java (Impossibile trovare il percorso specificato)
	at java.io.FileInputStream.open(Native Method)
	at java.io.FileInputStream.<init>(FileInputStream.java:106)
	at hudson.FilePath$22.invoke(FilePath.java:823)
	at hudson.FilePath$22.invoke(FilePath.java:821)
	at hudson.FilePath.act(FilePath.java:389)
	at hudson.FilePath.copyTo(FilePath.java:821)
	at hudson.FilePath.copyTo(FilePath.java:809)
	at hudson.plugins.findbugs.util.HealthAwareMavenReporter.copyFilesToMaster(HealthAwareMavenReporter.java:244)
	at hudson.plugins.findbugs.util.HealthAwareMavenReporter.postExecute(HealthAwareMavenReporter.java:201)
	at hudson.maven.MavenModuleSetBuild$Builder.postExecute(MavenModuleSetBuild.java:603)
	at hudson.maven.MavenBuilder$Adapter.postExecute(MavenBuilder.java:267)
	at hudson.maven.agent.PluginManagerInterceptor$1MojoIntercepterImpl.callPost(PluginManagerInterceptor.java:147)
	at hudson.maven.agent.PluginManagerInterceptor.executeMojo(PluginManagerInterceptor.java:160)
	at org.apache.maven.lifecycle.DefaultLifecycleExecutor.executeGoals(DefaultLifecycleExecutor.java:558)
	at org.apache.maven.lifecycle.DefaultLifecycleExecutor.executeStandaloneGoal(DefaultLifecycleExecutor.java:512)
	at org.apache.maven.lifecycle.DefaultLifecycleExecutor.executeGoal(DefaultLifecycleExecutor.java:482)
	at org.apache.maven.lifecycle.DefaultLifecycleExecutor.executeGoalAndHandleFailures(DefaultLifecycleExecutor.java:330)
	at org.apache.maven.lifecycle.DefaultLifecycleExecutor.executeTaskSegments(DefaultLifecycleExecutor.java:291)
	at org.apache.maven.lifecycle.DefaultLifecycleExecutor.execute(DefaultLifecycleExecutor.java:142)
	at org.apache.maven.lifecycle.LifecycleExecutorInterceptor.execute(LifecycleExecutorInterceptor.java:42)
	at org.apache.maven.DefaultMaven.doExecute(DefaultMaven.java:336)
	at org.apache.maven.DefaultMaven.execute(DefaultMaven.java:129)
	at org.apache.maven.cli.MavenCli.main(MavenCli.java:287)
	at sun.reflect.NativeMethodAccessorImpl.invoke0(Native Method)
	at sun.reflect.NativeMethodAccessorImpl.invoke(NativeMethodAccessorImpl.java:39)
	at sun.reflect.DelegatingMethodAccessorImpl.invoke(DelegatingMethodAccessorImpl.java:25)
	at java.lang.reflect.Method.invoke(Method.java:585)
	at org.codehaus.classworlds.Launcher.launchEnhanced(Launcher.java:315)
	at org.codehaus.classworlds.Launcher.launch(Launcher.java:255)
	at hudson.maven.agent.Main.launch(Main.java:135)
	at hudson.maven.MavenBuilder.call(MavenBuilder.java:139)
	at hudson.maven.MavenModuleSetBuild$Builder.call(MavenModuleSetBuild.java:542)
	at hudson.maven.MavenModuleSetBuild$Builder.call(MavenModuleSetBuild.java:488)
	at hudson.remoting.UserRequest.perform(UserRequest.java:69)
	at hudson.remoting.UserRequest.perform(UserRequest.java:23)
	at hudson.remoting.Request$2.run(Request.java:213)
	at java.util.concurrent.Executors$RunnableAdapter.call(Executors.java:417)
	at java.util.concurrent.FutureTask$Sync.innerRun(FutureTask.java:269)
	at java.util.concurrent.FutureTask.run(FutureTask.java:123)
	at java.util.concurrent.ThreadPoolExecutor$Worker.runTask(ThreadPoolExecutor.java:650)
	at java.util.concurrent.ThreadPoolExecutor$Worker.run(ThreadPoolExecutor.java:675)
	at java.lang.Thread.run(Thread.java:595)
[FINDBUGS] Can't copy file from slave to master: slave=workspace/src/main/java/it/quitaland/k4t/project/IProject.java, master=225f9d4c.tmp
java.io.FileNotFoundException: workspace\src\main\java\it\quitaland\k4t\project\IProject.java (Impossibile trovare il percorso specificato)
	at java.io.FileInputStream.open(Native Method)
	at java.io.FileInputStream.<init>(FileInputStream.java:106)
	at hudson.FilePath$22.invoke(FilePath.java:823)
	at hudson.FilePath$22.invoke(FilePath.java:821)
	at hudson.FilePath.act(FilePath.java:389)
	at hudson.FilePath.copyTo(FilePath.java:821)
	at hudson.FilePath.copyTo(FilePath.java:809)
	at hudson.plugins.findbugs.util.HealthAwareMavenReporter.copyFilesToMaster(HealthAwareMavenReporter.java:244)
	at hudson.plugins.findbugs.util.HealthAwareMavenReporter.postExecute(HealthAwareMavenReporter.java:201)
	at hudson.maven.MavenModuleSetBuild$Builder.postExecute(MavenModuleSetBuild.java:603)
	at hudson.maven.MavenBuilder$Adapter.postExecute(MavenBuilder.java:267)
	at hudson.maven.agent.PluginManagerInterceptor$1MojoIntercepterImpl.callPost(PluginManagerInterceptor.java:147)
	at hudson.maven.agent.PluginManagerInterceptor.executeMojo(PluginManagerInterceptor.java:160)
	at org.apache.maven.lifecycle.DefaultLifecycleExecutor.executeGoals(DefaultLifecycleExecutor.java:558)
	at org.apache.maven.lifecycle.DefaultLifecycleExecutor.executeStandaloneGoal(DefaultLifecycleExecutor.java:512)
	at org.apache.maven.lifecycle.DefaultLifecycleExecutor.executeGoal(DefaultLifecycleExecutor.java:482)
	at org.apache.maven.lifecycle.DefaultLifecycleExecutor.executeGoalAndHandleFailures(DefaultLifecycleExecutor.java:330)
	at org.apache.maven.lifecycle.DefaultLifecycleExecutor.executeTaskSegments(DefaultLifecycleExecutor.java:291)
	at org.apache.maven.lifecycle.DefaultLifecycleExecutor.execute(DefaultLifecycleExecutor.java:142)
	at org.apache.maven.lifecycle.LifecycleExecutorInterceptor.execute(LifecycleExecutorInterceptor.java:42)
	at org.apache.maven.DefaultMaven.doExecute(DefaultMaven.java:336)
	at org.apache.maven.DefaultMaven.execute(DefaultMaven.java:129)
	at org.apache.maven.cli.MavenCli.main(MavenCli.java:287)
	at sun.reflect.NativeMethodAccessorImpl.invoke0(Native Method)
	at sun.reflect.NativeMethodAccessorImpl.invoke(NativeMethodAccessorImpl.java:39)
	at sun.reflect.DelegatingMethodAccessorImpl.invoke(DelegatingMethodAccessorImpl.java:25)
	at java.lang.reflect.Method.invoke(Method.java:585)
	at org.codehaus.classworlds.Launcher.launchEnhanced(Launcher.java:315)
	at org.codehaus.classworlds.Launcher.launch(Launcher.java:255)
	at hudson.maven.agent.Main.launch(Main.java:135)
	at hudson.maven.MavenBuilder.call(MavenBuilder.java:139)
	at hudson.maven.MavenModuleSetBuild$Builder.call(MavenModuleSetBuild.java:542)
	at hudson.maven.MavenModuleSetBuild$Builder.call(MavenModuleSetBuild.java:488)
	at hudson.remoting.UserRequest.perform(UserRequest.java:69)
	at hudson.remoting.UserRequest.perform(UserRequest.java:23)
	at hudson.remoting.Request$2.run(Request.java:213)
	at java.util.concurrent.Executors$RunnableAdapter.call(Executors.java:417)
	at java.util.concurrent.FutureTask$Sync.innerRun(FutureTask.java:269)
	at java.util.concurrent.FutureTask.run(FutureTask.java:123)
	at java.util.concurrent.ThreadPoolExecutor$Worker.runTask(ThreadPoolExecutor.java:650)
	at java.util.concurrent.ThreadPoolExecutor$Worker.run(ThreadPoolExecutor.java:675)
	at java.lang.Thread.run(Thread.java:595)
[FINDBUGS] Can't copy file from slave to master: slave=workspace/src/main/java/it/quitaland/k4t/project/standAlone/K4TExecute.java, master=c503cfd0.tmp
java.io.FileNotFoundException: workspace\src\main\java\it\quitaland\k4t\project\standAlone\K4TExecute.java (Impossibile trovare il percorso specificato)
	at java.io.FileInputStream.open(Native Method)
	at java.io.FileInputStream.<init>(FileInputStream.java:106)
	at hudson.FilePath$22.invoke(FilePath.java:823)
	at hudson.FilePath$22.invoke(FilePath.java:821)
	at hudson.FilePath.act(FilePath.java:389)
	at hudson.FilePath.copyTo(FilePath.java:821)
	at hudson.FilePath.copyTo(FilePath.java:809)
	at hudson.plugins.findbugs.util.HealthAwareMavenReporter.copyFilesToMaster(HealthAwareMavenReporter.java:244)
	at hudson.plugins.findbugs.util.HealthAwareMavenReporter.postExecute(HealthAwareMavenReporter.java:201)
	at hudson.maven.MavenModuleSetBuild$Builder.postExecute(MavenModuleSetBuild.java:603)
	at hudson.maven.MavenBuilder$Adapter.postExecute(MavenBuilder.java:267)
	at hudson.maven.agent.PluginManagerInterceptor$1MojoIntercepterImpl.callPost(PluginManagerInterceptor.java:147)
	at hudson.maven.agent.PluginManagerInterceptor.executeMojo(PluginManagerInterceptor.java:160)
	at org.apache.maven.lifecycle.DefaultLifecycleExecutor.executeGoals(DefaultLifecycleExecutor.java:558)
	at org.apache.maven.lifecycle.DefaultLifecycleExecutor.executeStandaloneGoal(DefaultLifecycleExecutor.java:512)
	at org.apache.maven.lifecycle.DefaultLifecycleExecutor.executeGoal(DefaultLifecycleExecutor.java:482)
	at org.apache.maven.lifecycle.DefaultLifecycleExecutor.executeGoalAndHandleFailures(DefaultLifecycleExecutor.java:330)
	at org.apache.maven.lifecycle.DefaultLifecycleExecutor.executeTaskSegments(DefaultLifecycleExecutor.java:291)
	at org.apache.maven.lifecycle.DefaultLifecycleExecutor.execute(DefaultLifecycleExecutor.java:142)
	at org.apache.maven.lifecycle.LifecycleExecutorInterceptor.execute(LifecycleExecutorInterceptor.java:42)
	at org.apache.maven.DefaultMaven.doExecute(DefaultMaven.java:336)
	at org.apache.maven.DefaultMaven.execute(DefaultMaven.java:129)
	at org.apache.maven.cli.MavenCli.main(MavenCli.java:287)
	at sun.reflect.NativeMethodAccessorImpl.invoke0(Native Method)
	at sun.reflect.NativeMethodAccessorImpl.invoke(NativeMethodAccessorImpl.java:39)
	at sun.reflect.DelegatingMethodAccessorImpl.invoke(DelegatingMethodAccessorImpl.java:25)
	at java.lang.reflect.Method.invoke(Method.java:585)
	at org.codehaus.classworlds.Launcher.launchEnhanced(Launcher.java:315)
	at org.codehaus.classworlds.Launcher.launch(Launcher.java:255)
	at hudson.maven.agent.Main.launch(Main.java:135)
	at hudson.maven.MavenBuilder.call(MavenBuilder.java:139)
	at hudson.maven.MavenModuleSetBuild$Builder.call(MavenModuleSetBuild.java:542)
	at hudson.maven.MavenModuleSetBuild$Builder.call(MavenModuleSetBuild.java:488)
	at hudson.remoting.UserRequest.perform(UserRequest.java:69)
	at hudson.remoting.UserRequest.perform(UserRequest.java:23)
	at hudson.remoting.Request$2.run(Request.java:213)
	at java.util.concurrent.Executors$RunnableAdapter.call(Executors.java:417)
	at java.util.concurrent.FutureTask$Sync.innerRun(FutureTask.java:269)
	at java.util.concurrent.FutureTask.run(FutureTask.java:123)
	at java.util.concurrent.ThreadPoolExecutor$Worker.runTask(ThreadPoolExecutor.java:650)
	at java.util.concurrent.ThreadPoolExecutor$Worker.run(ThreadPoolExecutor.java:675)
	at java.lang.Thread.run(Thread.java:595)
[FINDBUGS] Can't copy file from slave to master: slave=workspace/src/main/java/it/quitaland/k4t/project/standAlone/K4TGeneraMail.java, master=fe11d560.tmp
java.io.FileNotFoundException: workspace\src\main\java\it\quitaland\k4t\project\standAlone\K4TGeneraMail.java (Impossibile trovare il percorso specificato)
	at java.io.FileInputStream.open(Native Method)
	at java.io.FileInputStream.<init>(FileInputStream.java:106)
	at hudson.FilePath$22.invoke(FilePath.java:823)
	at hudson.FilePath$22.invoke(FilePath.java:821)
	at hudson.FilePath.act(FilePath.java:389)
	at hudson.FilePath.copyTo(FilePath.java:821)
	at hudson.FilePath.copyTo(FilePath.java:809)
	at hudson.plugins.findbugs.util.HealthAwareMavenReporter.copyFilesToMaster(HealthAwareMavenReporter.java:244)
	at hudson.plugins.findbugs.util.HealthAwareMavenReporter.postExecute(HealthAwareMavenReporter.java:201)
	at hudson.maven.MavenModuleSetBuild$Builder.postExecute(MavenModuleSetBuild.java:603)
	at hudson.maven.MavenBuilder$Adapter.postExecute(MavenBuilder.java:267)
	at hudson.maven.agent.PluginManagerInterceptor$1MojoIntercepterImpl.callPost(PluginManagerInterceptor.java:147)
	at hudson.maven.agent.PluginManagerInterceptor.executeMojo(PluginManagerInterceptor.java:160)
	at org.apache.maven.lifecycle.DefaultLifecycleExecutor.executeGoals(DefaultLifecycleExecutor.java:558)
	at org.apache.maven.lifecycle.DefaultLifecycleExecutor.executeStandaloneGoal(DefaultLifecycleExecutor.java:512)
	at org.apache.maven.lifecycle.DefaultLifecycleExecutor.executeGoal(DefaultLifecycleExecutor.java:482)
	at org.apache.maven.lifecycle.DefaultLifecycleExecutor.executeGoalAndHandleFailures(DefaultLifecycleExecutor.java:330)
	at org.apache.maven.lifecycle.DefaultLifecycleExecutor.executeTaskSegments(DefaultLifecycleExecutor.java:291)
	at org.apache.maven.lifecycle.DefaultLifecycleExecutor.execute(DefaultLifecycleExecutor.java:142)
	at org.apache.maven.lifecycle.LifecycleExecutorInterceptor.execute(LifecycleExecutorInterceptor.java:42)
	at org.apache.maven.DefaultMaven.doExecute(DefaultMaven.java:336)
	at org.apache.maven.DefaultMaven.execute(DefaultMaven.java:129)
	at org.apache.maven.cli.MavenCli.main(MavenCli.java:287)
	at sun.reflect.NativeMethodAccessorImpl.invoke0(Native Method)
	at sun.reflect.NativeMethodAccessorImpl.invoke(NativeMethodAccessorImpl.java:39)
	at sun.reflect.DelegatingMethodAccessorImpl.invoke(DelegatingMethodAccessorImpl.java:25)
	at java.lang.reflect.Method.invoke(Method.java:585)
	at org.codehaus.classworlds.Launcher.launchEnhanced(Launcher.java:315)
	at org.codehaus.classworlds.Launcher.launch(Launcher.java:255)
	at hudson.maven.agent.Main.launch(Main.java:135)
	at hudson.maven.MavenBuilder.call(MavenBuilder.java:139)
	at hudson.maven.MavenModuleSetBuild$Builder.call(MavenModuleSetBuild.java:542)
	at hudson.maven.MavenModuleSetBuild$Builder.call(MavenModuleSetBuild.java:488)
	at hudson.remoting.UserRequest.perform(UserRequest.java:69)
	at hudson.remoting.UserRequest.perform(UserRequest.java:23)
	at hudson.remoting.Request$2.run(Request.java:213)
	at java.util.concurrent.Executors$RunnableAdapter.call(Executors.java:417)
	at java.util.concurrent.FutureTask$Sync.innerRun(FutureTask.java:269)
	at java.util.concurrent.FutureTask.run(FutureTask.java:123)
	at java.util.concurrent.ThreadPoolExecutor$Worker.runTask(ThreadPoolExecutor.java:650)
	at java.util.concurrent.ThreadPoolExecutor$Worker.run(ThreadPoolExecutor.java:675)
	at java.lang.Thread.run(Thread.java:595)
[FINDBUGS] Can't copy file from slave to master: slave=workspace/src/main/java/it/quitaland/k4t/project/test/ProjectLoaderTest.java, master=7b49a69b.tmp
java.io.FileNotFoundException: workspace\src\main\java\it\quitaland\k4t\project\test\ProjectLoaderTest.java (Impossibile trovare il percorso specificato)
	at java.io.FileInputStream.open(Native Method)
	at java.io.FileInputStream.<init>(FileInputStream.java:106)
	at hudson.FilePath$22.invoke(FilePath.java:823)
	at hudson.FilePath$22.invoke(FilePath.java:821)
	at hudson.FilePath.act(FilePath.java:389)
	at hudson.FilePath.copyTo(FilePath.java:821)
	at hudson.FilePath.copyTo(FilePath.java:809)
	at hudson.plugins.findbugs.util.HealthAwareMavenReporter.copyFilesToMaster(HealthAwareMavenReporter.java:244)
	at hudson.plugins.findbugs.util.HealthAwareMavenReporter.postExecute(HealthAwareMavenReporter.java:201)
	at hudson.maven.MavenModuleSetBuild$Builder.postExecute(MavenModuleSetBuild.java:603)
	at hudson.maven.MavenBuilder$Adapter.postExecute(MavenBuilder.java:267)
	at hudson.maven.agent.PluginManagerInterceptor$1MojoIntercepterImpl.callPost(PluginManagerInterceptor.java:147)
	at hudson.maven.agent.PluginManagerInterceptor.executeMojo(PluginManagerInterceptor.java:160)
	at org.apache.maven.lifecycle.DefaultLifecycleExecutor.executeGoals(DefaultLifecycleExecutor.java:558)
	at org.apache.maven.lifecycle.DefaultLifecycleExecutor.executeStandaloneGoal(DefaultLifecycleExecutor.java:512)
	at org.apache.maven.lifecycle.DefaultLifecycleExecutor.executeGoal(DefaultLifecycleExecutor.java:482)
	at org.apache.maven.lifecycle.DefaultLifecycleExecutor.executeGoalAndHandleFailures(DefaultLifecycleExecutor.java:330)
	at org.apache.maven.lifecycle.DefaultLifecycleExecutor.executeTaskSegments(DefaultLifecycleExecutor.java:291)
	at org.apache.maven.lifecycle.DefaultLifecycleExecutor.execute(DefaultLifecycleExecutor.java:142)
	at org.apache.maven.lifecycle.LifecycleExecutorInterceptor.execute(LifecycleExecutorInterceptor.java:42)
	at org.apache.maven.DefaultMaven.doExecute(DefaultMaven.java:336)
	at org.apache.maven.DefaultMaven.execute(DefaultMaven.java:129)
	at org.apache.maven.cli.MavenCli.main(MavenCli.java:287)
	at sun.reflect.NativeMethodAccessorImpl.invoke0(Native Method)
	at sun.reflect.NativeMethodAccessorImpl.invoke(NativeMethodAccessorImpl.java:39)
	at sun.reflect.DelegatingMethodAccessorImpl.invoke(DelegatingMethodAccessorImpl.java:25)
	at java.lang.reflect.Method.invoke(Method.java:585)
	at org.codehaus.classworlds.Launcher.launchEnhanced(Launcher.java:315)
	at org.codehaus.classworlds.Launcher.launch(Launcher.java:255)
	at hudson.maven.agent.Main.launch(Main.java:135)
	at hudson.maven.MavenBuilder.call(MavenBuilder.java:139)
	at hudson.maven.MavenModuleSetBuild$Builder.call(MavenModuleSetBuild.java:542)
	at hudson.maven.MavenModuleSetBuild$Builder.call(MavenModuleSetBuild.java:488)
	at hudson.remoting.UserRequest.perform(UserRequest.java:69)
	at hudson.remoting.UserRequest.perform(UserRequest.java:23)
	at hudson.remoting.Request$2.run(Request.java:213)
	at java.util.concurrent.Executors$RunnableAdapter.call(Executors.java:417)
	at java.util.concurrent.FutureTask$Sync.innerRun(FutureTask.java:269)
	at java.util.concurrent.FutureTask.run(FutureTask.java:123)
	at java.util.concurrent.ThreadPoolExecutor$Worker.runTask(ThreadPoolExecutor.java:650)
	at java.util.concurrent.ThreadPoolExecutor$Worker.run(ThreadPoolExecutor.java:675)
	at java.lang.Thread.run(Thread.java:595)
[FINDBUGS] Can't copy file from slave to master: slave=workspace/src/main/java/it/quitaland/k4t/project/managers/ProjectTestManager.java, master=6fb377d9.tmp
java.io.FileNotFoundException: workspace\src\main\java\it\quitaland\k4t\project\managers\ProjectTestManager.java (Impossibile trovare il percorso specificato)
	at java.io.FileInputStream.open(Native Method)
	at java.io.FileInputStream.<init>(FileInputStream.java:106)
	at hudson.FilePath$22.invoke(FilePath.java:823)
	at hudson.FilePath$22.invoke(FilePath.java:821)
	at hudson.FilePath.act(FilePath.java:389)
	at hudson.FilePath.copyTo(FilePath.java:821)
	at hudson.FilePath.copyTo(FilePath.java:809)
	at hudson.plugins.findbugs.util.HealthAwareMavenReporter.copyFilesToMaster(HealthAwareMavenReporter.java:244)
	at hudson.plugins.findbugs.util.HealthAwareMavenReporter.postExecute(HealthAwareMavenReporter.java:201)
	at hudson.maven.MavenModuleSetBuild$Builder.postExecute(MavenModuleSetBuild.java:603)
	at hudson.maven.MavenBuilder$Adapter.postExecute(MavenBuilder.java:267)
	at hudson.maven.agent.PluginManagerInterceptor$1MojoIntercepterImpl.callPost(PluginManagerInterceptor.java:147)
	at hudson.maven.agent.PluginManagerInterceptor.executeMojo(PluginManagerInterceptor.java:160)
	at org.apache.maven.lifecycle.DefaultLifecycleExecutor.executeGoals(DefaultLifecycleExecutor.java:558)
	at org.apache.maven.lifecycle.DefaultLifecycleExecutor.executeStandaloneGoal(DefaultLifecycleExecutor.java:512)
	at org.apache.maven.lifecycle.DefaultLifecycleExecutor.executeGoal(DefaultLifecycleExecutor.java:482)
	at org.apache.maven.lifecycle.DefaultLifecycleExecutor.executeGoalAndHandleFailures(DefaultLifecycleExecutor.java:330)
	at org.apache.maven.lifecycle.DefaultLifecycleExecutor.executeTaskSegments(DefaultLifecycleExecutor.java:291)
	at org.apache.maven.lifecycle.DefaultLifecycleExecutor.execute(DefaultLifecycleExecutor.java:142)
	at org.apache.maven.lifecycle.LifecycleExecutorInterceptor.execute(LifecycleExecutorInterceptor.java:42)
	at org.apache.maven.DefaultMaven.doExecute(DefaultMaven.java:336)
	at org.apache.maven.DefaultMaven.execute(DefaultMaven.java:129)
	at org.apache.maven.cli.MavenCli.main(MavenCli.java:287)
	at sun.reflect.NativeMethodAccessorImpl.invoke0(Native Method)
	at sun.reflect.NativeMethodAccessorImpl.invoke(NativeMethodAccessorImpl.java:39)
	at sun.reflect.DelegatingMethodAccessorImpl.invoke(DelegatingMethodAccessorImpl.java:25)
	at java.lang.reflect.Method.invoke(Method.java:585)
	at org.codehaus.classworlds.Launcher.launchEnhanced(Launcher.java:315)
	at org.codehaus.classworlds.Launcher.launch(Launcher.java:255)
	at hudson.maven.agent.Main.launch(Main.java:135)
	at hudson.maven.MavenBuilder.call(MavenBuilder.java:139)
	at hudson.maven.MavenModuleSetBuild$Builder.call(MavenModuleSetBuild.java:542)
	at hudson.maven.MavenModuleSetBuild$Builder.call(MavenModuleSetBuild.java:488)
	at hudson.remoting.UserRequest.perform(UserRequest.java:69)
	at hudson.remoting.UserRequest.perform(UserRequest.java:23)
	at hudson.remoting.Request$2.run(Request.java:213)
	at java.util.concurrent.Executors$RunnableAdapter.call(Executors.java:417)
	at java.util.concurrent.FutureTask$Sync.innerRun(FutureTask.java:269)
	at java.util.concurrent.FutureTask.run(FutureTask.java:123)
	at java.util.concurrent.ThreadPoolExecutor$Worker.runTask(ThreadPoolExecutor.java:650)
	at java.util.concurrent.ThreadPoolExecutor$Worker.run(ThreadPoolExecutor.java:675)
	at java.lang.Thread.run(Thread.java:595)
[FINDBUGS] Can't copy file from slave to master: slave=workspace/src/main/java/it/quitaland/k4t/project/mail/TAContentFormatterHtml.java, master=bdc9a4e3.tmp
java.io.FileNotFoundException: workspace\src\main\java\it\quitaland\k4t\project\mail\TAContentFormatterHtml.java (Impossibile trovare il percorso specificato)
	at java.io.FileInputStream.open(Native Method)
	at java.io.FileInputStream.<init>(FileInputStream.java:106)
	at hudson.FilePath$22.invoke(FilePath.java:823)
	at hudson.FilePath$22.invoke(FilePath.java:821)
	at hudson.FilePath.act(FilePath.java:389)
	at hudson.FilePath.copyTo(FilePath.java:821)
	at hudson.FilePath.copyTo(FilePath.java:809)
	at hudson.plugins.findbugs.util.HealthAwareMavenReporter.copyFilesToMaster(HealthAwareMavenReporter.java:244)
	at hudson.plugins.findbugs.util.HealthAwareMavenReporter.postExecute(HealthAwareMavenReporter.java:201)
	at hudson.maven.MavenModuleSetBuild$Builder.postExecute(MavenModuleSetBuild.java:603)
	at hudson.maven.MavenBuilder$Adapter.postExecute(MavenBuilder.java:267)
	at hudson.maven.agent.PluginManagerInterceptor$1MojoIntercepterImpl.callPost(PluginManagerInterceptor.java:147)
	at hudson.maven.agent.PluginManagerInterceptor.executeMojo(PluginManagerInterceptor.java:160)
	at org.apache.maven.lifecycle.DefaultLifecycleExecutor.executeGoals(DefaultLifecycleExecutor.java:558)
	at org.apache.maven.lifecycle.DefaultLifecycleExecutor.executeStandaloneGoal(DefaultLifecycleExecutor.java:512)
	at org.apache.maven.lifecycle.DefaultLifecycleExecutor.executeGoal(DefaultLifecycleExecutor.java:482)
	at org.apache.maven.lifecycle.DefaultLifecycleExecutor.executeGoalAndHandleFailures(DefaultLifecycleExecutor.java:330)
	at org.apache.maven.lifecycle.DefaultLifecycleExecutor.executeTaskSegments(DefaultLifecycleExecutor.java:291)
	at org.apache.maven.lifecycle.DefaultLifecycleExecutor.execute(DefaultLifecycleExecutor.java:142)
	at org.apache.maven.lifecycle.LifecycleExecutorInterceptor.execute(LifecycleExecutorInterceptor.java:42)
	at org.apache.maven.DefaultMaven.doExecute(DefaultMaven.java:336)
	at org.apache.maven.DefaultMaven.execute(DefaultMaven.java:129)
	at org.apache.maven.cli.MavenCli.main(MavenCli.java:287)
	at sun.reflect.NativeMethodAccessorImpl.invoke0(Native Method)
	at sun.reflect.NativeMethodAccessorImpl.invoke(NativeMethodAccessorImpl.java:39)
	at sun.reflect.DelegatingMethodAccessorImpl.invoke(DelegatingMethodAccessorImpl.java:25)
	at java.lang.reflect.Method.invoke(Method.java:585)
	at org.codehaus.classworlds.Launcher.launchEnhanced(Launcher.java:315)
	at org.codehaus.classworlds.Launcher.launch(Launcher.java:255)
	at hudson.maven.agent.Main.launch(Main.java:135)
	at hudson.maven.MavenBuilder.call(MavenBuilder.java:139)
	at hudson.maven.MavenModuleSetBuild$Builder.call(MavenModuleSetBuild.java:542)
	at hudson.maven.MavenModuleSetBuild$Builder.call(MavenModuleSetBuild.java:488)
	at hudson.remoting.UserRequest.perform(UserRequest.java:69)
	at hudson.remoting.UserRequest.perform(UserRequest.java:23)
	at hudson.remoting.Request$2.run(Request.java:213)
	at java.util.concurrent.Executors$RunnableAdapter.call(Executors.java:417)
	at java.util.concurrent.FutureTask$Sync.innerRun(FutureTask.java:269)
	at java.util.concurrent.FutureTask.run(FutureTask.java:123)
	at java.util.concurrent.ThreadPoolExecutor$Worker.runTask(ThreadPoolExecutor.java:650)
	at java.util.concurrent.ThreadPoolExecutor$Worker.run(ThreadPoolExecutor.java:675)
	at java.lang.Thread.run(Thread.java:595)
[FINDBUGS] Can't copy file from slave to master: slave=workspace/src/main/java/it/quitaland/k4t/project/mail/TAGeneraFileExcel.java, master=26170daa.tmp
java.io.FileNotFoundException: workspace\src\main\java\it\quitaland\k4t\project\mail\TAGeneraFileExcel.java (Impossibile trovare il percorso specificato)
	at java.io.FileInputStream.open(Native Method)
	at java.io.FileInputStream.<init>(FileInputStream.java:106)
	at hudson.FilePath$22.invoke(FilePath.java:823)
	at hudson.FilePath$22.invoke(FilePath.java:821)
	at hudson.FilePath.act(FilePath.java:389)
	at hudson.FilePath.copyTo(FilePath.java:821)
	at hudson.FilePath.copyTo(FilePath.java:809)
	at hudson.plugins.findbugs.util.HealthAwareMavenReporter.copyFilesToMaster(HealthAwareMavenReporter.java:244)
	at hudson.plugins.findbugs.util.HealthAwareMavenReporter.postExecute(HealthAwareMavenReporter.java:201)
	at hudson.maven.MavenModuleSetBuild$Builder.postExecute(MavenModuleSetBuild.java:603)
	at hudson.maven.MavenBuilder$Adapter.postExecute(MavenBuilder.java:267)
	at hudson.maven.agent.PluginManagerInterceptor$1MojoIntercepterImpl.callPost(PluginManagerInterceptor.java:147)
	at hudson.maven.agent.PluginManagerInterceptor.executeMojo(PluginManagerInterceptor.java:160)
	at org.apache.maven.lifecycle.DefaultLifecycleExecutor.executeGoals(DefaultLifecycleExecutor.java:558)
	at org.apache.maven.lifecycle.DefaultLifecycleExecutor.executeStandaloneGoal(DefaultLifecycleExecutor.java:512)
	at org.apache.maven.lifecycle.DefaultLifecycleExecutor.executeGoal(DefaultLifecycleExecutor.java:482)
	at org.apache.maven.lifecycle.DefaultLifecycleExecutor.executeGoalAndHandleFailures(DefaultLifecycleExecutor.java:330)
	at org.apache.maven.lifecycle.DefaultLifecycleExecutor.executeTaskSegments(DefaultLifecycleExecutor.java:291)
	at org.apache.maven.lifecycle.DefaultLifecycleExecutor.execute(DefaultLifecycleExecutor.java:142)
	at org.apache.maven.lifecycle.LifecycleExecutorInterceptor.execute(LifecycleExecutorInterceptor.java:42)
	at org.apache.maven.DefaultMaven.doExecute(DefaultMaven.java:336)
	at org.apache.maven.DefaultMaven.execute(DefaultMaven.java:129)
	at org.apache.maven.cli.MavenCli.main(MavenCli.java:287)
	at sun.reflect.NativeMethodAccessorImpl.invoke0(Native Method)
	at sun.reflect.NativeMethodAccessorImpl.invoke(NativeMethodAccessorImpl.java:39)
	at sun.reflect.DelegatingMethodAccessorImpl.invoke(DelegatingMethodAccessorImpl.java:25)
	at java.lang.reflect.Method.invoke(Method.java:585)
	at org.codehaus.classworlds.Launcher.launchEnhanced(Launcher.java:315)
	at org.codehaus.classworlds.Launcher.launch(Launcher.java:255)
	at hudson.maven.agent.Main.launch(Main.java:135)
	at hudson.maven.MavenBuilder.call(MavenBuilder.java:139)
	at hudson.maven.MavenModuleSetBuild$Builder.call(MavenModuleSetBuild.java:542)
	at hudson.maven.MavenModuleSetBuild$Builder.call(MavenModuleSetBuild.java:488)
	at hudson.remoting.UserRequest.perform(UserRequest.java:69)
	at hudson.remoting.UserRequest.perform(UserRequest.java:23)
	at hudson.remoting.Request$2.run(Request.java:213)
	at java.util.concurrent.Executors$RunnableAdapter.call(Executors.java:417)
	at java.util.concurrent.FutureTask$Sync.innerRun(FutureTask.java:269)
	at java.util.concurrent.FutureTask.run(FutureTask.java:123)
	at java.util.concurrent.ThreadPoolExecutor$Worker.runTask(ThreadPoolExecutor.java:650)
	at java.util.concurrent.ThreadPoolExecutor$Worker.run(ThreadPoolExecutor.java:675)
	at java.lang.Thread.run(Thread.java:595)
[FINDBUGS] Can't copy file from slave to master: slave=workspace/src/main/java/it/quitaland/k4t/project/mail/TestAutomaticiMail.java, master=1f1e4785.tmp
java.io.FileNotFoundException: workspace\src\main\java\it\quitaland\k4t\project\mail\TestAutomaticiMail.java (Impossibile trovare il percorso specificato)
	at java.io.FileInputStream.open(Native Method)
	at java.io.FileInputStream.<init>(FileInputStream.java:106)
	at hudson.FilePath$22.invoke(FilePath.java:823)
	at hudson.FilePath$22.invoke(FilePath.java:821)
	at hudson.FilePath.act(FilePath.java:389)
	at hudson.FilePath.copyTo(FilePath.java:821)
	at hudson.FilePath.copyTo(FilePath.java:809)
	at hudson.plugins.findbugs.util.HealthAwareMavenReporter.copyFilesToMaster(HealthAwareMavenReporter.java:244)
	at hudson.plugins.findbugs.util.HealthAwareMavenReporter.postExecute(HealthAwareMavenReporter.java:201)
	at hudson.maven.MavenModuleSetBuild$Builder.postExecute(MavenModuleSetBuild.java:603)
	at hudson.maven.MavenBuilder$Adapter.postExecute(MavenBuilder.java:267)
	at hudson.maven.agent.PluginManagerInterceptor$1MojoIntercepterImpl.callPost(PluginManagerInterceptor.java:147)
	at hudson.maven.agent.PluginManagerInterceptor.executeMojo(PluginManagerInterceptor.java:160)
	at org.apache.maven.lifecycle.DefaultLifecycleExecutor.executeGoals(DefaultLifecycleExecutor.java:558)
	at org.apache.maven.lifecycle.DefaultLifecycleExecutor.executeStandaloneGoal(DefaultLifecycleExecutor.java:512)
	at org.apache.maven.lifecycle.DefaultLifecycleExecutor.executeGoal(DefaultLifecycleExecutor.java:482)
	at org.apache.maven.lifecycle.DefaultLifecycleExecutor.executeGoalAndHandleFailures(DefaultLifecycleExecutor.java:330)
	at org.apache.maven.lifecycle.DefaultLifecycleExecutor.executeTaskSegments(DefaultLifecycleExecutor.java:291)
	at org.apache.maven.lifecycle.DefaultLifecycleExecutor.execute(DefaultLifecycleExecutor.java:142)
	at org.apache.maven.lifecycle.LifecycleExecutorInterceptor.execute(LifecycleExecutorInterceptor.java:42)
	at org.apache.maven.DefaultMaven.doExecute(DefaultMaven.java:336)
	at org.apache.maven.DefaultMaven.execute(DefaultMaven.java:129)
	at org.apache.maven.cli.MavenCli.main(MavenCli.java:287)
	at sun.reflect.NativeMethodAccessorImpl.invoke0(Native Method)
	at sun.reflect.NativeMethodAccessorImpl.invoke(NativeMethodAccessorImpl.java:39)
	at sun.reflect.DelegatingMethodAccessorImpl.invoke(DelegatingMethodAccessorImpl.java:25)
	at java.lang.reflect.Method.invoke(Method.java:585)
	at org.codehaus.classworlds.Launcher.launchEnhanced(Launcher.java:315)
	at org.codehaus.classworlds.Launcher.launch(Launcher.java:255)
	at hudson.maven.agent.Main.launch(Main.java:135)
	at hudson.maven.MavenBuilder.call(MavenBuilder.java:139)
	at hudson.maven.MavenModuleSetBuild$Builder.call(MavenModuleSetBuild.java:542)
	at hudson.maven.MavenModuleSetBuild$Builder.call(MavenModuleSetBuild.java:488)
	at hudson.remoting.UserRequest.perform(UserRequest.java:69)
	at hudson.remoting.UserRequest.perform(UserRequest.java:23)
	at hudson.remoting.Request$2.run(Request.java:213)
	at java.util.concurrent.Executors$RunnableAdapter.call(Executors.java:417)
	at java.util.concurrent.FutureTask$Sync.innerRun(FutureTask.java:269)
	at java.util.concurrent.FutureTask.run(FutureTask.java:123)
	at java.util.concurrent.ThreadPoolExecutor$Worker.runTask(ThreadPoolExecutor.java:650)
	at java.util.concurrent.ThreadPoolExecutor$Worker.run(ThreadPoolExecutor.java:675)
	at java.lang.Thread.run(Thread.java:595)
[FINDBUGS] Can't copy file from slave to master: slave=workspace/src/main/java/it/quitaland/k4t/project/mail/TestAutomaticiMailContent.java, master=9aea4cc2.tmp
java.io.FileNotFoundException: workspace\src\main\java\it\quitaland\k4t\project\mail\TestAutomaticiMailContent.java (Impossibile trovare il percorso specificato)
	at java.io.FileInputStream.open(Native Method)
	at java.io.FileInputStream.<init>(FileInputStream.java:106)
	at hudson.FilePath$22.invoke(FilePath.java:823)
	at hudson.FilePath$22.invoke(FilePath.java:821)
	at hudson.FilePath.act(FilePath.java:389)
	at hudson.FilePath.copyTo(FilePath.java:821)
	at hudson.FilePath.copyTo(FilePath.java:809)
	at hudson.plugins.findbugs.util.HealthAwareMavenReporter.copyFilesToMaster(HealthAwareMavenReporter.java:244)
	at hudson.plugins.findbugs.util.HealthAwareMavenReporter.postExecute(HealthAwareMavenReporter.java:201)
	at hudson.maven.MavenModuleSetBuild$Builder.postExecute(MavenModuleSetBuild.java:603)
	at hudson.maven.MavenBuilder$Adapter.postExecute(MavenBuilder.java:267)
	at hudson.maven.agent.PluginManagerInterceptor$1MojoIntercepterImpl.callPost(PluginManagerInterceptor.java:147)
	at hudson.maven.agent.PluginManagerInterceptor.executeMojo(PluginManagerInterceptor.java:160)
	at org.apache.maven.lifecycle.DefaultLifecycleExecutor.executeGoals(DefaultLifecycleExecutor.java:558)
	at org.apache.maven.lifecycle.DefaultLifecycleExecutor.executeStandaloneGoal(DefaultLifecycleExecutor.java:512)
	at org.apache.maven.lifecycle.DefaultLifecycleExecutor.executeGoal(DefaultLifecycleExecutor.java:482)
	at org.apache.maven.lifecycle.DefaultLifecycleExecutor.executeGoalAndHandleFailures(DefaultLifecycleExecutor.java:330)
	at org.apache.maven.lifecycle.DefaultLifecycleExecutor.executeTaskSegments(DefaultLifecycleExecutor.java:291)
	at org.apache.maven.lifecycle.DefaultLifecycleExecutor.execute(DefaultLifecycleExecutor.java:142)
	at org.apache.maven.lifecycle.LifecycleExecutorInterceptor.execute(LifecycleExecutorInterceptor.java:42)
	at org.apache.maven.DefaultMaven.doExecute(DefaultMaven.java:336)
	at org.apache.maven.DefaultMaven.execute(DefaultMaven.java:129)
	at org.apache.maven.cli.MavenCli.main(MavenCli.java:287)
	at sun.reflect.NativeMethodAccessorImpl.invoke0(Native Method)
	at sun.reflect.NativeMethodAccessorImpl.invoke(NativeMethodAccessorImpl.java:39)
	at sun.reflect.DelegatingMethodAccessorImpl.invoke(DelegatingMethodAccessorImpl.java:25)
	at java.lang.reflect.Method.invoke(Method.java:585)
	at org.codehaus.classworlds.Launcher.launchEnhanced(Launcher.java:315)
	at org.codehaus.classworlds.Launcher.launch(Launcher.java:255)
	at hudson.maven.agent.Main.launch(Main.java:135)
	at hudson.maven.MavenBuilder.call(MavenBuilder.java:139)
	at hudson.maven.MavenModuleSetBuild$Builder.call(MavenModuleSetBuild.java:542)
	at hudson.maven.MavenModuleSetBuild$Builder.call(MavenModuleSetBuild.java:488)
	at hudson.remoting.UserRequest.perform(UserRequest.java:69)
	at hudson.remoting.UserRequest.perform(UserRequest.java:23)
	at hudson.remoting.Request$2.run(Request.java:213)
	at java.util.concurrent.Executors$RunnableAdapter.call(Executors.java:417)
	at java.util.concurrent.FutureTask$Sync.innerRun(FutureTask.java:269)
	at java.util.concurrent.FutureTask.run(FutureTask.java:123)
	at java.util.concurrent.ThreadPoolExecutor$Worker.runTask(ThreadPoolExecutor.java:650)
	at java.util.concurrent.ThreadPoolExecutor$Worker.run(ThreadPoolExecutor.java:675)
	at java.lang.Thread.run(Thread.java:595)
[FINDBUGS] A total of 0 annotations have been found for priority HIGH
[FINDBUGS] A total of 38 annotations have been found for priority NORMAL
[FINDBUGS] A total of 0 annotations have been found for priority LOW
[HUDSON] Archiving C:\Documents and Settings\ctasso\.hudson\jobs\K4TProjectCore\workspace\pom.xml to C:\Documents and Settings\ctasso\.hudson\jobs\K4TProjectCore\modules\it.kion.k4t$K4TProjectCore\builds\2009-01-09_16-55-30\archive\it.kion.k4t\K4TProjectCore\99.99.99-SNAPSHOT\pom.xml
[INFO] ------------------------------------------------------------------------
[INFO] BUILD SUCCESSFUL
[INFO] ------------------------------------------------------------------------
[INFO] Total time: 20 seconds
[INFO] Finished at: Fri Jan 09 16:55:51 CET 2009
[INFO] Final Memory: 39M/87M
[INFO] ------------------------------------------------------------------------
channel stopped
finished: SUCCESS
