# JRE version: OpenJDK Runtime Environment (8.0_111-b15) (build 1.8.0_111-b15)
# Java VM: OpenJDK 64-Bit Server VM (25.111-b15 mixed mode linux-amd64 compressed oops)
Heap:
 PSYoungGen      total 52736K, used 97K [0x0000000772300000, 0x0000000776800000, 0x00000007c0000000)
  eden space 51200K, 0% used [0x0000000772300000,0x00000007723184a8,0x0000000775500000)
  from space 1536K, 0% used [0x0000000775600000,0x0000000775600000,0x0000000775780000)
  to   space 9728K, 0% used [0x0000000775e80000,0x0000000775e80000,0x0000000776800000)
 ParOldGen       total 69632K, used 9627K [0x00000006d6800000, 0x00000006dac00000, 0x0000000772300000)
  object space 69632K, 13% used [0x00000006d6800000,0x00000006d7166f28,0x00000006dac00000)
 Metaspace       used 32767K, capacity 34110K, committed 35496K, reserved 1081344K
  class space    used 3527K, capacity 3857K, committed 4096K, reserved 1048576K
GC Heap History (10 events):
Event: 17361.331 GC heap before
{Heap before GC invocations=11 (full 1):
 PSYoungGen      total 58368K, used 58039K [0x0000000772300000, 0x0000000776c00000, 0x00000007c0000000)
  eden space 55296K, 100% used [0x0000000772300000,0x0000000775900000,0x0000000775900000)
  from space 3072K, 89% used [0x0000000775a00000,0x0000000775caddd8,0x0000000775d00000)
  to   space 9728K, 0% used [0x0000000776280000,0x0000000776280000,0x0000000776c00000)
 ParOldGen       total 68096K, used 9655K [0x00000006d6800000, 0x00000006daa80000, 0x0000000772300000)
  object space 68096K, 14% used [0x00000006d6800000,0x00000006d716dca8,0x00000006daa80000)
 Metaspace       used 30711K, capacity 32354K, committed 32512K, reserved 1077248K
  class space    used 3367K, capacity 3744K, committed 3840K, reserved 1048576K
Event: 17361.334 GC heap after
Heap after GC invocations=11 (full 1):
 PSYoungGen      total 62976K, used 1928K [0x0000000772300000, 0x0000000776b00000, 0x00000007c0000000)
  eden space 54272K, 0% used [0x0000000772300000,0x0000000772300000,0x0000000775800000)
  from space 8704K, 22% used [0x0000000776280000,0x00000007764620f0,0x0000000776b00000)
  to   space 9728K, 0% used [0x0000000775800000,0x0000000775800000,0x0000000776180000)
 ParOldGen       total 68096K, used 10159K [0x00000006d6800000, 0x00000006daa80000, 0x0000000772300000)
  object space 68096K, 14% used [0x00000006d6800000,0x00000006d71ebcd8,0x00000006daa80000)
 Metaspace       used 30711K, capacity 32354K, committed 32512K, reserved 1077248K
  class space    used 3367K, capacity 3744K, committed 3840K, reserved 1048576K
}
Event: 17914.050 GC heap before
{Heap before GC invocations=12 (full 1):
 PSYoungGen      total 62976K, used 56200K [0x0000000772300000, 0x0000000776b00000, 0x00000007c0000000)
  eden space 54272K, 100% used [0x0000000772300000,0x0000000775800000,0x0000000775800000)
  from space 8704K, 22% used [0x0000000776280000,0x00000007764620f0,0x0000000776b00000)
  to   space 9728K, 0% used [0x0000000775800000,0x0000000775800000,0x0000000776180000)
 ParOldGen       total 68096K, used 10159K [0x00000006d6800000, 0x00000006daa80000, 0x0000000772300000)
  object space 68096K, 14% used [0x00000006d6800000,0x00000006d71ebcd8,0x00000006daa80000)
 Metaspace       used 33454K, capacity 35230K, committed 35328K, reserved 1081344K
  class space    used 3643K, capacity 4043K, committed 4096K, reserved 1048576K
Event: 17914.053 GC heap after
Heap after GC invocations=12 (full 1):
 PSYoungGen      total 56320K, used 2753K [0x0000000772300000, 0x0000000776a00000, 0x00000007c0000000)
  eden space 53248K, 0% used [0x0000000772300000,0x0000000772300000,0x0000000775700000)
  from space 3072K, 89% used [0x0000000775800000,0x0000000775ab0460,0x0000000775b00000)
  to   space 9728K, 0% used [0x0000000776080000,0x0000000776080000,0x0000000776a00000)
 ParOldGen       total 68096K, used 10739K [0x00000006d6800000, 0x00000006daa80000, 0x0000000772300000)
  object space 68096K, 15% used [0x00000006d6800000,0x00000006d727cd08,0x00000006daa80000)
 Metaspace       used 33454K, capacity 35230K, committed 35328K, reserved 1081344K
  class space    used 3643K, capacity 4043K, committed 4096K, reserved 1048576K
}
Event: 18322.665 GC heap before
{Heap before GC invocations=13 (full 1):
 PSYoungGen      total 56320K, used 56001K [0x0000000772300000, 0x0000000776a00000, 0x00000007c0000000)
  eden space 53248K, 100% used [0x0000000772300000,0x0000000775700000,0x0000000775700000)
  from space 3072K, 89% used [0x0000000775800000,0x0000000775ab0460,0x0000000775b00000)
  to   space 9728K, 0% used [0x0000000776080000,0x0000000776080000,0x0000000776a00000)
 ParOldGen       total 68096K, used 10739K [0x00000006d6800000, 0x00000006daa80000, 0x0000000772300000)
  object space 68096K, 15% used [0x00000006d6800000,0x00000006d727cd08,0x00000006daa80000)
 Metaspace       used 33490K, capacity 35306K, committed 35496K, reserved 1081344K
  class space    used 3644K, capacity 4045K, committed 4096K, reserved 1048576K
Event: 18322.667 GC heap after
Heap after GC invocations=13 (full 1):
 PSYoungGen      total 60928K, used 640K [0x0000000772300000, 0x0000000776900000, 0x00000007c0000000)
  eden space 52224K, 0% used [0x0000000772300000,0x0000000772300000,0x0000000775600000)
  from space 8704K, 7% used [0x0000000776080000,0x0000000776120000,0x0000000776900000)
  to   space 9728K, 0% used [0x0000000775600000,0x0000000775600000,0x0000000775f80000)
 ParOldGen       total 68096K, used 11219K [0x00000006d6800000, 0x00000006daa80000, 0x0000000772300000)
  object space 68096K, 16% used [0x00000006d6800000,0x00000006d72f4d08,0x00000006daa80000)
 Metaspace       used 33490K, capacity 35306K, committed 35496K, reserved 1081344K
  class space    used 3644K, capacity 4045K, committed 4096K, reserved 1048576K
}
Event: 21755.316 GC heap before
{Heap before GC invocations=14 (full 1):
 PSYoungGen      total 60928K, used 40683K [0x0000000772300000, 0x0000000776900000, 0x00000007c0000000)
  eden space 52224K, 76% used [0x0000000772300000,0x0000000774a1afc0,0x0000000775600000)
  from space 8704K, 7% used [0x0000000776080000,0x0000000776120000,0x0000000776900000)
  to   space 9728K, 0% used [0x0000000775600000,0x0000000775600000,0x0000000775f80000)
 ParOldGen       total 68096K, used 11219K [0x00000006d6800000, 0x00000006daa80000, 0x0000000772300000)
  object space 68096K, 16% used [0x00000006d6800000,0x00000006d72f4d08,0x00000006daa80000)
 Metaspace       used 33618K, capacity 35428K, committed 35496K, reserved 1081344K
  class space    used 3652K, capacity 4057K, committed 4096K, reserved 1048576K
Event: 21755.318 GC heap after
Heap after GC invocations=14 (full 1):
 PSYoungGen      total 52736K, used 1280K [0x0000000772300000, 0x0000000776800000, 0x00000007c0000000)
  eden space 51200K, 0% used [0x0000000772300000,0x0000000772300000,0x0000000775500000)
  from space 1536K, 83% used [0x0000000775600000,0x0000000775740010,0x0000000775780000)
  to   space 9728K, 0% used [0x0000000775e80000,0x0000000775e80000,0x0000000776800000)
 ParOldGen       total 68096K, used 11275K [0x00000006d6800000, 0x00000006daa80000, 0x0000000772300000)
  object space 68096K, 16% used [0x00000006d6800000,0x00000006d7302d08,0x00000006daa80000)
 Metaspace       used 33618K, capacity 35428K, committed 35496K, reserved 1081344K
  class space    used 3652K, capacity 4057K, committed 4096K, reserved 1048576K
}
Event: 21755.318 GC heap before
{Heap before GC invocations=15 (full 2):
 PSYoungGen      total 52736K, used 1280K [0x0000000772300000, 0x0000000776800000, 0x00000007c0000000)
  eden space 51200K, 0% used [0x0000000772300000,0x0000000772300000,0x0000000775500000)
  from space 1536K, 83% used [0x0000000775600000,0x0000000775740010,0x0000000775780000)
  to   space 9728K, 0% used [0x0000000775e80000,0x0000000775e80000,0x0000000776800000)
 ParOldGen       total 68096K, used 11275K [0x00000006d6800000, 0x00000006daa80000, 0x0000000772300000)
  object space 68096K, 16% used [0x00000006d6800000,0x00000006d7302d08,0x00000006daa80000)
 Metaspace       used 33618K, capacity 35428K, committed 35496K, reserved 1081344K
  class space    used 3652K, capacity 4057K, committed 4096K, reserved 1048576K
Event: 21755.370 GC heap after
Heap after GC invocations=15 (full 2):
 PSYoungGen      total 52736K, used 0K [0x0000000772300000, 0x0000000776800000, 0x00000007c0000000)
  eden space 51200K, 0% used [0x0000000772300000,0x0000000772300000,0x0000000775500000)
  from space 1536K, 0% used [0x0000000775600000,0x0000000775600000,0x0000000775780000)
  to   space 9728K, 0% used [0x0000000775e80000,0x0000000775e80000,0x0000000776800000)
 ParOldGen       total 69632K, used 9627K [0x00000006d6800000, 0x00000006dac00000, 0x0000000772300000)
  object space 69632K, 13% used [0x00000006d6800000,0x00000006d7166f28,0x00000006dac00000)
 Metaspace       used 32759K, capacity 34014K, committed 35496K, reserved 1081344K
  class space    used 3525K, capacity 3825K, committed 4096K, reserved 1048576K
}

