<?xml version='1.0' encoding='UTF-8'?>
<result>
  <suites>
    <suite>
      <file>D:\apps\Jenkins\jobs\Testfailure.test\workspace\de.logiball.ci.testfailure.test_JUnit.xml</file>
      <name>de.logiball.ci.testfailure.test.TestignoredTest</name>
      <duration>0.0</duration>
      <cases>
        <case>
          <duration>0.0</duration>
          <className>de.logiball.ci.testfailure.test.TestignoredTest</className>
          <testName>testSecond</testName>
          <skipped>false</skipped>
          <failedSince>0</failedSince>
        </case>
        <case>
          <duration>0.0</duration>
          <className>de.logiball.ci.testfailure.test.TestignoredTest</className>
          <testName>testFirst</testName>
          <skipped>false</skipped>
          <failedSince>0</failedSince>
        </case>
      </cases>
    </suite>
    <suite>
      <file>D:\apps\Jenkins\jobs\Testfailure.test\workspace\de.logiball.ci.testfailure.test_JUnit.xml</file>
      <name>de.logiball.ci.testfailure.test.TestsuccessTest</name>
      <duration>0.015</duration>
      <cases>
        <case>
          <duration>0.0</duration>
          <className>de.logiball.ci.testfailure.test.TestsuccessTest</className>
          <testName>testFirstSuccess</testName>
          <skipped>false</skipped>
          <failedSince>0</failedSince>
        </case>
        <case>
          <duration>0.015</duration>
          <className>de.logiball.ci.testfailure.test.TestsuccessTest</className>
          <testName>testSecondSuccess</testName>
          <skipped>false</skipped>
          <failedSince>0</failedSince>
        </case>
      </cases>
    </suite>
    <suite>
      <file>D:\apps\Jenkins\jobs\Testfailure.test\workspace\de.logiball.ci.testfailure.test_JUnit.xml</file>
      <name>de.logiball.ci.testfailure.test.TestfailureTest</name>
      <duration>0.0</duration>
      <cases>
        <case>
          <duration>0.0</duration>
          <className>de.logiball.ci.testfailure.test.TestfailureTest</className>
          <testName>testSecond</testName>
          <skipped>false</skipped>
          <errorStackTrace>java.lang.AssertionError: dummy true&#xd;
	at org.junit.Assert.fail(Assert.java:91)&#xd;
	at org.junit.Assert.assertTrue(Assert.java:43)&#xd;
	at de.logiball.ci.testfailure.test.TestfailureTest.testSecond(TestfailureTest.java:16)&#xd;
	at sun.reflect.NativeMethodAccessorImpl.invoke0(Native Method)&#xd;
	at sun.reflect.NativeMethodAccessorImpl.invoke(Unknown Source)&#xd;
	at sun.reflect.DelegatingMethodAccessorImpl.invoke(Unknown Source)&#xd;
	at java.lang.reflect.Method.invoke(Unknown Source)&#xd;
	at org.junit.runners.model.FrameworkMethod$1.runReflectiveCall(FrameworkMethod.java:44)&#xd;
	at org.junit.internal.runners.model.ReflectiveCallable.run(ReflectiveCallable.java:15)&#xd;
	at org.junit.runners.model.FrameworkMethod.invokeExplosively(FrameworkMethod.java:41)&#xd;
	at org.junit.internal.runners.statements.InvokeMethod.evaluate(InvokeMethod.java:20)&#xd;
	at org.junit.runners.BlockJUnit4ClassRunner.runNotIgnored(BlockJUnit4ClassRunner.java:79)&#xd;
	at org.junit.runners.BlockJUnit4ClassRunner.runChild(BlockJUnit4ClassRunner.java:71)&#xd;
	at org.junit.runners.BlockJUnit4ClassRunner.runChild(BlockJUnit4ClassRunner.java:49)&#xd;
	at org.junit.runners.ParentRunner$3.run(ParentRunner.java:193)&#xd;
	at org.junit.runners.ParentRunner$1.schedule(ParentRunner.java:52)&#xd;
	at org.junit.runners.ParentRunner.runChildren(ParentRunner.java:191)&#xd;
	at org.junit.runners.ParentRunner.access$000(ParentRunner.java:42)&#xd;
	at org.junit.runners.ParentRunner$2.evaluate(ParentRunner.java:184)&#xd;
	at org.junit.runners.ParentRunner.run(ParentRunner.java:236)&#xd;
	at org.eclipse.jdt.internal.junit4.runner.JUnit4TestReference.run(JUnit4TestReference.java:50)&#xd;
	at org.eclipse.jdt.internal.junit.runner.TestExecution.run(TestExecution.java:38)&#xd;
	at org.eclipse.jdt.internal.junit.runner.RemoteTestRunner.runTests(RemoteTestRunner.java:467)&#xd;
	at org.eclipse.jdt.internal.junit.runner.RemoteTestRunner.runTests(RemoteTestRunner.java:683)&#xd;
	at org.eclipse.jdt.internal.junit.runner.RemoteTestRunner.run(RemoteTestRunner.java:390)&#xd;
	at org.eclipse.jdt.internal.junit.runner.RemoteTestRunner.main(RemoteTestRunner.java:197)&#xd;
&#xd;
</errorStackTrace>
          <failedSince>26</failedSince>
        </case>
        <case>
          <duration>0.0</duration>
          <className>de.logiball.ci.testfailure.test.TestfailureTest</className>
          <testName>testFirst</testName>
          <skipped>false</skipped>
          <errorStackTrace>java.lang.AssertionError: dummy true&#xd;
	at org.junit.Assert.fail(Assert.java:91)&#xd;
	at org.junit.Assert.assertTrue(Assert.java:43)&#xd;
	at de.logiball.ci.testfailure.test.TestfailureTest.testFirst(TestfailureTest.java:11)&#xd;
	at sun.reflect.NativeMethodAccessorImpl.invoke0(Native Method)&#xd;
	at sun.reflect.NativeMethodAccessorImpl.invoke(Unknown Source)&#xd;
	at sun.reflect.DelegatingMethodAccessorImpl.invoke(Unknown Source)&#xd;
	at java.lang.reflect.Method.invoke(Unknown Source)&#xd;
	at org.junit.runners.model.FrameworkMethod$1.runReflectiveCall(FrameworkMethod.java:44)&#xd;
	at org.junit.internal.runners.model.ReflectiveCallable.run(ReflectiveCallable.java:15)&#xd;
	at org.junit.runners.model.FrameworkMethod.invokeExplosively(FrameworkMethod.java:41)&#xd;
	at org.junit.internal.runners.statements.InvokeMethod.evaluate(InvokeMethod.java:20)&#xd;
	at org.junit.runners.BlockJUnit4ClassRunner.runNotIgnored(BlockJUnit4ClassRunner.java:79)&#xd;
	at org.junit.runners.BlockJUnit4ClassRunner.runChild(BlockJUnit4ClassRunner.java:71)&#xd;
	at org.junit.runners.BlockJUnit4ClassRunner.runChild(BlockJUnit4ClassRunner.java:49)&#xd;
	at org.junit.runners.ParentRunner$3.run(ParentRunner.java:193)&#xd;
	at org.junit.runners.ParentRunner$1.schedule(ParentRunner.java:52)&#xd;
	at org.junit.runners.ParentRunner.runChildren(ParentRunner.java:191)&#xd;
	at org.junit.runners.ParentRunner.access$000(ParentRunner.java:42)&#xd;
	at org.junit.runners.ParentRunner$2.evaluate(ParentRunner.java:184)&#xd;
	at org.junit.runners.ParentRunner.run(ParentRunner.java:236)&#xd;
	at org.eclipse.jdt.internal.junit4.runner.JUnit4TestReference.run(JUnit4TestReference.java:50)&#xd;
	at org.eclipse.jdt.internal.junit.runner.TestExecution.run(TestExecution.java:38)&#xd;
	at org.eclipse.jdt.internal.junit.runner.RemoteTestRunner.runTests(RemoteTestRunner.java:467)&#xd;
	at org.eclipse.jdt.internal.junit.runner.RemoteTestRunner.runTests(RemoteTestRunner.java:683)&#xd;
	at org.eclipse.jdt.internal.junit.runner.RemoteTestRunner.run(RemoteTestRunner.java:390)&#xd;
	at org.eclipse.jdt.internal.junit.runner.RemoteTestRunner.main(RemoteTestRunner.java:197)&#xd;
&#xd;
</errorStackTrace>
          <failedSince>26</failedSince>
        </case>
      </cases>
    </suite>
    <suite>
      <file>D:\apps\Jenkins\jobs\Testfailure.test\workspace\de.logiball.ci.testfailure.test_JUnit.xml</file>
      <name>de.logiball.ci.testfailure.test.TesterrorinsetupTest</name>
      <duration>0.0</duration>
      <cases>
        <case>
          <duration>0.0</duration>
          <className>&lt;init&gt;</className>
          <testName>de.logiball.ci.testfailure.test.TesterrorinsetupTest</testName>
          <skipped>false</skipped>
          <errorStackTrace>java.lang.RuntimeException: beforeClass has unexpected error&#xd;
	at de.logiball.ci.testfailure.test.TesterrorinsetupTest.beforeClass(TesterrorinsetupTest.java:12)&#xd;
	at sun.reflect.NativeMethodAccessorImpl.invoke0(Native Method)&#xd;
	at sun.reflect.NativeMethodAccessorImpl.invoke(Unknown Source)&#xd;
	at sun.reflect.DelegatingMethodAccessorImpl.invoke(Unknown Source)&#xd;
	at java.lang.reflect.Method.invoke(Unknown Source)&#xd;
	at org.junit.runners.model.FrameworkMethod$1.runReflectiveCall(FrameworkMethod.java:44)&#xd;
	at org.junit.internal.runners.model.ReflectiveCallable.run(ReflectiveCallable.java:15)&#xd;
	at org.junit.runners.model.FrameworkMethod.invokeExplosively(FrameworkMethod.java:41)&#xd;
	at org.junit.internal.runners.statements.RunBefores.evaluate(RunBefores.java:27)&#xd;
	at org.junit.runners.ParentRunner.run(ParentRunner.java:236)&#xd;
	at org.eclipse.jdt.internal.junit4.runner.JUnit4TestReference.run(JUnit4TestReference.java:50)&#xd;
	at org.eclipse.jdt.internal.junit.runner.TestExecution.run(TestExecution.java:38)&#xd;
	at org.eclipse.jdt.internal.junit.runner.RemoteTestRunner.runTests(RemoteTestRunner.java:467)&#xd;
	at org.eclipse.jdt.internal.junit.runner.RemoteTestRunner.runTests(RemoteTestRunner.java:683)&#xd;
	at org.eclipse.jdt.internal.junit.runner.RemoteTestRunner.run(RemoteTestRunner.java:390)&#xd;
	at org.eclipse.jdt.internal.junit.runner.RemoteTestRunner.main(RemoteTestRunner.java:197)&#xd;
&#xd;
</errorStackTrace>
          <failedSince>26</failedSince>
        </case>
        <case>
          <duration>0.0</duration>
          <className>de.logiball.ci.testfailure.test.TesterrorinsetupTest</className>
          <testName>testSecond</testName>
          <skipped>false</skipped>
          <failedSince>0</failedSince>
        </case>
        <case>
          <duration>0.0</duration>
          <className>de.logiball.ci.testfailure.test.TesterrorinsetupTest</className>
          <testName>testFirst</testName>
          <skipped>false</skipped>
          <failedSince>0</failedSince>
        </case>
      </cases>
    </suite>
    <suite>
      <file>D:\apps\Jenkins\jobs\Testfailure.test\workspace\de.logiball.ci.testfailure.test_JUnit.xml</file>
      <name>de.logiball.ci.testfailure.test.TesterrorTest</name>
      <duration>0.0</duration>
      <cases>
        <case>
          <duration>0.0</duration>
          <className>de.logiball.ci.testfailure.test.TesterrorTest</className>
          <testName>testSecond</testName>
          <skipped>false</skipped>
          <errorStackTrace>java.lang.RuntimeException: testSecond has unexpected error&#xd;
	at de.logiball.ci.testfailure.test.TesterrorTest.testSecond(TesterrorTest.java:14)&#xd;
	at sun.reflect.NativeMethodAccessorImpl.invoke0(Native Method)&#xd;
	at sun.reflect.NativeMethodAccessorImpl.invoke(Unknown Source)&#xd;
	at sun.reflect.DelegatingMethodAccessorImpl.invoke(Unknown Source)&#xd;
	at java.lang.reflect.Method.invoke(Unknown Source)&#xd;
	at org.junit.runners.model.FrameworkMethod$1.runReflectiveCall(FrameworkMethod.java:44)&#xd;
	at org.junit.internal.runners.model.ReflectiveCallable.run(ReflectiveCallable.java:15)&#xd;
	at org.junit.runners.model.FrameworkMethod.invokeExplosively(FrameworkMethod.java:41)&#xd;
	at org.junit.internal.runners.statements.InvokeMethod.evaluate(InvokeMethod.java:20)&#xd;
	at org.junit.runners.BlockJUnit4ClassRunner.runNotIgnored(BlockJUnit4ClassRunner.java:79)&#xd;
	at org.junit.runners.BlockJUnit4ClassRunner.runChild(BlockJUnit4ClassRunner.java:71)&#xd;
	at org.junit.runners.BlockJUnit4ClassRunner.runChild(BlockJUnit4ClassRunner.java:49)&#xd;
	at org.junit.runners.ParentRunner$3.run(ParentRunner.java:193)&#xd;
	at org.junit.runners.ParentRunner$1.schedule(ParentRunner.java:52)&#xd;
	at org.junit.runners.ParentRunner.runChildren(ParentRunner.java:191)&#xd;
	at org.junit.runners.ParentRunner.access$000(ParentRunner.java:42)&#xd;
	at org.junit.runners.ParentRunner$2.evaluate(ParentRunner.java:184)&#xd;
	at org.junit.runners.ParentRunner.run(ParentRunner.java:236)&#xd;
	at org.eclipse.jdt.internal.junit4.runner.JUnit4TestReference.run(JUnit4TestReference.java:50)&#xd;
	at org.eclipse.jdt.internal.junit.runner.TestExecution.run(TestExecution.java:38)&#xd;
	at org.eclipse.jdt.internal.junit.runner.RemoteTestRunner.runTests(RemoteTestRunner.java:467)&#xd;
	at org.eclipse.jdt.internal.junit.runner.RemoteTestRunner.runTests(RemoteTestRunner.java:683)&#xd;
	at org.eclipse.jdt.internal.junit.runner.RemoteTestRunner.run(RemoteTestRunner.java:390)&#xd;
	at org.eclipse.jdt.internal.junit.runner.RemoteTestRunner.main(RemoteTestRunner.java:197)&#xd;
&#xd;
</errorStackTrace>
          <failedSince>26</failedSince>
        </case>
        <case>
          <duration>0.0</duration>
          <className>de.logiball.ci.testfailure.test.TesterrorTest</className>
          <testName>testFirst</testName>
          <skipped>false</skipped>
          <errorStackTrace>java.lang.RuntimeException: testFirst has unexpected error&#xd;
	at de.logiball.ci.testfailure.test.TesterrorTest.testFirst(TesterrorTest.java:9)&#xd;
	at sun.reflect.NativeMethodAccessorImpl.invoke0(Native Method)&#xd;
	at sun.reflect.NativeMethodAccessorImpl.invoke(Unknown Source)&#xd;
	at sun.reflect.DelegatingMethodAccessorImpl.invoke(Unknown Source)&#xd;
	at java.lang.reflect.Method.invoke(Unknown Source)&#xd;
	at org.junit.runners.model.FrameworkMethod$1.runReflectiveCall(FrameworkMethod.java:44)&#xd;
	at org.junit.internal.runners.model.ReflectiveCallable.run(ReflectiveCallable.java:15)&#xd;
	at org.junit.runners.model.FrameworkMethod.invokeExplosively(FrameworkMethod.java:41)&#xd;
	at org.junit.internal.runners.statements.InvokeMethod.evaluate(InvokeMethod.java:20)&#xd;
	at org.junit.runners.BlockJUnit4ClassRunner.runNotIgnored(BlockJUnit4ClassRunner.java:79)&#xd;
	at org.junit.runners.BlockJUnit4ClassRunner.runChild(BlockJUnit4ClassRunner.java:71)&#xd;
	at org.junit.runners.BlockJUnit4ClassRunner.runChild(BlockJUnit4ClassRunner.java:49)&#xd;
	at org.junit.runners.ParentRunner$3.run(ParentRunner.java:193)&#xd;
	at org.junit.runners.ParentRunner$1.schedule(ParentRunner.java:52)&#xd;
	at org.junit.runners.ParentRunner.runChildren(ParentRunner.java:191)&#xd;
	at org.junit.runners.ParentRunner.access$000(ParentRunner.java:42)&#xd;
	at org.junit.runners.ParentRunner$2.evaluate(ParentRunner.java:184)&#xd;
	at org.junit.runners.ParentRunner.run(ParentRunner.java:236)&#xd;
	at org.eclipse.jdt.internal.junit4.runner.JUnit4TestReference.run(JUnit4TestReference.java:50)&#xd;
	at org.eclipse.jdt.internal.junit.runner.TestExecution.run(TestExecution.java:38)&#xd;
	at org.eclipse.jdt.internal.junit.runner.RemoteTestRunner.runTests(RemoteTestRunner.java:467)&#xd;
	at org.eclipse.jdt.internal.junit.runner.RemoteTestRunner.runTests(RemoteTestRunner.java:683)&#xd;
	at org.eclipse.jdt.internal.junit.runner.RemoteTestRunner.run(RemoteTestRunner.java:390)&#xd;
	at org.eclipse.jdt.internal.junit.runner.RemoteTestRunner.main(RemoteTestRunner.java:197)&#xd;
&#xd;
</errorStackTrace>
          <failedSince>26</failedSince>
        </case>
      </cases>
    </suite>
  </suites>
  <duration>0.015</duration>
  <keepLongStdio>false</keepLongStdio>
</result>