Gestartet durch Benutzer [8mha:////4ICNShb4e4ehx7wElYjhvoZsuV6GXw055AcgZUYF3PizAAAAlx+LCAAAAAAAAP9b85aBtbiIQTGjNKU4P08vOT+vOD8nVc83PyU1x6OyILUoJzMv2y+/JJUBAhiZGBgqihhk0NSjKDWzXb3RdlLBUSYGJk8GtpzUvPSSDB8G5tKinBIGIZ+sxLJE/ZzEvHT94JKizLx0a6BxUmjGOUNodHsLgAyuEgZu/dLi1CL9xJTczDwAEmIUecAAAAA=[0mSLSE Admin
[EnvInject] - Loading node environment variables.
Baue auf dem Agenten â€ž[8mha:////4MEo9ONPFCc+B6dIajvXIJzSOz1Mb8vwNyXfTfrmMdUbAAAAoB+LCAAAAAAAAP9b85aBtbiIQTGjNKU4P08vOT+vOD8nVc83PyU1x6OyILUoJzMv2y+/JJUBAhiZGBgqihhk0NSjKDWzXb3RdlLBUSYGJk8GtpzUvPSSDB8G5tKinBIGIZ+sxLJE/ZzEvHT94JKizLx0a6BxUmjGOUNodHsLgAyuEgYR/eT83ILSktQifWfPeOcQZ8cAQzMA9zRg+skAAAA=[0mCI_CTCAP16â€œ (ci_ctc) in Arbeitsbereich /shd/CTC/TOOLS/Jenkins/workspace/ChrisTest
[WS-CLEANUP] Deleting project workspace...
[WS-CLEANUP] Deferred wipeout is used...
[WS-CLEANUP] Done
[ChrisTest] $ /bin/sh -xe /tmp/jenkins7484130205150481066.sh
+ echo 'void doSomething() { int a; }'
+ echo 'Project(TestProject)'
+ echo 'Add_Definitions(-Wunused)'
+ echo 'Add_Library(TestLib main.cpp)'
[build] $ cmake -G Ninja /shd/CTC/TOOLS/Jenkins/workspace/ChrisTest
-- The C compiler identification is GNU 4.8.5
-- The CXX compiler identification is GNU 4.8.5
-- Check for working C compiler using: Ninja
-- Check for working C compiler using: Ninja -- works
-- Detecting C compiler ABI info
-- Detecting C compiler ABI info - done
-- Detecting C compile features
-- Detecting C compile features - done
-- Check for working CXX compiler using: Ninja
-- Check for working CXX compiler using: Ninja -- works
-- Detecting CXX compiler ABI info
-- Detecting CXX compiler ABI info - done
-- Detecting CXX compile features
-- Detecting CXX compile features - done
CMake Warning (dev) in CMakeLists.txt:
  No cmake_minimum_required command is present.  A line of code such as

    cmake_minimum_required(VERSION 3.5)

  should be added at the top of the file.  The version specified may be lower
  if you wish to support older CMake versions for this project.  For more
  information run "cmake --help-policy CMP0000".
This warning is for project developers.  Use -Wno-dev to suppress it.

-- Configuring done
-- Generating done
-- Build files have been written to: /shd/CTC/TOOLS/Jenkins/workspace/ChrisTest/build
[build] $ /usr/bin/ninja
[1/2] Building CXX object CMakeFiles/TestLib.dir/main.o
../main.cpp: In function â€˜void doSomething()â€™:
../main.cpp:1:26: warning: unused variable â€˜aâ€™ [-Wunused-variable]
 void doSomething() { int a; }
                          ^
[2/2] Linking CXX static library libTestLib.a
Skipping issues blame since Git is the only supported SCM up to now.
[GNU C Compiler 4 (gcc)] Sleeping for 5 seconds due to JENKINS-32191...
[GNU C Compiler 4 (gcc)] Parsing console log (workspace: '/shd/CTC/TOOLS/Jenkins/workspace/ChrisTest')
[GNU C Compiler 4 (gcc)] [ERROR] Can't resolve absolute paths for some files:
[GNU C Compiler 4 (gcc)] [ERROR] - ../main.cpp
[GNU C Compiler 4 (gcc)] [ERROR] Can't create fingerprints for some files:
[GNU C Compiler 4 (gcc)] [ERROR] - '../main.cpp', IO exception has been thrown: java.nio.file.NoSuchFileException: ../main.cpp
[GNU C Compiler 4 (gcc)] Post processing issues on 'CI_CTCAP16' with encoding 'UTF-8'
[GNU C Compiler 4 (gcc)] Resolving absolute file names for all issues
[GNU C Compiler 4 (gcc)] -> 0 resolved, 1 unresolved, 0 already resolved
[GNU C Compiler 4 (gcc)] Copying affected files to Jenkins' build folder /var/lib/jenkins/jobs/ChrisTest/builds/13
[GNU C Compiler 4 (gcc)] -> 0 copied, 0 not in workspace, 1 not-found, 0 with I/O error
[GNU C Compiler 4 (gcc)] Resolving module names from module definitions (build.xml, pom.xml, or Manifest.mf files)
[GNU C Compiler 4 (gcc)] -> resolved module names for 1 issues
[GNU C Compiler 4 (gcc)] Resolving package names (or namespaces) by parsing the affected files
[GNU C Compiler 4 (gcc)] -> resolved package names of 1 affected files
[GNU C Compiler 4 (gcc)] No filter has been set, publishing all 1 issues
[GNU C Compiler 4 (gcc)] Creating fingerprints for all affected code blocks to track issues over different builds
[GNU C Compiler 4 (gcc)] -> created fingerprints for 0 issues
[GNU C Compiler 4 (gcc)] Skipping blaming as requested in the job configuration
[GNU C Compiler 4 (gcc)] Attaching ResultAction with ID 'gcc4' to run 'ChrisTest #13'.
[GNU C Compiler 4 (gcc)] Using reference build 'ChrisTest #11' to compute new, fixed, and outstanding issues
[GNU C Compiler 4 (gcc)] Issues delta (vs. reference build): outstanding: 0, new: 1, fixed: 1
[GNU C Compiler 4 (gcc)] No quality gates have been set - skipping
[GNU C Compiler 4 (gcc)] Health report is disabled - skipping
[GNU C Compiler 4 (gcc)] Created analysis result for 1 issues (found 1 new issues, fixed 1 issues)
Started calculate disk usage of build
Finished Calculation of disk usage of build in 0 seconds
Started calculate disk usage of workspace
Finished Calculation of disk usage of workspace in 0 seconds
Notifying upstream projects of job completion
Finished: SUCCESS
