<?xml version="1.0" encoding="UTF-8"?>
<testsuites>
   <testsuite name="ZuulSetUPTests" tests="1" failures="0" errors="0" skipped=""
              time="0.528864"
              timestamp="">
      <testcase classname="ZuulSetUPTests" name="testSiteInformation" time="0.528864"
                assertions="0"/>
   </testsuite>
   <testsuite name="ZuulSwitchTests" tests="6" failures="2" errors="0" skipped=""
              time="1.004197"
              timestamp="">
      <testcase classname="ZuulSwitchTests" name="testSwitchStatusDataProvider" time="0.012595"
                assertions="0"/>
      <testcase classname="ZuulSwitchTests" name="testSwitchDataProvider" time="0.007565"
                assertions="0"/>
      <testcase classname="ZuulSwitchTests" name="testSiteInformation" time="0.423869"
                assertions="0"/>
   </testsuite>
   <testsuite name="ZuulSwitchTests::testSwitchGetStatus" tests="1" failures="0" errors="0"
              skipped=""
              time="0.556759"
              timestamp="">
      <testcase name="testSwitchGetStatus with data set #0" time="0.556759" assertions="9"/>
   </testsuite>
   <testsuite name="ZuulSwitchTests::testSwitchStates" tests="2" failures="2" errors="0"
              skipped=""
              time="0.003409"
              timestamp="">
      <testcase name="testSwitchStates with data set #0" time="0.002565" assertions="1">
         <failure message="" type="PHPUnit_Framework_ExpectationFailedException">ZuulSwitchTests::testSwitchStates with data set #0 ('10.38.0.163', 'rNS4xz5rr0VG6qPU2Iwm', stdClass)
The switch [rNS4xz5rr0VG6qPU2Iwm] failed to respond to the action [POWER_ON]. Expected response [POWER_ON]
Array
(
)

Failed asserting that false is true.

/var/lib/jenkins/jobs/SVN-repository/workspace/Candi-UnitTest/Zuul/devices/zuulSwitchTest.php:59
/var/lib/jenkins/jobs/SVN-repository/workspace/Candi-UnitTest/VisualPHPUnit/app/lib/VPU.php:483
</failure>
      </testcase>
      <testcase name="testSwitchStates with data set #1" time="0.000844" assertions="1">
         <failure message="" type="PHPUnit_Framework_ExpectationFailedException">ZuulSwitchTests::testSwitchStates with data set #1 ('10.38.0.163', 'rNS4xz5rr0VG6qPU2Iwm', stdClass)
The switch [rNS4xz5rr0VG6qPU2Iwm] failed to respond to the action [POWER_OFF]. Expected response [POWER_OFF]
Array
(
)

Failed asserting that false is true.

/var/lib/jenkins/jobs/SVN-repository/workspace/Candi-UnitTest/Zuul/devices/zuulSwitchTest.php:59
/var/lib/jenkins/jobs/SVN-repository/workspace/Candi-UnitTest/VisualPHPUnit/app/lib/VPU.php:483
</failure>
      </testcase>
   </testsuite>
</testsuites>