<?xml version="1.0" encoding="UTF-8"?>
<testng-results skipped="0" failed="2" total="4" passed="2">
  <reporter-output>
    <line>
      <![CDATA[Step30: Credential Policy Management : Add Provider Credential Policy Result: <font style='background-color:red'>Fail</font>]]>
    </line>
    <line>
      <![CDATA[Step30: Credential Policy Management : Assign Prov Credential Policy to Provider Admin Result: <font style='background-color:green; color:white'>PASSED</font>]]>
    </line>
    <line>
      <![CDATA[Step30: Credential Policy Management : Add Customer Credential Policy Result: <font style='background-color:red'>Fail</font>]]>
    </line>
    <line>
      <![CDATA[Step30: Credential Policy Management : Assign Cust Credential Policy to Customer Admin Result: <font style='background-color:green; color:white'>PASSED</font>]]>
    </line>
  </reporter-output>
  <suite name="Step30: Credential Policy Management" duration-ms="38544" started-at="2015-07-17T13:06:48Z" finished-at="2015-07-17T13:07:26Z">
    <groups>
      <group name="update">
        <method signature="GenericTest.testUpdate(java.lang.String, java.lang.String, java.lang.String, java.lang.String, java.lang.String, java.lang.String, java.lang.String, java.lang.String, java.lang.String, int, int, int)[pri:0, instance:com.company.abc.def.auto.applicationtest.test.GenericTest@722fbdd3]" name="testUpdate" class="com.company.abc.def.auto.applicationtest.test.GenericTest"/>
        <method signature="GenericTest.testUpdate(java.lang.String, java.lang.String, java.lang.String, java.lang.String, java.lang.String, java.lang.String, java.lang.String, java.lang.String, java.lang.String, int, int, int)[pri:0, instance:com.company.abc.def.auto.applicationtest.test.GenericTest@44e43d5e]" name="testUpdate" class="com.company.abc.def.auto.applicationtest.test.GenericTest"/>
      </group> <!-- update -->
      <group name="add">
        <method signature="GenericTest.testAdd(java.lang.String, java.lang.String, java.lang.String, java.lang.String, java.lang.String, java.lang.String, java.lang.String, java.lang.String, java.lang.String, java.lang.String, int, int, int)[pri:0, instance:com.company.abc.def.auto.applicationtest.test.GenericTest@17cd3fb8]" name="testAdd" class="com.company.abc.def.auto.applicationtest.test.GenericTest"/>
        <method signature="GenericTest.testAdd(java.lang.String, java.lang.String, java.lang.String, java.lang.String, java.lang.String, java.lang.String, java.lang.String, java.lang.String, java.lang.String, java.lang.String, int, int, int)[pri:0, instance:com.company.abc.def.auto.applicationtest.test.GenericTest@764e2837]" name="testAdd" class="com.company.abc.def.auto.applicationtest.test.GenericTest"/>
      </group> <!-- add -->
    </groups>
    <test name="Add Provider Credential Policy" duration-ms="22002" started-at="2015-07-17T13:06:48Z" finished-at="2015-07-17T13:07:10Z">
      <class name="com.company.abc.def.auto.applicationtest.test.GenericTest">
        <test-method status="PASS" signature="initTestCaseAttributes(java.lang.Boolean, java.lang.String, java.lang.String, java.lang.String)[pri:0, instance:com.company.abc.def.auto.applicationtest.test.GenericTest@17cd3fb8]" name="initTestCaseAttributes" is-config="true" duration-ms="30" started-at="2015-07-17T15:06:48Z" finished-at="2015-07-17T15:06:48Z">
          <params>
            <param index="0">
              <value>
                <![CDATA[true]]>
              </value>
            </param>
            <param index="1">
              <value>
                <![CDATA[]]>
              </value>
            </param>
            <param index="2">
              <value>
                <![CDATA[]]>
              </value>
            </param>
            <param index="3">
              <value>
                <![CDATA[]]>
              </value>
            </param>
          </params>
          <reporter-output>
          </reporter-output>
        </test-method> <!-- initTestCaseAttributes -->
        <test-method status="PASS" signature="setUp(org.testng.ITestContext)[pri:0, instance:com.company.abc.def.auto.applicationtest.test.GenericTest@17cd3fb8]" name="setUp" is-config="true" duration-ms="8342" started-at="2015-07-17T15:06:48Z" finished-at="2015-07-17T15:06:56Z">
          <params>
            <param index="0">
              <value>
                <![CDATA[org.testng.TestRunner@60d20e1a]]>
              </value>
            </param>
          </params>
          <reporter-output>
          </reporter-output>
        </test-method> <!-- setUp -->
        <test-method status="FAIL" signature="testAdd(java.lang.String, java.lang.String, java.lang.String, java.lang.String, java.lang.String, java.lang.String, java.lang.String, java.lang.String, java.lang.String, java.lang.String, int, int, int)[pri:0, instance:com.company.abc.def.auto.applicationtest.test.GenericTest@17cd3fb8]" name="testAdd" duration-ms="13446" started-at="2015-07-17T15:06:56Z" finished-at="2015-07-17T15:07:10Z">
          <params>
            <param index="0">
              <value>
                <![CDATA[]]>
              </value>
            </param>
            <param index="1">
              <value>
                <![CDATA[data/CredentialPolicy]]>
              </value>
            </param>
            <param index="2">
              <value>
                <![CDATA[             name = "CSP-CP"             idle_session_timeout = 525600             absolute_session_timeout = 525600             password_expires = "never"             failed_login_lock_duration = 5             disable_failed_login_limiting_per_user = true             failed_login_count_per_user = 20             reset_failed_login_count_per_user = 5             disable_failed_login_limiting_per_source = true             failed_login_count_per_source = 10         ]]>
              </value>
            </param>
            <param index="3">
              <value>
                <![CDATA[]]>
              </value>
            </param>
            <param index="4">
              <value>
                <![CDATA[]]>
              </value>
            </param>
            <param index="5">
              <value>
                <![CDATA[sys.obm.CS-P]]>
              </value>
            </param>
            <param index="6">
              <value>
                <![CDATA[administrator]]>
              </value>
            </param>
            <param index="7">
              <value>
                <![CDATA[password]]>
              </value>
            </param>
            <param index="8">
              <value>
                <![CDATA[idle_session_timeout,absolute_session_timeout]]>
              </value>
            </param>
            <param index="9">
              <value>
                <![CDATA[]]>
              </value>
            </param>
            <param index="10">
              <value>
                <![CDATA[1]]>
              </value>
            </param>
            <param index="11">
              <value>
                <![CDATA[1]]>
              </value>
            </param>
            <param index="12">
              <value>
                <![CDATA[1]]>
              </value>
            </param>
          </params>
          <exception class="java.lang.AssertionError">
            <message>
              <![CDATA[400 BAD REQUEST (expected 201 CREATED) - Error, Duplicate Resource Found. data/CredentialPolicy already exists with the following unique data - (name = "CSP-CP") expected [true] but found [false]]]>
            </message>
            <full-stacktrace>
              <![CDATA[java.lang.AssertionError: 400 BAD REQUEST (expected 201 CREATED) - Error, Duplicate Resource Found. data/CredentialPolicy already exists with the following unique data - (name = "CSP-CP") expected [true] but found [false]
	at org.testng.Assert.fail(Assert.java:94)
	at org.testng.Assert.failNotEquals(Assert.java:494)
	at org.testng.Assert.assertTrue(Assert.java:42)
	at org.testng.Assert$assertTrue.call(Unknown Source)
	at org.codehaus.groovy.runtime.callsite.CallSiteArray.defaultCall(CallSiteArray.java:45)
	at org.codehaus.groovy.runtime.callsite.AbstractCallSite.call(AbstractCallSite.java:108)
	at org.codehaus.groovy.runtime.callsite.AbstractCallSite.call(AbstractCallSite.java:120)
	at com.company.abc.def.auto.applicationtest.test.BaseTest.run(BaseTest.groovy:328)
	at com.company.abc.def.auto.applicationtest.test.BaseTest$run.call(Unknown Source)
	at org.codehaus.groovy.runtime.callsite.CallSiteArray.defaultCall(CallSiteArray.java:45)
	at org.codehaus.groovy.runtime.callsite.AbstractCallSite.call(AbstractCallSite.java:108)
	at org.codehaus.groovy.runtime.callsite.AbstractCallSite.call(AbstractCallSite.java:112)
	at com.company.abc.def.auto.applicationtest.test.GenericTest.runTestCase(GenericTest.groovy:735)
	at sun.reflect.NativeMethodAccessorImpl.invoke0(Native Method)
	at sun.reflect.NativeMethodAccessorImpl.invoke(NativeMethodAccessorImpl.java:57)
	at sun.reflect.DelegatingMethodAccessorImpl.invoke(DelegatingMethodAccessorImpl.java:43)
	at java.lang.reflect.Method.invoke(Method.java:606)
	at org.codehaus.groovy.reflection.CachedMethod.invoke(CachedMethod.java:90)
	at groovy.lang.MetaMethod.doMethodInvoke(MetaMethod.java:233)
	at org.codehaus.groovy.runtime.metaclass.ClosureMetaClass.invokeMethod(ClosureMetaClass.java:361)
	at groovy.lang.MetaClassImpl.invokeMethod(MetaClassImpl.java:906)
	at groovy.lang.MetaClassImpl.invokeMethod(MetaClassImpl.java:727)
	at groovy.lang.GroovyObjectSupport.invokeMethod(GroovyObjectSupport.java:44)
	at org.codehaus.groovy.runtime.metaclass.ClosureMetaClass.invokeOnDelegationObjects(ClosureMetaClass.java:423)
	at org.codehaus.groovy.runtime.metaclass.ClosureMetaClass.invokeMethod(ClosureMetaClass.java:348)
	at groovy.lang.MetaClassImpl.invokeMethod(MetaClassImpl.java:906)
	at org.codehaus.groovy.runtime.callsite.PogoMetaClassSite.callCurrent(PogoMetaClassSite.java:66)
	at org.codehaus.groovy.runtime.callsite.CallSiteArray.defaultCallCurrent(CallSiteArray.java:49)
	at org.codehaus.groovy.runtime.callsite.AbstractCallSite.callCurrent(AbstractCallSite.java:133)
	at org.codehaus.groovy.runtime.callsite.AbstractCallSite.callCurrent(AbstractCallSite.java:145)
	at com.company.abc.def.auto.applicationtest.test.GenericTest$_addGeneric_closure2_closure111_closure112.doCall(GenericTest.groovy:130)
	at sun.reflect.NativeMethodAccessorImpl.invoke0(Native Method)
	at sun.reflect.NativeMethodAccessorImpl.invoke(NativeMethodAccessorImpl.java:57)
	at sun.reflect.DelegatingMethodAccessorImpl.invoke(DelegatingMethodAccessorImpl.java:43)
	at java.lang.reflect.Method.invoke(Method.java:606)
	at org.codehaus.groovy.reflection.CachedMethod.invoke(CachedMethod.java:90)
	at groovy.lang.MetaMethod.doMethodInvoke(MetaMethod.java:233)
	at org.codehaus.groovy.runtime.metaclass.ClosureMetaClass.invokeMethod(ClosureMetaClass.java:272)
	at groovy.lang.MetaClassImpl.invokeMethod(MetaClassImpl.java:906)
	at groovy.lang.Closure.call(Closure.java:412)
	at groovy.lang.Closure.call(Closure.java:425)
	at org.codehaus.groovy.runtime.DefaultGroovyMethods.with(DefaultGroovyMethods.java:220)
	at org.codehaus.groovy.runtime.dgm$594.invoke(Unknown Source)
	at org.codehaus.groovy.runtime.callsite.PogoMetaMethodSite$PogoMetaMethodSiteNoUnwrapNoCoerce.invoke(PogoMetaMethodSite.java:313)
	at org.codehaus.groovy.runtime.callsite.PogoMetaMethodSite.call(PogoMetaMethodSite.java:64)
	at org.codehaus.groovy.runtime.callsite.CallSiteArray.defaultCall(CallSiteArray.java:45)
	at org.codehaus.groovy.runtime.callsite.AbstractCallSite.call(AbstractCallSite.java:108)
	at org.codehaus.groovy.runtime.callsite.AbstractCallSite.call(AbstractCallSite.java:116)
	at com.company.abc.def.auto.applicationtest.test.GenericTest$_addGeneric_closure2_closure111.doCall(GenericTest.groovy:109)
	at sun.reflect.NativeMethodAccessorImpl.invoke0(Native Method)
	at sun.reflect.NativeMethodAccessorImpl.invoke(NativeMethodAccessorImpl.java:57)
	at sun.reflect.DelegatingMethodAccessorImpl.invoke(DelegatingMethodAccessorImpl.java:43)
	at java.lang.reflect.Method.invoke(Method.java:606)
	at org.codehaus.groovy.reflection.CachedMethod.invoke(CachedMethod.java:90)
	at org.codehaus.groovy.runtime.metaclass.TransformMetaMethod.invoke(TransformMetaMethod.java:55)
	at org.codehaus.groovy.runtime.metaclass.ClosureMetaClass$1.invoke(ClosureMetaClass.java:259)
	at groovy.lang.MetaMethod.doMethodInvoke(MetaMethod.java:233)
	at org.codehaus.groovy.runtime.metaclass.ClosureMetaClass.invokeMethod(ClosureMetaClass.java:272)
	at groovy.lang.MetaClassImpl.invokeMethod(MetaClassImpl.java:906)
	at org.codehaus.groovy.runtime.callsite.PogoMetaClassSite.call(PogoMetaClassSite.java:39)
	at org.codehaus.groovy.runtime.callsite.CallSiteArray.defaultCall(CallSiteArray.java:45)
	at org.codehaus.groovy.runtime.callsite.AbstractCallSite.call(AbstractCallSite.java:108)
	at org.codehaus.groovy.runtime.callsite.AbstractCallSite.call(AbstractCallSite.java:116)
	at com.company.abc.def.auto.applicationtest.utils.ParallelRunner$_invoke_closure1_closure5.doCall(ParallelRunner.groovy:37)
	at sun.reflect.NativeMethodAccessorImpl.invoke0(Native Method)
	at sun.reflect.NativeMethodAccessorImpl.invoke(NativeMethodAccessorImpl.java:57)
	at sun.reflect.DelegatingMethodAccessorImpl.invoke(DelegatingMethodAccessorImpl.java:43)
	at java.lang.reflect.Method.invoke(Method.java:606)
	at org.codehaus.groovy.reflection.CachedMethod.invoke(CachedMethod.java:90)
	at groovy.lang.MetaMethod.doMethodInvoke(MetaMethod.java:233)
	at org.codehaus.groovy.runtime.metaclass.ClosureMetaClass.invokeMethod(ClosureMetaClass.java:272)
	at groovy.lang.MetaClassImpl.invokeMethod(MetaClassImpl.java:906)
	at org.codehaus.groovy.runtime.callsite.PogoMetaClassSite.call(PogoMetaClassSite.java:39)
	at org.codehaus.groovy.runtime.callsite.CallSiteArray.defaultCall(CallSiteArray.java:45)
	at org.codehaus.groovy.runtime.callsite.AbstractCallSite.call(AbstractCallSite.java:108)
	at org.codehaus.groovy.runtime.callsite.AbstractCallSite.call(AbstractCallSite.java:116)
	at groovyx.gpars.pa.GParsPoolUtilHelper$_eachParallelPA_closure8.doCall(GParsPoolUtilHelper.groovy:189)
	at sun.reflect.NativeMethodAccessorImpl.invoke0(Native Method)
	at sun.reflect.NativeMethodAccessorImpl.invoke(NativeMethodAccessorImpl.java:57)
	at sun.reflect.DelegatingMethodAccessorImpl.invoke(DelegatingMethodAccessorImpl.java:43)
	at java.lang.reflect.Method.invoke(Method.java:606)
	at org.codehaus.groovy.reflection.CachedMethod.invoke(CachedMethod.java:90)
	at groovy.lang.MetaMethod.doMethodInvoke(MetaMethod.java:233)
	at org.codehaus.groovy.runtime.metaclass.ClosureMetaClass.invokeMethod(ClosureMetaClass.java:272)
	at groovy.lang.MetaClassImpl.invokeMethod(MetaClassImpl.java:906)
	at groovy.lang.Closure.call(Closure.java:412)
	at org.codehaus.groovy.runtime.ConvertedClosure.invokeCustom(ConvertedClosure.java:51)
	at org.codehaus.groovy.runtime.ConversionHandler.invoke(ConversionHandler.java:82)
	at com.sun.proxy.$Proxy18.op(Unknown Source)
	at groovyx.gpars.extra166y.AbstractParallelAnyArray$OUPap.leafApply(AbstractParallelAnyArray.java:640)
	at groovyx.gpars.extra166y.PAS$FJOApply.atLeaf(PAS.java:147)
	at groovyx.gpars.extra166y.PAS$FJBase.compute(PAS.java:108)
	at jsr166y.RecursiveAction.exec(RecursiveAction.java:148)
	at jsr166y.ForkJoinTask.doExec(ForkJoinTask.java:305)
	at jsr166y.ForkJoinWorkerThread.execTask(ForkJoinWorkerThread.java:575)
	at jsr166y.ForkJoinPool.scan(ForkJoinPool.java:755)
	at jsr166y.ForkJoinPool.work(ForkJoinPool.java:617)
	at jsr166y.ForkJoinWorkerThread.run(ForkJoinWorkerThread.java:369)
]]>
            </full-stacktrace>
          </exception> <!-- java.lang.AssertionError -->
          <reporter-output>
            <line>
              <![CDATA[Step30: Credential Policy Management : Add Provider Credential Policy Result: <font style='background-color:red'>Fail</font>]]>
            </line>
          </reporter-output>
        </test-method> <!-- testAdd -->
      </class> <!-- com.company.abc.def.auto.applicationtest.test.GenericTest -->
    </test> <!-- Add Provider Credential Policy -->
    <test name="Assign Prov Credential Policy to Provider Admin" duration-ms="7458" started-at="2015-07-17T13:07:10Z" finished-at="2015-07-17T13:07:18Z">
      <class name="com.company.abc.def.auto.applicationtest.test.GenericTest">
        <test-method status="PASS" signature="initTestCaseAttributes(java.lang.Boolean, java.lang.String, java.lang.String, java.lang.String)[pri:0, instance:com.company.abc.def.auto.applicationtest.test.GenericTest@722fbdd3]" name="initTestCaseAttributes" is-config="true" duration-ms="6" started-at="2015-07-17T15:07:10Z" finished-at="2015-07-17T15:07:10Z">
          <params>
            <param index="0">
              <value>
                <![CDATA[true]]>
              </value>
            </param>
            <param index="1">
              <value>
                <![CDATA[]]>
              </value>
            </param>
            <param index="2">
              <value>
                <![CDATA[]]>
              </value>
            </param>
            <param index="3">
              <value>
                <![CDATA[]]>
              </value>
            </param>
          </params>
          <reporter-output>
          </reporter-output>
        </test-method> <!-- initTestCaseAttributes -->
        <test-method status="PASS" signature="setUp(org.testng.ITestContext)[pri:0, instance:com.company.abc.def.auto.applicationtest.test.GenericTest@722fbdd3]" name="setUp" is-config="true" duration-ms="58" started-at="2015-07-17T15:07:10Z" finished-at="2015-07-17T15:07:10Z">
          <params>
            <param index="0">
              <value>
                <![CDATA[org.testng.TestRunner@1c1e5eda]]>
              </value>
            </param>
          </params>
          <reporter-output>
          </reporter-output>
        </test-method> <!-- setUp -->
        <test-method status="PASS" signature="testUpdate(java.lang.String, java.lang.String, java.lang.String, java.lang.String, java.lang.String, java.lang.String, java.lang.String, java.lang.String, java.lang.String, int, int, int)[pri:0, instance:com.company.abc.def.auto.applicationtest.test.GenericTest@722fbdd3]" name="testUpdate" duration-ms="7293" started-at="2015-07-17T15:07:10Z" finished-at="2015-07-17T15:07:18Z">
          <params>
            <param index="0">
              <value>
                <![CDATA[]]>
              </value>
            </param>
            <param index="1">
              <value>
                <![CDATA[relation/administratorUserREL]]>
              </value>
            </param>
            <param index="2">
              <value>
                <![CDATA[             obmUname = "CS-PAdmin"             AdminUser.username = "CS-PAdmin"             AdminUser.email = "CS-PAdmin@csp.com"             AdminUser.role = "CS-PProviderAdministrator"             AdminUser.language = "en-us"             AdminUser.set_language = true             AdminUser.account_information.credential_policy = "CSP-CP"         ]]>
              </value>
            </param>
            <param index="3">
              <value>
                <![CDATA[sys.obm.CS-P]]>
              </value>
            </param>
            <param index="4">
              <value>
                <![CDATA[             obmUname = "CS-PAdmin"                      ]]>
              </value>
            </param>
            <param index="5">
              <value>
                <![CDATA[administrator]]>
              </value>
            </param>
            <param index="6">
              <value>
                <![CDATA[password]]>
              </value>
            </param>
            <param index="7">
              <value>
                <![CDATA[AdminUser.language]]>
              </value>
            </param>
            <param index="8">
              <value>
                <![CDATA[]]>
              </value>
            </param>
            <param index="9">
              <value>
                <![CDATA[1]]>
              </value>
            </param>
            <param index="10">
              <value>
                <![CDATA[1]]>
              </value>
            </param>
            <param index="11">
              <value>
                <![CDATA[1]]>
              </value>
            </param>
          </params>
          <reporter-output>
            <line>
              <![CDATA[Step30: Credential Policy Management : Assign Prov Credential Policy to Provider Admin Result: <font style='background-color:green; color:white'>PASSED</font>]]>
            </line>
          </reporter-output>
        </test-method> <!-- testUpdate -->
      </class> <!-- com.company.abc.def.auto.applicationtest.test.GenericTest -->
    </test> <!-- Assign Prov Credential Policy to Provider Admin -->
    <test name="Add Customer Credential Policy" duration-ms="1538" started-at="2015-07-17T13:07:18Z" finished-at="2015-07-17T13:07:19Z">
      <class name="com.company.abc.def.auto.applicationtest.test.GenericTest">
        <test-method status="PASS" signature="initTestCaseAttributes(java.lang.Boolean, java.lang.String, java.lang.String, java.lang.String)[pri:0, instance:com.company.abc.def.auto.applicationtest.test.GenericTest@764e2837]" name="initTestCaseAttributes" is-config="true" duration-ms="3" started-at="2015-07-17T15:07:18Z" finished-at="2015-07-17T15:07:18Z">
          <params>
            <param index="0">
              <value>
                <![CDATA[true]]>
              </value>
            </param>
            <param index="1">
              <value>
                <![CDATA[]]>
              </value>
            </param>
            <param index="2">
              <value>
                <![CDATA[]]>
              </value>
            </param>
            <param index="3">
              <value>
                <![CDATA[]]>
              </value>
            </param>
          </params>
          <reporter-output>
          </reporter-output>
        </test-method> <!-- initTestCaseAttributes -->
        <test-method status="PASS" signature="setUp(org.testng.ITestContext)[pri:0, instance:com.company.abc.def.auto.applicationtest.test.GenericTest@764e2837]" name="setUp" is-config="true" duration-ms="26" started-at="2015-07-17T15:07:18Z" finished-at="2015-07-17T15:07:18Z">
          <params>
            <param index="0">
              <value>
                <![CDATA[org.testng.TestRunner@de548a2]]>
              </value>
            </param>
          </params>
          <reporter-output>
          </reporter-output>
        </test-method> <!-- setUp -->
        <test-method status="FAIL" signature="testAdd(java.lang.String, java.lang.String, java.lang.String, java.lang.String, java.lang.String, java.lang.String, java.lang.String, java.lang.String, java.lang.String, java.lang.String, int, int, int)[pri:0, instance:com.company.abc.def.auto.applicationtest.test.GenericTest@764e2837]" name="testAdd" duration-ms="1444" started-at="2015-07-17T15:07:18Z" finished-at="2015-07-17T15:07:19Z">
          <params>
            <param index="0">
              <value>
                <![CDATA[]]>
              </value>
            </param>
            <param index="1">
              <value>
                <![CDATA[data/CredentialPolicy]]>
              </value>
            </param>
            <param index="2">
              <value>
                <![CDATA[             name = "AAAGlobal-CP"             idle_session_timeout = 525600             absolute_session_timeout = 525600             password_expires = "never"             failed_login_lock_duration = 5             disable_failed_login_limiting_per_user = true             failed_login_count_per_user = 20             reset_failed_login_count_per_user = 5             disable_failed_login_limiting_per_source = true             failed_login_count_per_source = 10         ]]>
              </value>
            </param>
            <param index="3">
              <value>
                <![CDATA[]]>
              </value>
            </param>
            <param index="4">
              <value>
                <![CDATA[]]>
              </value>
            </param>
            <param index="5">
              <value>
                <![CDATA[sys.obm.CS-P.CS-NB.AAAGlobal]]>
              </value>
            </param>
            <param index="6">
              <value>
                <![CDATA[administrator]]>
              </value>
            </param>
            <param index="7">
              <value>
                <![CDATA[password]]>
              </value>
            </param>
            <param index="8">
              <value>
                <![CDATA[idle_session_timeout,absolute_session_timeout]]>
              </value>
            </param>
            <param index="9">
              <value>
                <![CDATA[]]>
              </value>
            </param>
            <param index="10">
              <value>
                <![CDATA[1]]>
              </value>
            </param>
            <param index="11">
              <value>
                <![CDATA[1]]>
              </value>
            </param>
            <param index="12">
              <value>
                <![CDATA[1]]>
              </value>
            </param>
          </params>
          <exception class="java.lang.AssertionError">
            <message>
              <![CDATA[400 BAD REQUEST (expected 201 CREATED) - Error, Duplicate Resource Found. data/CredentialPolicy already exists with the following unique data - (name = "AAAGlobal-CP") expected [true] but found [false]]]>
            </message>
            <full-stacktrace>
              <![CDATA[java.lang.AssertionError: 400 BAD REQUEST (expected 201 CREATED) - Error, Duplicate Resource Found. data/CredentialPolicy already exists with the following unique data - (name = "AAAGlobal-CP") expected [true] but found [false]
	at org.testng.Assert.fail(Assert.java:94)
	at org.testng.Assert.failNotEquals(Assert.java:494)
	at org.testng.Assert.assertTrue(Assert.java:42)
	at org.testng.Assert$assertTrue.call(Unknown Source)
	at com.company.abc.def.auto.applicationtest.test.BaseTest.run(BaseTest.groovy:328)
	at com.company.abc.def.auto.applicationtest.test.BaseTest$run.call(Unknown Source)
	at org.codehaus.groovy.runtime.callsite.CallSiteArray.defaultCall(CallSiteArray.java:45)
	at com.company.abc.def.auto.applicationtest.test.BaseTest$run.call(Unknown Source)
	at com.company.abc.def.auto.applicationtest.test.GenericTest.runTestCase(GenericTest.groovy:735)
	at sun.reflect.NativeMethodAccessorImpl.invoke0(Native Method)
	at sun.reflect.NativeMethodAccessorImpl.invoke(NativeMethodAccessorImpl.java:57)
	at sun.reflect.DelegatingMethodAccessorImpl.invoke(DelegatingMethodAccessorImpl.java:43)
	at java.lang.reflect.Method.invoke(Method.java:606)
	at org.codehaus.groovy.reflection.CachedMethod.invoke(CachedMethod.java:90)
	at groovy.lang.MetaMethod.doMethodInvoke(MetaMethod.java:233)
	at org.codehaus.groovy.runtime.metaclass.ClosureMetaClass.invokeMethod(ClosureMetaClass.java:361)
	at groovy.lang.MetaClassImpl.invokeMethod(MetaClassImpl.java:906)
	at groovy.lang.MetaClassImpl.invokeMethod(MetaClassImpl.java:727)
	at groovy.lang.GroovyObjectSupport.invokeMethod(GroovyObjectSupport.java:44)
	at org.codehaus.groovy.runtime.metaclass.ClosureMetaClass.invokeOnDelegationObjects(ClosureMetaClass.java:423)
	at org.codehaus.groovy.runtime.metaclass.ClosureMetaClass.invokeMethod(ClosureMetaClass.java:348)
	at groovy.lang.MetaClassImpl.invokeMethod(MetaClassImpl.java:906)
	at org.codehaus.groovy.runtime.callsite.PogoMetaClassSite.callCurrent(PogoMetaClassSite.java:66)
	at org.codehaus.groovy.runtime.callsite.AbstractCallSite.callCurrent(AbstractCallSite.java:145)
	at com.company.abc.def.auto.applicationtest.test.GenericTest$_addGeneric_closure2_closure111_closure112.doCall(GenericTest.groovy:130)
	at sun.reflect.NativeMethodAccessorImpl.invoke0(Native Method)
	at sun.reflect.NativeMethodAccessorImpl.invoke(NativeMethodAccessorImpl.java:57)
	at sun.reflect.DelegatingMethodAccessorImpl.invoke(DelegatingMethodAccessorImpl.java:43)
	at java.lang.reflect.Method.invoke(Method.java:606)
	at org.codehaus.groovy.reflection.CachedMethod.invoke(CachedMethod.java:90)
	at groovy.lang.MetaMethod.doMethodInvoke(MetaMethod.java:233)
	at org.codehaus.groovy.runtime.metaclass.ClosureMetaClass.invokeMethod(ClosureMetaClass.java:272)
	at groovy.lang.MetaClassImpl.invokeMethod(MetaClassImpl.java:906)
	at groovy.lang.Closure.call(Closure.java:412)
	at groovy.lang.Closure.call(Closure.java:425)
	at org.codehaus.groovy.runtime.DefaultGroovyMethods.with(DefaultGroovyMethods.java:220)
	at org.codehaus.groovy.runtime.dgm$594.invoke(Unknown Source)
	at org.codehaus.groovy.runtime.callsite.PogoMetaMethodSite$PogoMetaMethodSiteNoUnwrapNoCoerce.invoke(PogoMetaMethodSite.java:313)
	at org.codehaus.groovy.runtime.callsite.PogoMetaMethodSite.call(PogoMetaMethodSite.java:64)
	at org.codehaus.groovy.runtime.callsite.AbstractCallSite.call(AbstractCallSite.java:116)
	at com.company.abc.def.auto.applicationtest.test.GenericTest$_addGeneric_closure2_closure111.doCall(GenericTest.groovy:109)
	at sun.reflect.NativeMethodAccessorImpl.invoke0(Native Method)
	at sun.reflect.NativeMethodAccessorImpl.invoke(NativeMethodAccessorImpl.java:57)
	at sun.reflect.DelegatingMethodAccessorImpl.invoke(DelegatingMethodAccessorImpl.java:43)
	at java.lang.reflect.Method.invoke(Method.java:606)
	at org.codehaus.groovy.reflection.CachedMethod.invoke(CachedMethod.java:90)
	at org.codehaus.groovy.runtime.metaclass.TransformMetaMethod.invoke(TransformMetaMethod.java:55)
	at org.codehaus.groovy.runtime.metaclass.ClosureMetaClass$1.invoke(ClosureMetaClass.java:259)
	at groovy.lang.MetaMethod.doMethodInvoke(MetaMethod.java:233)
	at org.codehaus.groovy.runtime.metaclass.ClosureMetaClass.invokeMethod(ClosureMetaClass.java:272)
	at groovy.lang.MetaClassImpl.invokeMethod(MetaClassImpl.java:906)
	at org.codehaus.groovy.runtime.callsite.PogoMetaClassSite.call(PogoMetaClassSite.java:39)
	at org.codehaus.groovy.runtime.callsite.CallSiteArray.defaultCall(CallSiteArray.java:45)
	at org.codehaus.groovy.runtime.callsite.PogoMetaClassSite.call(PogoMetaClassSite.java:54)
	at org.codehaus.groovy.runtime.callsite.AbstractCallSite.call(AbstractCallSite.java:116)
	at com.company.abc.def.auto.applicationtest.utils.ParallelRunner$_invoke_closure1_closure5.doCall(ParallelRunner.groovy:37)
	at sun.reflect.NativeMethodAccessorImpl.invoke0(Native Method)
	at sun.reflect.NativeMethodAccessorImpl.invoke(NativeMethodAccessorImpl.java:57)
	at sun.reflect.DelegatingMethodAccessorImpl.invoke(DelegatingMethodAccessorImpl.java:43)
	at java.lang.reflect.Method.invoke(Method.java:606)
	at org.codehaus.groovy.reflection.CachedMethod.invoke(CachedMethod.java:90)
	at groovy.lang.MetaMethod.doMethodInvoke(MetaMethod.java:233)
	at org.codehaus.groovy.runtime.metaclass.ClosureMetaClass.invokeMethod(ClosureMetaClass.java:272)
	at groovy.lang.MetaClassImpl.invokeMethod(MetaClassImpl.java:906)
	at org.codehaus.groovy.runtime.callsite.PogoMetaClassSite.call(PogoMetaClassSite.java:39)
	at org.codehaus.groovy.runtime.callsite.AbstractCallSite.call(AbstractCallSite.java:116)
	at groovyx.gpars.pa.GParsPoolUtilHelper$_eachParallelPA_closure8.doCall(GParsPoolUtilHelper.groovy:189)
	at sun.reflect.NativeMethodAccessorImpl.invoke0(Native Method)
	at sun.reflect.NativeMethodAccessorImpl.invoke(NativeMethodAccessorImpl.java:57)
	at sun.reflect.DelegatingMethodAccessorImpl.invoke(DelegatingMethodAccessorImpl.java:43)
	at java.lang.reflect.Method.invoke(Method.java:606)
	at org.codehaus.groovy.reflection.CachedMethod.invoke(CachedMethod.java:90)
	at groovy.lang.MetaMethod.doMethodInvoke(MetaMethod.java:233)
	at org.codehaus.groovy.runtime.metaclass.ClosureMetaClass.invokeMethod(ClosureMetaClass.java:272)
	at groovy.lang.MetaClassImpl.invokeMethod(MetaClassImpl.java:906)
	at groovy.lang.Closure.call(Closure.java:412)
	at org.codehaus.groovy.runtime.ConvertedClosure.invokeCustom(ConvertedClosure.java:51)
	at org.codehaus.groovy.runtime.ConversionHandler.invoke(ConversionHandler.java:82)
	at com.sun.proxy.$Proxy18.op(Unknown Source)
	at groovyx.gpars.extra166y.AbstractParallelAnyArray$OUPap.leafApply(AbstractParallelAnyArray.java:640)
	at groovyx.gpars.extra166y.PAS$FJOApply.atLeaf(PAS.java:147)
	at groovyx.gpars.extra166y.PAS$FJBase.compute(PAS.java:108)
	at jsr166y.RecursiveAction.exec(RecursiveAction.java:148)
	at jsr166y.ForkJoinTask.doExec(ForkJoinTask.java:305)
	at jsr166y.ForkJoinWorkerThread.execTask(ForkJoinWorkerThread.java:575)
	at jsr166y.ForkJoinPool.scan(ForkJoinPool.java:755)
	at jsr166y.ForkJoinPool.work(ForkJoinPool.java:617)
	at jsr166y.ForkJoinWorkerThread.run(ForkJoinWorkerThread.java:369)
]]>
            </full-stacktrace>
          </exception> <!-- java.lang.AssertionError -->
          <reporter-output>
            <line>
              <![CDATA[Step30: Credential Policy Management : Add Customer Credential Policy Result: <font style='background-color:red'>Fail</font>]]>
            </line>
          </reporter-output>
        </test-method> <!-- testAdd -->
      </class> <!-- com.company.abc.def.auto.applicationtest.test.GenericTest -->
    </test> <!-- Add Customer Credential Policy -->
    <test name="Assign Cust Credential Policy to Customer Admin" duration-ms="6821" started-at="2015-07-17T13:07:19Z" finished-at="2015-07-17T13:07:26Z">
      <class name="com.company.abc.def.auto.applicationtest.test.GenericTest">
        <test-method status="PASS" signature="setUpRally()[pri:0, instance:com.company.abc.def.auto.applicationtest.test.GenericTest@44e43d5e]" name="setUpRally" is-config="true" duration-ms="236" started-at="2015-07-17T15:06:47Z" finished-at="2015-07-17T15:06:48Z">
          <reporter-output>
          </reporter-output>
        </test-method> <!-- setUpRally -->
        <test-method status="PASS" signature="initTestCaseAttributes(java.lang.Boolean, java.lang.String, java.lang.String, java.lang.String)[pri:0, instance:com.company.abc.def.auto.applicationtest.test.GenericTest@44e43d5e]" name="initTestCaseAttributes" is-config="true" duration-ms="3" started-at="2015-07-17T15:07:19Z" finished-at="2015-07-17T15:07:19Z">
          <params>
            <param index="0">
              <value>
                <![CDATA[true]]>
              </value>
            </param>
            <param index="1">
              <value>
                <![CDATA[]]>
              </value>
            </param>
            <param index="2">
              <value>
                <![CDATA[]]>
              </value>
            </param>
            <param index="3">
              <value>
                <![CDATA[]]>
              </value>
            </param>
          </params>
          <reporter-output>
          </reporter-output>
        </test-method> <!-- initTestCaseAttributes -->
        <test-method status="PASS" signature="setUp(org.testng.ITestContext)[pri:0, instance:com.company.abc.def.auto.applicationtest.test.GenericTest@44e43d5e]" name="setUp" is-config="true" duration-ms="28" started-at="2015-07-17T15:07:19Z" finished-at="2015-07-17T15:07:19Z">
          <params>
            <param index="0">
              <value>
                <![CDATA[org.testng.TestRunner@48038ace]]>
              </value>
            </param>
          </params>
          <reporter-output>
          </reporter-output>
        </test-method> <!-- setUp -->
        <test-method status="PASS" signature="testUpdate(java.lang.String, java.lang.String, java.lang.String, java.lang.String, java.lang.String, java.lang.String, java.lang.String, java.lang.String, java.lang.String, int, int, int)[pri:0, instance:com.company.abc.def.auto.applicationtest.test.GenericTest@44e43d5e]" name="testUpdate" duration-ms="6732" started-at="2015-07-17T15:07:19Z" finished-at="2015-07-17T15:07:26Z">
          <params>
            <param index="0">
              <value>
                <![CDATA[]]>
              </value>
            </param>
            <param index="1">
              <value>
                <![CDATA[relation/administratorUserREL]]>
              </value>
            </param>
            <param index="2">
              <value>
                <![CDATA[             obmUname = "AAAGlobalAdmin"             AdminUser.username = "AAAGlobalAdmin"             AdminUser.email = "AAAGlobalAdmin@aaaglobal.com"             AdminUser.role = "AAAGlobalCustomerAdministrator"             AdminUser.language = "en-us"             AdminUser.set_language = true             AdminUser.account_information.credential_policy = "AAAGlobal-CP"         ]]>
              </value>
            </param>
            <param index="3">
              <value>
                <![CDATA[sys.obm.CS-P.CS-NB.AAAGlobal]]>
              </value>
            </param>
            <param index="4">
              <value>
                <![CDATA[             obmUname = "AAAGlobalAdmin"                      ]]>
              </value>
            </param>
            <param index="5">
              <value>
                <![CDATA[administrator]]>
              </value>
            </param>
            <param index="6">
              <value>
                <![CDATA[password]]>
              </value>
            </param>
            <param index="7">
              <value>
                <![CDATA[AdminUser.language]]>
              </value>
            </param>
            <param index="8">
              <value>
                <![CDATA[]]>
              </value>
            </param>
            <param index="9">
              <value>
                <![CDATA[1]]>
              </value>
            </param>
            <param index="10">
              <value>
                <![CDATA[1]]>
              </value>
            </param>
            <param index="11">
              <value>
                <![CDATA[1]]>
              </value>
            </param>
          </params>
          <reporter-output>
            <line>
              <![CDATA[Step30: Credential Policy Management : Assign Cust Credential Policy to Customer Admin Result: <font style='background-color:green; color:white'>PASSED</font>]]>
            </line>
          </reporter-output>
        </test-method> <!-- testUpdate -->
        <test-method status="PASS" signature="teardownRally()[pri:0, instance:com.company.abc.def.auto.applicationtest.test.GenericTest@44e43d5e]" name="teardownRally" is-config="true" duration-ms="1" started-at="2015-07-17T15:07:26Z" finished-at="2015-07-17T15:07:26Z">
          <reporter-output>
          </reporter-output>
        </test-method> <!-- teardownRally -->
      </class> <!-- com.company.abc.def.auto.applicationtest.test.GenericTest -->
    </test> <!-- Assign Cust Credential Policy to Customer Admin -->
  </suite> <!-- Step30: Credential Policy Management -->
</testng-results>
