<?xml version="1.0" encoding="UTF-8"?>
<testsuites>
<testsuite name="CRM.Core.Test.Service.RecurringTaskServiceTest" tests="33" time="0.587" failures="1" errors="0" skipped="0">
<testcase classname="CRM.Core.Test.Service.RecurringTaskServiceTest" name="ActivateTask_AddressWithoutTimezone_Works" time="0.047" />
<testcase classname="CRM.Core.Test.Service.RecurringTaskServiceTest" name="ActivateTask_SimpleOneTimeTask_WithoutAddress_Fails" time="0.003" />
<testcase classname="CRM.Core.Test.Service.RecurringTaskServiceTest" name="ActivateTask_SimpleOneTimeTask_WithoutMachines_TriggerPerMachine_Throws" time="0.002" />
<testcase classname="CRM.Core.Test.Service.RecurringTaskServiceTest" name="ActivateTask_SimpleOneTimeTask_WithStart_Works" time="0.001" />
<testcase classname="CRM.Core.Test.Service.RecurringTaskServiceTest" name="ActivateTask_SimpleOneTimeTaskWithoutStart_Fails" time="0.002" />
<testcase classname="CRM.Core.Test.Service.RecurringTaskServiceTest" name="ActivateTask_WithoutSchema_Throws" time="0.001" />
<testcase classname="CRM.Core.Test.Service.RecurringTaskServiceTest" name="AddTaskExecutions_OnePerExecution" time="0.035" />
<testcase classname="CRM.Core.Test.Service.RecurringTaskServiceTest" name="AddTaskExecutions_OnePerExecutionAndMachine" time="0.004" />
<testcase classname="CRM.Core.Test.Service.RecurringTaskServiceTest" name="CopyTask_WorksSchemaAllX" time="0.012" />
<testcase classname="CRM.Core.Test.Service.RecurringTaskServiceTest" name="CopyTask_WorksSchemaChain" time="0.006" />
<testcase classname="CRM.Core.Test.Service.RecurringTaskServiceTest" name="CopyTask_WorksSchemaOnce" time="0.003" />
<testcase classname="CRM.Core.Test.Service.RecurringTaskServiceTest" name="CreateTemplate_FromTaskChain" time="0.038" />
<testcase classname="CRM.Core.Test.Service.RecurringTaskServiceTest" name="CreateTemplate_FromTaskSchemaAllX" time="0.004" />
<testcase classname="CRM.Core.Test.Service.RecurringTaskServiceTest" name="CreateTemplate_FromTaskSchemaOnce" time="0.005" />
<testcase classname="CRM.Core.Test.Service.RecurringTaskServiceTest" name="TaskFromTemplate_Chain" time="0.036" />
<testcase classname="CRM.Core.Test.Service.RecurringTaskServiceTest" name="TaskFromTemplate_Loop" time="0.026" />
<testcase classname="CRM.Core.Test.Service.RecurringTaskServiceTest" name="TaskFromTemplate_SimpleTaskOnce" time="0.007" />
<testcase classname="CRM.Core.Test.Service.RecurringTaskServiceTest" name="TaskFromTemplate_ThrowsForDraftTemplates" time="0.009" />
<testcase classname="CRM.Core.Test.Service.RecurringTaskServiceTest" name="TaskFromTemplate_ThrowsForObsoleteTemplates" time="0.001" />
<testcase classname="CRM.Core.Test.Service.RecurringTaskServiceTest" name="TaskFromTemplate_WorksForActiveTemplate" time="0.002" />
<testcase classname="CRM.Core.Test.Service.RecurringTaskServiceTest" name="TestKnallt" time="0.075">
<failure>
MESSAGE:
Expected num to be 2, but found 1.
+++++++++++++++++++
STACK TRACE:
bei FluentAssertions.Execution.LateBoundTestFramework.Throw(String message)
bei FluentAssertions.Execution.TestFrameworkProvider.Throw(String message)
bei FluentAssertions.Execution.DefaultAssertionStrategy.HandleFailure(String message)
bei FluentAssertions.Execution.AssertionScope.FailWith(Func`1 failReasonFunc)
bei FluentAssertions.Execution.AssertionScope.FailWith(Func`1 failReasonFunc)
bei FluentAssertions.Execution.AssertionScope.FailWith(String message, Object[] args)
bei FluentAssertions.Numeric.NumericAssertions`1.Be(T expected, String because, Object[] becauseArgs)
bei CRM.Core.Test.Service.RecurringTaskServiceTest.TestKnallt() in C:\inno-ws\std\qa\fsm-git\Projects\WebCRM\Test\CRM.Core.Test\Service\RecurringTaskServiceTest.cs:Zeile 59.
</failure>
</testcase>
<testcase classname="CRM.Core.Test.Service.RecurringTaskServiceTest" name="TriggerExecutions_DoesNothingIfEndsAtReached" time="0.016" />
<testcase classname="CRM.Core.Test.Service.RecurringTaskServiceTest" name="TriggerExecutions_ForSimpleOneTimeTask_SecondTime_DoesNothing" time="0.010" />
<testcase classname="CRM.Core.Test.Service.RecurringTaskServiceTest" name="TriggerExecutions_ForSimpleOneTimeTask_Works" time="0.020" />
<testcase classname="CRM.Core.Test.Service.RecurringTaskServiceTest" name="TriggerExecutions_ForSimpleTuv_ForNextMonth" time="0.003" />
<testcase classname="CRM.Core.Test.Service.RecurringTaskServiceTest" name="TriggerExecutions_SimpleTuv_NextFiveYears" time="0.005" />
<testcase classname="CRM.Core.Test.Service.RecurringTaskServiceTest" name="TriggerExecutions_SimpleTuv_NextThreeYears" time="0.002" />
<testcase classname="CRM.Core.Test.Service.RecurringTaskServiceTest" name="TriggerExecutions_SimpleTuv_NextThreeYears_SecondCallDoesNothing" time="0.003" />
<testcase classname="CRM.Core.Test.Service.RecurringTaskServiceTest" name="TriggerExecutions_SimpleTuv_SecondExecutionIgnoresFirstOne" time="0.018" />
<testcase classname="CRM.Core.Test.Service.RecurringTaskServiceTest" name="TriggerExecutions_SimplifiedOilChanging_FirstAndSecondExecutions" time="0.003" />
<testcase classname="CRM.Core.Test.Service.RecurringTaskServiceTest" name="TriggerExecutions_SimplifiedOilChanging_FirstExecution" time="0.002" />
<testcase classname="CRM.Core.Test.Service.RecurringTaskServiceTest" name="TriggerExecutions_SimplifiedOilChanging_SecondExecutionConsidersFirstFinished" time="0.003" />
<testcase classname="CRM.Core.Test.Service.RecurringTaskServiceTest" name="TriggerExecutions_SimplifiedOilChanging_SecondExecutionConsidersFirstSchedule" time="0.003" />
</testsuite>
<testsuite name="CRM.Core.Test.Domain.Tasks.RecurringTaskTest" tests="11" time="0.901" failures="0" errors="0" skipped="1">
<testcase classname="CRM.Core.Test.Domain.Tasks.RecurringTaskTest" name="AssignSchema_ForChain_CreatesCompoundPlan" time="0.030" />
<testcase classname="CRM.Core.Test.Domain.Tasks.RecurringTaskTest" name="AssignSchema_ForOnce_CreatesSimplePlan" time="0.007" />
<testcase classname="CRM.Core.Test.Domain.Tasks.RecurringTaskTest" name="CopyFrom_ForTemplate" time="0.453" />
<testcase classname="CRM.Core.Test.Domain.Tasks.RecurringTaskTest" name="Create_RecurringTask_Dynamic_FromTemplate" time="0.022" />
<testcase classname="CRM.Core.Test.Domain.Tasks.RecurringTaskTest" name="Create_RecurringTask_OnDemand_FromTemplate" time="0.015" />
<testcase classname="CRM.Core.Test.Domain.Tasks.RecurringTaskTest" name="Create_RecurringTask_OperatingHours_FromTemplate" time="0.019" />
<testcase classname="CRM.Core.Test.Domain.Tasks.RecurringTaskTest" name="Create_RecurringTask_OperatingOrInterval_FromTemplate" time="0.047" />
<testcase classname="CRM.Core.Test.Domain.Tasks.RecurringTaskTest" name="Create_RecurringTask_Tuv_FromTemplate" time="0.019" />
<testcase classname="CRM.Core.Test.Domain.Tasks.RecurringTaskTest" name="Create_RecurringTask_TuvRichtig_FromTemplate" time="0.054" />
<testcase classname="CRM.Core.Test.Domain.Tasks.RecurringTaskTest" name="Create_RecurringTask_U9">
<skipped message="Aktuell wird dieses Schema nicht unterstützt - man müsste pro Schema abweichende Toleranzen ablegen können" />
</testcase>
<testcase classname="CRM.Core.Test.Domain.Tasks.RecurringTaskTest" name="Create_SimpleTask_Once_FromTemplate" time="0.182" />
</testsuite>
</testsuites>
