Started by user Clinton Barr
Building on master in workspace D:\workspace\ParentProjectTests

Deleting project workspace... done

Run condition [Or] enabling prebuild for step [BuilderChain]
Run condition [Strings match] enabling prebuild for step [Trigger/call builds on other projects]
Copied 1 artifact from "Product Web Test Libraries" build number 33
[ParentProjectTests] $ python "C:\Program Files (x86)\Jenkins\temp\hudson7851022100376804820.py"
Suite Name: All
Creating the job.properties file with the list of test names...
Done.
Copy test properties files to /current_run
Created D:\workspace\ParentProjectTests\test_list\current_run because it did not exist
Copying D:\workspace\ParentProjectTests\test_list\All\UniqueTestId.properties to D:\workspace\ParentProjectTests\test_list\current_run
[LOG ABBREVIATION: The above line was repeated for 72 more unique test.properties files]
Setting node quantity to number of tests.
Suite name: All
Restricting node quantity to 40, since there are more than 40 tests.
Node quantity: 40
Done.
Waiting for the completion of UTILITIES_Create_Jenkins_Node
UTILITIES_Create_Jenkins_Node #717 completed. Result was SUCCESS
Build step 'Trigger/call builds on other projects' changed build result to SUCCESS
Copied 1 artifact from "UTILITIES_Create_Jenkins_Node" build number 717
Creating browser setup prop files.
Props file browser_UniqueInstanceId.properties for [Jenkins Node Name] created at D:\workspace\ParentProjectTests\browser_UniqueInstanceId.properties
[LOG ABBREVIATION: The above line was repeated 39 more times for unique instance Id properties files]
Done.
Deploy testing web servers while the Product testers come online.
Strings match run condition: string 1=[ProductServer_Product_308_UniqueInstanceId], string 2=[New - Delete when finished]
Strings match run condition: string 1=[ProductServer_Product_308_UniqueInstanceId], string 2=[New - Keep when finished]
Run condition [Or] preventing perform for step [BuilderChain]
Waiting for the completion of DeployBrowserForTest
DeployBrowserForTest #667 chrome on [Jenkins Node Name] completed. Result was SUCCESS
[LOG ABBREVIATION: The above line was repeated 39 more times for the triggering of browser deployment to all 40 slaves]
Triggering projects: ChildProject
ChildProject is in the queue: true
ChildProject is building: false
Waiting for ChildProject to finish with a timeout of 120 minutes.
[LOG NOTE: I aborted the project at this point, about 10 min after the Child project was triggered. There were about 1500 builds of the ChildProject]
Exception: java.lang.InterruptedException: sleep interrupted
[ParentProjectTests] $ cmd /c call "C:\Program Files (x86)\Jenkins\temp\hudson6390934429303825100.bat"

D:\workspace\ParentProjectTests>REM Copy results to workspace 

D:\workspace\ParentProjectTests>xcopy /y "R:\ParentProjectTests\14\*" "D:\workspace\ParentProjectTests" 
R:\ParentProjectTests\14\UniqueTestId_Build_834_Results.xml
R:\ParentProjectTests\14\UniqueTestId_Build_833_Results.xml
R:\ParentProjectTests\14\UniqueTestId_Build_832_Results.xml
R:\ParentProjectTests\14\UniqueTestId_Build_824_Results.xml
R:\ParentProjectTests\14\job.properties
R:\ParentProjectTests\14\UniqueTestId_Build_835_Results.xml
R:\ParentProjectTests\14\UniqueTestId_Build_836_Results.xml
7 File(s) copied

D:\workspace\ParentProjectTests>exit 0 
[ParentProjectTests] $ cmd /c call "C:\Program Files (x86)\Jenkins\temp\hudson4385530588134654318.bat"

D:\workspace\ParentProjectTests>SET
ALLUSERSPROFILE=C:\ProgramData
APPDATA=C:\Windows\system32\config\systemprofile\AppData\Roaming
BASE=C:\Program Files (x86)\Jenkins
BROWSER=chrome
BUILD_DISPLAY_NAME=#14 All
BUILD_ID=2014-09-22_10-34-11
BUILD_NUMBER=14
BUILD_TAG=jenkins-ParentProjectTests-14
BUILD_URL=http://jenkins-testing/job/ParentProjectTests/14/
CHILD_PROJECT=ChildProject
CommonProgramFiles=C:\Program Files (x86)\Common Files
CommonProgramFiles(x86)=C:\Program Files (x86)\Common Files
CommonProgramW6432=C:\Program Files\Common Files
COMPUTERNAME=JENKINS-MASTER
ComSpec=C:\Windows\system32\cmd.exe
CONNECT_BUILDNUMBER=1
COPYARTIFACT_BUILD_NUMBER_BUILDChildProjectS=33
COPYARTIFACT_BUILD_NUMBER_UTILITIES_CREATE_JENKINS_NODE=717
EXECUTOR_NUMBER=5
FP_NO_HOST_CHECK=NO
hudson.scm.SubversionSCM.pollFromMaster=true
HUDSON_COOKIE=20c9dc9f-2505-479f-91b8-b88b9ee58600
HUDSON_HOME=C:\Program Files (x86)\Jenkins
HUDSON_SERVER_COOKIE=4b4ac9124c2afd2f
HUDSON_URL=http://jenkins-testing/
JENKINS_HOME=C:\Program Files (x86)\Jenkins
JENKINS_MASTER=jenkins-testing
JENKINS_SERVER_COOKIE=4b4ac9124c2afd2f
JENKINS_URL=http://jenkins-testing/
JOB_NAME=ParentProjectTests
JOB_URL=http://jenkins-testing/job/ParentProjectTests/
LAST_TRIGGERED_JOB_NAME=DeployBrowserForTest
LOCALAPPDATA=C:\Windows\system32\config\systemprofile\AppData\Local
NODE_LABELS=master
NODE_NAME=master
NODE_QUANTITY=40
NUMBER_OF_PROCESSORS=4
OLD_SUITE_BUILD_NUMBER=0
OS=Windows_NT
Path=C:\Windows\system32;C:\Windows;C:\Windows\System32\Wbem;C:\Windows\System32\WindowsPowerShell\v1.0\;C:\Program Files\Amazon\cfn-bootstrap\;C:\Python27;C:\Program Files\nodejs\;C:\Program Files (x86)\Jenkins\jre\bin;C:\Program Files\TortoiseSVN\bin;
PATHEXT=.COM;.EXE;.BAT;.CMD;.VBS;.VBE;.JS;.JSE;.WSF;.WSH;.MSC
Product_BUILDNUMBER=0
Product_Server=ProductServer_Product_308_[UniqueInstanceId]
PROCESSOR_ARCHITECTURE=x86
PROCESSOR_ARCHITEW6432=AMD64
PROCESSOR_IDENTIFIER=Intel64 Family 6 Model 62 Stepping 4, GenuineIntel
PROCESSOR_LEVEL=6
PROCESSOR_REVISION=3e04
ProgramData=C:\ProgramData
ProgramFiles=C:\Program Files (x86)
ProgramFiles(x86)=C:\Program Files (x86)
ProgramW6432=C:\Program Files
PROMPT=$P$G
PSModulePath=C:\Windows\system32\WindowsPowerShell\v1.0\Modules\;C:\Program Files (x86)\AWS Tools\PowerShell\
PUBLIC=C:\Users\Public
SERVICE_ID=jenkins
SUITE_NAME=All
SystemDrive=C:
SystemRoot=C:\Windows
TEMP=C:\Windows\TEMP
TIMEOUT_IN_MINUTES=0
TMP=C:\Windows\TEMP
TRIGGERED_BUILD_NUMBERS_DeployBrowserForTest=667,681,685,693,706,700,691,696,699,692,689,668,684,669,670,688,671,701,702,703,698,683,695,705,694,682,697,678,679,673,672,677,676,680,674,675,690,687,704,686
TRIGGERED_BUILD_NUMBERS_UTILITIES_Create_Jenkins_Node=717
TRIGGERED_BUILD_NUMBER_DeployBrowserForTest=686
TRIGGERED_BUILD_NUMBER_UTILITIES_Create_Jenkins_Node=717
TRIGGERED_BUILD_RESULT_DeployBrowserForTest=SUCCESS
TRIGGERED_BUILD_RESULT_DeployBrowserForTest_RUN_667=SUCCESS
TRIGGERED_BUILD_RESULT_DeployBrowserForTest_RUN_668=SUCCESS
TRIGGERED_BUILD_RESULT_DeployBrowserForTest_RUN_669=SUCCESS
TRIGGERED_BUILD_RESULT_DeployBrowserForTest_RUN_670=SUCCESS
TRIGGERED_BUILD_RESULT_DeployBrowserForTest_RUN_671=SUCCESS
TRIGGERED_BUILD_RESULT_DeployBrowserForTest_RUN_672=SUCCESS
TRIGGERED_BUILD_RESULT_DeployBrowserForTest_RUN_673=SUCCESS
TRIGGERED_BUILD_RESULT_DeployBrowserForTest_RUN_674=SUCCESS
TRIGGERED_BUILD_RESULT_DeployBrowserForTest_RUN_675=SUCCESS
TRIGGERED_BUILD_RESULT_DeployBrowserForTest_RUN_676=SUCCESS
TRIGGERED_BUILD_RESULT_DeployBrowserForTest_RUN_677=SUCCESS
TRIGGERED_BUILD_RESULT_DeployBrowserForTest_RUN_678=SUCCESS
TRIGGERED_BUILD_RESULT_DeployBrowserForTest_RUN_679=SUCCESS
TRIGGERED_BUILD_RESULT_DeployBrowserForTest_RUN_680=ABORTED
[LOG NOTE: The above line shows a build of DeployBrowserForTest that failed due to build hang]
TRIGGERED_BUILD_RESULT_DeployBrowserForTest_RUN_681=SUCCESS
TRIGGERED_BUILD_RESULT_DeployBrowserForTest_RUN_682=SUCCESS
TRIGGERED_BUILD_RESULT_DeployBrowserForTest_RUN_683=SUCCESS
TRIGGERED_BUILD_RESULT_DeployBrowserForTest_RUN_684=SUCCESS
TRIGGERED_BUILD_RESULT_DeployBrowserForTest_RUN_685=SUCCESS
TRIGGERED_BUILD_RESULT_DeployBrowserForTest_RUN_686=SUCCESS
TRIGGERED_BUILD_RESULT_DeployBrowserForTest_RUN_687=SUCCESS
TRIGGERED_BUILD_RESULT_DeployBrowserForTest_RUN_688=SUCCESS
TRIGGERED_BUILD_RESULT_DeployBrowserForTest_RUN_689=SUCCESS
TRIGGERED_BUILD_RESULT_DeployBrowserForTest_RUN_690=SUCCESS
TRIGGERED_BUILD_RESULT_DeployBrowserForTest_RUN_691=SUCCESS
TRIGGERED_BUILD_RESULT_DeployBrowserForTest_RUN_692=SUCCESS
TRIGGERED_BUILD_RESULT_DeployBrowserForTest_RUN_693=SUCCESS
TRIGGERED_BUILD_RESULT_DeployBrowserForTest_RUN_694=SUCCESS
TRIGGERED_BUILD_RESULT_DeployBrowserForTest_RUN_695=SUCCESS
TRIGGERED_BUILD_RESULT_DeployBrowserForTest_RUN_696=SUCCESS
TRIGGERED_BUILD_RESULT_DeployBrowserForTest_RUN_697=SUCCESS
TRIGGERED_BUILD_RESULT_DeployBrowserForTest_RUN_698=SUCCESS
TRIGGERED_BUILD_RESULT_DeployBrowserForTest_RUN_699=SUCCESS
TRIGGERED_BUILD_RESULT_DeployBrowserForTest_RUN_700=SUCCESS
TRIGGERED_BUILD_RESULT_DeployBrowserForTest_RUN_701=SUCCESS
TRIGGERED_BUILD_RESULT_DeployBrowserForTest_RUN_702=SUCCESS
TRIGGERED_BUILD_RESULT_DeployBrowserForTest_RUN_703=SUCCESS
TRIGGERED_BUILD_RESULT_DeployBrowserForTest_RUN_704=SUCCESS
TRIGGERED_BUILD_RESULT_DeployBrowserForTest_RUN_705=SUCCESS
TRIGGERED_BUILD_RESULT_DeployBrowserForTest_RUN_706=SUCCESS
TRIGGERED_BUILD_RESULT_UTILITIES_Create_Jenkins_Node=SUCCESS
TRIGGERED_BUILD_RESULT_UTILITIES_Create_Jenkins_Node_RUN_717=SUCCESS
TRIGGERED_BUILD_RUN_COUNT_DeployBrowserForTest=40
TRIGGERED_BUILD_RUN_COUNT_UTILITIES_Create_Jenkins_Node=1
TRIGGERED_JOB_NAMES=UTILITIES_Create_Jenkins_Node,DeployBrowserForTest
USERDOMAIN=WORKGROUP
USERNAME=JENKINS-MASTER$
USERPROFILE=C:\Windows\system32\config\systemprofile
windir=C:\Windows
WINSW_EXECUTABLE=C:\Program Files (x86)\Jenkins\jenkins.exe
WORKSPACE=D:\workspace\ParentProjectTests

D:\workspace\ParentProjectTests>exit 0 
Copied 2 artifacts from "NUnit Result Aggregator" build number 53
Build was aborted
Aborted by Clinton Barr
Archiving artifacts
ERROR: Publisher hudson.tasks.ArtifactArchiver aborted due to exception
Failed to copy D:\workspace\ParentProjectTests\test_list\current_run\UniqueTestId.properties to D:\builds\ParentProjectTests\2014-09-22_10-34-11\archive\test_list\current_run\UniqueTestId.properties due to java.nio.channels.ClosedByInterruptException
	at org.apache.tools.ant.taskdefs.Copy.doFileOperations(Copy.java:914)
	at org.apache.tools.ant.taskdefs.Copy.execute(Copy.java:567)
	at hudson.Util.copyFile(Util.java:957)
	at hudson.FilePath$38$1.visit(FilePath.java:1959)
	at hudson.util.DirScanner.scanSingle(DirScanner.java:49)
	at hudson.FilePath$ExplicitlySpecifiedDirScanner.scan(FilePath.java:2563)
	at hudson.FilePath$38.invoke(FilePath.java:1954)
	at hudson.FilePath$38.invoke(FilePath.java:1947)
	at hudson.FilePath.act(FilePath.java:918)
	at hudson.FilePath.act(FilePath.java:896)
	at hudson.FilePath.copyRecursiveTo(FilePath.java:1947)
	at jenkins.model.StandardArtifactManager.archive(StandardArtifactManager.java:61)
	at hudson.tasks.ArtifactArchiver.perform(ArtifactArchiver.java:217)
	at hudson.tasks.BuildStepCompatibilityLayer.perform(BuildStepCompatibilityLayer.java:74)
	at hudson.tasks.BuildStepMonitor$1.perform(BuildStepMonitor.java:20)
	at hudson.model.AbstractBuild$AbstractBuildExecution.perform(AbstractBuild.java:770)
	at hudson.model.AbstractBuild$AbstractBuildExecution.performAllBuildSteps(AbstractBuild.java:734)
	at hudson.model.Build$BuildExecution.post2(Build.java:183)
	at hudson.model.AbstractBuild$AbstractBuildExecution.post(AbstractBuild.java:683)
	at hudson.model.Run.execute(Run.java:1770)
	at hudson.model.FreeStyleBuild.run(FreeStyleBuild.java:43)
	at hudson.model.ResourceController.execute(ResourceController.java:89)
	at hudson.model.Executor.run(Executor.java:240)
Caused by: java.nio.channels.ClosedByInterruptException
	at java.nio.channels.spi.AbstractInterruptibleChannel.end(Unknown Source)
	at sun.nio.ch.FileChannelImpl.size(Unknown Source)
	at org.apache.tools.ant.util.ResourceUtils.copyResource(ResourceUtils.java:529)
	at org.apache.tools.ant.util.FileUtils.copyFile(FileUtils.java:559)
	at org.apache.tools.ant.taskdefs.Copy.doFileOperations(Copy.java:899)
	... 22 more
[htmlpublisher] Archiving HTML reports...
[htmlpublisher] Archiving at BUILD level D:\workspace\ParentProjectTests to D:\builds\ParentProjectTests\2014-09-22_10-34-11\htmlreports\Aggregated_Results
ERROR: Publisher htmlpublisher.HtmlPublisher aborted due to exception
Failed to copy D:\workspace\ParentProjectTests\UniqueTestId_Build_834_Results.xml to D:\builds\ParentProjectTests\2014-09-22_10-34-11\htmlreports\Aggregated_Results\UniqueTestId_Build_834_Results.xml due to java.nio.channels.ClosedByInterruptException
	at org.apache.tools.ant.taskdefs.Copy.doFileOperations(Copy.java:914)
	at org.apache.tools.ant.taskdefs.Copy.execute(Copy.java:567)
	at hudson.Util.copyFile(Util.java:957)
	at hudson.FilePath$38$1.visit(FilePath.java:1959)
	at hudson.util.DirScanner.scanSingle(DirScanner.java:49)
	at hudson.util.DirScanner$Glob.scan(DirScanner.java:131)
	at hudson.FilePath$38.invoke(FilePath.java:1954)
	at hudson.FilePath$38.invoke(FilePath.java:1947)
	at hudson.FilePath.act(FilePath.java:918)
	at hudson.FilePath.act(FilePath.java:896)
	at hudson.FilePath.copyRecursiveTo(FilePath.java:1947)
	at hudson.FilePath.copyRecursiveTo(FilePath.java:1933)
	at hudson.FilePath.copyRecursiveTo(FilePath.java:1916)
	at htmlpublisher.HtmlPublisher.perform(HtmlPublisher.java:213)
	at hudson.tasks.BuildStepMonitor$1.perform(BuildStepMonitor.java:20)
	at hudson.model.AbstractBuild$AbstractBuildExecution.perform(AbstractBuild.java:770)
	at hudson.model.AbstractBuild$AbstractBuildExecution.performAllBuildSteps(AbstractBuild.java:734)
	at hudson.model.Build$BuildExecution.post2(Build.java:183)
	at hudson.model.AbstractBuild$AbstractBuildExecution.post(AbstractBuild.java:683)
	at hudson.model.Run.execute(Run.java:1770)
	at hudson.model.FreeStyleBuild.run(FreeStyleBuild.java:43)
	at hudson.model.ResourceController.execute(ResourceController.java:89)
	at hudson.model.Executor.run(Executor.java:240)
Caused by: java.nio.channels.ClosedByInterruptException
	at java.nio.channels.spi.AbstractInterruptibleChannel.end(Unknown Source)
	at sun.nio.ch.FileChannelImpl.size(Unknown Source)
	at org.apache.tools.ant.util.ResourceUtils.copyResource(ResourceUtils.java:529)
	at org.apache.tools.ant.util.FileUtils.copyFile(FileUtils.java:559)
	at org.apache.tools.ant.taskdefs.Copy.doFileOperations(Copy.java:899)
	... 22 more
[xUnit] [INFO] - Starting to record.
[xUnit] [INFO] - Processing NUnit-Version N/A (default)
[xUnit] [INFO] - [NUnit-Version N/A (default)] - 6 test report file(s) were found with the pattern '*_Results.xml' relative to 'D:\workspace\ParentProjectTests' for the testing framework 'NUnit-Version N/A (default)'.
[xUnit] [INFO] - Converting 'D:\workspace\ParentProjectTests\UniqueTestId_Build_834_Results.xml' .
[xUnit] [INFO] - Converting 'D:\workspace\ParentProjectTests\UniqueTestId_Build_833_Results.xml' .
[xUnit] [INFO] - Converting 'D:\workspace\ParentProjectTests\UniqueTestId_Build_832_Results.xml' .
[xUnit] [INFO] - Converting 'D:\workspace\ParentProjectTests\UniqueTestId_Build_824_Results.xml' .
[xUnit] [INFO] - Converting 'D:\workspace\ParentProjectTests\UniqueTestId_Build_835_Results.xml' .
[xUnit] [INFO] - Converting 'D:\workspace\ParentProjectTests\UniqueTestId_Build_836_Results.xml' .
[xUnit] [INFO] - Check 'Failed Tests' threshold.
[xUnit] [INFO] - Check 'Skipped Tests' threshold.
[xUnit] [INFO] - Setting the build status to ABORTED
[xUnit] [INFO] - Stopping recording.
Warning: you have no plugins providing access control for builds, so falling back to legacy behavior of permitting any downstream builds to be triggered
Triggering a new build of UTILITIES_Delete_Jenkins_Node
Finished: ABORTED