[JaCoCo plugin] Collecting JaCoCo coverage data...
[JaCoCo plugin] **/target/**.exec;**/target/classes;**/src/main/java; locations are configured
[JaCoCo plugin] Number of found exec files for pattern **/target/**.exec: 11
[JaCoCo plugin] Saving matched execfiles:  /var/lib/jenkins/jobs/ndw-ncis-test/workspace/ncis-ci-afn-pull/target/jacoco-ut.exec /var/lib/jenkins/jobs/ndw-ncis-test/workspace/ncis-ci-afn-push/target/jacoco-ut.exec /var/lib/jenkins/jobs/ndw-ncis-test/workspace/ncis-ci-e-prod/target/jacoco-ut.exec /var/lib/jenkins/jobs/ndw-ncis-test/workspace/ncis-ci-e-stor/target/jacoco-ut.exec /var/lib/jenkins/jobs/ndw-ncis-test/workspace/ncis-ci-hf-mincon/target/jacoco-ut.exec /var/lib/jenkins/jobs/ndw-ncis-test/workspace/ncis-ci-hf-mst/target/jacoco-ut.exec /var/lib/jenkins/jobs/ndw-ncis-test/workspace/ncis-ci-log/target/jacoco-ut.exec /var/lib/jenkins/jobs/ndw-ncis-test/workspace/ncis-ci-meld/target/jacoco-ut.exec /var/lib/jenkins/jobs/ndw-ncis-test/workspace/ncis-ci-mon/target/jacoco-ut.exec /var/lib/jenkins/jobs/ndw-ncis-test/workspace/ncis-ci-o-avg/target/jacoco-ut.exec /var/lib/jenkins/jobs/ndw-ncis-test/workspace/ncis-core/target/jacoco-ut.exec
[JaCoCo plugin] Saving matched class directories for class-pattern: **/target/classes:  /var/lib/jenkins/jobs/ndw-ncis-test/workspace/ncis-ci-afn-pull/target/classes /var/lib/jenkins/jobs/ndw-ncis-test/workspace/ncis-ci-afn-push/target/classes /var/lib/jenkins/jobs/ndw-ncis-test/workspace/ncis-ci-config/target/classes /var/lib/jenkins/jobs/ndw-ncis-test/workspace/ncis-ci-e-prod/target/classes /var/lib/jenkins/jobs/ndw-ncis-test/workspace/ncis-ci-e-stor/target/classes /var/lib/jenkins/jobs/ndw-ncis-test/workspace/ncis-ci-hf-avg/target/classes /var/lib/jenkins/jobs/ndw-ncis-test/workspace/ncis-ci-hf-mincon/target/classes /var/lib/jenkins/jobs/ndw-ncis-test/workspace/ncis-ci-hf-mst/target/classes /var/lib/jenkins/jobs/ndw-ncis-test/workspace/ncis-ci-log/target/classes /var/lib/jenkins/jobs/ndw-ncis-test/workspace/ncis-ci-meld/target/classes /var/lib/jenkins/jobs/ndw-ncis-test/workspace/ncis-ci-mon/target/classes /var/lib/jenkins/jobs/ndw-ncis-test/workspace/ncis-ci-o-avg/target/classes /var/lib/jenkins/jobs/ndw-ncis-test/workspace/ncis-core/target/classes /var/lib/jenkins/jobs/ndw-ncis-test/workspace/ncis-domain/target/classes /var/lib/jenkins/jobs/ndw-ncis-test/workspace/ncis-schemas/datex2-schema/target/classes /var/lib/jenkins/jobs/ndw-ncis-test/workspace/ncis-schemas/provider-schema/target/classes
[JaCoCo plugin] Saving matched source directories for source-pattern: **/src/main/java:  /var/lib/jenkins/jobs/ndw-ncis-test/workspace/ncis-ci-afn-pull/src/main/java /var/lib/jenkins/jobs/ndw-ncis-test/workspace/ncis-ci-afn-push/src/main/java /var/lib/jenkins/jobs/ndw-ncis-test/workspace/ncis-ci-e-prod/src/main/java /var/lib/jenkins/jobs/ndw-ncis-test/workspace/ncis-ci-e-stor/src/main/java /var/lib/jenkins/jobs/ndw-ncis-test/workspace/ncis-ci-hf-mincon/src/main/java /var/lib/jenkins/jobs/ndw-ncis-test/workspace/ncis-ci-hf-mst/src/main/java /var/lib/jenkins/jobs/ndw-ncis-test/workspace/ncis-ci-log/src/main/java /var/lib/jenkins/jobs/ndw-ncis-test/workspace/ncis-ci-meld/src/main/java /var/lib/jenkins/jobs/ndw-ncis-test/workspace/ncis-ci-mon/src/main/java /var/lib/jenkins/jobs/ndw-ncis-test/workspace/ncis-ci-o-avg/src/main/java /var/lib/jenkins/jobs/ndw-ncis-test/workspace/ncis-core/src/main/java /var/lib/jenkins/jobs/ndw-ncis-test/workspace/ncis-schemas/datex2-schema/src/main/java
[JaCoCo plugin] Loading inclusions files..
[JaCoCo plugin] inclusions: []
[JaCoCo plugin] exclusions: []
ERROR: Publisher hudson.plugins.jacoco.JacocoPublisher aborted due to exception
java.io.IOException: Error while analyzing class /var/lib/jenkins/jobs/ndw-ncis-test/builds/2015-02-23_16-12-29/jacoco/classes/nl/triopsys/ncis/http/SOAPMessageFactoryImpl.class.
	at org.jacoco.core.analysis.Analyzer.analyzerError(Analyzer.java:150)
	at org.jacoco.core.analysis.Analyzer.analyzeClass(Analyzer.java:144)
	at org.jacoco.core.analysis.Analyzer.analyzeAll(Analyzer.java:175)
	at org.jacoco.core.analysis.Analyzer.analyzeAll(Analyzer.java:208)
	at hudson.plugins.jacoco.ExecutionFileLoader.analyzeStructure(ExecutionFileLoader.java:126)
	at hudson.plugins.jacoco.ExecutionFileLoader.loadBundleCoverage(ExecutionFileLoader.java:133)
	at hudson.plugins.jacoco.JacocoReportDir.parse(JacocoReportDir.java:102)
	at hudson.plugins.jacoco.JacocoBuildAction.loadRatios(JacocoBuildAction.java:291)
	at hudson.plugins.jacoco.JacocoBuildAction.load(JacocoBuildAction.java:273)
	at hudson.plugins.jacoco.JacocoPublisher.perform(JacocoPublisher.java:371)
	at hudson.tasks.BuildStepMonitor$1.perform(BuildStepMonitor.java:20)
	at hudson.model.AbstractBuild$AbstractBuildExecution.perform(AbstractBuild.java:770)
	at hudson.model.AbstractBuild$AbstractBuildExecution.performAllBuildSteps(AbstractBuild.java:734)
	at hudson.maven.MavenModuleSetBuild$MavenModuleSetBuildExecution.post2(MavenModuleSetBuild.java:1040)
	at hudson.model.AbstractBuild$AbstractBuildExecution.post(AbstractBuild.java:683)
	at hudson.model.Run.execute(Run.java:1784)
	at hudson.maven.MavenModuleSetBuild.run(MavenModuleSetBuild.java:529)
	at hudson.model.ResourceController.execute(ResourceController.java:89)
	at hudson.model.Executor.run(Executor.java:240)
Caused by: java.lang.ArrayIndexOutOfBoundsException: 38
	at org.jacoco.core.internal.analysis.MethodAnalyzer.addProbe(MethodAnalyzer.java:288)
	at org.jacoco.core.internal.analysis.MethodAnalyzer.visitInsnWithProbe(MethodAnalyzer.java:224)
	at org.jacoco.core.internal.flow.MethodProbesAdapter.visitInsn(MethodProbesAdapter.java:76)
	at org.objectweb.asm.tree.InsnNode.accept(Unknown Source)
	at org.objectweb.asm.tree.InsnList.accept(Unknown Source)
	at org.objectweb.asm.tree.MethodNode.accept(Unknown Source)
	at org.jacoco.core.internal.flow.ClassProbesAdapter$1.visitEnd(ClassProbesAdapter.java:124)
	at org.objectweb.asm.ClassReader.readMethod(ClassReader.java:1021)
	at org.objectweb.asm.ClassReader.accept(ClassReader.java:693)
	at org.objectweb.asm.ClassReader.accept(ClassReader.java:506)
	at org.jacoco.core.analysis.Analyzer.analyzeClass(Analyzer.java:107)
	at org.jacoco.core.analysis.Analyzer.analyzeClass(Analyzer.java:142)
	... 17 more