# JRE version: OpenJDK Runtime Environment (8.0_111-b15) (build 1.8.0_111-b15)
# Java VM: OpenJDK 64-Bit Server VM (25.111-b15 mixed mode linux-amd64 compressed oops)
Heap:
 PSYoungGen      total 791552K, used 614086K [0x000000076d400000, 0x00000007b1e00000, 0x00000007c0000000)
  eden space 770560K, 76% used [0x000000076d400000,0x00000007917440f0,0x000000079c480000)
  from space 20992K, 99% used [0x00000007aef80000,0x00000007b03eda28,0x00000007b0400000)
  to   space 26624K, 0% used [0x00000007b0400000,0x00000007b0400000,0x00000007b1e00000)
 ParOldGen       total 504832K, used 294563K [0x00000006c7c00000, 0x00000006e6900000, 0x000000076d400000)
  object space 504832K, 58% used [0x00000006c7c00000,0x00000006d9ba8d20,0x00000006e6900000)
 Metaspace       used 135353K, capacity 154988K, committed 160640K, reserved 1187840K
  class space    used 15028K, capacity 19692K, committed 22400K, reserved 1048576K
GC Heap History (10 events):
Event: 92885.847 GC heap before
{Heap before GC invocations=4952 (full 48):
 PSYoungGen      total 955904K, used 934400K [0x000000076d400000, 0x00000007b5b80000, 0x00000007c0000000)
  eden space 934400K, 100% used [0x000000076d400000,0x00000007a6480000,0x00000007a6480000)
  from space 21504K, 0% used [0x00000007b4680000,0x00000007b4680000,0x00000007b5b80000)
  to   space 29184K, 0% used [0x00000007b2280000,0x00000007b2280000,0x00000007b3f00000)
 ParOldGen       total 504832K, used 215886K [0x00000006c7c00000, 0x00000006e6900000, 0x000000076d400000)
  object space 504832K, 42% used [0x00000006c7c00000,0x00000006d4ed3958,0x00000006e6900000)
 Metaspace       used 135185K, capacity 154688K, committed 160640K, reserved 1187840K
  class space    used 15007K, capacity 19636K, committed 22400K, reserved 1048576K
Event: 92885.876 GC heap after
Heap after GC invocations=4952 (full 48):
 PSYoungGen      total 918016K, used 19175K [0x000000076d400000, 0x00000007b4700000, 0x00000007c0000000)
  eden space 898560K, 0% used [0x000000076d400000,0x000000076d400000,0x00000007a4180000)
  from space 19456K, 98% used [0x00000007b2280000,0x00000007b3539c08,0x00000007b3580000)
  to   space 17920K, 0% used [0x00000007b3580000,0x00000007b3580000,0x00000007b4700000)
 ParOldGen       total 504832K, used 215886K [0x00000006c7c00000, 0x00000006e6900000, 0x000000076d400000)
  object space 504832K, 42% used [0x00000006c7c00000,0x00000006d4ed3958,0x00000006e6900000)
 Metaspace       used 135185K, capacity 154688K, committed 160640K, reserved 1187840K
  class space    used 15007K, capacity 19636K, committed 22400K, reserved 1048576K
}
Event: 92940.886 GC heap before
{Heap before GC invocations=4953 (full 48):
 PSYoungGen      total 918016K, used 917735K [0x000000076d400000, 0x00000007b4700000, 0x00000007c0000000)
  eden space 898560K, 100% used [0x000000076d400000,0x00000007a4180000,0x00000007a4180000)
  from space 19456K, 98% used [0x00000007b2280000,0x00000007b3539c08,0x00000007b3580000)
  to   space 17920K, 0% used [0x00000007b3580000,0x00000007b3580000,0x00000007b4700000)
 ParOldGen       total 504832K, used 215886K [0x00000006c7c00000, 0x00000006e6900000, 0x000000076d400000)
  object space 504832K, 42% used [0x00000006c7c00000,0x00000006d4ed3958,0x00000006e6900000)
 Metaspace       used 135297K, capacity 154884K, committed 160640K, reserved 1187840K
  class space    used 15018K, capacity 19678K, committed 22400K, reserved 1048576K
Event: 92940.910 GC heap after
Heap after GC invocations=4953 (full 48):
 PSYoungGen      total 880640K, used 16373K [0x000000076d400000, 0x00000007b4580000, 0x00000007c0000000)
  eden space 864256K, 0% used [0x000000076d400000,0x000000076d400000,0x00000007a2000000)
  from space 16384K, 99% used [0x00000007b3580000,0x00000007b457d450,0x00000007b4580000)
  to   space 31232K, 0% used [0x00000007b0880000,0x00000007b0880000,0x00000007b2700000)
 ParOldGen       total 504832K, used 236445K [0x00000006c7c00000, 0x00000006e6900000, 0x000000076d400000)
  object space 504832K, 46% used [0x00000006c7c00000,0x00000006d62e76a8,0x00000006e6900000)
 Metaspace       used 135297K, capacity 154884K, committed 160640K, reserved 1187840K
  class space    used 15018K, capacity 19678K, committed 22400K, reserved 1048576K
}
Event: 93007.029 GC heap before
{Heap before GC invocations=4954 (full 48):
 PSYoungGen      total 880640K, used 880629K [0x000000076d400000, 0x00000007b4580000, 0x00000007c0000000)
  eden space 864256K, 100% used [0x000000076d400000,0x00000007a2000000,0x00000007a2000000)
  from space 16384K, 99% used [0x00000007b3580000,0x00000007b457d450,0x00000007b4580000)
  to   space 31232K, 0% used [0x00000007b0880000,0x00000007b0880000,0x00000007b2700000)
 ParOldGen       total 504832K, used 236445K [0x00000006c7c00000, 0x00000006e6900000, 0x000000076d400000)
  object space 504832K, 46% used [0x00000006c7c00000,0x00000006d62e76a8,0x00000006e6900000)
 Metaspace       used 135353K, capacity 154988K, committed 160640K, reserved 1187840K
  class space    used 15028K, capacity 19692K, committed 22400K, reserved 1048576K
Event: 93007.065 GC heap after
Heap after GC invocations=4954 (full 48):
 PSYoungGen      total 852992K, used 21066K [0x000000076d400000, 0x00000007b3600000, 0x00000007c0000000)
  eden space 831488K, 0% used [0x000000076d400000,0x000000076d400000,0x00000007a0000000)
  from space 21504K, 97% used [0x00000007b0880000,0x00000007b1d12b60,0x00000007b1d80000)
  to   space 25088K, 0% used [0x00000007b1d80000,0x00000007b1d80000,0x00000007b3600000)
 ParOldGen       total 504832K, used 253433K [0x00000006c7c00000, 0x00000006e6900000, 0x000000076d400000)
  object space 504832K, 50% used [0x00000006c7c00000,0x00000006d737e4b0,0x00000006e6900000)
 Metaspace       used 135353K, capacity 154988K, committed 160640K, reserved 1187840K
  class space    used 15028K, capacity 19692K, committed 22400K, reserved 1048576K
}
Event: 93062.750 GC heap before
{Heap before GC invocations=4955 (full 48):
 PSYoungGen      total 852992K, used 852554K [0x000000076d400000, 0x00000007b3600000, 0x00000007c0000000)
  eden space 831488K, 100% used [0x000000076d400000,0x00000007a0000000,0x00000007a0000000)
  from space 21504K, 97% used [0x00000007b0880000,0x00000007b1d12b60,0x00000007b1d80000)
  to   space 25088K, 0% used [0x00000007b1d80000,0x00000007b1d80000,0x00000007b3600000)
 ParOldGen       total 504832K, used 253433K [0x00000006c7c00000, 0x00000006e6900000, 0x000000076d400000)
  object space 504832K, 50% used [0x00000006c7c00000,0x00000006d737e4b0,0x00000006e6900000)
 Metaspace       used 135353K, capacity 154988K, committed 160640K, reserved 1187840K
  class space    used 15028K, capacity 19692K, committed 22400K, reserved 1048576K
Event: 93062.771 GC heap after
Heap after GC invocations=4955 (full 48):
 PSYoungGen      total 821760K, used 21405K [0x000000076d400000, 0x00000007b3280000, 0x00000007c0000000)
  eden space 800256K, 0% used [0x000000076d400000,0x000000076d400000,0x000000079e180000)
  from space 21504K, 99% used [0x00000007b1d80000,0x00000007b3267728,0x00000007b3280000)
  to   space 34304K, 0% used [0x00000007aef80000,0x00000007aef80000,0x00000007b1100000)
 ParOldGen       total 504832K, used 271971K [0x00000006c7c00000, 0x00000006e6900000, 0x000000076d400000)
  object space 504832K, 53% used [0x00000006c7c00000,0x00000006d8598c60,0x00000006e6900000)
 Metaspace       used 135353K, capacity 154988K, committed 160640K, reserved 1187840K
  class space    used 15028K, capacity 19692K, committed 22400K, reserved 1048576K
}
Event: 93148.004 GC heap before
{Heap before GC invocations=4956 (full 48):
 PSYoungGen      total 821760K, used 821661K [0x000000076d400000, 0x00000007b3280000, 0x00000007c0000000)
  eden space 800256K, 100% used [0x000000076d400000,0x000000079e180000,0x000000079e180000)
  from space 21504K, 99% used [0x00000007b1d80000,0x00000007b3267728,0x00000007b3280000)
  to   space 34304K, 0% used [0x00000007aef80000,0x00000007aef80000,0x00000007b1100000)
 ParOldGen       total 504832K, used 271971K [0x00000006c7c00000, 0x00000006e6900000, 0x000000076d400000)
  object space 504832K, 53% used [0x00000006c7c00000,0x00000006d8598c60,0x00000006e6900000)
 Metaspace       used 135353K, capacity 154988K, committed 160640K, reserved 1187840K
  class space    used 15028K, capacity 19692K, committed 22400K, reserved 1048576K
Event: 93148.042 GC heap after
Heap after GC invocations=4956 (full 48):
 PSYoungGen      total 791552K, used 20918K [0x000000076d400000, 0x00000007b1e00000, 0x00000007c0000000)
  eden space 770560K, 0% used [0x000000076d400000,0x000000076d400000,0x000000079c480000)
  from space 20992K, 99% used [0x00000007aef80000,0x00000007b03eda28,0x00000007b0400000)
  to   space 26624K, 0% used [0x00000007b0400000,0x00000007b0400000,0x00000007b1e00000)
 ParOldGen       total 504832K, used 294563K [0x00000006c7c00000, 0x00000006e6900000, 0x000000076d400000)
  object space 504832K, 58% used [0x00000006c7c00000,0x00000006d9ba8d20,0x00000006e6900000)
 Metaspace       used 135353K, capacity 154988K, committed 160640K, reserved 1187840K
  class space    used 15028K, capacity 19692K, committed 22400K, reserved 1048576K
}

