+ id
uid=0(root) gid=0(root)
+ pwd
/var/jenkins_home/workspace/TestA_develop-2FVYGZ7AQEYOGE4PB6TKQSYM3CL5SQG2ZAD2NEG3VSPTBLSGKW3Q
+ printenv
NODE_VERSION=10.1.0
HOSTNAME=769ebb1258af
RUN_CHANGES_DISPLAY_URL=http://unconfigured-jenkins-location/job/TestA/job/develop/19/display/redirect?page=changes
YARN_VERSION=1.6.0
NODE_LABELS=master
GIT_COMMIT=cd3ce74b7c0518e82fbeb2e75cae2c9c889b0af0
SHLVL=2
HOME=/root
GIT_LOCAL_BRANCH=develop
JENKINS_SERVER_COOKIE=durable-db2b4613a1c7317e64bacdfc02ae0214
WORKSPACE=/var/jenkins_home/workspace/TestA_develop-2FVYGZ7AQEYOGE4PB6TKQSYM3CL5SQG2ZAD2NEG3VSPTBLSGKW3Q
NODE_NAME=master
GIT_BRANCH=develop
EXECUTOR_NUMBER=0
STAGE_NAME=deliver
BUILD_DISPLAY_NAME=#19
HUDSON_HOME=/var/jenkins_home
JOB_BASE_NAME=develop
PATH=/usr/local/sbin:/usr/local/bin:/usr/sbin:/usr/bin:/sbin:/bin
BUILD_ID=19
BUILD_TAG=jenkins-TestA-develop-19
GIT_URL=ssh://git@srv1.hctx0591.com:8822/baivoom/TestA.git
BUILD_NUMBER=19
JENKINS_NODE_COOKIE=abe28bd4-b937-42c7-9719-74f5024b6a40
RUN_DISPLAY_URL=http://unconfigured-jenkins-location/job/TestA/job/develop/19/display/redirect
HUDSON_SERVER_COOKIE=a29264eee0822947
JOB_DISPLAY_URL=http://unconfigured-jenkins-location/job/TestA/job/develop/display/redirect
CLASSPATH=
JOB_NAME=TestA/develop
PWD=/var/jenkins_home/workspace/TestA_develop-2FVYGZ7AQEYOGE4PB6TKQSYM3CL5SQG2ZAD2NEG3VSPTBLSGKW3Q
GIT_PREVIOUS_COMMIT=66c1fc0313b3f9deb89e456634cebfd862768028
BRANCH_NAME=develop
+ npm start

> testa@1.0.0 start /var/jenkins_home/workspace/TestA_develop-2FVYGZ7AQEYOGE4PB6TKQSYM3CL5SQG2ZAD2NEG3VSPTBLSGKW3Q
> http-server -p 3000 ./html

sh: http-server: not found
npm ERR! file sh
npm ERR! code ELIFECYCLE
npm ERR! errno ENOENT
npm ERR! syscall spawn
npm ERR! testa@1.0.0 start: `http-server -p 3000 ./html`
npm ERR! spawn ENOENT
npm ERR! 
npm ERR! Failed at the testa@1.0.0 start script.
npm ERR! This is probably not a problem with npm. There is likely additional logging output above.
npm WARN Local package.json exists, but node_modules missing, did you mean to install?

npm ERR! A complete log of this run can be found in:
npm ERR!     /root/.npm/_logs/2018-05-18T20_45_36_200Z-debug.log
script returned exit code 1