Started by user Fowler, Michael
Building on master in workspace D:\Jenkins_Home\jobs\Raiden\workspace
Cleaning up D:\Jenkins_Home\jobs\Raiden\workspace\.
Deleting D:\Jenkins_Home\jobs\Raiden\workspace\nuint-results.xml
Deleting D:\Jenkins_Home\jobs\Raiden\workspace\FXCopResults.xml
Deleting D:\Jenkins_Home\jobs\Raiden\workspace\Solution\Raiden\Csa.Test\obj
Deleting D:\Jenkins_Home\jobs\Raiden\workspace\Solution\Raiden\RaidenWpfApp\StyleCop.Cache
Deleting D:\Jenkins_Home\jobs\Raiden\workspace\Solution\Raiden\RaidenWpfApp\obj
Deleting D:\Jenkins_Home\jobs\Raiden\workspace\Solution\Raiden\Transactions\StyleCop.Cache
Deleting D:\Jenkins_Home\jobs\Raiden\workspace\Solution\Raiden\Transactions\obj
Deleting D:\Jenkins_Home\jobs\Raiden\workspace\Solution\Raiden\Evaluation.UI\StyleCop.Cache
Deleting D:\Jenkins_Home\jobs\Raiden\workspace\Solution\Raiden\Evaluation.UI\obj
Deleting D:\Jenkins_Home\jobs\Raiden\workspace\Solution\Raiden\Csa\StyleCop.Cache
Deleting D:\Jenkins_Home\jobs\Raiden\workspace\Solution\Raiden\Csa\obj
Deleting D:\Jenkins_Home\jobs\Raiden\workspace\Solution\Raiden\Evaluation\StyleCop.Cache
Deleting D:\Jenkins_Home\jobs\Raiden\workspace\Solution\Raiden\Evaluation\obj
Deleting D:\Jenkins_Home\jobs\Raiden\workspace\Solution\Raiden\App.Installers\obj
Deleting D:\Jenkins_Home\jobs\Raiden\workspace\Solution\Raiden\Hardware.SdpSupport.Installers\StyleCop.Cache
Deleting D:\Jenkins_Home\jobs\Raiden\workspace\Solution\Raiden\Hardware.SdpSupport.Installers\obj
Deleting D:\Jenkins_Home\jobs\Raiden\workspace\Solution\Raiden\Evaluation.Boards.Test\obj
Deleting D:\Jenkins_Home\jobs\Raiden\workspace\Solution\Raiden\packages
Deleting D:\Jenkins_Home\jobs\Raiden\workspace\Solution\Raiden\Hardware.SdpSupport.Test\obj
Deleting D:\Jenkins_Home\jobs\Raiden\workspace\Solution\Raiden\Hardware.Test\obj
Deleting D:\Jenkins_Home\jobs\Raiden\workspace\Solution\Raiden\Transactions.Test\obj
Deleting D:\Jenkins_Home\jobs\Raiden\workspace\Solution\Raiden\App.UI\StyleCop.Cache
Deleting D:\Jenkins_Home\jobs\Raiden\workspace\Solution\Raiden\App.UI\obj
Deleting D:\Jenkins_Home\jobs\Raiden\workspace\Solution\Raiden\Evaluation.Test\obj
Deleting D:\Jenkins_Home\jobs\Raiden\workspace\Solution\Raiden\UI\StyleCop.Cache
Deleting D:\Jenkins_Home\jobs\Raiden\workspace\Solution\Raiden\UI\obj
Deleting D:\Jenkins_Home\jobs\Raiden\workspace\Solution\Raiden\UI.Rad\obj
Deleting D:\Jenkins_Home\jobs\Raiden\workspace\Solution\Raiden\Evaluation.Boards\StyleCop.Cache
Deleting D:\Jenkins_Home\jobs\Raiden\workspace\Solution\Raiden\Evaluation.Boards\obj
Deleting D:\Jenkins_Home\jobs\Raiden\workspace\Solution\Raiden\UI.Test\obj
Deleting D:\Jenkins_Home\jobs\Raiden\workspace\Solution\Raiden\Hardware\StyleCop.Cache
Deleting D:\Jenkins_Home\jobs\Raiden\workspace\Solution\Raiden\Hardware\obj
Deleting D:\Jenkins_Home\jobs\Raiden\workspace\Solution\Raiden\Hardware.SdpSupport\StyleCop.Cache
Deleting D:\Jenkins_Home\jobs\Raiden\workspace\Solution\Raiden\Hardware.SdpSupport\obj
Deleting D:\Jenkins_Home\jobs\Raiden\workspace\Solution\Raiden\Hardware.UI\StyleCop.Cache
Deleting D:\Jenkins_Home\jobs\Raiden\workspace\Solution\Raiden\Hardware.UI\obj
Deleting D:\Jenkins_Home\jobs\Raiden\workspace\Solution\bin
Updating svn+ssh://mfowler@code.contoso.com/svnroot/raiden/trunk at revision '2013-05-10T16:38:11.215 -0400'
At revision 327
no change for svn+ssh://mfowler@code.contoso.com/svnroot/raiden/trunk since the previous build
No emails were triggered.
Path To MSBuild.exe: C:\Windows\Microsoft.NET\Framework\v4.0.30319\MSBuild.exe
Executing the command cmd.exe /C C:\Windows\Microsoft.NET\Framework\v4.0.30319\MSBuild.exe /p:Configuration=Release Solution\Raiden\Raiden.sln && exit %%ERRORLEVEL%% from D:\Jenkins_Home\jobs\Raiden\workspace
[workspace] $ cmd.exe /C C:\Windows\Microsoft.NET\Framework\v4.0.30319\MSBuild.exe /p:Configuration=Release Solution\Raiden\Raiden.sln && exit %%ERRORLEVEL%%
Microsoft (R) Build Engine Version 4.0.30319.1
[Microsoft .NET Framework, Version 4.0.30319.296]
Copyright (C) Microsoft Corporation 2007. All rights reserved.

Build started 5/10/2013 4:38:13 PM.
Project "D:\Jenkins_Home\jobs\Raiden\workspace\Solution\Raiden\Raiden.sln" on node 1 (default targets).
ValidateSolutionConfiguration:
  Building solution configuration "Release|Mixed Platforms".
Project "D:\Jenkins_Home\jobs\Raiden\workspace\Solution\Raiden\Raiden.sln" (1) is building "D:\Jenkins_Home\jobs\Raiden\workspace\Solution\Raiden\Csa\Csa.csproj" (2) on node 1 (default targets).
PrepareForBuild:
  Creating directory "..\..\bin\Release\".
  Creating directory "obj\Release\".
ResolveAssemblyReferences:
  A TargetFramework profile exclusion list will be generated.
GenerateTargetFrameworkMonikerAttribute:
Skipping target "GenerateTargetFrameworkMonikerAttribute" because all output files are up-to-date with respect to the input files.
CoreCompile:
  C:\Windows\Microsoft.NET\Framework\v4.0.30319\Csc.exe /noconfig /nowarn:1701,1702 /nostdlib+ /errorreport:prompt /warn:4 /define:TRACE;CODE_ANALYSIS /reference:"C:\Program Files (x86)\Reference Assemblies\Microsoft\Framework\.NETFramework\v4.0\Profile\Client\mscorlib.dll" /reference:"C:\Program Files (x86)\Reference Assemblies\Microsoft\Framework\.NETFramework\v4.0\Profile\Client\System.Core.dll" /reference:"C:\Program Files (x86)\Reference Assemblies\Microsoft\Framework\.NETFramework\v4.0\Profile\Client\System.dll" /reference:"C:\Program Files (x86)\Reference Assemblies\Microsoft\Framework\.NETFramework\v4.0\Profile\Client\System.XML.dll" /debug:pdbonly /filealign:512 /optimize+ /out:obj\Release\ADI.Csa.dll /target:library EventArgsExtensions.cs "EventArgs{TData}.cs" Exceptions\ExceptionArgs.cs "Exceptions\Exception{TExceptionArgs}.cs" Factories\ITypeFactory.cs Objects\IObjectNode.cs Objects\ObjectLeafNode.cs Objects\ObjectNode.cs Objects\ObjectNodeExtensions.cs Objects\ObjectStore.cs Objects\RootNode.cs Properties\AssemblyInfo.cs "ValueChangedEventArgs{TValue}.cs" "C:\Windows\TEMP\.NETFramework,Version=v4.0,Profile=Client.AssemblyAttributes.cs"
CopyFilesToOutputDirectory:
  Copying file from "obj\Release\ADI.Csa.dll" to "..\..\bin\Release\ADI.Csa.dll".
  Csa -> D:\Jenkins_Home\jobs\Raiden\workspace\Solution\bin\Release\ADI.Csa.dll
  Copying file from "obj\Release\ADI.Csa.pdb" to "..\..\bin\Release\ADI.Csa.pdb".
StyleCop:
  Skipping: Csa - \Properties\AssemblyInfo.cs
  No violations encountered
Done Building Project "D:\Jenkins_Home\jobs\Raiden\workspace\Solution\Raiden\Csa\Csa.csproj" (default targets).
Project "D:\Jenkins_Home\jobs\Raiden\workspace\Solution\Raiden\Raiden.sln" (1) is building "D:\Jenkins_Home\jobs\Raiden\workspace\Solution\Raiden\Evaluation\Evaluation.csproj" (4) on node 1 (default targets).
PrepareForBuild:
  Creating directory "obj\Release\".
GenerateTargetFrameworkMonikerAttribute:
Skipping target "GenerateTargetFrameworkMonikerAttribute" because all output files are up-to-date with respect to the input files.
CoreCompile:
  C:\Windows\Microsoft.NET\Framework\v4.0.30319\Csc.exe /noconfig /nowarn:1701,1702 /nostdlib+ /errorreport:prompt /warn:4 /define:TRACE /reference:D:\Jenkins_Home\jobs\Raiden\workspace\Solution\bin\Release\ADI.Csa.dll /reference:"C:\Program Files (x86)\Reference Assemblies\Microsoft\Framework\.NETFramework\v4.0\mscorlib.dll" /reference:"C:\Program Files (x86)\Reference Assemblies\Microsoft\Framework\.NETFramework\v4.0\System.Core.dll" /reference:"C:\Program Files (x86)\Reference Assemblies\Microsoft\Framework\.NETFramework\v4.0\System.dll" /debug:pdbonly /filealign:512 /optimize+ /out:obj\Release\ADI.Csa.Evaluation.dll /target:library Enumerations\ConnectorDirection.cs EvalComponentEventArgs.cs EvalComponentBase.cs EvalConnection.cs EvalSubsystem.cs EvalSubsystemEventArgs.cs EvalSystem.cs Exceptions\ConnectorsNotConnectableExceptionArgs.cs Interfaces\IEvalSystemManager.cs Interfaces\IComponentInfo.cs Interfaces\IConnectorInfo.cs Interfaces\IEvalComponent.cs Interfaces\IEvalComponentLoader.cs Interfaces\IEvalComponentRepository.cs Interfaces\IEvalConnector.cs Interfaces\IEvalSystemComparer.cs Interfaces\IEvalSystemInfo.cs Interfaces\IEvalSystemInfoProvider.cs Interfaces\IEvalUnknownComponent.cs Properties\AssemblyInfo.cs "C:\Windows\TEMP\.NETFramework,Version=v4.0.AssemblyAttributes.cs"
CopyFilesToOutputDirectory:
  Copying file from "obj\Release\ADI.Csa.Evaluation.dll" to "..\..\bin\Release\ADI.Csa.Evaluation.dll".
  Evaluation -> D:\Jenkins_Home\jobs\Raiden\workspace\Solution\bin\Release\ADI.Csa.Evaluation.dll
  Copying file from "obj\Release\ADI.Csa.Evaluation.pdb" to "..\..\bin\Release\ADI.Csa.Evaluation.pdb".
StyleCop:
  Skipping: Evaluation - \Properties\AssemblyInfo.cs
  No violations encountered
Done Building Project "D:\Jenkins_Home\jobs\Raiden\workspace\Solution\Raiden\Evaluation\Evaluation.csproj" (default targets).
Project "D:\Jenkins_Home\jobs\Raiden\workspace\Solution\Raiden\Raiden.sln" (1) is building "D:\Jenkins_Home\jobs\Raiden\workspace\Solution\Raiden\Evaluation.Test\Evaluation.Test.csproj" (5) on node 1 (default targets).
PrepareForBuild:
  Creating directory "obj\Release\".
RestorePackages:
  "D:\Jenkins_Home\jobs\Raiden\workspace\Solution\Raiden\.nuget\nuget.exe" install "D:\Jenkins_Home\jobs\Raiden\workspace\Solution\Raiden\Evaluation.Test\packages.config" -source "\\nwd2hscjnks\NuGetShare"  -RequireConsent -o "D:\Jenkins_Home\jobs\Raiden\workspace\Solution\Raiden\packages"
  Successfully installed 'NUnit 2.6.2'.
  Successfully installed 'Moq 4.0.10827'.
GenerateTargetFrameworkMonikerAttribute:
Skipping target "GenerateTargetFrameworkMonikerAttribute" because all output files are up-to-date with respect to the input files.
CoreCompile:
  C:\Windows\Microsoft.NET\Framework\v4.0.30319\Csc.exe /noconfig /nowarn:1701,1702 /nostdlib+ /errorreport:prompt /warn:4 /define:TRACE /reference:D:\Jenkins_Home\jobs\Raiden\workspace\Solution\bin\Release\ADI.Csa.dll /reference:D:\Jenkins_Home\jobs\Raiden\workspace\Solution\bin\Release\ADI.Csa.Evaluation.dll /reference:D:\Jenkins_Home\jobs\Raiden\workspace\Solution\Raiden\packages\Moq.4.0.10827\lib\NET40\Moq.dll /reference:"C:\Program Files (x86)\Reference Assemblies\Microsoft\Framework\.NETFramework\v4.0\mscorlib.dll" /reference:D:\Jenkins_Home\jobs\Raiden\workspace\Solution\Raiden\packages\NUnit.2.6.2\lib\nunit.framework.dll /reference:"C:\Program Files (x86)\Reference Assemblies\Microsoft\Framework\.NETFramework\v4.0\System.Core.dll" /debug:pdbonly /filealign:512 /optimize+ /out:obj\Release\ADI.Csa.Evaluation.Test.dll /target:library EvalConnectionTest.cs EvalSubsystemTest.cs EvalSystemTest.cs ExceptionsTest.cs IComponentInfoTest.cs IConnectorInfoTest.cs IEvalComponentTest.cs IEvalConnectorTest.cs IEvalSystemInfoTest.cs IObjectNodeTest.cs Properties\AssemblyInfo.cs "C:\Windows\TEMP\.NETFramework,Version=v4.0.AssemblyAttributes.cs"
_CopyFilesMarkedCopyLocal:
  Copying file from "D:\Jenkins_Home\jobs\Raiden\workspace\Solution\Raiden\packages\Moq.4.0.10827\lib\NET40\Moq.dll" to "..\..\bin\Release\Moq.dll".
  Copying file from "D:\Jenkins_Home\jobs\Raiden\workspace\Solution\Raiden\packages\NUnit.2.6.2\lib\nunit.framework.dll" to "..\..\bin\Release\nunit.framework.dll".
  Copying file from "D:\Jenkins_Home\jobs\Raiden\workspace\Solution\Raiden\packages\Moq.4.0.10827\lib\NET40\Moq.pdb" to "..\..\bin\Release\Moq.pdb".
  Copying file from "D:\Jenkins_Home\jobs\Raiden\workspace\Solution\Raiden\packages\Moq.4.0.10827\lib\NET40\Moq.xml" to "..\..\bin\Release\Moq.xml".
  Copying file from "D:\Jenkins_Home\jobs\Raiden\workspace\Solution\Raiden\packages\NUnit.2.6.2\lib\nunit.framework.xml" to "..\..\bin\Release\nunit.framework.xml".
CopyFilesToOutputDirectory:
  Copying file from "obj\Release\ADI.Csa.Evaluation.Test.dll" to "..\..\bin\Release\ADI.Csa.Evaluation.Test.dll".
  Evaluation.Test -> D:\Jenkins_Home\jobs\Raiden\workspace\Solution\bin\Release\ADI.Csa.Evaluation.Test.dll
  Copying file from "obj\Release\ADI.Csa.Evaluation.Test.pdb" to "..\..\bin\Release\ADI.Csa.Evaluation.Test.pdb".
Done Building Project "D:\Jenkins_Home\jobs\Raiden\workspace\Solution\Raiden\Evaluation.Test\Evaluation.Test.csproj" (default targets).
Project "D:\Jenkins_Home\jobs\Raiden\workspace\Solution\Raiden\Raiden.sln" (1) is building "D:\Jenkins_Home\jobs\Raiden\workspace\Solution\Raiden\Hardware\Hardware.csproj" (6) on node 1 (default targets).
PrepareForBuild:
  Creating directory "obj\Release\".
GenerateTargetFrameworkMonikerAttribute:
Skipping target "GenerateTargetFrameworkMonikerAttribute" because all output files are up-to-date with respect to the input files.
CoreCompile:
  C:\Windows\Microsoft.NET\Framework\v4.0.30319\Csc.exe /noconfig /nowarn:1701,1702 /nostdlib+ /errorreport:prompt /warn:4 /define:TRACE /reference:D:\Jenkins_Home\jobs\Raiden\workspace\Solution\bin\Release\ADI.Csa.dll /reference:D:\Jenkins_Home\jobs\Raiden\workspace\Solution\bin\Release\ADI.Csa.Evaluation.dll /reference:"C:\Program Files (x86)\Reference Assemblies\Microsoft\Framework\.NETFramework\v4.0\mscorlib.dll" /reference:"C:\Program Files (x86)\Reference Assemblies\Microsoft\Framework\.NETFramework\v4.0\System.Core.dll" /reference:"C:\Program Files (x86)\Reference Assemblies\Microsoft\Framework\.NETFramework\v4.0\System.dll" /debug:pdbonly /filealign:512 /optimize+ /out:obj\Release\ADI.Csa.Hardware.dll /target:library AggregateFinder.cs ControllerFinderBase.cs ControllerItem.cs ControllerManager.cs ControllerProxy.cs ControllerProxyItem.cs Enumerations\ControllerAttachmentCategory.cs Enumerations\ControllerAttachmentState.cs Enumerations\ControllerOperationState.cs Enumerations\HardwareErrorRecoveryAction.cs Enumerations\HardwareExceptionSource.cs Enumerations\HardwareUsage.cs EventArgs\AcquirementEventArgs.cs EventArgs\AttachmentEventArgs.cs ExceptionArgs\HardwareExceptionArgs.cs Interfaces\IControllerComponent.cs Interfaces\IController.cs Interfaces\IControllerFinder.cs Interfaces\IControllerPeripheral.cs Interfaces\IControllerPeripheralManager.cs Interfaces\IHardwareDaughterInfo.cs Interfaces\IHardwareUsageInfo.cs Interfaces\IOperationMonitor.cs Properties\AssemblyInfo.cs "C:\Windows\TEMP\.NETFramework,Version=v4.0.AssemblyAttributes.cs"
CopyFilesToOutputDirectory:
  Copying file from "obj\Release\ADI.Csa.Hardware.dll" to "..\..\bin\Release\ADI.Csa.Hardware.dll".
  Hardware -> D:\Jenkins_Home\jobs\Raiden\workspace\Solution\bin\Release\ADI.Csa.Hardware.dll
  Copying file from "obj\Release\ADI.Csa.Hardware.pdb" to "..\..\bin\Release\ADI.Csa.Hardware.pdb".
StyleCop:
  Skipping: Hardware - \Properties\AssemblyInfo.cs
  No violations encountered
Done Building Project "D:\Jenkins_Home\jobs\Raiden\workspace\Solution\Raiden\Hardware\Hardware.csproj" (default targets).
Project "D:\Jenkins_Home\jobs\Raiden\workspace\Solution\Raiden\Raiden.sln" (1) is building "D:\Jenkins_Home\jobs\Raiden\workspace\Solution\Raiden\Hardware.Test\Hardware.Test.csproj" (7) on node 1 (default targets).
PrepareForBuild:
  Creating directory "obj\Release\".
RestorePackages:
  "D:\Jenkins_Home\jobs\Raiden\workspace\Solution\Raiden\.nuget\nuget.exe" install "D:\Jenkins_Home\jobs\Raiden\workspace\Solution\Raiden\Hardware.Test\packages.config" -source "\\nwd2hscjnks\NuGetShare"  -RequireConsent -o "D:\Jenkins_Home\jobs\Raiden\workspace\Solution\Raiden\packages"
  All packages listed in packages.config are already installed.
GenerateTargetFrameworkMonikerAttribute:
Skipping target "GenerateTargetFrameworkMonikerAttribute" because all output files are up-to-date with respect to the input files.
CoreCompile:
  C:\Windows\Microsoft.NET\Framework\v4.0.30319\Csc.exe /noconfig /nowarn:1701,1702 /nostdlib+ /errorreport:prompt /warn:4 /define:TRACE /reference:D:\Jenkins_Home\jobs\Raiden\workspace\Solution\bin\Release\ADI.Csa.dll /reference:D:\Jenkins_Home\jobs\Raiden\workspace\Solution\bin\Release\ADI.Csa.Evaluation.dll /reference:D:\Jenkins_Home\jobs\Raiden\workspace\Solution\bin\Release\ADI.Csa.Hardware.dll /reference:D:\Jenkins_Home\jobs\Raiden\workspace\Solution\Raiden\packages\Moq.4.0.10827\lib\NET40\Moq.dll /reference:"C:\Program Files (x86)\Reference Assemblies\Microsoft\Framework\.NETFramework\v4.0\mscorlib.dll" /reference:D:\Jenkins_Home\jobs\Raiden\workspace\Solution\Raiden\packages\NUnit.2.6.2\lib\nunit.framework.dll /reference:"C:\Program Files (x86)\Reference Assemblies\Microsoft\Framework\.NETFramework\v4.0\System.Core.dll" /reference:"C:\Program Files (x86)\Reference Assemblies\Microsoft\Framework\.NETFramework\v4.0\System.dll" /debug:pdbonly /filealign:512 /optimize+ /out:obj\Release\ADI.Csa.Hardware.Test.dll /target:library ApplicationLockSimulator.cs ControllerComponentTemplate.cs MockEvalSystemComparer.cs MockSystemInfoFactory.cs TestAggregateFinder.cs TestControllerItem.cs MockController.cs MockControllerFinder.cs Properties\AssemblyInfo.cs TestControllerManager.cs TestControllerProxy.cs TestIController.cs TestIControllerFinder.cs "C:\Windows\TEMP\.NETFramework,Version=v4.0.AssemblyAttributes.cs"
CopyFilesToOutputDirectory:
  Copying file from "obj\Release\ADI.Csa.Hardware.Test.dll" to "..\..\bin\Release\ADI.Csa.Hardware.Test.dll".
  Hardware.Test -> D:\Jenkins_Home\jobs\Raiden\workspace\Solution\bin\Release\ADI.Csa.Hardware.Test.dll
  Copying file from "obj\Release\ADI.Csa.Hardware.Test.pdb" to "..\..\bin\Release\ADI.Csa.Hardware.Test.pdb".
Done Building Project "D:\Jenkins_Home\jobs\Raiden\workspace\Solution\Raiden\Hardware.Test\Hardware.Test.csproj" (default targets).
Project "D:\Jenkins_Home\jobs\Raiden\workspace\Solution\Raiden\Raiden.sln" (1) is building "D:\Jenkins_Home\jobs\Raiden\workspace\Solution\Raiden\Transactions\Transactions.csproj" (8) on node 1 (default targets).
PrepareForBuild:
  Creating directory "obj\Release\".
RestorePackages:
  "D:\Jenkins_Home\jobs\Raiden\workspace\Solution\Raiden\.nuget\nuget.exe" install "D:\Jenkins_Home\jobs\Raiden\workspace\Solution\Raiden\Transactions\packages.config" -source "\\nwd2hscjnks\NuGetShare"  -RequireConsent -o "D:\Jenkins_Home\jobs\Raiden\workspace\Solution\Raiden\packages"
  Successfully installed 'Castle.Core 3.2.0'.
  Successfully installed 'Castle.Windsor 3.2.0'.
GenerateTargetFrameworkMonikerAttribute:
Skipping target "GenerateTargetFrameworkMonikerAttribute" because all output files are up-to-date with respect to the input files.
CoreCompile:
  C:\Windows\Microsoft.NET\Framework\v4.0.30319\Csc.exe /noconfig /nowarn:1701,1702 /nostdlib+ /errorreport:prompt /warn:4 /define:TRACE /reference:D:\Jenkins_Home\jobs\Raiden\workspace\Solution\bin\Release\ADI.Csa.dll /reference:"C:\Program Files (x86)\Reference Assemblies\Microsoft\Framework\.NETFramework\v4.0\mscorlib.dll" /reference:"C:\Program Files (x86)\Reference Assemblies\Microsoft\Framework\.NETFramework\v4.0\System.Core.dll" /debug:pdbonly /filealign:512 /optimize+ /out:obj\Release\ADI.Csa.Transactions.dll /target:library Properties\AssemblyInfo.cs Transaction.cs TransactionEventArgs.cs TransactionExceptionArgs.cs TransactionInfoAttribute.cs TransactionManager.cs TransactionState.cs "C:\Windows\TEMP\.NETFramework,Version=v4.0.AssemblyAttributes.cs"
CopyFilesToOutputDirectory:
  Copying file from "obj\Release\ADI.Csa.Transactions.dll" to "..\..\bin\Release\ADI.Csa.Transactions.dll".
  Transactions -> D:\Jenkins_Home\jobs\Raiden\workspace\Solution\bin\Release\ADI.Csa.Transactions.dll
  Copying file from "obj\Release\ADI.Csa.Transactions.pdb" to "..\..\bin\Release\ADI.Csa.Transactions.pdb".
StyleCop:
  Skipping: Transactions - \Properties\AssemblyInfo.cs
D:\Jenkins_Home\jobs\Raiden\workspace\Solution\Raiden\Transactions\TransactionManager.cs(21,1): warning : SA1650 : CSharp.Documentation : The documentation text within the remarks tag contains incorrectly spelled words: startable [D:\Jenkins_Home\jobs\Raiden\workspace\Solution\Raiden\Transactions\Transactions.csproj]
  1 violations encountered.
Done Building Project "D:\Jenkins_Home\jobs\Raiden\workspace\Solution\Raiden\Transactions\Transactions.csproj" (default targets).
Project "D:\Jenkins_Home\jobs\Raiden\workspace\Solution\Raiden\Raiden.sln" (1) is building "D:\Jenkins_Home\jobs\Raiden\workspace\Solution\Raiden\Transactions.Test\Transactions.Test.csproj" (9) on node 1 (default targets).
PrepareForBuild:
  Creating directory "obj\Release\".
RestorePackages:
  "D:\Jenkins_Home\jobs\Raiden\workspace\Solution\Raiden\.nuget\nuget.exe" install "D:\Jenkins_Home\jobs\Raiden\workspace\Solution\Raiden\Transactions.Test\packages.config" -source "\\nwd2hscjnks\NuGetShare"  -RequireConsent -o "D:\Jenkins_Home\jobs\Raiden\workspace\Solution\Raiden\packages"
  All packages listed in packages.config are already installed.
GenerateTargetFrameworkMonikerAttribute:
Skipping target "GenerateTargetFrameworkMonikerAttribute" because all output files are up-to-date with respect to the input files.
CoreCompile:
  C:\Windows\Microsoft.NET\Framework\v4.0.30319\Csc.exe /noconfig /nowarn:1701,1702 /nostdlib+ /errorreport:prompt /warn:4 /define:TRACE /reference:D:\Jenkins_Home\jobs\Raiden\workspace\Solution\bin\Release\ADI.Csa.dll /reference:D:\Jenkins_Home\jobs\Raiden\workspace\Solution\bin\Release\ADI.Csa.Transactions.dll /reference:D:\Jenkins_Home\jobs\Raiden\workspace\Solution\Raiden\packages\Castle.Core.3.2.0\lib\net40-client\Castle.Core.dll /reference:D:\Jenkins_Home\jobs\Raiden\workspace\Solution\Raiden\packages\Castle.Windsor.3.2.0\lib\net40\Castle.Windsor.dll /reference:"C:\Program Files (x86)\Reference Assemblies\Microsoft\Framework\.NETFramework\v4.0\mscorlib.dll" /reference:D:\Jenkins_Home\jobs\Raiden\workspace\Solution\Raiden\packages\NUnit.2.6.2\lib\nunit.framework.dll /reference:"C:\Program Files (x86)\Reference Assemblies\Microsoft\Framework\.NETFramework\v4.0\System.Core.dll" /reference:"C:\Program Files (x86)\Reference Assemblies\Microsoft\Framework\.NETFramework\v4.0\System.Xml.dll" /debug:pdbonly /filealign:512 /optimize+ /out:obj\Release\ADI.Csa.Transactions.Test.dll /target:library MockTransaction2.cs MockTransaction1.cs Properties\AssemblyInfo.cs TransactionTest.cs "C:\Windows\TEMP\.NETFramework,Version=v4.0.AssemblyAttributes.cs"
_CopyFilesMarkedCopyLocal:
  Copying file from "D:\Jenkins_Home\jobs\Raiden\workspace\Solution\Raiden\packages\Castle.Core.3.2.0\lib\net40-client\Castle.Core.dll" to "..\..\bin\Release\Castle.Core.dll".
  Copying file from "D:\Jenkins_Home\jobs\Raiden\workspace\Solution\Raiden\packages\Castle.Windsor.3.2.0\lib\net40\Castle.Windsor.dll" to "..\..\bin\Release\Castle.Windsor.dll".
  Copying file from "D:\Jenkins_Home\jobs\Raiden\workspace\Solution\Raiden\packages\Castle.Core.3.2.0\lib\net40-client\Castle.Core.xml" to "..\..\bin\Release\Castle.Core.xml".
  Copying file from "D:\Jenkins_Home\jobs\Raiden\workspace\Solution\Raiden\packages\Castle.Windsor.3.2.0\lib\net40\Castle.Windsor.xml" to "..\..\bin\Release\Castle.Windsor.xml".
CopyFilesToOutputDirectory:
  Copying file from "obj\Release\ADI.Csa.Transactions.Test.dll" to "..\..\bin\Release\ADI.Csa.Transactions.Test.dll".
  Transactions.Test -> D:\Jenkins_Home\jobs\Raiden\workspace\Solution\bin\Release\ADI.Csa.Transactions.Test.dll
  Copying file from "obj\Release\ADI.Csa.Transactions.Test.pdb" to "..\..\bin\Release\ADI.Csa.Transactions.Test.pdb".
Done Building Project "D:\Jenkins_Home\jobs\Raiden\workspace\Solution\Raiden\Transactions.Test\Transactions.Test.csproj" (default targets).
Project "D:\Jenkins_Home\jobs\Raiden\workspace\Solution\Raiden\Raiden.sln" (1) is building "D:\Jenkins_Home\jobs\Raiden\workspace\Solution\Raiden\Csa.Test\Csa.Test.csproj" (10) on node 1 (default targets).
PrepareForBuild:
  Creating directory "obj\Release\".
RestorePackages:
  "D:\Jenkins_Home\jobs\Raiden\workspace\Solution\Raiden\.nuget\nuget.exe" install "D:\Jenkins_Home\jobs\Raiden\workspace\Solution\Raiden\Csa.Test\packages.config" -source "\\nwd2hscjnks\NuGetShare"  -RequireConsent -o "D:\Jenkins_Home\jobs\Raiden\workspace\Solution\Raiden\packages"
  All packages listed in packages.config are already installed.
GenerateTargetFrameworkMonikerAttribute:
Skipping target "GenerateTargetFrameworkMonikerAttribute" because all output files are up-to-date with respect to the input files.
CoreCompile:
  C:\Windows\Microsoft.NET\Framework\v4.0.30319\Csc.exe /noconfig /nowarn:1701,1702 /nostdlib+ /errorreport:prompt /warn:4 /define:TRACE /reference:D:\Jenkins_Home\jobs\Raiden\workspace\Solution\bin\Release\ADI.Csa.dll /reference:D:\Jenkins_Home\jobs\Raiden\workspace\Solution\Raiden\packages\Moq.4.0.10827\lib\NET40\Moq.dll /reference:"C:\Program Files (x86)\Reference Assemblies\Microsoft\Framework\.NETFramework\v4.0\mscorlib.dll" /reference:D:\Jenkins_Home\jobs\Raiden\workspace\Solution\Raiden\packages\NUnit.2.6.2\lib\nunit.framework.dll /reference:"C:\Program Files (x86)\Reference Assemblies\Microsoft\Framework\.NETFramework\v4.0\System.Core.dll" /debug:pdbonly /filealign:512 /optimize+ /out:obj\Release\ADI.Csa.Test.dll /target:library EventArgsExtensionsTests.cs Exceptions\ExceptionArgsTests.cs Exceptions\ExceptionTests.cs Exceptions\MockExceptionArgs.cs MockEventRaiser.cs Objects\MockObjectLeafNode.cs Objects\MockObjectNode.cs Objects\ObjectStoreTest.cs ValueChangedEventArgsTests.cs Objects\ObjectNodeExtensionsTests.cs Objects\ObjectNodeTests.cs Objects\ObjectLeafNodeTests.cs Properties\AssemblyInfo.cs "C:\Windows\TEMP\.NETFramework,Version=v4.0.AssemblyAttributes.cs"
CopyFilesToOutputDirectory:
  Copying file from "obj\Release\ADI.Csa.Test.dll" to "..\..\bin\Release\ADI.Csa.Test.dll".
  Csa.Test -> D:\Jenkins_Home\jobs\Raiden\workspace\Solution\bin\Release\ADI.Csa.Test.dll
  Copying file from "obj\Release\ADI.Csa.Test.pdb" to "..\..\bin\Release\ADI.Csa.Test.pdb".
Done Building Project "D:\Jenkins_Home\jobs\Raiden\workspace\Solution\Raiden\Csa.Test\Csa.Test.csproj" (default targets).
Project "D:\Jenkins_Home\jobs\Raiden\workspace\Solution\Raiden\Raiden.sln" (1) is building "D:\Jenkins_Home\jobs\Raiden\workspace\Solution\Raiden\UI\UI.csproj" (11) on node 1 (default targets).
PrepareForBuild:
  Creating directory "obj\Release\".
RestorePackages:
  "D:\Jenkins_Home\jobs\Raiden\workspace\Solution\Raiden\.nuget\nuget.exe" install "D:\Jenkins_Home\jobs\Raiden\workspace\Solution\Raiden\UI\packages.config" -source "\\nwd2hscjnks\NuGetShare"  -RequireConsent -o "D:\Jenkins_Home\jobs\Raiden\workspace\Solution\Raiden\packages"
  Successfully installed 'Telerik.Windows.Controls.Diagrams 2013.1.408.40'.
  Successfully installed 'Telerik.Windows.Controls 2013.1.408.40'.
  Successfully installed 'Telerik.Windows.Controls.Diagrams.Extensions 2013.1.408.40'.
  Successfully installed 'Telerik.Windows.Controls.Input 2013.1.408.40'.
  Successfully installed 'Telerik.Windows.Data 2013.1.408.40'.
  Successfully installed 'Telerik.Windows.Controls.Navigation 2013.1.408.40'.
  Successfully installed 'Telerik.Windows.Diagrams.Core 2013.1.408.40'.
ResolveAssemblyReferences:
  A TargetFramework profile exclusion list will be generated.
GenerateTargetFrameworkMonikerAttribute:
Skipping target "GenerateTargetFrameworkMonikerAttribute" because all output files are up-to-date with respect to the input files.
CoreCompile:
  C:\Windows\Microsoft.NET\Framework\v4.0.30319\Csc.exe /noconfig /nowarn:1701,1702 /nostdlib+ /errorreport:prompt /warn:4 /define:TRACE /reference:D:\Jenkins_Home\jobs\Raiden\workspace\Solution\bin\Release\ADI.Csa.dll /reference:D:\Jenkins_Home\jobs\Raiden\workspace\Solution\bin\Release\ADI.Csa.Evaluation.dll /reference:"C:\Program Files (x86)\Reference Assemblies\Microsoft\Framework\.NETFramework\v4.0\Profile\Client\mscorlib.dll" /reference:"C:\Program Files (x86)\Reference Assemblies\Microsoft\Framework\.NETFramework\v4.0\Profile\Client\PresentationCore.dll" /reference:"C:\Program Files (x86)\Reference Assemblies\Microsoft\Framework\.NETFramework\v4.0\Profile\Client\PresentationFramework.dll" /reference:"C:\Program Files (x86)\Reference Assemblies\Microsoft\Framework\.NETFramework\v4.0\Profile\Client\System.Core.dll" /reference:"C:\Program Files (x86)\Reference Assemblies\Microsoft\Framework\.NETFramework\v4.0\Profile\Client\System.dll" /reference:"C:\Program Files (x86)\Reference Assemblies\Microsoft\Framework\.NETFramework\v4.0\Profile\Client\System.Xaml.dll" /reference:D:\Jenkins_Home\jobs\Raiden\workspace\Solution\Raiden\packages\Telerik.Windows.Controls.Diagrams.2013.1.408.40\lib\net40-Client\Telerik.Windows.Controls.Diagrams.dll /reference:D:\Jenkins_Home\jobs\Raiden\workspace\Solution\Raiden\packages\Telerik.Windows.Controls.Diagrams.Extensions.2013.1.408.40\lib\net40-Client\Telerik.Windows.Controls.Diagrams.Extensions.dll /reference:D:\Jenkins_Home\jobs\Raiden\workspace\Solution\Raiden\packages\Telerik.Windows.Controls.2013.1.408.40\lib\net40-Client\Telerik.Windows.Controls.dll /reference:D:\Jenkins_Home\jobs\Raiden\workspace\Solution\Raiden\packages\Telerik.Windows.Controls.Input.2013.1.408.40\lib\net40-Client\Telerik.Windows.Controls.Input.dll /reference:D:\Jenkins_Home\jobs\Raiden\workspace\Solution\Raiden\packages\Telerik.Windows.Controls.Navigation.2013.1.408.40\lib\net40-Client\Telerik.Windows.Controls.Navigation.dll /reference:D:\Jenkins_Home\jobs\Raiden\workspace\Solution\Raiden\packages\Telerik.Windows.Data.2013.1.408.40\lib\net40-Client\Telerik.Windows.Data.dll /reference:D:\Jenkins_Home\jobs\Raiden\workspace\Solution\Raiden\packages\Telerik.Windows.Diagrams.Core.2013.1.408.40\lib\net40-Client\Telerik.Windows.Diagrams.Core.dll /reference:"C:\Program Files (x86)\Reference Assemblies\Microsoft\Framework\.NETFramework\v4.0\Profile\Client\WindowsBase.dll" /debug:pdbonly /filealign:512 /optimize+ /out:obj\Release\ADI.Csa.UI.dll /resource:obj\Release\ADI.Csa.UI.g.resources /target:library IShell.cs Management\Enumerations\TabDockPosition.cs Management\Interfaces\IDockingAdapter.cs Management\Interfaces\ITab.cs Management\Interfaces\IToolView.cs Management\Interfaces\ITabView.cs Management\Interfaces\IWorkView.cs Management\TabConfiguration.cs Management\TabState.cs Navigation\Enumerations\NavigationDirection.cs Navigation\Enumerations\NavigationMode.cs Navigation\Interfaces\INavigationResolver.cs Navigation\Interfaces\IPathToIdConverter.cs Navigation\NavigationHistory.cs Navigation\NavigationItem.cs Navigation\NavigationResolver.cs Navigation\NavigationService.cs Navigation\ObjectPathToIdConverter.cs Management\TabViewResolver.cs Properties\AssemblyInfo.cs "C:\Windows\TEMP\.NETFramework,Version=v4.0,Profile=Client.AssemblyAttributes.cs"
_CopyFilesMarkedCopyLocal:
  Copying file from "D:\Jenkins_Home\jobs\Raiden\workspace\Solution\Raiden\packages\Telerik.Windows.Controls.Diagrams.2013.1.408.40\lib\net40-Client\Telerik.Windows.Controls.Diagrams.dll" to "..\..\bin\Release\Telerik.Windows.Controls.Diagrams.dll".
  Copying file from "D:\Jenkins_Home\jobs\Raiden\workspace\Solution\Raiden\packages\Telerik.Windows.Controls.Diagrams.Extensions.2013.1.408.40\lib\net40-Client\Telerik.Windows.Controls.Diagrams.Extensions.dll" to "..\..\bin\Release\Telerik.Windows.Controls.Diagrams.Extensions.dll".
  Copying file from "D:\Jenkins_Home\jobs\Raiden\workspace\Solution\Raiden\packages\Telerik.Windows.Controls.2013.1.408.40\lib\net40-Client\Telerik.Windows.Controls.dll" to "..\..\bin\Release\Telerik.Windows.Controls.dll".
  Copying file from "D:\Jenkins_Home\jobs\Raiden\workspace\Solution\Raiden\packages\Telerik.Windows.Controls.Input.2013.1.408.40\lib\net40-Client\Telerik.Windows.Controls.Input.dll" to "..\..\bin\Release\Telerik.Windows.Controls.Input.dll".
  Copying file from "D:\Jenkins_Home\jobs\Raiden\workspace\Solution\Raiden\packages\Telerik.Windows.Controls.Navigation.2013.1.408.40\lib\net40-Client\Telerik.Windows.Controls.Navigation.dll" to "..\..\bin\Release\Telerik.Windows.Controls.Navigation.dll".
  Copying file from "D:\Jenkins_Home\jobs\Raiden\workspace\Solution\Raiden\packages\Telerik.Windows.Data.2013.1.408.40\lib\net40-Client\Telerik.Windows.Data.dll" to "..\..\bin\Release\Telerik.Windows.Data.dll".
  Copying file from "D:\Jenkins_Home\jobs\Raiden\workspace\Solution\Raiden\packages\Telerik.Windows.Diagrams.Core.2013.1.408.40\lib\net40-Client\Telerik.Windows.Diagrams.Core.dll" to "..\..\bin\Release\Telerik.Windows.Diagrams.Core.dll".
  Copying file from "D:\Jenkins_Home\jobs\Raiden\workspace\Solution\Raiden\packages\Telerik.Windows.Controls.2013.1.408.40\lib\net40-Client\Telerik.Windows.Controls.xml" to "..\..\bin\Release\Telerik.Windows.Controls.xml".
  Copying file from "D:\Jenkins_Home\jobs\Raiden\workspace\Solution\Raiden\packages\Telerik.Windows.Controls.Diagrams.2013.1.408.40\lib\net40-Client\Telerik.Windows.Controls.Diagrams.xml" to "..\..\bin\Release\Telerik.Windows.Controls.Diagrams.xml".
  Copying file from "D:\Jenkins_Home\jobs\Raiden\workspace\Solution\Raiden\packages\Telerik.Windows.Controls.Diagrams.Extensions.2013.1.408.40\lib\net40-Client\Telerik.Windows.Controls.Diagrams.Extensions.xml" to "..\..\bin\Release\Telerik.Windows.Controls.Diagrams.Extensions.xml".
  Copying file from "D:\Jenkins_Home\jobs\Raiden\workspace\Solution\Raiden\packages\Telerik.Windows.Controls.Input.2013.1.408.40\lib\net40-Client\Telerik.Windows.Controls.Input.xml" to "..\..\bin\Release\Telerik.Windows.Controls.Input.xml".
  Copying file from "D:\Jenkins_Home\jobs\Raiden\workspace\Solution\Raiden\packages\Telerik.Windows.Controls.Navigation.2013.1.408.40\lib\net40-Client\Telerik.Windows.Controls.Navigation.xml" to "..\..\bin\Release\Telerik.Windows.Controls.Navigation.xml".
  Copying file from "D:\Jenkins_Home\jobs\Raiden\workspace\Solution\Raiden\packages\Telerik.Windows.Data.2013.1.408.40\lib\net40-Client\Telerik.Windows.Data.xml" to "..\..\bin\Release\Telerik.Windows.Data.xml".
  Copying file from "D:\Jenkins_Home\jobs\Raiden\workspace\Solution\Raiden\packages\Telerik.Windows.Diagrams.Core.2013.1.408.40\lib\net40-Client\Telerik.Windows.Diagrams.Core.xml" to "..\..\bin\Release\Telerik.Windows.Diagrams.Core.xml".
CopyFilesToOutputDirectory:
  Copying file from "obj\Release\ADI.Csa.UI.dll" to "..\..\bin\Release\ADI.Csa.UI.dll".
  UI -> D:\Jenkins_Home\jobs\Raiden\workspace\Solution\bin\Release\ADI.Csa.UI.dll
  Copying file from "obj\Release\ADI.Csa.UI.pdb" to "..\..\bin\Release\ADI.Csa.UI.pdb".
D:\Jenkins_Home\jobs\Raiden\workspace\Solution\Raiden\UI\Navigation\NavigationHistory.cs(144,1): warning : SA1650 : CSharp.Documentation : The documentation text within the summary tag contains incorrectly spelled words: poping [D:\Jenkins_Home\jobs\Raiden\workspace\Solution\Raiden\UI\UI.csproj]
D:\Jenkins_Home\jobs\Raiden\workspace\Solution\Raiden\UI\Navigation\NavigationResolver.cs(30,1): warning : SA1600 : CSharp.Documentation : The constructor must have a documentation header. [D:\Jenkins_Home\jobs\Raiden\workspace\Solution\Raiden\UI\UI.csproj]
D:\Jenkins_Home\jobs\Raiden\workspace\Solution\Raiden\UI\Navigation\NavigationService.cs(91,1): warning : SA1623 : CSharp.Documentation : The property's documentation summary text must begin with: Gets a value indicating whether [D:\Jenkins_Home\jobs\Raiden\workspace\Solution\Raiden\UI\UI.csproj]
  Skipping: UI - \Properties\AssemblyInfo.cs
  3 violations encountered.
Done Building Project "D:\Jenkins_Home\jobs\Raiden\workspace\Solution\Raiden\UI\UI.csproj" (default targets).
Project "D:\Jenkins_Home\jobs\Raiden\workspace\Solution\Raiden\Raiden.sln" (1) is building "D:\Jenkins_Home\jobs\Raiden\workspace\Solution\Raiden\UI.Rad\UI.Rad.csproj" (12) on node 1 (default targets).
PrepareForBuild:
  Creating directory "obj\Release\".
RestorePackages:
  "D:\Jenkins_Home\jobs\Raiden\workspace\Solution\Raiden\.nuget\nuget.exe" install "D:\Jenkins_Home\jobs\Raiden\workspace\Solution\Raiden\UI.Rad\packages.config" -source "\\nwd2hscjnks\NuGetShare"  -RequireConsent -o "D:\Jenkins_Home\jobs\Raiden\workspace\Solution\Raiden\packages"
  Successfully installed 'Telerik.Windows.Controls.Docking 2013.1.408.40'.
  All packages listed in packages.config are already installed.
ResolveAssemblyReferences:
  A TargetFramework profile exclusion list will be generated.
GenerateTargetFrameworkMonikerAttribute:
Skipping target "GenerateTargetFrameworkMonikerAttribute" because all output files are up-to-date with respect to the input files.
CoreCompile:
  C:\Windows\Microsoft.NET\Framework\v4.0.30319\Csc.exe /noconfig /nowarn:1701,1702 /nostdlib+ /errorreport:prompt /warn:4 /define:TRACE /reference:D:\Jenkins_Home\jobs\Raiden\workspace\Solution\bin\Release\ADI.Csa.dll /reference:D:\Jenkins_Home\jobs\Raiden\workspace\Solution\bin\Release\ADI.Csa.UI.dll /reference:D:\Jenkins_Home\jobs\Raiden\workspace\Solution\Raiden\packages\Castle.Core.3.2.0\lib\net40-client\Castle.Core.dll /reference:D:\Jenkins_Home\jobs\Raiden\workspace\Solution\Raiden\packages\Castle.Windsor.3.2.0\lib\net40-client\Castle.Windsor.dll /reference:"C:\Program Files (x86)\Reference Assemblies\Microsoft\Framework\.NETFramework\v4.0\Profile\Client\mscorlib.dll" /reference:"C:\Program Files (x86)\Reference Assemblies\Microsoft\Framework\.NETFramework\v4.0\Profile\Client\PresentationCore.dll" /reference:"C:\Program Files (x86)\Reference Assemblies\Microsoft\Framework\.NETFramework\v4.0\Profile\Client\PresentationFramework.dll" /reference:"C:\Program Files (x86)\Reference Assemblies\Microsoft\Framework\.NETFramework\v4.0\Profile\Client\System.Core.dll" /reference:"C:\Program Files (x86)\Reference Assemblies\Microsoft\Framework\.NETFramework\v4.0\Profile\Client\System.dll" /reference:"C:\Program Files (x86)\Reference Assemblies\Microsoft\Framework\.NETFramework\v4.0\Profile\Client\System.Xaml.dll" /reference:D:\Jenkins_Home\jobs\Raiden\workspace\Solution\Raiden\packages\Telerik.Windows.Controls.2013.1.408.40\lib\net40-Client\Telerik.Windows.Controls.dll /reference:D:\Jenkins_Home\jobs\Raiden\workspace\Solution\Raiden\packages\Telerik.Windows.Controls.Docking.2013.1.408.40\lib\net40-Client\Telerik.Windows.Controls.Docking.dll /reference:D:\Jenkins_Home\jobs\Raiden\workspace\Solution\Raiden\packages\Telerik.Windows.Controls.Navigation.2013.1.408.40\lib\net40-Client\Telerik.Windows.Controls.Navigation.dll /reference:D:\Jenkins_Home\jobs\Raiden\workspace\Solution\Raiden\packages\Telerik.Windows.Data.2013.1.408.40\lib\net40-Client\Telerik.Windows.Data.dll /reference:"C:\Program Files (x86)\Reference Assemblies\Microsoft\Framework\.NETFramework\v4.0\Profile\Client\WindowsBase.dll" /debug:pdbonly /filealign:512 /optimize+ /out:obj\Release\ADI.Csa.UI.Rad.dll /resource:obj\Release\ADI.Csa.UI.Rad.g.resources /target:library Management\RadHelperMethods.cs Management\RadInstaller.cs Management\RadTab.cs Management\RadTabManager.cs Management\Views\ToolView.cs Management\Views\WorkView.cs Properties\AssemblyInfo.cs Management\RadDockingAdapterView.xaml.cs D:\Jenkins_Home\jobs\Raiden\workspace\Solution\Raiden\UI.Rad\obj\Release\Management\RadDockingAdapterView.g.cs "C:\Windows\TEMP\.NETFramework,Version=v4.0,Profile=Client.AssemblyAttributes.cs"
_CopyFilesMarkedCopyLocal:
  Copying file from "D:\Jenkins_Home\jobs\Raiden\workspace\Solution\Raiden\packages\Castle.Windsor.3.2.0\lib\net40-client\Castle.Windsor.dll" to "..\..\bin\Release\Castle.Windsor.dll".
  Copying file from "D:\Jenkins_Home\jobs\Raiden\workspace\Solution\Raiden\packages\Telerik.Windows.Controls.Docking.2013.1.408.40\lib\net40-Client\Telerik.Windows.Controls.Docking.dll" to "..\..\bin\Release\Telerik.Windows.Controls.Docking.dll".
  Copying file from "D:\Jenkins_Home\jobs\Raiden\workspace\Solution\Raiden\packages\Castle.Windsor.3.2.0\lib\net40-client\Castle.Windsor.xml" to "..\..\bin\Release\Castle.Windsor.xml".
  Copying file from "D:\Jenkins_Home\jobs\Raiden\workspace\Solution\Raiden\packages\Telerik.Windows.Controls.Docking.2013.1.408.40\lib\net40-Client\Telerik.Windows.Controls.Docking.xml" to "..\..\bin\Release\Telerik.Windows.Controls.Docking.xml".
_CopyAppConfigFile:
  Copying file from "app.config" to "..\..\bin\Release\ADI.Csa.UI.Rad.dll.config".
CopyFilesToOutputDirectory:
  Copying file from "obj\Release\ADI.Csa.UI.Rad.dll" to "..\..\bin\Release\ADI.Csa.UI.Rad.dll".
  UI.Rad -> D:\Jenkins_Home\jobs\Raiden\workspace\Solution\bin\Release\ADI.Csa.UI.Rad.dll
  Copying file from "obj\Release\ADI.Csa.UI.Rad.pdb" to "..\..\bin\Release\ADI.Csa.UI.Rad.pdb".
Done Building Project "D:\Jenkins_Home\jobs\Raiden\workspace\Solution\Raiden\UI.Rad\UI.Rad.csproj" (default targets).
Project "D:\Jenkins_Home\jobs\Raiden\workspace\Solution\Raiden\Raiden.sln" (1) is building "D:\Jenkins_Home\jobs\Raiden\workspace\Solution\Raiden\Hardware.SdpSupport\Hardware.SdpSupport.csproj" (13) on node 1 (default targets).
PrepareForBuild:
  Creating directory "obj\Release\".
RestorePackages:
  "D:\Jenkins_Home\jobs\Raiden\workspace\Solution\Raiden\.nuget\nuget.exe" install "D:\Jenkins_Home\jobs\Raiden\workspace\Solution\Raiden\Hardware.SdpSupport\packages.config" -source "\\nwd2hscjnks\NuGetShare"  -RequireConsent -o "D:\Jenkins_Home\jobs\Raiden\workspace\Solution\Raiden\packages"
  Successfully installed 'sdpApi1.dll 2.4.1006.7'.
GenerateTargetFrameworkMonikerAttribute:
Skipping target "GenerateTargetFrameworkMonikerAttribute" because all output files are up-to-date with respect to the input files.
CoreCompile:
  C:\Windows\Microsoft.NET\Framework\v4.0.30319\Csc.exe /noconfig /nowarn:1701,1702 /nostdlib+ /errorreport:prompt /warn:4 /define:TRACE /reference:D:\Jenkins_Home\jobs\Raiden\workspace\Solution\bin\Release\ADI.Csa.dll /reference:D:\Jenkins_Home\jobs\Raiden\workspace\Solution\bin\Release\ADI.Csa.Evaluation.dll /reference:D:\Jenkins_Home\jobs\Raiden\workspace\Solution\bin\Release\ADI.Csa.Hardware.dll /reference:"C:\Program Files (x86)\Reference Assemblies\Microsoft\Framework\.NETFramework\v4.0\mscorlib.dll" /reference:D:\Jenkins_Home\jobs\Raiden\workspace\Solution\Raiden\packages\sdpApi1.dll.2.4.1006.7\lib\net35\sdpApi1.dll /reference:"C:\Program Files (x86)\Reference Assemblies\Microsoft\Framework\.NETFramework\v4.0\System.Core.dll" /reference:"C:\Program Files (x86)\Reference Assemblies\Microsoft\Framework\.NETFramework\v4.0\System.dll" /debug:pdbonly /filealign:512 /optimize+ /out:obj\Release\ADI.Csa.Hardware.SdpSupport.dll /target:library CsaControllerFinder.cs CsaController.cs Properties\AssemblyInfo.cs EvalSdpConnector.cs SdpDummyConnectorInfo.cs SdpDummyEvalComponent.cs SdpDummyInfo.cs SdpHardwareExceptionArgs.cs SdpOperationStatus.cs SdpSystemInfoBuilder.cs "C:\Windows\TEMP\.NETFramework,Version=v4.0.AssemblyAttributes.cs"
_CopyFilesMarkedCopyLocal:
  Copying file from "D:\Jenkins_Home\jobs\Raiden\workspace\Solution\Raiden\packages\sdpApi1.dll.2.4.1006.7\lib\net35\sdpApi1.dll" to "..\..\bin\Release\sdpApi1.dll".
CopyFilesToOutputDirectory:
  Copying file from "obj\Release\ADI.Csa.Hardware.SdpSupport.dll" to "..\..\bin\Release\ADI.Csa.Hardware.SdpSupport.dll".
  Hardware.SdpSupport -> D:\Jenkins_Home\jobs\Raiden\workspace\Solution\bin\Release\ADI.Csa.Hardware.SdpSupport.dll
  Copying file from "obj\Release\ADI.Csa.Hardware.SdpSupport.pdb" to "..\..\bin\Release\ADI.Csa.Hardware.SdpSupport.pdb".
StyleCop:
  Skipping: Hardware.SdpSupport - \Properties\AssemblyInfo.cs
D:\Jenkins_Home\jobs\Raiden\workspace\Solution\Raiden\Hardware.SdpSupport\SdpDummyEvalComponent.cs(11,1): warning : SA1210 : CSharp.Ordering : Using directives must be sorted alphabetically by the namespaces. [D:\Jenkins_Home\jobs\Raiden\workspace\Solution\Raiden\Hardware.SdpSupport\Hardware.SdpSupport.csproj]
  1 violations encountered.
Done Building Project "D:\Jenkins_Home\jobs\Raiden\workspace\Solution\Raiden\Hardware.SdpSupport\Hardware.SdpSupport.csproj" (default targets).
Project "D:\Jenkins_Home\jobs\Raiden\workspace\Solution\Raiden\Raiden.sln" (1) is building "D:\Jenkins_Home\jobs\Raiden\workspace\Solution\Raiden\Hardware.SdpSupport.Test\Hardware.SdpSupport.Test.csproj" (14) on node 1 (default targets).
PrepareForBuild:
  Creating directory "obj\Release\".
RestorePackages:
  "D:\Jenkins_Home\jobs\Raiden\workspace\Solution\Raiden\.nuget\nuget.exe" install "D:\Jenkins_Home\jobs\Raiden\workspace\Solution\Raiden\Hardware.SdpSupport.Test\packages.config" -source "\\nwd2hscjnks\NuGetShare"  -RequireConsent -o "D:\Jenkins_Home\jobs\Raiden\workspace\Solution\Raiden\packages"
  All packages listed in packages.config are already installed.
GenerateTargetFrameworkMonikerAttribute:
Skipping target "GenerateTargetFrameworkMonikerAttribute" because all output files are up-to-date with respect to the input files.
CoreCompile:
  C:\Windows\Microsoft.NET\Framework\v4.0.30319\Csc.exe /noconfig /nowarn:1701,1702 /nostdlib+ /errorreport:prompt /warn:4 /define:TRACE /reference:D:\Jenkins_Home\jobs\Raiden\workspace\Solution\bin\Release\ADI.Csa.dll /reference:D:\Jenkins_Home\jobs\Raiden\workspace\Solution\bin\Release\ADI.Csa.Evaluation.dll /reference:D:\Jenkins_Home\jobs\Raiden\workspace\Solution\bin\Release\ADI.Csa.Hardware.dll /reference:D:\Jenkins_Home\jobs\Raiden\workspace\Solution\bin\Release\ADI.Csa.Hardware.SdpSupport.dll /reference:"C:\Program Files (x86)\Reference Assemblies\Microsoft\Framework\.NETFramework\v4.0\mscorlib.dll" /reference:D:\Jenkins_Home\jobs\Raiden\workspace\Solution\Raiden\packages\NUnit.2.6.2\lib\nunit.framework.dll /reference:D:\Jenkins_Home\jobs\Raiden\workspace\Solution\Raiden\packages\sdpApi1.dll.2.4.1006.7\lib\net35\sdpApi1.dll /reference:"C:\Program Files (x86)\Reference Assemblies\Microsoft\Framework\.NETFramework\v4.0\System.Core.dll" /reference:"C:\Program Files (x86)\Reference Assemblies\Microsoft\Framework\.NETFramework\v4.0\System.Data.dll" /reference:"C:\Program Files (x86)\Reference Assemblies\Microsoft\Framework\.NETFramework\v4.0\System.dll" /reference:"C:\Program Files (x86)\Reference Assemblies\Microsoft\Framework\.NETFramework\v4.0\System.Drawing.dll" /reference:"C:\Program Files (x86)\Reference Assemblies\Microsoft\Framework\.NETFramework\v4.0\System.Windows.Forms.dll" /reference:"C:\Program Files (x86)\Reference Assemblies\Microsoft\Framework\.NETFramework\v4.0\System.Xml.dll" /debug:pdbonly /filealign:512 /optimize+ /out:obj\Release\ADI.Csa.Hardware.SdpSupport.Test.dll /target:library Properties\AssemblyInfo.cs TestCsaController.cs TestCsaControllerFinder.cs TestCsaInControllerManager.cs "C:\Windows\TEMP\.NETFramework,Version=v4.0.AssemblyAttributes.cs"
CopyFilesToOutputDirectory:
  Copying file from "obj\Release\ADI.Csa.Hardware.SdpSupport.Test.dll" to "..\..\bin\Release\ADI.Csa.Hardware.SdpSupport.Test.dll".
  Hardware.SdpSupport.Test -> D:\Jenkins_Home\jobs\Raiden\workspace\Solution\bin\Release\ADI.Csa.Hardware.SdpSupport.Test.dll
  Copying file from "obj\Release\ADI.Csa.Hardware.SdpSupport.Test.pdb" to "..\..\bin\Release\ADI.Csa.Hardware.SdpSupport.Test.pdb".
Done Building Project "D:\Jenkins_Home\jobs\Raiden\workspace\Solution\Raiden\Hardware.SdpSupport.Test\Hardware.SdpSupport.Test.csproj" (default targets).
Project "D:\Jenkins_Home\jobs\Raiden\workspace\Solution\Raiden\Raiden.sln" (1) is building "D:\Jenkins_Home\jobs\Raiden\workspace\Solution\Raiden\App.UI\App.UI.csproj" (15) on node 1 (default targets).
PrepareForBuild:
  Creating directory "obj\Release\".
RestorePackages:
  "D:\Jenkins_Home\jobs\Raiden\workspace\Solution\Raiden\.nuget\nuget.exe" install "D:\Jenkins_Home\jobs\Raiden\workspace\Solution\Raiden\App.UI\packages.config" -source "\\nwd2hscjnks\NuGetShare"  -RequireConsent -o "D:\Jenkins_Home\jobs\Raiden\workspace\Solution\Raiden\packages"
  All packages listed in packages.config are already installed.
Project "D:\Jenkins_Home\jobs\Raiden\workspace\Solution\Raiden\App.UI\App.UI.csproj" (15) is building "D:\Jenkins_Home\jobs\Raiden\workspace\Solution\Raiden\Hardware.UI\Hardware.UI.csproj" (16) on node 1 (default targets).
PrepareForBuild:
  Creating directory "obj\Release\".
RestorePackages:
  "D:\Jenkins_Home\jobs\Raiden\workspace\Solution\Raiden\.nuget\nuget.exe" install "D:\Jenkins_Home\jobs\Raiden\workspace\Solution\Raiden\Hardware.UI\packages.config" -source "\\nwd2hscjnks\NuGetShare"  -RequireConsent -o "D:\Jenkins_Home\jobs\Raiden\workspace\Solution\Raiden\packages"
  All packages listed in packages.config are already installed.
Project "D:\Jenkins_Home\jobs\Raiden\workspace\Solution\Raiden\Hardware.UI\Hardware.UI.csproj" (16) is building "D:\Jenkins_Home\jobs\Raiden\workspace\Solution\Raiden\Evaluation.Boards\Evaluation.Boards.csproj" (17) on node 1 (default targets).
PrepareForBuild:
  Creating directory "obj\Release\".
GenerateTargetFrameworkMonikerAttribute:
Skipping target "GenerateTargetFrameworkMonikerAttribute" because all output files are up-to-date with respect to the input files.
CoreCompile:
  C:\Windows\Microsoft.NET\Framework\v4.0.30319\Csc.exe /noconfig /nowarn:1701,1702 /nostdlib+ /errorreport:prompt /warn:4 /define:TRACE /reference:D:\Jenkins_Home\jobs\Raiden\workspace\Solution\bin\Release\ADI.Csa.dll /reference:D:\Jenkins_Home\jobs\Raiden\workspace\Solution\bin\Release\ADI.Csa.Evaluation.dll /reference:D:\Jenkins_Home\jobs\Raiden\workspace\Solution\bin\Release\ADI.Csa.Hardware.dll /reference:"C:\Program Files (x86)\Reference Assemblies\Microsoft\Framework\.NETFramework\v4.0\mscorlib.dll" /reference:"C:\Program Files (x86)\Reference Assemblies\Microsoft\Framework\.NETFramework\v4.0\System.Core.dll" /reference:"C:\Program Files (x86)\Reference Assemblies\Microsoft\Framework\.NETFramework\v4.0\System.dll" /reference:"C:\Program Files (x86)\Reference Assemblies\Microsoft\Framework\.NETFramework\v4.0\System.Xml.dll" /debug:pdbonly /filealign:512 /optimize+ /out:obj\Release\ADI.Csa.Evaluation.Boards.dll /target:library BoardBase.cs BoardInfo.cs BoardLoader.cs BoardRepository.cs BoardRepositorySerializable.cs Classes.cs ConnectorInfo.cs ControllerBoardBase.cs DaughterBoardInfo.cs DigitalConnector.cs Properties\AssemblyInfo.cs StandardBoard.cs StandardControllerBoard.cs UnknownBoard.cs "C:\Windows\TEMP\.NETFramework,Version=v4.0.AssemblyAttributes.cs"
CopyFilesToOutputDirectory:
  Copying file from "obj\Release\ADI.Csa.Evaluation.Boards.dll" to "..\..\bin\Release\ADI.Csa.Evaluation.Boards.dll".
  Evaluation.Boards -> D:\Jenkins_Home\jobs\Raiden\workspace\Solution\bin\Release\ADI.Csa.Evaluation.Boards.dll
  Copying file from "obj\Release\ADI.Csa.Evaluation.Boards.pdb" to "..\..\bin\Release\ADI.Csa.Evaluation.Boards.pdb".
PostBuildEvent:
  copy "D:\Jenkins_Home\jobs\Raiden\workspace\Solution\Raiden\Configuration\Schemas\BoardRepository.xml" "..\..\bin\Release\"
          1 file(s) copied.
StyleCop:
  Skipping: Evaluation.Boards - \Properties\AssemblyInfo.cs
D:\Jenkins_Home\jobs\Raiden\workspace\Solution\Raiden\Evaluation.Boards\UnknownBoard.cs(11,1): warning : SA1210 : CSharp.Ordering : Using directives must be sorted alphabetically by the namespaces. [D:\Jenkins_Home\jobs\Raiden\workspace\Solution\Raiden\Evaluation.Boards\Evaluation.Boards.csproj]
D:\Jenkins_Home\jobs\Raiden\workspace\Solution\Raiden\Evaluation.Boards\UnknownBoard.cs(12,1): warning : SA1210 : CSharp.Ordering : Using directives must be sorted alphabetically by the namespaces. [D:\Jenkins_Home\jobs\Raiden\workspace\Solution\Raiden\Evaluation.Boards\Evaluation.Boards.csproj]
  2 violations encountered.
Done Building Project "D:\Jenkins_Home\jobs\Raiden\workspace\Solution\Raiden\Evaluation.Boards\Evaluation.Boards.csproj" (default targets).
ResolveAssemblyReferences:
  A TargetFramework profile exclusion list will be generated.
CoreResGen:
  "C:\Program Files\Microsoft SDKs\Windows\v7.1\bin\resgen.exe" /useSourcePath /r:D:\Jenkins_Home\jobs\Raiden\workspace\Solution\bin\Release\ADI.Csa.dll /r:D:\Jenkins_Home\jobs\Raiden\workspace\Solution\bin\Release\ADI.Csa.Evaluation.Boards.dll /r:D:\Jenkins_Home\jobs\Raiden\workspace\Solution\bin\Release\ADI.Csa.Evaluation.dll /r:D:\Jenkins_Home\jobs\Raiden\workspace\Solution\bin\Release\ADI.Csa.Hardware.dll /r:D:\Jenkins_Home\jobs\Raiden\workspace\Solution\bin\Release\ADI.Csa.Transactions.dll /r:D:\Jenkins_Home\jobs\Raiden\workspace\Solution\Raiden\packages\Castle.Core.3.2.0\lib\net40-client\Castle.Core.dll /r:D:\Jenkins_Home\jobs\Raiden\workspace\Solution\Raiden\packages\Castle.Windsor.3.2.0\lib\net40-client\Castle.Windsor.dll /r:"C:\Program Files (x86)\Reference Assemblies\Microsoft\Framework\.NETFramework\v4.0\Profile\Client\mscorlib.dll" /r:"C:\Program Files (x86)\Reference Assemblies\Microsoft\Framework\.NETFramework\v4.0\Profile\Client\PresentationCore.dll" /r:"C:\Program Files (x86)\Reference Assemblies\Microsoft\Framework\.NETFramework\v4.0\Profile\Client\PresentationFramework.dll" /r:"C:\Program Files (x86)\Reference Assemblies\Microsoft\Framework\.NETFramework\v4.0\Profile\Client\System.Core.dll" /r:"C:\Program Files (x86)\Reference Assemblies\Microsoft\Framework\.NETFramework\v4.0\Profile\Client\System.dll" /r:"C:\Program Files (x86)\Reference Assemblies\Microsoft\Framework\.NETFramework\v4.0\Profile\Client\System.Xaml.dll" /r:D:\Jenkins_Home\jobs\Raiden\workspace\Solution\Raiden\packages\Telerik.Windows.Controls.2013.1.408.40\lib\net40-Client\Telerik.Windows.Controls.dll /r:"C:\Program Files (x86)\Reference Assemblies\Microsoft\Framework\.NETFramework\v4.0\Profile\Client\WindowsBase.dll" /compile Properties\Resources.resx,obj\Release\ADI.Csa.Hardware.UI.Properties.Resources.resources
  Processing resource file "Properties\Resources.resx" into "obj\Release\ADI.Csa.Hardware.UI.Properties.Resources.resources".
GenerateTargetFrameworkMonikerAttribute:
Skipping target "GenerateTargetFrameworkMonikerAttribute" because all output files are up-to-date with respect to the input files.
CoreCompile:
  C:\Windows\Microsoft.NET\Framework\v4.0.30319\Csc.exe /noconfig /nowarn:1701,1702 /nostdlib+ /errorreport:prompt /warn:4 /define:TRACE /reference:D:\Jenkins_Home\jobs\Raiden\workspace\Solution\bin\Release\ADI.Csa.dll /reference:D:\Jenkins_Home\jobs\Raiden\workspace\Solution\bin\Release\ADI.Csa.Evaluation.Boards.dll /reference:D:\Jenkins_Home\jobs\Raiden\workspace\Solution\bin\Release\ADI.Csa.Evaluation.dll /reference:D:\Jenkins_Home\jobs\Raiden\workspace\Solution\bin\Release\ADI.Csa.Hardware.dll /reference:D:\Jenkins_Home\jobs\Raiden\workspace\Solution\bin\Release\ADI.Csa.Transactions.dll /reference:D:\Jenkins_Home\jobs\Raiden\workspace\Solution\Raiden\packages\Castle.Core.3.2.0\lib\net40-client\Castle.Core.dll /reference:D:\Jenkins_Home\jobs\Raiden\workspace\Solution\Raiden\packages\Castle.Windsor.3.2.0\lib\net40-client\Castle.Windsor.dll /reference:"C:\Program Files (x86)\Reference Assemblies\Microsoft\Framework\.NETFramework\v4.0\Profile\Client\mscorlib.dll" /reference:"C:\Program Files (x86)\Reference Assemblies\Microsoft\Framework\.NETFramework\v4.0\Profile\Client\PresentationCore.dll" /reference:"C:\Program Files (x86)\Reference Assemblies\Microsoft\Framework\.NETFramework\v4.0\Profile\Client\PresentationFramework.dll" /reference:"C:\Program Files (x86)\Reference Assemblies\Microsoft\Framework\.NETFramework\v4.0\Profile\Client\System.Core.dll" /reference:"C:\Program Files (x86)\Reference Assemblies\Microsoft\Framework\.NETFramework\v4.0\Profile\Client\System.dll" /reference:"C:\Program Files (x86)\Reference Assemblies\Microsoft\Framework\.NETFramework\v4.0\Profile\Client\System.Xaml.dll" /reference:D:\Jenkins_Home\jobs\Raiden\workspace\Solution\Raiden\packages\Telerik.Windows.Controls.2013.1.408.40\lib\net40-Client\Telerik.Windows.Controls.dll /reference:"C:\Program Files (x86)\Reference Assemblies\Microsoft\Framework\.NETFramework\v4.0\Profile\Client\WindowsBase.dll" /debug:pdbonly /filealign:512 /optimize+ /out:obj\Release\ADI.Csa.Hardware.UI.dll /resource:obj\Release\ADI.Csa.Hardware.UI.g.resources /resource:obj\Release\ADI.Csa.Hardware.UI.Properties.Resources.resources /target:library Properties\AssemblyInfo.cs Properties\Resources.Designer.cs Properties\Settings.Designer.cs Transactions\AddAttachedHardwareTransaction.cs ViewModels\AttachedHardwareItem.cs ViewModels\AttachedHardwareViewModel.cs Views\AttachedHardwareView.xaml.cs D:\Jenkins_Home\jobs\Raiden\workspace\Solution\Raiden\Hardware.UI\obj\Release\Views\AttachedHardwareView.g.cs "C:\Windows\TEMP\.NETFramework,Version=v4.0,Profile=Client.AssemblyAttributes.cs"
CopyFilesToOutputDirectory:
  Copying file from "obj\Release\ADI.Csa.Hardware.UI.dll" to "..\..\bin\Release\ADI.Csa.Hardware.UI.dll".
  Hardware.UI -> D:\Jenkins_Home\jobs\Raiden\workspace\Solution\bin\Release\ADI.Csa.Hardware.UI.dll
  Copying file from "obj\Release\ADI.Csa.Hardware.UI.pdb" to "..\..\bin\Release\ADI.Csa.Hardware.UI.pdb".
StyleCop:
  Skipping: Hardware.UI - \Properties\AssemblyInfo.cs
  Skipping: Hardware.UI - \Properties\Resources.Designer.cs
  Skipping: Hardware.UI - \Properties\Settings.Designer.cs
D:\Jenkins_Home\jobs\Raiden\workspace\Solution\Raiden\Hardware.UI\Views\AttachedHardwareView.xaml.cs(35,13,35,28): warning : SA1126 : CSharp.Readability : The call to btnAddSelectedHw must begin with the 'this.', 'base.', 'object.' or 'AttachedHardwareView.' or 'UserControl.' prefix to indicate the intended method call.  [D:\Jenkins_Home\jobs\Raiden\workspace\Solution\Raiden\Hardware.UI\Hardware.UI.csproj]
D:\Jenkins_Home\jobs\Raiden\workspace\Solution\Raiden\Hardware.UI\Views\AttachedHardwareView.xaml.cs(55,17,55,32): warning : SA1126 : CSharp.Readability : The call to btnAddSelectedHw must begin with the 'this.', 'base.', 'object.' or 'AttachedHardwareView.' or 'UserControl.' prefix to indicate the intended method call.  [D:\Jenkins_Home\jobs\Raiden\workspace\Solution\Raiden\Hardware.UI\Hardware.UI.csproj]
D:\Jenkins_Home\jobs\Raiden\workspace\Solution\Raiden\Hardware.UI\Views\AttachedHardwareView.xaml.cs(53,17,53,32): warning : SA1126 : CSharp.Readability : The call to btnAddSelectedHw must begin with the 'this.', 'base.', 'object.' or 'AttachedHardwareView.' or 'UserControl.' prefix to indicate the intended method call.  [D:\Jenkins_Home\jobs\Raiden\workspace\Solution\Raiden\Hardware.UI\Hardware.UI.csproj]
D:\Jenkins_Home\jobs\Raiden\workspace\Solution\Raiden\Hardware.UI\Views\AttachedHardwareView.xaml.cs(60,17,60,32): warning : SA1126 : CSharp.Readability : The call to btnAddSelectedHw must begin with the 'this.', 'base.', 'object.' or 'AttachedHardwareView.' or 'UserControl.' prefix to indicate the intended method call.  [D:\Jenkins_Home\jobs\Raiden\workspace\Solution\Raiden\Hardware.UI\Hardware.UI.csproj]
  Skipping: Hardware.UI - \obj\Release\Views\AttachedHardwareView.g.cs
  4 violations encountered.
Done Building Project "D:\Jenkins_Home\jobs\Raiden\workspace\Solution\Raiden\Hardware.UI\Hardware.UI.csproj" (default targets).
ResolveAssemblyReferences:
  A TargetFramework profile exclusion list will be generated.
CoreResGen:
  "C:\Program Files\Microsoft SDKs\Windows\v7.1\bin\resgen.exe" /useSourcePath /r:D:\Jenkins_Home\jobs\Raiden\workspace\Solution\bin\Release\ADI.Csa.dll /r:D:\Jenkins_Home\jobs\Raiden\workspace\Solution\bin\Release\ADI.Csa.Hardware.UI.dll /r:D:\Jenkins_Home\jobs\Raiden\workspace\Solution\bin\Release\ADI.Csa.Transactions.dll /r:D:\Jenkins_Home\jobs\Raiden\workspace\Solution\bin\Release\ADI.Csa.UI.dll /r:D:\Jenkins_Home\jobs\Raiden\workspace\Solution\Raiden\packages\Castle.Core.3.2.0\lib\net40-client\Castle.Core.dll /r:D:\Jenkins_Home\jobs\Raiden\workspace\Solution\Raiden\packages\Castle.Windsor.3.2.0\lib\net40-client\Castle.Windsor.dll /r:"C:\Program Files (x86)\Reference Assemblies\Microsoft\Framework\.NETFramework\v4.0\Profile\Client\mscorlib.dll" /r:"C:\Program Files (x86)\Reference Assemblies\Microsoft\Framework\.NETFramework\v4.0\Profile\Client\PresentationCore.dll" /r:"C:\Program Files (x86)\Reference Assemblies\Microsoft\Framework\.NETFramework\v4.0\Profile\Client\PresentationFramework.dll" /r:"C:\Program Files (x86)\Reference Assemblies\Microsoft\Framework\.NETFramework\v4.0\Profile\Client\System.Core.dll" /r:"C:\Program Files (x86)\Reference Assemblies\Microsoft\Framework\.NETFramework\v4.0\Profile\Client\System.dll" /r:"C:\Program Files (x86)\Reference Assemblies\Microsoft\Framework\.NETFramework\v4.0\Profile\Client\System.Xaml.dll" /r:"C:\Program Files (x86)\Reference Assemblies\Microsoft\Framework\.NETFramework\v4.0\Profile\Client\System.Xml.dll" /r:D:\Jenkins_Home\jobs\Raiden\workspace\Solution\Raiden\packages\Telerik.Windows.Controls.2013.1.408.40\lib\net40-Client\Telerik.Windows.Controls.dll /r:"C:\Program Files (x86)\Reference Assemblies\Microsoft\Framework\.NETFramework\v4.0\Profile\Client\WindowsBase.dll" /compile Properties\Resources.resx,obj\Release\ADI.Csa.App.UI.Properties.Resources.resources
  Processing resource file "Properties\Resources.resx" into "obj\Release\ADI.Csa.App.UI.Properties.Resources.resources".
GenerateTargetFrameworkMonikerAttribute:
Skipping target "GenerateTargetFrameworkMonikerAttribute" because all output files are up-to-date with respect to the input files.
CoreCompile:
  C:\Windows\Microsoft.NET\Framework\v4.0.30319\Csc.exe /noconfig /nowarn:1701,1702 /nostdlib+ /errorreport:prompt /warn:4 /define:TRACE /reference:D:\Jenkins_Home\jobs\Raiden\workspace\Solution\bin\Release\ADI.Csa.dll /reference:D:\Jenkins_Home\jobs\Raiden\workspace\Solution\bin\Release\ADI.Csa.Hardware.UI.dll /reference:D:\Jenkins_Home\jobs\Raiden\workspace\Solution\bin\Release\ADI.Csa.Transactions.dll /reference:D:\Jenkins_Home\jobs\Raiden\workspace\Solution\bin\Release\ADI.Csa.UI.dll /reference:D:\Jenkins_Home\jobs\Raiden\workspace\Solution\Raiden\packages\Castle.Core.3.2.0\lib\net40-client\Castle.Core.dll /reference:D:\Jenkins_Home\jobs\Raiden\workspace\Solution\Raiden\packages\Castle.Windsor.3.2.0\lib\net40-client\Castle.Windsor.dll /reference:"C:\Program Files (x86)\Reference Assemblies\Microsoft\Framework\.NETFramework\v4.0\Profile\Client\mscorlib.dll" /reference:"C:\Program Files (x86)\Reference Assemblies\Microsoft\Framework\.NETFramework\v4.0\Profile\Client\PresentationCore.dll" /reference:"C:\Program Files (x86)\Reference Assemblies\Microsoft\Framework\.NETFramework\v4.0\Profile\Client\PresentationFramework.dll" /reference:"C:\Program Files (x86)\Reference Assemblies\Microsoft\Framework\.NETFramework\v4.0\Profile\Client\System.Core.dll" /reference:"C:\Program Files (x86)\Reference Assemblies\Microsoft\Framework\.NETFramework\v4.0\Profile\Client\System.dll" /reference:"C:\Program Files (x86)\Reference Assemblies\Microsoft\Framework\.NETFramework\v4.0\Profile\Client\System.Xaml.dll" /reference:"C:\Program Files (x86)\Reference Assemblies\Microsoft\Framework\.NETFramework\v4.0\Profile\Client\System.Xml.dll" /reference:D:\Jenkins_Home\jobs\Raiden\workspace\Solution\Raiden\packages\Telerik.Windows.Controls.2013.1.408.40\lib\net40-Client\Telerik.Windows.Controls.dll /reference:"C:\Program Files (x86)\Reference Assemblies\Microsoft\Framework\.NETFramework\v4.0\Profile\Client\WindowsBase.dll" /debug:pdbonly /filealign:512 /optimize+ /out:obj\Release\ADI.Csa.App.UI.dll /resource:obj\Release\ADI.Csa.App.UI.g.resources /resource:obj\Release\ADI.Csa.App.UI.Properties.Resources.resources /target:library /utf8output Properties\AssemblyInfo.cs Properties\Resources.Designer.cs Properties\Settings.Designer.cs Transactions\ShowStartViewTransaction.cs ViewModels\NavigationViewModel.cs ViewModels\StartSessionViewModel.cs Views\StartSessionView.xaml.cs ViewModels\StartViewModel.cs Views\StartView.xaml.cs D:\Jenkins_Home\jobs\Raiden\workspace\Solution\Raiden\App.UI\obj\Release\Views\StartSessionView.g.cs D:\Jenkins_Home\jobs\Raiden\workspace\Solution\Raiden\App.UI\obj\Release\Views\StartView.g.cs "C:\Windows\TEMP\.NETFramework,Version=v4.0,Profile=Client.AssemblyAttributes.cs"
CopyFilesToOutputDirectory:
  Copying file from "obj\Release\ADI.Csa.App.UI.dll" to "..\..\bin\Release\ADI.Csa.App.UI.dll".
  App.UI -> D:\Jenkins_Home\jobs\Raiden\workspace\Solution\bin\Release\ADI.Csa.App.UI.dll
  Copying file from "obj\Release\ADI.Csa.App.UI.pdb" to "..\..\bin\Release\ADI.Csa.App.UI.pdb".
StyleCop:
  Skipping: App.UI - \Properties\AssemblyInfo.cs
  Skipping: App.UI - \Properties\Resources.Designer.cs
D:\Jenkins_Home\jobs\Raiden\workspace\Solution\Raiden\App.UI\Transactions\ShowStartViewTransaction.cs(44,1): warning : SA1600 : CSharp.Documentation : The method must have a documentation header. [D:\Jenkins_Home\jobs\Raiden\workspace\Solution\Raiden\App.UI\App.UI.csproj]
  Skipping: App.UI - \Properties\Settings.Designer.cs
  Skipping: App.UI - \obj\Release\Views\StartSessionView.g.cs
  Skipping: App.UI - \obj\Release\Views\StartView.g.cs
  1 violations encountered.
Done Building Project "D:\Jenkins_Home\jobs\Raiden\workspace\Solution\Raiden\App.UI\App.UI.csproj" (default targets).
Project "D:\Jenkins_Home\jobs\Raiden\workspace\Solution\Raiden\Raiden.sln" (1) is building "D:\Jenkins_Home\jobs\Raiden\workspace\Solution\Raiden\Evaluation.Boards.Test\Evaluation.Boards.Test.csproj" (18) on node 1 (default targets).
PrepareForBuild:
  Creating directory "obj\Release\".
RestorePackages:
  "D:\Jenkins_Home\jobs\Raiden\workspace\Solution\Raiden\.nuget\nuget.exe" install "D:\Jenkins_Home\jobs\Raiden\workspace\Solution\Raiden\Evaluation.Boards.Test\packages.config" -source "\\nwd2hscjnks\NuGetShare"  -RequireConsent -o "D:\Jenkins_Home\jobs\Raiden\workspace\Solution\Raiden\packages"
  All packages listed in packages.config are already installed.
GenerateTargetFrameworkMonikerAttribute:
Skipping target "GenerateTargetFrameworkMonikerAttribute" because all output files are up-to-date with respect to the input files.
CoreCompile:
  C:\Windows\Microsoft.NET\Framework\v4.0.30319\Csc.exe /noconfig /nowarn:1701,1702 /nostdlib+ /errorreport:prompt /warn:4 /define:TRACE /reference:D:\Jenkins_Home\jobs\Raiden\workspace\Solution\bin\Release\ADI.Csa.dll /reference:D:\Jenkins_Home\jobs\Raiden\workspace\Solution\bin\Release\ADI.Csa.Evaluation.Boards.dll /reference:D:\Jenkins_Home\jobs\Raiden\workspace\Solution\bin\Release\ADI.Csa.Evaluation.dll /reference:D:\Jenkins_Home\jobs\Raiden\workspace\Solution\bin\Release\ADI.Csa.Hardware.dll /reference:D:\Jenkins_Home\jobs\Raiden\workspace\Solution\Raiden\packages\Moq.4.0.10827\lib\NET40\Moq.dll /reference:"C:\Program Files (x86)\Reference Assemblies\Microsoft\Framework\.NETFramework\v4.0\mscorlib.dll" /reference:D:\Jenkins_Home\jobs\Raiden\workspace\Solution\Raiden\packages\NUnit.2.6.2\lib\nunit.framework.dll /reference:"C:\Program Files (x86)\Reference Assemblies\Microsoft\Framework\.NETFramework\v4.0\System.Core.dll" /reference:"C:\Program Files (x86)\Reference Assemblies\Microsoft\Framework\.NETFramework\v4.0\System.dll" /debug:pdbonly /filealign:512 /optimize+ /out:obj\Release\ADI.Csa.Evaluation.Boards.Test.dll /target:library BoardLoaderTests.cs Properties\AssemblyInfo.cs UnknownBoardTests.cs "C:\Windows\TEMP\.NETFramework,Version=v4.0.AssemblyAttributes.cs"
CopyFilesToOutputDirectory:
  Copying file from "obj\Release\ADI.Csa.Evaluation.Boards.Test.dll" to "..\..\bin\Release\ADI.Csa.Evaluation.Boards.Test.dll".
  Evaluation.Boards.Test -> D:\Jenkins_Home\jobs\Raiden\workspace\Solution\bin\Release\ADI.Csa.Evaluation.Boards.Test.dll
  Copying file from "obj\Release\ADI.Csa.Evaluation.Boards.Test.pdb" to "..\..\bin\Release\ADI.Csa.Evaluation.Boards.Test.pdb".
Done Building Project "D:\Jenkins_Home\jobs\Raiden\workspace\Solution\Raiden\Evaluation.Boards.Test\Evaluation.Boards.Test.csproj" (default targets).
Project "D:\Jenkins_Home\jobs\Raiden\workspace\Solution\Raiden\Raiden.sln" (1) is building "D:\Jenkins_Home\jobs\Raiden\workspace\Solution\Raiden\App.Installers\App.Installers.csproj" (19) on node 1 (default targets).
PrepareForBuild:
  Creating directory "obj\Release\".
RestorePackages:
  "D:\Jenkins_Home\jobs\Raiden\workspace\Solution\Raiden\.nuget\nuget.exe" install "D:\Jenkins_Home\jobs\Raiden\workspace\Solution\Raiden\App.Installers\packages.config" -source "\\nwd2hscjnks\NuGetShare"  -RequireConsent -o "D:\Jenkins_Home\jobs\Raiden\workspace\Solution\Raiden\packages"
  All packages listed in packages.config are already installed.
Project "D:\Jenkins_Home\jobs\Raiden\workspace\Solution\Raiden\App.Installers\App.Installers.csproj" (19) is building "D:\Jenkins_Home\jobs\Raiden\workspace\Solution\Raiden\Evaluation.UI\Evaluation.UI.csproj" (20) on node 1 (default targets).
PrepareForBuild:
  Creating directory "obj\Release\".
RestorePackages:
  "D:\Jenkins_Home\jobs\Raiden\workspace\Solution\Raiden\.nuget\nuget.exe" install "D:\Jenkins_Home\jobs\Raiden\workspace\Solution\Raiden\Evaluation.UI\packages.config" -source "\\nwd2hscjnks\NuGetShare"  -RequireConsent -o "D:\Jenkins_Home\jobs\Raiden\workspace\Solution\Raiden\packages"
  All packages listed in packages.config are already installed.
ResolveAssemblyReferences:
  A TargetFramework profile exclusion list will be generated.
CoreResGen:
  "C:\Program Files\Microsoft SDKs\Windows\v7.1\bin\resgen.exe" /useSourcePath /r:D:\Jenkins_Home\jobs\Raiden\workspace\Solution\bin\Release\ADI.Csa.dll /r:D:\Jenkins_Home\jobs\Raiden\workspace\Solution\bin\Release\ADI.Csa.Evaluation.dll /r:D:\Jenkins_Home\jobs\Raiden\workspace\Solution\bin\Release\ADI.Csa.Hardware.dll /r:D:\Jenkins_Home\jobs\Raiden\workspace\Solution\bin\Release\ADI.Csa.Transactions.dll /r:D:\Jenkins_Home\jobs\Raiden\workspace\Solution\bin\Release\ADI.Csa.UI.dll /r:"C:\Program Files (x86)\Reference Assemblies\Microsoft\Framework\.NETFramework\v4.0\Profile\Client\mscorlib.dll" /r:"C:\Program Files (x86)\Reference Assemblies\Microsoft\Framework\.NETFramework\v4.0\Profile\Client\PresentationCore.dll" /r:"C:\Program Files (x86)\Reference Assemblies\Microsoft\Framework\.NETFramework\v4.0\Profile\Client\PresentationFramework.dll" /r:"C:\Program Files (x86)\Reference Assemblies\Microsoft\Framework\.NETFramework\v4.0\Profile\Client\System.Core.dll" /r:"C:\Program Files (x86)\Reference Assemblies\Microsoft\Framework\.NETFramework\v4.0\Profile\Client\System.dll" /r:"C:\Program Files (x86)\Reference Assemblies\Microsoft\Framework\.NETFramework\v4.0\Profile\Client\System.Xaml.dll" /r:D:\Jenkins_Home\jobs\Raiden\workspace\Solution\Raiden\packages\Telerik.Windows.Controls.Diagrams.2013.1.408.40\lib\net40-Client\Telerik.Windows.Controls.Diagrams.dll /r:D:\Jenkins_Home\jobs\Raiden\workspace\Solution\Raiden\packages\Telerik.Windows.Controls.Diagrams.Extensions.2013.1.408.40\lib\net40-Client\Telerik.Windows.Controls.Diagrams.Extensions.dll /r:D:\Jenkins_Home\jobs\Raiden\workspace\Solution\Raiden\packages\Telerik.Windows.Controls.2013.1.408.40\lib\net40-Client\Telerik.Windows.Controls.dll /r:D:\Jenkins_Home\jobs\Raiden\workspace\Solution\Raiden\packages\Telerik.Windows.Controls.Input.2013.1.408.40\lib\net40-Client\Telerik.Windows.Controls.Input.dll /r:D:\Jenkins_Home\jobs\Raiden\workspace\Solution\Raiden\packages\Telerik.Windows.Controls.Navigation.2013.1.408.40\lib\net40-Client\Telerik.Windows.Controls.Navigation.dll /r:D:\Jenkins_Home\jobs\Raiden\workspace\Solution\Raiden\packages\Telerik.Windows.Data.2013.1.408.40\lib\net40-Client\Telerik.Windows.Data.dll /r:D:\Jenkins_Home\jobs\Raiden\workspace\Solution\Raiden\packages\Telerik.Windows.Diagrams.Core.2013.1.408.40\lib\net40-Client\Telerik.Windows.Diagrams.Core.dll /r:"C:\Program Files (x86)\Reference Assemblies\Microsoft\Framework\.NETFramework\v4.0\Profile\Client\WindowsBase.dll" /compile Properties\Resources.resx,obj\Release\ADI.Csa.Evaluation.UI.Properties.Resources.resources
  Processing resource file "Properties\Resources.resx" into "obj\Release\ADI.Csa.Evaluation.UI.Properties.Resources.resources".
GenerateTargetFrameworkMonikerAttribute:
Skipping target "GenerateTargetFrameworkMonikerAttribute" because all output files are up-to-date with respect to the input files.
CoreCompile:
  C:\Windows\Microsoft.NET\Framework\v4.0.30319\Csc.exe /noconfig /nowarn:1701,1702 /nostdlib+ /errorreport:prompt /warn:4 /define:TRACE /reference:D:\Jenkins_Home\jobs\Raiden\workspace\Solution\bin\Release\ADI.Csa.dll /reference:D:\Jenkins_Home\jobs\Raiden\workspace\Solution\bin\Release\ADI.Csa.Evaluation.dll /reference:D:\Jenkins_Home\jobs\Raiden\workspace\Solution\bin\Release\ADI.Csa.Hardware.dll /reference:D:\Jenkins_Home\jobs\Raiden\workspace\Solution\bin\Release\ADI.Csa.Transactions.dll /reference:D:\Jenkins_Home\jobs\Raiden\workspace\Solution\bin\Release\ADI.Csa.UI.dll /reference:"C:\Program Files (x86)\Reference Assemblies\Microsoft\Framework\.NETFramework\v4.0\Profile\Client\mscorlib.dll" /reference:"C:\Program Files (x86)\Reference Assemblies\Microsoft\Framework\.NETFramework\v4.0\Profile\Client\PresentationCore.dll" /reference:"C:\Program Files (x86)\Reference Assemblies\Microsoft\Framework\.NETFramework\v4.0\Profile\Client\PresentationFramework.dll" /reference:"C:\Program Files (x86)\Reference Assemblies\Microsoft\Framework\.NETFramework\v4.0\Profile\Client\System.Core.dll" /reference:"C:\Program Files (x86)\Reference Assemblies\Microsoft\Framework\.NETFramework\v4.0\Profile\Client\System.dll" /reference:"C:\Program Files (x86)\Reference Assemblies\Microsoft\Framework\.NETFramework\v4.0\Profile\Client\System.Xaml.dll" /reference:D:\Jenkins_Home\jobs\Raiden\workspace\Solution\Raiden\packages\Telerik.Windows.Controls.Diagrams.2013.1.408.40\lib\net40-Client\Telerik.Windows.Controls.Diagrams.dll /reference:D:\Jenkins_Home\jobs\Raiden\workspace\Solution\Raiden\packages\Telerik.Windows.Controls.Diagrams.Extensions.2013.1.408.40\lib\net40-Client\Telerik.Windows.Controls.Diagrams.Extensions.dll /reference:D:\Jenkins_Home\jobs\Raiden\workspace\Solution\Raiden\packages\Telerik.Windows.Controls.2013.1.408.40\lib\net40-Client\Telerik.Windows.Controls.dll /reference:D:\Jenkins_Home\jobs\Raiden\workspace\Solution\Raiden\packages\Telerik.Windows.Controls.Input.2013.1.408.40\lib\net40-Client\Telerik.Windows.Controls.Input.dll /reference:D:\Jenkins_Home\jobs\Raiden\workspace\Solution\Raiden\packages\Telerik.Windows.Controls.Navigation.2013.1.408.40\lib\net40-Client\Telerik.Windows.Controls.Navigation.dll /reference:D:\Jenkins_Home\jobs\Raiden\workspace\Solution\Raiden\packages\Telerik.Windows.Data.2013.1.408.40\lib\net40-Client\Telerik.Windows.Data.dll /reference:D:\Jenkins_Home\jobs\Raiden\workspace\Solution\Raiden\packages\Telerik.Windows.Diagrams.Core.2013.1.408.40\lib\net40-Client\Telerik.Windows.Diagrams.Core.dll /reference:"C:\Program Files (x86)\Reference Assemblies\Microsoft\Framework\.NETFramework\v4.0\Profile\Client\WindowsBase.dll" /debug:pdbonly /filealign:512 /optimize+ /out:obj\Release\ADI.Csa.Evaluation.UI.dll /resource:obj\Release\ADI.Csa.Evaluation.UI.g.resources /resource:obj\Release\ADI.Csa.Evaluation.UI.Properties.Resources.resources /target:library EvalSystemDiagram.cs Transactions\ShowSystemViewTransaction.cs ViewModels\EvalComponentLinkViewModel.cs ViewModels\EvalComponentViewModel.cs ViewModels\EvalSubsystemViewModel.cs ViewModels\EvalSystemViewModel.cs ViewModels\EvalSystemGraphSource.cs Views\EvalSystemView.xaml.cs Properties\AssemblyInfo.cs Properties\Resources.Designer.cs Properties\Settings.Designer.cs D:\Jenkins_Home\jobs\Raiden\workspace\Solution\Raiden\Evaluation.UI\obj\Release\Views\EvalSystemView.g.cs "C:\Windows\TEMP\.NETFramework,Version=v4.0,Profile=Client.AssemblyAttributes.cs"
ViewModels\EvalComponentViewModel.cs(84,26): warning CS0618: 'ADI.Csa.Evaluation.UI.ViewModels.EvalComponentViewModel.HasSourceConnectors' is obsolete: 'Use HardwareUsage instead' [D:\Jenkins_Home\jobs\Raiden\workspace\Solution\Raiden\Evaluation.UI\Evaluation.UI.csproj]
_CopyAppConfigFile:
  Copying file from "app.config" to "..\..\bin\Release\ADI.Csa.Evaluation.UI.dll.config".
CopyFilesToOutputDirectory:
  Copying file from "obj\Release\ADI.Csa.Evaluation.UI.dll" to "..\..\bin\Release\ADI.Csa.Evaluation.UI.dll".
  Evaluation.UI -> D:\Jenkins_Home\jobs\Raiden\workspace\Solution\bin\Release\ADI.Csa.Evaluation.UI.dll
  Copying file from "obj\Release\ADI.Csa.Evaluation.UI.pdb" to "..\..\bin\Release\ADI.Csa.Evaluation.UI.pdb".
StyleCop:
  Skipping: Evaluation.UI - \Properties\AssemblyInfo.cs
  Skipping: Evaluation.UI - \Properties\Resources.Designer.cs
  Skipping: Evaluation.UI - \Properties\Settings.Designer.cs
  Skipping: Evaluation.UI - \obj\Release\Views\EvalSystemView.g.cs
  No violations encountered
Done Building Project "D:\Jenkins_Home\jobs\Raiden\workspace\Solution\Raiden\Evaluation.UI\Evaluation.UI.csproj" (default targets).
ResolveAssemblyReferences:
  A TargetFramework profile exclusion list will be generated.
GenerateTargetFrameworkMonikerAttribute:
Skipping target "GenerateTargetFrameworkMonikerAttribute" because all output files are up-to-date with respect to the input files.
CoreCompile:
  C:\Windows\Microsoft.NET\Framework\v4.0.30319\Csc.exe /noconfig /nowarn:1701,1702 /nostdlib+ /errorreport:prompt /warn:4 /define:TRACE /reference:D:\Jenkins_Home\jobs\Raiden\workspace\Solution\bin\Release\ADI.Csa.App.UI.dll /reference:D:\Jenkins_Home\jobs\Raiden\workspace\Solution\bin\Release\ADI.Csa.dll /reference:D:\Jenkins_Home\jobs\Raiden\workspace\Solution\bin\Release\ADI.Csa.Evaluation.Boards.dll /reference:D:\Jenkins_Home\jobs\Raiden\workspace\Solution\bin\Release\ADI.Csa.Evaluation.dll /reference:D:\Jenkins_Home\jobs\Raiden\workspace\Solution\bin\Release\ADI.Csa.Evaluation.UI.dll /reference:D:\Jenkins_Home\jobs\Raiden\workspace\Solution\bin\Release\ADI.Csa.Hardware.dll /reference:D:\Jenkins_Home\jobs\Raiden\workspace\Solution\bin\Release\ADI.Csa.Hardware.UI.dll /reference:D:\Jenkins_Home\jobs\Raiden\workspace\Solution\bin\Release\ADI.Csa.Transactions.dll /reference:D:\Jenkins_Home\jobs\Raiden\workspace\Solution\bin\Release\ADI.Csa.UI.dll /reference:D:\Jenkins_Home\jobs\Raiden\workspace\Solution\Raiden\packages\Castle.Core.3.2.0\lib\net40-client\Castle.Core.dll /reference:D:\Jenkins_Home\jobs\Raiden\workspace\Solution\Raiden\packages\Castle.Windsor.3.2.0\lib\net40-client\Castle.Windsor.dll /reference:"C:\Program Files (x86)\Reference Assemblies\Microsoft\Framework\.NETFramework\v4.0\Profile\Client\mscorlib.dll" /reference:"C:\Program Files (x86)\Reference Assemblies\Microsoft\Framework\.NETFramework\v4.0\Profile\Client\PresentationCore.dll" /reference:"C:\Program Files (x86)\Reference Assemblies\Microsoft\Framework\.NETFramework\v4.0\Profile\Client\PresentationFramework.dll" /reference:"C:\Program Files (x86)\Reference Assemblies\Microsoft\Framework\.NETFramework\v4.0\Profile\Client\System.Core.dll" /reference:"C:\Program Files (x86)\Reference Assemblies\Microsoft\Framework\.NETFramework\v4.0\Profile\Client\System.dll" /reference:"C:\Program Files (x86)\Reference Assemblies\Microsoft\Framework\.NETFramework\v4.0\Profile\Client\System.Xaml.dll" /reference:D:\Jenkins_Home\jobs\Raiden\workspace\Solution\Raiden\packages\Telerik.Windows.Controls.2013.1.408.40\lib\net40-Client\Telerik.Windows.Controls.dll /reference:"C:\Program Files (x86)\Reference Assemblies\Microsoft\Framework\.NETFramework\v4.0\Profile\Client\WindowsBase.dll" /debug:pdbonly /filealign:512 /optimize+ /out:obj\Release\ADI.Csa.App.Installers.dll /target:library AppInstaller.cs Factories\TypedFactoryNamedComponentSelector.cs InstallerHelperMethods.cs TransactionsInstaller.cs EvaluationInstaller.cs HardwareInstaller.cs Properties\AssemblyInfo.cs UIInstaller.cs "C:\Windows\TEMP\.NETFramework,Version=v4.0,Profile=Client.AssemblyAttributes.cs"
CopyFilesToOutputDirectory:
  Copying file from "obj\Release\ADI.Csa.App.Installers.dll" to "..\..\bin\Release\ADI.Csa.App.Installers.dll".
  App.Installers -> D:\Jenkins_Home\jobs\Raiden\workspace\Solution\bin\Release\ADI.Csa.App.Installers.dll
  Copying file from "obj\Release\ADI.Csa.App.Installers.pdb" to "..\..\bin\Release\ADI.Csa.App.Installers.pdb".
Done Building Project "D:\Jenkins_Home\jobs\Raiden\workspace\Solution\Raiden\App.Installers\App.Installers.csproj" (default targets).
Project "D:\Jenkins_Home\jobs\Raiden\workspace\Solution\Raiden\Raiden.sln" (1) is building "D:\Jenkins_Home\jobs\Raiden\workspace\Solution\Raiden\Hardware.SdpSupport.Installers\Hardware.SdpSupport.Installers.csproj" (21) on node 1 (default targets).
PrepareForBuild:
  Creating directory "obj\Release\".
RestorePackages:
  "D:\Jenkins_Home\jobs\Raiden\workspace\Solution\Raiden\.nuget\nuget.exe" install "D:\Jenkins_Home\jobs\Raiden\workspace\Solution\Raiden\Hardware.SdpSupport.Installers\packages.config" -source "\\nwd2hscjnks\NuGetShare"  -RequireConsent -o "D:\Jenkins_Home\jobs\Raiden\workspace\Solution\Raiden\packages"
  All packages listed in packages.config are already installed.
GenerateTargetFrameworkMonikerAttribute:
Skipping target "GenerateTargetFrameworkMonikerAttribute" because all output files are up-to-date with respect to the input files.
CoreCompile:
  C:\Windows\Microsoft.NET\Framework\v4.0.30319\Csc.exe /noconfig /nowarn:1701,1702 /nostdlib+ /errorreport:prompt /warn:4 /define:TRACE /reference:D:\Jenkins_Home\jobs\Raiden\workspace\Solution\bin\Release\ADI.Csa.Hardware.dll /reference:D:\Jenkins_Home\jobs\Raiden\workspace\Solution\bin\Release\ADI.Csa.Hardware.SdpSupport.dll /reference:D:\Jenkins_Home\jobs\Raiden\workspace\Solution\Raiden\packages\Castle.Core.3.2.0\lib\net40-client\Castle.Core.dll /reference:D:\Jenkins_Home\jobs\Raiden\workspace\Solution\Raiden\packages\Castle.Windsor.3.2.0\lib\net40\Castle.Windsor.dll /reference:"C:\Program Files (x86)\Reference Assemblies\Microsoft\Framework\.NETFramework\v4.0\mscorlib.dll" /reference:D:\Jenkins_Home\jobs\Raiden\workspace\Solution\Raiden\packages\sdpApi1.dll.2.4.1006.7\lib\net35\sdpApi1.dll /reference:"C:\Program Files (x86)\Reference Assemblies\Microsoft\Framework\.NETFramework\v4.0\System.Core.dll" /debug:pdbonly /filealign:512 /optimize+ /out:obj\Release\ADI.Csa.Hardware.SdpSupport.Installers.dll /target:library SdpHardwareInstaller.cs Properties\AssemblyInfo.cs "C:\Windows\TEMP\.NETFramework,Version=v4.0.AssemblyAttributes.cs"
_CopyFilesMarkedCopyLocal:
  Copying file from "D:\Jenkins_Home\jobs\Raiden\workspace\Solution\Raiden\packages\Castle.Windsor.3.2.0\lib\net40\Castle.Windsor.dll" to "..\..\bin\Release\Castle.Windsor.dll".
  Copying file from "D:\Jenkins_Home\jobs\Raiden\workspace\Solution\Raiden\packages\Castle.Windsor.3.2.0\lib\net40\Castle.Windsor.xml" to "..\..\bin\Release\Castle.Windsor.xml".
CopyFilesToOutputDirectory:
  Copying file from "obj\Release\ADI.Csa.Hardware.SdpSupport.Installers.dll" to "..\..\bin\Release\ADI.Csa.Hardware.SdpSupport.Installers.dll".
  Hardware.SdpSupport.Installers -> D:\Jenkins_Home\jobs\Raiden\workspace\Solution\bin\Release\ADI.Csa.Hardware.SdpSupport.Installers.dll
  Copying file from "obj\Release\ADI.Csa.Hardware.SdpSupport.Installers.pdb" to "..\..\bin\Release\ADI.Csa.Hardware.SdpSupport.Installers.pdb".
StyleCop:
  Skipping: Hardware.SdpSupport.Installers - \Properties\AssemblyInfo.cs
  No violations encountered
Done Building Project "D:\Jenkins_Home\jobs\Raiden\workspace\Solution\Raiden\Hardware.SdpSupport.Installers\Hardware.SdpSupport.Installers.csproj" (default targets).
Project "D:\Jenkins_Home\jobs\Raiden\workspace\Solution\Raiden\Raiden.sln" (1) is building "D:\Jenkins_Home\jobs\Raiden\workspace\Solution\Raiden\UI.Test\UI.Test.csproj" (22) on node 1 (default targets).
PrepareForBuild:
  Creating directory "obj\Release\".
RestorePackages:
  "D:\Jenkins_Home\jobs\Raiden\workspace\Solution\Raiden\.nuget\nuget.exe" install "D:\Jenkins_Home\jobs\Raiden\workspace\Solution\Raiden\UI.Test\packages.config" -source "\\nwd2hscjnks\NuGetShare"  -RequireConsent -o "D:\Jenkins_Home\jobs\Raiden\workspace\Solution\Raiden\packages"
  All packages listed in packages.config are already installed.
GenerateTargetFrameworkMonikerAttribute:
Skipping target "GenerateTargetFrameworkMonikerAttribute" because all output files are up-to-date with respect to the input files.
CoreCompile:
  C:\Windows\Microsoft.NET\Framework\v4.0.30319\Csc.exe /noconfig /nowarn:1701,1702 /nostdlib+ /errorreport:prompt /warn:4 /define:TRACE /reference:D:\Jenkins_Home\jobs\Raiden\workspace\Solution\bin\Release\ADI.Csa.dll /reference:D:\Jenkins_Home\jobs\Raiden\workspace\Solution\bin\Release\ADI.Csa.UI.dll /reference:"C:\Program Files (x86)\Reference Assemblies\Microsoft\Framework\.NETFramework\v4.0\Microsoft.CSharp.dll" /reference:D:\Jenkins_Home\jobs\Raiden\workspace\Solution\bin\Release\Moq.dll /reference:"C:\Program Files (x86)\Reference Assemblies\Microsoft\Framework\.NETFramework\v4.0\mscorlib.dll" /reference:D:\Jenkins_Home\jobs\Raiden\workspace\Solution\Raiden\packages\NUnit.2.6.2\lib\nunit.framework.dll /reference:"C:\Program Files (x86)\Reference Assemblies\Microsoft\Framework\.NETFramework\v4.0\PresentationCore.dll" /reference:"C:\Program Files (x86)\Reference Assemblies\Microsoft\Framework\.NETFramework\v4.0\PresentationFramework.dll" /reference:"C:\Program Files (x86)\Reference Assemblies\Microsoft\Framework\.NETFramework\v4.0\System.Core.dll" /reference:"C:\Program Files (x86)\Reference Assemblies\Microsoft\Framework\.NETFramework\v4.0\System.Data.DataSetExtensions.dll" /reference:"C:\Program Files (x86)\Reference Assemblies\Microsoft\Framework\.NETFramework\v4.0\System.Data.dll" /reference:"C:\Program Files (x86)\Reference Assemblies\Microsoft\Framework\.NETFramework\v4.0\System.dll" /reference:"C:\Program Files (x86)\Reference Assemblies\Microsoft\Framework\.NETFramework\v4.0\System.Xaml.dll" /reference:"C:\Program Files (x86)\Reference Assemblies\Microsoft\Framework\.NETFramework\v4.0\System.Xml.dll" /reference:"C:\Program Files (x86)\Reference Assemblies\Microsoft\Framework\.NETFramework\v4.0\System.Xml.Linq.dll" /reference:"C:\Program Files (x86)\Reference Assemblies\Microsoft\Framework\.NETFramework\v4.0\WindowsBase.dll" /debug:pdbonly /filealign:512 /optimize+ /out:obj\Release\ADI.Csa.UI.Test.dll /target:library Navigation\MockIDockingAdapter.cs Navigation\MockIWorkView.cs Navigation\MockNavigationResolver.cs Navigation\NavigationServicePOCTest.cs Navigation\NavigationServiceTest.cs Properties\AssemblyInfo.cs Navigation\Tab.cs "C:\Windows\TEMP\.NETFramework,Version=v4.0.AssemblyAttributes.cs"
CopyFilesToOutputDirectory:
  Copying file from "obj\Release\ADI.Csa.UI.Test.dll" to "..\..\bin\Release\ADI.Csa.UI.Test.dll".
  UI.Test -> D:\Jenkins_Home\jobs\Raiden\workspace\Solution\bin\Release\ADI.Csa.UI.Test.dll
  Copying file from "obj\Release\ADI.Csa.UI.Test.pdb" to "..\..\bin\Release\ADI.Csa.UI.Test.pdb".
Done Building Project "D:\Jenkins_Home\jobs\Raiden\workspace\Solution\Raiden\UI.Test\UI.Test.csproj" (default targets).
Project "D:\Jenkins_Home\jobs\Raiden\workspace\Solution\Raiden\Raiden.sln" (1) is building "D:\Jenkins_Home\jobs\Raiden\workspace\Solution\Raiden\RaidenWpfApp\RaidenWpfApp.csproj.metaproj" (23) on node 1 (default targets).
Project "D:\Jenkins_Home\jobs\Raiden\workspace\Solution\Raiden\RaidenWpfApp\RaidenWpfApp.csproj.metaproj" (23) is building "D:\Jenkins_Home\jobs\Raiden\workspace\Solution\Raiden\RaidenWpfApp\RaidenWpfApp.csproj" (24) on node 1 (default targets).
PrepareForBuild:
  Creating directory "obj\x86\Release\".
RestorePackages:
  "D:\Jenkins_Home\jobs\Raiden\workspace\Solution\Raiden\.nuget\nuget.exe" install "D:\Jenkins_Home\jobs\Raiden\workspace\Solution\Raiden\RaidenWpfApp\packages.config" -source "\\nwd2hscjnks\NuGetShare"  -RequireConsent -o "D:\Jenkins_Home\jobs\Raiden\workspace\Solution\Raiden\packages"
  All packages listed in packages.config are already installed.
ResolveAssemblyReferences:
  A TargetFramework profile exclusion list will be generated.
CoreResGen:
  "C:\Program Files\Microsoft SDKs\Windows\v7.1\bin\resgen.exe" /useSourcePath /r:D:\Jenkins_Home\jobs\Raiden\workspace\Solution\bin\Release\ADI.Csa.App.UI.dll /r:D:\Jenkins_Home\jobs\Raiden\workspace\Solution\bin\Release\ADI.Csa.dll /r:D:\Jenkins_Home\jobs\Raiden\workspace\Solution\bin\Release\ADI.Csa.Evaluation.dll /r:D:\Jenkins_Home\jobs\Raiden\workspace\Solution\bin\Release\ADI.Csa.UI.dll /r:D:\Jenkins_Home\jobs\Raiden\workspace\Solution\Raiden\packages\Castle.Core.3.2.0\lib\net40-client\Castle.Core.dll /r:D:\Jenkins_Home\jobs\Raiden\workspace\Solution\Raiden\packages\Castle.Windsor.3.2.0\lib\net40-client\Castle.Windsor.dll /r:"C:\Program Files (x86)\Reference Assemblies\Microsoft\Framework\.NETFramework\v4.0\Profile\Client\mscorlib.dll" /r:"C:\Program Files (x86)\Reference Assemblies\Microsoft\Framework\.NETFramework\v4.0\Profile\Client\PresentationCore.dll" /r:"C:\Program Files (x86)\Reference Assemblies\Microsoft\Framework\.NETFramework\v4.0\Profile\Client\PresentationFramework.dll" /r:"C:\Program Files (x86)\Reference Assemblies\Microsoft\Framework\.NETFramework\v4.0\Profile\Client\System.Core.dll" /r:"C:\Program Files (x86)\Reference Assemblies\Microsoft\Framework\.NETFramework\v4.0\Profile\Client\System.dll" /r:"C:\Program Files (x86)\Reference Assemblies\Microsoft\Framework\.NETFramework\v4.0\Profile\Client\System.Xaml.dll" /r:D:\Jenkins_Home\jobs\Raiden\workspace\Solution\Raiden\packages\Telerik.Windows.Controls.2013.1.408.40\lib\net40-Client\Telerik.Windows.Controls.dll /r:"C:\Program Files (x86)\Reference Assemblies\Microsoft\Framework\.NETFramework\v4.0\Profile\Client\WindowsBase.dll" /compile Properties\Resources.resx,obj\x86\Release\ADI.Csa.App.Wpf.Properties.Resources.resources
  Processing resource file "Properties\Resources.resx" into "obj\x86\Release\ADI.Csa.App.Wpf.Properties.Resources.resources".
GenerateTargetFrameworkMonikerAttribute:
Skipping target "GenerateTargetFrameworkMonikerAttribute" because all output files are up-to-date with respect to the input files.
CoreCompile:
  C:\Windows\Microsoft.NET\Framework\v4.0.30319\Csc.exe /noconfig /nowarn:1701,1702 /nostdlib+ /platform:x86 /errorreport:prompt /warn:4 /define:TRACE /main:ADI.Csa.App.Wpf.Program /reference:D:\Jenkins_Home\jobs\Raiden\workspace\Solution\bin\Release\ADI.Csa.App.UI.dll /reference:D:\Jenkins_Home\jobs\Raiden\workspace\Solution\bin\Release\ADI.Csa.dll /reference:D:\Jenkins_Home\jobs\Raiden\workspace\Solution\bin\Release\ADI.Csa.Evaluation.dll /reference:D:\Jenkins_Home\jobs\Raiden\workspace\Solution\bin\Release\ADI.Csa.UI.dll /reference:D:\Jenkins_Home\jobs\Raiden\workspace\Solution\Raiden\packages\Castle.Core.3.2.0\lib\net40-client\Castle.Core.dll /reference:D:\Jenkins_Home\jobs\Raiden\workspace\Solution\Raiden\packages\Castle.Windsor.3.2.0\lib\net40-client\Castle.Windsor.dll /reference:"C:\Program Files (x86)\Reference Assemblies\Microsoft\Framework\.NETFramework\v4.0\Profile\Client\mscorlib.dll" /reference:"C:\Program Files (x86)\Reference Assemblies\Microsoft\Framework\.NETFramework\v4.0\Profile\Client\PresentationCore.dll" /reference:"C:\Program Files (x86)\Reference Assemblies\Microsoft\Framework\.NETFramework\v4.0\Profile\Client\PresentationFramework.dll" /reference:"C:\Program Files (x86)\Reference Assemblies\Microsoft\Framework\.NETFramework\v4.0\Profile\Client\System.Core.dll" /reference:"C:\Program Files (x86)\Reference Assemblies\Microsoft\Framework\.NETFramework\v4.0\Profile\Client\System.dll" /reference:"C:\Program Files (x86)\Reference Assemblies\Microsoft\Framework\.NETFramework\v4.0\Profile\Client\System.Xaml.dll" /reference:D:\Jenkins_Home\jobs\Raiden\workspace\Solution\Raiden\packages\Telerik.Windows.Controls.2013.1.408.40\lib\net40-Client\Telerik.Windows.Controls.dll /reference:"C:\Program Files (x86)\Reference Assemblies\Microsoft\Framework\.NETFramework\v4.0\Profile\Client\WindowsBase.dll" /debug:pdbonly /filealign:512 /optimize+ /out:obj\x86\Release\CustomerEvaluationSoftware.exe /resource:obj\x86\Release\CustomerEvaluationSoftware.g.resources /resource:obj\x86\Release\ADI.Csa.App.Wpf.Properties.Resources.resources /target:winexe EvalSystemManager.cs ViewModels\MainWindowViewModel.cs ApplicationBootstrapper.cs CsaApplication.xaml.cs CsaApplicationInstaller.cs MainWindow.xaml.cs Program.cs Properties\AssemblyInfo.cs Properties\Resources.Designer.cs Properties\Settings.Designer.cs D:\Jenkins_Home\jobs\Raiden\workspace\Solution\Raiden\RaidenWpfApp\obj\x86\Release\MainWindow.g.cs D:\Jenkins_Home\jobs\Raiden\workspace\Solution\Raiden\RaidenWpfApp\obj\x86\Release\CsaApplication.g.cs "C:\Windows\TEMP\.NETFramework,Version=v4.0,Profile=Client.AssemblyAttributes.cs"
_CopyFilesMarkedCopyLocal:
  Copying file from "D:\Jenkins_Home\jobs\Raiden\workspace\Solution\Raiden\packages\Castle.Windsor.3.2.0\lib\net40-client\Castle.Windsor.dll" to "..\..\bin\Release\Castle.Windsor.dll".
  Copying file from "D:\Jenkins_Home\jobs\Raiden\workspace\Solution\Raiden\packages\Castle.Windsor.3.2.0\lib\net40-client\Castle.Windsor.xml" to "..\..\bin\Release\Castle.Windsor.xml".
CopyFilesToOutputDirectory:
  Copying file from "obj\x86\Release\CustomerEvaluationSoftware.exe" to "..\..\bin\Release\CustomerEvaluationSoftware.exe".
  RaidenWpfApp -> D:\Jenkins_Home\jobs\Raiden\workspace\Solution\bin\Release\CustomerEvaluationSoftware.exe
  Copying file from "obj\x86\Release\CustomerEvaluationSoftware.pdb" to "..\..\bin\Release\CustomerEvaluationSoftware.pdb".
PostBuildEvent:
  copy "D:\Jenkins_Home\jobs\Raiden\workspace\Solution\Raiden\Configuration\Schemas\BoardRepository.xml" "..\..\bin\Release\
          1 file(s) copied.
StyleCop:
  Skipping: RaidenWpfApp - \Properties\AssemblyInfo.cs
  Skipping: RaidenWpfApp - \Properties\Resources.Designer.cs
  Skipping: RaidenWpfApp - \Properties\Settings.Designer.cs
  Skipping: RaidenWpfApp - \obj\x86\Release\MainWindow.g.cs
  Skipping: RaidenWpfApp - \obj\x86\Release\CsaApplication.g.cs
  No violations encountered
Done Building Project "D:\Jenkins_Home\jobs\Raiden\workspace\Solution\Raiden\RaidenWpfApp\RaidenWpfApp.csproj" (default targets).
Done Building Project "D:\Jenkins_Home\jobs\Raiden\workspace\Solution\Raiden\RaidenWpfApp\RaidenWpfApp.csproj.metaproj" (default targets).
Done Building Project "D:\Jenkins_Home\jobs\Raiden\workspace\Solution\Raiden\Raiden.sln" (default targets).

Build succeeded.

"D:\Jenkins_Home\jobs\Raiden\workspace\Solution\Raiden\Raiden.sln" (default target) (1) ->
"D:\Jenkins_Home\jobs\Raiden\workspace\Solution\Raiden\Transactions\Transactions.csproj" (default target) (8) ->
(StyleCop target) -> 
  D:\Jenkins_Home\jobs\Raiden\workspace\Solution\Raiden\Transactions\TransactionManager.cs(21,1): warning : SA1650 : CSharp.Documentation : The documentation text within the remarks tag contains incorrectly spelled words: startable [D:\Jenkins_Home\jobs\Raiden\workspace\Solution\Raiden\Transactions\Transactions.csproj]


"D:\Jenkins_Home\jobs\Raiden\workspace\Solution\Raiden\Raiden.sln" (default target) (1) ->
"D:\Jenkins_Home\jobs\Raiden\workspace\Solution\Raiden\UI\UI.csproj" (default target) (11) ->
  D:\Jenkins_Home\jobs\Raiden\workspace\Solution\Raiden\UI\Navigation\NavigationHistory.cs(144,1): warning : SA1650 : CSharp.Documentation : The documentation text within the summary tag contains incorrectly spelled words: poping [D:\Jenkins_Home\jobs\Raiden\workspace\Solution\Raiden\UI\UI.csproj]
  D:\Jenkins_Home\jobs\Raiden\workspace\Solution\Raiden\UI\Navigation\NavigationResolver.cs(30,1): warning : SA1600 : CSharp.Documentation : The constructor must have a documentation header. [D:\Jenkins_Home\jobs\Raiden\workspace\Solution\Raiden\UI\UI.csproj]
  D:\Jenkins_Home\jobs\Raiden\workspace\Solution\Raiden\UI\Navigation\NavigationService.cs(91,1): warning : SA1623 : CSharp.Documentation : The property's documentation summary text must begin with: Gets a value indicating whether [D:\Jenkins_Home\jobs\Raiden\workspace\Solution\Raiden\UI\UI.csproj]


"D:\Jenkins_Home\jobs\Raiden\workspace\Solution\Raiden\Raiden.sln" (default target) (1) ->
"D:\Jenkins_Home\jobs\Raiden\workspace\Solution\Raiden\Hardware.SdpSupport\Hardware.SdpSupport.csproj" (default target) (13) ->
  D:\Jenkins_Home\jobs\Raiden\workspace\Solution\Raiden\Hardware.SdpSupport\SdpDummyEvalComponent.cs(11,1): warning : SA1210 : CSharp.Ordering : Using directives must be sorted alphabetically by the namespaces. [D:\Jenkins_Home\jobs\Raiden\workspace\Solution\Raiden\Hardware.SdpSupport\Hardware.SdpSupport.csproj]


"D:\Jenkins_Home\jobs\Raiden\workspace\Solution\Raiden\Raiden.sln" (default target) (1) ->
"D:\Jenkins_Home\jobs\Raiden\workspace\Solution\Raiden\App.UI\App.UI.csproj" (default target) (15) ->
"D:\Jenkins_Home\jobs\Raiden\workspace\Solution\Raiden\Hardware.UI\Hardware.UI.csproj" (default target) (16) ->
"D:\Jenkins_Home\jobs\Raiden\workspace\Solution\Raiden\Evaluation.Boards\Evaluation.Boards.csproj" (default target) (17) ->
  D:\Jenkins_Home\jobs\Raiden\workspace\Solution\Raiden\Evaluation.Boards\UnknownBoard.cs(11,1): warning : SA1210 : CSharp.Ordering : Using directives must be sorted alphabetically by the namespaces. [D:\Jenkins_Home\jobs\Raiden\workspace\Solution\Raiden\Evaluation.Boards\Evaluation.Boards.csproj]
  D:\Jenkins_Home\jobs\Raiden\workspace\Solution\Raiden\Evaluation.Boards\UnknownBoard.cs(12,1): warning : SA1210 : CSharp.Ordering : Using directives must be sorted alphabetically by the namespaces. [D:\Jenkins_Home\jobs\Raiden\workspace\Solution\Raiden\Evaluation.Boards\Evaluation.Boards.csproj]


"D:\Jenkins_Home\jobs\Raiden\workspace\Solution\Raiden\Raiden.sln" (default target) (1) ->
"D:\Jenkins_Home\jobs\Raiden\workspace\Solution\Raiden\App.UI\App.UI.csproj" (default target) (15) ->
"D:\Jenkins_Home\jobs\Raiden\workspace\Solution\Raiden\Hardware.UI\Hardware.UI.csproj" (default target) (16) ->
  D:\Jenkins_Home\jobs\Raiden\workspace\Solution\Raiden\Hardware.UI\Views\AttachedHardwareView.xaml.cs(35,13,35,28): warning : SA1126 : CSharp.Readability : The call to btnAddSelectedHw must begin with the 'this.', 'base.', 'object.' or 'AttachedHardwareView.' or 'UserControl.' prefix to indicate the intended method call.  [D:\Jenkins_Home\jobs\Raiden\workspace\Solution\Raiden\Hardware.UI\Hardware.UI.csproj]
  D:\Jenkins_Home\jobs\Raiden\workspace\Solution\Raiden\Hardware.UI\Views\AttachedHardwareView.xaml.cs(55,17,55,32): warning : SA1126 : CSharp.Readability : The call to btnAddSelectedHw must begin with the 'this.', 'base.', 'object.' or 'AttachedHardwareView.' or 'UserControl.' prefix to indicate the intended method call.  [D:\Jenkins_Home\jobs\Raiden\workspace\Solution\Raiden\Hardware.UI\Hardware.UI.csproj]
  D:\Jenkins_Home\jobs\Raiden\workspace\Solution\Raiden\Hardware.UI\Views\AttachedHardwareView.xaml.cs(53,17,53,32): warning : SA1126 : CSharp.Readability : The call to btnAddSelectedHw must begin with the 'this.', 'base.', 'object.' or 'AttachedHardwareView.' or 'UserControl.' prefix to indicate the intended method call.  [D:\Jenkins_Home\jobs\Raiden\workspace\Solution\Raiden\Hardware.UI\Hardware.UI.csproj]
  D:\Jenkins_Home\jobs\Raiden\workspace\Solution\Raiden\Hardware.UI\Views\AttachedHardwareView.xaml.cs(60,17,60,32): warning : SA1126 : CSharp.Readability : The call to btnAddSelectedHw must begin with the 'this.', 'base.', 'object.' or 'AttachedHardwareView.' or 'UserControl.' prefix to indicate the intended method call.  [D:\Jenkins_Home\jobs\Raiden\workspace\Solution\Raiden\Hardware.UI\Hardware.UI.csproj]


"D:\Jenkins_Home\jobs\Raiden\workspace\Solution\Raiden\Raiden.sln" (default target) (1) ->
"D:\Jenkins_Home\jobs\Raiden\workspace\Solution\Raiden\App.UI\App.UI.csproj" (default target) (15) ->
  D:\Jenkins_Home\jobs\Raiden\workspace\Solution\Raiden\App.UI\Transactions\ShowStartViewTransaction.cs(44,1): warning : SA1600 : CSharp.Documentation : The method must have a documentation header. [D:\Jenkins_Home\jobs\Raiden\workspace\Solution\Raiden\App.UI\App.UI.csproj]


"D:\Jenkins_Home\jobs\Raiden\workspace\Solution\Raiden\Raiden.sln" (default target) (1) ->
"D:\Jenkins_Home\jobs\Raiden\workspace\Solution\Raiden\App.Installers\App.Installers.csproj" (default target) (19) ->
"D:\Jenkins_Home\jobs\Raiden\workspace\Solution\Raiden\Evaluation.UI\Evaluation.UI.csproj" (default target) (20) ->
(CoreCompile target) -> 
  ViewModels\EvalComponentViewModel.cs(84,26): warning CS0618: 'ADI.Csa.Evaluation.UI.ViewModels.EvalComponentViewModel.HasSourceConnectors' is obsolete: 'Use HardwareUsage instead' [D:\Jenkins_Home\jobs\Raiden\workspace\Solution\Raiden\Evaluation.UI\Evaluation.UI.csproj]

    13 Warning(s)
    0 Error(s)

Time Elapsed 00:00:19.84
Path To FxCopCmd.exe: C:\Program Files (x86)\Microsoft Fxcop 10.0\FxCopCmd.exe
Executing FxCop: cmd.exe /C C:\Windows\TEMP\fxcop_runner7914297456288370088.bat && exit %ERRORLEVEL%
[workspace] $ cmd.exe /C C:\Windows\TEMP\fxcop_runner7914297456288370088.bat && exit %ERRORLEVEL%

D:\Jenkins_Home\jobs\Raiden\workspace>"C:\Program Files (x86)\Microsoft Fxcop 10.0\FxCopCmd.exe" /out:"FXCopResults.xml" /ignoregeneratedcode /forceoutput /project:Solution\Settings.FxCop 
Microsoft (R) FxCop Command-Line Tool, Version 10.0 (10.0.30319.1) X86
Copyright (C) Microsoft Corporation, All Rights Reserved.

Loading Solution\Settings.FxCop...
Loaded DesignRules.dll...
Loaded GlobalizationRules.dll...
Loaded InteroperabilityRules.dll...
Loaded MobilityRules.dll...
Loaded NamingRules.dll...
Loaded PerformanceRules.dll...
Loaded PortabilityRules.dll...
Loaded SecurityRules.dll...
Loaded SecurityTransparencyRules.dll...
Loaded UsageRules.dll...
Initializing Introspection engine...
Analyzing...
Analysis Complete.
Writing 42 messages...
Writing report to D:\Jenkins_Home\jobs\Raiden\workspace\FXCopResults.xml...
Done:00:00:03.0600612
[workspace] $ cmd /c call C:\Windows\TEMP\hudson5659121811437437026.bat

D:\Jenkins_Home\jobs\Raiden\workspace>"C:\Program Files (x86)\NUnit 2.6.2\bin\nunit-console-x86.exe" /result:nuint-results.xml /config:Release "D:\Jenkins_Home\jobs\Raiden\workspace\Solution\Raiden\Raiden.nunit" 
NUnit-Console version 2.6.2.12296
Copyright (C) 2002-2012 Charlie Poole.
Copyright (C) 2002-2004 James W. Newkirk, Michael C. Two, Alexei A. Vorontsov.
Copyright (C) 2000-2002 Philip Craig.
All Rights Reserved.

Runtime Environment - 
   OS Version: Microsoft Windows NT 6.1.7601 Service Pack 1
  CLR Version: 2.0.50727.5466 ( Net 3.5 )

ProcessModel: Default    DomainUsage: Default
Execution Runtime: net-3.5
...................................................N....................................................................................................................................N.....
Tests run: 186, Errors: 0, Failures: 0, Inconclusive: 0, Time: 7.1201424 seconds
  Not run: 2, Invalid: 0, Ignored: 2, Skipped: 0

Tests Not Run:
1) Ignored : ADI.Csa.Evaluation.Boards.UnknownBoardTests.Constructor_BadParam_CheckForException
   Ignore this exception test. Might be used in the future.
2) Ignored : ADI.Csa.UI.Navigation.NavigationServicePOCTest.NavigationService_NavigateTo_CheckForCorrectAction
   Ignore for now.


D:\Jenkins_Home\jobs\Raiden\workspace>exit 0 
[WARNINGS] Parsing warnings in files 'FXCopResults.xml' with parser FxCop
[WARNINGS] Finding all files that match the pattern FXCopResults.xml
[WARNINGS] Parsing 1 files in D:\Jenkins_Home\jobs\Raiden\workspace
[WARNINGS] Successfully parsed file D:\Jenkins_Home\jobs\Raiden\workspace\FXCopResults.xml of module  with 42 warnings.
[WARNINGS] Parsing warnings in console log with parser MSBuild
[WARNINGS] Parsing warnings in console log with parser StyleCop
ERROR: Publisher hudson.plugins.warnings.WarningsPublisher aborted due to exception
hudson.util.IOException2: Content is not allowed in prolog.
	at hudson.plugins.violations.types.stylecop.StyleCopParser.parse(StyleCopParser.java:69)
	at hudson.plugins.warnings.parser.ViolationsAdapter.parse(ViolationsAdapter.java:60)
	at hudson.plugins.warnings.parser.ParserRegistry.parse(ParserRegistry.java:313)
	at hudson.plugins.warnings.parser.ParserRegistry.parse(ParserRegistry.java:292)
	at hudson.plugins.warnings.WarningsPublisher.parseConsoleLog(WarningsPublisher.java:392)
	at hudson.plugins.warnings.WarningsPublisher.perform(WarningsPublisher.java:318)
	at hudson.plugins.analysis.core.HealthAwareRecorder.perform(HealthAwareRecorder.java:331)
	at hudson.tasks.BuildStepMonitor$1.perform(BuildStepMonitor.java:19)
	at hudson.model.AbstractBuild$AbstractBuildExecution.perform(AbstractBuild.java:802)
	at hudson.model.AbstractBuild$AbstractBuildExecution.performAllBuildSteps(AbstractBuild.java:774)
	at hudson.model.Build$BuildExecution.post2(Build.java:183)
	at hudson.model.AbstractBuild$AbstractBuildExecution.post(AbstractBuild.java:724)
	at hudson.model.Run.execute(Run.java:1600)
	at hudson.model.FreeStyleBuild.run(FreeStyleBuild.java:46)
	at hudson.model.ResourceController.execute(ResourceController.java:88)
	at hudson.model.Executor.run(Executor.java:237)
Caused by: org.xml.sax.SAXParseException: Content is not allowed in prolog.
	at com.sun.org.apache.xerces.internal.parsers.DOMParser.parse(Unknown Source)
	at com.sun.org.apache.xerces.internal.jaxp.DocumentBuilderImpl.parse(Unknown Source)
	at javax.xml.parsers.DocumentBuilder.parse(Unknown Source)
	at hudson.plugins.violations.types.stylecop.StyleCopParser.parse(StyleCopParser.java:53)
	... 15 more
Finished: FAILURE
