<?xml version="1.0" encoding="UTF-8"?>
<testsuites>
   <testsuite name="ZuulSetUPTests" tests="1" failures="0" errors="0" skipped=""
              time="0.354530"
              timestamp="">
      <testcase classname="ZuulSetUPTests" name="testSiteInformation" time="0.354530"
                assertions="0"/>
   </testsuite>
   <testsuite name="ZuulDimmerTest" tests="14" failures="2" errors="0" skipped=""
              time="0.531292"
              timestamp="">
      <testcase classname="ZuulDimmerTest" name="testDimmerDataProvider" time="0.014531"
                assertions="0"/>
      <testcase classname="ZuulDimmerTest" name="testDimmerPowerDataProvider" time="0.005709"
                assertions="0"/>
      <testcase classname="ZuulDimmerTest" name="testDimmerDimLevelDataProvider"
                time="0.006470"
                assertions="0"/>
      <testcase classname="ZuulDimmerTest" name="testSiteInformation" time="0.364899"
                assertions="0"/>
   </testsuite>
   <testsuite name="ZuulDimmerTest::testDimmerGetStatus" tests="2" failures="0" errors="0"
              skipped=""
              time="0.002246"
              timestamp="">
      <testcase name="testDimmerGetStatus with data set #0" time="0.001449" assertions="8"/>
      <testcase name="testDimmerGetStatus with data set #1" time="0.000797" assertions="8"/>
   </testsuite>
   <testsuite name="ZuulDimmerTest::testDimmerPowerModes" tests="4" failures="0" errors="0"
              skipped=""
              time="0.003020"
              timestamp="">
      <testcase name="testDimmerPowerModes with data set #0" time="0.000624" assertions="1"/>
      <testcase name="testDimmerPowerModes with data set #1" time="0.001077" assertions="1"/>
      <testcase name="testDimmerPowerModes with data set #2" time="0.000698" assertions="1"/>
      <testcase name="testDimmerPowerModes with data set #3" time="0.000621" assertions="1"/>
   </testsuite>
   <testsuite name="ZuulDimmerTest::testDimmerDimLevels" tests="4" failures="2" errors="0"
              skipped=""
              time="0.134417"
              timestamp="">
      <testcase name="testDimmerDimLevels with data set #0" time="0.132228" assertions="1">
         <failure message="" type="PHPUnit_Framework_ExpectationFailedException">ZuulDimmerTest::testDimmerDimLevels with data set #0 ('10.38.0.163', 'WmYMB4NjGSfz88Ix3FwT', stdClass)
The Dimmer [WmYMB4NjGSfz88Ix3FwT] failed to respond to the action [DIM_RELATIVE]. Expected response [25]
Array
(
)

Failed asserting that false is true.

/var/lib/jenkins/jobs/SVN-repository/workspace/Candi-UnitTest/Zuul/devices/zuulDimmerTest.php:89
/var/lib/jenkins/jobs/SVN-repository/workspace/Candi-UnitTest/VisualPHPUnit/app/lib/VPU.php:483
</failure>
      </testcase>
      <testcase name="testDimmerDimLevels with data set #1" time="0.000877" assertions="1">
         <failure message="" type="PHPUnit_Framework_ExpectationFailedException">ZuulDimmerTest::testDimmerDimLevels with data set #1 ('10.38.0.163', 'WmYMB4NjGSfz88Ix3FwT', stdClass)
The Dimmer [WmYMB4NjGSfz88Ix3FwT] failed to respond to the action [DIM]. Expected response [0]
Array
(
)

Failed asserting that false is true.

/var/lib/jenkins/jobs/SVN-repository/workspace/Candi-UnitTest/Zuul/devices/zuulDimmerTest.php:89
/var/lib/jenkins/jobs/SVN-repository/workspace/Candi-UnitTest/VisualPHPUnit/app/lib/VPU.php:483
</failure>
      </testcase>
      <testcase name="testDimmerDimLevels with data set #2" time="0.000684" assertions="1"/>
      <testcase name="testDimmerDimLevels with data set #3" time="0.000628" assertions="1"/>
   </testsuite>
</testsuites>