Gestartet durch Benutzer mscherer
[workspace] $ /bin/sh -xe /var/cache/tomcat6/temp/hudson480819936926890488.sh
+ chmod +x trunk/unit_tests/bin/testsuite
+ trunk/unit_tests/bin/testsuite --report_format=XML --report_level=detailed
Running 2 test cases...
argv[0]: trunk/unit_tests/bin/testsuite
app path set to: trunk/unit_tests/bin
script path set to: trunk/unit_tests/bin/../scripts
data path set to: trunk/unit_tests/bin/../data
/home/hudson/jobs/ug-build-test/workspace/trunk/unit_tests/src/testScripts.cpp(37): error in "blackbox": check LoadUGScript("laplace.lua") failed
/home/hudson/jobs/ug-build-test/workspace/trunk/unit_tests/src/testScripts.cpp(39): error in "blackbox": check LoadUGScript("elder.lua") failed
Archiviere Artefakte
Zeichne Fingerabr√ºcke auf
[xUnit] [INFO] - Starting to record.
[xUnit] [INFO] - Processing BoostTest-1.37.0 (default)
[xUnit] [INFO] - [BoostTest-1.37.0 (default)] - 1 test report file(s) were found with the pattern 'TestResult.xml' relative to '/home/hudson/jobs/ug-build/workspace' for the testing framework 'BoostTest-1.37.0 (default)'.
[xUnit] [WARNING] - The file '/home/hudson/jobs/ug-build/workspace/TestResult.xml' is an invalid file.
[xUnit] [WARNING] - At line 1 of file:/home/hudson/jobs/ug-build/workspace/TestResult.xml:cvc-elt.1: Cannot find the declaration of element 'TestResult'.
[xUnit] [WARNING] - At line 1 of file:/home/hudson/jobs/ug-build/workspace/TestResult.xml:cvc-complex-type.3.2.2: Attribute 'result' is not allowed to appear in element 'TestSuite'.
[xUnit] [WARNING] - At line 1 of file:/home/hudson/jobs/ug-build/workspace/TestResult.xml:cvc-complex-type.3.2.2: Attribute 'assertions_passed' is not allowed to appear in element 'TestSuite'.
[xUnit] [WARNING] - At line 1 of file:/home/hudson/jobs/ug-build/workspace/TestResult.xml:cvc-complex-type.3.2.2: Attribute 'assertions_failed' is not allowed to appear in element 'TestSuite'.
[xUnit] [WARNING] - At line 1 of file:/home/hudson/jobs/ug-build/workspace/TestResult.xml:cvc-complex-type.3.2.2: Attribute 'expected_failures' is not allowed to appear in element 'TestSuite'.
[xUnit] [WARNING] - At line 1 of file:/home/hudson/jobs/ug-build/workspace/TestResult.xml:cvc-complex-type.3.2.2: Attribute 'test_cases_passed' is not allowed to appear in element 'TestSuite'.
[xUnit] [WARNING] - At line 1 of file:/home/hudson/jobs/ug-build/workspace/TestResult.xml:cvc-complex-type.3.2.2: Attribute 'test_cases_failed' is not allowed to appear in element 'TestSuite'.
[xUnit] [WARNING] - At line 1 of file:/home/hudson/jobs/ug-build/workspace/TestResult.xml:cvc-complex-type.3.2.2: Attribute 'test_cases_skipped' is not allowed to appear in element 'TestSuite'.
[xUnit] [WARNING] - At line 1 of file:/home/hudson/jobs/ug-build/workspace/TestResult.xml:cvc-complex-type.3.2.2: Attribute 'test_cases_aborted' is not allowed to appear in element 'TestSuite'.
[xUnit] [WARNING] - At line 1 of file:/home/hudson/jobs/ug-build/workspace/TestResult.xml:cvc-complex-type.3.2.2: Attribute 'result' is not allowed to appear in element 'TestSuite'.
[xUnit] [WARNING] - At line 1 of file:/home/hudson/jobs/ug-build/workspace/TestResult.xml:cvc-complex-type.3.2.2: Attribute 'assertions_passed' is not allowed to appear in element 'TestSuite'.
[xUnit] [WARNING] - At line 1 of file:/home/hudson/jobs/ug-build/workspace/TestResult.xml:cvc-complex-type.3.2.2: Attribute 'assertions_failed' is not allowed to appear in element 'TestSuite'.
[xUnit] [WARNING] - At line 1 of file:/home/hudson/jobs/ug-build/workspace/TestResult.xml:cvc-complex-type.3.2.2: Attribute 'expected_failures' is not allowed to appear in element 'TestSuite'.
[xUnit] [WARNING] - At line 1 of file:/home/hudson/jobs/ug-build/workspace/TestResult.xml:cvc-complex-type.3.2.2: Attribute 'test_cases_passed' is not allowed to appear in element 'TestSuite'.
[xUnit] [WARNING] - At line 1 of file:/home/hudson/jobs/ug-build/workspace/TestResult.xml:cvc-complex-type.3.2.2: Attribute 'test_cases_failed' is not allowed to appear in element 'TestSuite'.
[xUnit] [WARNING] - At line 1 of file:/home/hudson/jobs/ug-build/workspace/TestResult.xml:cvc-complex-type.3.2.2: Attribute 'test_cases_skipped' is not allowed to appear in element 'TestSuite'.
[xUnit] [WARNING] - At line 1 of file:/home/hudson/jobs/ug-build/workspace/TestResult.xml:cvc-complex-type.3.2.2: Attribute 'test_cases_aborted' is not allowed to appear in element 'TestSuite'.
[xUnit] [WARNING] - At line 1 of file:/home/hudson/jobs/ug-build/workspace/TestResult.xml:cvc-complex-type.3.2.2: Attribute 'result' is not allowed to appear in element 'TestCase'.
[xUnit] [WARNING] - At line 1 of file:/home/hudson/jobs/ug-build/workspace/TestResult.xml:cvc-complex-type.3.2.2: Attribute 'assertions_passed' is not allowed to appear in element 'TestCase'.
[xUnit] [WARNING] - At line 1 of file:/home/hudson/jobs/ug-build/workspace/TestResult.xml:cvc-complex-type.3.2.2: Attribute 'assertions_failed' is not allowed to appear in element 'TestCase'.
[xUnit] [WARNING] - At line 1 of file:/home/hudson/jobs/ug-build/workspace/TestResult.xml:cvc-complex-type.3.2.2: Attribute 'expected_failures' is not allowed to appear in element 'TestCase'.
[xUnit] [WARNING] - At line 1 of file:/home/hudson/jobs/ug-build/workspace/TestResult.xml:cvc-complex-type.2.4.b: The content of element 'TestCase' is not complete. One of '{Info, Error, FatalError, Message, Exception, Warning, TestingTime}' is expected.
[xUnit] [WARNING] - At line 1 of file:/home/hudson/jobs/ug-build/workspace/TestResult.xml:cvc-complex-type.3.2.2: Attribute 'result' is not allowed to appear in element 'TestSuite'.
[xUnit] [WARNING] - At line 1 of file:/home/hudson/jobs/ug-build/workspace/TestResult.xml:cvc-complex-type.3.2.2: Attribute 'assertions_passed' is not allowed to appear in element 'TestSuite'.
[xUnit] [WARNING] - At line 1 of file:/home/hudson/jobs/ug-build/workspace/TestResult.xml:cvc-complex-type.3.2.2: Attribute 'assertions_failed' is not allowed to appear in element 'TestSuite'.
[xUnit] [WARNING] - At line 1 of file:/home/hudson/jobs/ug-build/workspace/TestResult.xml:cvc-complex-type.3.2.2: Attribute 'expected_failures' is not allowed to appear in element 'TestSuite'.
[xUnit] [WARNING] - At line 1 of file:/home/hudson/jobs/ug-build/workspace/TestResult.xml:cvc-complex-type.3.2.2: Attribute 'test_cases_passed' is not allowed to appear in element 'TestSuite'.
[xUnit] [WARNING] - At line 1 of file:/home/hudson/jobs/ug-build/workspace/TestResult.xml:cvc-complex-type.3.2.2: Attribute 'test_cases_failed' is not allowed to appear in element 'TestSuite'.
[xUnit] [WARNING] - At line 1 of file:/home/hudson/jobs/ug-build/workspace/TestResult.xml:cvc-complex-type.3.2.2: Attribute 'test_cases_skipped' is not allowed to appear in element 'TestSuite'.
[xUnit] [WARNING] - At line 1 of file:/home/hudson/jobs/ug-build/workspace/TestResult.xml:cvc-complex-type.3.2.2: Attribute 'test_cases_aborted' is not allowed to appear in element 'TestSuite'.
[xUnit] [WARNING] - At line 1 of file:/home/hudson/jobs/ug-build/workspace/TestResult.xml:cvc-complex-type.3.2.2: Attribute 'result' is not allowed to appear in element 'TestCase'.
[xUnit] [WARNING] - At line 1 of file:/home/hudson/jobs/ug-build/workspace/TestResult.xml:cvc-complex-type.3.2.2: Attribute 'assertions_passed' is not allowed to appear in element 'TestCase'.
[xUnit] [WARNING] - At line 1 of file:/home/hudson/jobs/ug-build/workspace/TestResult.xml:cvc-complex-type.3.2.2: Attribute 'assertions_failed' is not allowed to appear in element 'TestCase'.
[xUnit] [WARNING] - At line 1 of file:/home/hudson/jobs/ug-build/workspace/TestResult.xml:cvc-complex-type.3.2.2: Attribute 'expected_failures' is not allowed to appear in element 'TestCase'.
[xUnit] [WARNING] - At line 1 of file:/home/hudson/jobs/ug-build/workspace/TestResult.xml:cvc-complex-type.2.4.b: The content of element 'TestCase' is not complete. One of '{Info, Error, FatalError, Message, Exception, Warning, TestingTime}' is expected.
[xUnit] [WARNING] - The result file '/home/hudson/jobs/ug-build/workspace/TestResult.xml' for the metric 'BoostTest-1.37.0 (default)' is not valid. The result file has been skipped.
[xUnit] [INFO] - Stopping recording.
Sending e-mails to: martin.scherer@gcsc.uni-frankfurt.de
Finished: FAILURE
