Started by upstream project "Test-Plugin-EmailExt-Failure_bootstrap" build number 2
originally caused by:
 Started by user Mark Manning
[EnvInject] - Loading node environment variables.
[EnvInject] - Preparing an environment for the build.
[EnvInject] - Keeping Jenkins system variables.
[EnvInject] - Keeping Jenkins build variables.
[EnvInject] - Injecting as environment variables the properties content 
EMAIL_RECIPIENTS=scm@schange.com

[EnvInject] - Variables injected successfully.
[EnvInject] - Injecting contributions.
Building remotely on Test-Plugin-EmailExt-Failure-4d6e81a4 (swarm Test-Plugin-EmailExt-Failure) in workspace /home/actonbuild/workspace/Test-Plugin-EmailExt-Failure
Checking for pre-build
Executing pre-build step
Checking if email needs to be generated
No emails were triggered.
Run condition [Always] enabling prebuild for step [[vSphere Build Step]]
[Test-Plugin-EmailExt-Failure] $ /bin/sh -xe /tmp/hudson5057157970820415519.sh
+ export
export BUILD_CAUSE="UPSTREAMTRIGGER"
export BUILD_CAUSE_UPSTREAMTRIGGER="true"
export BUILD_DISPLAY_NAME="#2"
export BUILD_ID="2015-05-29_16-15-41"
export BUILD_NUMBER="2"
export BUILD_TAG="jenkins-Test-Plugin-EmailExt-Failure-2"
export BUILD_URL="http://jenkins.schange.com:8080/job/Test-Plugin-EmailExt-Failure/2/"
export CVS_RSH="ssh"
export EMAIL_RECIPIENTS="scm@schange.com"
export EXECUTOR_NUMBER="0"
export G_BROKEN_FILENAMES="1"
export HISTCONTROL="ignoredups"
export HISTSIZE="1000"
export HOME="/home/actonbuild"
export HOSTNAME="BaseCentOS64Slave.schange.com"
export HUDSON_COOKIE="233f87b4-23bf-4234-ae0b-86ed2f046ec9"
export HUDSON_HOME="C:\\Hudson"
export HUDSON_SERVER_COOKIE="817c53b77d0fb1c9"
export HUDSON_URL="http://jenkins.schange.com:8080/"
export JENKINS_HOME="C:\\Hudson"
export JENKINS_SERVER_COOKIE="817c53b77d0fb1c9"
export JENKINS_URL="http://jenkins.schange.com:8080/"
export JOB_NAME="Test-Plugin-EmailExt-Failure"
export JOB_URL="http://jenkins.schange.com:8080/job/Test-Plugin-EmailExt-Failure/"
export LANG="en_US.UTF-8"
export LESSOPEN="|/usr/bin/lesspipe.sh %s"
export LOGNAME="actonbuild"
export MAIL="/var/spool/mail/actonbuild"
export NLSPATH="/usr/dt/lib/nls/msg/%L/%N.cat"
export NODE_LABELS="Test-Plugin-EmailExt-Failure Test-Plugin-EmailExt-Failure-4d6e81a4 swarm"
export NODE_NAME="Test-Plugin-EmailExt-Failure-4d6e81a4"
export OLDPWD
export PATH="/usr/lib64/qt-3.3/bin:/usr/local/bin:/bin:/usr/bin:/usr/local/sbin:/usr/sbin:/sbin:/home/actonbuild/bin"
export PWD="/home/actonbuild/workspace/Test-Plugin-EmailExt-Failure"
export QTDIR="/usr/lib64/qt-3.3"
export QTINC="/usr/lib64/qt-3.3/include"
export QTLIB="/usr/lib64/qt-3.3/lib"
export ROOT_BUILD_CAUSE="MANUALTRIGGER"
export ROOT_BUILD_CAUSE_MANUALTRIGGER="true"
export SHELL="/bin/bash"
export SHLVL="2"
export SSH_ASKPASS="/usr/libexec/openssh/gnome-ssh-askpass"
export SSH_CLIENT="192.168.34.161 36739 22"
export SSH_CONNECTION="192.168.34.161 36739 192.168.57.40 22"
export SSH_TTY="/dev/pts/0"
export USER="actonbuild"
export VMNAME="Test-Plugin-EmailExt-Failure"
export WORKSPACE="/home/actonbuild/workspace/Test-Plugin-EmailExt-Failure"
export XFILESEARCHPATH="/usr/dt/app-defaults/%L/Dt"
export _="/usr/bin/nohup"
+ exit 1
Build step 'Execute shell' marked build as failure
Sending e-mails to: scm@schange.com
Run condition [Always] enabling perform for step [[vSphere Build Step]]
[vSphere] 
[vSphere] Performing vSphere build step: "Delete VM (DESTRUCTIVE)"
[vSphere] Attempting to use server configuration: "192.168.34.200"
[vSphere] Destroying VM "Test-Plugin-EmailExt-Failure." Please wait ...
[vSphere] Destroyed!
Checking for post-build
Performing post-build step
Checking if email needs to be generated
Email was triggered for: Failure - Any
Sending email for trigger: Failure - Any
messageContentType = text/plain; charset=UTF-8
ERROR: Error: No workspace found!
Adding recipients from project recipient list
Adding recipients from trigger recipient list
Setting In-Reply-To since last build was not successful
Successfully created MimeMessage
Sending email to: scm@schange.com
DEBUG: getProvider() returning javax.mail.Provider[TRANSPORT,smtp,com.sun.mail.smtp.SMTPTransport,Sun Microsystems, Inc]
DEBUG SMTP: useEhlo true, useAuth false
DEBUG SMTP: trying to connect to host "smtp01.schange.com", port 25, isSSL false
220 SMTP01.schange.com Microsoft ESMTP MAIL Service, Version: 7.5.7601.17514 ready at  Fri, 29 May 2015 16:16:04 -0400 
DEBUG SMTP: connected to host "smtp01.schange.com", port: 25

EHLO JENKINS-ACTON.schange.com
250-SMTP01.schange.com Hello [192.168.34.198]
250-TURN
250-SIZE 26214400
250-ETRN
250-PIPELINING
250-DSN
250-ENHANCEDSTATUSCODES
250-8bitmime
250-BINARYMIME
250-CHUNKING
250-VRFY
250-TLS
250-STARTTLS
250 OK
DEBUG SMTP: Found extension "TURN", arg ""
DEBUG SMTP: Found extension "SIZE", arg "26214400"
DEBUG SMTP: Found extension "ETRN", arg ""
DEBUG SMTP: Found extension "PIPELINING", arg ""
DEBUG SMTP: Found extension "DSN", arg ""
DEBUG SMTP: Found extension "ENHANCEDSTATUSCODES", arg ""
DEBUG SMTP: Found extension "8bitmime", arg ""
DEBUG SMTP: Found extension "BINARYMIME", arg ""
DEBUG SMTP: Found extension "CHUNKING", arg ""
DEBUG SMTP: Found extension "VRFY", arg ""
DEBUG SMTP: Found extension "TLS", arg ""
DEBUG SMTP: Found extension "STARTTLS", arg ""
DEBUG SMTP: Found extension "OK", arg ""
DEBUG SMTP: use8bit false
MAIL FROM:<Acton_Build@schange.com>
250 2.1.0 Acton_Build@schange.com....Sender OK
DEBUG SMTP: sendPartial set
RCPT TO:<scm@schange.com>
250 2.1.5 scm@schange.com 
DEBUG SMTP: Verified Addresses
DEBUG SMTP:   scm@schange.com
DATA
354 Start mail input; end with <CRLF>.<CRLF>
Date: Fri, 29 May 2015 16:15:46 -0400 (EDT)
From: Acton_Build@schange.com
To: scm@schange.com
Message-ID: <1246686741.20.1432930564519.JavaMail.Actonbuild@JENKINS-ACTON>
In-Reply-To: <1969287151.17.1432930419802.JavaMail.Actonbuild@JENKINS-ACTON>
References: <1969287151.17.1432930419802.JavaMail.Actonbuild@JENKINS-ACTON>
Subject: ${PROJECT_NAME} - Build # ${BUILD_NUMBER} - ${BUILD_STATUS}!
MIME-Version: 1.0
Content-Type: multipart/mixed; 
	boundary="----=_Part_19_1751403911.1432930564488"
X-Jenkins-Job: Test-Plugin-EmailExt-Failure
X-Jenkins-Result: FAILURE

------=_Part_19_1751403911.1432930564488
Content-Type: text/plain; charset=UTF-8
Content-Transfer-Encoding: 7bit

Test-Plugin-EmailExt-Failure - Build # 2 - Still Failing:

Check console output at http://jenkins.schange.com:8080/job/Test-Plugin-EmailExt-Failure/2/ to view the results.
===================
DEFAULT_SUBJECT=Test-Plugin-EmailExt-Failure - Build # 2 - Still Failing!

------=_Part_19_1751403911.1432930564488--
.
250 2.6.0  <1246686741.20.1432930564519.JavaMail.Actonbuild@JENKINS-ACTON> Queued mail for delivery
QUIT
221 2.0.0 SMTP01.schange.com Service closing transmission channel
[BFA] Scanning build for known causes...
[BFA] No failure causes found
[BFA] Done. 0s
Notifying upstream projects of job completion
Finished: FAILURE