Started by user ccaraivan
Building on master
Updating http://svn.buch.ro.sopra/svndesigner/svn/maven/repository/trunk/$TESTTOOL/$PROJECTCoreTests
At revision 248
no change for http://svn.buch.ro.sopra/svndesigner/svn/maven/repository/trunk/$TESTTOOL/$PROJECTCoreTests since the previous build
Parsing POMs
[$PROJECTCoreTests] $ /home/axhudson/tools/java/jdk1.5/jdk/bin/java -cp /home/axhudson/.hudson/plugins/maven-plugin/WEB-INF/lib/maven-agent-1.343.jar:/home/axhudson/tools/maven/apache-maven-2.2.1-artimirror/boot/classworlds-1.1.jar hudson.maven.agent.Main /home/axhudson/tools/maven/apache-maven-2.2.1-artimirror /axinteg/users/axhudson/.hudson/war/WEB-INF/lib/remoting-1.343.jar /home/axhudson/.hudson/plugins/maven-plugin/WEB-INF/lib/maven-interceptor-1.343.jar 60080 /home/axhudson/.hudson/plugins/maven-plugin/WEB-INF/lib/maven2.1-interceptor-1.2.jar
<===[HUDSON REMOTING CAPACITY]===>���channel started
Executing Maven:  -B -f /home/axhudson/.hudson/jobs/Test$PROJECTCore_Trunk/workspace/$PROJECTCoreTests/pom.xml -Dmaven.repo.local=/home/axhudson/.hudson/jobs/Test$PROJECTCore_Trunk/workspace/.repository -B -U -e clean install+ Error stacktraces are turned on.

[INFO] Scanning for projects...
[INFO] ------------------------------------------------------------------------
[INFO] Building $TESTTOOL Tests Launcher
[INFO]    task-segment: [clean, install]
[INFO] ------------------------------------------------------------------------
Downloading: http://$COMPANYscm.$LOCATION.fr.sopra/artifactory/all-hudson/org/apache/maven/plugins/maven-clean-plugin/2.2/maven-clean-plugin-2.2.pom
2K downloaded  (maven-clean-plugin-2.2.pom)
Downloading: http://$COMPANYscm.$LOCATION.fr.sopra/artifactory/all-hudson/org/apache/maven/plugins/maven-plugins/10/maven-plugins-10.pom
6K downloaded  (maven-plugins-10.pom)
Downloading: http://$COMPANYscm.$LOCATION.fr.sopra/artifactory/all-hudson/org/apache/maven/maven-parent/7/maven-parent-7.pom
17K downloaded  (maven-parent-7.pom)
Downloading: http://$COMPANYscm.$LOCATION.fr.sopra/artifactory/all-hudson/org/apache/apache/4/apache-4.pom
2K downloaded  (apache-4.pom)
Downloading: http://$COMPANYscm.$LOCATION.fr.sopra/artifactory/all-hudson/org/apache/maven/plugins/maven-clean-plugin/2.2/maven-clean-plugin-2.2.jar
11K downloaded  (maven-clean-plugin-2.2.jar)
Downloading: http://$COMPANYscm.$LOCATION.fr.sopra/artifactory/all-hudson/com/$COMPANY/maven2/plugins/$COMPANY-$TESTTOOL-plugin/2.0.1.a1/$COMPANY-$TESTTOOL-plugin-2.0.1.a1.pom
4K downloaded  ($COMPANY-$TESTTOOL-plugin-2.0.1.a1.pom)
Downloading: http://$COMPANYscm.$LOCATION.fr.sopra/artifactory/all-hudson/com/$COMPANY/pluginParent/1/pluginParent-1.pom
2K downloaded  (pluginParent-1.pom)
Downloading: http://$COMPANYscm.$LOCATION.fr.sopra/artifactory/all-hudson/com/$COMPANY/maven2/plugins/$COMPANY-$TESTTOOL-plugin/2.0.1.a1/$COMPANY-$TESTTOOL-plugin-2.0.1.a1.jar
28K downloaded  ($COMPANY-$TESTTOOL-plugin-2.0.1.a1.jar)
Downloading: http://$COMPANYscm.$LOCATION.fr.sopra/artifactory/all-hudson/org/apache/maven/maven-project/2.0/maven-project-2.0.pom
1K downloaded  (maven-project-2.0.pom)
Downloading: http://$COMPANYscm.$LOCATION.fr.sopra/artifactory/all-hudson/org/apache/maven/maven/2.0/maven-2.0.pom
7K downloaded  (maven-2.0.pom)
Downloading: http://$COMPANYscm.$LOCATION.fr.sopra/artifactory/all-hudson/org/apache/maven/maven-profile/2.0/maven-profile-2.0.pom
1K downloaded  (maven-profile-2.0.pom)
Downloading: http://$COMPANYscm.$LOCATION.fr.sopra/artifactory/all-hudson/org/apache/maven/maven-model/2.0/maven-model-2.0.pom
2K downloaded  (maven-model-2.0.pom)
Downloading: http://$COMPANYscm.$LOCATION.fr.sopra/artifactory/all-hudson/org/codehaus/plexus/plexus-utils/1.0.4/plexus-utils-1.0.4.pom
5K downloaded  (plexus-utils-1.0.4.pom)
Downloading: http://$COMPANYscm.$LOCATION.fr.sopra/artifactory/all-hudson/org/codehaus/plexus/plexus-container-default/1.0-alpha-8/plexus-container-default-1.0-alpha-8.pom
6K downloaded  (plexus-container-default-1.0-alpha-8.pom)
Downloading: http://$COMPANYscm.$LOCATION.fr.sopra/artifactory/all-hudson/junit/junit/3.8.1/junit-3.8.1.pom
269b downloaded  (junit-3.8.1.pom)
Downloading: http://$COMPANYscm.$LOCATION.fr.sopra/artifactory/all-hudson/classworlds/classworlds/1.1-alpha-2/classworlds-1.1-alpha-2.pom
3K downloaded  (classworlds-1.1-alpha-2.pom)
Downloading: http://$COMPANYscm.$LOCATION.fr.sopra/artifactory/all-hudson/org/apache/maven/maven-artifact-manager/2.0/maven-artifact-manager-2.0.pom
1K downloaded  (maven-artifact-manager-2.0.pom)
Downloading: http://$COMPANYscm.$LOCATION.fr.sopra/artifactory/all-hudson/org/apache/maven/maven-repository-metadata/2.0/maven-repository-metadata-2.0.pom
1K downloaded  (maven-repository-metadata-2.0.pom)
Downloading: http://$COMPANYscm.$LOCATION.fr.sopra/artifactory/all-hudson/org/apache/maven/maven-artifact/2.0/maven-artifact-2.0.pom
763b downloaded  (maven-artifact-2.0.pom)
Downloading: http://$COMPANYscm.$LOCATION.fr.sopra/artifactory/all-hudson/org/apache/maven/wagon/wagon-provider-api/1.0-alpha-5/wagon-provider-api-1.0-alpha-5.pom
3K downloaded  (wagon-provider-api-1.0-alpha-5.pom)
Downloading: http://$COMPANYscm.$LOCATION.fr.sopra/artifactory/all-hudson/org/apache/maven/maven-plugin-api/2.0/maven-plugin-api-2.0.pom
641b downloaded  (maven-plugin-api-2.0.pom)
Downloading: http://$COMPANYscm.$LOCATION.fr.sopra/artifactory/all-hudson/org/apache/maven/shared/file-management/1.2/file-management-1.2.pom
2K downloaded  (file-management-1.2.pom)
Downloading: http://$COMPANYscm.$LOCATION.fr.sopra/artifactory/all-hudson/org/apache/maven/shared/maven-shared-components/8/maven-shared-components-8.pom
2K downloaded  (maven-shared-components-8.pom)
Downloading: http://$COMPANYscm.$LOCATION.fr.sopra/artifactory/all-hudson/org/apache/maven/maven-plugin-api/2.0.6/maven-plugin-api-2.0.6.pom
495b downloaded  (maven-plugin-api-2.0.6.pom)
Downloading: http://$COMPANYscm.$LOCATION.fr.sopra/artifactory/all-hudson/org/apache/maven/maven/2.0.6/maven-2.0.6.pom
7K downloaded  (maven-2.0.6.pom)
Downloading: http://$COMPANYscm.$LOCATION.fr.sopra/artifactory/all-hudson/org/apache/maven/maven-parent/5/maven-parent-5.pom
13K downloaded  (maven-parent-5.pom)
Downloading: http://$COMPANYscm.$LOCATION.fr.sopra/artifactory/all-hudson/org/apache/apache/3/apache-3.pom
1K downloaded  (apache-3.pom)
Downloading: http://$COMPANYscm.$LOCATION.fr.sopra/artifactory/all-hudson/org/apache/maven/shared/maven-shared-io/1.1/maven-shared-io-1.1.pom
2K downloaded  (maven-shared-io-1.1.pom)
Downloading: http://$COMPANYscm.$LOCATION.fr.sopra/artifactory/all-hudson/org/apache/maven/maven-artifact/2.0.2/maven-artifact-2.0.2.pom
767b downloaded  (maven-artifact-2.0.2.pom)
Downloading: http://$COMPANYscm.$LOCATION.fr.sopra/artifactory/all-hudson/org/apache/maven/maven/2.0.2/maven-2.0.2.pom
11K downloaded  (maven-2.0.2.pom)
Downloading: http://$COMPANYscm.$LOCATION.fr.sopra/artifactory/all-hudson/org/apache/maven/maven-artifact-manager/2.0.2/maven-artifact-manager-2.0.2.pom
1K downloaded  (maven-artifact-manager-2.0.2.pom)
Downloading: http://$COMPANYscm.$LOCATION.fr.sopra/artifactory/all-hudson/org/apache/maven/wagon/wagon-provider-api/1.0-alpha-6/wagon-provider-api-1.0-alpha-6.pom
590b downloaded  (wagon-provider-api-1.0-alpha-6.pom)
Downloading: http://$COMPANYscm.$LOCATION.fr.sopra/artifactory/all-hudson/org/apache/maven/wagon/wagon/1.0-alpha-6/wagon-1.0-alpha-6.pom
5K downloaded  (wagon-1.0-alpha-6.pom)
Downloading: http://$COMPANYscm.$LOCATION.fr.sopra/artifactory/all-hudson/org/codehaus/plexus/plexus-utils/1.4.6/plexus-utils-1.4.6.pom
1K downloaded  (plexus-utils-1.4.6.pom)
Downloading: http://$COMPANYscm.$LOCATION.fr.sopra/artifactory/all-hudson/org/codehaus/plexus/plexus/1.0.11/plexus-1.0.11.pom
7K downloaded  (plexus-1.0.11.pom)
Downloading: http://$COMPANYscm.$LOCATION.fr.sopra/artifactory/all-hudson/org/codehaus/plexus/plexus-container-default/1.0-alpha-9/plexus-container-default-1.0-alpha-9.pom
1K downloaded  (plexus-container-default-1.0-alpha-9.pom)
Downloading: http://$COMPANYscm.$LOCATION.fr.sopra/artifactory/all-hudson/org/codehaus/plexus/plexus-containers/1.0.3/plexus-containers-1.0.3.pom
531b downloaded  (plexus-containers-1.0.3.pom)
Downloading: http://$COMPANYscm.$LOCATION.fr.sopra/artifactory/all-hudson/org/codehaus/plexus/plexus/1.0.4/plexus-1.0.4.pom
4K downloaded  (plexus-1.0.4.pom)
Downloading: http://$COMPANYscm.$LOCATION.fr.sopra/artifactory/all-hudson/org/codehaus/plexus/plexus-utils/1.1/plexus-utils-1.1.pom
769b downloaded  (plexus-utils-1.1.pom)
Downloading: http://$COMPANYscm.$LOCATION.fr.sopra/artifactory/all-hudson/org/apache/maven/shared/file-management/1.2/file-management-1.2.jar
Downloading: http://$COMPANYscm.$LOCATION.fr.sopra/artifactory/all-hudson/org/codehaus/plexus/plexus-utils/1.1/plexus-utils-1.1.jar
36K downloaded  (file-management-1.2.jar)
Downloading: http://$COMPANYscm.$LOCATION.fr.sopra/artifactory/all-hudson/org/apache/maven/shared/maven-shared-io/1.1/maven-shared-io-1.1.jar
164K downloaded  (plexus-utils-1.1.jar)
38K downloaded  (maven-shared-io-1.1.jar)
[HUDSON] Collecting dependencies info
[INFO] [clean:clean {execution: default-clean}]
[INFO] Deleting directory /home/axhudson/.hudson/jobs/Test$PROJECTCore_Trunk/workspace/$PROJECTCoreTests/target
Downloading: http://$COMPANYscm.$LOCATION.fr.sopra/artifactory/all-hudson/org/apache/maven/plugins/maven-resources-plugin/2.3/maven-resources-plugin-2.3.pom
3K downloaded  (maven-resources-plugin-2.3.pom)
Downloading: http://$COMPANYscm.$LOCATION.fr.sopra/artifactory/all-hudson/org/apache/maven/plugins/maven-plugins/12/maven-plugins-12.pom
8K downloaded  (maven-plugins-12.pom)
Downloading: http://$COMPANYscm.$LOCATION.fr.sopra/artifactory/all-hudson/org/apache/maven/maven-parent/9/maven-parent-9.pom
24K downloaded  (maven-parent-9.pom)
Downloading: http://$COMPANYscm.$LOCATION.fr.sopra/artifactory/all-hudson/org/apache/maven/plugins/maven-resources-plugin/2.3/maven-resources-plugin-2.3.jar
20K downloaded  (maven-resources-plugin-2.3.jar)
Downloading: http://$COMPANYscm.$LOCATION.fr.sopra/artifactory/all-hudson/org/apache/maven/plugins/maven-compiler-plugin/2.0.2/maven-compiler-plugin-2.0.2.pom
2K downloaded  (maven-compiler-plugin-2.0.2.pom)
Downloading: http://$COMPANYscm.$LOCATION.fr.sopra/artifactory/all-hudson/org/apache/maven/plugins/maven-plugins/8/maven-plugins-8.pom
5K downloaded  (maven-plugins-8.pom)
Downloading: http://$COMPANYscm.$LOCATION.fr.sopra/artifactory/all-hudson/org/apache/maven/plugins/maven-compiler-plugin/2.0.2/maven-compiler-plugin-2.0.2.jar
17K downloaded  (maven-compiler-plugin-2.0.2.jar)
Downloading: http://$COMPANYscm.$LOCATION.fr.sopra/artifactory/all-hudson/org/apache/maven/plugins/maven-surefire-plugin/2.4.3/maven-surefire-plugin-2.4.3.pom
5K downloaded  (maven-surefire-plugin-2.4.3.pom)
Downloading: http://$COMPANYscm.$LOCATION.fr.sopra/artifactory/all-hudson/org/apache/maven/surefire/surefire/2.4.3/surefire-2.4.3.pom
5K downloaded  (surefire-2.4.3.pom)
Downloading: http://$COMPANYscm.$LOCATION.fr.sopra/artifactory/all-hudson/org/apache/maven/plugins/maven-surefire-plugin/2.4.3/maven-surefire-plugin-2.4.3.jar
22K downloaded  (maven-surefire-plugin-2.4.3.jar)
Downloading: http://$COMPANYscm.$LOCATION.fr.sopra/artifactory/all-hudson/org/apache/maven/plugins/maven-jar-plugin/2.2/maven-jar-plugin-2.2.pom
6K downloaded  (maven-jar-plugin-2.2.pom)
Downloading: http://$COMPANYscm.$LOCATION.fr.sopra/artifactory/all-hudson/org/apache/maven/plugins/maven-jar-plugin/2.2/maven-jar-plugin-2.2.jar
26K downloaded  (maven-jar-plugin-2.2.jar)
Downloading: http://$COMPANYscm.$LOCATION.fr.sopra/artifactory/all-hudson/org/apache/maven/plugins/maven-install-plugin/2.2/maven-install-plugin-2.2.pom
1K downloaded  (maven-install-plugin-2.2.pom)
Downloading: http://$COMPANYscm.$LOCATION.fr.sopra/artifactory/all-hudson/org/apache/maven/plugins/maven-install-plugin/2.2/maven-install-plugin-2.2.jar
15K downloaded  (maven-install-plugin-2.2.jar)
Downloading: http://$COMPANYscm.$LOCATION.fr.sopra/artifactory/all-hudson/org/apache/maven/maven-project/2.0.6/maven-project-2.0.6.pom
1K downloaded  (maven-project-2.0.6.pom)
Downloading: http://$COMPANYscm.$LOCATION.fr.sopra/artifactory/all-hudson/org/apache/maven/maven-settings/2.0.6/maven-settings-2.0.6.pom
1K downloaded  (maven-settings-2.0.6.pom)
Downloading: http://$COMPANYscm.$LOCATION.fr.sopra/artifactory/all-hudson/org/apache/maven/maven-model/2.0.6/maven-model-2.0.6.pom
2K downloaded  (maven-model-2.0.6.pom)
Downloading: http://$COMPANYscm.$LOCATION.fr.sopra/artifactory/all-hudson/org/codehaus/plexus/plexus-utils/1.4.1/plexus-utils-1.4.1.pom
1K downloaded  (plexus-utils-1.4.1.pom)
Downloading: http://$COMPANYscm.$LOCATION.fr.sopra/artifactory/all-hudson/org/codehaus/plexus/plexus-container-default/1.0-alpha-9-stable-1/plexus-container-default-1.0-alpha-9-stable-1.pom
1K downloaded  (plexus-container-default-1.0-alpha-9-stable-1.pom)
Downloading: http://$COMPANYscm.$LOCATION.fr.sopra/artifactory/all-hudson/org/apache/maven/maven-profile/2.0.6/maven-profile-2.0.6.pom
1020b downloaded  (maven-profile-2.0.6.pom)
Downloading: http://$COMPANYscm.$LOCATION.fr.sopra/artifactory/all-hudson/org/apache/maven/maven-artifact-manager/2.0.6/maven-artifact-manager-2.0.6.pom
1K downloaded  (maven-artifact-manager-2.0.6.pom)
Downloading: http://$COMPANYscm.$LOCATION.fr.sopra/artifactory/all-hudson/org/apache/maven/maven-repository-metadata/2.0.6/maven-repository-metadata-2.0.6.pom
890b downloaded  (maven-repository-metadata-2.0.6.pom)
Downloading: http://$COMPANYscm.$LOCATION.fr.sopra/artifactory/all-hudson/org/apache/maven/maven-artifact/2.0.6/maven-artifact-2.0.6.pom
617b downloaded  (maven-artifact-2.0.6.pom)
Downloading: http://$COMPANYscm.$LOCATION.fr.sopra/artifactory/all-hudson/org/apache/maven/wagon/wagon-provider-api/1.0-beta-2/wagon-provider-api-1.0-beta-2.pom
699b downloaded  (wagon-provider-api-1.0-beta-2.pom)
Downloading: http://$COMPANYscm.$LOCATION.fr.sopra/artifactory/all-hudson/org/apache/maven/wagon/wagon/1.0-beta-2/wagon-1.0-beta-2.pom
5K downloaded  (wagon-1.0-beta-2.pom)
Downloading: http://$COMPANYscm.$LOCATION.fr.sopra/artifactory/all-hudson/org/apache/maven/maven-parent/4/maven-parent-4.pom
8K downloaded  (maven-parent-4.pom)
Downloading: http://$COMPANYscm.$LOCATION.fr.sopra/artifactory/all-hudson/org/apache/maven/maven-plugin-registry/2.0.6/maven-plugin-registry-2.0.6.pom
988b downloaded  (maven-plugin-registry-2.0.6.pom)
Downloading: http://$COMPANYscm.$LOCATION.fr.sopra/artifactory/all-hudson/org/codehaus/plexus/plexus-utils/1.5.6/plexus-utils-1.5.6.pom
4K downloaded  (plexus-utils-1.5.6.pom)
Downloading: http://$COMPANYscm.$LOCATION.fr.sopra/artifactory/all-hudson/org/codehaus/plexus/plexus/1.0.12/plexus-1.0.12.pom
7K downloaded  (plexus-1.0.12.pom)
Downloading: http://$COMPANYscm.$LOCATION.fr.sopra/artifactory/all-hudson/org/apache/maven/shared/maven-filtering/1.0-beta-2/maven-filtering-1.0-beta-2.pom
2K downloaded  (maven-filtering-1.0-beta-2.pom)
Downloading: http://$COMPANYscm.$LOCATION.fr.sopra/artifactory/all-hudson/org/apache/maven/shared/maven-shared-components/10/maven-shared-components-10.pom
5K downloaded  (maven-shared-components-10.pom)
Downloading: http://$COMPANYscm.$LOCATION.fr.sopra/artifactory/all-hudson/org/apache/maven/maven-core/2.0.6/maven-core-2.0.6.pom
5K downloaded  (maven-core-2.0.6.pom)
Downloading: http://$COMPANYscm.$LOCATION.fr.sopra/artifactory/all-hudson/org/apache/maven/wagon/wagon-file/1.0-beta-2/wagon-file-1.0-beta-2.pom
656b downloaded  (wagon-file-1.0-beta-2.pom)
Downloading: http://$COMPANYscm.$LOCATION.fr.sopra/artifactory/all-hudson/org/apache/maven/wagon/wagon-providers/1.0-beta-2/wagon-providers-1.0-beta-2.pom
1K downloaded  (wagon-providers-1.0-beta-2.pom)
Downloading: http://$COMPANYscm.$LOCATION.fr.sopra/artifactory/all-hudson/org/apache/maven/maven-plugin-parameter-documenter/2.0.6/maven-plugin-parameter-documenter-2.0.6.pom
951b downloaded  (maven-plugin-parameter-documenter-2.0.6.pom)
Downloading: http://$COMPANYscm.$LOCATION.fr.sopra/artifactory/all-hudson/org/apache/maven/wagon/wagon-http-lightweight/1.0-beta-2/wagon-http-lightweight-1.0-beta-2.pom
1K downloaded  (wagon-http-lightweight-1.0-beta-2.pom)
Downloading: http://$COMPANYscm.$LOCATION.fr.sopra/artifactory/all-hudson/org/apache/maven/wagon/wagon-http-shared/1.0-beta-2/wagon-http-shared-1.0-beta-2.pom
864b downloaded  (wagon-http-shared-1.0-beta-2.pom)
Downloading: http://$COMPANYscm.$LOCATION.fr.sopra/artifactory/all-hudson/jtidy/jtidy/4aug2000r7-dev/jtidy-4aug2000r7-dev.pom
1K downloaded  (jtidy-4aug2000r7-dev.pom)
Downloading: http://$COMPANYscm.$LOCATION.fr.sopra/artifactory/all-hudson/xml-apis/xml-apis/1.0.b2/xml-apis-1.0.b2.pom
434b downloaded  (xml-apis-1.0.b2.pom)
Downloading: http://$COMPANYscm.$LOCATION.fr.sopra/artifactory/all-hudson/org/apache/maven/reporting/maven-reporting-api/2.0.6/maven-reporting-api-2.0.6.pom
792b downloaded  (maven-reporting-api-2.0.6.pom)
Downloading: http://$COMPANYscm.$LOCATION.fr.sopra/artifactory/all-hudson/org/apache/maven/reporting/maven-reporting/2.0.6/maven-reporting-2.0.6.pom
479b downloaded  (maven-reporting-2.0.6.pom)
Downloading: http://$COMPANYscm.$LOCATION.fr.sopra/artifactory/all-hudson/org/apache/maven/doxia/doxia-sink-api/1.0-alpha-7/doxia-sink-api-1.0-alpha-7.pom
426b downloaded  (doxia-sink-api-1.0-alpha-7.pom)
Downloading: http://$COMPANYscm.$LOCATION.fr.sopra/artifactory/all-hudson/org/apache/maven/doxia/doxia/1.0-alpha-7/doxia-1.0-alpha-7.pom
3K downloaded  (doxia-1.0-alpha-7.pom)
Downloading: http://$COMPANYscm.$LOCATION.fr.sopra/artifactory/all-hudson/org/apache/maven/maven-error-diagnostics/2.0.6/maven-error-diagnostics-2.0.6.pom
744b downloaded  (maven-error-diagnostics-2.0.6.pom)
Downloading: http://$COMPANYscm.$LOCATION.fr.sopra/artifactory/all-hudson/commons-cli/commons-cli/1.0/commons-cli-1.0.pom
2K downloaded  (commons-cli-1.0.pom)
Downloading: http://$COMPANYscm.$LOCATION.fr.sopra/artifactory/all-hudson/org/apache/maven/wagon/wagon-ssh-external/1.0-beta-2/wagon-ssh-external-1.0-beta-2.pom
1K downloaded  (wagon-ssh-external-1.0-beta-2.pom)
Downloading: http://$COMPANYscm.$LOCATION.fr.sopra/artifactory/all-hudson/org/apache/maven/wagon/wagon-ssh-common/1.0-beta-2/wagon-ssh-common-1.0-beta-2.pom
870b downloaded  (wagon-ssh-common-1.0-beta-2.pom)
Downloading: http://$COMPANYscm.$LOCATION.fr.sopra/artifactory/all-hudson/org/codehaus/plexus/plexus-interactivity-api/1.0-alpha-4/plexus-interactivity-api-1.0-alpha-4.pom
5K downloaded  (plexus-interactivity-api-1.0-alpha-4.pom)
Downloading: http://$COMPANYscm.$LOCATION.fr.sopra/artifactory/all-hudson/org/codehaus/plexus/plexus-container-default/1.0-alpha-7/plexus-container-default-1.0-alpha-7.pom
1K downloaded  (plexus-container-default-1.0-alpha-7.pom)
Downloading: http://$COMPANYscm.$LOCATION.fr.sopra/artifactory/all-hudson/plexus/plexus-containers/1.0.2/plexus-containers-1.0.2.pom
510b downloaded  (plexus-containers-1.0.2.pom)
Downloading: http://$COMPANYscm.$LOCATION.fr.sopra/artifactory/all-hudson/plexus/plexus-root/1.0.3/plexus-root-1.0.3.pom
4K downloaded  (plexus-root-1.0.3.pom)
Downloading: http://$COMPANYscm.$LOCATION.fr.sopra/artifactory/all-hudson/plexus/plexus-utils/1.0.2/plexus-utils-1.0.2.pom
780b downloaded  (plexus-utils-1.0.2.pom)
Downloading: http://$COMPANYscm.$LOCATION.fr.sopra/artifactory/all-hudson/org/apache/maven/maven-plugin-descriptor/2.0.6/maven-plugin-descriptor-2.0.6.pom
1K downloaded  (maven-plugin-descriptor-2.0.6.pom)
Downloading: http://$COMPANYscm.$LOCATION.fr.sopra/artifactory/all-hudson/org/apache/maven/maven-monitor/2.0.6/maven-monitor-2.0.6.pom
294b downloaded  (maven-monitor-2.0.6.pom)
Downloading: http://$COMPANYscm.$LOCATION.fr.sopra/artifactory/all-hudson/org/apache/maven/wagon/wagon-ssh/1.0-beta-2/wagon-ssh-1.0-beta-2.pom
1K downloaded  (wagon-ssh-1.0-beta-2.pom)
Downloading: http://$COMPANYscm.$LOCATION.fr.sopra/artifactory/all-hudson/com/jcraft/jsch/0.1.27/jsch-0.1.27.pom
764b downloaded  (jsch-0.1.27.pom)
Downloading: http://$COMPANYscm.$LOCATION.fr.sopra/artifactory/all-hudson/classworlds/classworlds/1.1/classworlds-1.1.pom
3K downloaded  (classworlds-1.1.pom)
Downloading: http://$COMPANYscm.$LOCATION.fr.sopra/artifactory/all-hudson/org/codehaus/plexus/plexus-interpolation/1.6/plexus-interpolation-1.6.pom
2K downloaded  (plexus-interpolation-1.6.pom)
Downloading: http://$COMPANYscm.$LOCATION.fr.sopra/artifactory/all-hudson/org/apache/maven/shared/maven-filtering/1.0-beta-2/maven-filtering-1.0-beta-2.jar
Downloading: http://$COMPANYscm.$LOCATION.fr.sopra/artifactory/all-hudson/org/codehaus/plexus/plexus-utils/1.5.6/plexus-utils-1.5.6.jar
32K downloaded  (maven-filtering-1.0-beta-2.jar)
244K downloaded  (plexus-utils-1.5.6.jar)
Downloading: http://$COMPANYscm.$LOCATION.fr.sopra/artifactory/all-hudson/org/codehaus/plexus/plexus-interpolation/1.6/plexus-interpolation-1.6.jar
49K downloaded  (plexus-interpolation-1.6.jar)
[INFO] [resources:resources {execution: default-resources}]
[WARNING] Using platform encoding (ISO-8859-15 actually) to copy filtered resources, i.e. build is platform dependent!
[INFO] skip non existing resourceDirectory /home/axhudson/.hudson/jobs/Test$PROJECTCore_Trunk/workspace/$PROJECTCoreTests/src/main/resources
Downloading: http://$COMPANYscm.$LOCATION.fr.sopra/artifactory/all-hudson/com/$COMPANY/eclipse/eclipse-$TESTTOOL/3.2.1/eclipse-$TESTTOOL-3.2.1.pom
291b downloaded  (eclipse-$TESTTOOL-3.2.1.pom)
Downloading: http://$COMPANYscm.$LOCATION.fr.sopra/artifactory/all-hudson/com/$COMPANY/eclipse/eclipse-$TESTTOOL/3.2.1/eclipse-$TESTTOOL-3.2.1.jar
266552K downloaded  (eclipse-$TESTTOOL-3.2.1.jar)
Downloading: http://$COMPANYscm.$LOCATION.fr.sopra/artifactory/all-hudson/org/codehaus/plexus/plexus-compiler-api/1.5.3/plexus-compiler-api-1.5.3.pom
626b downloaded  (plexus-compiler-api-1.5.3.pom)
Downloading: http://$COMPANYscm.$LOCATION.fr.sopra/artifactory/all-hudson/org/codehaus/plexus/plexus-compiler/1.5.3/plexus-compiler-1.5.3.pom
1K downloaded  (plexus-compiler-1.5.3.pom)
Downloading: http://$COMPANYscm.$LOCATION.fr.sopra/artifactory/all-hudson/org/codehaus/plexus/plexus-components/1.1.6/plexus-components-1.1.6.pom
1K downloaded  (plexus-components-1.1.6.pom)
Downloading: http://$COMPANYscm.$LOCATION.fr.sopra/artifactory/all-hudson/org/codehaus/plexus/plexus/1.0.8/plexus-1.0.8.pom
5K downloaded  (plexus-1.0.8.pom)
Downloading: http://$COMPANYscm.$LOCATION.fr.sopra/artifactory/all-hudson/org/codehaus/plexus/plexus-compiler-manager/1.5.3/plexus-compiler-manager-1.5.3.pom
636b downloaded  (plexus-compiler-manager-1.5.3.pom)
Downloading: http://$COMPANYscm.$LOCATION.fr.sopra/artifactory/all-hudson/org/codehaus/plexus/plexus-compiler-javac/1.5.3/plexus-compiler-javac-1.5.3.pom
799b downloaded  (plexus-compiler-javac-1.5.3.pom)
Downloading: http://$COMPANYscm.$LOCATION.fr.sopra/artifactory/all-hudson/org/codehaus/plexus/plexus-compilers/1.5.3/plexus-compilers-1.5.3.pom
6K downloaded  (plexus-compilers-1.5.3.pom)
Downloading: http://$COMPANYscm.$LOCATION.fr.sopra/artifactory/all-hudson/org/codehaus/plexus/plexus-utils/1.0.5/plexus-utils-1.0.5.pom
958b downloaded  (plexus-utils-1.0.5.pom)
Downloading: http://$COMPANYscm.$LOCATION.fr.sopra/artifactory/all-hudson/org/codehaus/plexus/plexus-utils/1.0.4/plexus-utils-1.0.4.jar
159K downloaded  (plexus-utils-1.0.4.jar)
Downloading: http://$COMPANYscm.$LOCATION.fr.sopra/artifactory/all-hudson/org/codehaus/plexus/plexus-compiler-api/1.5.3/plexus-compiler-api-1.5.3.jar
19K downloaded  (plexus-compiler-api-1.5.3.jar)
Downloading: http://$COMPANYscm.$LOCATION.fr.sopra/artifactory/all-hudson/org/codehaus/plexus/plexus-compiler-manager/1.5.3/plexus-compiler-manager-1.5.3.jar
5K downloaded  (plexus-compiler-manager-1.5.3.jar)
Downloading: http://$COMPANYscm.$LOCATION.fr.sopra/artifactory/all-hudson/org/codehaus/plexus/plexus-compiler-javac/1.5.3/plexus-compiler-javac-1.5.3.jar
13K downloaded  (plexus-compiler-javac-1.5.3.jar)
[INFO] [compiler:compile {execution: default-compile}]
[INFO] No sources to compile
[INFO] [resources:testResources {execution: default-testResources}]
[WARNING] Using platform encoding (ISO-8859-15 actually) to copy filtered resources, i.e. build is platform dependent!
[INFO] skip non existing resourceDirectory /home/axhudson/.hudson/jobs/Test$PROJECTCore_Trunk/workspace/$PROJECTCoreTests/src/test/resources
[INFO] [compiler:testCompile {execution: default-testCompile}]
[INFO] No sources to compile
Downloading: http://$COMPANYscm.$LOCATION.fr.sopra/artifactory/all-hudson/org/apache/maven/surefire/surefire-booter/2.4.3/surefire-booter-2.4.3.pom
1K downloaded  (surefire-booter-2.4.3.pom)
Downloading: http://$COMPANYscm.$LOCATION.fr.sopra/artifactory/all-hudson/org/apache/maven/surefire/surefire-api/2.4.3/surefire-api-2.4.3.pom
1K downloaded  (surefire-api-2.4.3.pom)
Downloading: http://$COMPANYscm.$LOCATION.fr.sopra/artifactory/all-hudson/org/codehaus/plexus/plexus-utils/1.5.1/plexus-utils-1.5.1.pom
1K downloaded  (plexus-utils-1.5.1.pom)
Downloading: http://$COMPANYscm.$LOCATION.fr.sopra/artifactory/all-hudson/org/apache/maven/maven-toolchain/1.0/maven-toolchain-1.0.pom
2K downloaded  (maven-toolchain-1.0.pom)
Downloading: http://$COMPANYscm.$LOCATION.fr.sopra/artifactory/all-hudson/org/apache/maven/surefire/surefire-booter/2.4.3/surefire-booter-2.4.3.jar
Downloading: http://$COMPANYscm.$LOCATION.fr.sopra/artifactory/all-hudson/org/codehaus/plexus/plexus-utils/1.5.1/plexus-utils-1.5.1.jar
261K downloaded  (surefire-booter-2.4.3.jar)
Downloading: http://$COMPANYscm.$LOCATION.fr.sopra/artifactory/all-hudson/org/apache/maven/surefire/surefire-api/2.4.3/surefire-api-2.4.3.jar
205K downloaded  (plexus-utils-1.5.1.jar)
503K downloaded  (surefire-api-2.4.3.jar)
[INFO] [surefire:test {execution: default-test}]
[INFO] No tests to run.
[HUDSON] Recording test resultsDownloading: http://$COMPANYscm.$LOCATION.fr.sopra/artifactory/all-hudson/org/apache/maven/maven-project/2.0.7/maven-project-2.0.7.pom

1K downloaded  (maven-project-2.0.7.pom)
Downloading: http://$COMPANYscm.$LOCATION.fr.sopra/artifactory/all-hudson/org/apache/maven/maven/2.0.7/maven-2.0.7.pom
9K downloaded  (maven-2.0.7.pom)
Downloading: http://$COMPANYscm.$LOCATION.fr.sopra/artifactory/all-hudson/org/apache/maven/maven-settings/2.0.7/maven-settings-2.0.7.pom
1K downloaded  (maven-settings-2.0.7.pom)
Downloading: http://$COMPANYscm.$LOCATION.fr.sopra/artifactory/all-hudson/org/apache/maven/maven-model/2.0.7/maven-model-2.0.7.pom
2K downloaded  (maven-model-2.0.7.pom)
Downloading: http://$COMPANYscm.$LOCATION.fr.sopra/artifactory/all-hudson/org/apache/maven/maven-profile/2.0.7/maven-profile-2.0.7.pom
1020b downloaded  (maven-profile-2.0.7.pom)
Downloading: http://$COMPANYscm.$LOCATION.fr.sopra/artifactory/all-hudson/org/apache/maven/maven-artifact-manager/2.0.7/maven-artifact-manager-2.0.7.pom
1K downloaded  (maven-artifact-manager-2.0.7.pom)
Downloading: http://$COMPANYscm.$LOCATION.fr.sopra/artifactory/all-hudson/org/apache/maven/maven-repository-metadata/2.0.7/maven-repository-metadata-2.0.7.pom
890b downloaded  (maven-repository-metadata-2.0.7.pom)
Downloading: http://$COMPANYscm.$LOCATION.fr.sopra/artifactory/all-hudson/org/apache/maven/maven-artifact/2.0.7/maven-artifact-2.0.7.pom
617b downloaded  (maven-artifact-2.0.7.pom)
Downloading: http://$COMPANYscm.$LOCATION.fr.sopra/artifactory/all-hudson/org/apache/maven/maven-plugin-registry/2.0.7/maven-plugin-registry-2.0.7.pom
988b downloaded  (maven-plugin-registry-2.0.7.pom)
Downloading: http://$COMPANYscm.$LOCATION.fr.sopra/artifactory/all-hudson/org/apache/maven/maven-archiver/2.3/maven-archiver-2.3.pom
2K downloaded  (maven-archiver-2.3.pom)
Downloading: http://$COMPANYscm.$LOCATION.fr.sopra/artifactory/all-hudson/org/codehaus/plexus/plexus-archiver/1.0-alpha-9/plexus-archiver-1.0-alpha-9.pom
1K downloaded  (plexus-archiver-1.0-alpha-9.pom)
Downloading: http://$COMPANYscm.$LOCATION.fr.sopra/artifactory/all-hudson/org/codehaus/plexus/plexus-components/1.1.9/plexus-components-1.1.9.pom
2K downloaded  (plexus-components-1.1.9.pom)
Downloading: http://$COMPANYscm.$LOCATION.fr.sopra/artifactory/all-hudson/org/codehaus/plexus/plexus/1.0.10/plexus-1.0.10.pom
7K downloaded  (plexus-1.0.10.pom)
Downloading: http://$COMPANYscm.$LOCATION.fr.sopra/artifactory/all-hudson/org/codehaus/plexus/plexus-container-default/1.0-alpha-15/plexus-container-default-1.0-alpha-15.pom
1K downloaded  (plexus-container-default-1.0-alpha-15.pom)
Downloading: http://$COMPANYscm.$LOCATION.fr.sopra/artifactory/all-hudson/org/codehaus/plexus/plexus-containers/1.0-alpha-15/plexus-containers-1.0-alpha-15.pom
1K downloaded  (plexus-containers-1.0-alpha-15.pom)
Downloading: http://$COMPANYscm.$LOCATION.fr.sopra/artifactory/all-hudson/org/codehaus/plexus/plexus/1.0.9/plexus-1.0.9.pom
6K downloaded  (plexus-1.0.9.pom)
Downloading: http://$COMPANYscm.$LOCATION.fr.sopra/artifactory/all-hudson/org/codehaus/plexus/plexus-component-api/1.0-alpha-15/plexus-component-api-1.0-alpha-15.pom
967b downloaded  (plexus-component-api-1.0-alpha-15.pom)
Downloading: http://$COMPANYscm.$LOCATION.fr.sopra/artifactory/all-hudson/org/codehaus/plexus/plexus-classworlds/1.2-alpha-6/plexus-classworlds-1.2-alpha-6.pom
2K downloaded  (plexus-classworlds-1.2-alpha-6.pom)
Downloading: http://$COMPANYscm.$LOCATION.fr.sopra/artifactory/all-hudson/org/codehaus/plexus/plexus-io/1.0-alpha-1/plexus-io-1.0-alpha-1.pom
1K downloaded  (plexus-io-1.0-alpha-1.pom)
Downloading: http://$COMPANYscm.$LOCATION.fr.sopra/artifactory/all-hudson/org/codehaus/plexus/plexus-component-api/1.0-alpha-16/plexus-component-api-1.0-alpha-16.pom
2K downloaded  (plexus-component-api-1.0-alpha-16.pom)
Downloading: http://$COMPANYscm.$LOCATION.fr.sopra/artifactory/all-hudson/org/codehaus/plexus/plexus-containers/1.0-alpha-16/plexus-containers-1.0-alpha-16.pom
1K downloaded  (plexus-containers-1.0-alpha-16.pom)
Downloading: http://$COMPANYscm.$LOCATION.fr.sopra/artifactory/all-hudson/org/codehaus/plexus/plexus-utils/1.4.9/plexus-utils-1.4.9.pom
1K downloaded  (plexus-utils-1.4.9.pom)
Downloading: http://$COMPANYscm.$LOCATION.fr.sopra/artifactory/all-hudson/commons-lang/commons-lang/2.1/commons-lang-2.1.pom
9K downloaded  (commons-lang-2.1.pom)
Downloading: http://$COMPANYscm.$LOCATION.fr.sopra/artifactory/all-hudson/org/apache/maven/maven-archiver/2.3/maven-archiver-2.3.jar
Downloading: http://$COMPANYscm.$LOCATION.fr.sopra/artifactory/all-hudson/commons-lang/commons-lang/2.1/commons-lang-2.1.jar
Downloading: http://$COMPANYscm.$LOCATION.fr.sopra/artifactory/all-hudson/org/codehaus/plexus/plexus-utils/1.4.9/plexus-utils-1.4.9.jar
202K downloaded  (commons-lang-2.1.jar)
17K downloaded  (maven-archiver-2.3.jar)
199K downloaded  (plexus-utils-1.4.9.jar)
Downloading: http://$COMPANYscm.$LOCATION.fr.sopra/artifactory/all-hudson/org/codehaus/plexus/plexus-archiver/1.0-alpha-9/plexus-archiver-1.0-alpha-9.jar
153K downloaded  (plexus-archiver-1.0-alpha-9.jar)
Downloading: http://$COMPANYscm.$LOCATION.fr.sopra/artifactory/all-hudson/org/codehaus/plexus/plexus-io/1.0-alpha-1/plexus-io-1.0-alpha-1.jar
11K downloaded  (plexus-io-1.0-alpha-1.jar)
[INFO] [jar:jar {execution: default-jar}]
[WARNING] JAR will be empty - no content was marked for inclusion!
[INFO] Building jar: /home/axhudson/.hudson/jobs/Test$PROJECTCore_Trunk/workspace/$PROJECTCoreTests/target/$TESTTOOL-test-launcher-4.3.0-SNAPSHOT.jar
Downloading: http://$COMPANYscm.$LOCATION.fr.sopra/artifactory/all-hudson/org/apache/maven/maven-plugin-api/2.2.1/maven-plugin-api-2.2.1.pom
495b downloaded  (maven-plugin-api-2.2.1.pom)
Downloading: http://$COMPANYscm.$LOCATION.fr.sopra/artifactory/all-hudson/org/apache/maven/maven/2.2.1/maven-2.2.1.pom
19K downloaded  (maven-2.2.1.pom)
Downloading: http://$COMPANYscm.$LOCATION.fr.sopra/artifactory/all-hudson/org/apache/maven/maven-parent/11/maven-parent-11.pom
24K downloaded  (maven-parent-11.pom)
Downloading: http://$COMPANYscm.$LOCATION.fr.sopra/artifactory/all-hudson/org/apache/apache/5/apache-5.pom
2K downloaded  (apache-5.pom)
Downloading: http://$COMPANYscm.$LOCATION.fr.sopra/artifactory/all-hudson/org/apache/maven/maven-project/2.2.1/maven-project-2.2.1.pom
1K downloaded  (maven-project-2.2.1.pom)
Downloading: http://$COMPANYscm.$LOCATION.fr.sopra/artifactory/all-hudson/org/apache/maven/maven-settings/2.2.1/maven-settings-2.2.1.pom
1K downloaded  (maven-settings-2.2.1.pom)
Downloading: http://$COMPANYscm.$LOCATION.fr.sopra/artifactory/all-hudson/org/apache/maven/maven-model/2.2.1/maven-model-2.2.1.pom
2K downloaded  (maven-model-2.2.1.pom)
Downloading: http://$COMPANYscm.$LOCATION.fr.sopra/artifactory/all-hudson/org/codehaus/plexus/plexus-utils/1.5.15/plexus-utils-1.5.15.pom
4K downloaded  (plexus-utils-1.5.15.pom)
Downloading: http://$COMPANYscm.$LOCATION.fr.sopra/artifactory/all-hudson/org/codehaus/plexus/plexus/2.0.2/plexus-2.0.2.pom
10K downloaded  (plexus-2.0.2.pom)
Downloading: http://$COMPANYscm.$LOCATION.fr.sopra/artifactory/all-hudson/org/codehaus/plexus/plexus-interpolation/1.11/plexus-interpolation-1.11.pom
730b downloaded  (plexus-interpolation-1.11.pom)
Downloading: http://$COMPANYscm.$LOCATION.fr.sopra/artifactory/all-hudson/org/codehaus/plexus/plexus-components/1.1.14/plexus-components-1.1.14.pom
4K downloaded  (plexus-components-1.1.14.pom)
Downloading: http://$COMPANYscm.$LOCATION.fr.sopra/artifactory/all-hudson/org/apache/maven/maven-profile/2.2.1/maven-profile-2.2.1.pom
1K downloaded  (maven-profile-2.2.1.pom)
Downloading: http://$COMPANYscm.$LOCATION.fr.sopra/artifactory/all-hudson/org/apache/maven/maven-artifact-manager/2.2.1/maven-artifact-manager-2.2.1.pom
2K downloaded  (maven-artifact-manager-2.2.1.pom)
Downloading: http://$COMPANYscm.$LOCATION.fr.sopra/artifactory/all-hudson/org/apache/maven/maven-repository-metadata/2.2.1/maven-repository-metadata-2.2.1.pom
906b downloaded  (maven-repository-metadata-2.2.1.pom)
Downloading: http://$COMPANYscm.$LOCATION.fr.sopra/artifactory/all-hudson/org/apache/maven/maven-artifact/2.2.1/maven-artifact-2.2.1.pom
617b downloaded  (maven-artifact-2.2.1.pom)
Downloading: http://$COMPANYscm.$LOCATION.fr.sopra/artifactory/all-hudson/org/apache/maven/wagon/wagon-provider-api/1.0-beta-6/wagon-provider-api-1.0-beta-6.pom
754b downloaded  (wagon-provider-api-1.0-beta-6.pom)
Downloading: http://$COMPANYscm.$LOCATION.fr.sopra/artifactory/all-hudson/org/apache/maven/wagon/wagon/1.0-beta-6/wagon-1.0-beta-6.pom
10K downloaded  (wagon-1.0-beta-6.pom)
Downloading: http://$COMPANYscm.$LOCATION.fr.sopra/artifactory/all-hudson/org/codehaus/plexus/plexus-utils/1.4.2/plexus-utils-1.4.2.pom
1K downloaded  (plexus-utils-1.4.2.pom)
Downloading: http://$COMPANYscm.$LOCATION.fr.sopra/artifactory/all-hudson/backport-util-concurrent/backport-util-concurrent/3.1/backport-util-concurrent-3.1.pom
804b downloaded  (backport-util-concurrent-3.1.pom)
Downloading: http://$COMPANYscm.$LOCATION.fr.sopra/artifactory/all-hudson/org/apache/maven/maven-plugin-registry/2.2.1/maven-plugin-registry-2.2.1.pom
964b downloaded  (maven-plugin-registry-2.2.1.pom)
Downloading: http://$COMPANYscm.$LOCATION.fr.sopra/artifactory/all-hudson/org/apache/maven/maven-core/2.2.1/maven-core-2.2.1.pom
9K downloaded  (maven-core-2.2.1.pom)
Downloading: http://$COMPANYscm.$LOCATION.fr.sopra/artifactory/all-hudson/org/apache/maven/wagon/wagon-file/1.0-beta-6/wagon-file-1.0-beta-6.pom
415b downloaded  (wagon-file-1.0-beta-6.pom)
Downloading: http://$COMPANYscm.$LOCATION.fr.sopra/artifactory/all-hudson/org/apache/maven/wagon/wagon-providers/1.0-beta-6/wagon-providers-1.0-beta-6.pom
1K downloaded  (wagon-providers-1.0-beta-6.pom)
Downloading: http://$COMPANYscm.$LOCATION.fr.sopra/artifactory/all-hudson/org/apache/maven/maven-plugin-parameter-documenter/2.2.1/maven-plugin-parameter-documenter-2.2.1.pom
992b downloaded  (maven-plugin-parameter-documenter-2.2.1.pom)
Downloading: http://$COMPANYscm.$LOCATION.fr.sopra/artifactory/all-hudson/org/apache/maven/wagon/wagon-http-lightweight/1.0-beta-6/wagon-http-lightweight-1.0-beta-6.pom
834b downloaded  (wagon-http-lightweight-1.0-beta-6.pom)
Downloading: http://$COMPANYscm.$LOCATION.fr.sopra/artifactory/all-hudson/org/apache/maven/wagon/wagon-http-shared/1.0-beta-6/wagon-http-shared-1.0-beta-6.pom
1K downloaded  (wagon-http-shared-1.0-beta-6.pom)
Downloading: http://$COMPANYscm.$LOCATION.fr.sopra/artifactory/all-hudson/nekohtml/xercesMinimal/1.9.6.2/xercesMinimal-1.9.6.2.pom
197b downloaded  (xercesMinimal-1.9.6.2.pom)
Downloading: http://$COMPANYscm.$LOCATION.fr.sopra/artifactory/all-hudson/nekohtml/nekohtml/1.9.6.2/nekohtml-1.9.6.2.pom
743b downloaded  (nekohtml-1.9.6.2.pom)
Downloading: http://$COMPANYscm.$LOCATION.fr.sopra/artifactory/all-hudson/org/apache/maven/wagon/wagon-http/1.0-beta-6/wagon-http-1.0-beta-6.pom
628b downloaded  (wagon-http-1.0-beta-6.pom)
Downloading: http://$COMPANYscm.$LOCATION.fr.sopra/artifactory/all-hudson/org/apache/maven/wagon/wagon-webdav-jackrabbit/1.0-beta-6/wagon-webdav-jackrabbit-1.0-beta-6.pom
2K downloaded  (wagon-webdav-jackrabbit-1.0-beta-6.pom)
Downloading: http://$COMPANYscm.$LOCATION.fr.sopra/artifactory/all-hudson/org/apache/jackrabbit/jackrabbit-webdav/1.5.0/jackrabbit-webdav-1.5.0.pom
1K downloaded  (jackrabbit-webdav-1.5.0.pom)
Downloading: http://$COMPANYscm.$LOCATION.fr.sopra/artifactory/all-hudson/org/apache/jackrabbit/jackrabbit-parent/1.5.0/jackrabbit-parent-1.5.0.pom
21K downloaded  (jackrabbit-parent-1.5.0.pom)
Downloading: http://$COMPANYscm.$LOCATION.fr.sopra/artifactory/all-hudson/org/apache/jackrabbit/jackrabbit-jcr-commons/1.5.0/jackrabbit-jcr-commons-1.5.0.pom
1K downloaded  (jackrabbit-jcr-commons-1.5.0.pom)
Downloading: http://$COMPANYscm.$LOCATION.fr.sopra/artifactory/all-hudson/org/slf4j/slf4j-api/1.5.3/slf4j-api-1.5.3.pom
2K downloaded  (slf4j-api-1.5.3.pom)
Downloading: http://$COMPANYscm.$LOCATION.fr.sopra/artifactory/all-hudson/org/slf4j/slf4j-parent/1.5.3/slf4j-parent-1.5.3.pom
6K downloaded  (slf4j-parent-1.5.3.pom)
Downloading: http://$COMPANYscm.$LOCATION.fr.sopra/artifactory/all-hudson/commons-httpclient/commons-httpclient/3.0/commons-httpclient-3.0.pom
7K downloaded  (commons-httpclient-3.0.pom)
Downloading: http://$COMPANYscm.$LOCATION.fr.sopra/artifactory/all-hudson/commons-codec/commons-codec/1.2/commons-codec-1.2.pom
3K downloaded  (commons-codec-1.2.pom)
Downloading: http://$COMPANYscm.$LOCATION.fr.sopra/artifactory/all-hudson/org/slf4j/slf4j-nop/1.5.3/slf4j-nop-1.5.3.pom
1K downloaded  (slf4j-nop-1.5.3.pom)
Downloading: http://$COMPANYscm.$LOCATION.fr.sopra/artifactory/all-hudson/org/slf4j/slf4j-jdk14/1.5.6/slf4j-jdk14-1.5.6.pom
1K downloaded  (slf4j-jdk14-1.5.6.pom)
Downloading: http://$COMPANYscm.$LOCATION.fr.sopra/artifactory/all-hudson/org/slf4j/slf4j-parent/1.5.6/slf4j-parent-1.5.6.pom
6K downloaded  (slf4j-parent-1.5.6.pom)
Downloading: http://$COMPANYscm.$LOCATION.fr.sopra/artifactory/all-hudson/org/slf4j/slf4j-api/1.5.6/slf4j-api-1.5.6.pom
2K downloaded  (slf4j-api-1.5.6.pom)
Downloading: http://$COMPANYscm.$LOCATION.fr.sopra/artifactory/all-hudson/org/slf4j/jcl-over-slf4j/1.5.6/jcl-over-slf4j-1.5.6.pom
1K downloaded  (jcl-over-slf4j-1.5.6.pom)
Downloading: http://$COMPANYscm.$LOCATION.fr.sopra/artifactory/all-hudson/org/apache/maven/reporting/maven-reporting-api/2.2.1/maven-reporting-api-2.2.1.pom
887b downloaded  (maven-reporting-api-2.2.1.pom)
Downloading: http://$COMPANYscm.$LOCATION.fr.sopra/artifactory/all-hudson/org/apache/maven/reporting/maven-reporting/2.2.1/maven-reporting-2.2.1.pom
479b downloaded  (maven-reporting-2.2.1.pom)
Downloading: http://$COMPANYscm.$LOCATION.fr.sopra/artifactory/all-hudson/org/apache/maven/doxia/doxia-sink-api/1.1/doxia-sink-api-1.1.pom
965b downloaded  (doxia-sink-api-1.1.pom)
Downloading: http://$COMPANYscm.$LOCATION.fr.sopra/artifactory/all-hudson/org/apache/maven/doxia/doxia/1.1/doxia-1.1.pom
12K downloaded  (doxia-1.1.pom)
Downloading: http://$COMPANYscm.$LOCATION.fr.sopra/artifactory/all-hudson/org/apache/maven/doxia/doxia-logging-api/1.1/doxia-logging-api-1.1.pom
528b downloaded  (doxia-logging-api-1.1.pom)
Downloading: http://$COMPANYscm.$LOCATION.fr.sopra/artifactory/all-hudson/org/codehaus/plexus/plexus-container-default/1.0-alpha-30/plexus-container-default-1.0-alpha-30.pom
3K downloaded  (plexus-container-default-1.0-alpha-30.pom)
Downloading: http://$COMPANYscm.$LOCATION.fr.sopra/artifactory/all-hudson/org/codehaus/plexus/plexus-containers/1.0-alpha-30/plexus-containers-1.0-alpha-30.pom
1K downloaded  (plexus-containers-1.0-alpha-30.pom)
Downloading: http://$COMPANYscm.$LOCATION.fr.sopra/artifactory/all-hudson/org/apache/maven/maven-error-diagnostics/2.2.1/maven-error-diagnostics-2.2.1.pom
744b downloaded  (maven-error-diagnostics-2.2.1.pom)
Downloading: http://$COMPANYscm.$LOCATION.fr.sopra/artifactory/all-hudson/commons-cli/commons-cli/1.2/commons-cli-1.2.pom
6K downloaded  (commons-cli-1.2.pom)
Downloading: http://$COMPANYscm.$LOCATION.fr.sopra/artifactory/all-hudson/org/apache/commons/commons-parent/11/commons-parent-11.pom
19K downloaded  (commons-parent-11.pom)
Downloading: http://$COMPANYscm.$LOCATION.fr.sopra/artifactory/all-hudson/org/apache/maven/wagon/wagon-ssh-external/1.0-beta-6/wagon-ssh-external-1.0-beta-6.pom
1K downloaded  (wagon-ssh-external-1.0-beta-6.pom)
Downloading: http://$COMPANYscm.$LOCATION.fr.sopra/artifactory/all-hudson/org/apache/maven/wagon/wagon-ssh-common/1.0-beta-6/wagon-ssh-common-1.0-beta-6.pom
815b downloaded  (wagon-ssh-common-1.0-beta-6.pom)
Downloading: http://$COMPANYscm.$LOCATION.fr.sopra/artifactory/all-hudson/org/codehaus/plexus/plexus-interactivity-api/1.0-alpha-6/plexus-interactivity-api-1.0-alpha-6.pom
573b downloaded  (plexus-interactivity-api-1.0-alpha-6.pom)
Downloading: http://$COMPANYscm.$LOCATION.fr.sopra/artifactory/all-hudson/org/codehaus/plexus/plexus-interactivity/1.0-alpha-6/plexus-interactivity-1.0-alpha-6.pom
919b downloaded  (plexus-interactivity-1.0-alpha-6.pom)
Downloading: http://$COMPANYscm.$LOCATION.fr.sopra/artifactory/all-hudson/org/codehaus/plexus/plexus-utils/1.4/plexus-utils-1.4.pom
1K downloaded  (plexus-utils-1.4.pom)
Downloading: http://$COMPANYscm.$LOCATION.fr.sopra/artifactory/all-hudson/org/apache/maven/maven-plugin-descriptor/2.2.1/maven-plugin-descriptor-2.2.1.pom
1K downloaded  (maven-plugin-descriptor-2.2.1.pom)
Downloading: http://$COMPANYscm.$LOCATION.fr.sopra/artifactory/all-hudson/org/apache/maven/maven-monitor/2.2.1/maven-monitor-2.2.1.pom
294b downloaded  (maven-monitor-2.2.1.pom)
Downloading: http://$COMPANYscm.$LOCATION.fr.sopra/artifactory/all-hudson/org/apache/maven/wagon/wagon-ssh/1.0-beta-6/wagon-ssh-1.0-beta-6.pom
1K downloaded  (wagon-ssh-1.0-beta-6.pom)
Downloading: http://$COMPANYscm.$LOCATION.fr.sopra/artifactory/all-hudson/com/jcraft/jsch/0.1.38/jsch-0.1.38.pom
764b downloaded  (jsch-0.1.38.pom)
Downloading: http://$COMPANYscm.$LOCATION.fr.sopra/artifactory/all-hudson/org/sonatype/plexus/plexus-sec-dispatcher/1.3/plexus-sec-dispatcher-1.3.pom
2K downloaded  (plexus-sec-dispatcher-1.3.pom)
Downloading: http://$COMPANYscm.$LOCATION.fr.sopra/artifactory/all-hudson/org/sonatype/spice/spice-parent/12/spice-parent-12.pom
6K downloaded  (spice-parent-12.pom)
Downloading: http://$COMPANYscm.$LOCATION.fr.sopra/artifactory/all-hudson/org/sonatype/forge/forge-parent/4/forge-parent-4.pom
5K downloaded  (forge-parent-4.pom)
Downloading: http://$COMPANYscm.$LOCATION.fr.sopra/artifactory/all-hudson/org/codehaus/plexus/plexus-utils/1.5.5/plexus-utils-1.5.5.pom
4K downloaded  (plexus-utils-1.5.5.pom)
Downloading: http://$COMPANYscm.$LOCATION.fr.sopra/artifactory/all-hudson/org/sonatype/plexus/plexus-cipher/1.4/plexus-cipher-1.4.pom
1K downloaded  (plexus-cipher-1.4.pom)
Downloading: http://$COMPANYscm.$LOCATION.fr.sopra/artifactory/all-hudson/org/apache/ant/ant/1.7.1/ant-1.7.1.pom
7K downloaded  (ant-1.7.1.pom)
Downloading: http://$COMPANYscm.$LOCATION.fr.sopra/artifactory/all-hudson/org/apache/ant/ant-parent/1.7.1/ant-parent-1.7.1.pom
2K downloaded  (ant-parent-1.7.1.pom)
Downloading: http://$COMPANYscm.$LOCATION.fr.sopra/artifactory/all-hudson/org/apache/ant/ant-launcher/1.7.1/ant-launcher-1.7.1.pom
1K downloaded  (ant-launcher-1.7.1.pom)
Downloading: http://$COMPANYscm.$LOCATION.fr.sopra/artifactory/all-hudson/org/apache/maven/plugins/maven-deploy-plugin/2.5/maven-deploy-plugin-2.5.pom
4K downloaded  (maven-deploy-plugin-2.5.pom)
Downloading: http://$COMPANYscm.$LOCATION.fr.sopra/artifactory/all-hudson/org/apache/maven/plugins/maven-plugins/16/maven-plugins-16.pom
10K downloaded  (maven-plugins-16.pom)
Downloading: http://$COMPANYscm.$LOCATION.fr.sopra/artifactory/all-hudson/org/apache/maven/maven-parent/15/maven-parent-15.pom
20K downloaded  (maven-parent-15.pom)
Downloading: http://$COMPANYscm.$LOCATION.fr.sopra/artifactory/all-hudson/org/apache/apache/6/apache-6.pom
8K downloaded  (apache-6.pom)
Downloading: http://$COMPANYscm.$LOCATION.fr.sopra/artifactory/all-hudson/org/apache/ant/ant/1.7.1/ant-1.7.1.jar
Downloading: http://$COMPANYscm.$LOCATION.fr.sopra/artifactory/all-hudson/org/apache/maven/plugins/maven-deploy-plugin/2.5/maven-deploy-plugin-2.5.jar
22K downloaded  (maven-deploy-plugin-2.5.jar)
1291K downloaded  (ant-1.7.1.jar)
Downloading: http://$COMPANYscm.$LOCATION.fr.sopra/artifactory/all-hudson/org/apache/ant/ant-launcher/1.7.1/ant-launcher-1.7.1.jar
11K downloaded  (ant-launcher-1.7.1.jar)
[INFO] [$TESTTOOL:automation {execution: run-test}]
Downloading: http://$COMPANYscm.$LOCATION.fr.sopra/artifactory/all-hudson/com/$COMPANY/automation/automation/3.2.1/automation-3.2.1.jar
13941K downloaded  (automation-3.2.1.jar)
Downloading: http://$COMPANYscm.$LOCATION.fr.sopra/artifactory/all-hudson/com/$COMPANY/$TESTTOOL/workspace/$TESTTOOL-workspace/3.2.1/$TESTTOOL-workspace-3.2.1.jar
28K downloaded  ($TESTTOOL-workspace-3.2.1.jar)
[INFO] snapshot com.$COMPANY.$TESTTOOL.test:com.$COMPANY.$TESTTOOL.$PROJECT.tests:1.0-SNAPSHOT: checking for updates from snapshots
Downloading: http://$COMPANYscm.$LOCATION.fr.sopra/artifactory/all-hudson/com/$COMPANY/$TESTTOOL/test/com.$COMPANY.$TESTTOOL.$PROJECT.tests/1.0-SNAPSHOT/com.$COMPANY.$TESTTOOL.$PROJECT.tests-1.0-SNAPSHOT.jar
5517K downloaded  (com.$COMPANY.$TESTTOOL.$PROJECT.tests-1.0-SNAPSHOT.jar)
[WARNING] Overriding profile: 'artifactory' (source: settings.xml) with new instance from source: settings.xml
[INFO] Scanning for projects...
Downloading: http://$COMPANYscm.$LOCATION.fr.sopra/artifactory/all-hudson/org/apache/maven/plugins/maven-eclipse-plugin/2.5.1/maven-eclipse-plugin-2.5.1.pom
6K downloaded  (maven-eclipse-plugin-2.5.1.pom)
Downloading: http://$COMPANYscm.$LOCATION.fr.sopra/artifactory/all-hudson/org/apache/maven/plugins/maven-eclipse-plugin/2.5.1/maven-eclipse-plugin-2.5.1.jar
177K downloaded  (maven-eclipse-plugin-2.5.1.jar)
[INFO] ------------------------------------------------------------------------
[INFO] Building $TESTTOOL $PROJECT Tests
[INFO]    task-segment: [clean]
[INFO] ------------------------------------------------------------------------
[HUDSON] Archiving /home/axhudson/.hudson/jobs/Test$PROJECTCore_Trunk/workspace/$PROJECTCoreTests/pom.xml to /home/axhudson/.hudson/jobs/Test$PROJECTCore_Trunk/modules/com.$COMPANY.tools$$TESTTOOL-test-launcher/builds/2010-02-04_16-43-11/archive/com.$COMPANY.tools/$TESTTOOL-test-launcher/4.3.0-SNAPSHOT/pom.xml
[HUDSON] Archiving /home/axhudson/.hudson/jobs/Test$PROJECTCore_Trunk/workspace/$PROJECTCoreTests/target/$TESTTOOL-test-launcher-4.3.0-SNAPSHOT.jar to /home/axhudson/.hudson/jobs/Test$PROJECTCore_Trunk/modules/com.$COMPANY.tools$$TESTTOOL-test-launcher/builds/2010-02-04_16-43-11/archive/com.$COMPANY.tools/$TESTTOOL-test-launcher/4.3.0-SNAPSHOT/$TESTTOOL-test-launcher-4.3.0-SNAPSHOT.jar
[INFO] ------------------------------------------------------------------------
[ERROR] FATAL ERROR
[INFO] ------------------------------------------------------------------------
[INFO] reporters.get(com.$COMPANY.$TESTTOOL.test:com.$COMPANY.$TESTTOOL.$PROJECT.tests)==null. reporters={com.$COMPANY.tools:$TESTTOOL-test-launcher=[hudson.maven.reporters.BuildInfoRecorder@8cac17, hudson.maven.reporters.MavenSiteArchiver@15e330, hudson.maven.reporters.MavenJavadocArchiver@f69ed3, hudson.maven.reporters.MavenArtifactArchiver@18dce5b, hudson.maven.reporters.SurefireArchiver@1356db6, hudson.maven.reporters.MavenFingerprinter@1fe59c2, org.jfrog.hudson.MavenDependenciesRecorder@1f161ac, hudson.plugins.cobertura.MavenCoberturaPublisher@b5f36e]} proxies={com.$COMPANY.tools:$TESTTOOL-test-launcher=hudson.maven.MavenModuleSetBuild$Builder$FilterImpl@180ce9c}
[INFO] ------------------------------------------------------------------------
[INFO] Trace
java.lang.AssertionError: reporters.get(com.$COMPANY.$TESTTOOL.test:com.$COMPANY.$TESTTOOL.$PROJECT.tests)==null. reporters={com.$COMPANY.tools:$TESTTOOL-test-launcher=[hudson.maven.reporters.BuildInfoRecorder@8cac17, hudson.maven.reporters.MavenSiteArchiver@15e330, hudson.maven.reporters.MavenJavadocArchiver@f69ed3, hudson.maven.reporters.MavenArtifactArchiver@18dce5b, hudson.maven.reporters.SurefireArchiver@1356db6, hudson.maven.reporters.MavenFingerprinter@1fe59c2, org.jfrog.hudson.MavenDependenciesRecorder@1f161ac, hudson.plugins.cobertura.MavenCoberturaPublisher@b5f36e]} proxies={com.$COMPANY.tools:$TESTTOOL-test-launcher=hudson.maven.MavenModuleSetBuild$Builder$FilterImpl@180ce9c}
	at hudson.maven.MavenModuleSetBuild$Builder.postModule(MavenModuleSetBuild.java:718)
	at hudson.maven.MavenBuilder$Adapter.fireLeaveModule(MavenBuilder.java:304)
	at hudson.maven.MavenBuilder$Adapter.postBuild(MavenBuilder.java:262)
	at org.apache.maven.lifecycle.LifecycleExecutorInterceptor.execute(LifecycleExecutorInterceptor.java:68)
	at org.apache.maven.DefaultMaven.doExecute(DefaultMaven.java:328)
	at org.apache.maven.DefaultMaven.execute(DefaultMaven.java:138)
	at com.$COMPANY.maven2.plugins.mojos.$TESTTOOLAutomationMojo.createEclipseProject($TESTTOOLAutomationMojo.java:182)
	at com.$COMPANY.maven2.plugins.mojos.$TESTTOOLAutomationMojo.prepareTest($TESTTOOLAutomationMojo.java:160)
	at com.$COMPANY.maven2.plugins.mojos.$TESTTOOLAutomationMojo.execute($TESTTOOLAutomationMojo.java:144)
	at org.apache.maven.plugin.DefaultPluginManager.executeMojo(DefaultPluginManager.java:490)
	at hudson.maven.agent.PluginManagerInterceptor.executeMojo(PluginManagerInterceptor.java:182)
	at org.apache.maven.lifecycle.DefaultLifecycleExecutor.executeGoals(DefaultLifecycleExecutor.java:694)
	at org.apache.maven.lifecycle.DefaultLifecycleExecutor.executeGoalWithLifecycle(DefaultLifecycleExecutor.java:556)
	at org.apache.maven.lifecycle.DefaultLifecycleExecutor.executeGoal(DefaultLifecycleExecutor.java:535)
	at org.apache.maven.lifecycle.DefaultLifecycleExecutor.executeGoalAndHandleFailures(DefaultLifecycleExecutor.java:387)
	at org.apache.maven.lifecycle.DefaultLifecycleExecutor.executeTaskSegments(DefaultLifecycleExecutor.java:348)
	at org.apache.maven.lifecycle.DefaultLifecycleExecutor.execute(DefaultLifecycleExecutor.java:180)
	at org.apache.maven.lifecycle.LifecycleExecutorInterceptor.execute(LifecycleExecutorInterceptor.java:65)
	at org.apache.maven.DefaultMaven.doExecute(DefaultMaven.java:328)
	at org.apache.maven.DefaultMaven.execute(DefaultMaven.java:138)
	at org.apache.maven.cli.MavenCli.main(MavenCli.java:362)
	at sun.reflect.NativeMethodAccessorImpl.invoke0(Native Method)
	at sun.reflect.NativeMethodAccessorImpl.invoke(NativeMethodAccessorImpl.java:39)
	at sun.reflect.DelegatingMethodAccessorImpl.invoke(DelegatingMethodAccessorImpl.java:25)
	at java.lang.reflect.Method.invoke(Method.java:585)
	at org.codehaus.classworlds.Launcher.launchEnhanced(Launcher.java:315)
	at org.codehaus.classworlds.Launcher.launch(Launcher.java:255)
	at hudson.maven.agent.Main.launch(Main.java:165)
	at hudson.maven.MavenBuilder.call(MavenBuilder.java:159)
	at hudson.maven.MavenModuleSetBuild$Builder.call(MavenModuleSetBuild.java:688)
	at hudson.maven.MavenModuleSetBuild$Builder.call(MavenModuleSetBuild.java:632)
	at hudson.remoting.UserRequest.perform(UserRequest.java:104)
	at hudson.remoting.UserRequest.perform(UserRequest.java:48)
	at hudson.remoting.Request$2.run(Request.java:270)
	at java.util.concurrent.Executors$RunnableAdapter.call(Executors.java:417)
	at java.util.concurrent.FutureTask$Sync.innerRun(FutureTask.java:269)
	at java.util.concurrent.FutureTask.run(FutureTask.java:123)
	at java.util.concurrent.ThreadPoolExecutor$Worker.runTask(ThreadPoolExecutor.java:650)
	at java.util.concurrent.ThreadPoolExecutor$Worker.run(ThreadPoolExecutor.java:675)
	at java.lang.Thread.run(Thread.java:595)
[INFO] ------------------------------------------------------------------------
[INFO] Total time: 1 second
[INFO] Finished at: Thu Feb 04 16:44:29 CET 2010
[INFO] Final Memory: 19M/497M
[INFO] ------------------------------------------------------------------------
[INFO] ------------------------------------------------------------------------
[ERROR] FATAL ERROR
[INFO] ------------------------------------------------------------------------
[INFO] reporters.get(com.$COMPANY.$TESTTOOL.test:com.$COMPANY.$TESTTOOL.$PROJECT.tests)==null. reporters={com.$COMPANY.tools:$TESTTOOL-test-launcher=[hudson.maven.reporters.BuildInfoRecorder@8cac17, hudson.maven.reporters.MavenSiteArchiver@15e330, hudson.maven.reporters.MavenJavadocArchiver@f69ed3, hudson.maven.reporters.MavenArtifactArchiver@18dce5b, hudson.maven.reporters.SurefireArchiver@1356db6, hudson.maven.reporters.MavenFingerprinter@1fe59c2, org.jfrog.hudson.MavenDependenciesRecorder@1f161ac, hudson.plugins.cobertura.MavenCoberturaPublisher@b5f36e]} proxies={com.$COMPANY.tools:$TESTTOOL-test-launcher=hudson.maven.MavenModuleSetBuild$Builder$FilterImpl@180ce9c}
[INFO] ------------------------------------------------------------------------
[INFO] Trace
java.lang.AssertionError: reporters.get(com.$COMPANY.$TESTTOOL.test:com.$COMPANY.$TESTTOOL.$PROJECT.tests)==null. reporters={com.$COMPANY.tools:$TESTTOOL-test-launcher=[hudson.maven.reporters.BuildInfoRecorder@8cac17, hudson.maven.reporters.MavenSiteArchiver@15e330, hudson.maven.reporters.MavenJavadocArchiver@f69ed3, hudson.maven.reporters.MavenArtifactArchiver@18dce5b, hudson.maven.reporters.SurefireArchiver@1356db6, hudson.maven.reporters.MavenFingerprinter@1fe59c2, org.jfrog.hudson.MavenDependenciesRecorder@1f161ac, hudson.plugins.cobertura.MavenCoberturaPublisher@b5f36e]} proxies={com.$COMPANY.tools:$TESTTOOL-test-launcher=hudson.maven.MavenModuleSetBuild$Builder$FilterImpl@180ce9c}
	at hudson.maven.MavenModuleSetBuild$Builder.postModule(MavenModuleSetBuild.java:718)
	at hudson.maven.MavenBuilder$Adapter.fireLeaveModule(MavenBuilder.java:304)
	at hudson.maven.MavenBuilder$Adapter.postBuild(MavenBuilder.java:262)
	at org.apache.maven.lifecycle.LifecycleExecutorInterceptor.execute(LifecycleExecutorInterceptor.java:68)
	at org.apache.maven.DefaultMaven.doExecute(DefaultMaven.java:328)
	at org.apache.maven.DefaultMaven.execute(DefaultMaven.java:138)
	at org.apache.maven.cli.MavenCli.main(MavenCli.java:362)
	at sun.reflect.NativeMethodAccessorImpl.invoke0(Native Method)
	at sun.reflect.NativeMethodAccessorImpl.invoke(NativeMethodAccessorImpl.java:39)
	at sun.reflect.DelegatingMethodAccessorImpl.invoke(DelegatingMethodAccessorImpl.java:25)
	at java.lang.reflect.Method.invoke(Method.java:585)
	at org.codehaus.classworlds.Launcher.launchEnhanced(Launcher.java:315)
	at org.codehaus.classworlds.Launcher.launch(Launcher.java:255)
	at hudson.maven.agent.Main.launch(Main.java:165)
	at hudson.maven.MavenBuilder.call(MavenBuilder.java:159)
	at hudson.maven.MavenModuleSetBuild$Builder.call(MavenModuleSetBuild.java:688)
	at hudson.maven.MavenModuleSetBuild$Builder.call(MavenModuleSetBuild.java:632)
	at hudson.remoting.UserRequest.perform(UserRequest.java:104)
	at hudson.remoting.UserRequest.perform(UserRequest.java:48)
	at hudson.remoting.Request$2.run(Request.java:270)
	at java.util.concurrent.Executors$RunnableAdapter.call(Executors.java:417)
	at java.util.concurrent.FutureTask$Sync.innerRun(FutureTask.java:269)
	at java.util.concurrent.FutureTask.run(FutureTask.java:123)
	at java.util.concurrent.ThreadPoolExecutor$Worker.runTask(ThreadPoolExecutor.java:650)
	at java.util.concurrent.ThreadPoolExecutor$Worker.run(ThreadPoolExecutor.java:675)
	at java.lang.Thread.run(Thread.java:595)
[INFO] ------------------------------------------------------------------------
[INFO] Total time: 1 minute 16 seconds
[INFO] Finished at: Thu Feb 04 16:44:29 CET 2010
[INFO] Final Memory: 19M/497M
[INFO] ------------------------------------------------------------------------
channel stopped
Notifying upstream projects of job completion
Finished: FAILURE
