<?xml version="1.0" encoding="UTF-8" ?>
<testsuite failures="0" time="24.857" errors="0" skipped="0" tests="14" name="network.assetproperties.IpHostAssetPropertyHandlerTest">
  <properties>
[...]
</properties>
  <testcase time="0.054" classname="network.assetproperties.IpHostAssetPropertyHandlerTest" name="testRendering"/>
  <testcase time="0.015" classname="network.assetproperties.IpHostAssetPropertyHandlerTest" name="testCleanupModelInstances"/>
  <testcase time="0.259" classname="network.assetproperties.IpHostAssetPropertyHandlerTest" name="testHostnameValidationList_Good"/>
  <testcase time="0.136" classname="network.assetproperties.IpHostAssetPropertyHandlerTest" name="testIpValidationList_Good"/>
  <testcase time="0.236" classname="network.assetproperties.IpHostAssetPropertyHandlerTest" name="testHostnameValidationList_Bad"/>
  <testcase time="0.138" classname="network.assetproperties.IpHostAssetPropertyHandlerTest" name="testIpValidationList_Bad"/>
  <testcase time="0.02" classname="network.assetproperties.IpHostAssetPropertyHandlerTest" name="testAssetPropertyIpHostPanelCreation"/>
  <testcase time="0.001" classname="network.assetproperties.IpHostAssetPropertyHandlerTest" name="testInjector"/>
  <testcase time="0.001" classname="network.assetproperties.IpHostAssetPropertyHandlerTest" name="testHasPlexusRole"/>
  <testcase time="0.011" classname="network.assetproperties.IpHostAssetPropertyHandlerTest" name="testCreatePanel"/>
  <testcase time="0.001" classname="network.assetproperties.IpHostAssetPropertyHandlerTest" name="testGetPropertyKey"/>
  <testcase time="0.001" classname="network.assetproperties.IpHostAssetPropertyHandlerTest" name="testGetPropertyDisplayName"/>
  <testcase time="0.001" classname="network.assetproperties.IpHostAssetPropertyHandlerTest" name="testCreateDisplayComponent"/>
  <testcase time="0.003" classname="network.assetproperties.IpHostAssetPropertyHandlerTest" name="testCreateDisplayComponent_badInput"/>
</testsuite>