<?xml version="1.0" encoding="UTF-8"?>
<testsuite failures="1" tests="8" errors="0" name="Genbios" skip="0">
<testcase classname="Genbios.Valid Conf" name="V4-1" time="0">
</testcase>
<testcase classname="Genbios.Valid Conf" name="V4-1-8Kgran" time="0">
</testcase>
<testcase classname="Genbios.Valid Conf" name="V4-1-endian" time="0">
</testcase>
<testcase classname="Genbios.Valid Conf" name="V4-2" time="0">
</testcase>
<testcase classname="Genbios.Valid Conf" name="500D-V4-1" time="0">
</testcase>
<testcase classname="Genbios.Valid Conf" name="500D-V4-2" time="0">
</testcase>
<testcase classname="Genbios.Valid Conf" name="80D-V1" time="0">
<failure message="1 != 0" type="AssertionError"></failure>
</testcase>
<testcase classname="Genbios.Valid Conf" name="80D-V3-2" time="0">
</testcase>
</testsuite>
