<?xml version="1.0" encoding="utf-8"?>
<test-suite type="TestSuite" id="1000" name="Spades Plus" fullname="Spades Plus" runstate="Runnable" testcasecount="56" result="Failed" site="Child" start-time="2017-05-03 06:10:11Z" end-time="2017-05-03 06:10:25Z" duration="13.213884" total="56" passed="56" failed="0" inconclusive="0" skipped="0" asserts="143">
  <failure>
    <message><![CDATA[One or more child tests had errors]]></message>
  </failure>
  <test-suite type="Assembly" id="1071" name="Assembly-CSharp-Editor.dll" fullname="/Users/admin/Jenkins/workspace/Mobile-Unity-SpadesPlus-Compile-Android/Library/ScriptAssemblies/Assembly-CSharp-Editor.dll" runstate="Runnable" testcasecount="56" result="Passed" start-time="2017-05-03 06:10:11Z" end-time="2017-05-03 06:10:25Z" duration="13.198603" total="56" passed="56" failed="0" inconclusive="0" skipped="0" asserts="143">
    <properties>
      <property name="_PID" value="1832" />
      <property name="_APPDOMAIN" value="Unity Child Domain" />
    </properties>
    <test-suite type="TestFixture" id="1043" name="CommonUtilTest" fullname="CommonUtilTest" classname="CommonUtilTest" runstate="Runnable" testcasecount="3" result="Passed" start-time="2017-05-03 06:10:11Z" end-time="2017-05-03 06:10:12Z" duration="0.053137" total="3" passed="3" failed="0" inconclusive="0" skipped="0" asserts="42">
      <test-case id="1045" name="TestFormatCurrencyByCurrencySymbol" fullname="CommonUtilTest.TestFormatCurrencyByCurrencySymbol" methodname="TestFormatCurrencyByCurrencySymbol" classname="CommonUtilTest" runstate="Runnable" seed="562438187" result="Passed" start-time="2017-05-03 06:10:11Z" end-time="2017-05-03 06:10:11Z" duration="0.030700" asserts="35" />
      <test-case id="1046" name="TestGetDateTimeFromUnixTimestamp" fullname="CommonUtilTest.TestGetDateTimeFromUnixTimestamp" methodname="TestGetDateTimeFromUnixTimestamp" classname="CommonUtilTest" runstate="Runnable" seed="734108510" result="Passed" start-time="2017-05-03 06:10:11Z" end-time="2017-05-03 06:10:11Z" duration="0.002093" asserts="3" />
      <test-case id="1044" name="TestGettingMD5" fullname="CommonUtilTest.TestGettingMD5" methodname="TestGettingMD5" classname="CommonUtilTest" runstate="Runnable" seed="406539121" result="Passed" start-time="2017-05-03 06:10:11Z" end-time="2017-05-03 06:10:12Z" duration="0.010338" asserts="4" />
    </test-suite>
    <test-suite type="TestFixture" id="1047" name="FileUtilTest" fullname="FileUtilTest" classname="FileUtilTest" runstate="Runnable" testcasecount="3" result="Passed" start-time="2017-05-03 06:10:12Z" end-time="2017-05-03 06:10:16Z" duration="4.839167" total="3" passed="3" failed="0" inconclusive="0" skipped="0" asserts="7">
      <test-case id="1048" name="FilterFileTest" fullname="FileUtilTest.FilterFileTest" methodname="FilterFileTest" classname="FileUtilTest" runstate="Runnable" seed="1458573802" result="Passed" start-time="2017-05-03 06:10:12Z" end-time="2017-05-03 06:10:12Z" duration="0.006306" asserts="1" />
      <test-case id="1049" name="SortFileTest" fullname="FileUtilTest.SortFileTest" methodname="SortFileTest" classname="FileUtilTest" runstate="Runnable" seed="1266442927" result="Passed" start-time="2017-05-03 06:10:12Z" end-time="2017-05-03 06:10:16Z" duration="4.814035" asserts="5" />
      <test-case id="1050" name="WhatYouReadShouldBeWhatYouWrite" fullname="FileUtilTest.WhatYouReadShouldBeWhatYouWrite" methodname="WhatYouReadShouldBeWhatYouWrite" classname="FileUtilTest" runstate="Runnable" seed="1245895406" result="Passed" start-time="2017-05-03 06:10:16Z" end-time="2017-05-03 06:10:16Z" duration="0.002006" asserts="1" />
    </test-suite>
    <test-suite type="TestFixture" id="1001" name="HttpErrorTest" fullname="HttpErrorTest" classname="HttpErrorTest" runstate="Runnable" testcasecount="1" result="Passed" start-time="2017-05-03 06:10:16Z" end-time="2017-05-03 06:10:16Z" duration="0.001680" total="1" passed="1" failed="0" inconclusive="0" skipped="0" asserts="5">
      <test-case id="1002" name="TestBadRequestError" fullname="HttpErrorTest.TestBadRequestError" methodname="TestBadRequestError" classname="HttpErrorTest" runstate="Runnable" seed="2016013665" result="Passed" start-time="2017-05-03 06:10:16Z" end-time="2017-05-03 06:10:16Z" duration="0.001138" asserts="5" />
    </test-suite>
    <test-suite type="TestFixture" id="1051" name="LinkedMapTest" fullname="LinkedMapTest" classname="LinkedMapTest" runstate="Runnable" testcasecount="3" result="Passed" start-time="2017-05-03 06:10:16Z" end-time="2017-05-03 06:10:16Z" duration="0.007459" total="3" passed="3" failed="0" inconclusive="0" skipped="0" asserts="13">
      <test-case id="1053" name="LinkedMapRemoveShouldRemoveCorrectly" fullname="LinkedMapTest.LinkedMapRemoveShouldRemoveCorrectly" methodname="LinkedMapRemoveShouldRemoveCorrectly" classname="LinkedMapTest" runstate="Runnable" seed="1438966758" result="Passed" start-time="2017-05-03 06:10:16Z" end-time="2017-05-03 06:10:16Z" duration="0.004914" asserts="9" />
      <test-case id="1052" name="LinkedMapShouldAddCorrectly" fullname="LinkedMapTest.LinkedMapShouldAddCorrectly" methodname="LinkedMapShouldAddCorrectly" classname="LinkedMapTest" runstate="Runnable" seed="959568197" result="Passed" start-time="2017-05-03 06:10:16Z" end-time="2017-05-03 06:10:16Z" duration="0.000377" asserts="3" />
      <test-case id="1054" name="RemoveAllShouldWorkProperly" fullname="LinkedMapTest.RemoveAllShouldWorkProperly" methodname="RemoveAllShouldWorkProperly" classname="LinkedMapTest" runstate="Runnable" seed="714431630" result="Passed" start-time="2017-05-03 06:10:16Z" end-time="2017-05-03 06:10:16Z" duration="0.000505" asserts="1" />
    </test-suite>
    <test-suite type="TestFixture" id="1010" name="LoggerTest" fullname="LoggerTest" classname="LoggerTest" runstate="Runnable" testcasecount="5" result="Passed" start-time="2017-05-03 06:10:16Z" end-time="2017-05-03 06:10:24Z" duration="7.847626" total="5" passed="5" failed="0" inconclusive="0" skipped="0" asserts="7">
      <test-case id="1012" name="ArchiveShouldDeleteOldestFile" fullname="LoggerTest.ArchiveShouldDeleteOldestFile" methodname="ArchiveShouldDeleteOldestFile" classname="LoggerTest" runstate="Runnable" seed="1599664115" result="Passed" start-time="2017-05-03 06:10:16Z" end-time="2017-05-03 06:10:19Z" duration="2.266800" asserts="1" />
      <test-case id="1011" name="ArchiveShouldHoldCertainAmountOfFiles" fullname="LoggerTest.ArchiveShouldHoldCertainAmountOfFiles" methodname="ArchiveShouldHoldCertainAmountOfFiles" classname="LoggerTest" runstate="Runnable" seed="1579117962" result="Passed" start-time="2017-05-03 06:10:19Z" end-time="2017-05-03 06:10:20Z" duration="1.143973" asserts="1" />
      <test-case id="1015" name="logger_should_write_to_the_end_of_the_current_file" fullname="LoggerTest.logger_should_write_to_the_end_of_the_current_file" methodname="logger_should_write_to_the_end_of_the_current_file" classname="LoggerTest" runstate="Runnable" seed="694486628" result="Passed" start-time="2017-05-03 06:10:20Z" end-time="2017-05-03 06:10:22Z" duration="2.296902" asserts="3" />
      <test-case id="1014" name="ReadCurrentAndArchiveFiles" fullname="LoggerTest.ReadCurrentAndArchiveFiles" methodname="ReadCurrentAndArchiveFiles" classname="LoggerTest" runstate="Runnable" seed="238826746" result="Passed" start-time="2017-05-03 06:10:22Z" end-time="2017-05-03 06:10:23Z" duration="1.087130" asserts="1" />
      <test-case id="1013" name="ReadCurrentFile" fullname="LoggerTest.ReadCurrentFile" methodname="ReadCurrentFile" classname="LoggerTest" runstate="Runnable" seed="624668652" result="Passed" start-time="2017-05-03 06:10:23Z" end-time="2017-05-03 06:10:24Z" duration="1.049961" asserts="1" />
    </test-suite>
    <test-suite type="TestFixture" id="1016" name="NetworkServiceUnitTest" fullname="NetworkServiceUnitTest" classname="NetworkServiceUnitTest" runstate="Runnable" testcasecount="11" result="Passed" start-time="2017-05-03 06:10:24Z" end-time="2017-05-03 06:10:24Z" duration="0.041023" total="11" passed="11" failed="0" inconclusive="0" skipped="0" asserts="0">
      <test-case id="1020" name="TestAuthenticateRequest" fullname="NetworkServiceUnitTest.TestAuthenticateRequest" methodname="TestAuthenticateRequest" classname="NetworkServiceUnitTest" runstate="Runnable" seed="1414273275" result="Passed" start-time="2017-05-03 06:10:24Z" end-time="2017-05-03 06:10:24Z" duration="0.019884" asserts="0" />
      <test-case id="1021" name="TestAuthenticateResponse" fullname="NetworkServiceUnitTest.TestAuthenticateResponse" methodname="TestAuthenticateResponse" classname="NetworkServiceUnitTest" runstate="Runnable" seed="1757440770" result="Passed" start-time="2017-05-03 06:10:24Z" end-time="2017-05-03 06:10:24Z" duration="0.007136" asserts="0" />
      <test-case id="1017" name="TestConvertToByteArray" fullname="NetworkServiceUnitTest.TestConvertToByteArray" methodname="TestConvertToByteArray" classname="NetworkServiceUnitTest" runstate="Runnable" seed="4054964" result="Passed" start-time="2017-05-03 06:10:24Z" end-time="2017-05-03 06:10:24Z" duration="0.000597" asserts="0" />
      <test-case id="1027" name="TestGetCommandId" fullname="NetworkServiceUnitTest.TestGetCommandId" methodname="TestGetCommandId" classname="NetworkServiceUnitTest" runstate="Runnable" seed="1926145042" result="Passed" start-time="2017-05-03 06:10:24Z" end-time="2017-05-03 06:10:24Z" duration="0.000367" asserts="0" />
      <test-case id="1023" name="TestParseAuthenticationResponse" fullname="NetworkServiceUnitTest.TestParseAuthenticationResponse" methodname="TestParseAuthenticationResponse" classname="NetworkServiceUnitTest" runstate="Runnable" seed="768659130" result="Passed" start-time="2017-05-03 06:10:24Z" end-time="2017-05-03 06:10:24Z" duration="0.002316" asserts="0" />
      <test-case id="1026" name="TestParseHalfMessage" fullname="NetworkServiceUnitTest.TestParseHalfMessage" methodname="TestParseHalfMessage" classname="NetworkServiceUnitTest" runstate="Runnable" seed="1413814482" result="Passed" start-time="2017-05-03 06:10:24Z" end-time="2017-05-03 06:10:24Z" duration="0.003948" asserts="0" />
      <test-case id="1022" name="TestParsePingResponse" fullname="NetworkServiceUnitTest.TestParsePingResponse" methodname="TestParsePingResponse" classname="NetworkServiceUnitTest" runstate="Runnable" seed="448373216" result="Passed" start-time="2017-05-03 06:10:24Z" end-time="2017-05-03 06:10:24Z" duration="0.000634" asserts="0" />
      <test-case id="1025" name="TestParseTwoMessages" fullname="NetworkServiceUnitTest.TestParseTwoMessages" methodname="TestParseTwoMessages" classname="NetworkServiceUnitTest" runstate="Runnable" seed="565257172" result="Passed" start-time="2017-05-03 06:10:24Z" end-time="2017-05-03 06:10:24Z" duration="0.000587" asserts="0" />
      <test-case id="1024" name="TestParseUnfinishedMessage" fullname="NetworkServiceUnitTest.TestParseUnfinishedMessage" methodname="TestParseUnfinishedMessage" classname="NetworkServiceUnitTest" runstate="Runnable" seed="1236451864" result="Passed" start-time="2017-05-03 06:10:24Z" end-time="2017-05-03 06:10:24Z" duration="0.000316" asserts="0" />
      <test-case id="1019" name="TestPingMessageDeserialize" fullname="NetworkServiceUnitTest.TestPingMessageDeserialize" methodname="TestPingMessageDeserialize" classname="NetworkServiceUnitTest" runstate="Runnable" seed="1294372486" result="Passed" start-time="2017-05-03 06:10:24Z" end-time="2017-05-03 06:10:24Z" duration="0.000211" asserts="0" />
      <test-case id="1018" name="TestPingMessageSerialize" fullname="NetworkServiceUnitTest.TestPingMessageSerialize" methodname="TestPingMessageSerialize" classname="NetworkServiceUnitTest" runstate="Runnable" seed="647770269" result="Passed" start-time="2017-05-03 06:10:24Z" end-time="2017-05-03 06:10:24Z" duration="0.000194" asserts="0" />
    </test-suite>
    <test-suite type="TestFixture" id="1028" name="ObjectPoolTest" fullname="ObjectPoolTest" classname="ObjectPoolTest" runstate="Runnable" testcasecount="6" result="Passed" start-time="2017-05-03 06:10:24Z" end-time="2017-05-03 06:10:24Z" duration="0.005640" total="6" passed="6" failed="0" inconclusive="0" skipped="0" asserts="8">
      <test-case id="1034" name="CleaningShouldDoTheTrick" fullname="ObjectPoolTest.CleaningShouldDoTheTrick" methodname="CleaningShouldDoTheTrick" classname="ObjectPoolTest" runstate="Runnable" seed="933353809" result="Passed" start-time="2017-05-03 06:10:24Z" end-time="2017-05-03 06:10:24Z" duration="0.001918" asserts="2" />
      <test-case id="1029" name="GettingObjectShouldWorkCorrectly" fullname="ObjectPoolTest.GettingObjectShouldWorkCorrectly" methodname="GettingObjectShouldWorkCorrectly" classname="ObjectPoolTest" runstate="Runnable" seed="1070951964" result="Passed" start-time="2017-05-03 06:10:24Z" end-time="2017-05-03 06:10:24Z" duration="0.000580" asserts="1" />
      <test-case id="1031" name="PoolShouldTendToReturnFreeObjectsIfItHasAny" fullname="ObjectPoolTest.PoolShouldTendToReturnFreeObjectsIfItHasAny" methodname="PoolShouldTendToReturnFreeObjectsIfItHasAny" classname="ObjectPoolTest" runstate="Runnable" seed="1495781028" result="Passed" start-time="2017-05-03 06:10:24Z" end-time="2017-05-03 06:10:24Z" duration="0.000368" asserts="1" />
      <test-case id="1030" name="ReturningInstanceShouldNormalizeIt" fullname="ObjectPoolTest.ReturningInstanceShouldNormalizeIt" methodname="ReturningInstanceShouldNormalizeIt" classname="ObjectPoolTest" runstate="Runnable" seed="1535241767" result="Passed" start-time="2017-05-03 06:10:24Z" end-time="2017-05-03 06:10:24Z" duration="0.000320" asserts="2" />
      <test-case id="1033" name="TotalInstanceCountCannotExceedMaximumSize" fullname="ObjectPoolTest.TotalInstanceCountCannotExceedMaximumSize" methodname="TotalInstanceCountCannotExceedMaximumSize" classname="ObjectPoolTest" runstate="Runnable" seed="1062886291" result="Passed" start-time="2017-05-03 06:10:24Z" end-time="2017-05-03 06:10:24Z" duration="0.000191" asserts="1" />
      <test-case id="1032" name="WhenMaxSizeReachPoolShouldReturnNullObjects" fullname="ObjectPoolTest.WhenMaxSizeReachPoolShouldReturnNullObjects" methodname="WhenMaxSizeReachPoolShouldReturnNullObjects" classname="ObjectPoolTest" runstate="Runnable" seed="1399591982" result="Passed" start-time="2017-05-03 06:10:24Z" end-time="2017-05-03 06:10:24Z" duration="0.000263" asserts="1" />
    </test-suite>
    <test-suite type="TestFixture" id="1055" name="PlayerPrefsUtilTest" fullname="PlayerPrefsUtilTest" classname="PlayerPrefsUtilTest" runstate="Runnable" testcasecount="2" result="Passed" start-time="2017-05-03 06:10:24Z" end-time="2017-05-03 06:10:24Z" duration="0.003687" total="2" passed="2" failed="0" inconclusive="0" skipped="0" asserts="4">
      <test-case id="1056" name="GetEnumDefaultValueTest" fullname="PlayerPrefsUtilTest.GetEnumDefaultValueTest" methodname="GetEnumDefaultValueTest" classname="PlayerPrefsUtilTest" runstate="Runnable" seed="2024922379" result="Passed" start-time="2017-05-03 06:10:24Z" end-time="2017-05-03 06:10:24Z" duration="0.001975" asserts="2" />
      <test-case id="1057" name="GetSetEnumTest" fullname="PlayerPrefsUtilTest.GetSetEnumTest" methodname="GetSetEnumTest" classname="PlayerPrefsUtilTest" runstate="Runnable" seed="635292678" result="Passed" start-time="2017-05-03 06:10:24Z" end-time="2017-05-03 06:10:24Z" duration="0.000855" asserts="2" />
    </test-suite>
    <test-suite type="TestFixture" id="1058" name="PropertyBindingTest" fullname="PropertyBindingTest" classname="PropertyBindingTest" runstate="Runnable" testcasecount="5" result="Passed" start-time="2017-05-03 06:10:24Z" end-time="2017-05-03 06:10:24Z" duration="0.180677" total="5" passed="5" failed="0" inconclusive="0" skipped="0" asserts="2">
      <test-case id="1063" name="OldNewValueTest" fullname="PropertyBindingTest.OldNewValueTest" methodname="OldNewValueTest" classname="PropertyBindingTest" runstate="Runnable" seed="1113090647" result="Passed" start-time="2017-05-03 06:10:24Z" end-time="2017-05-03 06:10:24Z" duration="0.167453" asserts="0" />
      <test-case id="1059" name="ReferenceTypesTest" fullname="PropertyBindingTest.ReferenceTypesTest" methodname="ReferenceTypesTest" classname="PropertyBindingTest" runstate="Runnable" seed="320955346" result="Passed" start-time="2017-05-03 06:10:24Z" end-time="2017-05-03 06:10:24Z" duration="0.004699" asserts="1" />
      <test-case id="1061" name="RegisterTest" fullname="PropertyBindingTest.RegisterTest" methodname="RegisterTest" classname="PropertyBindingTest" runstate="Runnable" seed="161528818" result="Passed" start-time="2017-05-03 06:10:24Z" end-time="2017-05-03 06:10:24Z" duration="0.001355" asserts="0" />
      <test-case id="1060" name="StructTypesTest" fullname="PropertyBindingTest.StructTypesTest" methodname="StructTypesTest" classname="PropertyBindingTest" runstate="Runnable" seed="680040599" result="Passed" start-time="2017-05-03 06:10:24Z" end-time="2017-05-03 06:10:24Z" duration="0.002905" asserts="1" />
      <test-case id="1062" name="UnregisterTest" fullname="PropertyBindingTest.UnregisterTest" methodname="UnregisterTest" classname="PropertyBindingTest" runstate="Runnable" seed="418375491" result="Passed" start-time="2017-05-03 06:10:24Z" end-time="2017-05-03 06:10:24Z" duration="0.001657" asserts="0" />
    </test-suite>
    <test-suite type="TestFixture" id="1064" name="ScreenshotUtilTest" fullname="ScreenshotUtilTest" classname="ScreenshotUtilTest" runstate="Runnable" testcasecount="1" result="Passed" start-time="2017-05-03 06:10:24Z" end-time="2017-05-03 06:10:24Z" duration="0.004639" total="1" passed="1" failed="0" inconclusive="0" skipped="0" asserts="5">
      <output><![CDATA[You are trying to create a MonoBehaviour using the 'new' keyword.  This is not allowed.  MonoBehaviours can only be added using AddComponent().  Alternatively, your script can inherit from ScriptableObject or no base class at all
]]></output>
      <test-case id="1065" name="test_rect_resize" fullname="ScreenshotUtilTest.test_rect_resize" methodname="test_rect_resize" classname="ScreenshotUtilTest" runstate="Runnable" seed="34413272" result="Passed" start-time="2017-05-03 06:10:24Z" end-time="2017-05-03 06:10:24Z" duration="0.001017" asserts="5" />
    </test-suite>
    <test-suite type="TestFixture" id="1066" name="StringExtentionsTest" fullname="StringExtentionsTest" classname="StringExtentionsTest" runstate="Runnable" testcasecount="1" result="Passed" start-time="2017-05-03 06:10:24Z" end-time="2017-05-03 06:10:24Z" duration="0.000985" total="1" passed="1" failed="0" inconclusive="0" skipped="0" asserts="5">
      <test-case id="1067" name="TestUppercaseFirstLetter" fullname="StringExtentionsTest.TestUppercaseFirstLetter" methodname="TestUppercaseFirstLetter" classname="StringExtentionsTest" runstate="Runnable" seed="1877445378" result="Passed" start-time="2017-05-03 06:10:24Z" end-time="2017-05-03 06:10:24Z" duration="0.000464" asserts="5" />
    </test-suite>
    <test-suite type="TestSuite" id="1072" name="Test" fullname="Test" runstate="Runnable" testcasecount="7" result="Passed" start-time="2017-05-03 06:10:24Z" end-time="2017-05-03 06:10:25Z" duration="0.083132" total="7" passed="7" failed="0" inconclusive="0" skipped="0" asserts="0">
      <test-suite type="TestSuite" id="1073" name="PeakLibrary" fullname="Test.PeakLibrary" runstate="Runnable" testcasecount="7" result="Passed" start-time="2017-05-03 06:10:24Z" end-time="2017-05-03 06:10:25Z" duration="0.082979" total="7" passed="7" failed="0" inconclusive="0" skipped="0" asserts="0">
        <test-suite type="TestSuite" id="1074" name="Tasks" fullname="Test.PeakLibrary.Tasks" runstate="Runnable" testcasecount="7" result="Passed" start-time="2017-05-03 06:10:24Z" end-time="2017-05-03 06:10:25Z" duration="0.082830" total="7" passed="7" failed="0" inconclusive="0" skipped="0" asserts="0">
          <test-suite type="TestFixture" id="1035" name="TaskServiceTest" fullname="Test.PeakLibrary.Tasks.TaskServiceTest" classname="Test.PeakLibrary.Tasks.TaskServiceTest" runstate="Runnable" testcasecount="7" result="Passed" start-time="2017-05-03 06:10:24Z" end-time="2017-05-03 06:10:25Z" duration="0.082652" total="7" passed="7" failed="0" inconclusive="0" skipped="0" asserts="0">
            <test-case id="1037" name="TestCallbackActionPool" fullname="Test.PeakLibrary.Tasks.TaskServiceTest.TestCallbackActionPool" methodname="TestCallbackActionPool" classname="Test.PeakLibrary.Tasks.TaskServiceTest" runstate="Runnable" seed="1994312405" result="Passed" start-time="2017-05-03 06:10:24Z" end-time="2017-05-03 06:10:24Z" duration="0.036888" asserts="0" />
            <test-case id="1036" name="TestExecuteActionPool" fullname="Test.PeakLibrary.Tasks.TaskServiceTest.TestExecuteActionPool" methodname="TestExecuteActionPool" classname="Test.PeakLibrary.Tasks.TaskServiceTest" runstate="Runnable" seed="1468257361" result="Passed" start-time="2017-05-03 06:10:24Z" end-time="2017-05-03 06:10:24Z" duration="0.001861" asserts="0" />
            <test-case id="1040" name="TestTaskFactory" fullname="Test.PeakLibrary.Tasks.TaskServiceTest.TestTaskFactory" methodname="TestTaskFactory" classname="Test.PeakLibrary.Tasks.TaskServiceTest" runstate="Runnable" seed="970829554" result="Passed" start-time="2017-05-03 06:10:24Z" end-time="2017-05-03 06:10:24Z" duration="0.013276" asserts="0" />
            <test-case id="1041" name="TestTaskQueue" fullname="Test.PeakLibrary.Tasks.TaskServiceTest.TestTaskQueue" methodname="TestTaskQueue" classname="Test.PeakLibrary.Tasks.TaskServiceTest" runstate="Runnable" seed="106675047" result="Passed" start-time="2017-05-03 06:10:24Z" end-time="2017-05-03 06:10:24Z" duration="0.005803" asserts="0">
              <output><![CDATA[<color=green>CallbackActionTask Start: </color>00355b6f-7864-438d-a07e-14312d03a1e5
<color=magenta>CallbackActionTask Complete: </color>00355b6f-7864-438d-a07e-14312d03a1e5
]]></output>
            </test-case>
            <test-case id="1042" name="TestTaskService" fullname="Test.PeakLibrary.Tasks.TaskServiceTest.TestTaskService" methodname="TestTaskService" classname="Test.PeakLibrary.Tasks.TaskServiceTest" runstate="Runnable" seed="8717003" result="Passed" start-time="2017-05-03 06:10:25Z" end-time="2017-05-03 06:10:25Z" duration="0.019612" asserts="0">
              <output><![CDATA[<color=green>CallbackActionTask Start: </color>815d9678-3f30-4b51-a9a9-e0f693e18d01
<color=magenta>CallbackActionTask Complete: </color>815d9678-3f30-4b51-a9a9-e0f693e18d01
<color=green>CallbackActionTask Start: </color>583a8368-7828-422b-88eb-b3bce80cacc9
<color=magenta>CallbackActionTask Complete: </color>583a8368-7828-422b-88eb-b3bce80cacc9
<color=green>CallbackActionTask Start: </color>41eac8b0-8c98-4ae9-b044-93f52cf64ef4
<color=magenta>CallbackActionTask Complete: </color>41eac8b0-8c98-4ae9-b044-93f52cf64ef4
]]></output>
            </test-case>
            <test-case id="1038" name="TestWaitForSecondsPool" fullname="Test.PeakLibrary.Tasks.TaskServiceTest.TestWaitForSecondsPool" methodname="TestWaitForSecondsPool" classname="Test.PeakLibrary.Tasks.TaskServiceTest" runstate="Runnable" seed="1362020642" result="Passed" start-time="2017-05-03 06:10:25Z" end-time="2017-05-03 06:10:25Z" duration="0.000723" asserts="0" />
            <test-case id="1039" name="TestWaitForSignalPool" fullname="Test.PeakLibrary.Tasks.TaskServiceTest.TestWaitForSignalPool" methodname="TestWaitForSignalPool" classname="Test.PeakLibrary.Tasks.TaskServiceTest" runstate="Runnable" seed="525556941" result="Passed" start-time="2017-05-03 06:10:25Z" end-time="2017-05-03 06:10:25Z" duration="0.000655" asserts="0" />
          </test-suite>
        </test-suite>
      </test-suite>
    </test-suite>
    <test-suite type="TestFixture" id="1068" name="TextUtilTest" fullname="TextUtilTest" classname="TextUtilTest" runstate="Runnable" testcasecount="2" result="Passed" start-time="2017-05-03 06:10:25Z" end-time="2017-05-03 06:10:25Z" duration="0.004344" total="2" passed="2" failed="0" inconclusive="0" skipped="0" asserts="45">
      <test-case id="1069" name="TestGetFormattedChipString" fullname="TextUtilTest.TestGetFormattedChipString" methodname="TestGetFormattedChipString" classname="TextUtilTest" runstate="Runnable" seed="368417474" result="Passed" start-time="2017-05-03 06:10:25Z" end-time="2017-05-03 06:10:25Z" duration="0.003268" asserts="38" />
      <test-case id="1070" name="TestGetShortName" fullname="TextUtilTest.TestGetShortName" methodname="TestGetShortName" classname="TextUtilTest" runstate="Runnable" seed="70680404" result="Passed" start-time="2017-05-03 06:10:25Z" end-time="2017-05-03 06:10:25Z" duration="0.000307" asserts="7" />
    </test-suite>
    <test-suite type="TestFixture" id="1003" name="ThrottlingHttpClientTest" fullname="ThrottlingHttpClientTest" classname="ThrottlingHttpClientTest" runstate="Runnable" testcasecount="6" result="Passed" start-time="2017-05-03 06:10:25Z" end-time="2017-05-03 06:10:25Z" duration="0.121707" total="6" passed="6" failed="0" inconclusive="0" skipped="0" asserts="0">
      <test-case id="1006" name="TestHttpError" fullname="ThrottlingHttpClientTest.TestHttpError" methodname="TestHttpError" classname="ThrottlingHttpClientTest" runstate="Runnable" seed="1401442914" result="Passed" start-time="2017-05-03 06:10:25Z" end-time="2017-05-03 06:10:25Z" duration="0.018657" asserts="0">
        <output><![CDATA[Enqueued request 861fbf
Enqueued request 551a41
]]></output>
      </test-case>
      <test-case id="1009" name="TestMultipleRequests" fullname="ThrottlingHttpClientTest.TestMultipleRequests" methodname="TestMultipleRequests" classname="ThrottlingHttpClientTest" runstate="Runnable" seed="1679119633" result="Passed" start-time="2017-05-03 06:10:25Z" end-time="2017-05-03 06:10:25Z" duration="0.089996" asserts="0">
        <output><![CDATA[Enqueued request 0
Enqueued request 1
Enqueued request 2
Enqueued request 3
Enqueued request 4
Enqueued request 5
Enqueued request 6
Enqueued request 7
Enqueued request 8
Enqueued request 9
Enqueued request 10
Enqueued request 11
Enqueued request 12
Enqueued request 13
Enqueued request 14
Enqueued request 15
Enqueued request 16
Enqueued request 17
Enqueued request 18
Enqueued request 19
Enqueued request 20
Enqueued request 21
Enqueued request 22
Enqueued request 23
Enqueued request 24
Enqueued request 25
Enqueued request 26
Enqueued request 27
Enqueued request 28
Enqueued request 29
Enqueued request 30
Enqueued request 31
Enqueued request 32
Enqueued request 33
Enqueued request 34
Enqueued request 35
Enqueued request 36
Enqueued request 37
Enqueued request 38
Enqueued request 39
Enqueued request 40
Enqueued request 41
Enqueued request 42
Enqueued request 43
Enqueued request 44
Enqueued request 45
Enqueued request 46
Enqueued request 47
Enqueued request 48
Enqueued request 49
Enqueued request 50
Enqueued request 51
Enqueued request 52
Enqueued request 53
Enqueued request 54
Enqueued request 55
Enqueued request 56
Enqueued request 57
Enqueued request 58
Enqueued request 59
Enqueued request 60
Enqueued request 61
Enqueued request 62
Enqueued request 63
Enqueued request 64
Enqueued request 65
Enqueued request 66
Enqueued request 67
Enqueued request 68
Enqueued request 69
Enqueued request 70
Enqueued request 71
Enqueued request 72
Enqueued request 73
Enqueued request 74
Enqueued request 75
Enqueued request 76
Enqueued request 77
Enqueued request 78
Enqueued request 79
Enqueued request 80
Enqueued request 81
Enqueued request 82
Enqueued request 83
Enqueued request 84
Enqueued request 85
Enqueued request 86
Enqueued request 87
Enqueued request 88
Enqueued request 89
Enqueued request 90
Enqueued request 91
Enqueued request 92
Enqueued request 93
Enqueued request 94
Enqueued request 95
Enqueued request 96
Enqueued request 97
Enqueued request 98
Enqueued request 99
]]></output>
      </test-case>
      <test-case id="1005" name="TestRequestListItemsWaitingForCooldown" fullname="ThrottlingHttpClientTest.TestRequestListItemsWaitingForCooldown" methodname="TestRequestListItemsWaitingForCooldown" classname="ThrottlingHttpClientTest" runstate="Runnable" seed="695942925" result="Passed" start-time="2017-05-03 06:10:25Z" end-time="2017-05-03 06:10:25Z" duration="0.002683" asserts="0">
        <output><![CDATA[Enqueued request 4699ac
Enqueued request 75e1f0
]]></output>
      </test-case>
      <test-case id="1007" name="TestRequestShouldWaitForPreviousResponse" fullname="ThrottlingHttpClientTest.TestRequestShouldWaitForPreviousResponse" methodname="TestRequestShouldWaitForPreviousResponse" classname="ThrottlingHttpClientTest" runstate="Runnable" seed="963043839" result="Passed" start-time="2017-05-03 06:10:25Z" end-time="2017-05-03 06:10:25Z" duration="0.002467" asserts="0">
        <output><![CDATA[Enqueued request 9d9716
Enqueued request 451d49
]]></output>
      </test-case>
      <test-case id="1004" name="TestShouldCallSendFunctionWithCorrectItemAndTime" fullname="ThrottlingHttpClientTest.TestShouldCallSendFunctionWithCorrectItemAndTime" methodname="TestShouldCallSendFunctionWithCorrectItemAndTime" classname="ThrottlingHttpClientTest" runstate="Runnable" seed="337487521" result="Passed" start-time="2017-05-03 06:10:25Z" end-time="2017-05-03 06:10:25Z" duration="0.001998" asserts="0">
        <output><![CDATA[Enqueued request e488dd
Enqueued request 6268d0
]]></output>
      </test-case>
      <test-case id="1008" name="TestTimeoutFunctionality" fullname="ThrottlingHttpClientTest.TestTimeoutFunctionality" methodname="TestTimeoutFunctionality" classname="ThrottlingHttpClientTest" runstate="Runnable" seed="485111025" result="Passed" start-time="2017-05-03 06:10:25Z" end-time="2017-05-03 06:10:25Z" duration="0.001820" asserts="0">
        <output><![CDATA[Enqueued request 78f272
Enqueued request 7e28ef
]]></output>
      </test-case>
    </test-suite>
  </test-suite>
  <test-suite type="Assembly" id="1075" name="Assembly-CSharp-Editor-firstpass.dll" fullname="/Users/admin/Jenkins/workspace/Mobile-Unity-SpadesPlus-Compile-Android/Library/ScriptAssemblies/Assembly-CSharp-Editor-firstpass.dll" runstate="NotRunnable" testcasecount="0" result="Failed" label="Invalid" site="SetUp" start-time="2017-05-03 06:10:25Z" end-time="2017-05-03 06:10:25Z" duration="0.002017" total="0" passed="0" failed="0" inconclusive="0" skipped="0" asserts="0">
    <properties>
      <property name="_SKIPREASON" value="Has no TestFixtures" />
      <property name="_PID" value="1832" />
      <property name="_APPDOMAIN" value="Unity Child Domain" />
    </properties>
    <failure>
      <message><![CDATA[Has no TestFixtures]]></message>
    </failure>
  </test-suite>
</test-suite>