2017/04/18 13:22:48 INFO  - jmeter.util.JMeterUtils: Setting Locale to en_US 
2017/04/18 13:22:48 INFO  - jmeter.JMeter: Loading user properties from: C:\IntegrationTools\Jmeter\apache-jmeter-3.1\bin\user.properties 
2017/04/18 13:22:48 INFO  - jmeter.JMeter: Loading system properties from: C:\IntegrationTools\Jmeter\apache-jmeter-3.1\bin\system.properties 
2017/04/18 13:22:48 INFO  - jmeter.JMeter: Setting JMeter property: URL=http://10.101.0.17/AP_042_Prod_anon_737/Pages/Default.aspx 
2017/04/18 13:22:48 INFO  - jmeter.JMeter: Setting JMeter property: username=User1 
2017/04/18 13:22:48 INFO  - jmeter.JMeter: Setting JMeter property: password=9999 
2017/04/18 13:22:48 INFO  - jmeter.JMeter: Setting JMeter property: Users=1 
2017/04/18 13:22:48 INFO  - jmeter.JMeter: Setting JMeter property: study=Study3 
2017/04/18 13:22:48 INFO  - jmeter.JMeter: Setting JMeter property: chromedriverpath=C:\IntegrationTools\Jmeter\chromedriver.exe 
2017/04/18 13:22:48 INFO  - jmeter.JMeter: Copyright (c) 1998-2016 The Apache Software Foundation 
2017/04/18 13:22:48 INFO  - jmeter.JMeter: Version 3.1 r1770033 
2017/04/18 13:22:48 INFO  - jmeter.JMeter: java.version=1.8.0_121 
2017/04/18 13:22:48 INFO  - jmeter.JMeter: java.vm.name=Java HotSpot(TM) Client VM 
2017/04/18 13:22:48 INFO  - jmeter.JMeter: os.name=Windows Server 2012 R2 
2017/04/18 13:22:48 INFO  - jmeter.JMeter: os.arch=x86 
2017/04/18 13:22:48 INFO  - jmeter.JMeter: os.version=6.3 
2017/04/18 13:22:48 INFO  - jmeter.JMeter: file.encoding=Cp1252 
2017/04/18 13:22:48 INFO  - jmeter.JMeter: Max memory     =523501568 
2017/04/18 13:22:48 INFO  - jmeter.JMeter: Available Processors =8 
2017/04/18 13:22:48 INFO  - jmeter.JMeter: Default Locale=English (United States) 
2017/04/18 13:22:48 INFO  - jmeter.JMeter: JMeter  Locale=English (United States) 
2017/04/18 13:22:48 INFO  - jmeter.JMeter: JMeterHome=C:\IntegrationTools\Jmeter\apache-jmeter-3.1 
2017/04/18 13:22:48 INFO  - jmeter.JMeter: user.dir  =c:\Jenkins\workspace\PerformanceTestError 
2017/04/18 13:22:48 INFO  - jmeter.JMeter: PWD       =C:\Jenkins\workspace\PerformanceTestError 
2017/04/18 13:22:48 INFO  - jmeter.JMeter: IP: 10.100.0.12 Name: ICDevSDLC01 FullName: ICDevSDLC01.edcinvestments.com 
2017/04/18 13:22:48 INFO  - jmeter.JMeter: Setting property 'jmeter.reportgenerator.outputdir' to:'c:\Jenkins\workspace\PerformanceTestError\Output\Report' 
2017/04/18 13:22:48 INFO  - jmeter.services.FileServer: Default base='c:\Jenkins\workspace\PerformanceTestError' 
2017/04/18 13:22:48 INFO  - jmeter.services.FileServer: Set new base='C:\IntegrationTools\Jmeter' 
2017/04/18 13:22:48 INFO  - jmeter.save.SaveService: Testplan (JMX) version: 2.2. Testlog (JTL) version: 2.2 
2017/04/18 13:22:48 INFO  - jmeter.save.SaveService: Using SaveService properties file encoding UTF-8 
2017/04/18 13:22:48 INFO  - jmeter.save.SaveService: Using SaveService properties version 3.1 
2017/04/18 13:22:48 INFO  - jmeter.save.SaveService: All converter versions present and correct 
2017/04/18 13:22:48 INFO  - jmeter.save.SaveService: Loading file: C:\IntegrationTools\Jmeter\AlphadasPSok.jmx 
2017/04/18 13:22:48 INFO  - jmeter.samplers.SampleResult: Note: Sample TimeStamps are START times 
2017/04/18 13:22:48 INFO  - jmeter.samplers.SampleResult: sampleresult.default.encoding is set to ISO-8859-1 
2017/04/18 13:22:48 INFO  - jmeter.samplers.SampleResult: sampleresult.useNanoTime=true 
2017/04/18 13:22:48 INFO  - jmeter.samplers.SampleResult: sampleresult.nanoThreadSleep=5000 
2017/04/18 13:22:48 INFO  - jmeter.JMeter: Creating summariser <summary> 
2017/04/18 13:22:48 INFO  - jmeter.report.dashboard.ReportGenerator: ReportGenerator will use for Parsing the separator:',' 
2017/04/18 13:22:48 INFO  - jmeter.report.dashboard.ReportGenerator: Will generate report at end of test from  results file:c:\Jenkins\workspace\PerformanceTestError\Output\results\results.jtl 
2017/04/18 13:22:48 INFO  - jmeter.report.dashboard.ReportGenerator: Reading report generator properties from:C:\IntegrationTools\Jmeter\apache-jmeter-3.1\bin\reportgenerator.properties 
2017/04/18 13:22:48 INFO  - jmeter.report.dashboard.ReportGenerator: Merging with JMeter properties 
2017/04/18 13:22:48 INFO  - jmeter.report.config.ReportGeneratorConfiguration: Property "jmeter.reportgenerator.temp_dir" not found, using default value "temp" instead. 
2017/04/18 13:22:48 INFO  - jmeter.report.config.ReportGeneratorConfiguration: Property "jmeter.reportgenerator.sample_filter" not found, using default value "null" instead. 
2017/04/18 13:22:48 INFO  - jmeter.report.config.ReportGeneratorConfiguration: Property "jmeter.reportgenerator.report_title" not found, using default value "null" instead. 
2017/04/18 13:22:48 INFO  - jmeter.report.config.ReportGeneratorConfiguration: Property "jmeter.reportgenerator.start_date" not found, using default value "null" instead. 
2017/04/18 13:22:48 INFO  - jmeter.report.config.ReportGeneratorConfiguration: Property "jmeter.reportgenerator.end_date" not found, using default value "null" instead. 
2017/04/18 13:22:48 INFO  - jmeter.report.config.ReportGeneratorConfiguration: Property "jmeter.reportgenerator.date_format" not found, using default value "null" instead. 
2017/04/18 13:22:48 INFO  - jmeter.report.config.ReportGeneratorConfiguration: Will use date range start date: null, end date: null 
2017/04/18 13:22:48 INFO  - jmeter.report.config.ReportGeneratorConfiguration: Property "jmeter.reportgenerator.graph.activeThreadsOverTime.exclude_controllers" not found, using default value "false" instead. 
2017/04/18 13:22:48 INFO  - jmeter.report.config.ReportGeneratorConfiguration: Property "jmeter.reportgenerator.graph.timeVsThreads.exclude_controllers" not found, using default value "false" instead. 
2017/04/18 13:22:48 INFO  - jmeter.report.config.ReportGeneratorConfiguration: Property "jmeter.reportgenerator.graph.responseTimeDistribution.exclude_controllers" not found, using default value "false" instead. 
2017/04/18 13:22:48 INFO  - jmeter.report.config.ReportGeneratorConfiguration: Property "jmeter.reportgenerator.graph.transactionsPerSecond.exclude_controllers" not found, using default value "false" instead. 
2017/04/18 13:22:48 INFO  - jmeter.report.config.ReportGeneratorConfiguration: Property "jmeter.reportgenerator.graph.responseTimePercentiles.exclude_controllers" not found, using default value "false" instead. 
2017/04/18 13:22:48 INFO  - jmeter.report.config.ReportGeneratorConfiguration: Property "jmeter.reportgenerator.graph.responseTimePercentilesOverTime.exclude_controllers" not found, using default value "false" instead. 
2017/04/18 13:22:48 INFO  - jmeter.report.config.ReportGeneratorConfiguration: Property "jmeter.reportgenerator.graph.responseTimesOverTime.exclude_controllers" not found, using default value "false" instead. 
2017/04/18 13:22:48 INFO  - jmeter.report.config.ReportGeneratorConfiguration: Property "jmeter.reportgenerator.graph.connectTimeOverTime.exclude_controllers" not found, using default value "false" instead. 
2017/04/18 13:22:48 INFO  - jmeter.report.config.ReportGeneratorConfiguration: Property "jmeter.reportgenerator.graph.latenciesOverTime.exclude_controllers" not found, using default value "false" instead. 
2017/04/18 13:22:48 INFO  - jmeter.report.config.ReportGeneratorConfiguration: Property "jmeter.reportgenerator.exporter.html.filters_only_sample_series" not found, using default value "true" instead. 
2017/04/18 13:22:48 INFO  - jmeter.report.config.ReportGeneratorConfiguration: Property "jmeter.reportgenerator.exporter.html.series_filter" not found, using default value "" instead. 
2017/04/18 13:22:48 INFO  - jmeter.report.config.ReportGeneratorConfiguration: Property "jmeter.reportgenerator.exporter.html.show_controllers_only" not found, using default value "false" instead. 
2017/04/18 13:22:48 INFO  - jmeter.engine.StandardJMeterEngine: Running the test! 
2017/04/18 13:22:48 INFO  - jmeter.samplers.SampleEvent: List of sample_variables: [] 
2017/04/18 13:22:48 INFO  - jmeter.samplers.SampleEvent: List of sample_variables: [] 
2017/04/18 13:22:48 INFO  - jmeter.engine.util.CompoundVariable: Note: Function class names must contain the string: '.functions.' 
2017/04/18 13:22:48 INFO  - jmeter.engine.util.CompoundVariable: Note: Function class names must not contain the string: '.gui.' 
2017/04/18 13:22:49 WARN  - jmeter.reporters.ResultCollector: Error creating directories for C:\Users\socheretnyy\Desktop 
2017/04/18 13:22:49 INFO  - jmeter.reporters.ResultCollector: Folder c:\Jenkins\workspace\PerformanceTestError\Output\results was created 
2017/04/18 13:22:49 INFO  - jmeter.JMeter: Running test (1492518169063) 
2017/04/18 13:22:49 INFO  - jmeter.engine.StandardJMeterEngine: Starting ThreadGroup: 1 : Review Date test 
2017/04/18 13:22:49 INFO  - jmeter.engine.StandardJMeterEngine: Starting 1 threads for group Review Date test. 
2017/04/18 13:22:49 INFO  - jmeter.engine.StandardJMeterEngine: Thread will stop on error 
2017/04/18 13:22:49 INFO  - jmeter.threads.ThreadGroup: Starting thread group number 1 threads 1 ramp-up 1 perThread 1000.0 delayedStart=false 
2017/04/18 13:22:49 INFO  - jmeter.threads.ThreadGroup: Started thread group number 1 
2017/04/18 13:22:49 INFO  - jmeter.engine.StandardJMeterEngine: All thread groups have been started 
2017/04/18 13:22:49 INFO  - jmeter.threads.JMeterThread: Thread started: Review Date test 1-1 
2017/04/18 13:22:59 INFO  - jmeter.threads.JMeterThread: Thread is done: Review Date test 1-1 
2017/04/18 13:22:59 INFO  - jmeter.threads.JMeterThread: Thread finished: Review Date test 1-1 
2017/04/18 13:22:59 INFO  - jmeter.engine.StandardJMeterEngine: Notifying test listeners of end of test 
2017/04/18 13:22:59 INFO  - jmeter.reporters.Summariser: summary =      2 in 00:00:11 =    0.2/s Avg:  3194 Min:  2096 Max:  4292 Err:     0 (0.00%) 
2017/04/18 13:22:59 INFO  - jmeter.JMeter: Generating Dashboard 
2017/04/18 13:22:59 INFO  - jmeter.report.dashboard.ReportGenerator: Flushing result collector before report Generation 
2017/04/18 13:22:59 INFO  - jmeter.reporters.ResultCollector: forced flush through ResultCollector#flushFile 
2017/04/18 13:22:59 INFO  - jmeter.report.processor.NormalizerSampleConsumer: Using format:yyyy-MM-dd HH:mm:ss.SSS to parse timeStamp field 
2017/04/18 13:22:59 INFO  - org.apache.jmeter.report.processor.AbstractSampleConsumer: class org.apache.jmeter.report.processor.AggregateConsumer#stopProducing(): beginDate produced 0 samples 
2017/04/18 13:22:59 INFO  - org.apache.jmeter.report.processor.AbstractSampleConsumer: class org.apache.jmeter.report.processor.AggregateConsumer#stopProducing(): endDate produced 0 samples 
2017/04/18 13:22:59 INFO  - org.apache.jmeter.report.processor.AbstractSampleConsumer: class org.apache.jmeter.report.processor.ApdexSummaryConsumer#stopProducing(): apdexSummary produced 0 samples 
2017/04/18 13:22:59 INFO  - org.apache.jmeter.report.processor.AbstractSampleConsumer: class org.apache.jmeter.report.processor.RequestsSummaryConsumer#stopProducing(): requestsSummary produced 0 samples 
2017/04/18 13:22:59 INFO  - org.apache.jmeter.report.processor.AbstractSampleConsumer: class org.apache.jmeter.report.processor.StatisticsSummaryConsumer#stopProducing(): statisticsSummary produced 0 samples 
2017/04/18 13:22:59 INFO  - org.apache.jmeter.report.processor.AbstractSampleConsumer: class org.apache.jmeter.report.processor.Top5ErrorsBySamplerConsumer#stopProducing(): top5ErrorsBySampler produced 0 samples 
2017/04/18 13:22:59 INFO  - org.apache.jmeter.report.processor.AbstractSampleConsumer: class org.apache.jmeter.report.processor.ErrorsSummaryConsumer#stopProducing(): errorsSummary produced 0 samples 
2017/04/18 13:22:59 INFO  - org.apache.jmeter.report.processor.AbstractSampleConsumer: class org.apache.jmeter.report.processor.graph.impl.HitsPerSecondGraphConsumer#stopProducing(): hitsPerSecond produced 0 samples 
2017/04/18 13:22:59 INFO  - org.apache.jmeter.report.processor.AbstractSampleConsumer: class org.apache.jmeter.report.processor.graph.impl.LatencyVSRequestGraphConsumer#stopProducing(): latencyVsRequest produced 0 samples 
2017/04/18 13:22:59 INFO  - org.apache.jmeter.report.processor.AbstractSampleConsumer: class org.apache.jmeter.report.processor.graph.impl.SyntheticResponseTimeDistributionGraphConsumer#stopProducing(): syntheticResponseTimeDistribution produced 0 samples 
2017/04/18 13:22:59 INFO  - org.apache.jmeter.report.processor.AbstractSampleConsumer: class org.apache.jmeter.report.processor.graph.impl.BytesThroughputGraphConsumer#stopProducing(): bytesThroughputOverTime produced 0 samples 
2017/04/18 13:22:59 INFO  - org.apache.jmeter.report.processor.AbstractSampleConsumer: class org.apache.jmeter.report.processor.graph.impl.CodesPerSecondGraphConsumer#stopProducing(): codesPerSecond produced 0 samples 
2017/04/18 13:22:59 INFO  - org.apache.jmeter.report.processor.AbstractSampleConsumer: class org.apache.jmeter.report.processor.graph.impl.ResponseTimeVSRequestGraphConsumer#stopProducing(): responseTimeVsRequest produced 0 samples 
2017/04/18 13:22:59 INFO  - org.apache.jmeter.report.processor.AbstractSampleConsumer: class org.apache.jmeter.report.processor.FilterConsumer#stopProducing(): startIntervalControlerFilter produced 0 samples 
2017/04/18 13:22:59 INFO  - org.apache.jmeter.report.processor.AbstractSampleConsumer: class org.apache.jmeter.report.processor.graph.impl.ActiveThreadsGraphConsumer#stopProducing(): activeThreadsOverTime produced 0 samples 
2017/04/18 13:22:59 INFO  - org.apache.jmeter.report.processor.AbstractSampleConsumer: class org.apache.jmeter.report.processor.graph.impl.TimeVSThreadGraphConsumer#stopProducing(): timeVsThreads produced 0 samples 
2017/04/18 13:22:59 INFO  - org.apache.jmeter.report.processor.AbstractSampleConsumer: class org.apache.jmeter.report.processor.graph.impl.ResponseTimeDistributionGraphConsumer#stopProducing(): responseTimeDistribution produced 0 samples 
2017/04/18 13:22:59 INFO  - org.apache.jmeter.report.processor.AbstractSampleConsumer: class org.apache.jmeter.report.processor.graph.impl.TransactionsPerSecondGraphConsumer#stopProducing(): transactionsPerSecond produced 0 samples 
2017/04/18 13:22:59 INFO  - org.apache.jmeter.report.processor.AbstractSampleConsumer: class org.apache.jmeter.report.processor.graph.impl.ResponseTimePercentilesGraphConsumer#stopProducing(): responseTimePercentiles produced 0 samples 
2017/04/18 13:22:59 INFO  - org.apache.jmeter.report.processor.AbstractSampleConsumer: class org.apache.jmeter.report.processor.graph.impl.ResponseTimePercentilesOverTimeGraphConsumer#stopProducing(): responseTimePercentilesOverTime produced 0 samples 
2017/04/18 13:22:59 INFO  - org.apache.jmeter.report.processor.AbstractSampleConsumer: class org.apache.jmeter.report.processor.graph.impl.ResponseTimeOverTimeGraphConsumer#stopProducing(): responseTimesOverTime produced 0 samples 
2017/04/18 13:22:59 INFO  - org.apache.jmeter.report.processor.AbstractSampleConsumer: class org.apache.jmeter.report.processor.graph.impl.ConnectTimeOverTimeGraphConsumer#stopProducing(): connectTimeOverTime produced 0 samples 
2017/04/18 13:22:59 INFO  - org.apache.jmeter.report.processor.AbstractSampleConsumer: class org.apache.jmeter.report.processor.graph.impl.LatencyOverTimeGraphConsumer#stopProducing(): latenciesOverTime produced 0 samples 
2017/04/18 13:22:59 INFO  - org.apache.jmeter.report.processor.AbstractSampleConsumer: class org.apache.jmeter.report.processor.FilterConsumer#stopProducing(): nameFilter produced 0 samples 
2017/04/18 13:22:59 INFO  - org.apache.jmeter.report.processor.AbstractSampleConsumer: class org.apache.jmeter.report.processor.FilterConsumer#stopProducing(): dateRangeFilter produced 2 samples 
2017/04/18 13:22:59 INFO  - org.apache.jmeter.report.processor.AbstractSampleConsumer: class org.apache.jmeter.report.processor.NormalizerSampleConsumer#stopProducing(): normalizer produced 0 samples 
2017/04/18 13:22:59 ERROR - jmeter.JMeter: Error generating dashboard:Error while processing samples:Consumer failed with message :Consumer failed with message :Consumer failed with message :Consumer failed with message :No column <responseMessage> found in sample metadata <timeStamp,elapsed,label,responseCode,threadName,dataType,success,failureMessage,bytes,sentBytes,grpThreads,allThreads,Latency,IdleTime,Connect>, check #jmeter.save.saveservice.* properties to add the missing column org.apache.jmeter.report.dashboard.GenerationException: Error while processing samples:Consumer failed with message :Consumer failed with message :Consumer failed with message :Consumer failed with message :No column <responseMessage> found in sample metadata <timeStamp,elapsed,label,responseCode,threadName,dataType,success,failureMessage,bytes,sentBytes,grpThreads,allThreads,Latency,IdleTime,Connect>, check #jmeter.save.saveservice.* properties to add the missing column
	at org.apache.jmeter.report.dashboard.ReportGenerator.generate(ReportGenerator.java:253)
	at org.apache.jmeter.JMeter$ListenToTest.generateReport(JMeter.java:1152)
	at org.apache.jmeter.JMeter$ListenToTest.testEnded(JMeter.java:1091)
	at org.apache.jmeter.engine.StandardJMeterEngine.notifyTestListenersOfEnd(StandardJMeterEngine.java:216)
	at org.apache.jmeter.engine.StandardJMeterEngine.run(StandardJMeterEngine.java:437)
	at java.lang.Thread.run(Unknown Source)
Caused by: org.apache.jmeter.report.core.SampleException: Consumer failed with message :Consumer failed with message :Consumer failed with message :Consumer failed with message :No column <responseMessage> found in sample metadata <timeStamp,elapsed,label,responseCode,threadName,dataType,success,failureMessage,bytes,sentBytes,grpThreads,allThreads,Latency,IdleTime,Connect>, check #jmeter.save.saveservice.* properties to add the missing column
	at org.apache.jmeter.report.processor.CsvFileSampleSource$PrivateProducer.produce(CsvFileSampleSource.java:337)
	at org.apache.jmeter.report.processor.CsvFileSampleSource.produce(CsvFileSampleSource.java:189)
	at org.apache.jmeter.report.processor.CsvFileSampleSource.run(CsvFileSampleSource.java:246)
	at org.apache.jmeter.report.dashboard.ReportGenerator.generate(ReportGenerator.java:251)
	... 5 more
Caused by: org.apache.jmeter.report.core.SampleException: Consumer failed with message :Consumer failed with message :Consumer failed with message :No column <responseMessage> found in sample metadata <timeStamp,elapsed,label,responseCode,threadName,dataType,success,failureMessage,bytes,sentBytes,grpThreads,allThreads,Latency,IdleTime,Connect>, check #jmeter.save.saveservice.* properties to add the missing column
	at org.apache.jmeter.report.processor.AbstractSampleConsumer.produce(AbstractSampleConsumer.java:231)
	at org.apache.jmeter.report.processor.NormalizerSampleConsumer.consume(NormalizerSampleConsumer.java:120)
	at org.apache.jmeter.report.processor.CsvFileSampleSource$PrivateProducer.produce(CsvFileSampleSource.java:335)
	... 8 more
Caused by: org.apache.jmeter.report.core.SampleException: Consumer failed with message :Consumer failed with message :No column <responseMessage> found in sample metadata <timeStamp,elapsed,label,responseCode,threadName,dataType,success,failureMessage,bytes,sentBytes,grpThreads,allThreads,Latency,IdleTime,Connect>, check #jmeter.save.saveservice.* properties to add the missing column
	at org.apache.jmeter.report.processor.AbstractSampleConsumer.produce(AbstractSampleConsumer.java:231)
	at org.apache.jmeter.report.processor.FilterConsumer.consume(FilterConsumer.java:106)
	at org.apache.jmeter.report.processor.AbstractSampleConsumer.produce(AbstractSampleConsumer.java:228)
	... 10 more
Caused by: org.apache.jmeter.report.core.SampleException: Consumer failed with message :No column <responseMessage> found in sample metadata <timeStamp,elapsed,label,responseCode,threadName,dataType,success,failureMessage,bytes,sentBytes,grpThreads,allThreads,Latency,IdleTime,Connect>, check #jmeter.save.saveservice.* properties to add the missing column
	at org.apache.jmeter.report.processor.AbstractSampleConsumer.produce(AbstractSampleConsumer.java:231)
	at org.apache.jmeter.report.processor.FilterConsumer.consume(FilterConsumer.java:106)
	at org.apache.jmeter.report.processor.AbstractSampleConsumer.produce(AbstractSampleConsumer.java:228)
	... 12 more
Caused by: org.apache.jmeter.report.core.SampleException: No column <responseMessage> found in sample metadata <timeStamp,elapsed,label,responseCode,threadName,dataType,success,failureMessage,bytes,sentBytes,grpThreads,allThreads,Latency,IdleTime,Connect>, check #jmeter.save.saveservice.* properties to add the missing column
	at org.apache.jmeter.report.core.SampleMetadata.ensureIndexOf(SampleMetadata.java:217)
	at org.apache.jmeter.report.core.Sample.getData(Sample.java:91)
	at org.apache.jmeter.report.core.Sample.getResponseMessage(Sample.java:228)
	at org.apache.jmeter.report.core.Sample.isController(Sample.java:318)
	at org.apache.jmeter.report.processor.AbstractSummaryConsumer.consume(AbstractSummaryConsumer.java:234)
	at org.apache.jmeter.report.processor.AbstractSampleConsumer.produce(AbstractSampleConsumer.java:228)
	... 14 more

