<?xml version="1.0" encoding="utf-8" standalone="no"?>
<!--This file represents the results of running a test suite-->
<test-results name="" total="1" errors="0" failures="1" not-run="0" inconclusive="0" ignored="0" skipped="0" invalid="0" date="2016-04-07" time="11:02:40">
  <environment nunit-version="1.0.0.0" clr-version="4.0.30319.42000" os-version="Microsoft Windows NT 10.0.10240.0" platform="Win32NT" cwd="C:\Users\wilson.li\.jenkins\jobs\SlaveJobRunner\workspace" machine-name="WILSON" user="SYSTEM" user-domain="MOSCOMPUTERS" />
  <culture-info current-culture="en-GB" current-uiculture="en-GB" />
  <test-suite type="Assembly" name="C:\VisualStudios2015Repo\Mace E-Commerce Development\MACE_eCommerce_MAIN\Mace_E-Commerce_Project\WebUnitTest\bin\Debug\WebUnitTest.dll" executed="True" result="Failure" success="False" time="0.043" asserts="0">
    <properties>
      <property name="_PID" value="25168" />
      <property name="_APPDOMAIN" value="test-domain-" />
    </properties>
    <failure>
      <message><![CDATA[One or more child tests had errors]]></message>
      <stack-trace />
    </failure>
    <results>
      <test-suite type="TestSuite" name="WebUnitTest" executed="True" result="Failure" success="False" time="0.033" asserts="0">
        <failure>
          <message><![CDATA[One or more child tests had errors]]></message>
          <stack-trace />
        </failure>
        <results>
          <test-suite type="TestFixture" name="Class1" executed="True" result="Failure" success="False" time="0.031" asserts="0">
            <failure>
              <message><![CDATA[One or more child tests had errors]]></message>
              <stack-trace />
            </failure>
            <results>
              <test-case name="WebUnitTest.Class1.thing" executed="True" result="Failure" success="False" time="0.021" asserts="0">
                <failure>
                  <message><![CDATA[]]></message>
                  <stack-trace><![CDATA[at WebUnitTest.Class1.thing() in c:\VisualStudios2015Repo\Mace E-Commerce Development\MACE_eCommerce_MAIN\Mace_E-Commerce_Project\WebUnitTest\Class1.cs:line 16
]]></stack-trace>
                </failure>
              </test-case>
            </results>
          </test-suite>
        </results>
      </test-suite>
    </results>
  </test-suite>
</test-results>