INFO: Prepared all plugins
Apr 17, 2012 10:35:13 AM hudson.ExtensionFinder$GuiceFinder <init>
SEVERE: Failed to create Guice container from all the plugins
com.google.common.collect.ComputationException: java.lang.TypeNotPresentException: Type hudson.plugins.view.dashboard.DashboardPortlet not present
	at com.google.common.collect.ComputingConcurrentHashMap$ComputingMapAdapter.get(ComputingConcurrentHashMap.java:397)
	at com.google.inject.internal.FailableCache.get(FailableCache.java:49)
	at com.google.inject.internal.MembersInjectorStore.get(MembersInjectorStore.java:66)
	at com.google.inject.internal.ConstructorInjectorStore.createConstructor(ConstructorInjectorStore.java:73)
	at com.google.inject.internal.ConstructorInjectorStore.access$000(ConstructorInjectorStore.java:29)
	at com.google.inject.internal.ConstructorInjectorStore$1.create(ConstructorInjectorStore.java:36)
	at com.google.inject.internal.ConstructorInjectorStore$1.create(ConstructorInjectorStore.java:33)
	at com.google.inject.internal.FailableCache$1.apply(FailableCache.java:38)
	at com.google.common.collect.ComputingConcurrentHashMap$ComputingValueReference.compute(ComputingConcurrentHashMap.java:355)
	at com.google.common.collect.ComputingConcurrentHashMap$ComputingSegment.compute(ComputingConcurrentHashMap.java:184)
	at com.google.common.collect.ComputingConcurrentHashMap$ComputingSegment.getOrCompute(ComputingConcurrentHashMap.java:153)
	at com.google.common.collect.ComputingConcurrentHashMap.getOrCompute(ComputingConcurrentHashMap.java:69)
	at com.google.common.collect.ComputingConcurrentHashMap$ComputingMapAdapter.get(ComputingConcurrentHashMap.java:393)
	at com.google.inject.internal.FailableCache.get(FailableCache.java:49)
	at com.google.inject.internal.ConstructorInjectorStore.get(ConstructorInjectorStore.java:49)
	at com.google.inject.internal.ConstructorBindingImpl.initialize(ConstructorBindingImpl.java:127)
	at com.google.inject.internal.InjectorImpl.initializeBinding(InjectorImpl.java:506)
	at com.google.inject.internal.AbstractBindingProcessor$Processor$1.run(AbstractBindingProcessor.java:171)
	at com.google.inject.internal.ProcessedBindingData.initializeBindings(ProcessedBindingData.java:44)
	at com.google.inject.internal.InternalInjectorCreator.initializeStatically(InternalInjectorCreator.java:123)
	at com.google.inject.internal.InternalInjectorCreator.build(InternalInjectorCreator.java:107)
	at com.google.inject.Guice.createInjector(Guice.java:94)
	at com.google.inject.Guice.createInjector(Guice.java:71)
	at hudson.ExtensionFinder$GuiceFinder.<init>(ExtensionFinder.java:280)
	at sun.reflect.NativeConstructorAccessorImpl.newInstance0(Native Method)
	at sun.reflect.NativeConstructorAccessorImpl.newInstance(NativeConstructorAccessorImpl.java:39)
	at sun.reflect.DelegatingConstructorAccessorImpl.newInstance(DelegatingConstructorAccessorImpl.java:27)
	at java.lang.reflect.Constructor.newInstance(Constructor.java:513)
	at java.lang.Class.newInstance0(Class.java:355)
	at java.lang.Class.newInstance(Class.java:308)
	at net.java.sezpoz.IndexItem.instance(IndexItem.java:181)
	at hudson.ExtensionFinder$Sezpoz._find(ExtensionFinder.java:616)
	at hudson.ExtensionFinder$Sezpoz.find(ExtensionFinder.java:591)
	at hudson.ExtensionFinder._find(ExtensionFinder.java:149)
	at hudson.ClassicPluginStrategy.findComponents(ClassicPluginStrategy.java:289)
	at hudson.ExtensionList.load(ExtensionList.java:278)
	at hudson.ExtensionList.ensureLoaded(ExtensionList.java:231)
	at hudson.ExtensionList.iterator(ExtensionList.java:138)
	at hudson.ClassicPluginStrategy.findComponents(ClassicPluginStrategy.java:282)
	at hudson.ExtensionList.load(ExtensionList.java:278)
	at hudson.ExtensionList.ensureLoaded(ExtensionList.java:231)
	at hudson.ExtensionList.getComponents(ExtensionList.java:149)
	at hudson.DescriptorExtensionList.load(DescriptorExtensionList.java:182)
	at hudson.ExtensionList.ensureLoaded(ExtensionList.java:231)
	at hudson.ExtensionList.iterator(ExtensionList.java:138)
	at org.jenkinsci.plugins.xunit.AliasInitializer.addAliases(AliasInitializer.java:23)
	at sun.reflect.NativeMethodAccessorImpl.invoke0(Native Method)
	at sun.reflect.NativeMethodAccessorImpl.invoke(NativeMethodAccessorImpl.java:39)
	at sun.reflect.DelegatingMethodAccessorImpl.invoke(DelegatingMethodAccessorImpl.java:25)
	at java.lang.reflect.Method.invoke(Method.java:597)
	at hudson.init.InitializerFinder.invoke(InitializerFinder.java:120)
	at hudson.init.InitializerFinder$TaskImpl.run(InitializerFinder.java:184)
	at org.jvnet.hudson.reactor.Reactor.runTask(Reactor.java:259)
	at jenkins.model.Jenkins$6.runTask(Jenkins.java:838)
	at org.jvnet.hudson.reactor.Reactor$2.run(Reactor.java:187)
	at org.jvnet.hudson.reactor.Reactor$Node.run(Reactor.java:94)
	at java.util.concurrent.ThreadPoolExecutor$Worker.runTask(ThreadPoolExecutor.java:886)
	at java.util.concurrent.ThreadPoolExecutor$Worker.run(ThreadPoolExecutor.java:908)
	at java.lang.Thread.run(Thread.java:662)
Caused by: java.lang.TypeNotPresentException: Type hudson.plugins.view.dashboard.DashboardPortlet not present
	at sun.reflect.generics.factory.CoreReflectionFactory.makeNamedType(CoreReflectionFactory.java:98)
	at sun.reflect.generics.visitor.Reifier.visitClassTypeSignature(Reifier.java:107)
	at sun.reflect.generics.tree.ClassTypeSignature.accept(ClassTypeSignature.java:31)
	at sun.reflect.generics.visitor.Reifier.reifyTypeArguments(Reifier.java:50)
	at sun.reflect.generics.visitor.Reifier.visitClassTypeSignature(Reifier.java:120)
	at sun.reflect.generics.tree.ClassTypeSignature.accept(ClassTypeSignature.java:31)
	at sun.reflect.generics.repository.ClassRepository.getSuperclass(ClassRepository.java:66)
	at java.lang.Class.getGenericSuperclass(Class.java:677)
	at com.google.inject.internal.MoreTypes.getGenericSupertype(MoreTypes.java:275)
	at com.google.inject.TypeLiteral.getSupertype(TypeLiteral.java:259)
	at com.google.inject.spi.InjectionPoint.hierarchyFor(InjectionPoint.java:757)
	at com.google.inject.spi.InjectionPoint.getInjectionPoints(InjectionPoint.java:637)
	at com.google.inject.spi.InjectionPoint.forInstanceMethodsAndFields(InjectionPoint.java:358)
	at com.google.inject.internal.MembersInjectorStore.createWithListeners(MembersInjectorStore.java:91)
	at com.google.inject.internal.MembersInjectorStore.access$000(MembersInjectorStore.java:35)
	at com.google.inject.internal.MembersInjectorStore$1.create(MembersInjectorStore.java:43)
	at com.google.inject.internal.MembersInjectorStore$1.create(MembersInjectorStore.java:40)
	at com.google.inject.internal.FailableCache$1.apply(FailableCache.java:38)
	at com.google.common.collect.ComputingConcurrentHashMap$ComputingValueReference.compute(ComputingConcurrentHashMap.java:355)
	at com.google.common.collect.ComputingConcurrentHashMap$ComputingSegment.compute(ComputingConcurrentHashMap.java:184)
	at com.google.common.collect.ComputingConcurrentHashMap$ComputingSegment.getOrCompute(ComputingConcurrentHashMap.java:153)
	at com.google.common.collect.ComputingConcurrentHashMap.getOrCompute(ComputingConcurrentHashMap.java:69)
	at com.google.common.collect.ComputingConcurrentHashMap$ComputingMapAdapter.get(ComputingConcurrentHashMap.java:393)
	... 58 more
Caused by: java.lang.ClassNotFoundException: hudson.plugins.view.dashboard.DashboardPortlet
	at java.net.URLClassLoader$1.run(URLClassLoader.java:202)
	at java.security.AccessController.doPrivileged(Native Method)
	at java.net.URLClassLoader.findClass(URLClassLoader.java:190)
	at java.lang.ClassLoader.loadClass(ClassLoader.java:306)
	at java.lang.ClassLoader.loadClass(ClassLoader.java:247)
	at java.lang.Class.forName0(Native Method)
	at java.lang.Class.forName(Class.java:247)
	at sun.reflect.generics.factory.CoreReflectionFactory.makeNamedType(CoreReflectionFactory.java:95)
	... 80 more
Apr 17, 2012 10:35:13 AM jenkins.InitReactorRunner$1 onAttained
INFO: Started all plugins
Apr 17, 2012 10:35:13 AM jenkins.InitReactorRunner$1 onAttained
INFO: Augmented all extensions
Apr 17, 2012 10:35:14 AM jenkins.InitReactorRunner$1 onTaskFailed
SEVERE: Failed Loading job avicena_solo_test
hudson.util.IOException2: Unable to read /var/lib/jenkins/jobs/avicena_solo_test/config.xml
	at hudson.XmlFile.read(XmlFile.java:137)
	at hudson.model.Items.load(Items.java:114)
	at jenkins.model.Jenkins$15.run(Jenkins.java:2437)
	at org.jvnet.hudson.reactor.TaskGraphBuilder$TaskImpl.run(TaskGraphBuilder.java:146)
	at org.jvnet.hudson.reactor.Reactor.runTask(Reactor.java:259)
	at jenkins.model.Jenkins$6.runTask(Jenkins.java:838)
	at org.jvnet.hudson.reactor.Reactor$2.run(Reactor.java:187)
	at org.jvnet.hudson.reactor.Reactor$Node.run(Reactor.java:94)
	at java.util.concurrent.ThreadPoolExecutor$Worker.runTask(ThreadPoolExecutor.java:886)
	at java.util.concurrent.ThreadPoolExecutor$Worker.run(ThreadPoolExecutor.java:908)
	at java.lang.Thread.run(Thread.java:662)
Caused by: com.thoughtworks.xstream.converters.ConversionException: PHPUnitJunitHudsonTestType : PHPUnitJunitHudsonTestType : PHPUnitJunitHudsonTestType : PHPUnitJunitHudsonTestType
---- Debugging information ----
message             : PHPUnitJunitHudsonTestType : PHPUnitJunitHudsonTestType
cause-exception     : com.thoughtworks.xstream.mapper.CannotResolveClassException
cause-message       : PHPUnitJunitHudsonTestType : PHPUnitJunitHudsonTestType
class               : hudson.model.FreeStyleProject
required-type       : [Lcom.thalesgroup.dtkit.metrics.hudson.api.type.TestType;
path                : /project/publishers/xunit/types/PHPUnitJunitHudsonTestType
line number         : 84
-------------------------------
	at com.thoughtworks.xstream.core.TreeUnmarshaller.convert(TreeUnmarshaller.java:89)
	at com.thoughtworks.xstream.core.AbstractReferenceUnmarshaller.convert(AbstractReferenceUnmarshaller.java:63)
	at com.thoughtworks.xstream.core.TreeUnmarshaller.convertAnother(TreeUnmarshaller.java:76)
	at hudson.util.RobustReflectionConverter.unmarshalField(RobustReflectionConverter.java:292)
	at hudson.util.RobustReflectionConverter.doUnmarshal(RobustReflectionConverter.java:234)
	at hudson.util.RobustReflectionConverter.unmarshal(RobustReflectionConverter.java:181)
	at com.thoughtworks.xstream.core.TreeUnmarshaller.convert(TreeUnmarshaller.java:82)
	at com.thoughtworks.xstream.core.AbstractReferenceUnmarshaller.convert(AbstractReferenceUnmarshaller.java:63)
	at com.thoughtworks.xstream.core.TreeUnmarshaller.convertAnother(TreeUnmarshaller.java:76)
	at com.thoughtworks.xstream.core.TreeUnmarshaller.convertAnother(TreeUnmarshaller.java:60)
	at com.thoughtworks.xstream.converters.collections.AbstractCollectionConverter.readItem(AbstractCollectionConverter.java:71)
	at hudson.util.CopyOnWriteList$ConverterImpl.unmarshal(CopyOnWriteList.java:193)
	at hudson.util.DescribableList$ConverterImpl.unmarshal(DescribableList.java:244)
	at com.thoughtworks.xstream.core.TreeUnmarshaller.convert(TreeUnmarshaller.java:82)
	at com.thoughtworks.xstream.core.AbstractReferenceUnmarshaller.convert(AbstractReferenceUnmarshaller.java:63)
	at com.thoughtworks.xstream.core.TreeUnmarshaller.convertAnother(TreeUnmarshaller.java:76)
	at hudson.util.RobustReflectionConverter.unmarshalField(RobustReflectionConverter.java:292)
	at hudson.util.RobustReflectionConverter.doUnmarshal(RobustReflectionConverter.java:234)
	at hudson.util.RobustReflectionConverter.unmarshal(RobustReflectionConverter.java:181)
	at com.thoughtworks.xstream.core.TreeUnmarshaller.convert(TreeUnmarshaller.java:82)
	at com.thoughtworks.xstream.core.AbstractReferenceUnmarshaller.convert(AbstractReferenceUnmarshaller.java:63)
	at com.thoughtworks.xstream.core.TreeUnmarshaller.convertAnother(TreeUnmarshaller.java:76)
	at com.thoughtworks.xstream.core.TreeUnmarshaller.convertAnother(TreeUnmarshaller.java:60)
	at com.thoughtworks.xstream.core.TreeUnmarshaller.start(TreeUnmarshaller.java:137)
	at com.thoughtworks.xstream.core.AbstractTreeMarshallingStrategy.unmarshal(AbstractTreeMarshallingStrategy.java:33)
	at com.thoughtworks.xstream.XStream.unmarshal(XStream.java:926)
	at hudson.util.XStream2.unmarshal(XStream2.java:93)
	at com.thoughtworks.xstream.XStream.unmarshal(XStream.java:912)
	at com.thoughtworks.xstream.XStream.fromXML(XStream.java:864)
	at hudson.XmlFile.read(XmlFile.java:133)
	... 10 more
Caused by: com.thoughtworks.xstream.mapper.CannotResolveClassException: PHPUnitJunitHudsonTestType : PHPUnitJunitHudsonTestType
	at com.thoughtworks.xstream.mapper.DefaultMapper.realClass(DefaultMapper.java:68)
	at com.thoughtworks.xstream.mapper.MapperWrapper.realClass(MapperWrapper.java:38)
	at com.thoughtworks.xstream.mapper.DynamicProxyMapper.realClass(DynamicProxyMapper.java:71)
	at com.thoughtworks.xstream.mapper.MapperWrapper.realClass(MapperWrapper.java:38)
	at com.thoughtworks.xstream.mapper.PackageAliasingMapper.realClass(PackageAliasingMapper.java:88)
	at com.thoughtworks.xstream.mapper.MapperWrapper.realClass(MapperWrapper.java:38)
	at com.thoughtworks.xstream.mapper.ClassAliasingMapper.realClass(ClassAliasingMapper.java:86)
	at com.thoughtworks.xstream.mapper.MapperWrapper.realClass(MapperWrapper.java:38)
	at com.thoughtworks.xstream.mapper.MapperWrapper.realClass(MapperWrapper.java:38)
	at com.thoughtworks.xstream.mapper.MapperWrapper.realClass(MapperWrapper.java:38)
	at com.thoughtworks.xstream.mapper.MapperWrapper.realClass(MapperWrapper.java:38)
	at com.thoughtworks.xstream.mapper.MapperWrapper.realClass(MapperWrapper.java:38)
	at com.thoughtworks.xstream.mapper.MapperWrapper.realClass(MapperWrapper.java:38)
	at com.thoughtworks.xstream.mapper.ArrayMapper.realClass(ArrayMapper.java:96)
	at com.thoughtworks.xstream.mapper.MapperWrapper.realClass(MapperWrapper.java:38)
	at com.thoughtworks.xstream.mapper.MapperWrapper.realClass(MapperWrapper.java:38)
	at com.thoughtworks.xstream.mapper.MapperWrapper.realClass(MapperWrapper.java:38)
	at com.thoughtworks.xstream.mapper.MapperWrapper.realClass(MapperWrapper.java:38)
	at com.thoughtworks.xstream.mapper.MapperWrapper.realClass(MapperWrapper.java:38)
	at com.thoughtworks.xstream.mapper.MapperWrapper.realClass(MapperWrapper.java:38)
	at com.thoughtworks.xstream.mapper.MapperWrapper.realClass(MapperWrapper.java:38)
	at com.thoughtworks.xstream.mapper.MapperWrapper.realClass(MapperWrapper.java:38)
	at hudson.util.XStream2$CompatibilityMapper.realClass(XStream2.java:215)
	at com.thoughtworks.xstream.mapper.MapperWrapper.realClass(MapperWrapper.java:38)
	at hudson.util.xstream.MapperDelegate.realClass(MapperDelegate.java:43)
	at com.thoughtworks.xstream.mapper.MapperWrapper.realClass(MapperWrapper.java:38)
	at com.thoughtworks.xstream.mapper.CachingMapper.realClass(CachingMapper.java:56)
	at com.thoughtworks.xstream.core.util.HierarchicalStreams.readClassType(HierarchicalStreams.java:29)
	at com.thoughtworks.xstream.converters.collections.AbstractCollectionConverter.readItem(AbstractCollectionConverter.java:70)
	at com.thoughtworks.xstream.converters.collections.ArrayConverter.unmarshal(ArrayConverter.java:55)
	at com.thoughtworks.xstream.core.TreeUnmarshaller.convert(TreeUnmarshaller.java:82)
	... 39 more
Apr 17, 2012 10:35:14 AM jenkins.InitReactorRunner$1 onTaskFailed
SEVERE: Failed Loading job testing_avicena_completo
hudson.util.IOException2: Unable to read /var/lib/jenkins/jobs/testing_avicena_completo/config.xml
	at hudson.XmlFile.read(XmlFile.java:137)
	at hudson.model.Items.load(Items.java:114)
	at jenkins.model.Jenkins$15.run(Jenkins.java:2437)
	at org.jvnet.hudson.reactor.TaskGraphBuilder$TaskImpl.run(TaskGraphBuilder.java:146)
	at org.jvnet.hudson.reactor.Reactor.runTask(Reactor.java:259)
	at jenkins.model.Jenkins$6.runTask(Jenkins.java:838)
	at org.jvnet.hudson.reactor.Reactor$2.run(Reactor.java:187)
	at org.jvnet.hudson.reactor.Reactor$Node.run(Reactor.java:94)
	at java.util.concurrent.ThreadPoolExecutor$Worker.runTask(ThreadPoolExecutor.java:886)
	at java.util.concurrent.ThreadPoolExecutor$Worker.run(ThreadPoolExecutor.java:908)
	at java.lang.Thread.run(Thread.java:662)
Caused by: com.thoughtworks.xstream.converters.ConversionException: PHPUnitJunitHudsonTestType : PHPUnitJunitHudsonTestType : PHPUnitJunitHudsonTestType : PHPUnitJunitHudsonTestType
---- Debugging information ----
message             : PHPUnitJunitHudsonTestType : PHPUnitJunitHudsonTestType
cause-exception     : com.thoughtworks.xstream.mapper.CannotResolveClassException
cause-message       : PHPUnitJunitHudsonTestType : PHPUnitJunitHudsonTestType
class               : hudson.model.FreeStyleProject
required-type       : [Lcom.thalesgroup.dtkit.metrics.hudson.api.type.TestType;
path                : /project/publishers/xunit/types/PHPUnitJunitHudsonTestType
line number         : 215
-------------------------------
	at com.thoughtworks.xstream.core.TreeUnmarshaller.convert(TreeUnmarshaller.java:89)
	at com.thoughtworks.xstream.core.AbstractReferenceUnmarshaller.convert(AbstractReferenceUnmarshaller.java:63)
	at com.thoughtworks.xstream.core.TreeUnmarshaller.convertAnother(TreeUnmarshaller.java:76)
	at hudson.util.RobustReflectionConverter.unmarshalField(RobustReflectionConverter.java:292)
	at hudson.util.RobustReflectionConverter.doUnmarshal(RobustReflectionConverter.java:234)
	at hudson.util.RobustReflectionConverter.unmarshal(RobustReflectionConverter.java:181)
	at com.thoughtworks.xstream.core.TreeUnmarshaller.convert(TreeUnmarshaller.java:82)
	at com.thoughtworks.xstream.core.AbstractReferenceUnmarshaller.convert(AbstractReferenceUnmarshaller.java:63)
	at com.thoughtworks.xstream.core.TreeUnmarshaller.convertAnother(TreeUnmarshaller.java:76)
	at com.thoughtworks.xstream.core.TreeUnmarshaller.convertAnother(TreeUnmarshaller.java:60)
	at com.thoughtworks.xstream.converters.collections.AbstractCollectionConverter.readItem(AbstractCollectionConverter.java:71)
	at hudson.util.CopyOnWriteList$ConverterImpl.unmarshal(CopyOnWriteList.java:193)
	at hudson.util.DescribableList$ConverterImpl.unmarshal(DescribableList.java:244)
	at com.thoughtworks.xstream.core.TreeUnmarshaller.convert(TreeUnmarshaller.java:82)
	at com.thoughtworks.xstream.core.AbstractReferenceUnmarshaller.convert(AbstractReferenceUnmarshaller.java:63)
	at com.thoughtworks.xstream.core.TreeUnmarshaller.convertAnother(TreeUnmarshaller.java:76)
	at hudson.util.RobustReflectionConverter.unmarshalField(RobustReflectionConverter.java:292)
	at hudson.util.RobustReflectionConverter.doUnmarshal(RobustReflectionConverter.java:234)
	at hudson.util.RobustReflectionConverter.unmarshal(RobustReflectionConverter.java:181)
	at com.thoughtworks.xstream.core.TreeUnmarshaller.convert(TreeUnmarshaller.java:82)
	at com.thoughtworks.xstream.core.AbstractReferenceUnmarshaller.convert(AbstractReferenceUnmarshaller.java:63)
	at com.thoughtworks.xstream.core.TreeUnmarshaller.convertAnother(TreeUnmarshaller.java:76)
	at com.thoughtworks.xstream.core.TreeUnmarshaller.convertAnother(TreeUnmarshaller.java:60)
	at com.thoughtworks.xstream.core.TreeUnmarshaller.start(TreeUnmarshaller.java:137)
	at com.thoughtworks.xstream.core.AbstractTreeMarshallingStrategy.unmarshal(AbstractTreeMarshallingStrategy.java:33)
	at com.thoughtworks.xstream.XStream.unmarshal(XStream.java:926)
	at hudson.util.XStream2.unmarshal(XStream2.java:93)
	at com.thoughtworks.xstream.XStream.unmarshal(XStream.java:912)
	at com.thoughtworks.xstream.XStream.fromXML(XStream.java:864)
	at hudson.XmlFile.read(XmlFile.java:133)
	... 10 more
Caused by: com.thoughtworks.xstream.mapper.CannotResolveClassException: PHPUnitJunitHudsonTestType : PHPUnitJunitHudsonTestType
	at com.thoughtworks.xstream.mapper.DefaultMapper.realClass(DefaultMapper.java:68)
	at com.thoughtworks.xstream.mapper.MapperWrapper.realClass(MapperWrapper.java:38)
	at com.thoughtworks.xstream.mapper.DynamicProxyMapper.realClass(DynamicProxyMapper.java:71)
	at com.thoughtworks.xstream.mapper.MapperWrapper.realClass(MapperWrapper.java:38)
	at com.thoughtworks.xstream.mapper.PackageAliasingMapper.realClass(PackageAliasingMapper.java:88)
	at com.thoughtworks.xstream.mapper.MapperWrapper.realClass(MapperWrapper.java:38)
	at com.thoughtworks.xstream.mapper.ClassAliasingMapper.realClass(ClassAliasingMapper.java:86)
	at com.thoughtworks.xstream.mapper.MapperWrapper.realClass(MapperWrapper.java:38)
	at com.thoughtworks.xstream.mapper.MapperWrapper.realClass(MapperWrapper.java:38)
	at com.thoughtworks.xstream.mapper.MapperWrapper.realClass(MapperWrapper.java:38)
	at com.thoughtworks.xstream.mapper.MapperWrapper.realClass(MapperWrapper.java:38)
	at com.thoughtworks.xstream.mapper.MapperWrapper.realClass(MapperWrapper.java:38)
	at com.thoughtworks.xstream.mapper.MapperWrapper.realClass(MapperWrapper.java:38)
	at com.thoughtworks.xstream.mapper.ArrayMapper.realClass(ArrayMapper.java:96)
	at com.thoughtworks.xstream.mapper.MapperWrapper.realClass(MapperWrapper.java:38)
	at com.thoughtworks.xstream.mapper.MapperWrapper.realClass(MapperWrapper.java:38)
	at com.thoughtworks.xstream.mapper.MapperWrapper.realClass(MapperWrapper.java:38)
	at com.thoughtworks.xstream.mapper.MapperWrapper.realClass(MapperWrapper.java:38)
	at com.thoughtworks.xstream.mapper.MapperWrapper.realClass(MapperWrapper.java:38)
	at com.thoughtworks.xstream.mapper.MapperWrapper.realClass(MapperWrapper.java:38)
	at com.thoughtworks.xstream.mapper.MapperWrapper.realClass(MapperWrapper.java:38)
	at com.thoughtworks.xstream.mapper.MapperWrapper.realClass(MapperWrapper.java:38)
	at hudson.util.XStream2$CompatibilityMapper.realClass(XStream2.java:215)
	at com.thoughtworks.xstream.mapper.MapperWrapper.realClass(MapperWrapper.java:38)
	at hudson.util.xstream.MapperDelegate.realClass(MapperDelegate.java:43)
	at com.thoughtworks.xstream.mapper.MapperWrapper.realClass(MapperWrapper.java:38)
	at com.thoughtworks.xstream.mapper.CachingMapper.realClass(CachingMapper.java:56)
	at com.thoughtworks.xstream.core.util.HierarchicalStreams.readClassType(HierarchicalStreams.java:29)
	at com.thoughtworks.xstream.converters.collections.AbstractCollectionConverter.readItem(AbstractCollectionConverter.java:70)
	at com.thoughtworks.xstream.converters.collections.ArrayConverter.unmarshal(ArrayConverter.java:55)
	at com.thoughtworks.xstream.core.TreeUnmarshaller.convert(TreeUnmarshaller.java:82)
	... 39 more
Apr 17, 2012 10:35:14 AM jenkins.InitReactorRunner$1 onTaskFailed
SEVERE: Failed Loading job demo_from_php-template
hudson.util.IOException2: Unable to read /var/lib/jenkins/jobs/demo_from_php-template/config.xml
	at hudson.XmlFile.read(XmlFile.java:137)
	at hudson.model.Items.load(Items.java:114)
	at jenkins.model.Jenkins$15.run(Jenkins.java:2437)
	at org.jvnet.hudson.reactor.TaskGraphBuilder$TaskImpl.run(TaskGraphBuilder.java:146)
	at org.jvnet.hudson.reactor.Reactor.runTask(Reactor.java:259)
	at jenkins.model.Jenkins$6.runTask(Jenkins.java:838)
	at org.jvnet.hudson.reactor.Reactor$2.run(Reactor.java:187)
	at org.jvnet.hudson.reactor.Reactor$Node.run(Reactor.java:94)
	at java.util.concurrent.ThreadPoolExecutor$Worker.runTask(ThreadPoolExecutor.java:886)
	at java.util.concurrent.ThreadPoolExecutor$Worker.run(ThreadPoolExecutor.java:908)
	at java.lang.Thread.run(Thread.java:662)
Caused by: com.thoughtworks.xstream.converters.ConversionException: PHPUnitJunitHudsonTestType : PHPUnitJunitHudsonTestType : PHPUnitJunitHudsonTestType : PHPUnitJunitHudsonTestType
---- Debugging information ----
message             : PHPUnitJunitHudsonTestType : PHPUnitJunitHudsonTestType
cause-exception     : com.thoughtworks.xstream.mapper.CannotResolveClassException
cause-message       : PHPUnitJunitHudsonTestType : PHPUnitJunitHudsonTestType
class               : hudson.model.FreeStyleProject
required-type       : [Lcom.thalesgroup.dtkit.metrics.hudson.api.type.TestType;
path                : /project/publishers/xunit/types/PHPUnitJunitHudsonTestType
line number         : 365
-------------------------------
	at com.thoughtworks.xstream.core.TreeUnmarshaller.convert(TreeUnmarshaller.java:89)
	at com.thoughtworks.xstream.core.AbstractReferenceUnmarshaller.convert(AbstractReferenceUnmarshaller.java:63)
	at com.thoughtworks.xstream.core.TreeUnmarshaller.convertAnother(TreeUnmarshaller.java:76)
	at hudson.util.RobustReflectionConverter.unmarshalField(RobustReflectionConverter.java:292)
	at hudson.util.RobustReflectionConverter.doUnmarshal(RobustReflectionConverter.java:234)
	at hudson.util.RobustReflectionConverter.unmarshal(RobustReflectionConverter.java:181)
	at com.thoughtworks.xstream.core.TreeUnmarshaller.convert(TreeUnmarshaller.java:82)
	at com.thoughtworks.xstream.core.AbstractReferenceUnmarshaller.convert(AbstractReferenceUnmarshaller.java:63)
	at com.thoughtworks.xstream.core.TreeUnmarshaller.convertAnother(TreeUnmarshaller.java:76)
	at com.thoughtworks.xstream.core.TreeUnmarshaller.convertAnother(TreeUnmarshaller.java:60)
	at com.thoughtworks.xstream.converters.collections.AbstractCollectionConverter.readItem(AbstractCollectionConverter.java:71)
	at hudson.util.CopyOnWriteList$ConverterImpl.unmarshal(CopyOnWriteList.java:193)
	at hudson.util.DescribableList$ConverterImpl.unmarshal(DescribableList.java:244)
	at com.thoughtworks.xstream.core.TreeUnmarshaller.convert(TreeUnmarshaller.java:82)
	at com.thoughtworks.xstream.core.AbstractReferenceUnmarshaller.convert(AbstractReferenceUnmarshaller.java:63)
	at com.thoughtworks.xstream.core.TreeUnmarshaller.convertAnother(TreeUnmarshaller.java:76)
	at hudson.util.RobustReflectionConverter.unmarshalField(RobustReflectionConverter.java:292)
	at hudson.util.RobustReflectionConverter.doUnmarshal(RobustReflectionConverter.java:234)
	at hudson.util.RobustReflectionConverter.unmarshal(RobustReflectionConverter.java:181)
	at com.thoughtworks.xstream.core.TreeUnmarshaller.convert(TreeUnmarshaller.java:82)
	at com.thoughtworks.xstream.core.AbstractReferenceUnmarshaller.convert(AbstractReferenceUnmarshaller.java:63)
	at com.thoughtworks.xstream.core.TreeUnmarshaller.convertAnother(TreeUnmarshaller.java:76)
	at com.thoughtworks.xstream.core.TreeUnmarshaller.convertAnother(TreeUnmarshaller.java:60)
	at com.thoughtworks.xstream.core.TreeUnmarshaller.start(TreeUnmarshaller.java:137)
	at com.thoughtworks.xstream.core.AbstractTreeMarshallingStrategy.unmarshal(AbstractTreeMarshallingStrategy.java:33)
	at com.thoughtworks.xstream.XStream.unmarshal(XStream.java:926)
	at hudson.util.XStream2.unmarshal(XStream2.java:93)
	at com.thoughtworks.xstream.XStream.unmarshal(XStream.java:912)
	at com.thoughtworks.xstream.XStream.fromXML(XStream.java:864)
	at hudson.XmlFile.read(XmlFile.java:133)
	... 10 more
Caused by: com.thoughtworks.xstream.mapper.CannotResolveClassException: PHPUnitJunitHudsonTestType : PHPUnitJunitHudsonTestType
	at com.thoughtworks.xstream.mapper.DefaultMapper.realClass(DefaultMapper.java:68)
	at com.thoughtworks.xstream.mapper.MapperWrapper.realClass(MapperWrapper.java:38)
	at com.thoughtworks.xstream.mapper.DynamicProxyMapper.realClass(DynamicProxyMapper.java:71)
	at com.thoughtworks.xstream.mapper.MapperWrapper.realClass(MapperWrapper.java:38)
	at com.thoughtworks.xstream.mapper.PackageAliasingMapper.realClass(PackageAliasingMapper.java:88)
	at com.thoughtworks.xstream.mapper.MapperWrapper.realClass(MapperWrapper.java:38)
	at com.thoughtworks.xstream.mapper.ClassAliasingMapper.realClass(ClassAliasingMapper.java:86)
	at com.thoughtworks.xstream.mapper.MapperWrapper.realClass(MapperWrapper.java:38)
	at com.thoughtworks.xstream.mapper.MapperWrapper.realClass(MapperWrapper.java:38)
	at com.thoughtworks.xstream.mapper.MapperWrapper.realClass(MapperWrapper.java:38)
	at com.thoughtworks.xstream.mapper.MapperWrapper.realClass(MapperWrapper.java:38)
	at com.thoughtworks.xstream.mapper.MapperWrapper.realClass(MapperWrapper.java:38)
	at com.thoughtworks.xstream.mapper.MapperWrapper.realClass(MapperWrapper.java:38)
	at com.thoughtworks.xstream.mapper.ArrayMapper.realClass(ArrayMapper.java:96)
	at com.thoughtworks.xstream.mapper.MapperWrapper.realClass(MapperWrapper.java:38)
	at com.thoughtworks.xstream.mapper.MapperWrapper.realClass(MapperWrapper.java:38)
	at com.thoughtworks.xstream.mapper.MapperWrapper.realClass(MapperWrapper.java:38)
	at com.thoughtworks.xstream.mapper.MapperWrapper.realClass(MapperWrapper.java:38)
	at com.thoughtworks.xstream.mapper.MapperWrapper.realClass(MapperWrapper.java:38)
	at com.thoughtworks.xstream.mapper.MapperWrapper.realClass(MapperWrapper.java:38)
	at com.thoughtworks.xstream.mapper.MapperWrapper.realClass(MapperWrapper.java:38)
	at com.thoughtworks.xstream.mapper.MapperWrapper.realClass(MapperWrapper.java:38)
	at hudson.util.XStream2$CompatibilityMapper.realClass(XStream2.java:215)
	at com.thoughtworks.xstream.mapper.MapperWrapper.realClass(MapperWrapper.java:38)
	at hudson.util.xstream.MapperDelegate.realClass(MapperDelegate.java:43)
	at com.thoughtworks.xstream.mapper.MapperWrapper.realClass(MapperWrapper.java:38)
	at com.thoughtworks.xstream.mapper.CachingMapper.realClass(CachingMapper.java:56)
	at com.thoughtworks.xstream.core.util.HierarchicalStreams.readClassType(HierarchicalStreams.java:29)
	at com.thoughtworks.xstream.converters.collections.AbstractCollectionConverter.readItem(AbstractCollectionConverter.java:70)
	at com.thoughtworks.xstream.converters.collections.ArrayConverter.unmarshal(ArrayConverter.java:55)
	at com.thoughtworks.xstream.core.TreeUnmarshaller.convert(TreeUnmarshaller.java:82)
	... 39 more
Apr 17, 2012 10:35:14 AM jenkins.InitReactorRunner$1 onTaskFailed
SEVERE: Failed Loading job php-template
hudson.util.IOException2: Unable to read /var/lib/jenkins/jobs/php-template/config.xml
	at hudson.XmlFile.read(XmlFile.java:137)
	at hudson.model.Items.load(Items.java:114)
	at jenkins.model.Jenkins$15.run(Jenkins.java:2437)
	at org.jvnet.hudson.reactor.TaskGraphBuilder$TaskImpl.run(TaskGraphBuilder.java:146)
	at org.jvnet.hudson.reactor.Reactor.runTask(Reactor.java:259)
	at jenkins.model.Jenkins$6.runTask(Jenkins.java:838)
	at org.jvnet.hudson.reactor.Reactor$2.run(Reactor.java:187)
	at org.jvnet.hudson.reactor.Reactor$Node.run(Reactor.java:94)
	at java.util.concurrent.ThreadPoolExecutor$Worker.runTask(ThreadPoolExecutor.java:886)
	at java.util.concurrent.ThreadPoolExecutor$Worker.run(ThreadPoolExecutor.java:908)
	at java.lang.Thread.run(Thread.java:662)
Caused by: com.thoughtworks.xstream.converters.ConversionException: PHPUnitJunitHudsonTestType : PHPUnitJunitHudsonTestType : PHPUnitJunitHudsonTestType : PHPUnitJunitHudsonTestType
---- Debugging information ----
message             : PHPUnitJunitHudsonTestType : PHPUnitJunitHudsonTestType
cause-exception     : com.thoughtworks.xstream.mapper.CannotResolveClassException
cause-message       : PHPUnitJunitHudsonTestType : PHPUnitJunitHudsonTestType
class               : hudson.model.FreeStyleProject
required-type       : [Lcom.thalesgroup.dtkit.metrics.hudson.api.type.TestType;
path                : /project/publishers/xunit/types/PHPUnitJunitHudsonTestType
line number         : 365
-------------------------------
	at com.thoughtworks.xstream.core.TreeUnmarshaller.convert(TreeUnmarshaller.java:89)
	at com.thoughtworks.xstream.core.AbstractReferenceUnmarshaller.convert(AbstractReferenceUnmarshaller.java:63)
	at com.thoughtworks.xstream.core.TreeUnmarshaller.convertAnother(TreeUnmarshaller.java:76)
	at hudson.util.RobustReflectionConverter.unmarshalField(RobustReflectionConverter.java:292)
	at hudson.util.RobustReflectionConverter.doUnmarshal(RobustReflectionConverter.java:234)
	at hudson.util.RobustReflectionConverter.unmarshal(RobustReflectionConverter.java:181)
	at com.thoughtworks.xstream.core.TreeUnmarshaller.convert(TreeUnmarshaller.java:82)
	at com.thoughtworks.xstream.core.AbstractReferenceUnmarshaller.convert(AbstractReferenceUnmarshaller.java:63)
	at com.thoughtworks.xstream.core.TreeUnmarshaller.convertAnother(TreeUnmarshaller.java:76)
	at com.thoughtworks.xstream.core.TreeUnmarshaller.convertAnother(TreeUnmarshaller.java:60)
	at com.thoughtworks.xstream.converters.collections.AbstractCollectionConverter.readItem(AbstractCollectionConverter.java:71)
	at hudson.util.CopyOnWriteList$ConverterImpl.unmarshal(CopyOnWriteList.java:193)
	at hudson.util.DescribableList$ConverterImpl.unmarshal(DescribableList.java:244)
	at com.thoughtworks.xstream.core.TreeUnmarshaller.convert(TreeUnmarshaller.java:82)
	at com.thoughtworks.xstream.core.AbstractReferenceUnmarshaller.convert(AbstractReferenceUnmarshaller.java:63)
	at com.thoughtworks.xstream.core.TreeUnmarshaller.convertAnother(TreeUnmarshaller.java:76)
	at hudson.util.RobustReflectionConverter.unmarshalField(RobustReflectionConverter.java:292)
	at hudson.util.RobustReflectionConverter.doUnmarshal(RobustReflectionConverter.java:234)
	at hudson.util.RobustReflectionConverter.unmarshal(RobustReflectionConverter.java:181)
	at com.thoughtworks.xstream.core.TreeUnmarshaller.convert(TreeUnmarshaller.java:82)
	at com.thoughtworks.xstream.core.AbstractReferenceUnmarshaller.convert(AbstractReferenceUnmarshaller.java:63)
	at com.thoughtworks.xstream.core.TreeUnmarshaller.convertAnother(TreeUnmarshaller.java:76)
	at com.thoughtworks.xstream.core.TreeUnmarshaller.convertAnother(TreeUnmarshaller.java:60)
	at com.thoughtworks.xstream.core.TreeUnmarshaller.start(TreeUnmarshaller.java:137)
	at com.thoughtworks.xstream.core.AbstractTreeMarshallingStrategy.unmarshal(AbstractTreeMarshallingStrategy.java:33)
	at com.thoughtworks.xstream.XStream.unmarshal(XStream.java:926)
	at hudson.util.XStream2.unmarshal(XStream2.java:93)
	at com.thoughtworks.xstream.XStream.unmarshal(XStream.java:912)
	at com.thoughtworks.xstream.XStream.fromXML(XStream.java:864)
	at hudson.XmlFile.read(XmlFile.java:133)
	... 10 more
Caused by: com.thoughtworks.xstream.mapper.CannotResolveClassException: PHPUnitJunitHudsonTestType : PHPUnitJunitHudsonTestType
	at com.thoughtworks.xstream.mapper.DefaultMapper.realClass(DefaultMapper.java:68)
	at com.thoughtworks.xstream.mapper.MapperWrapper.realClass(MapperWrapper.java:38)
	at com.thoughtworks.xstream.mapper.DynamicProxyMapper.realClass(DynamicProxyMapper.java:71)
	at com.thoughtworks.xstream.mapper.MapperWrapper.realClass(MapperWrapper.java:38)
	at com.thoughtworks.xstream.mapper.PackageAliasingMapper.realClass(PackageAliasingMapper.java:88)
	at com.thoughtworks.xstream.mapper.MapperWrapper.realClass(MapperWrapper.java:38)
	at com.thoughtworks.xstream.mapper.ClassAliasingMapper.realClass(ClassAliasingMapper.java:86)
	at com.thoughtworks.xstream.mapper.MapperWrapper.realClass(MapperWrapper.java:38)
	at com.thoughtworks.xstream.mapper.MapperWrapper.realClass(MapperWrapper.java:38)
	at com.thoughtworks.xstream.mapper.MapperWrapper.realClass(MapperWrapper.java:38)
	at com.thoughtworks.xstream.mapper.MapperWrapper.realClass(MapperWrapper.java:38)
	at com.thoughtworks.xstream.mapper.MapperWrapper.realClass(MapperWrapper.java:38)
	at com.thoughtworks.xstream.mapper.MapperWrapper.realClass(MapperWrapper.java:38)
	at com.thoughtworks.xstream.mapper.ArrayMapper.realClass(ArrayMapper.java:96)
	at com.thoughtworks.xstream.mapper.MapperWrapper.realClass(MapperWrapper.java:38)
	at com.thoughtworks.xstream.mapper.MapperWrapper.realClass(MapperWrapper.java:38)
	at com.thoughtworks.xstream.mapper.MapperWrapper.realClass(MapperWrapper.java:38)
	at com.thoughtworks.xstream.mapper.MapperWrapper.realClass(MapperWrapper.java:38)
	at com.thoughtworks.xstream.mapper.MapperWrapper.realClass(MapperWrapper.java:38)
	at com.thoughtworks.xstream.mapper.MapperWrapper.realClass(MapperWrapper.java:38)
	at com.thoughtworks.xstream.mapper.MapperWrapper.realClass(MapperWrapper.java:38)
	at com.thoughtworks.xstream.mapper.MapperWrapper.realClass(MapperWrapper.java:38)
	at hudson.util.XStream2$CompatibilityMapper.realClass(XStream2.java:215)
	at com.thoughtworks.xstream.mapper.MapperWrapper.realClass(MapperWrapper.java:38)
	at hudson.util.xstream.MapperDelegate.realClass(MapperDelegate.java:43)
	at com.thoughtworks.xstream.mapper.MapperWrapper.realClass(MapperWrapper.java:38)
	at com.thoughtworks.xstream.mapper.CachingMapper.realClass(CachingMapper.java:56)
	at com.thoughtworks.xstream.core.util.HierarchicalStreams.readClassType(HierarchicalStreams.java:29)
	at com.thoughtworks.xstream.converters.collections.AbstractCollectionConverter.readItem(AbstractCollectionConverter.java:70)
	at com.thoughtworks.xstream.converters.collections.ArrayConverter.unmarshal(ArrayConverter.java:55)
	at com.thoughtworks.xstream.core.TreeUnmarshaller.convert(TreeUnmarshaller.java:82)
	... 39 more
Apr 17, 2012 10:35:14 AM jenkins.InitReactorRunner$1 onAttained
INFO: Loaded all jobs
Apr 17, 2012 10:35:15 AM org.apache.sshd.common.util.SecurityUtils$BouncyCastleRegistration run
INFO: Trying to register BouncyCastle as a JCE provider
Apr 17, 2012 10:35:15 AM org.apache.sshd.common.util.SecurityUtils$BouncyCastleRegistration run
INFO: Registration succeeded
Apr 17, 2012 10:35:16 AM org.springframework.context.support.AbstractApplicationContext prepareRefresh
INFO: Refreshing org.springframework.web.context.support.StaticWebApplicationContext@1947e0ec: display name [Root WebApplicationContext]; startup date [Tue Apr 17 10:35:16 CEST 2012]; root of context hierarchy
Apr 17, 2012 10:35:16 AM org.springframework.context.support.AbstractApplicationContext obtainFreshBeanFactory
INFO: Bean factory for application context [org.springframework.web.context.support.StaticWebApplicationContext@1947e0ec]: org.springframework.beans.factory.support.DefaultListableBeanFactory@65499154
Apr 17, 2012 10:35:16 AM org.springframework.beans.factory.support.DefaultListableBeanFactory preInstantiateSingletons
INFO: Pre-instantiating singletons in org.springframework.beans.factory.support.DefaultListableBeanFactory@65499154: defining beans [authenticationManager]; root of factory hierarchy
Apr 17, 2012 10:35:16 AM org.springframework.context.support.AbstractApplicationContext prepareRefresh
INFO: Refreshing org.springframework.web.context.support.StaticWebApplicationContext@47abfd68: display name [Root WebApplicationContext]; startup date [Tue Apr 17 10:35:16 CEST 2012]; root of context hierarchy
Apr 17, 2012 10:35:16 AM org.springframework.context.support.AbstractApplicationContext obtainFreshBeanFactory
INFO: Bean factory for application context [org.springframework.web.context.support.StaticWebApplicationContext@47abfd68]: org.springframework.beans.factory.support.DefaultListableBeanFactory@d07e4bc
Apr 17, 2012 10:35:16 AM org.springframework.beans.factory.support.DefaultListableBeanFactory preInstantiateSingletons
INFO: Pre-instantiating singletons in org.springframework.beans.factory.support.DefaultListableBeanFactory@d07e4bc: defining beans [filter,legacy]; root of factory hierarchy
Apr 17, 2012 10:35:16 AM org.jenkinsci.main.modules.sshd.SSHD start
INFO: Started SSHD at port 38529
Apr 17, 2012 10:35:16 AM jenkins.InitReactorRunner$1 onAttained
INFO: Completed initialization
Apr 17, 2012 10:35:16 AM hudson.TcpSlaveAgentListener <init>
INFO: JNLP slave agent listener started on TCP port 50141
Apr 17, 2012 10:35:29 AM hudson.WebAppMain$2 run
INFO: Jenkins is fully up and running
