<?xml version="1.0" encoding="UTF-8" ?>
<testsuite errors="1" failures="0" hostname="umwintest21" name="com.pcbsys.nirvana.client.durable.serial.nSerialDurableMiscTests" skipped="0" tests="4" time="15.02" timestamp="2019-07-28T23:48:38">
  <properties>
[...]
</properties>
  <testcase classname="com.pcbsys.nirvana.client.durable.serial.nSerialDurableMiscTests" name="ensureClosingSessionRemovesConnections" time="0.2" />
  <testcase classname="com.pcbsys.nirvana.client.durable.serial.nSerialDurableMiscTests" name="ensureAsyncConsumersCanBeAddedAndRemoved" time="9.49" />
  <testcase classname="com.pcbsys.nirvana.client.durable.serial.nSerialDurableMiscTests" name="invalidSelectorTest" time="0.096" />
  <testcase classname="com.pcbsys.nirvana.client.durable.serial.nSerialDurableMiscTests" name="ensureSyncConsumersGetExceptionWhenCallingGetNextWithExceededWindowSize" time="0.068">
    <error type="java.lang.NullPointerException">java.lang.NullPointerException
	at com.pcbsys.nirvana.client.durable.serial.nSerialDurableMiscTests.setUp(nSerialDurableMiscTests.java:72)
	at sun.reflect.NativeMethodAccessorImpl.invoke0(Native Method)
	at sun.reflect.NativeMethodAccessorImpl.invoke(NativeMethodAccessorImpl.java:62)
	at sun.reflect.DelegatingMethodAccessorImpl.invoke(DelegatingMethodAccessorImpl.java:43)
	at java.lang.reflect.Method.invoke(Method.java:498)
	at org.junit.runners.model.FrameworkMethod$1.runReflectiveCall(FrameworkMethod.java:50)
	at org.junit.internal.runners.model.ReflectiveCallable.run(ReflectiveCallable.java:12)
	at org.junit.runners.model.FrameworkMethod.invokeExplosively(FrameworkMethod.java:47)
	at org.junit.internal.runners.statements.RunBefores.evaluate(RunBefores.java:24)
	at org.junit.internal.runners.statements.RunAfters.evaluate(RunAfters.java:27)
	at org.junit.internal.runners.statements.RunAfters.evaluate(RunAfters.java:27)
	at org.junit.internal.runners.statements.FailOnTimeout$CallableStatement.call(FailOnTimeout.java:298)
	at org.junit.internal.runners.statements.FailOnTimeout$CallableStatement.call(FailOnTimeout.java:292)
	at java.util.concurrent.FutureTask.run(FutureTask.java:266)
	at java.lang.Thread.run(Thread.java:748)
</error>
  </testcase>
  <system-out><![CDATA[Starting Suite: com.pcbsys.nirvana.client.durable.serial.nSerialDurableMiscTests on Windows Server 2016
TestServerResource starting realm LocalTestServer/realm=nSerialDurableMiscTests100000_26000/family=null/port=26000 with debugport=26001 with baseport=26000 - Active=0/[] - Free={null=[]}
Starting test: ensureClosingSessionRemovesConnections
Succeeded testing: ensureClosingSessionRemovesConnections Took : 197ms
Starting test: ensureAsyncConsumersCanBeAddedAndRemoved
Succeeded testing: ensureAsyncConsumersCanBeAddedAndRemoved Took : 9488ms
Starting test: invalidSelectorTest
Succeeded testing: invalidSelectorTest Took : 95ms
Starting test: ensureSyncConsumersGetExceptionWhenCallingGetNextWithExceededWindowSize
Failed test: ensureSyncConsumersGetExceptionWhenCallingGetNextWithExceededWindowSize Took : 61ms
Finished Suite: com.pcbsys.nirvana.client.durable.serial.nSerialDurableMiscTests[Total Tests: 4 MinTime : 61ms, MaxTime : 9488ms, Average : 2460ms TotalExecutionTime: 9841ms]
Session Monitor for : com.pcbsys.nirvana.client.durable.serial.nSerialDurableMiscTests found 0 remaining
Session Monitor for : com.pcbsys.nirvana.client.durable.serial.nSerialDurableMiscTests found 0 leaked
]]></system-out>
  <system-err><![CDATA[--------- Log File Closed ---------


Working Directory for tests -> JUnit\data - current=C:\jenkins\workspace\10.5_release_pipeline_5_windows\build\change-management\nocategory\com.pcbsys.nirvana.client.durable.serial.nSerialDurableMiscTests\.
Base Realm Port Number      -> 9500 (Increments by 10 per realm)
Log file for all tests      -> C:\jenkins\workspace\10.5_release_pipeline_5_windows\build\change-management\nocategory\com.pcbsys.nirvana.client.durable.serial.nSerialDurableMiscTests\Test.log
Free Memory = 97388160
Java version=1.8.0_163, vendor=Azul Systems, Inc.
Constructing new testServerRunner for realm=nSerialDurableMiscTests100000_26000 with data=junit2\data\nSerialDurableMiscTests100000_26000\data - current=C:\jenkins\workspace\10.5_release_pipeline_5_windows\build\change-management\nocategory\com.pcbsys.nirvana.client.durable.serial.nSerialDurableMiscTests\.
server using licence : null/licence.xml
TestServerRunner: Attempt #0 to start realm=nSerialDurableMiscTests100000_26000 at nsp://0.0.0.0:26000 - remote=false
Enabling debug=${debug.flag} on realm=nSerialDurableMiscTests100000_26000
Enabling java remote debugging for realm=nSerialDurableMiscTests100000_26000 on debug-port=26001
Debug flag=null for realm=nSerialDurableMiscTests100000_26000 on debug-port=26001
Debugging GC Mode on for realm=nSerialDurableMiscTests100000_26000 on debug-port=26001
Redirecting GC logs to file junit2\data\nSerialDurableMiscTests100000_26000\data/gc.log
Dumping Heap on OOM Errors
Launching Realm=nSerialDurableMiscTests100000_26000 in C:\jenkins\workspace\10.5_release_pipeline_5_windows\build\change-management\nocategory\com.pcbsys.nirvana.client.durable.serial.nSerialDurableMiscTests
C:\jenkins\tools\hudson.model.JDK\zulu8.28.0.1\zulu8.28.0.1-jdk8.0.163-win_x64\jre\bin\java -Xms16M -DLICENCE_FILE=licence.xml -Djavax.net.ssl.keyStorePassword=nserialdurablemisctests100000_26000 -DREALM=nSerialDurableMiscTests100000_26000 -DDATADIR=junit2\data\nSerialDurableMiscTests100000_26000\data -Djavax.net.ssl.keyStore=junit2\data\nSerialDurableMiscTests100000_26000\data\/RealmSpecific\./server.jks -DThrowErrorOnReadOnly=true -DEnableDebug=${debug.flag} -DLOGSIZE=1000000000 -Djavax.net.ssl.trustStorePassword=changeit -DADAPTER_0=nsp://0.0.0.0:26000 -DLOGLEVEL=0 -DMaxMemory=512M -DSECURITYFILE=C:\jenkins\workspace\10.5_release_pipeline_5_windows\build\change-management\nocategory\com.pcbsys.nirvana.client.durable.serial.nSerialDurableMiscTests\junit2\data\nSerialDurableMiscTests100000_26000\data\secfile -DAbortThreadDump=true -DDISPLAYENV=true -Djavax.net.ssl.trustStore=./nirvanacacerts.jks -Xmx512M -DRNAME=nsp://localhost:26000 -DSPIN_COUNT=10000 -cp C:\jenkins\workspace\10.5_release_pipeline_5_windows\build\change-management\nocategory\com.pcbsys.nirvana.client.durable.serial.nSerialDurableMiscTests\junit2\data\nSerialDurableMiscTests100000_26000\data;C:\jenkins\workspace\10.5_release_pipeline_5_windows\jars\nServer10.5.0.0.122848.jar;C:\jenkins\workspace\10.5_release_pipeline_5_windows\jars\nJUnitTests10.5.0.0.122848.jar;C:\jenkins\workspace\10.5_release_pipeline_5_windows\jars\integration-test-ext10.5.0.0.122848.jar;C:\jenkins\workspace\10.5_release_pipeline_5_windows\jars\nPlugin10.5.0.0.122848.jar;C:\jenkins\workspace\10.5_release_pipeline_5_windows\jars\nProtocols10.5.0.0.122848.jar;C:\jenkins\workspace\10.5_release_pipeline_5_windows\build\nirvana-dependencies\GlassFish\gf.javax.servlet-api-3.0.1.jar;C:\jenkins\workspace\10.5_release_pipeline_5_windows\build\nirvana-dependencies\protobuf-java.jar;C:\jenkins\workspace\10.5_release_pipeline_5_windows\build\nirvana-dependencies\bcmail-jdk15on-1.60.jar;C:\jenkins\workspace\10.5_release_pipeline_5_windows\build\nirvana-dependencies\bcpkix-jdk15on-1.60.jar;C:\jenkins\workspace\10.5_release_pipeline_5_windows\build\nirvana-dependencies\bcprov-jdk15on-1.60.jar;C:\jenkins\workspace\10.5_release_pipeline_5_windows\build\nirvana-dependencies\test\junit-toolbox-1.10.jar;C:\jenkins\workspace\10.5_release_pipeline_5_windows\build\nirvana-dependencies\sin\sec-common-10.1.0-v0205.jar;C:\jenkins\workspace\10.5_release_pipeline_5_windows\build\nirvana-dependencies\sin\sec-identity-10.1.0-v0205.jar;C:\jenkins\workspace\10.5_release_pipeline_5_windows\build\nirvana-dependencies\sin\sec-is-ldap-10.1.0-v0205.jar;C:\jenkins\workspace\10.5_release_pipeline_5_windows\build\nirvana-dependencies\sin\sec-jaas-10.1.0-v0205.jar;C:\jenkins\workspace\10.5_release_pipeline_5_windows\build\nirvana-dependencies\sin\sec-misc-10.1.0-v0205.jar;C:\jenkins\workspace\10.5_release_pipeline_5_windows\build\nirvana-dependencies\sin\sec-utils-10.1.0-v0205.jar;C:\jenkins\workspace\10.5_release_pipeline_5_windows\build\nirvana-dependencies\axis.jar;C:\jenkins\workspace\10.5_release_pipeline_5_windows\build\nirvana-dependencies\log4j.jar;C:\jenkins\workspace\10.5_release_pipeline_5_windows\build\nirvana-dependencies\apache-qpid\proton-j.jar;C:\jenkins\workspace\10.5_release_pipeline_5_windows\build\nirvana-dependencies\xml-apis.jar;C:\jenkins\workspace\10.5_release_pipeline_5_windows\build\nirvana-dependencies\xerces.jar;C:\jenkins\workspace\10.5_release_pipeline_5_windows\build\nirvana-dependencies\restlet\org.restlet.jar;C:\jenkins\workspace\10.5_release_pipeline_5_windows\build\nirvana-dependencies\restlet\org.json.jar;C:\jenkins\workspace\10.5_release_pipeline_5_windows\build\nirvana-dependencies\restlet\org.restlet.ext.json.jar;C:\jenkins\workspace\10.5_release_pipeline_5_windows\build\nirvana-dependencies\restlet\org.restlet.ext.servlet.jar;C:\jenkins\workspace\10.5_release_pipeline_5_windows\build\nirvana-dependencies\restlet\org.restlet.ext.xml.jar;C:\jenkins\workspace\10.5_release_pipeline_5_windows\build\nirvana-dependencies\restlet\org.restlet.ext.wadl.jar; -DEnableDebug=${debug.flag} -Xdebug -Xnoagent -Djava.compiler=none -Xrunjdwp:transport=dt_socket,server=y,suspend=n,address=26001 -verbosegc -XX:+PrintGCDetails -XX:-PrintGCTimeStamps -Xloggc:junit2\data\nSerialDurableMiscTests100000_26000\data/gc.log -XX:+HeapDumpOnOutOfMemoryError -XX:-OmitStackTraceInFastThrow -javaagent:C:\jenkins\workspace\10.5_release_pipeline_5_windows\build\change-management\lib\jacocoagent.jar=destfile=nSerialDurableMiscTests100000_26000.exec com.pcbsys.nirvana.server.Server 
nSerialDurableMiscTests100000_26000(Out)> Listening for transport dt_socket at address: 26001
nSerialDurableMiscTests100000_26000(Err)> Looking for lib directory in C:\jenkins\workspace\10.5_release_pipeline_5_windows\build\change-management\nocategory\com.pcbsys.nirvana.client.durable.serial.nSerialDurableMiscTests\junit2
nSerialDurableMiscTests100000_26000(Err)> [Mon Jul 29 01:48:39.649 CEST 2019] [main] Setting the max direct memory as max heap memory  455M
nSerialDurableMiscTests100000_26000(Err)> Cannot find config.props on classpath - this will result in default values being used [origin=C:\jenkins\workspace\10.5_release_pipeline_5_windows\build\change-management\nocategory\com.pcbsys.nirvana.client.durable.serial.nSerialDurableMiscTests\.]
nSerialDurableMiscTests100000_26000(Out)> Startup: Setting global maximum memory to 477626368, resolved from the JVM
nSerialDurableMiscTests100000_26000(Out)> License Details : Default License Manager is used and no License details can be provided
nSerialDurableMiscTests100000_26000(Out)> 
nSerialDurableMiscTests100000_26000(Err)> --------- Log File Closed ---------
nSerialDurableMiscTests100000_26000(Err)> 
nSerialDurableMiscTests100000_26000(Err)> 
TestServerRunner waiting for realm to come up - failure #1 - com.pcbsys.nirvana.client.nRealmUnreachableException: Realm is currently not reachable:Realm was still unreachable after max retry count - 0
nSerialDurableMiscTests100000_26000(Err)> Environment:> Disabling high performance threads due to CORE_SPIN not being set, if low latency is required please set -DCORE_SPIN=true
nSerialDurableMiscTests100000_26000(Out)> ================================================
nSerialDurableMiscTests100000_26000(Out)>   Copyright (c) Software AG Limited. All rights reserved
nSerialDurableMiscTests100000_26000(Out)> Start date             = Mon Jul 29 01:48:41 CEST 2019
nSerialDurableMiscTests100000_26000(Out)> Process ID             = 1628
nSerialDurableMiscTests100000_26000(Out)>  
nSerialDurableMiscTests100000_26000(Out)> Realm Server Details : 
nSerialDurableMiscTests100000_26000(Out)>   Product              = Universal Messaging
nSerialDurableMiscTests100000_26000(Out)>   Realm Server name    = nserialdurablemisctests100000_26000
nSerialDurableMiscTests100000_26000(Out)>   Release Identifier   = 10.5.0.0.122848
nSerialDurableMiscTests100000_26000(Out)>   Release Details      = 10.5.0.x  
nSerialDurableMiscTests100000_26000(Out)>   Build Date           = July 29 2019
nSerialDurableMiscTests100000_26000(Out)>   Data Directory       = junit2\data\nSerialDurableMiscTests100000_26000\data
nSerialDurableMiscTests100000_26000(Out)>   Extension Directory  = C:\jenkins\workspace\10.5_release_pipeline_5_windows\build\change-management\nocategory\com.pcbsys.nirvana.client.durable.serial.nSerialDurableMiscTests\junit2\data\nSerialDurableMiscTests100000_26000\plugins\ext
nSerialDurableMiscTests100000_26000(Out)>   Low Latency Executor = false
nSerialDurableMiscTests100000_26000(Out)>   Has License Manager  = true
nSerialDurableMiscTests100000_26000(Out)>   Interfaces Running   : 
nSerialDurableMiscTests100000_26000(Out)>     0) nsp0: nsp://0.0.0.0:26000 Running
nSerialDurableMiscTests100000_26000(Out)> 
nSerialDurableMiscTests100000_26000(Out)>   Realm(s) Reloaded    = 1
nSerialDurableMiscTests100000_26000(Out)>   Channels Reloaded    = 0
nSerialDurableMiscTests100000_26000(Out)>   Queues Reloaded      = 0
nSerialDurableMiscTests100000_26000(Out)>   Data Groups Reloaded = 0
nSerialDurableMiscTests100000_26000(Out)>   Interfaces Reloaded  = 1
nSerialDurableMiscTests100000_26000(Out)>  
nSerialDurableMiscTests100000_26000(Out)> Operating System Environment : 
nSerialDurableMiscTests100000_26000(Out)>   OS Name              = Windows Server 2016
nSerialDurableMiscTests100000_26000(Out)>   OS Version           = 10.0
nSerialDurableMiscTests100000_26000(Out)>   OS Architecture      = amd64
nSerialDurableMiscTests100000_26000(Out)>   Available Processors = 8
nSerialDurableMiscTests100000_26000(Out)>  
nSerialDurableMiscTests100000_26000(Out)> Java Environment :
nSerialDurableMiscTests100000_26000(Out)>   Java Vendor         = Azul Systems, Inc.
nSerialDurableMiscTests100000_26000(Out)>   Java Vendor URL     = http://www.azulsystems.com/
nSerialDurableMiscTests100000_26000(Out)>   Java Version        = 1.8.0_163
nSerialDurableMiscTests100000_26000(Out)>   Java Vendor Name    = OpenJDK 64-Bit Server VM 1.8.0_163-b01
nSerialDurableMiscTests100000_26000(Out)>   Memory Allocation   = 455 MB
nSerialDurableMiscTests100000_26000(Out)>   Memory Warning      = 387 MB
nSerialDurableMiscTests100000_26000(Out)>   Memory Emergency    = 428 MB
nSerialDurableMiscTests100000_26000(Out)>   Max Direct Memory   = 455 MB
nSerialDurableMiscTests100000_26000(Out)>   Nanosecond delay    = Supported
nSerialDurableMiscTests100000_26000(Out)>   Time Zone           = Central European Time
nSerialDurableMiscTests100000_26000(Out)>   Security Provider 0 = SUN version 1.8
nSerialDurableMiscTests100000_26000(Out)>   Security Provider 1 = SunRsaSign version 1.8
nSerialDurableMiscTests100000_26000(Out)>   Security Provider 2 = SunEC version 1.8
nSerialDurableMiscTests100000_26000(Out)>   Security Provider 3 = SunJSSE version 1.8
nSerialDurableMiscTests100000_26000(Out)>   Security Provider 4 = SunJCE version 1.8
nSerialDurableMiscTests100000_26000(Out)>   Security Provider 5 = SunJGSS version 1.8
nSerialDurableMiscTests100000_26000(Out)>   Security Provider 6 = SunSASL version 1.8
nSerialDurableMiscTests100000_26000(Out)>   Security Provider 7 = XMLDSig version 1.8
nSerialDurableMiscTests100000_26000(Out)>   Security Provider 8 = SunPCSC version 1.8
nSerialDurableMiscTests100000_26000(Out)>   Security Provider 9 = SunMSCAPI version 1.8
nSerialDurableMiscTests100000_26000(Out)>   Security Provider 10 = BC version 1.6
nSerialDurableMiscTests100000_26000(Out)> ================================================
nSerialDurableMiscTests100000_26000(Out)> 
nSerialDurableMiscTests100000_26000(Out)> 
nSerialDurableMiscTests100000_26000(Out)> *****************************************************************************
nSerialDurableMiscTests100000_26000(Out)> No License Manager Detected
nSerialDurableMiscTests100000_26000(Out)> 
nSerialDurableMiscTests100000_26000(Out)> In the absence of a valid license manager, this server will run for
nSerialDurableMiscTests100000_26000(Out)> a maximum of 48 hours from the time of the first execution.
nSerialDurableMiscTests100000_26000(Out)> 
nSerialDurableMiscTests100000_26000(Out)> This server will automatically shut down after:
nSerialDurableMiscTests100000_26000(Out)> 
nSerialDurableMiscTests100000_26000(Out)> Wed Jul 31 01:48:39 CEST 2019
nSerialDurableMiscTests100000_26000(Out)> 
nSerialDurableMiscTests100000_26000(Out)> This doesn't mean there is no valid licence, but it is the licence manager which is missing.
nSerialDurableMiscTests100000_26000(Out)> To continue using this product, please install a valid license manager.
nSerialDurableMiscTests100000_26000(Out)> *****************************************************************************
nSerialDurableMiscTests100000_26000(Out)> 
EnableSHM is set to: true for realm: nSerialDurableMiscTests100000_26000
TestServerRunner adding SHMAdapter
TestServerRunner: Runner slept for 3433 ms to allow realm to come up [nSerialDurableMiscTests100000_26000]
Lock file deleted - C:\jenkins\workspace\10.5_release_pipeline_5_windows\build\change-management\nocategory\com.pcbsys.nirvana.client.durable.serial.nSerialDurableMiscTests\junit2\data\nSerialDurableMiscTests100000_26000\data\RealmServer.lck for realm=nSerialDurableMiscTests100000_26000
nSerialDurableMiscTests100000_26000(Err)> Starting Realm Mon Jul 29 01:48:53 CEST 2019
nSerialDurableMiscTests100000_26000(Err)>   Copyright (c) Software AG Limited. All rights reserved
nSerialDurableMiscTests100000_26000(Out)> Realm shutdown complete
**** Realm=nSerialDurableMiscTests100000_26000 at nsp://0.0.0.0:26000 has terminated - exitvalue=0
TestServerRunner: Runner thread for realm=nSerialDurableMiscTests100000_26000 is exiting
]]></system-err>
</testsuite>
