=== Starting checkFilterTest(com.cloudbees.jenkins.support.CheckFilterTest)
   0.018 [id=153]	INFO	o.jvnet.hudson.test.JenkinsRule#createWebServer: Running on http://localhost:8802/jenkins/
   0.053 [id=160]	INFO	jenkins.InitReactorRunner$1#onAttained: Started initialization
   0.058 [id=164]	INFO	jenkins.InitReactorRunner$1#onAttained: Listed all plugins
   0.204 [id=165]	INFO	jenkins.InitReactorRunner$1#onAttained: Prepared all plugins
   0.207 [id=163]	INFO	jenkins.InitReactorRunner$1#onAttained: Started all plugins
   0.209 [id=163]	INFO	jenkins.InitReactorRunner$1#onAttained: Augmented all extensions
   0.211 [id=164]	WARNING	jenkins.metrics.api.Metrics#afterExtensionsAugmented: Could not register metrics providers or health check providers as metrics plugin appears to be disabled
   0.802 [id=163]	INFO	jenkins.InitReactorRunner$1#onAttained: Loaded all jobs
   0.821 [id=160]	INFO	jenkins.InitReactorRunner$1#onAttained: Completed initialization
   5.374 [id=176]	SEVERE	hudson.triggers.SafeTimerTask#run: Timer task jenkins.metrics.impl.JenkinsMetricProviderImpl$PeriodicWorkImpl@293b64ca failed
java.lang.AssertionError: jenkins.metrics.api.Metrics is missing its MetricRegistry
	at jenkins.metrics.api.Metrics.metricRegistry(Metrics.java:187)
	at jenkins.metrics.impl.JenkinsMetricProviderImpl.getOrCreateTimer(JenkinsMetricProviderImpl.java:498)
	at jenkins.metrics.impl.JenkinsMetricProviderImpl.updateMetrics(JenkinsMetricProviderImpl.java:480)
	at jenkins.metrics.impl.JenkinsMetricProviderImpl.access$000(JenkinsMetricProviderImpl.java:84)
	at jenkins.metrics.impl.JenkinsMetricProviderImpl$PeriodicWorkImpl.doRun(JenkinsMetricProviderImpl.java:622)
	at hudson.triggers.SafeTimerTask.run(SafeTimerTask.java:72)
	at jenkins.security.ImpersonatingScheduledExecutorService$1.run(ImpersonatingScheduledExecutorService.java:58)
	at java.util.concurrent.Executors$RunnableAdapter.call(Executors.java:511)
	at java.util.concurrent.FutureTask.runAndReset(FutureTask.java:308)
	at java.util.concurrent.ScheduledThreadPoolExecutor$ScheduledFutureTask.access$301(ScheduledThreadPoolExecutor.java:180)
	at java.util.concurrent.ScheduledThreadPoolExecutor$ScheduledFutureTask.run(ScheduledThreadPoolExecutor.java:294)
	at java.util.concurrent.ThreadPoolExecutor.runWorker(ThreadPoolExecutor.java:1149)
	at java.util.concurrent.ThreadPoolExecutor$Worker.run(ThreadPoolExecutor.java:624)
	at java.lang.Thread.run(Thread.java:748)
   5.395 [id=42]	INFO	o.j.h.test.SimpleCommandLauncher#launch: agent launched for slave0
   6.337 [id=153]	WARNING	c.c.j.support.SupportPlugin#writeBundle: Could not attach ''nodes/master/checksums.md5'' to support bundle
java.lang.IllegalArgumentException: Parameter 'directory' is not a directory
	at org.apache.commons.io.FileUtils.validateListFilesParameters(FileUtils.java:545)
	at org.apache.commons.io.FileUtils.listFiles(FileUtils.java:521)
	at org.apache.commons.io.FileUtils.listFiles(FileUtils.java:691)
	at com.cloudbees.jenkins.support.impl.AboutJenkins$MasterChecksumsContent.printTo(AboutJenkins.java:873)
	at com.cloudbees.jenkins.support.api.PrintedContent.writeTo(PrintedContent.java:56)
	at com.cloudbees.jenkins.support.SupportPlugin.writeBundle(SupportPlugin.java:327)
	at com.cloudbees.jenkins.support.CheckFilterTest.assertComponent(CheckFilterTest.java:154)
	at com.cloudbees.jenkins.support.CheckFilterTest.checkFilterTest(CheckFilterTest.java:94)
	at sun.reflect.NativeMethodAccessorImpl.invoke0(Native Method)
	at sun.reflect.NativeMethodAccessorImpl.invoke(NativeMethodAccessorImpl.java:62)
	at sun.reflect.DelegatingMethodAccessorImpl.invoke(DelegatingMethodAccessorImpl.java:43)
	at java.lang.reflect.Method.invoke(Method.java:498)
	at org.junit.runners.model.FrameworkMethod$1.runReflectiveCall(FrameworkMethod.java:50)
	at org.junit.internal.runners.model.ReflectiveCallable.run(ReflectiveCallable.java:12)
	at org.junit.runners.model.FrameworkMethod.invokeExplosively(FrameworkMethod.java:47)
	at org.junit.internal.runners.statements.InvokeMethod.evaluate(InvokeMethod.java:17)
	at org.jvnet.hudson.test.JenkinsRule$1.evaluate(JenkinsRule.java:599)
	at org.junit.internal.runners.statements.FailOnTimeout$CallableStatement.call(FailOnTimeout.java:298)
	at org.junit.internal.runners.statements.FailOnTimeout$CallableStatement.call(FailOnTimeout.java:292)
	at java.util.concurrent.FutureTask.run(FutureTask.java:266)
	at java.lang.Thread.run(Thread.java:748)
  10.300 [id=174]	SEVERE	hudson.triggers.SafeTimerTask#run: Timer task jenkins.metrics.impl.JenkinsMetricProviderImpl$PeriodicWorkImpl@293b64ca failed
java.lang.AssertionError: jenkins.metrics.api.Metrics is missing its MetricRegistry
	at jenkins.metrics.api.Metrics.metricRegistry(Metrics.java:187)
	at jenkins.metrics.impl.JenkinsMetricProviderImpl.getOrCreateTimer(JenkinsMetricProviderImpl.java:498)
	at jenkins.metrics.impl.JenkinsMetricProviderImpl.updateMetrics(JenkinsMetricProviderImpl.java:480)
	at jenkins.metrics.impl.JenkinsMetricProviderImpl.access$000(JenkinsMetricProviderImpl.java:84)
	at jenkins.metrics.impl.JenkinsMetricProviderImpl$PeriodicWorkImpl.doRun(JenkinsMetricProviderImpl.java:622)
	at hudson.triggers.SafeTimerTask.run(SafeTimerTask.java:72)
	at jenkins.security.ImpersonatingScheduledExecutorService$1.run(ImpersonatingScheduledExecutorService.java:58)
	at java.util.concurrent.Executors$RunnableAdapter.call(Executors.java:511)
	at java.util.concurrent.FutureTask.runAndReset(FutureTask.java:308)
	at java.util.concurrent.ScheduledThreadPoolExecutor$ScheduledFutureTask.access$301(ScheduledThreadPoolExecutor.java:180)
	at java.util.concurrent.ScheduledThreadPoolExecutor$ScheduledFutureTask.run(ScheduledThreadPoolExecutor.java:294)
	at java.util.concurrent.ThreadPoolExecutor.runWorker(ThreadPoolExecutor.java:1149)
	at java.util.concurrent.ThreadPoolExecutor$Worker.run(ThreadPoolExecutor.java:624)
	at java.lang.Thread.run(Thread.java:748)
  11.250 [id=158]	SEVERE	hudson.triggers.SafeTimerTask#run: Timer task jenkins.metrics.util.AutoSamplingHistogram$PeriodicWorkImpl@3a5dea3e failed
java.lang.AssertionError: jenkins.metrics.api.Metrics is missing its MetricRegistry
	at jenkins.metrics.api.Metrics.metricRegistry(Metrics.java:187)
	at jenkins.metrics.util.AutoSamplingHistogram$PeriodicWorkImpl.doRun(AutoSamplingHistogram.java:117)
	at hudson.triggers.SafeTimerTask.run(SafeTimerTask.java:72)
	at jenkins.security.ImpersonatingScheduledExecutorService$1.run(ImpersonatingScheduledExecutorService.java:58)
	at java.util.concurrent.Executors$RunnableAdapter.call(Executors.java:511)
	at java.util.concurrent.FutureTask.runAndReset(FutureTask.java:308)
	at java.util.concurrent.ScheduledThreadPoolExecutor$ScheduledFutureTask.access$301(ScheduledThreadPoolExecutor.java:180)
	at java.util.concurrent.ScheduledThreadPoolExecutor$ScheduledFutureTask.run(ScheduledThreadPoolExecutor.java:294)
	at java.util.concurrent.ThreadPoolExecutor.runWorker(ThreadPoolExecutor.java:1149)
	at java.util.concurrent.ThreadPoolExecutor$Worker.run(ThreadPoolExecutor.java:624)
	at java.lang.Thread.run(Thread.java:748)
  15.299 [id=176]	SEVERE	hudson.triggers.SafeTimerTask#run: Timer task jenkins.metrics.impl.JenkinsMetricProviderImpl$PeriodicWorkImpl@293b64ca failed
java.lang.AssertionError: jenkins.metrics.api.Metrics is missing its MetricRegistry
	at jenkins.metrics.api.Metrics.metricRegistry(Metrics.java:187)
	at jenkins.metrics.impl.JenkinsMetricProviderImpl.getOrCreateTimer(JenkinsMetricProviderImpl.java:498)
	at jenkins.metrics.impl.JenkinsMetricProviderImpl.updateMetrics(JenkinsMetricProviderImpl.java:480)
	at jenkins.metrics.impl.JenkinsMetricProviderImpl.access$000(JenkinsMetricProviderImpl.java:84)
	at jenkins.metrics.impl.JenkinsMetricProviderImpl$PeriodicWorkImpl.doRun(JenkinsMetricProviderImpl.java:622)
	at hudson.triggers.SafeTimerTask.run(SafeTimerTask.java:72)
	at jenkins.security.ImpersonatingScheduledExecutorService$1.run(ImpersonatingScheduledExecutorService.java:58)
	at java.util.concurrent.Executors$RunnableAdapter.call(Executors.java:511)
	at java.util.concurrent.FutureTask.runAndReset(FutureTask.java:308)
	at java.util.concurrent.ScheduledThreadPoolExecutor$ScheduledFutureTask.access$301(ScheduledThreadPoolExecutor.java:180)
	at java.util.concurrent.ScheduledThreadPoolExecutor$ScheduledFutureTask.run(ScheduledThreadPoolExecutor.java:294)
	at java.util.concurrent.ThreadPoolExecutor.runWorker(ThreadPoolExecutor.java:1149)
	at java.util.concurrent.ThreadPoolExecutor$Worker.run(ThreadPoolExecutor.java:624)
	at java.lang.Thread.run(Thread.java:748)
  15.621 [id=153]	INFO	jenkins.model.Jenkins#cleanUp: Stopping Jenkins
  15.763 [id=153]	INFO	jenkins.model.Jenkins#cleanUp: Jenkins stopped

java.lang.AssertionError: The file 'nodes/master/environment.txt' should have the word 'user_direct_neighbourhood'. File content:

----------
=::=::\
ALLUSERSPROFILE=C:\ProgramData
APPDATA=C:\Users\Wadeck\AppData\Roaming
CMDER_HOME=C:\App\Cmder\Cmder_1.3.5
COMPUTERNAME=WADECK-LAPTOP
ComSpec=C:\WINDOWS\system32\cmd.exe
CommonProgramFiles=C:\Program Files\Common Files
CommonProgramFiles(x86)=C:\Program Files (x86)\Common Files
CommonProgramW6432=C:\Program Files\Common Files
DriverData=C:\Windows\System32\Drivers\DriverData
EASY_RSA_HOME=C:\App\EasyRSA\EasyRSA-3.0.4
GIT_HOME=C:\App\Git
GROOVY_HOME=C:\App\groovy\groovy-1.8.9
HOMEDRIVE=C:
HOMEPATH=\Users\Wadeck
IDEA_INITIAL_DIRECTORY=C:\Users\Wadeck\AppData\Local\JetBrains\Toolbox\apps\IDEA-C\ch-0\193.5096.12\bin
JAVA_HOME=C:\Java\jdk1.8.0_144
KUBECONFIG=C:\Users\Wadeck\.kube\config
LOCALAPPDATA=C:\Users\Wadeck\AppData\Local
LOGONSERVER=\\WADECK-LAPTOP
MAKE_HOME=C:\App\GnuWin32
MAVEN_HOME=C:\App\apache-maven-3.5.4
MAVEN_OPTS=-Xmx1500m
NUMBER_OF_PROCESSORS=4
OPSCORE_HOME=C:\App\opscore
OS=Windows_NT
OneDrive=C:\Users\Wadeck\OneDrive
PATHEXT=.COM;.EXE;.BAT;.CMD;.VBS;.VBE;.JS;.JSE;.WSF;.WSH;.MSC;.RB;.RBW
PROCESSOR_ARCHITECTURE=AMD64
PROCESSOR_IDENTIFIER=Intel64 Family 6 Model 142 Stepping 9, GenuineIntel
PROCESSOR_LEVEL=6
PROCESSOR_REVISION=8e09
PSModulePath=C:\Program Files\WindowsPowerShell\Modules;C:\WINDOWS\system32\WindowsPowerShell\v1.0\Modules
PUBLIC=C:\Users\Public
ment Engine Components\IPT;C:\App\nodejs\10.15.3_LTS\;C:\App\heml;C:\Program Files\Intel\WiFi\bin\;C:\Program Files\Common Files\Intel\WirelessCommon\;C:\App\Ruby\Ruby26-x64\bin;C:\Users\Wadeck\AppData\Local\Microsoft\WindowsApps;C:\Users\Wadeck\AppData\Roaming\npm;
ProgramData=C:\ProgramData
ProgramFiles=C:\Program Files
ProgramFiles(x86)=C:\Program Files (x86)
ProgramW6432=C:\Program Files
SESSIONNAME=Console
SystemDrive=C:
SystemRoot=C:\WINDOWS
TEMP=C:\Users\Wadeck\AppData\Local\Temp
TMP=C:\Users\Wadeck\AppData\Local\Temp
USERDOMAIN=WADECK-LAPTOP
USERDOMAIN_ROAMINGPROFILE=WADECK-LAPTOP
USERNAME=Wadeck
USERPROFILE=C:\Users\Wadeck
configsetroot=C:\WINDOWS\ConfigSetRoot
webdriver.chrome.driver=C:\App\chromedriver\chromedriver_73\chromedriver.exe
windir=C:\WINDOWS

----------



	at org.junit.Assert.fail(Assert.java:88)
	at org.junit.Assert.assertTrue(Assert.java:41)
	at com.cloudbees.jenkins.support.CheckFilterTest$FileChecker.check(CheckFilterTest.java:377)
	at com.cloudbees.jenkins.support.CheckFilterTest$FileChecker.access$200(CheckFilterTest.java:200)
	at com.cloudbees.jenkins.support.CheckFilterTest.assertComponent(CheckFilterTest.java:171)
	at com.cloudbees.jenkins.support.CheckFilterTest.checkFilterTest(CheckFilterTest.java:94)
	at sun.reflect.NativeMethodAccessorImpl.invoke0(Native Method)
	at sun.reflect.NativeMethodAccessorImpl.invoke(NativeMethodAccessorImpl.java:62)
	at sun.reflect.DelegatingMethodAccessorImpl.invoke(DelegatingMethodAccessorImpl.java:43)
	at java.lang.reflect.Method.invoke(Method.java:498)
	at org.junit.runners.model.FrameworkMethod$1.runReflectiveCall(FrameworkMethod.java:50)
	at org.junit.internal.runners.model.ReflectiveCallable.run(ReflectiveCallable.java:12)
	at org.junit.runners.model.FrameworkMethod.invokeExplosively(FrameworkMethod.java:47)
	at org.junit.internal.runners.statements.InvokeMethod.evaluate(InvokeMethod.java:17)
	at org.jvnet.hudson.test.JenkinsRule$1.evaluate(JenkinsRule.java:599)
	at org.junit.internal.runners.statements.FailOnTimeout$CallableStatement.call(FailOnTimeout.java:298)
	at org.junit.internal.runners.statements.FailOnTimeout$CallableStatement.call(FailOnTimeout.java:292)
	at java.util.concurrent.FutureTask.run(FutureTask.java:266)
	at java.lang.Thread.run(Thread.java:748)


