<?xml version='1.0' encoding='UTF-8'?>
<result>
  <suites>
    <suite>
      <file>/var/lib/jenkins/jobs/visualphpUnitTests2/workspace/generatedJUnitFiles/PHPUnit/TEST--1205405971.xml</file>
      <name>ZuulSetUPTests</name>
      <duration>0.528864</duration>
      <timestamp></timestamp>
      <cases>
        <case>
          <duration>0.528864</duration>
          <className>ZuulSetUPTests</className>
          <testName>testSiteInformation</testName>
          <skipped>false</skipped>
          <failedSince>0</failedSince>
        </case>
      </cases>
    </suite>
    <suite>
      <file>/var/lib/jenkins/jobs/visualphpUnitTests2/workspace/generatedJUnitFiles/PHPUnit/TEST--1205405971.xml</file>
      <name>ZuulSwitchTests</name>
      <duration>0.444029</duration>
      <timestamp></timestamp>
      <cases>
        <case>
          <duration>0.012595</duration>
          <className>ZuulSwitchTests</className>
          <testName>testSwitchStatusDataProvider</testName>
          <skipped>false</skipped>
          <failedSince>0</failedSince>
        </case>
        <case>
          <duration>0.007565</duration>
          <className>ZuulSwitchTests</className>
          <testName>testSwitchDataProvider</testName>
          <skipped>false</skipped>
          <failedSince>0</failedSince>
        </case>
        <case>
          <duration>0.423869</duration>
          <className>ZuulSwitchTests</className>
          <testName>testSiteInformation</testName>
          <skipped>false</skipped>
          <failedSince>0</failedSince>
        </case>
      </cases>
    </suite>
    <suite>
      <file>/var/lib/jenkins/jobs/visualphpUnitTests2/workspace/generatedJUnitFiles/PHPUnit/TEST--1205405971.xml</file>
      <name>ZuulSwitchTests__testSwitchGetStatus</name>
      <duration>0.556759</duration>
      <timestamp></timestamp>
      <cases>
        <case>
          <duration>0.556759</duration>
          <className>ZuulSwitchTests::testSwitchGetStatus</className>
          <testName>testSwitchGetStatus with data set #0</testName>
          <skipped>false</skipped>
          <failedSince>0</failedSince>
        </case>
      </cases>
    </suite>
    <suite>
      <file>/var/lib/jenkins/jobs/visualphpUnitTests2/workspace/generatedJUnitFiles/PHPUnit/TEST--1205405971.xml</file>
      <name>ZuulSwitchTests__testSwitchStates</name>
      <duration>0.003409</duration>
      <timestamp></timestamp>
      <cases>
        <case>
          <duration>0.002565</duration>
          <className>ZuulSwitchTests::testSwitchStates</className>
          <testName>testSwitchStates with data set #0</testName>
          <skipped>false</skipped>
          <errorStackTrace>ZuulSwitchTests::testSwitchStates with data set #0 (&apos;10.38.0.163&apos;, &apos;rNS4xz5rr0VG6qPU2Iwm&apos;, stdClass)
The switch [rNS4xz5rr0VG6qPU2Iwm] failed to respond to the action [POWER_ON]. Expected response [POWER_ON]
Array
(
)

Failed asserting that false is true.

/var/lib/jenkins/jobs/SVN-repository/workspace/Candi-UnitTest/Zuul/devices/zuulSwitchTest.php:59
/var/lib/jenkins/jobs/SVN-repository/workspace/Candi-UnitTest/VisualPHPUnit/app/lib/VPU.php:483
</errorStackTrace>
          <errorDetails></errorDetails>
          <failedSince>69</failedSince>
        </case>
        <case>
          <duration>8.44E-4</duration>
          <className>ZuulSwitchTests::testSwitchStates</className>
          <testName>testSwitchStates with data set #1</testName>
          <skipped>false</skipped>
          <errorStackTrace>ZuulSwitchTests::testSwitchStates with data set #1 (&apos;10.38.0.163&apos;, &apos;rNS4xz5rr0VG6qPU2Iwm&apos;, stdClass)
The switch [rNS4xz5rr0VG6qPU2Iwm] failed to respond to the action [POWER_OFF]. Expected response [POWER_OFF]
Array
(
)

Failed asserting that false is true.

/var/lib/jenkins/jobs/SVN-repository/workspace/Candi-UnitTest/Zuul/devices/zuulSwitchTest.php:59
/var/lib/jenkins/jobs/SVN-repository/workspace/Candi-UnitTest/VisualPHPUnit/app/lib/VPU.php:483
</errorStackTrace>
          <errorDetails></errorDetails>
          <failedSince>69</failedSince>
        </case>
      </cases>
    </suite>
    <suite>
      <file>/var/lib/jenkins/jobs/visualphpUnitTests2/workspace/generatedJUnitFiles/PHPUnit/TEST--459194063.xml</file>
      <name>ZuulDimmerTest</name>
      <duration>0.343027</duration>
      <timestamp></timestamp>
      <cases>
        <case>
          <duration>0.005563</duration>
          <className>ZuulDimmerTest</className>
          <testName>testDimmerDataProvider</testName>
          <skipped>false</skipped>
          <failedSince>0</failedSince>
        </case>
        <case>
          <duration>0.00768</duration>
          <className>ZuulDimmerTest</className>
          <testName>testDimmerPowerDataProvider</testName>
          <skipped>false</skipped>
          <failedSince>0</failedSince>
        </case>
        <case>
          <duration>0.006365</duration>
          <className>ZuulDimmerTest</className>
          <testName>testDimmerDimLevelDataProvider</testName>
          <skipped>false</skipped>
          <failedSince>0</failedSince>
        </case>
        <case>
          <duration>0.323419</duration>
          <className>ZuulDimmerTest</className>
          <testName>testSiteInformation</testName>
          <skipped>false</skipped>
          <failedSince>0</failedSince>
        </case>
      </cases>
    </suite>
    <suite>
      <file>/var/lib/jenkins/jobs/visualphpUnitTests2/workspace/generatedJUnitFiles/PHPUnit/TEST--459194063.xml</file>
      <name>ZuulDimmerTest__testDimmerGetStatus</name>
      <duration>0.001448</duration>
      <timestamp></timestamp>
      <cases>
        <case>
          <duration>0.001448</duration>
          <className>ZuulDimmerTest::testDimmerGetStatus</className>
          <testName>testDimmerGetStatus with data set #0</testName>
          <skipped>false</skipped>
          <failedSince>0</failedSince>
        </case>
      </cases>
    </suite>
    <suite>
      <file>/var/lib/jenkins/jobs/visualphpUnitTests2/workspace/generatedJUnitFiles/PHPUnit/TEST--459194063.xml</file>
      <name>ZuulDimmerTest__testDimmerPowerModes</name>
      <duration>0.002197</duration>
      <timestamp></timestamp>
      <cases>
        <case>
          <duration>7.75E-4</duration>
          <className>ZuulDimmerTest::testDimmerPowerModes</className>
          <testName>testDimmerPowerModes with data set #0</testName>
          <skipped>false</skipped>
          <failedSince>0</failedSince>
        </case>
        <case>
          <duration>0.001422</duration>
          <className>ZuulDimmerTest::testDimmerPowerModes</className>
          <testName>testDimmerPowerModes with data set #1</testName>
          <skipped>false</skipped>
          <failedSince>0</failedSince>
        </case>
      </cases>
    </suite>
    <suite>
      <file>/var/lib/jenkins/jobs/visualphpUnitTests2/workspace/generatedJUnitFiles/PHPUnit/TEST--459194063.xml</file>
      <name>ZuulDimmerTest__testDimmerDimLevels</name>
      <duration>0.001517</duration>
      <timestamp></timestamp>
      <cases>
        <case>
          <duration>6.07E-4</duration>
          <className>ZuulDimmerTest::testDimmerDimLevels</className>
          <testName>testDimmerDimLevels with data set #0</testName>
          <skipped>false</skipped>
          <failedSince>0</failedSince>
        </case>
        <case>
          <duration>9.1E-4</duration>
          <className>ZuulDimmerTest::testDimmerDimLevels</className>
          <testName>testDimmerDimLevels with data set #1</testName>
          <skipped>false</skipped>
          <failedSince>0</failedSince>
        </case>
      </cases>
    </suite>
    <suite>
      <file>/var/lib/jenkins/jobs/visualphpUnitTests2/workspace/generatedJUnitFiles/PHPUnit/TEST-1166885271.xml</file>
      <name>ZuulThermostatTest</name>
      <duration>0.582247</duration>
      <timestamp></timestamp>
      <cases>
        <case>
          <duration>0.028121</duration>
          <className>ZuulThermostatTest</className>
          <testName>testThermostatDataProvider</testName>
          <skipped>false</skipped>
          <failedSince>0</failedSince>
        </case>
        <case>
          <duration>0.009582</duration>
          <className>ZuulThermostatTest</className>
          <testName>testThermostatModesDataProvider</testName>
          <skipped>false</skipped>
          <failedSince>0</failedSince>
        </case>
        <case>
          <duration>0.008801</duration>
          <className>ZuulThermostatTest</className>
          <testName>testThermostatSetPointDataProvider</testName>
          <skipped>false</skipped>
          <failedSince>0</failedSince>
        </case>
        <case>
          <duration>0.535743</duration>
          <className>ZuulThermostatTest</className>
          <testName>testSiteInformation</testName>
          <skipped>false</skipped>
          <failedSince>0</failedSince>
        </case>
      </cases>
    </suite>
    <suite>
      <file>/var/lib/jenkins/jobs/visualphpUnitTests2/workspace/generatedJUnitFiles/PHPUnit/TEST-1166885271.xml</file>
      <name>ZuulThermostatTest__testThermostatGetStatus</name>
      <duration>0.004651</duration>
      <timestamp></timestamp>
      <cases>
        <case>
          <duration>0.002395</duration>
          <className>ZuulThermostatTest::testThermostatGetStatus</className>
          <testName>testThermostatGetStatus with data set #0</testName>
          <skipped>false</skipped>
          <failedSince>0</failedSince>
        </case>
        <case>
          <duration>7.7E-4</duration>
          <className>ZuulThermostatTest::testThermostatGetStatus</className>
          <testName>testThermostatGetStatus with data set #1</testName>
          <skipped>false</skipped>
          <failedSince>0</failedSince>
        </case>
        <case>
          <duration>7.93E-4</duration>
          <className>ZuulThermostatTest::testThermostatGetStatus</className>
          <testName>testThermostatGetStatus with data set #2</testName>
          <skipped>false</skipped>
          <failedSince>0</failedSince>
        </case>
        <case>
          <duration>6.93E-4</duration>
          <className>ZuulThermostatTest::testThermostatGetStatus</className>
          <testName>testThermostatGetStatus with data set #3</testName>
          <skipped>false</skipped>
          <failedSince>0</failedSince>
        </case>
      </cases>
    </suite>
    <suite>
      <file>/var/lib/jenkins/jobs/visualphpUnitTests2/workspace/generatedJUnitFiles/PHPUnit/TEST-1166885271.xml</file>
      <name>ZuulThermostatTest__testThermostatModes</name>
      <duration>0.0076880003</duration>
      <timestamp></timestamp>
      <cases>
        <case>
          <duration>6.46E-4</duration>
          <className>ZuulThermostatTest::testThermostatModes</className>
          <testName>testThermostatModes with data set #0</testName>
          <skipped>false</skipped>
          <failedSince>0</failedSince>
        </case>
        <case>
          <duration>6.22E-4</duration>
          <className>ZuulThermostatTest::testThermostatModes</className>
          <testName>testThermostatModes with data set #1</testName>
          <skipped>false</skipped>
          <failedSince>0</failedSince>
        </case>
        <case>
          <duration>6.25E-4</duration>
          <className>ZuulThermostatTest::testThermostatModes</className>
          <testName>testThermostatModes with data set #2</testName>
          <skipped>false</skipped>
          <failedSince>0</failedSince>
        </case>
        <case>
          <duration>6.5E-4</duration>
          <className>ZuulThermostatTest::testThermostatModes</className>
          <testName>testThermostatModes with data set #3</testName>
          <skipped>false</skipped>
          <failedSince>0</failedSince>
        </case>
        <case>
          <duration>6.45E-4</duration>
          <className>ZuulThermostatTest::testThermostatModes</className>
          <testName>testThermostatModes with data set #4</testName>
          <skipped>false</skipped>
          <failedSince>0</failedSince>
        </case>
        <case>
          <duration>6.24E-4</duration>
          <className>ZuulThermostatTest::testThermostatModes</className>
          <testName>testThermostatModes with data set #5</testName>
          <skipped>false</skipped>
          <failedSince>0</failedSince>
        </case>
        <case>
          <duration>7.07E-4</duration>
          <className>ZuulThermostatTest::testThermostatModes</className>
          <testName>testThermostatModes with data set #6</testName>
          <skipped>false</skipped>
          <failedSince>0</failedSince>
        </case>
        <case>
          <duration>6.69E-4</duration>
          <className>ZuulThermostatTest::testThermostatModes</className>
          <testName>testThermostatModes with data set #7</testName>
          <skipped>false</skipped>
          <failedSince>0</failedSince>
        </case>
        <case>
          <duration>6.3E-4</duration>
          <className>ZuulThermostatTest::testThermostatModes</className>
          <testName>testThermostatModes with data set #8</testName>
          <skipped>false</skipped>
          <failedSince>0</failedSince>
        </case>
        <case>
          <duration>6.21E-4</duration>
          <className>ZuulThermostatTest::testThermostatModes</className>
          <testName>testThermostatModes with data set #9</testName>
          <skipped>false</skipped>
          <failedSince>0</failedSince>
        </case>
        <case>
          <duration>6.24E-4</duration>
          <className>ZuulThermostatTest::testThermostatModes</className>
          <testName>testThermostatModes with data set #10</testName>
          <skipped>false</skipped>
          <failedSince>0</failedSince>
        </case>
        <case>
          <duration>6.25E-4</duration>
          <className>ZuulThermostatTest::testThermostatModes</className>
          <testName>testThermostatModes with data set #11</testName>
          <skipped>false</skipped>
          <failedSince>0</failedSince>
        </case>
      </cases>
    </suite>
    <suite>
      <file>/var/lib/jenkins/jobs/visualphpUnitTests2/workspace/generatedJUnitFiles/PHPUnit/TEST-1166885271.xml</file>
      <name>ZuulThermostatTest__testThermostatSetPoints</name>
      <duration>0.01196</duration>
      <timestamp></timestamp>
      <cases>
        <case>
          <duration>0.001238</duration>
          <className>ZuulThermostatTest::testThermostatSetPoints</className>
          <testName>testThermostatSetPoints with data set #0</testName>
          <skipped>false</skipped>
          <failedSince>0</failedSince>
        </case>
        <case>
          <duration>6.47E-4</duration>
          <className>ZuulThermostatTest::testThermostatSetPoints</className>
          <testName>testThermostatSetPoints with data set #1</testName>
          <skipped>false</skipped>
          <failedSince>0</failedSince>
        </case>
        <case>
          <duration>6.46E-4</duration>
          <className>ZuulThermostatTest::testThermostatSetPoints</className>
          <testName>testThermostatSetPoints with data set #2</testName>
          <skipped>false</skipped>
          <failedSince>0</failedSince>
        </case>
        <case>
          <duration>6.34E-4</duration>
          <className>ZuulThermostatTest::testThermostatSetPoints</className>
          <testName>testThermostatSetPoints with data set #3</testName>
          <skipped>false</skipped>
          <failedSince>0</failedSince>
        </case>
        <case>
          <duration>6.23E-4</duration>
          <className>ZuulThermostatTest::testThermostatSetPoints</className>
          <testName>testThermostatSetPoints with data set #4</testName>
          <skipped>false</skipped>
          <failedSince>0</failedSince>
        </case>
        <case>
          <duration>6.26E-4</duration>
          <className>ZuulThermostatTest::testThermostatSetPoints</className>
          <testName>testThermostatSetPoints with data set #5</testName>
          <skipped>false</skipped>
          <failedSince>0</failedSince>
        </case>
        <case>
          <duration>6.3E-4</duration>
          <className>ZuulThermostatTest::testThermostatSetPoints</className>
          <testName>testThermostatSetPoints with data set #6</testName>
          <skipped>false</skipped>
          <failedSince>0</failedSince>
        </case>
        <case>
          <duration>6.33E-4</duration>
          <className>ZuulThermostatTest::testThermostatSetPoints</className>
          <testName>testThermostatSetPoints with data set #7</testName>
          <skipped>false</skipped>
          <failedSince>0</failedSince>
        </case>
        <case>
          <duration>7.86E-4</duration>
          <className>ZuulThermostatTest::testThermostatSetPoints</className>
          <testName>testThermostatSetPoints with data set #8</testName>
          <skipped>false</skipped>
          <failedSince>0</failedSince>
        </case>
        <case>
          <duration>6.77E-4</duration>
          <className>ZuulThermostatTest::testThermostatSetPoints</className>
          <testName>testThermostatSetPoints with data set #9</testName>
          <skipped>false</skipped>
          <failedSince>0</failedSince>
        </case>
        <case>
          <duration>7.54E-4</duration>
          <className>ZuulThermostatTest::testThermostatSetPoints</className>
          <testName>testThermostatSetPoints with data set #10</testName>
          <skipped>false</skipped>
          <failedSince>0</failedSince>
        </case>
        <case>
          <duration>6.25E-4</duration>
          <className>ZuulThermostatTest::testThermostatSetPoints</className>
          <testName>testThermostatSetPoints with data set #11</testName>
          <skipped>false</skipped>
          <failedSince>0</failedSince>
        </case>
        <case>
          <duration>0.001004</duration>
          <className>ZuulThermostatTest::testThermostatSetPoints</className>
          <testName>testThermostatSetPoints with data set #12</testName>
          <skipped>false</skipped>
          <failedSince>0</failedSince>
        </case>
        <case>
          <duration>6.46E-4</duration>
          <className>ZuulThermostatTest::testThermostatSetPoints</className>
          <testName>testThermostatSetPoints with data set #13</testName>
          <skipped>false</skipped>
          <failedSince>0</failedSince>
        </case>
        <case>
          <duration>0.001153</duration>
          <className>ZuulThermostatTest::testThermostatSetPoints</className>
          <testName>testThermostatSetPoints with data set #14</testName>
          <skipped>false</skipped>
          <failedSince>0</failedSince>
        </case>
        <case>
          <duration>6.38E-4</duration>
          <className>ZuulThermostatTest::testThermostatSetPoints</className>
          <testName>testThermostatSetPoints with data set #15</testName>
          <skipped>false</skipped>
          <failedSince>0</failedSince>
        </case>
      </cases>
    </suite>
    <suite>
      <file>/var/lib/jenkins/jobs/visualphpUnitTests2/workspace/generatedJUnitFiles/PHPUnit/TEST-238631542.xml</file>
      <name>ZuulMeterTests</name>
      <duration>0.408063</duration>
      <timestamp></timestamp>
      <cases>
        <case>
          <duration>0.028081</duration>
          <className>ZuulMeterTests</className>
          <testName>testMeterStatusDataProvider</testName>
          <skipped>false</skipped>
          <failedSince>0</failedSince>
        </case>
        <case>
          <duration>0.379982</duration>
          <className>ZuulMeterTests</className>
          <testName>testSiteInformation</testName>
          <skipped>false</skipped>
          <failedSince>0</failedSince>
        </case>
      </cases>
    </suite>
    <suite>
      <file>/var/lib/jenkins/jobs/visualphpUnitTests2/workspace/generatedJUnitFiles/PHPUnit/TEST-238631542.xml</file>
      <name>ZuulMeterTests__testMeterGetStatus</name>
      <duration>0.00463</duration>
      <timestamp></timestamp>
      <cases>
        <case>
          <duration>0.00463</duration>
          <className>ZuulMeterTests::testMeterGetStatus</className>
          <testName>testMeterGetStatus with data set #0</testName>
          <skipped>false</skipped>
          <failedSince>0</failedSince>
        </case>
      </cases>
    </suite>
  </suites>
  <duration>2.9004893</duration>
  <keepLongStdio>true</keepLongStdio>
</result>