# JRE version: Java(TM) SE Runtime Environment (7.0_45-b18) (build 1.7.0_45-b18)
# Java VM: Java HotSpot(TM) 64-Bit Server VM (24.45-b08 mixed mode windows-amd64 compressed oops)
Heap
 PSYoungGen      total 293888K, used 1050K [0x00000007d5500000, 0x00000007f5b80000, 0x0000000800000000)
  eden space 289280K, 0% used [0x00000007d5500000,0x00000007d56069d8,0x00000007e6f80000)
  from space 4608K, 0% used [0x00000007f5280000,0x00000007f5280000,0x00000007f5700000)
  to   space 4608K, 0% used [0x00000007f5700000,0x00000007f5700000,0x00000007f5b80000)
 ParOldGen       total 87040K, used 4761K [0x0000000780000000, 0x0000000785500000, 0x00000007d5500000)
  object space 87040K, 5% used [0x0000000780000000,0x00000007804a64c0,0x0000000785500000)
 PSPermGen       total 47616K, used 26599K [0x000000077ae00000, 0x000000077dc80000, 0x0000000780000000)
  object space 47616K, 55% used [0x000000077ae00000,0x000000077c7f9d78,0x000000077dc80000)
GC Heap History (10 events):
Event: 512243.054 GC heap before
{Heap before GC invocations=272 (full 1):
 PSYoungGen      total 304640K, used 304624K [0x00000007d5500000, 0x00000007f5e80000, 0x0000000800000000)
  eden space 302592K, 100% used [0x00000007d5500000,0x00000007e7c80000,0x00000007e7c80000)
  from space 2048K, 99% used [0x00000007f5c80000,0x00000007f5e7c030,0x00000007f5e80000)
  to   space 3584K, 0% used [0x00000007f5780000,0x00000007f5780000,0x00000007f5b00000)
 ParOldGen       total 87040K, used 6551K [0x0000000780000000, 0x0000000785500000, 0x00000007d5500000)
  object space 87040K, 7% used [0x0000000780000000,0x0000000780665c68,0x0000000785500000)
 PSPermGen       total 32256K, used 27154K [0x000000077ae00000, 0x000000077cd80000, 0x0000000780000000)
  object space 32256K, 84% used [0x000000077ae00000,0x000000077c8848b0,0x000000077cd80000)
Event: 512243.071 GC heap after
Heap after GC invocations=272 (full 1):
 PSYoungGen      total 292864K, used 3552K [0x00000007d5500000, 0x00000007f5d00000, 0x0000000800000000)
  eden space 289280K, 0% used [0x00000007d5500000,0x00000007d5500000,0x00000007e6f80000)
  from space 3584K, 99% used [0x00000007f5780000,0x00000007f5af8360,0x00000007f5b00000)
  to   space 2048K, 0% used [0x00000007f5b00000,0x00000007f5b00000,0x00000007f5d00000)
 ParOldGen       total 87040K, used 8632K [0x0000000780000000, 0x0000000785500000, 0x00000007d5500000)
  object space 87040K, 9% used [0x0000000780000000,0x000000078086e2e8,0x0000000785500000)
 PSPermGen       total 32256K, used 27154K [0x000000077ae00000, 0x000000077cd80000, 0x0000000780000000)
  object space 32256K, 84% used [0x000000077ae00000,0x000000077c8848b0,0x000000077cd80000)
}
Event: 512675.484 GC heap before
{Heap before GC invocations=273 (full 1):
 PSYoungGen      total 292864K, used 15637K [0x00000007d5500000, 0x00000007f5d00000, 0x0000000800000000)
  eden space 289280K, 4% used [0x00000007d5500000,0x00000007d60cd0f0,0x00000007e6f80000)
  from space 3584K, 99% used [0x00000007f5780000,0x00000007f5af8360,0x00000007f5b00000)
  to   space 2048K, 0% used [0x00000007f5b00000,0x00000007f5b00000,0x00000007f5d00000)
 ParOldGen       total 87040K, used 8632K [0x0000000780000000, 0x0000000785500000, 0x00000007d5500000)
  object space 87040K, 9% used [0x0000000780000000,0x000000078086e2e8,0x0000000785500000)
 PSPermGen       total 32256K, used 27233K [0x000000077ae00000, 0x000000077cd80000, 0x0000000780000000)
  object space 32256K, 84% used [0x000000077ae00000,0x000000077c898598,0x000000077cd80000)
Event: 512675.489 GC heap after
Heap after GC invocations=273 (full 1):
 PSYoungGen      total 289792K, used 160K [0x00000007d5500000, 0x00000007f5b80000, 0x0000000800000000)
  eden space 289280K, 0% used [0x00000007d5500000,0x00000007d5500000,0x00000007e6f80000)
  from space 512K, 31% used [0x00000007f5b00000,0x00000007f5b28000,0x00000007f5b80000)
  to   space 4608K, 0% used [0x00000007f5280000,0x00000007f5280000,0x00000007f5700000)
 ParOldGen       total 87040K, used 10080K [0x0000000780000000, 0x0000000785500000, 0x00000007d5500000)
  object space 87040K, 11% used [0x0000000780000000,0x00000007809d8358,0x0000000785500000)
 PSPermGen       total 32256K, used 27233K [0x000000077ae00000, 0x000000077cd80000, 0x0000000780000000)
  object space 32256K, 84% used [0x000000077ae00000,0x000000077c898598,0x000000077cd80000)
}
Event: 512675.489 GC heap before
{Heap before GC invocations=274 (full 2):
 PSYoungGen      total 289792K, used 160K [0x00000007d5500000, 0x00000007f5b80000, 0x0000000800000000)
  eden space 289280K, 0% used [0x00000007d5500000,0x00000007d5500000,0x00000007e6f80000)
  from space 512K, 31% used [0x00000007f5b00000,0x00000007f5b28000,0x00000007f5b80000)
  to   space 4608K, 0% used [0x00000007f5280000,0x00000007f5280000,0x00000007f5700000)
 ParOldGen       total 87040K, used 10080K [0x0000000780000000, 0x0000000785500000, 0x00000007d5500000)
  object space 87040K, 11% used [0x0000000780000000,0x00000007809d8358,0x0000000785500000)
 PSPermGen       total 32256K, used 27233K [0x000000077ae00000, 0x000000077cd80000, 0x0000000780000000)
  object space 32256K, 84% used [0x000000077ae00000,0x000000077c898598,0x000000077cd80000)
Event: 512675.627 GC heap after
Heap after GC invocations=274 (full 2):
 PSYoungGen      total 289792K, used 0K [0x00000007d5500000, 0x00000007f5b80000, 0x0000000800000000)
  eden space 289280K, 0% used [0x00000007d5500000,0x00000007d5500000,0x00000007e6f80000)
  from space 512K, 0% used [0x00000007f5b00000,0x00000007f5b00000,0x00000007f5b80000)
  to   space 4608K, 0% used [0x00000007f5280000,0x00000007f5280000,0x00000007f5700000)
 ParOldGen       total 87040K, used 5033K [0x0000000780000000, 0x0000000785500000, 0x00000007d5500000)
  object space 87040K, 5% used [0x0000000780000000,0x00000007804ea5c0,0x0000000785500000)
 PSPermGen       total 44032K, used 26612K [0x000000077ae00000, 0x000000077d900000, 0x0000000780000000)
  object space 44032K, 60% used [0x000000077ae00000,0x000000077c7fd008,0x000000077d900000)
}
Event: 512675.627 GC heap before
{Heap before GC invocations=275 (full 2):
 PSYoungGen      total 289792K, used 0K [0x00000007d5500000, 0x00000007f5b80000, 0x0000000800000000)
  eden space 289280K, 0% used [0x00000007d5500000,0x00000007d5500000,0x00000007e6f80000)
  from space 512K, 0% used [0x00000007f5b00000,0x00000007f5b00000,0x00000007f5b80000)
  to   space 4608K, 0% used [0x00000007f5280000,0x00000007f5280000,0x00000007f5700000)
 ParOldGen       total 87040K, used 5033K [0x0000000780000000, 0x0000000785500000, 0x00000007d5500000)
  object space 87040K, 5% used [0x0000000780000000,0x00000007804ea5c0,0x0000000785500000)
 PSPermGen       total 44032K, used 26612K [0x000000077ae00000, 0x000000077d900000, 0x0000000780000000)
  object space 44032K, 60% used [0x000000077ae00000,0x000000077c7fd008,0x000000077d900000)
Event: 512675.628 GC heap after
Heap after GC invocations=275 (full 2):
 PSYoungGen      total 293888K, used 0K [0x00000007d5500000, 0x00000007f5b80000, 0x0000000800000000)
  eden space 289280K, 0% used [0x00000007d5500000,0x00000007d5500000,0x00000007e6f80000)
  from space 4608K, 0% used [0x00000007f5280000,0x00000007f5280000,0x00000007f5700000)
  to   space 4608K, 0% used [0x00000007f5700000,0x00000007f5700000,0x00000007f5b80000)
 ParOldGen       total 87040K, used 5033K [0x0000000780000000, 0x0000000785500000, 0x00000007d5500000)
  object space 87040K, 5% used [0x0000000780000000,0x00000007804ea5c0,0x0000000785500000)
 PSPermGen       total 44032K, used 26612K [0x000000077ae00000, 0x000000077d900000, 0x0000000780000000)
  object space 44032K, 60% used [0x000000077ae00000,0x000000077c7fd008,0x000000077d900000)
}
Event: 512675.628 GC heap before
{Heap before GC invocations=276 (full 3):
 PSYoungGen      total 293888K, used 0K [0x00000007d5500000, 0x00000007f5b80000, 0x0000000800000000)
  eden space 289280K, 0% used [0x00000007d5500000,0x00000007d5500000,0x00000007e6f80000)
  from space 4608K, 0% used [0x00000007f5280000,0x00000007f5280000,0x00000007f5700000)
  to   space 4608K, 0% used [0x00000007f5700000,0x00000007f5700000,0x00000007f5b80000)
 ParOldGen       total 87040K, used 5033K [0x0000000780000000, 0x0000000785500000, 0x00000007d5500000)
  object space 87040K, 5% used [0x0000000780000000,0x00000007804ea5c0,0x0000000785500000)
 PSPermGen       total 44032K, used 26612K [0x000000077ae00000, 0x000000077d900000, 0x0000000780000000)
  object space 44032K, 60% used [0x000000077ae00000,0x000000077c7fd008,0x000000077d900000)
Event: 512675.708 GC heap after
Heap after GC invocations=276 (full 3):
 PSYoungGen      total 293888K, used 0K [0x00000007d5500000, 0x00000007f5b80000, 0x0000000800000000)
  eden space 289280K, 0% used [0x00000007d5500000,0x00000007d5500000,0x00000007e6f80000)
  from space 4608K, 0% used [0x00000007f5280000,0x00000007f5280000,0x00000007f5700000)
  to   space 4608K, 0% used [0x00000007f5700000,0x00000007f5700000,0x00000007f5b80000)
 ParOldGen       total 87040K, used 4761K [0x0000000780000000, 0x0000000785500000, 0x00000007d5500000)
  object space 87040K, 5% used [0x0000000780000000,0x00000007804a64c0,0x0000000785500000)
 PSPermGen       total 47616K, used 26598K [0x000000077ae00000, 0x000000077dc80000, 0x0000000780000000)
  object space 47616K, 55% used [0x000000077ae00000,0x000000077c7f99c0,0x000000077dc80000)
}

