May 06, 2025 9:16:19 AM hudson.remoting.Launcher createEngine
INFO: Setting up agent: KBNDESOT079
May 06, 2025 9:16:19 AM hudson.remoting.Engine startEngine
INFO: Using Remoting version: 3261.v9c670a_4748a_9
May 06, 2025 9:16:19 AM org.jenkinsci.remoting.engine.WorkDirManager initializeWorkDir
INFO: Using C:\KeepAgentUp\remoting as a remoting work directory
May 06, 2025 9:16:21 AM hudson.remoting.Launcher$CuiListener status
INFO: WebSocket connection open
May 06, 2025 9:16:21 AM hudson.remoting.Launcher$CuiListener status
INFO: Connected
May 06, 2025 9:28:58 AM org.jenkinsci.remoting.util.AnonymousClassWarnings warn
WARNING: Attempt to (de-)serialize anonymous class com.smartbear.jenkins.plugins.testcomplete.Utils$1; see: https://jenkins.io/redirect/serialization-of-anonymous-classes/
May 06, 2025 9:28:58 AM hudson.Util getWin32ErrorMessage
WARNING: Failed to find resource bundle
java.util.MissingResourceException: Can't find bundle for base name /hudson/win32errors, locale en_US
	at java.base/java.util.ResourceBundle.throwMissingResourceException(ResourceBundle.java:2045)
	at java.base/java.util.ResourceBundle.getBundleImpl(ResourceBundle.java:1683)
	at java.base/java.util.ResourceBundle.getBundleImpl(ResourceBundle.java:1586)
	at java.base/java.util.ResourceBundle.getBundleImpl(ResourceBundle.java:1549)
	at java.base/java.util.ResourceBundle.getBundle(ResourceBundle.java:858)
	at Jenkins v2.479.3//hudson.Util.getWin32ErrorMessage(Util.java:500)
	at Jenkins v2.479.3//hudson.util.jna.JnaException.<init>(JnaException.java:38)
	at Jenkins v2.479.3//hudson.util.jna.RegistryKey.check(RegistryKey.java:122)
	at Jenkins v2.479.3//hudson.util.jna.RegistryKey.open(RegistryKey.java:217)
	at PluginClassLoader for TestComplete//com.smartbear.jenkins.plugins.testcomplete.TcInstallationsScanner$ScannerCallable.scanForInstallations(TcInstallationsScanner.java:83)
	at PluginClassLoader for TestComplete//com.smartbear.jenkins.plugins.testcomplete.TcInstallationsScanner$ScannerCallable.call(TcInstallationsScanner.java:69)
	at PluginClassLoader for TestComplete//com.smartbear.jenkins.plugins.testcomplete.TcInstallationsScanner$ScannerCallable.call(TcInstallationsScanner.java:58)
	at hudson.remoting.UserRequest.perform(UserRequest.java:225)
	at hudson.remoting.UserRequest.perform(UserRequest.java:50)
	at hudson.remoting.Request$2.run(Request.java:391)
	at hudson.remoting.InterceptingExecutorService.lambda$wrap$0(InterceptingExecutorService.java:81)
	at java.base/java.util.concurrent.FutureTask.run(FutureTask.java:264)
	at java.base/java.util.concurrent.ThreadPoolExecutor.runWorker(ThreadPoolExecutor.java:1136)
	at java.base/java.util.concurrent.ThreadPoolExecutor$Worker.run(ThreadPoolExecutor.java:635)
	at hudson.remoting.Engine$1.lambda$newThread$0(Engine.java:140)
	at java.base/java.lang.Thread.run(Thread.java:840)
Caused by: java.io.FileNotFoundException: JAR entry /hudson/win32errors.properties not found in C:\KeepAgentUp\remoting\jarCache\58\E6DE652317BD18027200AAE210687A.jar
	at java.base/sun.net.www.protocol.jar.JarURLConnection.connect(JarURLConnection.java:146)
	at java.base/sun.net.www.protocol.jar.JarURLConnection.getInputStream(JarURLConnection.java:175)
	at java.base/java.util.ResourceBundle$Control$2.run(ResourceBundle.java:3237)
	at java.base/java.util.ResourceBundle$Control$2.run(ResourceBundle.java:3226)
	at java.base/java.security.AccessController.doPrivileged(AccessController.java:569)
	at java.base/java.util.ResourceBundle$Control.newBundle0(ResourceBundle.java:3225)
	at java.base/java.util.ResourceBundle$Control.newBundle(ResourceBundle.java:3151)
	at java.base/java.util.ResourceBundle.loadBundle(ResourceBundle.java:1984)
	at java.base/java.util.ResourceBundle.findBundle(ResourceBundle.java:1770)
	at java.base/java.util.ResourceBundle.findBundle(ResourceBundle.java:1722)
	at java.base/java.util.ResourceBundle.findBundle(ResourceBundle.java:1722)
	at java.base/java.util.ResourceBundle.getBundleImpl(ResourceBundle.java:1656)
	... 19 more

May 06, 2025 9:28:58 AM org.jenkinsci.remoting.util.AnonymousClassWarnings warn
WARNING: Attempt to (de-)serialize anonymous class com.smartbear.jenkins.plugins.testcomplete.Utils$2; see: https://jenkins.io/redirect/serialization-of-anonymous-classes/
May 06, 2025 9:28:58 AM org.jenkinsci.remoting.util.AnonymousClassWarnings warn
WARNING: Attempt to (de-)serialize anonymous class com.smartbear.jenkins.plugins.testcomplete.Utils$3; see: https://jenkins.io/redirect/serialization-of-anonymous-classes/
May 06, 2025 9:31:01 AM org.jenkinsci.remoting.util.AnonymousClassWarnings warn
WARNING: Attempt to (de-)serialize anonymous class com.smartbear.jenkins.plugins.testcomplete.Utils$4; see: https://jenkins.io/redirect/serialization-of-anonymous-classes/
May 06, 2025 9:50:17 AM hudson.Util getWin32ErrorMessage
WARNING: Failed to find resource bundle
java.util.MissingResourceException: Can't find bundle for base name /hudson/win32errors, locale en_US
	at java.base/java.util.ResourceBundle.throwMissingResourceException(ResourceBundle.java:2045)
	at java.base/java.util.ResourceBundle.getBundleImpl(ResourceBundle.java:1683)
	at java.base/java.util.ResourceBundle.getBundleImpl(ResourceBundle.java:1586)
	at java.base/java.util.ResourceBundle.getBundleImpl(ResourceBundle.java:1549)
	at java.base/java.util.ResourceBundle.getBundle(ResourceBundle.java:858)
	at Jenkins v2.479.3//hudson.Util.getWin32ErrorMessage(Util.java:500)
	at Jenkins v2.479.3//hudson.util.jna.JnaException.<init>(JnaException.java:38)
	at Jenkins v2.479.3//hudson.util.jna.RegistryKey.check(RegistryKey.java:122)
	at Jenkins v2.479.3//hudson.util.jna.RegistryKey.open(RegistryKey.java:217)
	at PluginClassLoader for TestComplete//com.smartbear.jenkins.plugins.testcomplete.TcInstallationsScanner$ScannerCallable.scanForInstallations(TcInstallationsScanner.java:83)
	at PluginClassLoader for TestComplete//com.smartbear.jenkins.plugins.testcomplete.TcInstallationsScanner$ScannerCallable.call(TcInstallationsScanner.java:69)
	at PluginClassLoader for TestComplete//com.smartbear.jenkins.plugins.testcomplete.TcInstallationsScanner$ScannerCallable.call(TcInstallationsScanner.java:58)
	at hudson.remoting.UserRequest.perform(UserRequest.java:225)
	at hudson.remoting.UserRequest.perform(UserRequest.java:50)
	at hudson.remoting.Request$2.run(Request.java:391)
	at hudson.remoting.InterceptingExecutorService.lambda$wrap$0(InterceptingExecutorService.java:81)
	at java.base/java.util.concurrent.FutureTask.run(FutureTask.java:264)
	at java.base/java.util.concurrent.ThreadPoolExecutor.runWorker(ThreadPoolExecutor.java:1136)
	at java.base/java.util.concurrent.ThreadPoolExecutor$Worker.run(ThreadPoolExecutor.java:635)
	at hudson.remoting.Engine$1.lambda$newThread$0(Engine.java:140)
	at java.base/java.lang.Thread.run(Thread.java:840)

May 06, 2025 9:59:22 AM hudson.Util getWin32ErrorMessage
WARNING: Failed to find resource bundle
java.util.MissingResourceException: Can't find bundle for base name /hudson/win32errors, locale en_US
	at java.base/java.util.ResourceBundle.throwMissingResourceException(ResourceBundle.java:2045)
	at java.base/java.util.ResourceBundle.getBundleImpl(ResourceBundle.java:1683)
	at java.base/java.util.ResourceBundle.getBundleImpl(ResourceBundle.java:1586)
	at java.base/java.util.ResourceBundle.getBundleImpl(ResourceBundle.java:1549)
	at java.base/java.util.ResourceBundle.getBundle(ResourceBundle.java:858)
	at Jenkins v2.479.3//hudson.Util.getWin32ErrorMessage(Util.java:500)
	at Jenkins v2.479.3//hudson.util.jna.JnaException.<init>(JnaException.java:38)
	at Jenkins v2.479.3//hudson.util.jna.RegistryKey.check(RegistryKey.java:122)
	at Jenkins v2.479.3//hudson.util.jna.RegistryKey.open(RegistryKey.java:217)
	at PluginClassLoader for TestComplete//com.smartbear.jenkins.plugins.testcomplete.TcInstallationsScanner$ScannerCallable.scanForInstallations(TcInstallationsScanner.java:83)
	at PluginClassLoader for TestComplete//com.smartbear.jenkins.plugins.testcomplete.TcInstallationsScanner$ScannerCallable.call(TcInstallationsScanner.java:69)
	at PluginClassLoader for TestComplete//com.smartbear.jenkins.plugins.testcomplete.TcInstallationsScanner$ScannerCallable.call(TcInstallationsScanner.java:58)
	at hudson.remoting.UserRequest.perform(UserRequest.java:225)
	at hudson.remoting.UserRequest.perform(UserRequest.java:50)
	at hudson.remoting.Request$2.run(Request.java:391)
	at hudson.remoting.InterceptingExecutorService.lambda$wrap$0(InterceptingExecutorService.java:81)
	at java.base/java.util.concurrent.FutureTask.run(FutureTask.java:264)
	at java.base/java.util.concurrent.ThreadPoolExecutor.runWorker(ThreadPoolExecutor.java:1136)
	at java.base/java.util.concurrent.ThreadPoolExecutor$Worker.run(ThreadPoolExecutor.java:635)
	at hudson.remoting.Engine$1.lambda$newThread$0(Engine.java:140)
	at java.base/java.lang.Thread.run(Thread.java:840)

May 06, 2025 10:21:48 AM hudson.Util getWin32ErrorMessage
WARNING: Failed to find resource bundle
java.util.MissingResourceException: Can't find bundle for base name /hudson/win32errors, locale en_US
	at java.base/java.util.ResourceBundle.throwMissingResourceException(ResourceBundle.java:2045)
	at java.base/java.util.ResourceBundle.getBundleImpl(ResourceBundle.java:1683)
	at java.base/java.util.ResourceBundle.getBundleImpl(ResourceBundle.java:1586)
	at java.base/java.util.ResourceBundle.getBundleImpl(ResourceBundle.java:1549)
	at java.base/java.util.ResourceBundle.getBundle(ResourceBundle.java:858)
	at Jenkins v2.479.3//hudson.Util.getWin32ErrorMessage(Util.java:500)
	at Jenkins v2.479.3//hudson.util.jna.JnaException.<init>(JnaException.java:38)
	at Jenkins v2.479.3//hudson.util.jna.RegistryKey.check(RegistryKey.java:122)
	at Jenkins v2.479.3//hudson.util.jna.RegistryKey.open(RegistryKey.java:217)
	at PluginClassLoader for TestComplete//com.smartbear.jenkins.plugins.testcomplete.TcInstallationsScanner$ScannerCallable.scanForInstallations(TcInstallationsScanner.java:83)
	at PluginClassLoader for TestComplete//com.smartbear.jenkins.plugins.testcomplete.TcInstallationsScanner$ScannerCallable.call(TcInstallationsScanner.java:69)
	at PluginClassLoader for TestComplete//com.smartbear.jenkins.plugins.testcomplete.TcInstallationsScanner$ScannerCallable.call(TcInstallationsScanner.java:58)
	at hudson.remoting.UserRequest.perform(UserRequest.java:225)
	at hudson.remoting.UserRequest.perform(UserRequest.java:50)
	at hudson.remoting.Request$2.run(Request.java:391)
	at hudson.remoting.InterceptingExecutorService.lambda$wrap$0(InterceptingExecutorService.java:81)
	at java.base/java.util.concurrent.FutureTask.run(FutureTask.java:264)
	at java.base/java.util.concurrent.ThreadPoolExecutor.runWorker(ThreadPoolExecutor.java:1136)
	at java.base/java.util.concurrent.ThreadPoolExecutor$Worker.run(ThreadPoolExecutor.java:635)
	at hudson.remoting.Engine$1.lambda$newThread$0(Engine.java:140)
	at java.base/java.lang.Thread.run(Thread.java:840)

May 06, 2025 10:44:05 AM hudson.Util getWin32ErrorMessage
WARNING: Failed to find resource bundle
java.util.MissingResourceException: Can't find bundle for base name /hudson/win32errors, locale en_US
	at java.base/java.util.ResourceBundle.throwMissingResourceException(ResourceBundle.java:2045)
	at java.base/java.util.ResourceBundle.getBundleImpl(ResourceBundle.java:1683)
	at java.base/java.util.ResourceBundle.getBundleImpl(ResourceBundle.java:1586)
	at java.base/java.util.ResourceBundle.getBundleImpl(ResourceBundle.java:1549)
	at java.base/java.util.ResourceBundle.getBundle(ResourceBundle.java:858)
	at Jenkins v2.479.3//hudson.Util.getWin32ErrorMessage(Util.java:500)
	at Jenkins v2.479.3//hudson.util.jna.JnaException.<init>(JnaException.java:38)
	at Jenkins v2.479.3//hudson.util.jna.RegistryKey.check(RegistryKey.java:122)
	at Jenkins v2.479.3//hudson.util.jna.RegistryKey.open(RegistryKey.java:217)
	at PluginClassLoader for TestComplete//com.smartbear.jenkins.plugins.testcomplete.TcInstallationsScanner$ScannerCallable.scanForInstallations(TcInstallationsScanner.java:83)
	at PluginClassLoader for TestComplete//com.smartbear.jenkins.plugins.testcomplete.TcInstallationsScanner$ScannerCallable.call(TcInstallationsScanner.java:69)
	at PluginClassLoader for TestComplete//com.smartbear.jenkins.plugins.testcomplete.TcInstallationsScanner$ScannerCallable.call(TcInstallationsScanner.java:58)
	at hudson.remoting.UserRequest.perform(UserRequest.java:225)
	at hudson.remoting.UserRequest.perform(UserRequest.java:50)
	at hudson.remoting.Request$2.run(Request.java:391)
	at hudson.remoting.InterceptingExecutorService.lambda$wrap$0(InterceptingExecutorService.java:81)
	at java.base/java.util.concurrent.FutureTask.run(FutureTask.java:264)
	at java.base/java.util.concurrent.ThreadPoolExecutor.runWorker(ThreadPoolExecutor.java:1136)
	at java.base/java.util.concurrent.ThreadPoolExecutor$Worker.run(ThreadPoolExecutor.java:635)
	at hudson.remoting.Engine$1.lambda$newThread$0(Engine.java:140)
	at java.base/java.lang.Thread.run(Thread.java:840)

May 06, 2025 10:52:53 AM hudson.Util getWin32ErrorMessage
WARNING: Failed to find resource bundle
java.util.MissingResourceException: Can't find bundle for base name /hudson/win32errors, locale en_US
	at java.base/java.util.ResourceBundle.throwMissingResourceException(ResourceBundle.java:2045)
	at java.base/java.util.ResourceBundle.getBundleImpl(ResourceBundle.java:1683)
	at java.base/java.util.ResourceBundle.getBundleImpl(ResourceBundle.java:1586)
	at java.base/java.util.ResourceBundle.getBundleImpl(ResourceBundle.java:1549)
	at java.base/java.util.ResourceBundle.getBundle(ResourceBundle.java:858)
	at Jenkins v2.479.3//hudson.Util.getWin32ErrorMessage(Util.java:500)
	at Jenkins v2.479.3//hudson.util.jna.JnaException.<init>(JnaException.java:38)
	at Jenkins v2.479.3//hudson.util.jna.RegistryKey.check(RegistryKey.java:122)
	at Jenkins v2.479.3//hudson.util.jna.RegistryKey.open(RegistryKey.java:217)
	at PluginClassLoader for TestComplete//com.smartbear.jenkins.plugins.testcomplete.TcInstallationsScanner$ScannerCallable.scanForInstallations(TcInstallationsScanner.java:83)
	at PluginClassLoader for TestComplete//com.smartbear.jenkins.plugins.testcomplete.TcInstallationsScanner$ScannerCallable.call(TcInstallationsScanner.java:69)
	at PluginClassLoader for TestComplete//com.smartbear.jenkins.plugins.testcomplete.TcInstallationsScanner$ScannerCallable.call(TcInstallationsScanner.java:58)
	at hudson.remoting.UserRequest.perform(UserRequest.java:225)
	at hudson.remoting.UserRequest.perform(UserRequest.java:50)
	at hudson.remoting.Request$2.run(Request.java:391)
	at hudson.remoting.InterceptingExecutorService.lambda$wrap$0(InterceptingExecutorService.java:81)
	at java.base/java.util.concurrent.FutureTask.run(FutureTask.java:264)
	at java.base/java.util.concurrent.ThreadPoolExecutor.runWorker(ThreadPoolExecutor.java:1136)
	at java.base/java.util.concurrent.ThreadPoolExecutor$Worker.run(ThreadPoolExecutor.java:635)
	at hudson.remoting.Engine$1.lambda$newThread$0(Engine.java:140)
	at java.base/java.lang.Thread.run(Thread.java:840)

May 06, 2025 10:55:36 AM hudson.Util getWin32ErrorMessage
WARNING: Failed to find resource bundle
java.util.MissingResourceException: Can't find bundle for base name /hudson/win32errors, locale en_US
	at java.base/java.util.ResourceBundle.throwMissingResourceException(ResourceBundle.java:2045)
	at java.base/java.util.ResourceBundle.getBundleImpl(ResourceBundle.java:1683)
	at java.base/java.util.ResourceBundle.getBundleImpl(ResourceBundle.java:1586)
	at java.base/java.util.ResourceBundle.getBundleImpl(ResourceBundle.java:1549)
	at java.base/java.util.ResourceBundle.getBundle(ResourceBundle.java:858)
	at Jenkins v2.479.3//hudson.Util.getWin32ErrorMessage(Util.java:500)
	at Jenkins v2.479.3//hudson.util.jna.JnaException.<init>(JnaException.java:38)
	at Jenkins v2.479.3//hudson.util.jna.RegistryKey.check(RegistryKey.java:122)
	at Jenkins v2.479.3//hudson.util.jna.RegistryKey.open(RegistryKey.java:217)
	at PluginClassLoader for TestComplete//com.smartbear.jenkins.plugins.testcomplete.TcInstallationsScanner$ScannerCallable.scanForInstallations(TcInstallationsScanner.java:83)
	at PluginClassLoader for TestComplete//com.smartbear.jenkins.plugins.testcomplete.TcInstallationsScanner$ScannerCallable.call(TcInstallationsScanner.java:69)
	at PluginClassLoader for TestComplete//com.smartbear.jenkins.plugins.testcomplete.TcInstallationsScanner$ScannerCallable.call(TcInstallationsScanner.java:58)
	at hudson.remoting.UserRequest.perform(UserRequest.java:225)
	at hudson.remoting.UserRequest.perform(UserRequest.java:50)
	at hudson.remoting.Request$2.run(Request.java:391)
	at hudson.remoting.InterceptingExecutorService.lambda$wrap$0(InterceptingExecutorService.java:81)
	at java.base/java.util.concurrent.FutureTask.run(FutureTask.java:264)
	at java.base/java.util.concurrent.ThreadPoolExecutor.runWorker(ThreadPoolExecutor.java:1136)
	at java.base/java.util.concurrent.ThreadPoolExecutor$Worker.run(ThreadPoolExecutor.java:635)
	at hudson.remoting.Engine$1.lambda$newThread$0(Engine.java:140)
	at java.base/java.lang.Thread.run(Thread.java:840)

May 06, 2025 10:55:54 AM io.jenkins.remoting.shaded.org.glassfish.tyrus.container.jdk.client.ClientFilter processError
SEVERE: Connection error has occurred
java.io.IOException: The I/O operation has been aborted because of either a thread exit or an application request
	at java.base/sun.nio.ch.Iocp.translateErrorToIOException(Iocp.java:299)
	at java.base/sun.nio.ch.Iocp$EventHandlerTask.run(Iocp.java:389)
	at java.base/sun.nio.ch.AsynchronousChannelGroupImpl$1.run(AsynchronousChannelGroupImpl.java:113)
	at java.base/java.util.concurrent.ThreadPoolExecutor.runWorker(ThreadPoolExecutor.java:1136)
	at java.base/java.util.concurrent.ThreadPoolExecutor$Worker.run(ThreadPoolExecutor.java:635)
	at java.base/java.lang.Thread.run(Thread.java:840)

May 06, 2025 10:55:54 AM hudson.remoting.Launcher$CuiListener status
INFO: Read side closed
May 06, 2025 10:55:54 AM hudson.remoting.Launcher$CuiListener status
INFO: Terminated
May 06, 2025 10:55:54 AM hudson.Launcher$RemoteLaunchCallable$1 join
INFO: Failed to synchronize IO streams on the channel hudson.remoting.Channel@7af4ac0e:KBNDESOT079
hudson.remoting.ChannelClosedException: Channel "hudson.remoting.Channel@7af4ac0e:KBNDESOT079": Remote call on KBNDESOT079 failed. The channel is closing down or has closed down
	at hudson.remoting.Channel.call(Channel.java:1105)
	at hudson.remoting.Channel.syncIO(Channel.java:1868)
	at Jenkins v2.479.3//hudson.Launcher$RemoteLaunchCallable$1.join(Launcher.java:1408)
	at java.base/jdk.internal.reflect.NativeMethodAccessorImpl.invoke0(Native Method)
	at java.base/jdk.internal.reflect.NativeMethodAccessorImpl.invoke(NativeMethodAccessorImpl.java:77)
	at java.base/jdk.internal.reflect.DelegatingMethodAccessorImpl.invoke(DelegatingMethodAccessorImpl.java:43)
	at java.base/java.lang.reflect.Method.invoke(Method.java:569)
	at hudson.remoting.RemoteInvocationHandler$RPCRequest.perform(RemoteInvocationHandler.java:986)
	at hudson.remoting.RemoteInvocationHandler$RPCRequest.call(RemoteInvocationHandler.java:961)
	at hudson.remoting.RemoteInvocationHandler$RPCRequest.call(RemoteInvocationHandler.java:907)
	at hudson.remoting.UserRequest.perform(UserRequest.java:225)
	at hudson.remoting.UserRequest.perform(UserRequest.java:50)
	at hudson.remoting.Request$2.run(Request.java:391)
	at hudson.remoting.InterceptingExecutorService.lambda$wrap$0(InterceptingExecutorService.java:81)
	at java.base/java.util.concurrent.FutureTask.run(FutureTask.java:264)
	at java.base/java.util.concurrent.ThreadPoolExecutor.runWorker(ThreadPoolExecutor.java:1136)
	at java.base/java.util.concurrent.ThreadPoolExecutor$Worker.run(ThreadPoolExecutor.java:635)
	at hudson.remoting.Engine$1.lambda$newThread$0(Engine.java:140)
	at java.base/java.lang.Thread.run(Thread.java:840)
Caused by: hudson.remoting.ChannelClosedException: Channel "hudson.remoting.Channel@7af4ac0e:KBNDESOT079": channel is already closed
	at hudson.remoting.Engine$1AgentEndpoint.lambda$onClose$1(Engine.java:694)
	... 6 more

May 06, 2025 10:55:54 AM hudson.remoting.Request$2 run
INFO: Failed to send back a reply to the request UserRequest:UserRPCRequest:hudson.Launcher$RemoteProcess.join[](278): hudson.remoting.ChannelClosedException: Channel "hudson.remoting.Channel@7af4ac0e:KBNDESOT079": channel is already closed
May 06, 2025 10:56:04 AM hudson.remoting.Launcher$CuiListener status
INFO: Performing onReconnect operation.
May 06, 2025 10:56:04 AM hudson.remoting.Launcher$CuiListener status
INFO: onReconnect operation completed.
May 06, 2025 10:56:04 AM hudson.remoting.Launcher$CuiListener status
INFO: WebSocket connection open
May 06, 2025 10:56:04 AM hudson.remoting.Launcher$CuiListener status
INFO: Connected
