Started by user anonymous
Updating https://p2dsvn.touchtec.com.br:8889/svn/p2d/Projetos3/Commons/Poms/trunk
At revision 23793
no change for https://p2dsvn.touchtec.com.br:8889/svn/p2d/Projetos3/Commons/Poms/trunk since the previous build
Found mavenVersion 3.0.1 from file jar:file:/opt/maven/lib/maven-core-3.0.1.jar!/META-INF/maven/org.apache.maven/maven-core/pom.properties
Parsing POMs
[trunk] $ java -Xmx1024m -cp /home/p2d/.hudson/plugins/maven-plugin/WEB-INF/lib/maven3-agent-1.393-SNAPSHOT.jar:/opt/maven/boot/plexus-classworlds-2.4.jar org.jvnet.hudson.maven3.agent.Maven3Main /opt/maven /opt/apache-tomcat-7.0.5/webapps/hudson/WEB-INF/lib/remoting-1.393-SNAPSHOT.jar /home/p2d/.hudson/plugins/maven-plugin/WEB-INF/lib/maven3-interceptor-1.393-SNAPSHOT.jar 55854
<===[HUDSON REMOTING CAPACITY]===>channel started
Executing Maven:  -B -f /home/p2d/.hudson/jobs/Poms/workspace/trunk/pom.xml clean deploy -fae
[WARNING] 
[WARNING] Some problems were encountered while building the effective model for br.com.p2d.commons:flex-master-pom:pom:1.10
[WARNING] 'build.plugins.plugin.version' for org.apache.maven.plugins:maven-resources-plugin is missing. @ br.com.p2d.commons:master-pom:1.10, /home/p2d/.hudson/jobs/Poms/workspace/trunk/pom.xml, line 136, column 15
[WARNING] 'build.plugins.plugin.version' for org.apache.maven.plugins:maven-scm-plugin is missing. @ br.com.p2d.commons:master-pom:1.10, /home/p2d/.hudson/jobs/Poms/workspace/trunk/pom.xml, line 99, column 15
[WARNING] The expression ${groupId} is deprecated. Please use ${project.groupId} instead.
[WARNING] The expression ${artifactId} is deprecated. Please use ${project.artifactId} instead.
[WARNING] The expression ${version} is deprecated. Please use ${project.version} instead.
[WARNING] The expression ${groupId} is deprecated. Please use ${project.groupId} instead.
[WARNING] The expression ${artifactId} is deprecated. Please use ${project.artifactId} instead.
[WARNING] The expression ${version} is deprecated. Please use ${project.version} instead.
[WARNING] 'dependencies.dependency.scope' for com.adobe.flex.framework:framework:swc must be one of [provided, compile, runtime, test, system] but is 'external'. @ br.com.p2d.commons:flex-master-pom-nodm:1.10, /home/p2d/.hudson/jobs/Poms/workspace/trunk/flex-master-pom-nodm/pom.xml, line 83, column 15
[WARNING] 'dependencies.dependency.scope' for com.adobe.flex.framework:rpc:swc must be one of [provided, compile, runtime, test, system] but is 'external'. @ br.com.p2d.commons:flex-master-pom-nodm:1.10, /home/p2d/.hudson/jobs/Poms/workspace/trunk/flex-master-pom-nodm/pom.xml, line 91, column 12
[WARNING] 'dependencies.dependency.scope' for com.adobe.flex.framework:air-framework:pom must be one of [provided, compile, runtime, test, system] but is 'external'. @ line 70, column 12
[WARNING] 'dependencies.dependency.scope' for com.adobe.flex.framework:flex-framework:pom must be one of [provided, compile, runtime, test, system] but is 'external'. @ line 77, column 12
[WARNING] 
[WARNING] Some problems were encountered while building the effective model for br.com.p2d.commons:flex-master-pom-nodm:pom:1.10
[WARNING] 'build.plugins.plugin.(groupId:artifactId)' must be unique but found duplicate declaration of plugin org.apache.maven.plugins:maven-scm-plugin @ br.com.p2d.commons:master-pom:1.10, /home/p2d/.hudson/jobs/Poms/workspace/trunk/pom.xml, line 99, column 15
[WARNING] 'build.plugins.plugin.version' for org.apache.maven.plugins:maven-resources-plugin is missing. @ br.com.p2d.commons:master-pom:1.10, /home/p2d/.hudson/jobs/Poms/workspace/trunk/pom.xml, line 136, column 15
[WARNING] 'build.plugins.plugin.version' for org.apache.maven.plugins:maven-scm-plugin is missing. @ br.com.p2d.commons:master-pom:1.10, /home/p2d/.hudson/jobs/Poms/workspace/trunk/pom.xml, line 99, column 15
[WARNING] The expression ${groupId} is deprecated. Please use ${project.groupId} instead.
[WARNING] The expression ${artifactId} is deprecated. Please use ${project.artifactId} instead.
[WARNING] The expression ${version} is deprecated. Please use ${project.version} instead.
[WARNING] The expression ${groupId} is deprecated. Please use ${project.groupId} instead.
[WARNING] The expression ${artifactId} is deprecated. Please use ${project.artifactId} instead.
[WARNING] The expression ${version} is deprecated. Please use ${project.version} instead.
[WARNING] 'dependencies.dependency.scope' for com.adobe.flex.framework:framework:swc must be one of [provided, compile, runtime, test, system] but is 'external'. @ line 83, column 15
[WARNING] 'dependencies.dependency.scope' for com.adobe.flex.framework:rpc:swc must be one of [provided, compile, runtime, test, system] but is 'external'. @ line 91, column 12
[WARNING] 
[WARNING] Some problems were encountered while building the effective model for br.com.p2d.commons:java-master-pom:pom:1.10
[WARNING] 'build.plugins.plugin.version' for org.apache.maven.plugins:maven-resources-plugin is missing. @ br.com.p2d.commons:master-pom:1.10, /home/p2d/.hudson/jobs/Poms/workspace/trunk/pom.xml, line 136, column 15
[WARNING] 'build.plugins.plugin.version' for org.apache.maven.plugins:maven-scm-plugin is missing. @ br.com.p2d.commons:master-pom:1.10, /home/p2d/.hudson/jobs/Poms/workspace/trunk/pom.xml, line 99, column 15
[WARNING] 'build.plugins.plugin.version' for org.apache.maven.plugins:maven-compiler-plugin is missing. @ br.com.p2d.commons:java-master-pom-nodm:1.10, /home/p2d/.hudson/jobs/Poms/workspace/trunk/java-master-pom-nodm/pom.xml, line 802, column 12
[WARNING] The expression ${groupId} is deprecated. Please use ${project.groupId} instead.
[WARNING] The expression ${artifactId} is deprecated. Please use ${project.artifactId} instead.
[WARNING] The expression ${version} is deprecated. Please use ${project.version} instead.
[WARNING] The expression ${groupId} is deprecated. Please use ${project.groupId} instead.
[WARNING] The expression ${artifactId} is deprecated. Please use ${project.artifactId} instead.
[WARNING] The expression ${version} is deprecated. Please use ${project.version} instead.
[WARNING] 
[WARNING] Some problems were encountered while building the effective model for br.com.p2d.commons:java-master-pom-nodm:pom:1.10
[WARNING] 'build.plugins.plugin.version' for org.apache.maven.plugins:maven-resources-plugin is missing. @ br.com.p2d.commons:master-pom:1.10, /home/p2d/.hudson/jobs/Poms/workspace/trunk/pom.xml, line 136, column 15
[WARNING] 'build.plugins.plugin.version' for org.apache.maven.plugins:maven-scm-plugin is missing. @ br.com.p2d.commons:master-pom:1.10, /home/p2d/.hudson/jobs/Poms/workspace/trunk/pom.xml, line 99, column 15
[WARNING] 'build.plugins.plugin.version' for org.apache.maven.plugins:maven-compiler-plugin is missing. @ line 802, column 12
[WARNING] The expression ${groupId} is deprecated. Please use ${project.groupId} instead.
[WARNING] The expression ${artifactId} is deprecated. Please use ${project.artifactId} instead.
[WARNING] The expression ${version} is deprecated. Please use ${project.version} instead.
[WARNING] The expression ${groupId} is deprecated. Please use ${project.groupId} instead.
[WARNING] The expression ${artifactId} is deprecated. Please use ${project.artifactId} instead.
[WARNING] The expression ${version} is deprecated. Please use ${project.version} instead.
[WARNING] 
[WARNING] Some problems were encountered while building the effective model for br.com.p2d.commons:air-interface-master-pom:pom:1.10
[WARNING] 'build.plugins.plugin.(groupId:artifactId)' must be unique but found duplicate declaration of plugin org.apache.maven.plugins:maven-scm-plugin @ br.com.p2d.commons:master-pom:1.10, /home/p2d/.hudson/jobs/Poms/workspace/trunk/pom.xml, line 99, column 15
[WARNING] 'parent.relativePath' points at br.com.p2d.commons:master-pom instead of br.com.p2d.commons:flex-master-pom, please verify your project structure @ line 16, column 10
[WARNING] 'build.plugins.plugin.(groupId:artifactId)' must be unique but found duplicate declaration of plugin org.apache.maven.plugins:maven-scm-plugin @ br.com.p2d.commons:master-pom:1.10, line 99, column 15
[WARNING] 'build.plugins.plugin.version' for org.apache.maven.plugins:maven-resources-plugin is missing. @ br.com.p2d.commons:master-pom:1.10, line 136, column 15
[WARNING] 'build.plugins.plugin.version' for org.apache.maven.plugins:maven-scm-plugin is missing. @ br.com.p2d.commons:master-pom:1.10, line 99, column 15
[WARNING] The expression ${groupId} is deprecated. Please use ${project.groupId} instead.
[WARNING] The expression ${artifactId} is deprecated. Please use ${project.artifactId} instead.
[WARNING] The expression ${version} is deprecated. Please use ${project.version} instead.
[WARNING] The expression ${groupId} is deprecated. Please use ${project.groupId} instead.
[WARNING] The expression ${artifactId} is deprecated. Please use ${project.artifactId} instead.
[WARNING] The expression ${version} is deprecated. Please use ${project.version} instead.
[WARNING] The expression ${version} is deprecated. Please use ${project.version} instead.
[WARNING] 'dependencies.dependency.scope' for com.adobe.flex.framework:framework:swc must be one of [provided, compile, runtime, test, system] but is 'external'. @ br.com.p2d.commons:flex-master-pom-nodm:1.10, line 83, column 15
[WARNING] 'dependencies.dependency.scope' for com.adobe.flex.framework:rpc:swc must be one of [provided, compile, runtime, test, system] but is 'external'. @ br.com.p2d.commons:flex-master-pom-nodm:1.10, line 91, column 12
[WARNING] 
[WARNING] Some problems were encountered while building the effective model for br.com.p2d.commons:master-pom:pom:1.10
[WARNING] 'build.plugins.plugin.(groupId:artifactId)' must be unique but found duplicate declaration of plugin org.apache.maven.plugins:maven-scm-plugin @ line 99, column 15
[WARNING] 'build.plugins.plugin.version' for org.apache.maven.plugins:maven-resources-plugin is missing. @ line 136, column 15
[WARNING] 'build.plugins.plugin.version' for org.apache.maven.plugins:maven-scm-plugin is missing. @ line 99, column 15
[WARNING] The expression ${groupId} is deprecated. Please use ${project.groupId} instead.
[WARNING] The expression ${artifactId} is deprecated. Please use ${project.artifactId} instead.
[WARNING] The expression ${version} is deprecated. Please use ${project.version} instead.
[WARNING] The expression ${groupId} is deprecated. Please use ${project.groupId} instead.
[WARNING] The expression ${artifactId} is deprecated. Please use ${project.artifactId} instead.
[WARNING] The expression ${version} is deprecated. Please use ${project.version} instead.
[WARNING] The expression ${groupId} is deprecated. Please use ${project.groupId} instead.
[WARNING] The expression ${artifactId} is deprecated. Please use ${project.artifactId} instead.
[WARNING] The expression ${version} is deprecated. Please use ${project.version} instead.
[WARNING] 
[WARNING] It is highly recommended to fix these problems because they threaten the stability of your build.
[WARNING] 
[WARNING] For this reason, future Maven versions might no longer support building such malformed projects.
[WARNING] 
projectStarted br.com.p2d.commons:master-pom:1.10
mojoStarted org.apache.maven.plugins:maven-clean-plugin:2.4.1(default-clean)
mojoSucceeded org.apache.maven.plugins:maven-clean-plugin:2.4.1(default-clean)
mojoStarted org.apache.maven.plugins:maven-changes-plugin:2.3(validate-changes)
mojoSucceeded org.apache.maven.plugins:maven-changes-plugin:2.3(validate-changes)
mojoStarted org.apache.maven.plugins:maven-install-plugin:2.3.1(default-install)
[INFO] Installing /home/p2d/.hudson/jobs/Poms/workspace/trunk/pom.xml to /home/p2d/.m2/repository/br/com/p2d/commons/master-pom/1.10/master-pom-1.10.pom
mojoSucceeded org.apache.maven.plugins:maven-install-plugin:2.3.1(default-install)
mojoStarted org.apache.maven.plugins:maven-deploy-plugin:2.5(default-deploy)
Uploading: http://p2dnexus.touchtec.com.br/content/repositories/releases/br/com/p2d/commons/master-pom/1.10/master-pom-1.10.pom
mojoFailed org.apache.maven.plugins:maven-deploy-plugin:2.5(default-deploy)
projectFailed br.com.p2d.commons:master-pom:1.10
[HUDSON] Archiving /home/p2d/.hudson/jobs/Poms/workspace/trunk/pom.xml to /home/p2d/.hudson/jobs/Poms/modules/br.com.p2d.commons$master-pom/builds/2011-01-06_18-11-04/archive/br.com.p2d.commons/master-pom/1.10/pom.xml
projectSkipped br.com.p2d.commons:flex-master-pom-nodm:1.10
projectSkipped br.com.p2d.commons:flex-master-pom:1.10
projectSkipped br.com.p2d.commons:java-master-pom-nodm:1.10
projectSkipped br.com.p2d.commons:java-master-pom:1.10
projectSkipped br.com.p2d.commons:air-interface-master-pom:1.10
sessionEnded
maven builder waiting
mavenExecutionResult exceptions not empty
org.apache.maven.lifecycle.LifecycleExecutionException: Failed to execute goal org.apache.maven.plugins:maven-deploy-plugin:2.5:deploy (default-deploy) on project master-pom: Failed to deploy artifacts: Could not transfer artifact br.com.p2d.commons:master-pom:pom:1.10 from/to p2didc1-releases (http://p2dnexus.touchtec.com.br/content/repositories/releases/): Failed to transfer file: http://p2dnexus.touchtec.com.br/content/repositories/releases/br/com/p2d/commons/master-pom/1.10/master-pom-1.10.pom. Return code is: 401
	at org.apache.maven.lifecycle.internal.MojoExecutor.execute(MojoExecutor.java:203)
	at org.apache.maven.lifecycle.internal.MojoExecutor.execute(MojoExecutor.java:148)
	at org.apache.maven.lifecycle.internal.MojoExecutor.execute(MojoExecutor.java:140)
	at org.apache.maven.lifecycle.internal.LifecycleModuleBuilder.buildProject(LifecycleModuleBuilder.java:84)
	at org.apache.maven.lifecycle.internal.LifecycleModuleBuilder.buildProject(LifecycleModuleBuilder.java:59)
	at org.apache.maven.lifecycle.internal.LifecycleStarter.singleThreadedBuild(LifecycleStarter.java:183)
	at org.apache.maven.lifecycle.internal.LifecycleStarter.execute(LifecycleStarter.java:161)
	at org.apache.maven.DefaultMaven.doExecute(DefaultMaven.java:316)
	at org.apache.maven.DefaultMaven.execute(DefaultMaven.java:153)
	at org.jvnet.hudson.maven3.launcher.Maven3Launcher.main(Maven3Launcher.java:79)
	at sun.reflect.NativeMethodAccessorImpl.invoke0(Native Method)
	at sun.reflect.NativeMethodAccessorImpl.invoke(NativeMethodAccessorImpl.java:57)
	at sun.reflect.DelegatingMethodAccessorImpl.invoke(DelegatingMethodAccessorImpl.java:43)
	at java.lang.reflect.Method.invoke(Method.java:616)
	at org.codehaus.plexus.classworlds.launcher.Launcher.launchStandard(Launcher.java:329)
	at org.codehaus.plexus.classworlds.launcher.Launcher.launch(Launcher.java:239)
	at org.jvnet.hudson.maven3.agent.Maven3Main.launch(Maven3Main.java:145)
	at hudson.maven.Maven3Builder.call(Maven3Builder.java:123)
	at hudson.maven.Maven3Builder.call(Maven3Builder.java:70)
	at hudson.remoting.UserRequest.perform(UserRequest.java:114)
	at hudson.remoting.UserRequest.perform(UserRequest.java:48)
	at hudson.remoting.Request$2.run(Request.java:270)
	at java.util.concurrent.Executors$RunnableAdapter.call(Executors.java:471)
	at java.util.concurrent.FutureTask$Sync.innerRun(FutureTask.java:334)
	at java.util.concurrent.FutureTask.run(FutureTask.java:166)
	at java.util.concurrent.ThreadPoolExecutor.runWorker(ThreadPoolExecutor.java:1110)
	at java.util.concurrent.ThreadPoolExecutor$Worker.run(ThreadPoolExecutor.java:603)
	at java.lang.Thread.run(Thread.java:636)
Caused by: org.apache.maven.plugin.MojoExecutionException: Failed to deploy artifacts: Could not transfer artifact br.com.p2d.commons:master-pom:pom:1.10 from/to p2didc1-releases (http://p2dnexus.touchtec.com.br/content/repositories/releases/): Failed to transfer file: http://p2dnexus.touchtec.com.br/content/repositories/releases/br/com/p2d/commons/master-pom/1.10/master-pom-1.10.pom. Return code is: 401
	at org.apache.maven.plugin.deploy.DeployMojo.execute(DeployMojo.java:189)
	at org.apache.maven.plugin.DefaultBuildPluginManager.executeMojo(DefaultBuildPluginManager.java:107)
	at org.apache.maven.lifecycle.internal.MojoExecutor.execute(MojoExecutor.java:195)
	... 27 more
Caused by: org.apache.maven.artifact.deployer.ArtifactDeploymentException: Failed to deploy artifacts: Could not transfer artifact br.com.p2d.commons:master-pom:pom:1.10 from/to p2didc1-releases (http://p2dnexus.touchtec.com.br/content/repositories/releases/): Failed to transfer file: http://p2dnexus.touchtec.com.br/content/repositories/releases/br/com/p2d/commons/master-pom/1.10/master-pom-1.10.pom. Return code is: 401
	at org.apache.maven.artifact.deployer.DefaultArtifactDeployer.deploy(DefaultArtifactDeployer.java:140)
	at org.apache.maven.plugin.deploy.DeployMojo.execute(DeployMojo.java:148)
	... 29 more
Caused by: org.sonatype.aether.deployment.DeploymentException: Failed to deploy artifacts: Could not transfer artifact br.com.p2d.commons:master-pom:pom:1.10 from/to p2didc1-releases (http://p2dnexus.touchtec.com.br/content/repositories/releases/): Failed to transfer file: http://p2dnexus.touchtec.com.br/content/repositories/releases/br/com/p2d/commons/master-pom/1.10/master-pom-1.10.pom. Return code is: 401
	at org.sonatype.aether.impl.internal.DefaultDeployer.deploy(DefaultDeployer.java:243)
	at org.sonatype.aether.impl.internal.DefaultRepositorySystem.deploy(DefaultRepositorySystem.java:329)
	at org.apache.maven.artifact.deployer.DefaultArtifactDeployer.deploy(DefaultArtifactDeployer.java:136)
	... 30 more
Caused by: org.sonatype.aether.transfer.ArtifactTransferException: Could not transfer artifact br.com.p2d.commons:master-pom:pom:1.10 from/to p2didc1-releases (http://p2dnexus.touchtec.com.br/content/repositories/releases/): Failed to transfer file: http://p2dnexus.touchtec.com.br/content/repositories/releases/br/com/p2d/commons/master-pom/1.10/master-pom-1.10.pom. Return code is: 401
	at org.sonatype.aether.connector.wagon.WagonRepositoryConnector$4.wrap(WagonRepositoryConnector.java:934)
	at org.sonatype.aether.connector.wagon.WagonRepositoryConnector$4.wrap(WagonRepositoryConnector.java:925)
	at org.sonatype.aether.connector.wagon.WagonRepositoryConnector$PutTask.flush(WagonRepositoryConnector.java:849)
	at org.sonatype.aether.connector.wagon.WagonRepositoryConnector.put(WagonRepositoryConnector.java:450)
	at org.sonatype.aether.impl.internal.DefaultDeployer.deploy(DefaultDeployer.java:237)
	... 32 more
Caused by: org.apache.maven.wagon.TransferFailedException: Failed to transfer file: http://p2dnexus.touchtec.com.br/content/repositories/releases/br/com/p2d/commons/master-pom/1.10/master-pom-1.10.pom. Return code is: 401
	at org.apache.maven.wagon.providers.http.LightweightHttpWagon.finishPutTransfer(LightweightHttpWagon.java:205)
	at org.apache.maven.wagon.AbstractWagon.putTransfer(AbstractWagon.java:413)
	at org.apache.maven.wagon.AbstractWagon.transfer(AbstractWagon.java:392)
	at org.apache.maven.wagon.AbstractWagon.putTransfer(AbstractWagon.java:365)
	at org.apache.maven.wagon.StreamWagon.put(StreamWagon.java:163)
	at org.sonatype.aether.connector.wagon.WagonRepositoryConnector$PutTask.run(WagonRepositoryConnector.java:810)
	at org.sonatype.aether.connector.wagon.WagonRepositoryConnector.put(WagonRepositoryConnector.java:449)
	... 33 more
Sending e-mails to: p2d-dev@p2d.com.br
ERROR: Invalid Addresses
channel stopped
Sending e-mails to: p2d-dev@p2d.com.br