<?xml version="1.0" encoding="UTF-8"?>
<testsuites>
   <testsuite name="ZuulSetUPTests" tests="1" failures="0" errors="0" skipped=""
              time="0.331584"
              timestamp="">
      <testcase classname="ZuulSetUPTests" name="testSiteInformation" time="0.331584"
                assertions="0"/>
   </testsuite>
   <testsuite name="ZuulThermostatTest" tests="12" failures="4" errors="0" skipped=""
              time="0.358600"
              timestamp="">
      <testcase classname="ZuulThermostatTest" name="testThermostatDataProvider"
                time="0.013998"
                assertions="0"/>
      <testcase classname="ZuulThermostatTest" name="testThermostatModesDataProvider"
                time="0.005241"
                assertions="0"/>
      <testcase classname="ZuulThermostatTest" name="testThermostatSetPointDataProvider"
                time="0.007231"
                assertions="0"/>
      <testcase classname="ZuulThermostatTest" name="testSiteInformation" time="0.324019"
                assertions="0"/>
   </testsuite>
   <testsuite name="ZuulThermostatTest::testThermostatGetStatus" tests="1" failures="0"
              errors="0"
              skipped=""
              time="0.001241"
              timestamp="">
      <testcase name="testThermostatGetStatus with data set #0" time="0.001241" assertions="13"/>
   </testsuite>
   <testsuite name="ZuulThermostatTest::testThermostatModes" tests="3" failures="0"
              errors="0"
              skipped=""
              time="0.002471"
              timestamp="">
      <testcase name="testThermostatModes with data set #0" time="0.000641" assertions="1"/>
      <testcase name="testThermostatModes with data set #1" time="0.001064" assertions="1"/>
      <testcase name="testThermostatModes with data set #2" time="0.000766" assertions="1"/>
   </testsuite>
   <testsuite name="ZuulThermostatTest::testThermostatSetPoints" tests="4" failures="4"
              errors="0"
              skipped=""
              time="0.004399"
              timestamp="">
      <testcase name="testThermostatSetPoints with data set #0" time="0.001886" assertions="1">
         <failure message="" type="PHPUnit_Framework_ExpectationFailedException">ZuulThermostatTest::testThermostatSetPoints with data set #0 ('10.38.0.112', 'bc02238tuY4smxTthYnC', stdClass)
The thermostat [bc02238tuY4smxTthYnC] failed to respond to the action [HVAC_COOL_SETPOINT_RELATIVE]. Expected response [8]
Array
(
)

Failed asserting that false is true.

/var/lib/jenkins/jobs/SVN-repository/workspace/Candi-UnitTest/Zuul/devices/zuulThermostatTest.php:149
/var/lib/jenkins/jobs/SVN-repository/workspace/Candi-UnitTest/VisualPHPUnit/app/lib/VPU.php:483
</failure>
      </testcase>
      <testcase name="testThermostatSetPoints with data set #1" time="0.000803" assertions="1">
         <failure message="" type="PHPUnit_Framework_ExpectationFailedException">ZuulThermostatTest::testThermostatSetPoints with data set #1 ('10.38.0.112', 'bc02238tuY4smxTthYnC', stdClass)
The thermostat [bc02238tuY4smxTthYnC] failed to respond to the action [HVAC_COOL_SETPOINT]. Expected response [10.0]
Array
(
)

Failed asserting that false is true.

/var/lib/jenkins/jobs/SVN-repository/workspace/Candi-UnitTest/Zuul/devices/zuulThermostatTest.php:149
/var/lib/jenkins/jobs/SVN-repository/workspace/Candi-UnitTest/VisualPHPUnit/app/lib/VPU.php:483
</failure>
      </testcase>
      <testcase name="testThermostatSetPoints with data set #2" time="0.000734" assertions="1">
         <failure message="" type="PHPUnit_Framework_ExpectationFailedException">ZuulThermostatTest::testThermostatSetPoints with data set #2 ('10.38.0.112', 'bc02238tuY4smxTthYnC', stdClass)
The thermostat [bc02238tuY4smxTthYnC] failed to respond to the action [HVAC_HEAT_SETPOINT_RELATIVE]. Expected response [2.5]
Array
(
)

Failed asserting that false is true.

/var/lib/jenkins/jobs/SVN-repository/workspace/Candi-UnitTest/Zuul/devices/zuulThermostatTest.php:149
/var/lib/jenkins/jobs/SVN-repository/workspace/Candi-UnitTest/VisualPHPUnit/app/lib/VPU.php:483
</failure>
      </testcase>
      <testcase name="testThermostatSetPoints with data set #3" time="0.000976" assertions="1">
         <failure message="" type="PHPUnit_Framework_ExpectationFailedException">ZuulThermostatTest::testThermostatSetPoints with data set #3 ('10.38.0.112', 'bc02238tuY4smxTthYnC', stdClass)
The thermostat [bc02238tuY4smxTthYnC] failed to respond to the action [HVAC_HEAT_SETPOINT]. Expected response [4.5]
Array
(
)

Failed asserting that false is true.

/var/lib/jenkins/jobs/SVN-repository/workspace/Candi-UnitTest/Zuul/devices/zuulThermostatTest.php:149
/var/lib/jenkins/jobs/SVN-repository/workspace/Candi-UnitTest/VisualPHPUnit/app/lib/VPU.php:483
</failure>
      </testcase>
   </testsuite>
</testsuites>