13:05:34  Started by user Jon Schewe
13:05:34  Building in workspace
/home/hudson/.hudson/jobs/fll-sw-feature-branches/workspace
13:05:34  Checkout:workspace /
/home/hudson/.hudson/jobs/fll-sw-feature-branches/workspace -
hudson.remoting.LocalChannel@2dc8c
13:05:34  Using strategy: Default
13:05:34  Last Built Revision: Revision
9b31b38dde021167596339ed10c9a2564b0cd3d1
(origin/feature.27.num-teams-per-judge)
13:05:34  Fetching changes from 1 remote Git repository
13:05:34  Fetching upstream changes from
git://fll-sw.git.sourceforge.net/gitroot/fll-sw/fll-sw
13:05:36  Pruning obsolete local branches
13:05:38  Seen branch in repository origin/HEAD
13:05:38  Seen branch in repository origin/feature.107.check-extra-runs
13:05:38  Seen branch in repository origin/feature.108.upgrade-opencsv
13:05:38  Seen branch in repository origin/feature.111.web-annotations
13:05:38  Seen branch in repository origin/feature.112.encoding
13:05:38  Seen branch in repository origin/feature.116.rename-region
13:05:38  Seen branch in repository
origin/feature.130.public-landing-page
13:05:38  Seen branch in repository
origin/feature.27.num-teams-per-judge
13:05:38  Seen branch in repository origin/feature.82.check-scores
13:05:38  Seen branch in repository
origin/feature.86.integer-team-numbers
13:05:38  Seen branch in repository origin/feature.95.tomcat7
13:05:38  Seen branch in repository origin/feature.edit-seeding-rounds
13:05:38  Seen branch in repository origin/feature.finalist-rewrite
13:05:38  Seen branch in repository
origin/feature.make-json-functions-static
13:05:38  Seen branch in repository
origin/feature.same-judge-two-categories
13:05:38  Seen branch in repository origin/feature.set-description
13:05:38  Seen branch in repository origin/feature.test-errors
13:05:38  Seen branch in repository
origin/feature.trim-score-entry-names
13:05:38  Seen branch in repository
origin/feature.unverified-run-bad-team-name
13:05:38  Seen branch in repository origin/master
13:05:38  Seen branch in repository origin/vendor/ant
13:05:38  Seen branch in repository origin/vendor/tomcat
13:05:39  Commencing build of Revision
9b31b38dde021167596339ed10c9a2564b0cd3d1
(origin/feature.27.num-teams-per-judge)
13:05:39  Checking out Revision 9b31b38dde021167596339ed10c9a2564b0cd3d1
(origin/feature.27.num-teams-per-judge)
13:05:39  Cleaning workspace
13:05:45  No emails were triggered.
13:05:45  [locks-and-latches] Checking to see if we really have the
locks
13:05:45  [locks-and-latches] Have all the locks, build can start
13:05:45  Starting xvnc
13:05:45  [workspace] $ vncserver :10 -geometry 1600x1200
13:05:46  
13:05:46  New 'X' desktop is mtu.net:10
13:05:46  
13:05:46  Starting applications specified in /home/hudson/.vnc/xstartup
13:05:46  Log file is /home/hudson/.vnc/mtu.net:10.log
13:05:46  
13:05:46  [workspace] $ /bin/sh -xe /tmp/hudson2846791711980009925.sh
13:05:46  + ./continuous_integration/standard_build
13:05:46  Buildfile:
/home/hudson/.hudson/jobs/fll-sw-feature-branches/workspace/scoring/build.xml
13:05:48  Trying to override old definition of datatype resources
13:05:48  
13:05:48  continuous:
13:05:49  
13:05:49  clean:
13:05:49  
13:05:49  init:
13:05:49       [echo] arch is linux
13:05:49      [mkdir] Created dir:
/home/hudson/.hudson/jobs/fll-sw-feature-branches/workspace/scoring/build
13:05:49  
13:05:49  cpd.xml:
13:05:49        [cpd] Starting run, minimumTokenCount is 100
13:05:49        [cpd] Tokenizing files
13:05:50        [cpd] Starting to analyze code
13:05:50        [cpd] Done analyzing code; that took 126 milliseconds
13:05:50        [cpd] Generating report
13:05:51  
13:05:51  sloccount:
13:05:53  
13:05:53  javadoc:
13:05:53      [mkdir] Created dir:
/home/hudson/.hudson/jobs/fll-sw-feature-branches/workspace/scoring/dist/docs/api
13:05:53    [javadoc] Generating Javadoc
13:05:53    [javadoc] Javadoc execution
13:05:55    [javadoc] Loading source files for package fll...
13:05:55    [javadoc] Loading source files for package fll.db...
13:05:55    [javadoc] Loading source files for package fll.scheduler...
13:05:55    [javadoc] Loading source files for package
fll.scheduler.assign...
13:05:55    [javadoc] Loading source files for package fll.subjective...
13:05:55    [javadoc] Loading source files for package fll.util...
13:05:55    [javadoc] Loading source files for package fll.web...
13:05:55    [javadoc] Loading source files for package fll.web.admin...
13:05:55    [javadoc] Loading source files for package fll.web.ajax...
13:05:55    [javadoc] Loading source files for package
fll.web.developer...
13:05:55    [javadoc] Loading source files for package
fll.web.developer.importdb...
13:05:55    [javadoc] Loading source files for package
fll.web.playoff...
13:05:55    [javadoc] Loading source files for package fll.web.report...
13:05:55    [javadoc] Loading source files for package
fll.web.report.finalist...
13:05:55    [javadoc] Loading source files for package
fll.web.schedule...
13:05:55    [javadoc] Loading source files for package
fll.web.scoreEntry...
13:05:55    [javadoc] Loading source files for package
fll.web.scoreboard...
13:05:55    [javadoc] Loading source files for package fll.web.setup...
13:05:55    [javadoc] Loading source files for package fll.xml...
13:05:55    [javadoc] Constructing Javadoc information...
13:05:57    [javadoc] Standard Doclet version 1.6.0_26
13:05:57    [javadoc] Building tree for all the packages and classes...
13:06:00    [javadoc] Building index for all the packages and classes...
13:06:00    [javadoc] Building index for all classes...
13:06:00    [javadoc] Generating
/home/hudson/.hudson/jobs/fll-sw-feature-branches/workspace/scoring/dist/docs/api/stylesheet.css...
13:06:00    [javadoc] Note: Custom tags that could override future
standard tags:  @invariant, @post, @test, @pre. To avoid potential
overrides, use at least one period character (.) in custom tag names.
13:06:00    [javadoc] Note: Custom tags that were not seen:  @invariant,
@post, @test, @pre
13:06:01  
13:06:01  init:
13:06:01       [echo] arch is linux
13:06:01  
13:06:01  tomcat.expand:
13:06:01      [mkdir] Created dir:
/home/hudson/.hudson/jobs/fll-sw-feature-branches/workspace/scoring/build/tomcat
13:06:01       [copy] Copying 72 files to
/home/hudson/.hudson/jobs/fll-sw-feature-branches/workspace/scoring/build/tomcat
13:06:01  
13:06:01  prepare:
13:06:01      [mkdir] Created dir:
/home/hudson/.hudson/jobs/fll-sw-feature-branches/workspace/scoring/build/tomcat/webapps/fll-sw
13:06:01       [copy] Copying 118 files to
/home/hudson/.hudson/jobs/fll-sw-feature-branches/workspace/scoring/build/tomcat/webapps/fll-sw
13:06:02       [copy] Copying 3 files to
/home/hudson/.hudson/jobs/fll-sw-feature-branches/workspace/scoring/build/tomcat/webapps/fll-sw/WEB-INF/classes
13:06:02       [copy] Copied 21 empty directories to 16 empty
directories under
/home/hudson/.hudson/jobs/fll-sw-feature-branches/workspace/scoring/build/tomcat/webapps/fll-sw/WEB-INF/classes
13:06:02       [copy] Copying 1 file to
/home/hudson/.hudson/jobs/fll-sw-feature-branches/workspace/scoring/build/tomcat/webapps/fll-sw
13:06:02       [copy] Copying 1 file to
/home/hudson/.hudson/jobs/fll-sw-feature-branches/workspace/scoring/build/tomcat/webapps/fll-sw/WEB-INF/classes
13:06:02       [copy] Copying 23 files to
/home/hudson/.hudson/jobs/fll-sw-feature-branches/workspace/scoring/build/tomcat/webapps/fll-sw/WEB-INF/lib
13:06:02       [copy] Copying 4 files to
/home/hudson/.hudson/jobs/fll-sw-feature-branches/workspace/scoring/build/tomcat/webapps/fll-sw/WEB-INF/lib
13:06:02       [copy] Copying 2 files to
/home/hudson/.hudson/jobs/fll-sw-feature-branches/workspace/scoring/build/tomcat/webapps/fll-sw/WEB-INF/lib
13:06:02  
13:06:02  compile.classes:
13:06:02      [javac] Compiling 139 source files to
/home/hudson/.hudson/jobs/fll-sw-feature-branches/workspace/scoring/build/tomcat/webapps/fll-sw/WEB-INF/classes
13:06:05  
13:06:05  generate.jsp:
13:06:06     [jasper] Jun 17, 2012 1:06:06 PM
org.apache.jasper.compiler.TldLocationsCache tldScanJar
13:06:06     [jasper] INFO: At least one JAR was scanned for TLDs yet
contained no TLDs. Enable debug logging for this logger for a complete
list of JARs that were scanned but no TLDs were found in them. Skipping
unneeded JARs during scanning can improve startup time and JSP
compilation time.
13:06:09      [touch] Creating
/home/hudson/.hudson/jobs/fll-sw-feature-branches/workspace/scoring/build/jsp_source/.timestamp
13:06:09  
13:06:09  compile.jsp:
13:06:09      [javac] Compiling 68 source files to
/home/hudson/.hudson/jobs/fll-sw-feature-branches/workspace/scoring/build/jsp_source
13:06:10  
13:06:10  compile:
13:06:10       [copy] Copying 7 files to
/home/hudson/.hudson/jobs/fll-sw-feature-branches/workspace/scoring/build/bin
13:06:10    [one-jar] Building jar:
/home/hudson/.hudson/jobs/fll-sw-feature-branches/workspace/scoring/build/tomcat/webapps/fll-sw/subjective-app.jar
13:06:12    [one-jar] Building jar:
/home/hudson/.hudson/jobs/fll-sw-feature-branches/workspace/scoring/build/bin/subjective.jar
13:06:13       [copy] Copying 1 file to
/home/hudson/.hudson/jobs/fll-sw-feature-branches/workspace/scoring/build/bin
13:06:13       [copy] Copying 1 file to
/home/hudson/.hudson/jobs/fll-sw-feature-branches/workspace/scoring/build/bin
13:06:13    [one-jar] Building jar:
/home/hudson/.hudson/jobs/fll-sw-feature-branches/workspace/scoring/build/bin/ImportDocument.jar
13:06:15       [copy] Copying 1 file to
/home/hudson/.hudson/jobs/fll-sw-feature-branches/workspace/scoring/build/bin
13:06:15       [copy] Copying 1 file to
/home/hudson/.hudson/jobs/fll-sw-feature-branches/workspace/scoring/build/bin
13:06:15    [one-jar] Building jar:
/home/hudson/.hudson/jobs/fll-sw-feature-branches/workspace/scoring/build/bin/ExportDocument.jar
13:06:16       [copy] Copying 1 file to
/home/hudson/.hudson/jobs/fll-sw-feature-branches/workspace/scoring/build/bin
13:06:16       [copy] Copying 1 file to
/home/hudson/.hudson/jobs/fll-sw-feature-branches/workspace/scoring/build/bin
13:06:16    [one-jar] Building jar:
/home/hudson/.hudson/jobs/fll-sw-feature-branches/workspace/scoring/build/bin/SchedulerUI.jar
13:06:17       [copy] Copying 1 file to
/home/hudson/.hudson/jobs/fll-sw-feature-branches/workspace/scoring/build/bin
13:06:17       [copy] Copying 1 file to
/home/hudson/.hudson/jobs/fll-sw-feature-branches/workspace/scoring/build/bin
13:06:17    [one-jar] Building jar:
/home/hudson/.hudson/jobs/fll-sw-feature-branches/workspace/scoring/build/bin/GreedySolver.jar
13:06:19       [copy] Copying 1 file to
/home/hudson/.hudson/jobs/fll-sw-feature-branches/workspace/scoring/build/bin
13:06:19       [copy] Copying 1 file to
/home/hudson/.hudson/jobs/fll-sw-feature-branches/workspace/scoring/build/bin
13:06:19    [one-jar] Building jar:
/home/hudson/.hudson/jobs/fll-sw-feature-branches/workspace/scoring/build/bin/TableOptimizer.jar
13:06:20       [copy] Copying 1 file to
/home/hudson/.hudson/jobs/fll-sw-feature-branches/workspace/scoring/build/bin
13:06:20       [copy] Copying 1 file to
/home/hudson/.hudson/jobs/fll-sw-feature-branches/workspace/scoring/build/bin
13:06:20       [copy] Copying 215 files to
/home/hudson/.hudson/jobs/fll-sw-feature-branches/workspace/scoring/build/lib
13:06:26  
13:06:26  findbugs:
13:06:26      [mkdir] Created dir:
/home/hudson/.hudson/jobs/fll-sw-feature-branches/workspace/scoring/build/findbugs
13:06:26   [findbugs] Executing findbugs from ant task
13:06:26   [findbugs] Running FindBugs...
13:07:14   [findbugs] Calculating exit code...
13:07:14   [findbugs] Exit code set to: 0
13:07:14   [findbugs] Output saved to
/home/hudson/.hudson/jobs/fll-sw-feature-branches/workspace/scoring/build/findbugs/report.xml
13:07:14  
13:07:14  init:
13:07:14       [echo] arch is linux
13:07:14  
13:07:14  tomcat.expand:
13:07:14  
13:07:14  prepare:
13:07:14       [copy] Copying 1 file to
/home/hudson/.hudson/jobs/fll-sw-feature-branches/workspace/scoring/build/tomcat/webapps/fll-sw
13:07:14       [copy] Copying 1 file to
/home/hudson/.hudson/jobs/fll-sw-feature-branches/workspace/scoring/build/tomcat/webapps/fll-sw/WEB-INF/classes
13:07:14  
13:07:14  compile.classes:
13:07:14  
13:07:14  generate.jsp:
13:07:14  
13:07:14  compile.jsp:
13:07:14  
13:07:14  compile:
13:07:14    [one-jar] Building jar:
/home/hudson/.hudson/jobs/fll-sw-feature-branches/workspace/scoring/build/tomcat/webapps/fll-sw/subjective-app.jar
13:07:16    [one-jar] Building jar:
/home/hudson/.hudson/jobs/fll-sw-feature-branches/workspace/scoring/build/bin/subjective.jar
13:07:17       [copy] Copying 1 file to
/home/hudson/.hudson/jobs/fll-sw-feature-branches/workspace/scoring/build/bin
13:07:17       [copy] Copying 1 file to
/home/hudson/.hudson/jobs/fll-sw-feature-branches/workspace/scoring/build/bin
13:07:17    [one-jar] Building jar:
/home/hudson/.hudson/jobs/fll-sw-feature-branches/workspace/scoring/build/bin/ImportDocument.jar
13:07:19       [copy] Copying 1 file to
/home/hudson/.hudson/jobs/fll-sw-feature-branches/workspace/scoring/build/bin
13:07:19       [copy] Copying 1 file to
/home/hudson/.hudson/jobs/fll-sw-feature-branches/workspace/scoring/build/bin
13:07:19    [one-jar] Building jar:
/home/hudson/.hudson/jobs/fll-sw-feature-branches/workspace/scoring/build/bin/ExportDocument.jar
13:07:21       [copy] Copying 1 file to
/home/hudson/.hudson/jobs/fll-sw-feature-branches/workspace/scoring/build/bin
13:07:21       [copy] Copying 1 file to
/home/hudson/.hudson/jobs/fll-sw-feature-branches/workspace/scoring/build/bin
13:07:21    [one-jar] Building jar:
/home/hudson/.hudson/jobs/fll-sw-feature-branches/workspace/scoring/build/bin/SchedulerUI.jar
13:07:22       [copy] Copying 1 file to
/home/hudson/.hudson/jobs/fll-sw-feature-branches/workspace/scoring/build/bin
13:07:22       [copy] Copying 1 file to
/home/hudson/.hudson/jobs/fll-sw-feature-branches/workspace/scoring/build/bin
13:07:22    [one-jar] Building jar:
/home/hudson/.hudson/jobs/fll-sw-feature-branches/workspace/scoring/build/bin/GreedySolver.jar
13:07:24       [copy] Copying 1 file to
/home/hudson/.hudson/jobs/fll-sw-feature-branches/workspace/scoring/build/bin
13:07:24       [copy] Copying 1 file to
/home/hudson/.hudson/jobs/fll-sw-feature-branches/workspace/scoring/build/bin
13:07:24    [one-jar] Building jar:
/home/hudson/.hudson/jobs/fll-sw-feature-branches/workspace/scoring/build/bin/TableOptimizer.jar
13:07:26       [copy] Copying 1 file to
/home/hudson/.hudson/jobs/fll-sw-feature-branches/workspace/scoring/build/bin
13:07:26       [copy] Copying 1 file to
/home/hudson/.hudson/jobs/fll-sw-feature-branches/workspace/scoring/build/bin
13:07:26  
13:07:26  compile.test.unit:
13:07:26      [mkdir] Created dir:
/home/hudson/.hudson/jobs/fll-sw-feature-branches/workspace/scoring/build/classes/test
13:07:26       [copy] Copying 43 files to
/home/hudson/.hudson/jobs/fll-sw-feature-branches/workspace/scoring/build/classes/test
13:07:26       [copy] Copied 15 empty directories to 1 empty directory
under
/home/hudson/.hudson/jobs/fll-sw-feature-branches/workspace/scoring/build/classes/test
13:07:26      [javac] Compiling 17 source files to
/home/hudson/.hudson/jobs/fll-sw-feature-branches/workspace/scoring/build/classes/test
13:07:27  
13:07:27  coverage.instr:
13:07:27      [mkdir] Created dir:
/home/hudson/.hudson/jobs/fll-sw-feature-branches/workspace/scoring/build/coverage
13:07:28  [cobertura-instrument] Cobertura 1.9.4.1 - GNU GPL License (NO
WARRANTY) - See COPYRIGHT file
13:07:28  [cobertura-instrument] Instrumenting 197 files
13:07:29  [cobertura-instrument] Cobertura: Saved information on 197
classes.
13:07:29  [cobertura-instrument] Instrument time: 1679ms
13:07:29       [copy] Copying 1 file to
/home/hudson/.hudson/jobs/fll-sw-feature-branches/workspace/scoring/build/coverage
13:07:29  
13:07:29  test.unit:
13:07:30  
13:07:30  savedb:
13:07:30      [mkdir] Created dir:
/home/hudson/.hudson/jobs/fll-sw-feature-branches/workspace/scoring/build/db-save
13:07:30  
13:07:30  install.testdb:
13:07:30       [copy] Copying 2 files to
/home/hudson/.hudson/jobs/fll-sw-feature-branches/workspace/scoring/build/tomcat/webapps/fll-sw/WEB-INF
13:07:30      [mkdir] Created dir:
/home/hudson/.hudson/jobs/fll-sw-feature-branches/workspace/scoring/build/screenshots
13:07:30      [touch] Creating
/home/hudson/.hudson/jobs/fll-sw-feature-branches/workspace/scoring/build/screenshots/dummy.txt
13:07:30      [mkdir] Created dir:
/home/hudson/.hudson/jobs/fll-sw-feature-branches/workspace/scoring/build/test-results
13:07:30      [junit] Testsuite: fll.UtilitiesTest
13:07:31      [junit] Tests run: 1, Failures: 0, Errors: 0, Time
elapsed: 1.15 sec
13:07:31      [junit] 
13:07:31      [junit] Flushing results...
13:07:31      [junit] Flushing results done
13:07:32      [junit] Cobertura: Loaded information on 197 classes.
13:07:32      [junit] Cobertura: Saved information on 197 classes.
13:07:32      [junit] Testsuite: fll.db.GenerateDBTest
13:07:34      [junit] Tests run: 1, Failures: 0, Errors: 0, Time
elapsed: 2.032 sec
13:07:34      [junit] 
13:07:34      [junit] ------------- Standard Output ---------------
13:07:34      [junit] 427 [main] INFO fll.db.GenerateDB - Creating
database connection to database: testdb
13:07:34      [junit] 594 [main] INFO fll.db.GenerateDB - Received
connection: org.hsqldb.jdbc.jdbcConnection@1342ba4
13:07:34      [junit] 1025 [main] INFO fll.db.GenerateDB - Creating
database connection to database: testdb
13:07:34      [junit] 1055 [main] INFO fll.db.GenerateDB - Received
connection: org.hsqldb.jdbc.jdbcConnection@82764b
13:07:34      [junit] ------------- ---------------- ---------------
13:07:34      [junit] Flushing results...
13:07:34      [junit] Flushing results done
13:07:35      [junit] Cobertura: Loaded information on 197 classes.
13:07:35      [junit] Cobertura: Saved information on 197 classes.
13:07:36      [junit] Testsuite: fll.db.ImportDBTest
13:07:42      [junit] Tests run: 2, Failures: 0, Errors: 0, Time
elapsed: 6.062 sec
13:07:42      [junit] 
13:07:42      [junit] ------------- Standard Output ---------------
13:07:42      [junit] 1092 [main] INFO fll.db.GenerateDB - Creating
database connection to database: /tmp/flltest1149292703058129330.tmp
13:07:42      [junit] 1128 [main] INFO fll.db.GenerateDB - Received
connection: org.hsqldb.jdbc.jdbcConnection@7f4ec
13:07:42      [junit] 4226 [main] INFO fll.db.GenerateDB - Creating
database connection to database: /tmp/flltest6279114195277959523.tmp
13:07:42      [junit] 4232 [main] INFO fll.db.GenerateDB - Received
connection: org.hsqldb.jdbc.jdbcConnection@e753
13:07:42      [junit] 5286 [main] INFO fll.db.GenerateDB - Creating
database connection to database: /tmp/flltest6279114195277959523.tmp
13:07:42      [junit] 5296 [main] INFO fll.db.GenerateDB - Received
connection: org.hsqldb.jdbc.jdbcConnection@1ee148b
13:07:42      [junit] ------------- ---------------- ---------------
13:07:42      [junit] Flushing results...
13:07:42      [junit] Flushing results done
13:07:42      [junit] Cobertura: Loaded information on 197 classes.
13:07:43      [junit] Cobertura: Saved information on 197 classes.
13:07:43      [junit] Testsuite: fll.db.TestComputedScores
13:07:46      [junit] Tests run: 1, Failures: 0, Errors: 0, Time
elapsed: 2.714 sec
13:07:46      [junit] 
13:07:46      [junit] ------------- Standard Output ---------------
13:07:46      [junit] 959 [main] INFO fll.db.GenerateDB - Creating
database connection to database: /tmp/flltest251741925410871799.tmp
13:07:46      [junit] 991 [main] INFO fll.db.GenerateDB - Received
connection: org.hsqldb.jdbc.jdbcConnection@13ad33d
13:07:46      [junit] ------------- ---------------- ---------------
13:07:46      [junit] Flushing results...
13:07:46      [junit] Flushing results done
13:07:46      [junit] Cobertura: Loaded information on 197 classes.
13:07:47      [junit] Cobertura: Saved information on 197 classes.
13:07:47      [junit] Testsuite: fll.scheduler.TournamentScheduleTest
13:07:49      [junit] Tests run: 2, Failures: 0, Errors: 0, Time
elapsed: 1.991 sec
13:07:49      [junit] 
13:07:49      [junit] Flushing results...
13:07:49      [junit] Flushing results done
13:07:49      [junit] Cobertura: Loaded information on 197 classes.
13:07:50      [junit] Cobertura: Saved information on 197 classes.
13:07:50      [junit] Testsuite: fll.subjective.SubjectiveCompareTest
13:07:51      [junit] Tests run: 2, Failures: 0, Errors: 0, Time
elapsed: 1.169 sec
13:07:51      [junit] 
13:07:51      [junit] Flushing results...
13:07:51      [junit] Flushing results done
13:07:51      [junit] Cobertura: Loaded information on 197 classes.
13:07:52      [junit] Cobertura: Saved information on 197 classes.
13:07:52      [junit] Testsuite: fll.util.ExcelCellReaderTest
13:07:53      [junit] Tests run: 3, Failures: 0, Errors: 0, Time
elapsed: 1.198 sec
13:07:53      [junit] 
13:07:53      [junit] Flushing results...
13:07:53      [junit] Flushing results done
13:07:53      [junit] Cobertura: Loaded information on 197 classes.
13:07:53      [junit] Cobertura: Saved information on 197 classes.
13:07:54      [junit] Testsuite: fll.util.FPTest
13:07:54      [junit] Tests run: 4, Failures: 0, Errors: 0, Time
elapsed: 0.381 sec
13:07:54      [junit] 
13:07:54      [junit] Flushing results...
13:07:54      [junit] Flushing results done
13:07:54      [junit] Cobertura: Loaded information on 197 classes.
13:07:54      [junit] Cobertura: Saved information on 197 classes.
13:07:55      [junit] Testsuite: fll.util.ScoreTest
13:07:55      [junit] Tests run: 3, Failures: 0, Errors: 0, Time
elapsed: 0.754 sec
13:07:55      [junit] 
13:07:56      [junit] Flushing results...
13:07:56      [junit] Flushing results done
13:07:56      [junit] Cobertura: Loaded information on 197 classes.
13:07:56      [junit] Cobertura: Saved information on 197 classes.
13:07:56      [junit] Testsuite: fll.web.playoff.BracketSortTest
13:07:57      [junit] Tests run: 1, Failures: 0, Errors: 0, Time
elapsed: 1.059 sec
13:07:57      [junit] 
13:07:57      [junit] Flushing results...
13:07:57      [junit] Flushing results done
13:07:58      [junit] Cobertura: Loaded information on 197 classes.
13:07:58      [junit] Cobertura: Saved information on 197 classes.
13:07:58      [junit] Testsuite: fll.web.playoff.JsonBracketDataTests
13:08:00      [junit] Tests run: 2, Failures: 0, Errors: 0, Time
elapsed: 1.554 sec
13:08:00      [junit] 
13:08:00      [junit] Flushing results...
13:08:00      [junit] Flushing results done
13:08:00      [junit] Cobertura: Loaded information on 197 classes.
13:08:00      [junit] Cobertura: Saved information on 197 classes.
13:08:00      [junit] Testsuite: fll.web.scoreEntry.ScoreEntryTest
13:08:01      [junit] Tests run: 1, Failures: 0, Errors: 0, Time
elapsed: 0.855 sec
13:08:01      [junit] 
13:08:01      [junit] Flushing results...
13:08:01      [junit] Flushing results done
13:08:01      [junit] Cobertura: Loaded information on 197 classes.
13:08:01      [junit] Cobertura: Saved information on 197 classes.
13:08:02      [junit] Testsuite: fll.xml.ChallengeParserTest
13:08:03      [junit] Tests run: 20, Failures: 0, Errors: 0, Time
elapsed: 1.489 sec
13:08:03      [junit] 
13:08:03      [junit] Flushing results...
13:08:03      [junit] Flushing results done
13:08:03      [junit] Cobertura: Loaded information on 197 classes.
13:08:04      [junit] Cobertura: Saved information on 197 classes.
13:08:04      [junit] Testsuite: fll.xml.DescriptorComparisonTest
13:08:05      [junit] Tests run: 8, Failures: 0, Errors: 0, Time
elapsed: 1.171 sec
13:08:05      [junit] 
13:08:05      [junit] Flushing results...
13:08:05      [junit] Flushing results done
13:08:05      [junit] Cobertura: Loaded information on 197 classes.
13:08:05      [junit] Cobertura: Saved information on 197 classes.
13:08:06  
13:08:06  restoredb:
13:08:06     [delete] Deleting directory
/home/hudson/.hudson/jobs/fll-sw-feature-branches/workspace/scoring/build/db-save
13:08:06  
13:08:06  compile.test.integration:
13:08:06       [copy] Copying 6 files to
/home/hudson/.hudson/jobs/fll-sw-feature-branches/workspace/scoring/build/classes/test
13:08:06       [copy] Copied 3 empty directories to 2 empty directories
under
/home/hudson/.hudson/jobs/fll-sw-feature-branches/workspace/scoring/build/classes/test
13:08:06      [javac] Compiling 10 source files to
/home/hudson/.hudson/jobs/fll-sw-feature-branches/workspace/scoring/build/classes/test
13:08:06  
13:08:06  test.integration:
13:08:06       [copy] Copying 1 file to
/home/hudson/.hudson/jobs/fll-sw-feature-branches/workspace/scoring/build/tomcat/webapps
13:08:06  
13:08:06  tomcat.start.test:
13:08:07  
13:08:07  selenium.start:
13:08:07  
13:08:07  savedb:
13:08:07      [mkdir] Created dir:
/home/hudson/.hudson/jobs/fll-sw-feature-branches/workspace/scoring/build/db-save
13:08:08  
13:08:08  install.testdb:
13:08:08       [copy] Copying 2 files to
/home/hudson/.hudson/jobs/fll-sw-feature-branches/workspace/scoring/build/tomcat/webapps/fll-sw/WEB-INF
13:08:09      [junit] Testsuite: fll.subjective.SubjectiveFrameTest
13:08:30      [junit] Tests run: 5, Failures: 0, Errors: 0, Time
elapsed: 21.62 sec
13:08:30      [junit] 
13:08:30      [junit] ------------- Standard Output ---------------
13:08:30      [junit] 1122 [main] INFO fll.db.GenerateDB - Creating
database connection to database: /tmp/flltest4659364321507285133.tmp
13:08:30      [junit] 1160 [main] INFO fll.db.GenerateDB - Received
connection: org.hsqldb.jdbc.jdbcConnection@5dd582
13:08:30      [junit] 6849 [main] INFO fll.db.GenerateDB - Creating
database connection to database: /tmp/flltest3424865937645421684.tmp
13:08:30      [junit] 6866 [main] INFO fll.db.GenerateDB - Received
connection: org.hsqldb.jdbc.jdbcConnection@f8395f
13:08:30      [junit] 10318 [main] INFO fll.db.GenerateDB - Creating
database connection to database: /tmp/flltest7047009474887907567.tmp
13:08:30      [junit] 10340 [main] INFO fll.db.GenerateDB - Received
connection: org.hsqldb.jdbc.jdbcConnection@87e704
13:08:30      [junit] 13398 [main] INFO fll.db.GenerateDB - Creating
database connection to database: /tmp/flltest7150529789555874227.tmp
13:08:30      [junit] 13423 [main] INFO fll.db.GenerateDB - Received
connection: org.hsqldb.jdbc.jdbcConnection@4788d5
13:08:30      [junit] 16017 [main] INFO fll.db.GenerateDB - Creating
database connection to database: /tmp/flltest682741154613471774.tmp
13:08:30      [junit] 16037 [main] INFO fll.db.GenerateDB - Received
connection: org.hsqldb.jdbc.jdbcConnection@528780
13:08:30      [junit] ------------- ---------------- ---------------
13:08:30      [junit] ------------- Standard Error -----------------
13:08:30      [junit] Exception in thread "AWT-EventQueue-0"
org.fest.swing.security.ExitException: Application tried to terminate
current JVM with status 0
13:08:30      [junit]   at
org.fest.swing.security.NoExitSecurityManager.checkExit(NoExitSecurityManager.java:84)
13:08:30      [junit]   at java.lang.Runtime.exit(Runtime.java:88)
13:08:30      [junit]   at java.lang.System.exit(System.java:904)
13:08:30      [junit]   at
fll.subjective.SubjectiveFrame.quit(SubjectiveFrame.java:458)
13:08:30      [junit]   at
fll.subjective.SubjectiveFrame$1.actionPerformed(SubjectiveFrame.java:173)
13:08:30      [junit]   at
javax.swing.AbstractButton.fireActionPerformed(AbstractButton.java:1995)
13:08:30      [junit]   at
javax.swing.AbstractButton$Handler.actionPerformed(AbstractButton.java:2318)
13:08:30      [junit]   at
javax.swing.DefaultButtonModel.fireActionPerformed(DefaultButtonModel.java:387)
13:08:30      [junit]   at
javax.swing.DefaultButtonModel.setPressed(DefaultButtonModel.java:242)
13:08:30      [junit]   at
javax.swing.plaf.basic.BasicButtonListener.mouseReleased(BasicButtonListener.java:236)
13:08:30      [junit]   at
java.awt.Component.processMouseEvent(Component.java:6288)
13:08:30      [junit]   at
javax.swing.JComponent.processMouseEvent(JComponent.java:3267)
13:08:30      [junit]   at
java.awt.Component.processEvent(Component.java:6053)
13:08:30      [junit]   at
java.awt.Container.processEvent(Container.java:2041)
13:08:30      [junit]   at
java.awt.Component.dispatchEventImpl(Component.java:4651)
13:08:30      [junit]   at
java.awt.Container.dispatchEventImpl(Container.java:2099)
13:08:30      [junit]   at
java.awt.Component.dispatchEvent(Component.java:4481)
13:08:30      [junit]   at
java.awt.LightweightDispatcher.retargetMouseEvent(Container.java:4577)
13:08:30      [junit]   at
java.awt.LightweightDispatcher.processMouseEvent(Container.java:4238)
13:08:30      [junit]   at
java.awt.LightweightDispatcher.dispatchEvent(Container.java:4168)
13:08:30      [junit]   at
java.awt.Container.dispatchEventImpl(Container.java:2085)
13:08:30      [junit]   at
java.awt.Window.dispatchEventImpl(Window.java:2478)
13:08:30      [junit]   at
java.awt.Component.dispatchEvent(Component.java:4481)
13:08:30      [junit]   at
java.awt.EventQueue.dispatchEventImpl(EventQueue.java:643)
13:08:30      [junit]   at
java.awt.EventQueue.access$000(EventQueue.java:84)
13:08:30      [junit]   at
java.awt.EventQueue$1.run(EventQueue.java:602)
13:08:30      [junit]   at
java.awt.EventQueue$1.run(EventQueue.java:600)
13:08:30      [junit]   at
java.security.AccessController.doPrivileged(Native Method)
13:08:30      [junit]   at
java.security.AccessControlContext$1.doIntersectionPrivilege(AccessControlContext.java:87)
13:08:30      [junit]   at
java.security.AccessControlContext$1.doIntersectionPrivilege(AccessControlContext.java:98)
13:08:30      [junit]   at
java.awt.EventQueue$2.run(EventQueue.java:616)
13:08:30      [junit]   at
java.awt.EventQueue$2.run(EventQueue.java:614)
13:08:30      [junit]   at
java.security.AccessController.doPrivileged(Native Method)
13:08:30      [junit]   at
java.security.AccessControlContext$1.doIntersectionPrivilege(AccessControlContext.java:87)
13:08:30      [junit]   at
java.awt.EventQueue.dispatchEvent(EventQueue.java:613)
13:08:30      [junit]   at
java.awt.EventDispatchThread.pumpOneEventForFilters(EventDispatchThread.java:269)
13:08:30      [junit]   at
java.awt.EventDispatchThread.pumpEventsForFilter(EventDispatchThread.java:184)
13:08:30      [junit]   at
java.awt.EventDispatchThread.pumpEventsForHierarchy(EventDispatchThread.java:174)
13:08:30      [junit]   at
java.awt.EventDispatchThread.pumpEvents(EventDispatchThread.java:169)
13:08:30      [junit]   at
java.awt.EventDispatchThread.pumpEvents(EventDispatchThread.java:161)
13:08:30      [junit]   at
java.awt.EventDispatchThread.run(EventDispatchThread.java:122)
13:08:30      [junit] Exception in thread "AWT-EventQueue-0"
org.fest.swing.security.ExitException: Application tried to terminate
current JVM with status 0
13:08:30      [junit]   at
org.fest.swing.security.NoExitSecurityManager.checkExit(NoExitSecurityManager.java:84)
13:08:30      [junit]   at java.lang.Runtime.exit(Runtime.java:88)
13:08:30      [junit]   at java.lang.System.exit(System.java:904)
13:08:30      [junit]   at
fll.subjective.SubjectiveFrame.quit(SubjectiveFrame.java:458)
13:08:30      [junit]   at
fll.subjective.SubjectiveFrame$1.actionPerformed(SubjectiveFrame.java:173)
13:08:30      [junit]   at
javax.swing.AbstractButton.fireActionPerformed(AbstractButton.java:1995)
13:08:30      [junit]   at
javax.swing.AbstractButton$Handler.actionPerformed(AbstractButton.java:2318)
13:08:30      [junit]   at
javax.swing.DefaultButtonModel.fireActionPerformed(DefaultButtonModel.java:387)
13:08:30      [junit]   at
javax.swing.DefaultButtonModel.setPressed(DefaultButtonModel.java:242)
13:08:30      [junit]   at
javax.swing.plaf.basic.BasicButtonListener.mouseReleased(BasicButtonListener.java:236)
13:08:30      [junit]   at
java.awt.Component.processMouseEvent(Component.java:6288)
13:08:30      [junit]   at
javax.swing.JComponent.processMouseEvent(JComponent.java:3267)
13:08:30      [junit]   at
java.awt.Component.processEvent(Component.java:6053)
13:08:30      [junit]   at
java.awt.Container.processEvent(Container.java:2041)
13:08:30      [junit]   at
java.awt.Component.dispatchEventImpl(Component.java:4651)
13:08:30      [junit]   at
java.awt.Container.dispatchEventImpl(Container.java:2099)
13:08:30      [junit]   at
java.awt.Component.dispatchEvent(Component.java:4481)
13:08:30      [junit]   at
java.awt.LightweightDispatcher.retargetMouseEvent(Container.java:4577)
13:08:30      [junit]   at
java.awt.LightweightDispatcher.processMouseEvent(Container.java:4238)
13:08:30      [junit]   at
java.awt.LightweightDispatcher.dispatchEvent(Container.java:4168)
13:08:30      [junit]   at
java.awt.Container.dispatchEventImpl(Container.java:2085)
13:08:30      [junit]   at
java.awt.Window.dispatchEventImpl(Window.java:2478)
13:08:30      [junit]   at
java.awt.Component.dispatchEvent(Component.java:4481)
13:08:30      [junit]   at
java.awt.EventQueue.dispatchEventImpl(EventQueue.java:643)
13:08:30      [junit]   at
java.awt.EventQueue.access$000(EventQueue.java:84)
13:08:30      [junit]   at
java.awt.EventQueue$1.run(EventQueue.java:602)
13:08:30      [junit]   at
java.awt.EventQueue$1.run(EventQueue.java:600)
13:08:30      [junit]   at
java.security.AccessController.doPrivileged(Native Method)
13:08:30      [junit]   at
java.security.AccessControlContext$1.doIntersectionPrivilege(AccessControlContext.java:87)
13:08:30      [junit]   at
java.security.AccessControlContext$1.doIntersectionPrivilege(AccessControlContext.java:98)
13:08:30      [junit]   at
java.awt.EventQueue$2.run(EventQueue.java:616)
13:08:30      [junit]   at
java.awt.EventQueue$2.run(EventQueue.java:614)
13:08:30      [junit]   at
java.security.AccessController.doPrivileged(Native Method)
13:08:30      [junit]   at
java.security.AccessControlContext$1.doIntersectionPrivilege(AccessControlContext.java:87)
13:08:30      [junit]   at
java.awt.EventQueue.dispatchEvent(EventQueue.java:613)
13:08:30      [junit]   at
java.awt.EventDispatchThread.pumpOneEventForFilters(EventDispatchThread.java:269)
13:08:30      [junit]   at
java.awt.EventDispatchThread.pumpEventsForFilter(EventDispatchThread.java:184)
13:08:30      [junit]   at
java.awt.EventDispatchThread.pumpEventsForHierarchy(EventDispatchThread.java:174)
13:08:30      [junit]   at
java.awt.EventDispatchThread.pumpEvents(EventDispatchThread.java:169)
13:08:30      [junit]   at
java.awt.EventDispatchThread.pumpEvents(EventDispatchThread.java:161)
13:08:30      [junit]   at
java.awt.EventDispatchThread.run(EventDispatchThread.java:122)
13:08:30      [junit] Exception in thread "AWT-EventQueue-0"
org.fest.swing.security.ExitException: Application tried to terminate
current JVM with status 0
13:08:30      [junit]   at
org.fest.swing.security.NoExitSecurityManager.checkExit(NoExitSecurityManager.java:84)
13:08:30      [junit]   at java.lang.Runtime.exit(Runtime.java:88)
13:08:30      [junit]   at java.lang.System.exit(System.java:904)
13:08:30      [junit]   at
fll.subjective.SubjectiveFrame.quit(SubjectiveFrame.java:458)
13:08:30      [junit]   at
fll.subjective.SubjectiveFrame$1.actionPerformed(SubjectiveFrame.java:173)
13:08:30      [junit]   at
javax.swing.AbstractButton.fireActionPerformed(AbstractButton.java:1995)
13:08:30      [junit]   at
javax.swing.AbstractButton$Handler.actionPerformed(AbstractButton.java:2318)
13:08:30      [junit]   at
javax.swing.DefaultButtonModel.fireActionPerformed(DefaultButtonModel.java:387)
13:08:30      [junit]   at
javax.swing.DefaultButtonModel.setPressed(DefaultButtonModel.java:242)
13:08:30      [junit]   at
javax.swing.plaf.basic.BasicButtonListener.mouseReleased(BasicButtonListener.java:236)
13:08:30      [junit]   at
java.awt.Component.processMouseEvent(Component.java:6288)
13:08:30      [junit]   at
javax.swing.JComponent.processMouseEvent(JComponent.java:3267)
13:08:30      [junit]   at
java.awt.Component.processEvent(Component.java:6053)
13:08:30      [junit]   at
java.awt.Container.processEvent(Container.java:2041)
13:08:30      [junit]   at
java.awt.Component.dispatchEventImpl(Component.java:4651)
13:08:30      [junit]   at
java.awt.Container.dispatchEventImpl(Container.java:2099)
13:08:30      [junit]   at
java.awt.Component.dispatchEvent(Component.java:4481)
13:08:30      [junit]   at
java.awt.LightweightDispatcher.retargetMouseEvent(Container.java:4577)
13:08:30      [junit]   at
java.awt.LightweightDispatcher.processMouseEvent(Container.java:4238)
13:08:30      [junit]   at
java.awt.LightweightDispatcher.dispatchEvent(Container.java:4168)
13:08:30      [junit]   at
java.awt.Container.dispatchEventImpl(Container.java:2085)
13:08:30      [junit]   at
java.awt.Window.dispatchEventImpl(Window.java:2478)
13:08:30      [junit]   at
java.awt.Component.dispatchEvent(Component.java:4481)
13:08:30      [junit]   at
java.awt.EventQueue.dispatchEventImpl(EventQueue.java:643)
13:08:30      [junit]   at
java.awt.EventQueue.access$000(EventQueue.java:84)
13:08:30      [junit]   at
java.awt.EventQueue$1.run(EventQueue.java:602)
13:08:30      [junit]   at
java.awt.EventQueue$1.run(EventQueue.java:600)
13:08:30      [junit]   at
java.security.AccessController.doPrivileged(Native Method)
13:08:30      [junit]   at
java.security.AccessControlContext$1.doIntersectionPrivilege(AccessControlContext.java:87)
13:08:30      [junit]   at
java.security.AccessControlContext$1.doIntersectionPrivilege(AccessControlContext.java:98)
13:08:30      [junit]   at
java.awt.EventQueue$2.run(EventQueue.java:616)
13:08:30      [junit]   at
java.awt.EventQueue$2.run(EventQueue.java:614)
13:08:30      [junit]   at
java.security.AccessController.doPrivileged(Native Method)
13:08:30      [junit]   at
java.security.AccessControlContext$1.doIntersectionPrivilege(AccessControlContext.java:87)
13:08:30      [junit]   at
java.awt.EventQueue.dispatchEvent(EventQueue.java:613)
13:08:30      [junit]   at
java.awt.EventDispatchThread.pumpOneEventForFilters(EventDispatchThread.java:269)
13:08:30      [junit]   at
java.awt.EventDispatchThread.pumpEventsForFilter(EventDispatchThread.java:184)
13:08:30      [junit]   at
java.awt.EventDispatchThread.pumpEventsForHierarchy(EventDispatchThread.java:174)
13:08:30      [junit]   at
java.awt.EventDispatchThread.pumpEvents(EventDispatchThread.java:169)
13:08:30      [junit]   at
java.awt.EventDispatchThread.pumpEvents(EventDispatchThread.java:161)
13:08:30      [junit]   at
java.awt.EventDispatchThread.run(EventDispatchThread.java:122)
13:08:30      [junit] Exception in thread "AWT-EventQueue-0"
org.fest.swing.security.ExitException: Application tried to terminate
current JVM with status 0
13:08:30      [junit]   at
org.fest.swing.security.NoExitSecurityManager.checkExit(NoExitSecurityManager.java:84)
13:08:30      [junit]   at java.lang.Runtime.exit(Runtime.java:88)
13:08:30      [junit]   at java.lang.System.exit(System.java:904)
13:08:30      [junit]   at
fll.subjective.SubjectiveFrame.quit(SubjectiveFrame.java:458)
13:08:30      [junit]   at
fll.subjective.SubjectiveFrame$1.actionPerformed(SubjectiveFrame.java:173)
13:08:30      [junit]   at
javax.swing.AbstractButton.fireActionPerformed(AbstractButton.java:1995)
13:08:30      [junit]   at
javax.swing.AbstractButton$Handler.actionPerformed(AbstractButton.java:2318)
13:08:30      [junit]   at
javax.swing.DefaultButtonModel.fireActionPerformed(DefaultButtonModel.java:387)
13:08:30      [junit]   at
javax.swing.DefaultButtonModel.setPressed(DefaultButtonModel.java:242)
13:08:30      [junit]   at
javax.swing.plaf.basic.BasicButtonListener.mouseReleased(BasicButtonListener.java:236)
13:08:30      [junit]   at
java.awt.Component.processMouseEvent(Component.java:6288)
13:08:30      [junit]   at
javax.swing.JComponent.processMouseEvent(JComponent.java:3267)
13:08:30      [junit]   at
java.awt.Component.processEvent(Component.java:6053)
13:08:30      [junit]   at
java.awt.Container.processEvent(Container.java:2041)
13:08:30      [junit]   at
java.awt.Component.dispatchEventImpl(Component.java:4651)
13:08:30      [junit]   at
java.awt.Container.dispatchEventImpl(Container.java:2099)
13:08:30      [junit]   at
java.awt.Component.dispatchEvent(Component.java:4481)
13:08:30      [junit]   at
java.awt.LightweightDispatcher.retargetMouseEvent(Container.java:4577)
13:08:30      [junit]   at
java.awt.LightweightDispatcher.processMouseEvent(Container.java:4238)
13:08:30      [junit]   at
java.awt.LightweightDispatcher.dispatchEvent(Container.java:4168)
13:08:30      [junit]   at
java.awt.Container.dispatchEventImpl(Container.java:2085)
13:08:30      [junit]   at
java.awt.Window.dispatchEventImpl(Window.java:2478)
13:08:30      [junit]   at
java.awt.Component.dispatchEvent(Component.java:4481)
13:08:30      [junit]   at
java.awt.EventQueue.dispatchEventImpl(EventQueue.java:643)
13:08:30      [junit]   at
java.awt.EventQueue.access$000(EventQueue.java:84)
13:08:30      [junit]   at
java.awt.EventQueue$1.run(EventQueue.java:602)
13:08:30      [junit]   at
java.awt.EventQueue$1.run(EventQueue.java:600)
13:08:30      [junit]   at
java.security.AccessController.doPrivileged(Native Method)
13:08:30      [junit]   at
java.security.AccessControlContext$1.doIntersectionPrivilege(AccessControlContext.java:87)
13:08:30      [junit]   at
java.security.AccessControlContext$1.doIntersectionPrivilege(AccessControlContext.java:98)
13:08:30      [junit]   at
java.awt.EventQueue$2.run(EventQueue.java:616)
13:08:30      [junit]   at
java.awt.EventQueue$2.run(EventQueue.java:614)
13:08:30      [junit]   at
java.security.AccessController.doPrivileged(Native Method)
13:08:30      [junit]   at
java.security.AccessControlContext$1.doIntersectionPrivilege(AccessControlContext.java:87)
13:08:30      [junit]   at
java.awt.EventQueue.dispatchEvent(EventQueue.java:613)
13:08:30      [junit]   at
java.awt.EventDispatchThread.pumpOneEventForFilters(EventDispatchThread.java:269)
13:08:30      [junit]   at
java.awt.EventDispatchThread.pumpEventsForFilter(EventDispatchThread.java:184)
13:08:30      [junit]   at
java.awt.EventDispatchThread.pumpEventsForHierarchy(EventDispatchThread.java:174)
13:08:30      [junit]   at
java.awt.EventDispatchThread.pumpEvents(EventDispatchThread.java:169)
13:08:30      [junit]   at
java.awt.EventDispatchThread.pumpEvents(EventDispatchThread.java:161)
13:08:30      [junit]   at
java.awt.EventDispatchThread.run(EventDispatchThread.java:122)
13:08:30      [junit] Exception in thread "AWT-EventQueue-0"
org.fest.swing.security.ExitException: Application tried to terminate
current JVM with status 0
13:08:30      [junit]   at
org.fest.swing.security.NoExitSecurityManager.checkExit(NoExitSecurityManager.java:84)
13:08:30      [junit]   at java.lang.Runtime.exit(Runtime.java:88)
13:08:30      [junit]   at java.lang.System.exit(System.java:904)
13:08:30      [junit]   at
fll.subjective.SubjectiveFrame.quit(SubjectiveFrame.java:458)
13:08:30      [junit]   at
fll.subjective.SubjectiveFrame$1.actionPerformed(SubjectiveFrame.java:173)
13:08:30      [junit]   at
javax.swing.AbstractButton.fireActionPerformed(AbstractButton.java:1995)
13:08:30      [junit]   at
javax.swing.AbstractButton$Handler.actionPerformed(AbstractButton.java:2318)
13:08:30      [junit]   at
javax.swing.DefaultButtonModel.fireActionPerformed(DefaultButtonModel.java:387)
13:08:30      [junit]   at
javax.swing.DefaultButtonModel.setPressed(DefaultButtonModel.java:242)
13:08:30      [junit]   at
javax.swing.plaf.basic.BasicButtonListener.mouseReleased(BasicButtonListener.java:236)
13:08:30      [junit]   at
java.awt.Component.processMouseEvent(Component.java:6288)
13:08:30      [junit]   at
javax.swing.JComponent.processMouseEvent(JComponent.java:3267)
13:08:30      [junit]   at
java.awt.Component.processEvent(Component.java:6053)
13:08:30      [junit]   at
java.awt.Container.processEvent(Container.java:2041)
13:08:30      [junit]   at
java.awt.Component.dispatchEventImpl(Component.java:4651)
13:08:30      [junit]   at
java.awt.Container.dispatchEventImpl(Container.java:2099)
13:08:30      [junit]   at
java.awt.Component.dispatchEvent(Component.java:4481)
13:08:30      [junit]   at
java.awt.LightweightDispatcher.retargetMouseEvent(Container.java:4577)
13:08:30      [junit]   at
java.awt.LightweightDispatcher.processMouseEvent(Container.java:4238)
13:08:30      [junit]   at
java.awt.LightweightDispatcher.dispatchEvent(Container.java:4168)
13:08:30      [junit]   at
java.awt.Container.dispatchEventImpl(Container.java:2085)
13:08:30      [junit]   at
java.awt.Window.dispatchEventImpl(Window.java:2478)
13:08:30      [junit]   at
java.awt.Component.dispatchEvent(Component.java:4481)
13:08:30      [junit]   at
java.awt.EventQueue.dispatchEventImpl(EventQueue.java:643)
13:08:30      [junit]   at
java.awt.EventQueue.access$000(EventQueue.java:84)
13:08:30      [junit]   at
java.awt.EventQueue$1.run(EventQueue.java:602)
13:08:30      [junit]   at
java.awt.EventQueue$1.run(EventQueue.java:600)
13:08:30      [junit]   at
java.security.AccessController.doPrivileged(Native Method)
13:08:30      [junit]   at
java.security.AccessControlContext$1.doIntersectionPrivilege(AccessControlContext.java:87)
13:08:30      [junit]   at
java.security.AccessControlContext$1.doIntersectionPrivilege(AccessControlContext.java:98)
13:08:30      [junit]   at
java.awt.EventQueue$2.run(EventQueue.java:616)
13:08:30      [junit]   at
java.awt.EventQueue$2.run(EventQueue.java:614)
13:08:30      [junit]   at
java.security.AccessController.doPrivileged(Native Method)
13:08:30      [junit]   at
java.security.AccessControlContext$1.doIntersectionPrivilege(AccessControlContext.java:87)
13:08:30      [junit]   at
java.awt.EventQueue.dispatchEvent(EventQueue.java:613)
13:08:30      [junit]   at
java.awt.EventDispatchThread.pumpOneEventForFilters(EventDispatchThread.java:269)
13:08:30      [junit]   at
java.awt.EventDispatchThread.pumpEventsForFilter(EventDispatchThread.java:184)
13:08:30      [junit]   at
java.awt.EventDispatchThread.pumpEventsForHierarchy(EventDispatchThread.java:174)
13:08:30      [junit]   at
java.awt.EventDispatchThread.pumpEvents(EventDispatchThread.java:169)
13:08:30      [junit]   at
java.awt.EventDispatchThread.pumpEvents(EventDispatchThread.java:161)
13:08:30      [junit]   at
java.awt.EventDispatchThread.run(EventDispatchThread.java:122)
13:08:30      [junit] ------------- ---------------- ---------------
13:08:30      [junit] Flushing results...
13:08:30      [junit] Flushing results done
13:08:31      [junit] Cobertura: Loaded information on 197 classes.
13:08:31      [junit] Cobertura: Saved information on 197 classes.
13:08:31      [junit] Testsuite: fll.web.FullTournamentTest
13:13:25      [junit] Tests run: 1, Failures: 0, Errors: 0, Time
elapsed: 293.614 sec
13:13:25      [junit] 
13:13:25      [junit] ------------- Standard Output ---------------
13:13:25      [junit] 29480 [main] INFO fll.web.FullTournamentTest -
Setting score for 353 run: 1
13:13:25      [junit] 32235 [main] INFO fll.web.FullTournamentTest -
Verify score for 353 run: 1
13:13:25      [junit] 33561 [main] INFO fll.web.FullTournamentTest -
Setting score for 2043 run: 1
13:13:25      [junit] 35291 [main] INFO fll.web.FullTournamentTest -
Verify score for 2043 run: 1
13:13:25      [junit] 36541 [main] INFO fll.web.FullTournamentTest -
Setting score for 2104 run: 1
13:13:25      [junit] 37936 [main] INFO fll.web.FullTournamentTest -
Verify score for 2104 run: 1
13:13:25      [junit] 39470 [main] INFO fll.web.FullTournamentTest -
Setting score for 2110 run: 1
13:13:25      [junit] 40933 [main] INFO fll.web.FullTournamentTest -
Verify score for 2110 run: 1
13:13:25      [junit] 42523 [main] INFO fll.web.FullTournamentTest -
Setting score for 2113 run: 1
13:13:25      [junit] 44697 [main] INFO fll.web.FullTournamentTest -
Verify score for 2113 run: 1
13:13:25      [junit] 46301 [main] INFO fll.web.FullTournamentTest -
Setting score for 2116 run: 1
13:13:25      [junit] 47943 [main] INFO fll.web.FullTournamentTest -
Verify score for 2116 run: 1
13:13:25      [junit] 49569 [main] INFO fll.web.FullTournamentTest -
Setting score for 2636 run: 1
13:13:25      [junit] 51240 [main] INFO fll.web.FullTournamentTest -
Verify score for 2636 run: 1
13:13:25      [junit] 52646 [main] INFO fll.web.FullTournamentTest -
Setting score for 2863 run: 1
13:13:25      [junit] 54546 [main] INFO fll.web.FullTournamentTest -
Verify score for 2863 run: 1
13:13:25      [junit] 55791 [main] INFO fll.web.FullTournamentTest -
Setting score for 3061 run: 1
13:13:25      [junit] 58010 [main] INFO fll.web.FullTournamentTest -
Verify score for 3061 run: 1
13:13:25      [junit] 59403 [main] INFO fll.web.FullTournamentTest -
Setting score for 3063 run: 1
13:13:25      [junit] 61284 [main] INFO fll.web.FullTournamentTest -
Verify score for 3063 run: 1
13:13:25      [junit] 62562 [main] INFO fll.web.FullTournamentTest -
Setting score for 3125 run: 1
13:13:25      [junit] 64199 [main] INFO fll.web.FullTournamentTest -
Verify score for 3125 run: 1
13:13:25      [junit] 65672 [main] INFO fll.web.FullTournamentTest -
Setting score for 3127 run: 1
13:13:25      [junit] 66882 [main] INFO fll.web.FullTournamentTest -
Verify score for 3127 run: 1
13:13:25      [junit] 69302 [main] INFO fll.web.FullTournamentTest -
Setting score for 3129 run: 1
13:13:25      [junit] 70936 [main] INFO fll.web.FullTournamentTest -
Verify score for 3129 run: 1
13:13:25      [junit] 72501 [main] INFO fll.web.FullTournamentTest -
Setting score for 3208 run: 1
13:13:25      [junit] 74238 [main] INFO fll.web.FullTournamentTest -
Verify score for 3208 run: 1
13:13:25      [junit] 75747 [main] INFO fll.web.FullTournamentTest -
Setting score for 3439 run: 1
13:13:25      [junit] 77538 [main] INFO fll.web.FullTournamentTest -
Verify score for 3439 run: 1
13:13:25      [junit] 78724 [main] INFO fll.web.FullTournamentTest -
Setting score for 4462 run: 1
13:13:25      [junit] 80342 [main] INFO fll.web.FullTournamentTest -
Verify score for 4462 run: 1
13:13:25      [junit] 81867 [main] INFO fll.web.FullTournamentTest -
Setting score for 353 run: 2
13:13:25      [junit] 83331 [main] INFO fll.web.FullTournamentTest -
Verify score for 353 run: 2
13:13:25      [junit] 84813 [main] INFO fll.web.FullTournamentTest -
Setting score for 2043 run: 2
13:13:25      [junit] 86523 [main] INFO fll.web.FullTournamentTest -
Verify score for 2043 run: 2
13:13:25      [junit] 87933 [main] INFO fll.web.FullTournamentTest -
Setting score for 2104 run: 2
13:13:25      [junit] 89565 [main] INFO fll.web.FullTournamentTest -
Verify score for 2104 run: 2
13:13:25      [junit] 91471 [main] INFO fll.web.FullTournamentTest -
Setting score for 2110 run: 2
13:13:25      [junit] 93251 [main] INFO fll.web.FullTournamentTest -
Verify score for 2110 run: 2
13:13:25      [junit] 94662 [main] INFO fll.web.FullTournamentTest -
Setting score for 2113 run: 2
13:13:25      [junit] 96277 [main] INFO fll.web.FullTournamentTest -
Verify score for 2113 run: 2
13:13:25      [junit] 97692 [main] INFO fll.web.FullTournamentTest -
Setting score for 2116 run: 2
13:13:25      [junit] 99298 [main] INFO fll.web.FullTournamentTest -
Verify score for 2116 run: 2
13:13:25      [junit] 100609 [main] INFO fll.web.FullTournamentTest -
Setting score for 2636 run: 2
13:13:25      [junit] 102379 [main] INFO fll.web.FullTournamentTest -
Verify score for 2636 run: 2
13:13:25      [junit] 103667 [main] INFO fll.web.FullTournamentTest -
Setting score for 2863 run: 2
13:13:25      [junit] 105850 [main] INFO fll.web.FullTournamentTest -
Verify score for 2863 run: 2
13:13:25      [junit] 107161 [main] INFO fll.web.FullTournamentTest -
Setting score for 3061 run: 2
13:13:25      [junit] 108937 [main] INFO fll.web.FullTournamentTest -
Verify score for 3061 run: 2
13:13:25      [junit] 110356 [main] INFO fll.web.FullTournamentTest -
Setting score for 3063 run: 2
13:13:25      [junit] 111988 [main] INFO fll.web.FullTournamentTest -
Verify score for 3063 run: 2
13:13:25      [junit] 113442 [main] INFO fll.web.FullTournamentTest -
Setting score for 3125 run: 2
13:13:25      [junit] 115058 [main] INFO fll.web.FullTournamentTest -
Verify score for 3125 run: 2
13:13:25      [junit] 116318 [main] INFO fll.web.FullTournamentTest -
Setting score for 3127 run: 2
13:13:25      [junit] 118383 [main] INFO fll.web.FullTournamentTest -
Verify score for 3127 run: 2
13:13:25      [junit] 120054 [main] INFO fll.web.FullTournamentTest -
Setting score for 3129 run: 2
13:13:25      [junit] 121704 [main] INFO fll.web.FullTournamentTest -
Verify score for 3129 run: 2
13:13:25      [junit] 123084 [main] INFO fll.web.FullTournamentTest -
Setting score for 3208 run: 2
13:13:25      [junit] 124925 [main] INFO fll.web.FullTournamentTest -
Verify score for 3208 run: 2
13:13:25      [junit] 126236 [main] INFO fll.web.FullTournamentTest -
Setting score for 3439 run: 2
13:13:25      [junit] 127953 [main] INFO fll.web.FullTournamentTest -
Verify score for 3439 run: 2
13:13:25      [junit] 129573 [main] INFO fll.web.FullTournamentTest -
Setting score for 4462 run: 2
13:13:25      [junit] 131506 [main] INFO fll.web.FullTournamentTest -
Verify score for 4462 run: 2
13:13:25      [junit] 132998 [main] INFO fll.web.FullTournamentTest -
Setting score for 353 run: 3
13:13:25      [junit] 134689 [main] INFO fll.web.FullTournamentTest -
Verify score for 353 run: 3
13:13:25      [junit] 135972 [main] INFO fll.web.FullTournamentTest -
Setting score for 2043 run: 3
13:13:25      [junit] 137868 [main] INFO fll.web.FullTournamentTest -
Verify score for 2043 run: 3
13:13:25      [junit] 139353 [main] INFO fll.web.FullTournamentTest -
Setting score for 2104 run: 3
13:13:25      [junit] 140684 [main] INFO fll.web.FullTournamentTest -
Verify score for 2104 run: 3
13:13:25      [junit] 142283 [main] INFO fll.web.FullTournamentTest -
Setting score for 2110 run: 3
13:13:25      [junit] 144408 [main] INFO fll.web.FullTournamentTest -
Verify score for 2110 run: 3
13:13:25      [junit] 145979 [main] INFO fll.web.FullTournamentTest -
Setting score for 2113 run: 3
13:13:25      [junit] 147315 [main] INFO fll.web.FullTournamentTest -
Verify score for 2113 run: 3
13:13:25      [junit] 149001 [main] INFO fll.web.FullTournamentTest -
Setting score for 2116 run: 3
13:13:25      [junit] 150781 [main] INFO fll.web.FullTournamentTest -
Verify score for 2116 run: 3
13:13:25      [junit] 152105 [main] INFO fll.web.FullTournamentTest -
Setting score for 2636 run: 3
13:13:25      [junit] 153936 [main] INFO fll.web.FullTournamentTest -
Verify score for 2636 run: 3
13:13:25      [junit] 155292 [main] INFO fll.web.FullTournamentTest -
Setting score for 2863 run: 3
13:13:25      [junit] 156691 [main] INFO fll.web.FullTournamentTest -
Verify score for 2863 run: 3
13:13:25      [junit] 158259 [main] INFO fll.web.FullTournamentTest -
Setting score for 3061 run: 3
13:13:25      [junit] 160095 [main] INFO fll.web.FullTournamentTest -
Verify score for 3061 run: 3
13:13:25      [junit] 161635 [main] INFO fll.web.FullTournamentTest -
Setting score for 3063 run: 3
13:13:25      [junit] 163431 [main] INFO fll.web.FullTournamentTest -
Verify score for 3063 run: 3
13:13:25      [junit] 165559 [main] INFO fll.web.FullTournamentTest -
Setting score for 3125 run: 3
13:13:25      [junit] 167188 [main] INFO fll.web.FullTournamentTest -
Verify score for 3125 run: 3
13:13:25      [junit] 168821 [main] INFO fll.web.FullTournamentTest -
Setting score for 3127 run: 3
13:13:25      [junit] 170219 [main] INFO fll.web.FullTournamentTest -
Verify score for 3127 run: 3
13:13:25      [junit] 171753 [main] INFO fll.web.FullTournamentTest -
Setting score for 3129 run: 3
13:13:25      [junit] 173464 [main] INFO fll.web.FullTournamentTest -
Verify score for 3129 run: 3
13:13:25      [junit] 174808 [main] INFO fll.web.FullTournamentTest -
Setting score for 3208 run: 3
13:13:25      [junit] 176736 [main] INFO fll.web.FullTournamentTest -
Verify score for 3208 run: 3
13:13:25      [junit] 178049 [main] INFO fll.web.FullTournamentTest -
Setting score for 3439 run: 3
13:13:25      [junit] 179674 [main] INFO fll.web.FullTournamentTest -
Verify score for 3439 run: 3
13:13:25      [junit] 181253 [main] INFO fll.web.FullTournamentTest -
Setting score for 4462 run: 3
13:13:25      [junit] 183476 [main] INFO fll.web.FullTournamentTest -
Verify score for 4462 run: 3
13:13:25      [junit] 187713 [main] INFO fll.web.FullTournamentTest -
Setting score for 353 run: 4
13:13:25      [junit] 189416 [main] INFO fll.web.FullTournamentTest -
Verify score for 353 run: 4
13:13:25      [junit] 190735 [main] INFO fll.web.FullTournamentTest -
Setting score for 2043 run: 4
13:13:25      [junit] 192374 [main] INFO fll.web.FullTournamentTest -
Verify score for 2043 run: 4
13:13:25      [junit] 193897 [main] INFO fll.web.FullTournamentTest -
Setting score for 2104 run: 4
13:13:25      [junit] 195234 [main] INFO fll.web.FullTournamentTest -
Verify score for 2104 run: 4
13:13:25      [junit] 196736 [main] INFO fll.web.FullTournamentTest -
Setting score for 2110 run: 4
13:13:25      [junit] 199242 [main] INFO fll.web.FullTournamentTest -
Verify score for 2110 run: 4
13:13:25      [junit] 201201 [main] INFO fll.web.FullTournamentTest -
Setting score for 2113 run: 4
13:13:25      [junit] 203650 [main] INFO fll.web.FullTournamentTest -
Verify score for 2113 run: 4
13:13:25      [junit] 205634 [main] INFO fll.web.FullTournamentTest -
Setting score for 2116 run: 4
13:13:25      [junit] 207175 [main] INFO fll.web.FullTournamentTest -
Verify score for 2116 run: 4
13:13:25      [junit] 208576 [main] INFO fll.web.FullTournamentTest -
Setting score for 2636 run: 4
13:13:25      [junit] 210464 [main] INFO fll.web.FullTournamentTest -
Verify score for 2636 run: 4
13:13:25      [junit] 211979 [main] INFO fll.web.FullTournamentTest -
Setting score for 2863 run: 4
13:13:25      [junit] 213678 [main] INFO fll.web.FullTournamentTest -
Verify score for 2863 run: 4
13:13:25      [junit] 215230 [main] INFO fll.web.FullTournamentTest -
Setting score for 3061 run: 4
13:13:25      [junit] 216944 [main] INFO fll.web.FullTournamentTest -
Verify score for 3061 run: 4
13:13:25      [junit] 218591 [main] INFO fll.web.FullTournamentTest -
Setting score for 3063 run: 4
13:13:25      [junit] 219994 [main] INFO fll.web.FullTournamentTest -
Verify score for 3063 run: 4
13:13:25      [junit] 221429 [main] INFO fll.web.FullTournamentTest -
Setting score for 3125 run: 4
13:13:25      [junit] 222899 [main] INFO fll.web.FullTournamentTest -
Verify score for 3125 run: 4
13:13:25      [junit] 224219 [main] INFO fll.web.FullTournamentTest -
Setting score for 3127 run: 4
13:13:25      [junit] 225931 [main] INFO fll.web.FullTournamentTest -
Verify score for 3127 run: 4
13:13:25      [junit] 227401 [main] INFO fll.web.FullTournamentTest -
Setting score for 3129 run: 4
13:13:25      [junit] 228772 [main] INFO fll.web.FullTournamentTest -
Verify score for 3129 run: 4
13:13:25      [junit] 230387 [main] INFO fll.web.FullTournamentTest -
Setting score for 3208 run: 4
13:13:25      [junit] 232187 [main] INFO fll.web.FullTournamentTest -
Verify score for 3208 run: 4
13:13:25      [junit] 233459 [main] INFO fll.web.FullTournamentTest -
Setting score for 3439 run: 4
13:13:25      [junit] 235056 [main] INFO fll.web.FullTournamentTest -
Verify score for 3439 run: 4
13:13:25      [junit] 236336 [main] INFO fll.web.FullTournamentTest -
Setting score for 4462 run: 4
13:13:25      [junit] 238226 [main] INFO fll.web.FullTournamentTest -
Verify score for 4462 run: 4
13:13:25      [junit] 242064 [main] INFO fll.web.FullTournamentTest -
Succssfully printed scoresheets round: 4 division: DivI/Gr4-6
13:13:25      [junit] 243130 [main] INFO fll.web.FullTournamentTest -
Succssfully printed scoresheets round: 4 division: DivII/Gr7-9
13:13:25      [junit] 243130 [main] INFO fll.web.FullTournamentTest -
Setting score for 353 run: 5
13:13:25      [junit] 244907 [main] INFO fll.web.FullTournamentTest -
Verify score for 353 run: 5
13:13:25      [junit] 246320 [main] INFO fll.web.FullTournamentTest -
Setting score for 2636 run: 5
13:13:25      [junit] 248471 [main] INFO fll.web.FullTournamentTest -
Verify score for 2636 run: 5
13:13:25      [junit] 250070 [main] INFO fll.web.FullTournamentTest -
Setting score for 3061 run: 5
13:13:25      [junit] 251876 [main] INFO fll.web.FullTournamentTest -
Verify score for 3061 run: 5
13:13:25      [junit] 253264 [main] INFO fll.web.FullTournamentTest -
Setting score for 3063 run: 5
13:13:25      [junit] 254858 [main] INFO fll.web.FullTournamentTest -
Verify score for 3063 run: 5
13:13:25      [junit] 256008 [main] INFO fll.web.FullTournamentTest -
Setting score for 3125 run: 5
13:13:25      [junit] 257775 [main] INFO fll.web.FullTournamentTest -
Verify score for 3125 run: 5
13:13:25      [junit] 259071 [main] INFO fll.web.FullTournamentTest -
Setting score for 3127 run: 5
13:13:25      [junit] 260639 [main] INFO fll.web.FullTournamentTest -
Verify score for 3127 run: 5
13:13:25      [junit] 262000 [main] INFO fll.web.FullTournamentTest -
Setting score for 3208 run: 5
13:13:25      [junit] 263973 [main] INFO fll.web.FullTournamentTest -
Verify score for 3208 run: 5
13:13:25      [junit] 265221 [main] INFO fll.web.FullTournamentTest -
Setting score for 3439 run: 5
13:13:25      [junit] 266917 [main] INFO fll.web.FullTournamentTest -
Verify score for 3439 run: 5
13:13:25      [junit] 269475 [main] INFO fll.web.FullTournamentTest -
Succssfully printed scoresheets round: 5 division: DivI/Gr4-6
13:13:25      [junit] 270352 [main] INFO fll.web.FullTournamentTest -
Succssfully printed scoresheets round: 5 division: DivII/Gr7-9
13:13:25      [junit] 270352 [main] INFO fll.web.FullTournamentTest -
Setting score for 3061 run: 6
13:13:25      [junit] 272020 [main] INFO fll.web.FullTournamentTest -
Verify score for 3061 run: 6
13:13:25      [junit] 273357 [main] INFO fll.web.FullTournamentTest -
Setting score for 3127 run: 6
13:13:25      [junit] 275134 [main] INFO fll.web.FullTournamentTest -
Verify score for 3127 run: 6
13:13:25      [junit] 276454 [main] INFO fll.web.FullTournamentTest -
Setting score for 3208 run: 6
13:13:25      [junit] 278746 [main] INFO fll.web.FullTournamentTest -
Verify score for 3208 run: 6
13:13:25      [junit] 280428 [main] INFO fll.web.FullTournamentTest -
Setting score for 3439 run: 6
13:13:25      [junit] 282105 [main] INFO fll.web.FullTournamentTest -
Verify score for 3439 run: 6
13:13:25      [junit] ------------- ---------------- ---------------
13:13:25      [junit] Flushing results...
13:13:25      [junit] Flushing results done
13:13:26      [junit] Cobertura: Loaded information on 197 classes.
13:13:26      [junit] Cobertura: Saved information on 197 classes.
13:13:27      [junit] Testsuite: fll.web.InitializeDatabaseTest
13:13:37      [junit] Tests run: 1, Failures: 0, Errors: 0, Time
elapsed: 9.339 sec
13:13:37      [junit] 
13:13:37      [junit] Flushing results...
13:13:37      [junit] Flushing results done
13:13:37      [junit] Cobertura: Loaded information on 197 classes.
13:13:37      [junit] Cobertura: Saved information on 197 classes.
13:13:38      [junit] Testsuite: fll.web.WebTest
13:15:23      [junit] Tests run: 2, Failures: 0, Errors: 0, Time
elapsed: 104.978 sec
13:15:23      [junit] 
13:15:23      [junit] ------------- Standard Output ---------------
13:15:23      [junit] 5788 [main] INFO fll.web.WebTest - Testing page ##
13:15:23      [junit] 11268 [main] INFO fll.web.WebTest - Testing page
#display.jsp#
13:15:23      [junit] 15833 [main] INFO fll.web.WebTest - Testing page
#index.jsp#
13:15:23      [junit] 20861 [main] INFO fll.web.WebTest - Testing page
#welcome.jsp#
13:15:23      [junit] 24400 [main] INFO fll.web.WebTest - Testing page
#admin#
13:15:23      [junit] 27662 [main] INFO fll.web.WebTest - Testing page
#admin/index.jsp#
13:15:23      [junit] 30879 [main] INFO fll.web.WebTest - Testing page
#admin/edit_event_division.jsp#
13:15:23      [junit] 34957 [main] INFO fll.web.WebTest - Testing page
#admin/tournaments.jsp#
13:15:23      [junit] 38525 [main] INFO fll.web.WebTest - Testing page
#admin/judges.jsp#
13:15:23      [junit] 42633 [main] INFO fll.web.WebTest - Testing page
#admin/tables.jsp#
13:15:23      [junit] 45784 [main] INFO fll.web.WebTest - Testing page
#admin/select_team.jsp#
13:15:23      [junit] 49167 [main] INFO fll.web.WebTest - Testing page
#admin/remoteControl.jsp#
13:15:23      [junit] 54941 [main] INFO fll.web.WebTest - Testing page
#credits/credits.jsp#
13:15:23      [junit] 58645 [main] INFO fll.web.WebTest - Testing page
#developer/index.jsp#
13:15:23      [junit] 62406 [main] INFO fll.web.WebTest - Testing page
#developer/query.jsp#
13:15:23      [junit] 66731 [main] INFO fll.web.WebTest - Testing page
#playoff/index.jsp#
13:15:23      [junit] 70333 [main] INFO fll.web.WebTest - Testing page
#playoff/check.jsp?division=__all__#
13:15:23      [junit] 74013 [main] INFO fll.web.WebTest - Testing page
#report/index.jsp#
13:15:23      [junit] 77704 [main] INFO fll.web.WebTest - Testing page
#scoreEntry/select_team.jsp#
13:15:23      [junit] 81043 [main] INFO fll.web.WebTest - Testing page
#setup/index.jsp#
13:15:23      [junit] 85258 [main] INFO fll.web.WebTest - Testing page
#style/style.jsp#
13:15:23      [junit] 88633 [main] INFO fll.web.WebTest - Testing page
#troubleshooting/index.jsp#
13:15:23      [junit] ------------- ---------------- ---------------
13:15:23      [junit] Flushing results...
13:15:23      [junit] Flushing results done
13:15:23      [junit] Cobertura: Loaded information on 197 classes.
13:15:24      [junit] Cobertura: Saved information on 197 classes.
13:15:25      [junit] Testsuite: fll.web.admin.EditTournamentsTest
13:15:35      [junit] Tests run: 1, Failures: 0, Errors: 0, Time
elapsed: 10.316 sec
13:15:35      [junit] 
13:15:35      [junit] Flushing results...
13:15:35      [junit] Flushing results done
13:15:35      [junit] Cobertura: Loaded information on 197 classes.
13:15:36      [junit] Cobertura: Saved information on 197 classes.
13:15:36      [junit] Testsuite: fll.web.playoff.TestAJAXBrackets
13:16:05      [junit] Tests run: 1, Failures: 0, Errors: 0, Time
elapsed: 28.963 sec
13:16:05      [junit] 
13:16:05      [junit] Flushing results...
13:16:05      [junit] Flushing results done
13:16:05      [junit] Cobertura: Loaded information on 197 classes.
13:16:06      [junit] Cobertura: Saved information on 197 classes.
13:16:07      [junit] Testsuite: fll.web.playoff.TestPlayoffs
13:16:42      [junit] Tests run: 1, Failures: 0, Errors: 0, Time
elapsed: 35.198 sec
13:16:42      [junit] 
13:16:42      [junit] Flushing results...
13:16:42      [junit] Flushing results done
13:16:43      [junit] Cobertura: Loaded information on 197 classes.
13:16:46      [junit] Cobertura: Saved information on 197 classes.
13:16:47      [junit] Testsuite: fll.web.slideshow.SlideshowTest
13:18:33      [junit] Tests run: 1, Failures: 0, Errors: 0, Time
elapsed: 105.973 sec
13:18:33      [junit] 
13:18:33      [junit] ------------- Standard Output ---------------
13:18:33      [junit] 11184 [main] INFO fll.web.slideshow.SlideshowTest
- Top testSLideshowInterval
  13:18:33      [junit] 104393 [main] INFO
fll.web.slideshow.SlideshowTest - Bottom testSLideshowInterval
13:18:33      [junit] ------------- ---------------- ---------------
13:18:33      [junit] Flushing results...
13:18:34      [junit] Flushing results done
13:18:34      [junit] Cobertura: Loaded information on 197 classes.
13:18:37      [junit] Cobertura: Saved information on 197 classes.
13:18:39  
13:18:39  restoredb:
13:18:39     [delete] Deleting directory
/home/hudson/.hudson/jobs/fll-sw-feature-branches/workspace/scoring/build/db-save
13:18:39        [get] Getting:
http://localhost:9080/coberturaFlush/flushCobertura
13:18:39        [get] To:
/home/hudson/.hudson/jobs/fll-sw-feature-branches/workspace/scoring/build/flushCobertura
13:18:40  
13:18:40  selenium.stop:
13:18:40  [selenium-shutdown] Getting:
http://localhost:4444/selenium-server/driver/?cmd=shutDownSeleniumServer
13:18:40  [selenium-shutdown] To:
/home/hudson/.hudson/jobs/fll-sw-feature-branches/workspace/scoring/build/selenium-shutdown-result.txt
13:18:42  
13:18:42  tomcat.expand:
13:18:42  
13:18:42  tomcat.stop:
13:18:42       [echo] Shutting down tomcat
13:18:43       [echo] Waiting for tomcat to shutdown
13:18:43  
13:18:43  test.all:
13:18:44  
13:18:44  tomcat.check-logs:
13:18:44  
13:18:44  coverage.report:
13:18:44  [cobertura-merge] Cobertura 1.9.4.1 - GNU GPL License (NO
WARRANTY) - See COPYRIGHT file
13:18:45  [cobertura-merge] Cobertura: Loaded information on 197
classes.
13:18:45  [cobertura-merge] Cobertura: Error reading file
/home/hudson/.hudson/jobs/fll-sw-feature-branches/workspace/scoring/build/coverage/tomcat-cobertura.ser:
null
13:18:46  [cobertura-merge] Cobertura: Saved information on 197 classes.
13:18:46      [mkdir] Created dir:
/home/hudson/.hudson/jobs/fll-sw-feature-branches/workspace/scoring/build/docs/reports/coverage
13:18:46  [cobertura-report] Cobertura 1.9.4.1 - GNU GPL License (NO
WARRANTY) - See COPYRIGHT file
13:18:46  [cobertura-report] Cobertura: Loaded information on 197
classes.
13:18:49  [cobertura-report] Report time: 3173ms
13:18:49  [cobertura-report] Cobertura 1.9.4.1 - GNU GPL License (NO
WARRANTY) - See COPYRIGHT file
13:18:50  [cobertura-report] Cobertura: Loaded information on 197
classes.
13:18:51  [cobertura-report] Report time: 1924ms
13:18:51       [echo] See
/home/hudson/.hudson/jobs/fll-sw-feature-branches/workspace/scoring/build/docs/reports/coverage/index.html
for the coverage report
13:18:51  
13:18:51  BUILD SUCCESSFUL
13:18:51  Total time: 13 minutes 4 seconds
13:18:51  Terminating xvnc.
13:18:51  $ vncserver -kill :10
13:18:51  Killing Xtightvnc process ID 6262
13:18:51  [locks-and-latches] Releasing all the locks
13:18:51  [locks-and-latches] All the locks released
13:18:52  [FINDBUGS] Collecting findbugs analysis files...
13:18:57  [FINDBUGS] Parsing 1 files in
/home/hudson/.hudson/jobs/fll-sw-feature-branches/workspace
13:18:57  [FINDBUGS] Successfully parsed file
/home/hudson/.hudson/jobs/fll-sw-feature-branches/workspace/scoring/build/findbugs/report.xml
of module  with 0 warnings.
13:18:57  [FINDBUGS] Computing warning deltas based on reference build
#273
13:18:57  [DRY] Collecting duplicate code analysis files...
13:18:58  [DRY] Parsing 1 files in
/home/hudson/.hudson/jobs/fll-sw-feature-branches/workspace
13:18:58  [DRY] Successfully parsed file
/home/hudson/.hudson/jobs/fll-sw-feature-branches/workspace/scoring/build/cpd.xml
of module  with 12 warnings.
13:18:58  [DRY] Computing warning deltas based on reference build #273
13:18:58  [WARNINGS] Parsing warnings in console log with parser Java
Compiler (javac)
13:18:58  Archiving artifacts
13:18:59  Publishing Cobertura coverage report...
13:18:59  Publishing Cobertura coverage results...
13:19:01  Recording test results
13:19:02  Description set: Branch origin/feature.27.num-teams-per-judge
13:19:02  Email was triggered for: Success
13:19:02  Sending email for trigger: Success
13:19:03  An attempt to send an e-mail to empty list of recipients,
ignored.
13:19:03  Finished: SUCCESS
