<?xml version="1.0" encoding="utf-8"?>
<test-suite type="TestSuite" id="1000" name="-" fullname="--" runstate="Runnable" testcasecount="1" result="Failed" site="Child" start-time="2017-05-04 13:01:00Z" end-time="2017-05-04 13:01:00Z" duration="0.742419" total="1" passed="1" failed="0" inconclusive="0" skipped="0" asserts="1">
  <failure>
    <message><![CDATA[One or more child tests had errors]]></message>
  </failure>
  <test-suite type="Assembly" id="1003" name="Assembly-CSharp-Editor.dll" fullname="/Users/jenkins/jenkins-agent/workspace/-android/Library/ScriptAssemblies/Assembly-CSharp-Editor.dll" runstate="Runnable" testcasecount="1" result="Passed" start-time="2017-05-04 13:01:00Z" end-time="2017-05-04 13:01:00Z" duration="0.704672" total="1" passed="1" failed="0" inconclusive="0" skipped="0" asserts="1">
    <properties>
      <property name="_PID" value="22725" />
      <property name="_APPDOMAIN" value="Unity Child Domain" />
    </properties>
    <test-suite type="TestFixture" id="1001" name="VappuTest" fullname="VappuTest" classname="VappuTest" runstate="Runnable" testcasecount="1" result="Passed" start-time="2017-05-04 13:01:00Z" end-time="2017-05-04 13:01:00Z" duration="0.669123" total="1" passed="1" failed="0" inconclusive="0" skipped="0" asserts="1">
      <test-case id="1002" name="VappuTestSimplePasses" fullname="VappuTest.VappuTestSimplePasses" methodname="VappuTestSimplePasses" classname="VappuTest" runstate="Runnable" seed="1903206904" result="Passed" start-time="2017-05-04 13:01:00Z" end-time="2017-05-04 13:01:00Z" duration="0.016123" asserts="1" />
    </test-suite>
  </test-suite>
  <test-suite type="Assembly" id="1004" name="Assembly-CSharp-Editor-firstpass.dll" fullname="/Users/jenkins/jenkins-agent/workspace/-android/Library/ScriptAssemblies/Assembly-CSharp-Editor-firstpass.dll" runstate="NotRunnable" testcasecount="0" result="Failed" label="Invalid" site="SetUp" start-time="2017-05-04 13:01:00Z" end-time="2017-05-04 13:01:00Z" duration="0.002024" total="0" passed="0" failed="0" inconclusive="0" skipped="0" asserts="0">
    <properties>
      <property name="_SKIPREASON" value="Has no TestFixtures" />
      <property name="_PID" value="22725" />
      <property name="_APPDOMAIN" value="Unity Child Domain" />
    </properties>
    <failure>
      <message><![CDATA[Has no TestFixtures]]></message>
    </failure>
  </test-suite>
</test-suite>