<?xml version='1.1' encoding='UTF-8'?>
<com.sonyericsson.jenkins.plugins.bfa.PluginImpl plugin="build-failure-analyzer@1.23.0">
  <noCausesMessage>No problems were identified. If you know why this problem occurred, please add a suitable Cause for it.</noCausesMessage>
  <globalEnabled>true</globalEnabled>
  <doNotAnalyzeAbortedJob>false</doNotAnalyzeAbortedJob>
  <gerritTriggerEnabled>false</gerritTriggerEnabled>
  <fallbackCategoriesAsString></fallbackCategoriesAsString>
  <knowledgeBase class="com.sonyericsson.jenkins.plugins.bfa.db.LocalFileKnowledgeBase">
    <causes>
      <entry>
        <string>ce7f5557-c01b-4936-a0d4-17c4ea7df57b</string>
        <com.sonyericsson.jenkins.plugins.bfa.model.FailureCause>
          <id>ce7f5557-c01b-4936-a0d4-17c4ea7df57b</id>
          <name>Name X does not exist in the current context </name>
          <description>Something is missing...</description>
          <comment> </comment>
          <categories class="java.util.Arrays$ArrayList">
            <a class="string-array">
              <string>CompilerError</string>
            </a>
          </categories>
          <indications>
            <com.sonyericsson.jenkins.plugins.bfa.model.indication.BuildLogIndication>
              <pattern>.*error CS0103: The name \S+ does not exist in the current context.*</pattern>
            </com.sonyericsson.jenkins.plugins.bfa.model.indication.BuildLogIndication>
          </indications>
          <modifications class="linked-list">
            <com.sonyericsson.jenkins.plugins.bfa.model.FailureCauseModification>
              <user>jenbre</user>
              <time>2016-09-06 15:21:58.673 UTC</time>
            </com.sonyericsson.jenkins.plugins.bfa.model.FailureCauseModification>
          </modifications>
        </com.sonyericsson.jenkins.plugins.bfa.model.FailureCause>
      </entry>
      <entry>
        <string>02cdbb82-863b-48bc-b71d-8fa05c2855b0</string>
        <com.sonyericsson.jenkins.plugins.bfa.model.FailureCause>
          <id>02cdbb82-863b-48bc-b71d-8fa05c2855b0</id>
          <name>Project file does not exist - missing backslashes</name>
          <description>Probable cause - an injected environment variable was not specified with double backslashes - and the latest EnvInject expects that.&lt;br&gt;
Look for manually managed environent variables not those handled with our DSL scripting - it handles the doubling</description>
          <comment></comment>
          <categories class="java.util.Arrays$ArrayList">
            <a class="string-array">
              <string>JenkinsConfiguration</string>
            </a>
          </categories>
          <indications>
            <com.sonyericsson.jenkins.plugins.bfa.model.indication.MultilineBuildLogIndication>
              <pattern>MSBUILD : error MSB1009: Project file does not exist.\s+Switch: </pattern>
            </com.sonyericsson.jenkins.plugins.bfa.model.indication.MultilineBuildLogIndication>
          </indications>
          <modifications class="linked-list">
            <com.sonyericsson.jenkins.plugins.bfa.model.FailureCauseModification>
              <user>jens.brejner</user>
              <time>2019-03-07 08:21:05.554 UTC</time>
            </com.sonyericsson.jenkins.plugins.bfa.model.FailureCauseModification>
            <com.sonyericsson.jenkins.plugins.bfa.model.FailureCauseModification>
              <user>jens.brejner</user>
              <time>2019-03-07 08:17:10.809 UTC</time>
            </com.sonyericsson.jenkins.plugins.bfa.model.FailureCauseModification>
          </modifications>
        </com.sonyericsson.jenkins.plugins.bfa.model.FailureCause>
      </entry>
      <entry>
        <string>2cd1af88-50a4-4955-b3cf-69cfaf181b58</string>
        <com.sonyericsson.jenkins.plugins.bfa.model.FailureCause>
          <id>2cd1af88-50a4-4955-b3cf-69cfaf181b58</id>
          <name>Multiple connections to a server or shared resource by the same user</name>
          <description>Multiple connections to a server or shared resource by the same user, using more than one user name, are not allowed.&lt;br&gt; Disconnect all previous connections to the server or shared resource and try again.</description>
          <comment></comment>
          <categories class="java.util.Arrays$ArrayList">
            <a class="string-array">
              <string>JenkinsConfiguration</string>
            </a>
          </categories>
          <indications>
            <com.sonyericsson.jenkins.plugins.bfa.model.indication.BuildLogIndication>
              <pattern>Multiple connections to a server or shared resource by the same user, using more than one user name, are not allowed.*</pattern>
            </com.sonyericsson.jenkins.plugins.bfa.model.indication.BuildLogIndication>
          </indications>
          <modifications class="linked-list">
            <com.sonyericsson.jenkins.plugins.bfa.model.FailureCauseModification>
              <user>jens.brejner</user>
              <time>2019-05-24 07:59:05.922 UTC</time>
            </com.sonyericsson.jenkins.plugins.bfa.model.FailureCauseModification>
          </modifications>
        </com.sonyericsson.jenkins.plugins.bfa.model.FailureCause>
      </entry>
      <entry>
        <string>f5a4f124-e9b4-4600-b386-a562623b7afa</string>
        <com.sonyericsson.jenkins.plugins.bfa.model.FailureCause>
          <id>f5a4f124-e9b4-4600-b386-a562623b7afa</id>
          <name>Error CS0117 &quot;source&quot; does not contain a definition for &quot;something&quot;</name>
          <description>Cannot compile this</description>
          <comment></comment>
          <categories class="java.util.Arrays$ArrayList">
            <a class="string-array">
              <string>ErrorInCode</string>
              <string>CompilerError</string>
            </a>
          </categories>
          <indications>
            <com.sonyericsson.jenkins.plugins.bfa.model.indication.BuildLogIndication>
              <pattern>.*\(\d+,\d+\): error CS0117: .* does not contain a definition for .*</pattern>
            </com.sonyericsson.jenkins.plugins.bfa.model.indication.BuildLogIndication>
          </indications>
          <modifications class="linked-list">
            <com.sonyericsson.jenkins.plugins.bfa.model.FailureCauseModification>
              <user>jens.brejner</user>
              <time>2018-08-24 07:08:31.681 UTC</time>
            </com.sonyericsson.jenkins.plugins.bfa.model.FailureCauseModification>
            <com.sonyericsson.jenkins.plugins.bfa.model.FailureCauseModification>
              <user>jens.brejner</user>
              <time>2018-08-24 07:05:54.860 UTC</time>
            </com.sonyericsson.jenkins.plugins.bfa.model.FailureCauseModification>
          </modifications>
        </com.sonyericsson.jenkins.plugins.bfa.model.FailureCause>
      </entry>
      <entry>
        <string>e4eaffd9-bad2-4992-9b47-55e95ed8aca5</string>
        <com.sonyericsson.jenkins.plugins.bfa.model.FailureCause>
          <id>e4eaffd9-bad2-4992-9b47-55e95ed8aca5</id>
          <name>Missing Package</name>
          <description>${1,1}</description>
          <comment>Used in the &quot;WhichPackagesMustGoInAlpha&quot; build. Used when the packages given by arguments can&apos;t be found.</comment>
          <categories class="java.util.Arrays$ArrayList">
            <a class="string-array">
              <string>NuGet</string>
            </a>
          </categories>
          <indications>
            <com.sonyericsson.jenkins.plugins.bfa.model.indication.BuildLogIndication>
              <pattern>.*error - Package not found. (\S+.*)</pattern>
            </com.sonyericsson.jenkins.plugins.bfa.model.indication.BuildLogIndication>
          </indications>
          <modifications class="linked-list">
            <com.sonyericsson.jenkins.plugins.bfa.model.FailureCauseModification>
              <user>gv-joergensen</user>
              <time>2017-11-03 13:05:32.576 UTC</time>
            </com.sonyericsson.jenkins.plugins.bfa.model.FailureCauseModification>
            <com.sonyericsson.jenkins.plugins.bfa.model.FailureCauseModification>
              <user>gv-joergensen</user>
              <time>2017-11-03 13:02:43.155 UTC</time>
            </com.sonyericsson.jenkins.plugins.bfa.model.FailureCauseModification>
            <com.sonyericsson.jenkins.plugins.bfa.model.FailureCauseModification>
              <user>gv-joergensen</user>
              <time>2017-11-03 13:01:58.604 UTC</time>
            </com.sonyericsson.jenkins.plugins.bfa.model.FailureCauseModification>
            <com.sonyericsson.jenkins.plugins.bfa.model.FailureCauseModification>
              <user>gv-joergensen</user>
              <time>2017-11-03 10:23:18.517 UTC</time>
            </com.sonyericsson.jenkins.plugins.bfa.model.FailureCauseModification>
            <com.sonyericsson.jenkins.plugins.bfa.model.FailureCauseModification>
              <user>larhjo</user>
              <time>2017-11-03 09:28:28.119 UTC</time>
            </com.sonyericsson.jenkins.plugins.bfa.model.FailureCauseModification>
            <com.sonyericsson.jenkins.plugins.bfa.model.FailureCauseModification>
              <user>larhjo</user>
              <time>2017-11-03 09:26:51.997 UTC</time>
            </com.sonyericsson.jenkins.plugins.bfa.model.FailureCauseModification>
          </modifications>
        </com.sonyericsson.jenkins.plugins.bfa.model.FailureCause>
      </entry>
      <entry>
        <string>99b46e1c-b467-4489-8db1-2bfdc9bd0a88</string>
        <com.sonyericsson.jenkins.plugins.bfa.model.FailureCause>
          <id>99b46e1c-b467-4489-8db1-2bfdc9bd0a88</id>
          <name>AssemblyInformationalVersion is alpha but version number was not incremented</name>
          <description>Compared to the previous version of the file containing AssemblyInformationalVersion attribute, this one is alpha - but with the the version before generated a release package.&lt;br&gt;When moving a package to alpha, the version number must be incremented.</description>
          <comment>ERROR: AssemblyInformationalVersion is alpha but version number was not incremented compared to previous version</comment>
          <categories class="java.util.Arrays$ArrayList">
            <a class="string-array">
              <string>ErrorInCode</string>
            </a>
          </categories>
          <indications>
            <com.sonyericsson.jenkins.plugins.bfa.model.indication.BuildLogIndication>
              <pattern>.*ERROR: AssemblyInformationalVersion is alpha but version number was not incremented compared to previous version.*</pattern>
            </com.sonyericsson.jenkins.plugins.bfa.model.indication.BuildLogIndication>
          </indications>
          <modifications class="linked-list">
            <com.sonyericsson.jenkins.plugins.bfa.model.FailureCauseModification>
              <user>jens.brejner</user>
              <time>2019-04-10 07:05:52.559 UTC</time>
            </com.sonyericsson.jenkins.plugins.bfa.model.FailureCauseModification>
          </modifications>
        </com.sonyericsson.jenkins.plugins.bfa.model.FailureCause>
      </entry>
      <entry>
        <string>e6031e16-b725-4053-9ddd-9983bcbfd75d</string>
        <com.sonyericsson.jenkins.plugins.bfa.model.FailureCause>
          <id>e6031e16-b725-4053-9ddd-9983bcbfd75d</id>
          <name>Failed to Launch ScrumBoardApp</name>
          <description>ScrumBoardApp could not start</description>
          <comment></comment>
          <indications>
            <com.sonyericsson.jenkins.plugins.bfa.model.indication.BuildLogIndication>
              <pattern>Failed to Launch ScrumBoardApp </pattern>
            </com.sonyericsson.jenkins.plugins.bfa.model.indication.BuildLogIndication>
          </indications>
          <modifications class="linked-list">
            <com.sonyericsson.jenkins.plugins.bfa.model.FailureCauseModification>
              <user>jenbre</user>
              <time>2017-12-01 10:42:35.509 UTC</time>
            </com.sonyericsson.jenkins.plugins.bfa.model.FailureCauseModification>
          </modifications>
        </com.sonyericsson.jenkins.plugins.bfa.model.FailureCause>
      </entry>
      <entry>
        <string>ae788cf5-ecc9-4ffa-ba97-c042586c1906</string>
        <com.sonyericsson.jenkins.plugins.bfa.model.FailureCause>
          <id>ae788cf5-ecc9-4ffa-ba97-c042586c1906</id>
          <name>Corrupted Project  File</name>
          <description>The xml of the project file ${1,1} appears to be corrupted, possibly as a result of a merge or manual edit.
Details in the line following the message.</description>
          <comment></comment>
          <categories class="java.util.Arrays$ArrayList">
            <a class="string-array">
              <string>ErrorInCode</string>
            </a>
          </categories>
          <indications>
            <com.sonyericsson.jenkins.plugins.bfa.model.indication.BuildLogIndication>
              <pattern>^Error reading references from \[(.*)\]$</pattern>
            </com.sonyericsson.jenkins.plugins.bfa.model.indication.BuildLogIndication>
          </indications>
          <modifications class="linked-list">
            <com.sonyericsson.jenkins.plugins.bfa.model.FailureCauseModification>
              <user>jens.brejner</user>
              <time>2018-11-22 10:03:37.770 UTC</time>
            </com.sonyericsson.jenkins.plugins.bfa.model.FailureCauseModification>
            <com.sonyericsson.jenkins.plugins.bfa.model.FailureCauseModification>
              <user>jens.brejner</user>
              <time>2018-11-22 07:39:23.812 UTC</time>
            </com.sonyericsson.jenkins.plugins.bfa.model.FailureCauseModification>
          </modifications>
        </com.sonyericsson.jenkins.plugins.bfa.model.FailureCause>
      </entry>
      <entry>
        <string>be3de690-5ffc-460e-aa2f-0cd5060bfc82</string>
        <com.sonyericsson.jenkins.plugins.bfa.model.FailureCause>
          <id>be3de690-5ffc-460e-aa2f-0cd5060bfc82</id>
          <name>OTOsuite build output disk is full</name>
          <description>At the end of OTOsuite nightly build, the installation and logs are copied to a mapped drive ( \\\\build12\\BuildOutput_OTOsuite ) - it seems that disk is full&lt;br&gt;
The error comes from Robocopy</description>
          <comment></comment>
          <categories class="java.util.Arrays$ArrayList">
            <a class="string-array">
              <string>BuildEnvironment</string>
            </a>
          </categories>
          <indications>
            <com.sonyericsson.jenkins.plugins.bfa.model.indication.BuildLogIndication>
              <pattern>.*ERROR 112 \(0x00000070\) Copying File.*</pattern>
            </com.sonyericsson.jenkins.plugins.bfa.model.indication.BuildLogIndication>
          </indications>
          <modifications class="linked-list">
            <com.sonyericsson.jenkins.plugins.bfa.model.FailureCauseModification>
              <user>jens.brejner</user>
              <time>2018-07-10 07:53:12.351 UTC</time>
            </com.sonyericsson.jenkins.plugins.bfa.model.FailureCauseModification>
            <com.sonyericsson.jenkins.plugins.bfa.model.FailureCauseModification>
              <user>jens.brejner</user>
              <time>2018-07-10 07:31:08.337 UTC</time>
            </com.sonyericsson.jenkins.plugins.bfa.model.FailureCauseModification>
            <com.sonyericsson.jenkins.plugins.bfa.model.FailureCauseModification>
              <user>jens.brejner</user>
              <time>2018-07-10 07:30:17.267 UTC</time>
            </com.sonyericsson.jenkins.plugins.bfa.model.FailureCauseModification>
          </modifications>
        </com.sonyericsson.jenkins.plugins.bfa.model.FailureCause>
      </entry>
      <entry>
        <string>101b8453-ee87-439f-9b92-0baf11acde62</string>
        <com.sonyericsson.jenkins.plugins.bfa.model.FailureCause>
          <id>101b8453-ee87-439f-9b92-0baf11acde62</id>
          <name>Nuget wrote something unexpected</name>
          <description>Probable causes:
- One or more required packages does not exist
- The requested nuget feeds cannot be found (check the nearest nuget.config)
- The output from nuget.exe have changed, so a message which actually is &apos;OK&apos; but it is not filtered off ( look inside the _Template.UpdateNugetPackages job )

</description>
          <comment>ERROR: Nuget wrote something unexpected so we are ending now ...</comment>
          <categories class="java.util.Arrays$ArrayList">
            <a class="string-array">
              <string>NugetPackages</string>
              <string>NuGet</string>
            </a>
          </categories>
          <indications>
            <com.sonyericsson.jenkins.plugins.bfa.model.indication.BuildLogIndication>
              <pattern>.*ERROR: Nuget wrote something unexpected so we are ending now \.\.\..*</pattern>
            </com.sonyericsson.jenkins.plugins.bfa.model.indication.BuildLogIndication>
          </indications>
          <modifications class="linked-list">
            <com.sonyericsson.jenkins.plugins.bfa.model.FailureCauseModification>
              <user>jens.brejner</user>
              <time>2018-02-23 07:33:52.349 UTC</time>
            </com.sonyericsson.jenkins.plugins.bfa.model.FailureCauseModification>
          </modifications>
        </com.sonyericsson.jenkins.plugins.bfa.model.FailureCause>
      </entry>
      <entry>
        <string>94ecb560-a1ed-414a-b4ca-67bef410c384</string>
        <com.sonyericsson.jenkins.plugins.bfa.model.FailureCause>
          <id>94ecb560-a1ed-414a-b4ca-67bef410c384</id>
          <name>No Passolo License</name>
          <description>The single Passolo license was in use by somebody else</description>
          <comment>Try rebuilding later</comment>
          <indications>
            <com.sonyericsson.jenkins.plugins.bfa.model.indication.MultilineBuildLogIndication>
              <pattern>The exit code is now 99\s+##################################################</pattern>
            </com.sonyericsson.jenkins.plugins.bfa.model.indication.MultilineBuildLogIndication>
          </indications>
          <modifications class="linked-list">
            <com.sonyericsson.jenkins.plugins.bfa.model.FailureCauseModification>
              <user>jenbre</user>
              <time>2017-06-28 12:19:46.174 UTC</time>
            </com.sonyericsson.jenkins.plugins.bfa.model.FailureCauseModification>
          </modifications>
        </com.sonyericsson.jenkins.plugins.bfa.model.FailureCause>
      </entry>
      <entry>
        <string>09cfb4e2-fc11-4292-9d0b-48572d98036a</string>
        <com.sonyericsson.jenkins.plugins.bfa.model.FailureCause>
          <id>09cfb4e2-fc11-4292-9d0b-48572d98036a</id>
          <name>Incorrect JAVA_HOME variable</name>
          <description>Possible reason: The java version have been updated, so JAVA_HOME should point to the new path.
</description>
          <comment>Take a look at this slave&apos;s SystemInfo, and find the value for &quot;java.home&quot;
Now compare that value to the one you can find under the slave&apos;s configuration of local environment variables (go to &quot;Configure&quot; of this slave). Correct if they do not match
</comment>
          <indications>
            <com.sonyericsson.jenkins.plugins.bfa.model.indication.BuildLogIndication>
              <pattern>ERROR\: No java.exe found at: C:\\Program Files.*\\bin\\java.exe</pattern>
            </com.sonyericsson.jenkins.plugins.bfa.model.indication.BuildLogIndication>
          </indications>
          <modifications class="linked-list">
            <com.sonyericsson.jenkins.plugins.bfa.model.FailureCauseModification>
              <user>jens.brejner</user>
              <time>2018-05-03 09:04:58.476 UTC</time>
            </com.sonyericsson.jenkins.plugins.bfa.model.FailureCauseModification>
          </modifications>
        </com.sonyericsson.jenkins.plugins.bfa.model.FailureCause>
      </entry>
      <entry>
        <string>21307bd4-9963-43fb-8e69-95e249c4ae86</string>
        <com.sonyericsson.jenkins.plugins.bfa.model.FailureCause>
          <id>21307bd4-9963-43fb-8e69-95e249c4ae86</id>
          <name>Slave went offline during build</name>
          <description>Networking issue, connection to the slave was lost during build.</description>
          <comment>Restart slave, and start the build again
Connection was broken: java.io.IOException: Connection aborted: org.jenkinsci.remoting.nio.NioChannelHub$MonoNioTransport</comment>
          <categories class="java.util.Arrays$ArrayList">
            <a class="string-array">
              <string>Infrastructure</string>
            </a>
          </categories>
          <indications>
            <com.sonyericsson.jenkins.plugins.bfa.model.indication.BuildLogIndication>
              <pattern>.*Connection was broken: java.io.IOException: Connection aborted: org.jenkinsci.remoting.nio.NioChannelHub\$MonoNioTransport.*</pattern>
            </com.sonyericsson.jenkins.plugins.bfa.model.indication.BuildLogIndication>
          </indications>
          <modifications class="linked-list">
            <com.sonyericsson.jenkins.plugins.bfa.model.FailureCauseModification>
              <user>jenbre</user>
              <time>2016-09-05 07:08:19.714 UTC</time>
            </com.sonyericsson.jenkins.plugins.bfa.model.FailureCauseModification>
          </modifications>
        </com.sonyericsson.jenkins.plugins.bfa.model.FailureCause>
      </entry>
      <entry>
        <string>6455a567-dda9-438d-bb2d-311a213cc96f</string>
        <com.sonyericsson.jenkins.plugins.bfa.model.FailureCause>
          <id>6455a567-dda9-438d-bb2d-311a213cc96f</id>
          <name>CI Build configuration is missing</name>
          <description>We only build solutions in &quot;CI&quot; configuration - this solution is missing one...
Create it or easier, rename &quot;Anu CPU&quot; configuration to CI</description>
          <comment></comment>
          <indications>
            <com.sonyericsson.jenkins.plugins.bfa.model.indication.BuildLogIndication>
              <pattern>.*sln does not contain a \&apos;Debug\|CI\&apos; and \&apos;Release\|CI\&apos; build configuration.*</pattern>
            </com.sonyericsson.jenkins.plugins.bfa.model.indication.BuildLogIndication>
          </indications>
          <modifications class="linked-list">
            <com.sonyericsson.jenkins.plugins.bfa.model.FailureCauseModification>
              <user>jenbre</user>
              <time>2017-11-08 15:30:11.982 UTC</time>
            </com.sonyericsson.jenkins.plugins.bfa.model.FailureCauseModification>
          </modifications>
        </com.sonyericsson.jenkins.plugins.bfa.model.FailureCause>
      </entry>
      <entry>
        <string>b2a8b24e-8ee9-4c8f-b15f-2f504f3ddebf</string>
        <com.sonyericsson.jenkins.plugins.bfa.model.FailureCause>
          <id>b2a8b24e-8ee9-4c8f-b15f-2f504f3ddebf</id>
          <name>Wrong Passolo Version</name>
          <description>Attempted to use incorrect version of Passolo. Change the build step or convert the .lpu to correct version</description>
          <comment>lpu contains data in the format of SDL Passolo 2015. Opening in read-only mode.</comment>
          <categories class="java.util.Arrays$ArrayList">
            <a class="string-array">
              <string>JenkinsConfiguration</string>
              <string>ErrorInCode</string>
            </a>
          </categories>
          <indications>
            <com.sonyericsson.jenkins.plugins.bfa.model.indication.BuildLogIndication>
              <pattern>.*lpu contains data in the format of SDL Passolo \d+. Opening in read-only mode.</pattern>
            </com.sonyericsson.jenkins.plugins.bfa.model.indication.BuildLogIndication>
          </indications>
          <modifications class="linked-list">
            <com.sonyericsson.jenkins.plugins.bfa.model.FailureCauseModification>
              <user>jens.brejner</user>
              <time>2018-02-26 07:31:43.179 UTC</time>
            </com.sonyericsson.jenkins.plugins.bfa.model.FailureCauseModification>
          </modifications>
        </com.sonyericsson.jenkins.plugins.bfa.model.FailureCause>
      </entry>
      <entry>
        <string>60b71508-19de-4bc3-90c6-9e94d307c19d</string>
        <com.sonyericsson.jenkins.plugins.bfa.model.FailureCause>
          <id>60b71508-19de-4bc3-90c6-9e94d307c19d</id>
          <name>FB BuildDir not empty</name>
          <description>Failure to remove the build directory before building
Finalbuilder process expece</description>
          <comment>[Fail If [ D:\FB_OTOsuiteBuild\EUHA16_OTOsuite ] Exists]
                  Found directory &quot;D:\FB_OTOsuiteBuild\EUHA16_OTOsuite&quot;</comment>
          <categories class="java.util.Arrays$ArrayList">
            <a class="string-array">
              <string>FinalBuilder</string>
            </a>
          </categories>
          <indications>
            <com.sonyericsson.jenkins.plugins.bfa.model.indication.MultilineBuildLogIndication>
              <pattern>^\s*\[Fail If \[ \S+ \] Exists\]\s+Found directory \S+$</pattern>
            </com.sonyericsson.jenkins.plugins.bfa.model.indication.MultilineBuildLogIndication>
          </indications>
          <modifications class="linked-list">
            <com.sonyericsson.jenkins.plugins.bfa.model.FailureCauseModification>
              <user>jenbre</user>
              <time>2016-08-25 12:35:51.606 UTC</time>
            </com.sonyericsson.jenkins.plugins.bfa.model.FailureCauseModification>
          </modifications>
        </com.sonyericsson.jenkins.plugins.bfa.model.FailureCause>
      </entry>
      <entry>
        <string>6315ac54-b828-4c14-9e72-e2fc05b4588d</string>
        <com.sonyericsson.jenkins.plugins.bfa.model.FailureCause>
          <id>6315ac54-b828-4c14-9e72-e2fc05b4588d</id>
          <name>Perforce is in the past</name>
          <description>Coverage arguments created with the old version, delete the workspace and try again
</description>
          <comment>Perforce sometimes will not properly update the workspace, because the believe what have been syncronised.

</comment>
          <categories class="java.util.Arrays$ArrayList">
            <a class="string-array">
              <string>Perforce</string>
              <string>JenkinsConfiguration</string>
            </a>
          </categories>
          <indications>
            <com.sonyericsson.jenkins.plugins.bfa.model.indication.MultilineBuildLogIndication>
              <pattern>Incorrect Arguments: The argument .* is not recognised.*Usage:.*\[&quot;\]-target:&lt;target application&gt;\[&quot;\]</pattern>
            </com.sonyericsson.jenkins.plugins.bfa.model.indication.MultilineBuildLogIndication>
          </indications>
          <modifications class="linked-list">
            <com.sonyericsson.jenkins.plugins.bfa.model.FailureCauseModification>
              <user>jens.brejner</user>
              <time>2018-06-18 08:11:38.512 UTC</time>
            </com.sonyericsson.jenkins.plugins.bfa.model.FailureCauseModification>
          </modifications>
        </com.sonyericsson.jenkins.plugins.bfa.model.FailureCause>
      </entry>
      <entry>
        <string>93aec724-49d2-49b1-8aca-69e52d928888</string>
        <com.sonyericsson.jenkins.plugins.bfa.model.FailureCause>
          <id>93aec724-49d2-49b1-8aca-69e52d928888</id>
          <name>Path environment variable modified with quotes</name>
          <description>Something adds java home path to Path environment variable in quotes and the Groovy script cannot handle quoted path statements.&lt;br&gt;
Fix by defining or updating the JAVA_HOME environment variable for the slave (defined in the slave configuration variables).&lt;br&gt;
Maybe you updated Java to a newer version (version number is in path).

</description>
          <comment>
</comment>
          <indications>
            <com.sonyericsson.jenkins.plugins.bfa.model.indication.BuildLogIndication>
              <pattern>=&quot;C:\\Program File.*\\Java\\jre.*\\&quot; was unexpected at this time.</pattern>
            </com.sonyericsson.jenkins.plugins.bfa.model.indication.BuildLogIndication>
          </indications>
          <modifications class="linked-list">
            <com.sonyericsson.jenkins.plugins.bfa.model.FailureCauseModification>
              <user>jens.brejner</user>
              <time>2018-08-16 07:29:44.760 UTC</time>
            </com.sonyericsson.jenkins.plugins.bfa.model.FailureCauseModification>
            <com.sonyericsson.jenkins.plugins.bfa.model.FailureCauseModification>
              <user>jens.brejner</user>
              <time>2018-05-04 11:43:03.291 UTC</time>
            </com.sonyericsson.jenkins.plugins.bfa.model.FailureCauseModification>
            <com.sonyericsson.jenkins.plugins.bfa.model.FailureCauseModification>
              <user>larhjo</user>
              <time>2017-10-31 11:02:59.350 UTC</time>
            </com.sonyericsson.jenkins.plugins.bfa.model.FailureCauseModification>
            <com.sonyericsson.jenkins.plugins.bfa.model.FailureCauseModification>
              <user>larhjo</user>
              <time>2017-10-31 11:00:59.755 UTC</time>
            </com.sonyericsson.jenkins.plugins.bfa.model.FailureCauseModification>
            <com.sonyericsson.jenkins.plugins.bfa.model.FailureCauseModification>
              <user>larhjo</user>
              <time>2017-10-31 10:59:33.15 UTC</time>
            </com.sonyericsson.jenkins.plugins.bfa.model.FailureCauseModification>
            <com.sonyericsson.jenkins.plugins.bfa.model.FailureCauseModification>
              <user>larhjo</user>
              <time>2017-10-31 10:58:40.164 UTC</time>
            </com.sonyericsson.jenkins.plugins.bfa.model.FailureCauseModification>
            <com.sonyericsson.jenkins.plugins.bfa.model.FailureCauseModification>
              <user>larhjo</user>
              <time>2017-10-31 10:54:09.135 UTC</time>
            </com.sonyericsson.jenkins.plugins.bfa.model.FailureCauseModification>
          </modifications>
        </com.sonyericsson.jenkins.plugins.bfa.model.FailureCause>
      </entry>
      <entry>
        <string>ccfb59d6-26d9-4d5e-84c9-0f432653a922</string>
        <com.sonyericsson.jenkins.plugins.bfa.model.FailureCause>
          <id>ccfb59d6-26d9-4d5e-84c9-0f432653a922</id>
          <name>The type or namespace name could not be found</name>
          <description>error CS0246: The type or namespace name * could not be found (are you missing a using directive or an assembly reference?)</description>
          <comment></comment>
          <categories class="java.util.Arrays$ArrayList">
            <a class="string-array">
              <string>CompilerError</string>
            </a>
          </categories>
          <indications>
            <com.sonyericsson.jenkins.plugins.bfa.model.indication.BuildLogIndication>
              <pattern>.*error CS\d+: The type or namespace name \S+ could not be found \(are you missing a using directive or an assembly reference\?\).*</pattern>
            </com.sonyericsson.jenkins.plugins.bfa.model.indication.BuildLogIndication>
          </indications>
          <modifications class="linked-list">
            <com.sonyericsson.jenkins.plugins.bfa.model.FailureCauseModification>
              <user>jenbre</user>
              <time>2016-08-30 08:54:36.350 UTC</time>
            </com.sonyericsson.jenkins.plugins.bfa.model.FailureCauseModification>
            <com.sonyericsson.jenkins.plugins.bfa.model.FailureCauseModification>
              <user>jenbre</user>
              <time>2016-08-17 08:57:44.929 UTC</time>
            </com.sonyericsson.jenkins.plugins.bfa.model.FailureCauseModification>
            <com.sonyericsson.jenkins.plugins.bfa.model.FailureCauseModification>
              <user>jenbre</user>
              <time>2016-08-12 08:38:58.655 UTC</time>
            </com.sonyericsson.jenkins.plugins.bfa.model.FailureCauseModification>
          </modifications>
        </com.sonyericsson.jenkins.plugins.bfa.model.FailureCause>
      </entry>
      <entry>
        <string>35566819-dd93-40ed-9ad8-bb4dad92c0ce</string>
        <com.sonyericsson.jenkins.plugins.bfa.model.FailureCause>
          <id>35566819-dd93-40ed-9ad8-bb4dad92c0ce</id>
          <name>Otodocs is missing DSL folder in output</name>
          <description>Did not find folder ...\\OtoDocs\\GnoOtoDocs\\bin\\Release\\Dsl
The DSL files are needed by application, so this can not be distributed</description>
          <comment></comment>
          <indications>
            <com.sonyericsson.jenkins.plugins.bfa.model.indication.BuildLogIndication>
              <pattern>ERROR: Did not find folder .*\\OtoDocs\\GnoOtoDocs\\bin\\Release\\Dsl - the DSL files are needed by application, so this can not be distributed.*</pattern>
            </com.sonyericsson.jenkins.plugins.bfa.model.indication.BuildLogIndication>
          </indications>
          <modifications class="linked-list">
            <com.sonyericsson.jenkins.plugins.bfa.model.FailureCauseModification>
              <user>jens.brejner</user>
              <time>2018-06-06 10:05:57.162 UTC</time>
            </com.sonyericsson.jenkins.plugins.bfa.model.FailureCauseModification>
            <com.sonyericsson.jenkins.plugins.bfa.model.FailureCauseModification>
              <user>jens.brejner</user>
              <time>2018-06-04 07:39:29.499 UTC</time>
            </com.sonyericsson.jenkins.plugins.bfa.model.FailureCauseModification>
          </modifications>
        </com.sonyericsson.jenkins.plugins.bfa.model.FailureCause>
      </entry>
      <entry>
        <string>aefbb0b1-9365-411e-9056-cef690681744</string>
        <com.sonyericsson.jenkins.plugins.bfa.model.FailureCause>
          <id>aefbb0b1-9365-411e-9056-cef690681744</id>
          <name>Cannot submit to Perforce, files are locked</name>
          <description>The job attempted to submit files to Perforce, but the files are locked.&lt;br&gt;
If re-running the job does not help, reboot that user&apos;s workstation and eventually the buildslave(s)</description>
          <comment></comment>
          <categories class="java.util.Arrays$ArrayList">
            <a class="string-array">
              <string>Perforce</string>
              <string>JenkinsConfiguration</string>
            </a>
          </categories>
          <indications>
            <com.sonyericsson.jenkins.plugins.bfa.model.indication.BuildLogIndication>
              <pattern>\S+ - already locked by \S+</pattern>
            </com.sonyericsson.jenkins.plugins.bfa.model.indication.BuildLogIndication>
          </indications>
          <modifications class="linked-list">
            <com.sonyericsson.jenkins.plugins.bfa.model.FailureCauseModification>
              <user>jens.brejner</user>
              <time>2018-11-07 08:41:44.244 UTC</time>
            </com.sonyericsson.jenkins.plugins.bfa.model.FailureCauseModification>
            <com.sonyericsson.jenkins.plugins.bfa.model.FailureCauseModification>
              <user>jens.brejner</user>
              <time>2018-11-07 08:38:56.731 UTC</time>
            </com.sonyericsson.jenkins.plugins.bfa.model.FailureCauseModification>
          </modifications>
        </com.sonyericsson.jenkins.plugins.bfa.model.FailureCause>
      </entry>
      <entry>
        <string>4e3ae635-2c1c-471c-b259-962a7df46acc</string>
        <com.sonyericsson.jenkins.plugins.bfa.model.FailureCause>
          <id>4e3ae635-2c1c-471c-b259-962a7df46acc</id>
          <name>Package creation failed or Unsafe package created (Release package with pre-release dependencies)</name>
          <description>Package creation failed or Unsafe package created (Release package with pre-release dependencies)</description>
          <comment></comment>
          <categories class="java.util.Arrays$ArrayList">
            <a class="string-array">
              <string>ErrorInCode</string>
            </a>
          </categories>
          <indications>
            <com.sonyericsson.jenkins.plugins.bfa.model.indication.BuildLogIndication>
              <pattern>.*Package creation failed or Unsafe package created.*</pattern>
            </com.sonyericsson.jenkins.plugins.bfa.model.indication.BuildLogIndication>
          </indications>
          <modifications class="linked-list">
            <com.sonyericsson.jenkins.plugins.bfa.model.FailureCauseModification>
              <user>jens.brejner</user>
              <time>2018-02-12 16:22:19.549 UTC</time>
            </com.sonyericsson.jenkins.plugins.bfa.model.FailureCauseModification>
          </modifications>
        </com.sonyericsson.jenkins.plugins.bfa.model.FailureCause>
      </entry>
      <entry>
        <string>befb4ae6-1b4a-4654-8fef-7441b0a3692c</string>
        <com.sonyericsson.jenkins.plugins.bfa.model.FailureCause>
          <id>befb4ae6-1b4a-4654-8fef-7441b0a3692c</id>
          <name>ProGet connection</name>
          <description>The program failed to connect to the given repository</description>
          <comment>Used in the &quot;WhichPackagesMustGoInAlpha&quot; build.</comment>
          <categories class="java.util.Arrays$ArrayList">
            <a class="string-array">
              <string>NuGet</string>
            </a>
          </categories>
          <indications>
            <com.sonyericsson.jenkins.plugins.bfa.model.indication.BuildLogIndication>
              <pattern>.*error - Something went wrong while accessing the Proget server!.*</pattern>
            </com.sonyericsson.jenkins.plugins.bfa.model.indication.BuildLogIndication>
          </indications>
          <modifications class="linked-list">
            <com.sonyericsson.jenkins.plugins.bfa.model.FailureCauseModification>
              <user>gv-joergensen</user>
              <time>2017-11-03 13:23:13.807 UTC</time>
            </com.sonyericsson.jenkins.plugins.bfa.model.FailureCauseModification>
            <com.sonyericsson.jenkins.plugins.bfa.model.FailureCauseModification>
              <user>gv-joergensen</user>
              <time>2017-11-03 12:59:49.572 UTC</time>
            </com.sonyericsson.jenkins.plugins.bfa.model.FailureCauseModification>
            <com.sonyericsson.jenkins.plugins.bfa.model.FailureCauseModification>
              <user>gv-joergensen</user>
              <time>2017-11-03 12:59:14.393 UTC</time>
            </com.sonyericsson.jenkins.plugins.bfa.model.FailureCauseModification>
            <com.sonyericsson.jenkins.plugins.bfa.model.FailureCauseModification>
              <user>gv-joergensen</user>
              <time>2017-11-03 10:22:07.29 UTC</time>
            </com.sonyericsson.jenkins.plugins.bfa.model.FailureCauseModification>
            <com.sonyericsson.jenkins.plugins.bfa.model.FailureCauseModification>
              <user>gv-joergensen</user>
              <time>2017-11-03 10:21:35.172 UTC</time>
            </com.sonyericsson.jenkins.plugins.bfa.model.FailureCauseModification>
          </modifications>
        </com.sonyericsson.jenkins.plugins.bfa.model.FailureCause>
      </entry>
      <entry>
        <string>1e16be6b-ae98-4132-91f7-f55de891f7d6</string>
        <com.sonyericsson.jenkins.plugins.bfa.model.FailureCause>
          <id>1e16be6b-ae98-4132-91f7-f55de891f7d6</id>
          <name>SOLROOT is missing</name>
          <description>Some build steps depends on environment variable SOLROOT.
That is calculated runtime by an groovy script that injects it. So add an variable to the build enviroment containing this snipppet 
def map = [SOLROOT: SOLPATH.lastIndexOf(&apos;\\&apos;).with {it != -1 ? SOLPATH[0..&lt;it] : SOLPATH}]
</description>
          <comment>Hint look for an empty environment injection block in the build configuration</comment>
          <indications>
            <com.sonyericsson.jenkins.plugins.bfa.model.indication.BuildLogIndication>
              <pattern>^ERROR\: Environment variable SOLROOT was not found, so script.*</pattern>
            </com.sonyericsson.jenkins.plugins.bfa.model.indication.BuildLogIndication>
          </indications>
          <modifications class="linked-list">
            <com.sonyericsson.jenkins.plugins.bfa.model.FailureCauseModification>
              <user>jenbre</user>
              <time>2017-11-29 16:00:01.75 UTC</time>
            </com.sonyericsson.jenkins.plugins.bfa.model.FailureCauseModification>
          </modifications>
        </com.sonyericsson.jenkins.plugins.bfa.model.FailureCause>
      </entry>
      <entry>
        <string>6f11e172-dd9d-4184-9b08-1573acc7667f</string>
        <com.sonyericsson.jenkins.plugins.bfa.model.FailureCause>
          <id>6f11e172-dd9d-4184-9b08-1573acc7667f</id>
          <name>Perforce Port problem</name>
          <description>The value used for as P4PORT does not work</description>
          <comment>In the job&apos;s SCM configuration the value descriping the server and port number of the Perforce connection - is invalid or cannot be resolved by this client. Sometimes a fully qualified named helps...</comment>
          <categories class="java.util.Arrays$ArrayList">
            <a class="string-array">
              <string>JenkinsConfiguration</string>
            </a>
          </categories>
          <indications>
            <com.sonyericsson.jenkins.plugins.bfa.model.indication.BuildLogIndication>
              <pattern>Caught exception communicating with perforce. Connect to server failed; check \$P4PORTcom.tek42.perforce.PerforceException: Connect to server failed; check \$P4PORT</pattern>
            </com.sonyericsson.jenkins.plugins.bfa.model.indication.BuildLogIndication>
          </indications>
          <modifications class="linked-list">
            <com.sonyericsson.jenkins.plugins.bfa.model.FailureCauseModification>
              <user>jens.brejner</user>
              <time>2018-02-20 14:37:15.949 UTC</time>
            </com.sonyericsson.jenkins.plugins.bfa.model.FailureCauseModification>
          </modifications>
        </com.sonyericsson.jenkins.plugins.bfa.model.FailureCause>
      </entry>
      <entry>
        <string>ceb0e593-0144-4973-8ea2-8e64b4ed56b9</string>
        <com.sonyericsson.jenkins.plugins.bfa.model.FailureCause>
          <id>ceb0e593-0144-4973-8ea2-8e64b4ed56b9</id>
          <name>Source file is missing, did you forget to add it </name>
          <description>A file is missing.
Somebody forgot to add the file to perforce, but did submit a project or solution file which expects that file. Usually happens when users does not use the Perforce integration in VS.
</description>
          <comment>CSC : error CS2001: Source file &apos;C:\JS\workspace\PMM18_OTOsuite\pc\Gno.Suite\1074\Plugin\Rem\UI\Process.Test\Plugin.Rem.UI.Process.Test\Benefit\ProbeTubeCalibrationStepViewModelBuilder.cs&apos; could not be found.</comment>
          <categories class="java.util.Arrays$ArrayList">
            <a class="string-array">
              <string>ErrorInCode</string>
            </a>
          </categories>
          <indications>
            <com.sonyericsson.jenkins.plugins.bfa.model.indication.BuildLogIndication>
              <pattern>.*CSC : error CS2001:.*Source file &apos;.*&apos; could not be found.*</pattern>
            </com.sonyericsson.jenkins.plugins.bfa.model.indication.BuildLogIndication>
          </indications>
          <modifications class="linked-list">
            <com.sonyericsson.jenkins.plugins.bfa.model.FailureCauseModification>
              <user>jens.brejner</user>
              <time>2018-06-07 08:00:33.104 UTC</time>
            </com.sonyericsson.jenkins.plugins.bfa.model.FailureCauseModification>
            <com.sonyericsson.jenkins.plugins.bfa.model.FailureCauseModification>
              <user>jens.brejner</user>
              <time>2018-06-07 07:58:50.718 UTC</time>
            </com.sonyericsson.jenkins.plugins.bfa.model.FailureCauseModification>
          </modifications>
        </com.sonyericsson.jenkins.plugins.bfa.model.FailureCause>
      </entry>
      <entry>
        <string>c756ba8c-b220-4a03-94de-c9345dbe823f</string>
        <com.sonyericsson.jenkins.plugins.bfa.model.FailureCause>
          <id>c756ba8c-b220-4a03-94de-c9345dbe823f</id>
          <name>The specified path, file name, or both are too long</name>
          <description>The specified path, file name, or both are too long. The fully qualified file name must be less than 260 characters, and the directory name must be less than 248 characters</description>
          <comment></comment>
          <categories class="java.util.Arrays$ArrayList">
            <a class="string-array">
              <string>ErrorInCode</string>
            </a>
          </categories>
          <indications>
            <com.sonyericsson.jenkins.plugins.bfa.model.indication.BuildLogIndication>
              <pattern>.*The specified path, file name, or both are too long. The fully qualified file name must be less than 260 characters, and the directory name must be less than 248 characters.*</pattern>
            </com.sonyericsson.jenkins.plugins.bfa.model.indication.BuildLogIndication>
          </indications>
          <modifications class="linked-list">
            <com.sonyericsson.jenkins.plugins.bfa.model.FailureCauseModification>
              <user>jens.brejner</user>
              <time>2018-02-13 08:24:16.597 UTC</time>
            </com.sonyericsson.jenkins.plugins.bfa.model.FailureCauseModification>
          </modifications>
        </com.sonyericsson.jenkins.plugins.bfa.model.FailureCause>
      </entry>
      <entry>
        <string>467641b1-e285-4020-a2a6-73b77e4d79ae</string>
        <com.sonyericsson.jenkins.plugins.bfa.model.FailureCause>
          <id>467641b1-e285-4020-a2a6-73b77e4d79ae</id>
          <name>Alpha package number have execeeded the limit</name>
          <description>Alpha packages version numbers are limited to 5 digits, so 99900 is the practical limit&lt;br&gt;
For the package which failed, you must increment the alpha number in attribute AssemblyInformationalVersion. For instance from &quot;4.84.0-alpha&quot; to &quot;4.84.1-alpha&quot;

</description>
          <comment>ForceRevision number has exceeded its limit (99900)</comment>
          <categories class="java.util.Arrays$ArrayList">
            <a class="string-array">
              <string>ErrorInCode</string>
              <string>NugetPackages</string>
            </a>
          </categories>
          <indications>
            <com.sonyericsson.jenkins.plugins.bfa.model.indication.BuildLogIndication>
              <pattern>.*ForceRevision number has exceeded its limit \(99900\).*</pattern>
            </com.sonyericsson.jenkins.plugins.bfa.model.indication.BuildLogIndication>
          </indications>
          <modifications class="linked-list">
            <com.sonyericsson.jenkins.plugins.bfa.model.FailureCauseModification>
              <user>jens.brejner</user>
              <time>2019-02-19 13:57:31.910 UTC</time>
            </com.sonyericsson.jenkins.plugins.bfa.model.FailureCauseModification>
          </modifications>
        </com.sonyericsson.jenkins.plugins.bfa.model.FailureCause>
      </entry>
      <entry>
        <string>ca5745bb-3d49-4d42-83e3-afc49cf4feea</string>
        <com.sonyericsson.jenkins.plugins.bfa.model.FailureCause>
          <id>ca5745bb-3d49-4d42-83e3-afc49cf4feea</id>
          <name>Non-public test-classes</name>
          <description>It seems there are unit tests defined but their class is non-public so they are not executed.</description>
          <comment></comment>
          <categories class="java.util.Arrays$ArrayList">
            <a class="string-array">
              <string>ErrorInCode</string>
            </a>
          </categories>
          <indications>
            <com.sonyericsson.jenkins.plugins.bfa.model.indication.BuildLogIndication>
              <pattern>UTA001: TestClass attribute defined on non-public class.*</pattern>
            </com.sonyericsson.jenkins.plugins.bfa.model.indication.BuildLogIndication>
          </indications>
          <modifications class="linked-list">
            <com.sonyericsson.jenkins.plugins.bfa.model.FailureCauseModification>
              <user>jens.brejner</user>
              <time>2019-09-09 11:10:04.351 UTC</time>
            </com.sonyericsson.jenkins.plugins.bfa.model.FailureCauseModification>
          </modifications>
        </com.sonyericsson.jenkins.plugins.bfa.model.FailureCause>
      </entry>
      <entry>
        <string>b534790a-f836-4b95-b04d-d5c8349db71c</string>
        <com.sonyericsson.jenkins.plugins.bfa.model.FailureCause>
          <id>b534790a-f836-4b95-b04d-d5c8349db71c</id>
          <name>The first class name and filename should be equal</name>
          <description>SolutionTest requires the first class name to be the same as the filename without extension.&lt;br&gt;
If you have renamed the file to work around Perforce shortcomings, you can fool the solutiontest by adding a dummy class with the expected name as the first class in the source file.
</description>
          <comment>I have added Request For Enhancement Case# 00364237 at Perforce 
/jbrejner</comment>
          <categories class="java.util.Arrays$ArrayList">
            <a class="string-array">
              <string>ErrorInCode</string>
              <string>SolutionTest</string>
            </a>
          </categories>
          <indications>
            <com.sonyericsson.jenkins.plugins.bfa.model.indication.BuildLogIndication>
              <pattern>The name of the first class in the file &apos;\S+&apos; included in project &apos;\S+&apos;, does not follow standard. The file name and the name of the first class name must be the same. File name: &apos;\S+&apos;, class name: &apos;\S+&apos;, full file path: \S+</pattern>
            </com.sonyericsson.jenkins.plugins.bfa.model.indication.BuildLogIndication>
          </indications>
          <modifications class="linked-list">
            <com.sonyericsson.jenkins.plugins.bfa.model.FailureCauseModification>
              <user>jens.brejner</user>
              <time>2018-11-14 10:59:43.815 UTC</time>
            </com.sonyericsson.jenkins.plugins.bfa.model.FailureCauseModification>
            <com.sonyericsson.jenkins.plugins.bfa.model.FailureCauseModification>
              <user>jens.brejner</user>
              <time>2018-11-14 10:20:49.316 UTC</time>
            </com.sonyericsson.jenkins.plugins.bfa.model.FailureCauseModification>
          </modifications>
        </com.sonyericsson.jenkins.plugins.bfa.model.FailureCause>
      </entry>
      <entry>
        <string>554b89a3-abf8-4d24-ae84-5c4f3a470661</string>
        <com.sonyericsson.jenkins.plugins.bfa.model.FailureCause>
          <id>554b89a3-abf8-4d24-ae84-5c4f3a470661</id>
          <name>Using assembly version different from referenced version</name>
          <description>Reference assembly version mismatched...
</description>
          <comment>DataFields\MeasurementDateTimeValueTest.cs(33,31): error CS1705: Assembly &apos;Gno.Modules.ReportBuilder.ReportBuilderModel.Interface.Test&apos; with identity &apos;Gno.Modules.ReportBuilder.ReportBuilderModel.Interface.Test, Version=4.4.6.0, Culture=neutral, PublicKeyToken=594b0cb56d26de80&apos; uses &apos;Gno.Modules.ReportBuilder.ReportBuilderModel.Interface, Version=4.4.6.0, Culture=neutral, PublicKeyToken=594b0cb56d26de80&apos; which has a higher version than referenced assembly &apos;Gno.Modules.ReportBuilder.ReportBuilderModel.Interface&apos; with identity &apos;Gno.Modules.ReportBuilder.ReportBuilderModel.Interface, Version=4.4.5.0, Culture=neutral, PublicKeyToken=594b0cb56d26de80&apos; [C:\JS\AAA18_Reports.Hit\Src\Modules\Hit\HitPresentation\GnoHitPresentation.Test\GnoHitPresentation.Test.csproj]</comment>
          <categories class="java.util.Arrays$ArrayList">
            <a class="string-array">
              <string>CompilerError</string>
            </a>
          </categories>
          <indications>
            <com.sonyericsson.jenkins.plugins.bfa.model.indication.BuildLogIndication>
              <pattern>.*: error CS1705: Assembly &apos;.*&apos; with identity &apos;.*&apos; uses &apos;.*&apos; which has a higher version than referenced assembly &apos;.*&apos; with identity &apos;.*&apos; \[.*\].*</pattern>
            </com.sonyericsson.jenkins.plugins.bfa.model.indication.BuildLogIndication>
          </indications>
          <modifications class="linked-list">
            <com.sonyericsson.jenkins.plugins.bfa.model.FailureCauseModification>
              <user>jens.brejner</user>
              <time>2018-02-02 15:19:21.827 UTC</time>
            </com.sonyericsson.jenkins.plugins.bfa.model.FailureCauseModification>
          </modifications>
        </com.sonyericsson.jenkins.plugins.bfa.model.FailureCause>
      </entry>
      <entry>
        <string>c4a8286c-02f0-44c6-9f34-a460d2df10c6</string>
        <com.sonyericsson.jenkins.plugins.bfa.model.FailureCause>
          <id>c4a8286c-02f0-44c6-9f34-a460d2df10c6</id>
          <name>Cannot be used as type parameter SOMETHING in the generic type or method</name>
          <description>Error in code, somebody needs to work
</description>
          <comment></comment>
          <categories class="java.util.Arrays$ArrayList">
            <a class="string-array">
              <string>CompilerError</string>
            </a>
          </categories>
          <indications>
            <com.sonyericsson.jenkins.plugins.bfa.model.indication.BuildLogIndication>
              <pattern>.*error CS0311:.*The type.*cannot be used as type parameter.*in the generic type or method.*There is no implicit reference conversion from.*</pattern>
            </com.sonyericsson.jenkins.plugins.bfa.model.indication.BuildLogIndication>
          </indications>
          <modifications class="linked-list">
            <com.sonyericsson.jenkins.plugins.bfa.model.FailureCauseModification>
              <user>jenbre</user>
              <time>2017-11-30 14:50:59.521 UTC</time>
            </com.sonyericsson.jenkins.plugins.bfa.model.FailureCauseModification>
          </modifications>
        </com.sonyericsson.jenkins.plugins.bfa.model.FailureCause>
      </entry>
      <entry>
        <string>3302adc6-e4ed-4d34-80f0-c1c0dec51daf</string>
        <com.sonyericsson.jenkins.plugins.bfa.model.FailureCause>
          <id>3302adc6-e4ed-4d34-80f0-c1c0dec51daf</id>
          <name>Packages referenced with PackageReference style</name>
          <description>Nuget command line can not handle the update, when a project in the solution references packages with PackageReference.
You must change to packages.config style</description>
          <comment></comment>
          <categories class="java.util.Arrays$ArrayList">
            <a class="string-array">
              <string>ErrorInCode</string>
            </a>
          </categories>
          <indications>
            <com.sonyericsson.jenkins.plugins.bfa.model.indication.BuildLogIndication>
              <pattern>ERROR: Detected use of PackageReference in project files.*</pattern>
            </com.sonyericsson.jenkins.plugins.bfa.model.indication.BuildLogIndication>
          </indications>
          <modifications class="linked-list">
            <com.sonyericsson.jenkins.plugins.bfa.model.FailureCauseModification>
              <user>jens.brejner</user>
              <time>2018-06-04 08:19:04.663 UTC</time>
            </com.sonyericsson.jenkins.plugins.bfa.model.FailureCauseModification>
            <com.sonyericsson.jenkins.plugins.bfa.model.FailureCauseModification>
              <user>jens.brejner</user>
              <time>2018-06-04 08:17:22.463 UTC</time>
            </com.sonyericsson.jenkins.plugins.bfa.model.FailureCauseModification>
          </modifications>
        </com.sonyericsson.jenkins.plugins.bfa.model.FailureCause>
      </entry>
      <entry>
        <string>e27ba446-8ee9-4135-9e2a-a507d8f2342f</string>
        <com.sonyericsson.jenkins.plugins.bfa.model.FailureCause>
          <id>e27ba446-8ee9-4135-9e2a-a507d8f2342f</id>
          <name>Missing app.config - did you forget to add to version control </name>
          <description>Project file includes an app.config, but the file does not exist in workspace&lt;br&gt;
</description>
          <comment>error MSB3030: Could not copy the file &quot;app.config&quot; because it was not found</comment>
          <categories class="java.util.Arrays$ArrayList">
            <a class="string-array">
              <string>ErrorInCode</string>
            </a>
          </categories>
          <indications>
            <com.sonyericsson.jenkins.plugins.bfa.model.indication.BuildLogIndication>
              <pattern>.*error MSB3030: Could not copy the file &quot;app.config&quot; because it was not found.*</pattern>
            </com.sonyericsson.jenkins.plugins.bfa.model.indication.BuildLogIndication>
          </indications>
          <modifications class="linked-list">
            <com.sonyericsson.jenkins.plugins.bfa.model.FailureCauseModification>
              <user>jens.brejner</user>
              <time>2019-04-05 08:08:18.372 UTC</time>
            </com.sonyericsson.jenkins.plugins.bfa.model.FailureCauseModification>
          </modifications>
        </com.sonyericsson.jenkins.plugins.bfa.model.FailureCause>
      </entry>
      <entry>
        <string>5fccd360-a399-4972-9d22-53b3424826d1</string>
        <com.sonyericsson.jenkins.plugins.bfa.model.FailureCause>
          <id>5fccd360-a399-4972-9d22-53b3424826d1</id>
          <name>Missing Installshield SAB license</name>
          <description>InstallShield Standalone Builder (SAB) failed to find a vaild license.&lt;br&gt;
This could be because the (virtual) machine was moved to another host, which will generate another MAC adress and the license is tied to the MAC address.&lt;br&gt;
Configuration Manager should sort this out.
</description>
          <comment>ISDEV : fatal error -7159: The product license has expired or has not yet been initialized.</comment>
          <categories class="java.util.Arrays$ArrayList">
            <a class="string-array">
              <string>JenkinsConfiguration</string>
            </a>
          </categories>
          <indications>
            <com.sonyericsson.jenkins.plugins.bfa.model.indication.BuildLogIndication>
              <pattern>.*ISDEV : fatal error -7159: The product license has expired or has not yet been initialized.*</pattern>
            </com.sonyericsson.jenkins.plugins.bfa.model.indication.BuildLogIndication>
          </indications>
          <modifications class="linked-list">
            <com.sonyericsson.jenkins.plugins.bfa.model.FailureCauseModification>
              <user>jens.brejner</user>
              <time>2019-04-30 07:37:32.766 UTC</time>
            </com.sonyericsson.jenkins.plugins.bfa.model.FailureCauseModification>
          </modifications>
        </com.sonyericsson.jenkins.plugins.bfa.model.FailureCause>
      </entry>
      <entry>
        <string>3e38984a-38f3-4028-8752-85e42cee67fc</string>
        <com.sonyericsson.jenkins.plugins.bfa.model.FailureCause>
          <id>3e38984a-38f3-4028-8752-85e42cee67fc</id>
          <name>Disk Full</name>
          <description>We ran out of space on the build slave - delete something.</description>
          <comment></comment>
          <indications>
            <com.sonyericsson.jenkins.plugins.bfa.model.indication.BuildLogIndication>
              <pattern>error: write: .*: There is not enough space on the disk..*</pattern>
            </com.sonyericsson.jenkins.plugins.bfa.model.indication.BuildLogIndication>
          </indications>
          <modifications class="linked-list">
            <com.sonyericsson.jenkins.plugins.bfa.model.FailureCauseModification>
              <user>jens.brejner</user>
              <time>2018-05-03 16:36:11.585 UTC</time>
            </com.sonyericsson.jenkins.plugins.bfa.model.FailureCauseModification>
          </modifications>
        </com.sonyericsson.jenkins.plugins.bfa.model.FailureCause>
      </entry>
      <entry>
        <string>dd3c1c81-71ab-4718-8f9c-c7d07b6432a3</string>
        <com.sonyericsson.jenkins.plugins.bfa.model.FailureCause>
          <id>dd3c1c81-71ab-4718-8f9c-c7d07b6432a3</id>
          <name>Invalid Resx file. Access to the path</name>
          <description>Bug in Visual Studio 2017 update 2 - install update 3 </description>
          <comment>https://developercommunity.visualstudio.com/content/problem/51550/compiling-a-readonly-restext-file-fails-for-net-st.html </comment>
          <indications>
            <com.sonyericsson.jenkins.plugins.bfa.model.indication.BuildLogIndication>
              <pattern>^.+ : error MSB3103: Invalid Resx file. Access to the path .* is denied.*$</pattern>
            </com.sonyericsson.jenkins.plugins.bfa.model.indication.BuildLogIndication>
          </indications>
          <modifications class="linked-list">
            <com.sonyericsson.jenkins.plugins.bfa.model.FailureCauseModification>
              <user>jenbre</user>
              <time>2017-09-11 08:48:35.111 UTC</time>
            </com.sonyericsson.jenkins.plugins.bfa.model.FailureCauseModification>
            <com.sonyericsson.jenkins.plugins.bfa.model.FailureCauseModification>
              <user>jenbre</user>
              <time>2017-09-11 08:33:25.173 UTC</time>
            </com.sonyericsson.jenkins.plugins.bfa.model.FailureCauseModification>
          </modifications>
        </com.sonyericsson.jenkins.plugins.bfa.model.FailureCause>
      </entry>
      <entry>
        <string>03eb6c67-fd20-4775-82d4-6ae9d75719fe</string>
        <com.sonyericsson.jenkins.plugins.bfa.model.FailureCause>
          <id>03eb6c67-fd20-4775-82d4-6ae9d75719fe</id>
          <name>Missing using directive or assembly reference</name>
          <description>error CS1061: .* does not contain a definition for .* and no extension method .* accepting a first argument of type .* could be found</description>
          <comment>.* error CS1061: .* does not contain a definition for .* and no extension method .* accepting a first argument of type .* could be found (are you missing a using directive or an assembly reference?) </comment>
          <categories class="java.util.Arrays$ArrayList">
            <a class="string-array">
              <string>ErrorInCode</string>
            </a>
          </categories>
          <indications>
            <com.sonyericsson.jenkins.plugins.bfa.model.indication.BuildLogIndication>
              <pattern>.* error CS1061: .* does not contain a definition for .* and no extension method .* accepting a first argument of type .* could be found .*</pattern>
            </com.sonyericsson.jenkins.plugins.bfa.model.indication.BuildLogIndication>
          </indications>
          <modifications class="linked-list">
            <com.sonyericsson.jenkins.plugins.bfa.model.FailureCauseModification>
              <user>jens.brejner</user>
              <time>2019-02-28 14:11:16.50 UTC</time>
            </com.sonyericsson.jenkins.plugins.bfa.model.FailureCauseModification>
          </modifications>
        </com.sonyericsson.jenkins.plugins.bfa.model.FailureCause>
      </entry>
      <entry>
        <string>aecaf187-c4e0-4210-ae51-fde328439f3a</string>
        <com.sonyericsson.jenkins.plugins.bfa.model.FailureCause>
          <id>aecaf187-c4e0-4210-ae51-fde328439f3a</id>
          <name>System.Threading.Tasks.TaskCanceledException - A task was canceled.</name>
          <description>This is seen sometimes during UnitTest execution - I have no idea what triggers it. Vstest.console.exe appearantly does NOT catch this as an error, so I scan for it with Console Log Parser. For the solution where this occurs, the unit tests are actually failing on my development machine - so try to run all UnitTest&apos;s on your dev machine.

</description>
          <comment></comment>
          <categories class="java.util.Arrays$ArrayList">
            <a class="string-array">
              <string>ErrorInCode</string>
            </a>
          </categories>
          <indications>
            <com.sonyericsson.jenkins.plugins.bfa.model.indication.BuildLogIndication>
              <pattern>Unhandled Exception: System.Threading.Tasks.TaskCanceledException: A task was canceled.</pattern>
            </com.sonyericsson.jenkins.plugins.bfa.model.indication.BuildLogIndication>
          </indications>
          <modifications class="linked-list">
            <com.sonyericsson.jenkins.plugins.bfa.model.FailureCauseModification>
              <user>jens.brejner</user>
              <time>2018-09-03 11:18:24.730 UTC</time>
            </com.sonyericsson.jenkins.plugins.bfa.model.FailureCauseModification>
          </modifications>
        </com.sonyericsson.jenkins.plugins.bfa.model.FailureCause>
      </entry>
      <entry>
        <string>438021b1-7062-48b4-86a3-7f308ea91024</string>
        <com.sonyericsson.jenkins.plugins.bfa.model.FailureCause>
          <id>438021b1-7062-48b4-86a3-7f308ea91024</id>
          <name>Missing dependency</name>
          <description>${1,1}</description>
          <comment>Used in the &quot;WhichPackagesMustGoInAlpha&quot; build. Highligts if any dependencies are missing from the Proget server.</comment>
          <categories class="java.util.Arrays$ArrayList">
            <a class="string-array">
              <string>NuGet</string>
            </a>
          </categories>
          <indications>
            <com.sonyericsson.jenkins.plugins.bfa.model.indication.BuildLogIndication>
              <pattern>.*warning - A dependency is missing. (\S+.*)</pattern>
            </com.sonyericsson.jenkins.plugins.bfa.model.indication.BuildLogIndication>
          </indications>
          <modifications class="linked-list">
            <com.sonyericsson.jenkins.plugins.bfa.model.FailureCauseModification>
              <user>gustav.vinther-joerg</user>
              <time>2018-01-26 13:01:47.893 UTC</time>
            </com.sonyericsson.jenkins.plugins.bfa.model.FailureCauseModification>
            <com.sonyericsson.jenkins.plugins.bfa.model.FailureCauseModification>
              <user>gv-joergensen</user>
              <time>2017-11-03 12:58:49.572 UTC</time>
            </com.sonyericsson.jenkins.plugins.bfa.model.FailureCauseModification>
            <com.sonyericsson.jenkins.plugins.bfa.model.FailureCauseModification>
              <user>gv-joergensen</user>
              <time>2017-11-03 12:58:32.541 UTC</time>
            </com.sonyericsson.jenkins.plugins.bfa.model.FailureCauseModification>
            <com.sonyericsson.jenkins.plugins.bfa.model.FailureCauseModification>
              <user>gv-joergensen</user>
              <time>2017-11-03 12:53:20.876 UTC</time>
            </com.sonyericsson.jenkins.plugins.bfa.model.FailureCauseModification>
            <com.sonyericsson.jenkins.plugins.bfa.model.FailureCauseModification>
              <user>gv-joergensen</user>
              <time>2017-11-03 12:52:02.322 UTC</time>
            </com.sonyericsson.jenkins.plugins.bfa.model.FailureCauseModification>
            <com.sonyericsson.jenkins.plugins.bfa.model.FailureCauseModification>
              <user>gv-joergensen</user>
              <time>2017-11-03 12:48:37.988 UTC</time>
            </com.sonyericsson.jenkins.plugins.bfa.model.FailureCauseModification>
            <com.sonyericsson.jenkins.plugins.bfa.model.FailureCauseModification>
              <user>gv-joergensen</user>
              <time>2017-11-03 12:44:03.51 UTC</time>
            </com.sonyericsson.jenkins.plugins.bfa.model.FailureCauseModification>
            <com.sonyericsson.jenkins.plugins.bfa.model.FailureCauseModification>
              <user>gv-joergensen</user>
              <time>2017-11-03 12:43:12.616 UTC</time>
            </com.sonyericsson.jenkins.plugins.bfa.model.FailureCauseModification>
            <com.sonyericsson.jenkins.plugins.bfa.model.FailureCauseModification>
              <user>gv-joergensen</user>
              <time>2017-11-03 12:42:33.59 UTC</time>
            </com.sonyericsson.jenkins.plugins.bfa.model.FailureCauseModification>
            <com.sonyericsson.jenkins.plugins.bfa.model.FailureCauseModification>
              <user>gv-joergensen</user>
              <time>2017-11-03 12:41:39.276 UTC</time>
            </com.sonyericsson.jenkins.plugins.bfa.model.FailureCauseModification>
            <com.sonyericsson.jenkins.plugins.bfa.model.FailureCauseModification>
              <user>gv-joergensen</user>
              <time>2017-11-03 12:38:54.78 UTC</time>
            </com.sonyericsson.jenkins.plugins.bfa.model.FailureCauseModification>
            <com.sonyericsson.jenkins.plugins.bfa.model.FailureCauseModification>
              <user>gv-joergensen</user>
              <time>2017-11-03 12:35:00.372 UTC</time>
            </com.sonyericsson.jenkins.plugins.bfa.model.FailureCauseModification>
            <com.sonyericsson.jenkins.plugins.bfa.model.FailureCauseModification>
              <user>gv-joergensen</user>
              <time>2017-11-03 12:30:38.646 UTC</time>
            </com.sonyericsson.jenkins.plugins.bfa.model.FailureCauseModification>
            <com.sonyericsson.jenkins.plugins.bfa.model.FailureCauseModification>
              <user>gv-joergensen</user>
              <time>2017-11-03 12:30:28.5 UTC</time>
            </com.sonyericsson.jenkins.plugins.bfa.model.FailureCauseModification>
            <com.sonyericsson.jenkins.plugins.bfa.model.FailureCauseModification>
              <user>gv-joergensen</user>
              <time>2017-11-03 10:27:18.631 UTC</time>
            </com.sonyericsson.jenkins.plugins.bfa.model.FailureCauseModification>
          </modifications>
        </com.sonyericsson.jenkins.plugins.bfa.model.FailureCause>
      </entry>
      <entry>
        <string>74fcd538-7ad5-4b2e-a7ee-a6b723b53abe</string>
        <com.sonyericsson.jenkins.plugins.bfa.model.FailureCause>
          <id>74fcd538-7ad5-4b2e-a7ee-a6b723b53abe</id>
          <name>Could not find SCM configuration in build job</name>
          <description>For some reason the Perforce configuration has been removed from the build job configuration.
Add it again to prevent AddToBuildQueue from failing.</description>
          <comment>Cannot cast object &apos;hudson.scm.NullSCM@96f769d&apos; with class &apos;hudson.scm.NullSCM&apos; to class &apos;hudson.plugins.perforce.PerforceSCM&apos;</comment>
          <indications>
            <com.sonyericsson.jenkins.plugins.bfa.model.indication.BuildLogIndication>
              <pattern>.*Cannot cast object &apos;hudson.scm.NullSCM@\S+&apos; with class &apos;hudson.scm.NullSCM&apos; to class &apos;hudson.plugins.perforce.PerforceSCM&apos;.*</pattern>
            </com.sonyericsson.jenkins.plugins.bfa.model.indication.BuildLogIndication>
          </indications>
          <modifications class="linked-list">
            <com.sonyericsson.jenkins.plugins.bfa.model.FailureCauseModification>
              <user>larhjo</user>
              <time>2017-12-20 08:47:27.287 UTC</time>
            </com.sonyericsson.jenkins.plugins.bfa.model.FailureCauseModification>
            <com.sonyericsson.jenkins.plugins.bfa.model.FailureCauseModification>
              <user>larhjo</user>
              <time>2017-12-20 08:43:12.636 UTC</time>
            </com.sonyericsson.jenkins.plugins.bfa.model.FailureCauseModification>
          </modifications>
        </com.sonyericsson.jenkins.plugins.bfa.model.FailureCause>
      </entry>
      <entry>
        <string>495c1177-831d-4e67-bb88-ab8c0ab7317d</string>
        <com.sonyericsson.jenkins.plugins.bfa.model.FailureCause>
          <id>495c1177-831d-4e67-bb88-ab8c0ab7317d</id>
          <name>The type or namespace name X does not exist in the namespace</name>
          <description>Non existing namespace name - assembly reference ?</description>
          <comment></comment>
          <categories class="java.util.Arrays$ArrayList">
            <a class="string-array">
              <string>CompilerError</string>
            </a>
          </categories>
          <indications>
            <com.sonyericsson.jenkins.plugins.bfa.model.indication.BuildLogIndication>
              <pattern>.*error CS\d+: The type or namespace name \S+ does not exist in the namespace \S+ \(are you missing an assembly reference\?\).*</pattern>
            </com.sonyericsson.jenkins.plugins.bfa.model.indication.BuildLogIndication>
          </indications>
          <modifications class="linked-list">
            <com.sonyericsson.jenkins.plugins.bfa.model.FailureCauseModification>
              <user>jenbre</user>
              <time>2016-08-30 08:54:15.600 UTC</time>
            </com.sonyericsson.jenkins.plugins.bfa.model.FailureCauseModification>
            <com.sonyericsson.jenkins.plugins.bfa.model.FailureCauseModification>
              <user>jenbre</user>
              <time>2016-08-17 08:57:17.773 UTC</time>
            </com.sonyericsson.jenkins.plugins.bfa.model.FailureCauseModification>
            <com.sonyericsson.jenkins.plugins.bfa.model.FailureCauseModification>
              <user>jenbre</user>
              <time>2016-08-17 08:56:15.309 UTC</time>
            </com.sonyericsson.jenkins.plugins.bfa.model.FailureCauseModification>
            <com.sonyericsson.jenkins.plugins.bfa.model.FailureCauseModification>
              <user>jenbre</user>
              <time>2016-08-17 08:54:34.518 UTC</time>
            </com.sonyericsson.jenkins.plugins.bfa.model.FailureCauseModification>
          </modifications>
        </com.sonyericsson.jenkins.plugins.bfa.model.FailureCause>
      </entry>
      <entry>
        <string>288964d0-4d47-43b5-bfad-8ab3f0e6e1b8</string>
        <com.sonyericsson.jenkins.plugins.bfa.model.FailureCause>
          <id>288964d0-4d47-43b5-bfad-8ab3f0e6e1b8</id>
          <name>nUnitTimeout</name>
          <description>nUnit Tests timed out</description>
          <comment> Execution timed out after 15 minutes.



Hence, the normal unit test log files has not been generated.
</comment>
          <categories class="java.util.Arrays$ArrayList">
            <a class="string-array">
              <string>OTOsuite</string>
              <string>nNunit</string>
            </a>
          </categories>
          <indications>
            <com.sonyericsson.jenkins.plugins.bfa.model.indication.BuildLogIndication>
              <pattern>.*Execution timed out after 15 minutes.*</pattern>
            </com.sonyericsson.jenkins.plugins.bfa.model.indication.BuildLogIndication>
          </indications>
          <modifications class="linked-list">
            <com.sonyericsson.jenkins.plugins.bfa.model.FailureCauseModification>
              <user>jenbre</user>
              <time>2016-11-23 16:33:59.704 UTC</time>
            </com.sonyericsson.jenkins.plugins.bfa.model.FailureCauseModification>
          </modifications>
        </com.sonyericsson.jenkins.plugins.bfa.model.FailureCause>
      </entry>
      <entry>
        <string>8a2b9668-7478-454b-820f-c2bf33bbd71d</string>
        <com.sonyericsson.jenkins.plugins.bfa.model.FailureCause>
          <id>8a2b9668-7478-454b-820f-c2bf33bbd71d</id>
          <name>Package not added correctly</name>
          <description>Nuget Package was not added properly. The developer possibly forgot to submit packages.config.</description>
          <comment>Check out, the relelvant packages.config, and diff it - we expect at least one new line. Submit the properly modify file.</comment>
          <categories class="java.util.Arrays$ArrayList">
            <a class="string-array">
              <string>ErrorInCode</string>
            </a>
          </categories>
          <indications>
            <com.sonyericsson.jenkins.plugins.bfa.model.indication.BuildLogIndication>
              <pattern>.*: error : This project references NuGet package.*that are missing on this computer. Use NuGet Package Restore to download them.*</pattern>
            </com.sonyericsson.jenkins.plugins.bfa.model.indication.BuildLogIndication>
          </indications>
          <modifications class="linked-list">
            <com.sonyericsson.jenkins.plugins.bfa.model.FailureCauseModification>
              <user>jens.brejner</user>
              <time>2018-07-09 12:50:29.46 UTC</time>
            </com.sonyericsson.jenkins.plugins.bfa.model.FailureCauseModification>
          </modifications>
        </com.sonyericsson.jenkins.plugins.bfa.model.FailureCause>
      </entry>
      <entry>
        <string>6fa7fd22-7dc1-49a8-8a42-a8b080c96827</string>
        <com.sonyericsson.jenkins.plugins.bfa.model.FailureCause>
          <id>6fa7fd22-7dc1-49a8-8a42-a8b080c96827</id>
          <name>No implementation Tests...</name>
          <description>WARNING: Did not find any UnitTests in this solution</description>
          <comment></comment>
          <indications>
            <com.sonyericsson.jenkins.plugins.bfa.model.indication.BuildLogIndication>
              <pattern>WARNING - Did not find any UnitTests in this solution</pattern>
            </com.sonyericsson.jenkins.plugins.bfa.model.indication.BuildLogIndication>
          </indications>
          <modifications class="linked-list">
            <com.sonyericsson.jenkins.plugins.bfa.model.FailureCauseModification>
              <user>jens.brejner</user>
              <time>2018-06-12 13:52:19.659 UTC</time>
            </com.sonyericsson.jenkins.plugins.bfa.model.FailureCauseModification>
            <com.sonyericsson.jenkins.plugins.bfa.model.FailureCauseModification>
              <user>jens.brejner</user>
              <time>2018-06-12 11:14:56.29 UTC</time>
            </com.sonyericsson.jenkins.plugins.bfa.model.FailureCauseModification>
            <com.sonyericsson.jenkins.plugins.bfa.model.FailureCauseModification>
              <user>jens.brejner</user>
              <time>2018-06-12 11:14:28.727 UTC</time>
            </com.sonyericsson.jenkins.plugins.bfa.model.FailureCauseModification>
          </modifications>
        </com.sonyericsson.jenkins.plugins.bfa.model.FailureCause>
      </entry>
      <entry>
        <string>76b0dae0-7c8f-4f48-8506-f3ec7d398146</string>
        <com.sonyericsson.jenkins.plugins.bfa.model.FailureCause>
          <id>76b0dae0-7c8f-4f48-8506-f3ec7d398146</id>
          <name>The type &quot;something&quot; is defined in an assembly that is not referenced</name>
          <description>The type &quot;something&quot; is defined in an assembly that is not referenced</description>
          <comment>Maybe this link can help you

https://stackoverflow.com/questions/20660999/the-type-is-defined-in-an-assembly-that-is-not-referenced-how-to-find-the-cause</comment>
          <categories class="java.util.Arrays$ArrayList">
            <a class="string-array">
              <string>ErrorInCode</string>
            </a>
          </categories>
          <indications>
            <com.sonyericsson.jenkins.plugins.bfa.model.indication.BuildLogIndication>
              <pattern>.*error CS0012: The type \S+ is defined in an assembly that is not referenced. You must add a reference to assembly.*</pattern>
            </com.sonyericsson.jenkins.plugins.bfa.model.indication.BuildLogIndication>
          </indications>
          <modifications class="linked-list">
            <com.sonyericsson.jenkins.plugins.bfa.model.FailureCauseModification>
              <user>jenbre</user>
              <time>2017-12-21 12:04:51.505 UTC</time>
            </com.sonyericsson.jenkins.plugins.bfa.model.FailureCauseModification>
          </modifications>
        </com.sonyericsson.jenkins.plugins.bfa.model.FailureCause>
      </entry>
      <entry>
        <string>13c8625f-2b16-4257-b53c-ce6d1933cc99</string>
        <com.sonyericsson.jenkins.plugins.bfa.model.FailureCause>
          <id>13c8625f-2b16-4257-b53c-ce6d1933cc99</id>
          <name>Assembly is not strongly named</name>
          <description>Found an assembly which is not strongly named.&lt;br&gt;
This is just a warning, but if you read this please enable signing of the assembly in the project that produced that assembly.&lt;br&gt;
Contact Configuration Manager if you think the assembly should be whitelisted instead.
</description>
          <comment>does not represent a strongly named assembly</comment>
          <indications>
            <com.sonyericsson.jenkins.plugins.bfa.model.indication.BuildLogIndication>
              <pattern>.*Not strongly named file.*</pattern>
            </com.sonyericsson.jenkins.plugins.bfa.model.indication.BuildLogIndication>
          </indications>
          <modifications class="linked-list">
            <com.sonyericsson.jenkins.plugins.bfa.model.FailureCauseModification>
              <user>jens.brejner</user>
              <time>2019-02-11 17:25:55.850 UTC</time>
            </com.sonyericsson.jenkins.plugins.bfa.model.FailureCauseModification>
            <com.sonyericsson.jenkins.plugins.bfa.model.FailureCauseModification>
              <user>jens.brejner</user>
              <time>2019-01-25 12:01:45.942 UTC</time>
            </com.sonyericsson.jenkins.plugins.bfa.model.FailureCauseModification>
            <com.sonyericsson.jenkins.plugins.bfa.model.FailureCauseModification>
              <user>jens.brejner</user>
              <time>2019-01-25 11:59:27.422 UTC</time>
            </com.sonyericsson.jenkins.plugins.bfa.model.FailureCauseModification>
          </modifications>
        </com.sonyericsson.jenkins.plugins.bfa.model.FailureCause>
      </entry>
      <entry>
        <string>1564b0de-a5c0-47f6-a0dd-206295cbd3e4</string>
        <com.sonyericsson.jenkins.plugins.bfa.model.FailureCause>
          <id>1564b0de-a5c0-47f6-a0dd-206295cbd3e4</id>
          <name>CS0266 Cannot implicitly convert type...</name>
          <description> error CS0266: Cannot implicitly convert type A to B. An explicit conversion exists (are you missing a cast?) </description>
          <comment></comment>
          <categories class="java.util.Arrays$ArrayList">
            <a class="string-array">
              <string>ErrorInCode</string>
            </a>
          </categories>
          <indications>
            <com.sonyericsson.jenkins.plugins.bfa.model.indication.BuildLogIndication>
              <pattern>.* error CS0266\: Cannot implicitly convert type &apos;\S+&apos; to &apos;\S+&apos;. An explicit conversion exists.*</pattern>
            </com.sonyericsson.jenkins.plugins.bfa.model.indication.BuildLogIndication>
          </indications>
          <modifications class="linked-list">
            <com.sonyericsson.jenkins.plugins.bfa.model.FailureCauseModification>
              <user>jenbre</user>
              <time>2017-12-22 12:19:43.364 UTC</time>
            </com.sonyericsson.jenkins.plugins.bfa.model.FailureCauseModification>
          </modifications>
        </com.sonyericsson.jenkins.plugins.bfa.model.FailureCause>
      </entry>
      <entry>
        <string>5f55f02c-e57d-44fc-b2e1-3eaef7d50404</string>
        <com.sonyericsson.jenkins.plugins.bfa.model.FailureCause>
          <id>5f55f02c-e57d-44fc-b2e1-3eaef7d50404</id>
          <name>Script Security Violation.</name>
          <description>&lt;p&gt;Jenkins Script Security found an unapproved  method call:&lt;b&gt; ${1,1}&lt;/b&gt;&lt;br&gt;
Contact Jenkins Administrator.
&lt;/p&gt;
</description>
          <comment></comment>
          <categories class="java.util.Arrays$ArrayList">
            <a class="string-array">
              <string>JenkinsConfiguration</string>
            </a>
          </categories>
          <indications>
            <com.sonyericsson.jenkins.plugins.bfa.model.indication.BuildLogIndication>
              <pattern>.*org.jenkinsci.plugins.scriptsecurity.sandbox.RejectedAccessException: Scripts not permitted to use (.*)</pattern>
            </com.sonyericsson.jenkins.plugins.bfa.model.indication.BuildLogIndication>
          </indications>
          <modifications class="linked-list">
            <com.sonyericsson.jenkins.plugins.bfa.model.FailureCauseModification>
              <user>jens.brejner</user>
              <time>2019-01-07 10:56:03.754 UTC</time>
            </com.sonyericsson.jenkins.plugins.bfa.model.FailureCauseModification>
            <com.sonyericsson.jenkins.plugins.bfa.model.FailureCauseModification>
              <user>jens.brejner</user>
              <time>2019-01-07 10:54:57.561 UTC</time>
            </com.sonyericsson.jenkins.plugins.bfa.model.FailureCauseModification>
          </modifications>
        </com.sonyericsson.jenkins.plugins.bfa.model.FailureCause>
      </entry>
      <entry>
        <string>d4c5b653-435f-43dc-b9d6-b95785891564</string>
        <com.sonyericsson.jenkins.plugins.bfa.model.FailureCause>
          <id>d4c5b653-435f-43dc-b9d6-b95785891564</id>
          <name>Workspace eventually corrupted.</name>
          <description>Perforce believed a file was checked out to this workspace, so the file was not restored - but the file does not exist in the workspace...</description>
          <comment>Ask buildmaster to remove the perforce workspace</comment>
          <categories class="java.util.Arrays$ArrayList">
            <a class="string-array">
              <string>Perforce</string>
              <string>JenkinsConfiguration</string>
              <string>SolutionTest</string>
            </a>
          </categories>
          <indications>
            <com.sonyericsson.jenkins.plugins.bfa.model.indication.MultilineBuildLogIndication>
              <pattern>Test method Gno.Tools.SolutionTest.SolutionFileTest.Test_Solution_FollowPatterns threw exception:(.*\s)System.IO.FileNotFoundException: Could not find file</pattern>
            </com.sonyericsson.jenkins.plugins.bfa.model.indication.MultilineBuildLogIndication>
          </indications>
          <modifications class="linked-list">
            <com.sonyericsson.jenkins.plugins.bfa.model.FailureCauseModification>
              <user>jens.brejner</user>
              <time>2018-04-16 07:31:53.983 UTC</time>
            </com.sonyericsson.jenkins.plugins.bfa.model.FailureCauseModification>
          </modifications>
        </com.sonyericsson.jenkins.plugins.bfa.model.FailureCause>
      </entry>
      <entry>
        <string>64d305ae-dc81-4015-888c-dca2b36b50c1</string>
        <com.sonyericsson.jenkins.plugins.bfa.model.FailureCause>
          <id>64d305ae-dc81-4015-888c-dca2b36b50c1</id>
          <name>SignTool Error The specified PFX password is not correct</name>
          <description>You may see this when the when the job is using the _Template.SignExecutable job.&lt;br&gt;
&lt;b&gt;NOTE&lt;/b&gt; You must &lt;b&gt;enable&lt;/b&gt; the &lt;i&gt;Mask passwords and regexes (and enable global passwords)&lt;/i&gt; setting in this job</description>
          <comment></comment>
          <indications>
            <com.sonyericsson.jenkins.plugins.bfa.model.indication.BuildLogIndication>
              <pattern>.*SignTool Error: The specified PFX password is not correct.*</pattern>
            </com.sonyericsson.jenkins.plugins.bfa.model.indication.BuildLogIndication>
          </indications>
          <modifications class="linked-list">
            <com.sonyericsson.jenkins.plugins.bfa.model.FailureCauseModification>
              <user>jenbre</user>
              <time>2018-01-04 13:02:30.787 UTC</time>
            </com.sonyericsson.jenkins.plugins.bfa.model.FailureCauseModification>
            <com.sonyericsson.jenkins.plugins.bfa.model.FailureCauseModification>
              <user>jenbre</user>
              <time>2018-01-04 13:00:39.182 UTC</time>
            </com.sonyericsson.jenkins.plugins.bfa.model.FailureCauseModification>
          </modifications>
        </com.sonyericsson.jenkins.plugins.bfa.model.FailureCause>
      </entry>
      <entry>
        <string>3c28ecd1-c719-43d0-afcc-39dbfa4a17b6</string>
        <com.sonyericsson.jenkins.plugins.bfa.model.FailureCause>
          <id>3c28ecd1-c719-43d0-afcc-39dbfa4a17b6</id>
          <name>Unable to access upstream artifacts</name>
          <description>The job expected to use artifacts from an upstream build, but they were not found</description>
          <comment>Was the upstream job successful ? Or was this job started manually - outside expected sequence ?</comment>
          <indications>
            <com.sonyericsson.jenkins.plugins.bfa.model.indication.BuildLogIndication>
              <pattern>Unable to access upstream artifacts area .*\. Does source project archive artifacts\?</pattern>
            </com.sonyericsson.jenkins.plugins.bfa.model.indication.BuildLogIndication>
          </indications>
          <modifications class="linked-list">
            <com.sonyericsson.jenkins.plugins.bfa.model.FailureCauseModification>
              <user>jens.brejner</user>
              <time>2018-01-19 14:44:05.276 UTC</time>
            </com.sonyericsson.jenkins.plugins.bfa.model.FailureCauseModification>
          </modifications>
        </com.sonyericsson.jenkins.plugins.bfa.model.FailureCause>
      </entry>
      <entry>
        <string>9b3f367e-e613-4e30-8803-9382236d392d</string>
        <com.sonyericsson.jenkins.plugins.bfa.model.FailureCause>
          <id>9b3f367e-e613-4e30-8803-9382236d392d</id>
          <name>Hidden, inherited member in code</name>
          <description>Premature submit ? At least this can not be compiled</description>
          <comment></comment>
          <categories class="java.util.Arrays$ArrayList">
            <a class="string-array">
              <string>ErrorInCode</string>
            </a>
          </categories>
          <indications>
            <com.sonyericsson.jenkins.plugins.bfa.model.indication.BuildLogIndication>
              <pattern>.* error CS0108: &apos;.*&apos; hides inherited member &apos;.*&apos;\. Use the new keyword if hiding was intended\..*\[.*\]</pattern>
            </com.sonyericsson.jenkins.plugins.bfa.model.indication.BuildLogIndication>
          </indications>
          <modifications class="linked-list">
            <com.sonyericsson.jenkins.plugins.bfa.model.FailureCauseModification>
              <user>jens.brejner</user>
              <time>2018-06-18 08:17:49.187 UTC</time>
            </com.sonyericsson.jenkins.plugins.bfa.model.FailureCauseModification>
          </modifications>
        </com.sonyericsson.jenkins.plugins.bfa.model.FailureCause>
      </entry>
      <entry>
        <string>7695855a-f39a-49aa-b885-1e7a8ca3b2a8</string>
        <com.sonyericsson.jenkins.plugins.bfa.model.FailureCause>
          <id>7695855a-f39a-49aa-b885-1e7a8ca3b2a8</id>
          <name>Prerelease dependency in stable package</name>
          <description>Prerelease dependency in stable package is not allowed. Change the package to alpha.</description>
          <comment>NuGet ERROR : warning : Solution: Either modify the version spec of dependency &quot;Gno.Modules.ReportBuilder.ReportBuilderModel.Interface [4.4.6-alpha00100, )&quot; or update the version field in the nuspec. [C:\JS\AAA18_Reports.Hit\Src\Modules\Hit\GnoHit.Data.InterfacePackage\GnoHit.Data.InterfacePackage.csproj]</comment>
          <categories class="java.util.Arrays$ArrayList">
            <a class="string-array">
              <string>ErrorInCode</string>
            </a>
          </categories>
          <indications>
            <com.sonyericsson.jenkins.plugins.bfa.model.indication.BuildLogIndication>
              <pattern>NuGet ERROR : warning : Solution: Either modify the version spec of dependency &quot;.*&quot; or update the version field in the nuspec. \[.*\]</pattern>
            </com.sonyericsson.jenkins.plugins.bfa.model.indication.BuildLogIndication>
          </indications>
          <modifications class="linked-list">
            <com.sonyericsson.jenkins.plugins.bfa.model.FailureCauseModification>
              <user>jens.brejner</user>
              <time>2018-02-02 16:08:51.32 UTC</time>
            </com.sonyericsson.jenkins.plugins.bfa.model.FailureCauseModification>
            <com.sonyericsson.jenkins.plugins.bfa.model.FailureCauseModification>
              <user>jenbre</user>
              <time>2018-01-04 13:36:04.950 UTC</time>
            </com.sonyericsson.jenkins.plugins.bfa.model.FailureCauseModification>
          </modifications>
        </com.sonyericsson.jenkins.plugins.bfa.model.FailureCause>
      </entry>
      <entry>
        <string>1debaff8-2da1-4aed-bd6a-8deb0fc39ffe</string>
        <com.sonyericsson.jenkins.plugins.bfa.model.FailureCause>
          <id>1debaff8-2da1-4aed-bd6a-8deb0fc39ffe</id>
          <name>Symlinks could be messed up</name>
          <description>This one is specific to Shelves.CleanOld job. &lt;br&gt;Look for an null exception in Jenkins Log ( not this job log)&lt;br&gt;
If found log on at Jenkins Master host, and browse to the job folder of the job which we are trying to shelve. Look for .symlink file, with zero byte length - and delete them.&lt;br&gt;
The bold stop Jenkins service, run this powershell shell snippet &lt;b&gt;&lt;code&gt; Get-ChildItem -Path E:\JenkinsData\jobs -recurse -force | Where-Object {$_.LinkType -eq &apos;SymbolicLink&apos; -and $_.Length -eq 0} | Remove-Item&lt;/code&gt;&lt;/b&gt; and start the service again.</description>
          <comment></comment>
          <indications>
            <com.sonyericsson.jenkins.plugins.bfa.model.indication.BuildLogIndication>
              <pattern>.*java.lang.RuntimeException:\s+Timed out waiting for .* to disappear</pattern>
            </com.sonyericsson.jenkins.plugins.bfa.model.indication.BuildLogIndication>
          </indications>
          <modifications class="linked-list">
            <com.sonyericsson.jenkins.plugins.bfa.model.FailureCauseModification>
              <user>jens.brejner</user>
              <time>2019-01-04 15:53:28.28 UTC</time>
            </com.sonyericsson.jenkins.plugins.bfa.model.FailureCauseModification>
            <com.sonyericsson.jenkins.plugins.bfa.model.FailureCauseModification>
              <user>jens.brejner</user>
              <time>2019-01-04 15:51:32.376 UTC</time>
            </com.sonyericsson.jenkins.plugins.bfa.model.FailureCauseModification>
          </modifications>
        </com.sonyericsson.jenkins.plugins.bfa.model.FailureCause>
      </entry>
      <entry>
        <string>9a059727-3c5a-4fba-bab5-6b7a93b40da3</string>
        <com.sonyericsson.jenkins.plugins.bfa.model.FailureCause>
          <id>9a059727-3c5a-4fba-bab5-6b7a93b40da3</id>
          <name>MSBUILD  error MSB1008</name>
          <description>This can be caused if the this Jenkins project utilizes an environment variable named MSB_OPTIONS to pass additional arguments to the msbuild build step. If such an variable exist in the project it must not be nothing - but a single white space is fine.
</description>
          <comment>MSBUILD : error MSB1008: Only one project can be specified.</comment>
          <categories class="java.util.Arrays$ArrayList">
            <a class="string-array">
              <string>JenkinsConfiguration</string>
            </a>
          </categories>
          <indications>
            <com.sonyericsson.jenkins.plugins.bfa.model.indication.BuildLogIndication>
              <pattern>.*MSBUILD \: error MSB1008\: Only one project can be specified\.</pattern>
            </com.sonyericsson.jenkins.plugins.bfa.model.indication.BuildLogIndication>
          </indications>
          <modifications class="linked-list">
            <com.sonyericsson.jenkins.plugins.bfa.model.FailureCauseModification>
              <user>jens.brejner</user>
              <time>2018-08-31 12:37:20.190 UTC</time>
            </com.sonyericsson.jenkins.plugins.bfa.model.FailureCauseModification>
          </modifications>
        </com.sonyericsson.jenkins.plugins.bfa.model.FailureCause>
      </entry>
      <entry>
        <string>5a0cbc47-d34e-42ae-ae76-632c1f555a7c</string>
        <com.sonyericsson.jenkins.plugins.bfa.model.FailureCause>
          <id>5a0cbc47-d34e-42ae-ae76-632c1f555a7c</id>
          <name>OTOsuite REPORTS Can not start</name>
          <description>Failed to launch application </description>
          <comment>ERROR:  OTOsuite REPORTS is still active, which is unexpected</comment>
          <indications>
            <com.sonyericsson.jenkins.plugins.bfa.model.indication.BuildLogIndication>
              <pattern>.*ERROR:  OTOsuite REPORTS is still active, which is unexpected.*</pattern>
            </com.sonyericsson.jenkins.plugins.bfa.model.indication.BuildLogIndication>
          </indications>
          <modifications class="linked-list">
            <com.sonyericsson.jenkins.plugins.bfa.model.FailureCauseModification>
              <user>jenbre</user>
              <time>2016-09-01 12:05:32.338 UTC</time>
            </com.sonyericsson.jenkins.plugins.bfa.model.FailureCauseModification>
          </modifications>
        </com.sonyericsson.jenkins.plugins.bfa.model.FailureCause>
      </entry>
      <entry>
        <string>bfc44434-c723-4133-91d2-75bda79b7cce</string>
        <com.sonyericsson.jenkins.plugins.bfa.model.FailureCause>
          <id>bfc44434-c723-4133-91d2-75bda79b7cce</id>
          <name>NuGet Package Missing</name>
          <description>This build expects a package that can not be found</description>
          <comment>Locate the build that should have produced the package which is missing, fix it&apos;s build problem (or start it manually, to figure out what is wrong) then come back to this build

</comment>
          <categories class="java.util.Arrays$ArrayList">
            <a class="string-array">
              <string>NugetPackages</string>
            </a>
          </categories>
          <indications>
            <com.sonyericsson.jenkins.plugins.bfa.model.indication.BuildLogIndication>
              <pattern>Unable to find version \S+ of package \S+</pattern>
            </com.sonyericsson.jenkins.plugins.bfa.model.indication.BuildLogIndication>
          </indications>
          <modifications class="linked-list">
            <com.sonyericsson.jenkins.plugins.bfa.model.FailureCauseModification>
              <user>jenbre</user>
              <time>2016-09-05 07:12:38.810 UTC</time>
            </com.sonyericsson.jenkins.plugins.bfa.model.FailureCauseModification>
            <com.sonyericsson.jenkins.plugins.bfa.model.FailureCauseModification>
              <user>jenbre</user>
              <time>2016-08-19 12:41:57.852 UTC</time>
            </com.sonyericsson.jenkins.plugins.bfa.model.FailureCauseModification>
          </modifications>
        </com.sonyericsson.jenkins.plugins.bfa.model.FailureCause>
      </entry>
      <entry>
        <string>7e6b80be-0afa-4789-8741-3f7ff10e9c59</string>
        <com.sonyericsson.jenkins.plugins.bfa.model.FailureCause>
          <id>7e6b80be-0afa-4789-8741-3f7ff10e9c59</id>
          <name>Unable to find a build for artifact from another job</name>
          <description>This job relies on copying something from another job. But that job could not be found or did not have the expected artifacts</description>
          <comment>Can happen if this job was not started in the proper sequence - or even manually....

</comment>
          <indications>
            <com.sonyericsson.jenkins.plugins.bfa.model.indication.BuildLogIndication>
              <pattern>ERROR\: Unable to find a build for artifact copy from.*</pattern>
            </com.sonyericsson.jenkins.plugins.bfa.model.indication.BuildLogIndication>
          </indications>
          <modifications class="linked-list">
            <com.sonyericsson.jenkins.plugins.bfa.model.FailureCauseModification>
              <user>jens.brejner</user>
              <time>2018-02-20 14:46:23.25 UTC</time>
            </com.sonyericsson.jenkins.plugins.bfa.model.FailureCauseModification>
            <com.sonyericsson.jenkins.plugins.bfa.model.FailureCauseModification>
              <user>jens.brejner</user>
              <time>2018-02-20 14:43:07.277 UTC</time>
            </com.sonyericsson.jenkins.plugins.bfa.model.FailureCauseModification>
          </modifications>
        </com.sonyericsson.jenkins.plugins.bfa.model.FailureCause>
      </entry>
      <entry>
        <string>48ba9ad0-48e4-4355-8d95-5feb405bda8a</string>
        <com.sonyericsson.jenkins.plugins.bfa.model.FailureCause>
          <id>48ba9ad0-48e4-4355-8d95-5feb405bda8a</id>
          <name>CS1501 No overload for method</name>
          <description>CS1501 No overload for method </description>
          <comment></comment>
          <categories class="java.util.Arrays$ArrayList">
            <a class="string-array">
              <string>CompilerError</string>
            </a>
          </categories>
          <indications>
            <com.sonyericsson.jenkins.plugins.bfa.model.indication.BuildLogIndication>
              <pattern>.*error CS1501: No overload for method \S+ takes \d* arguments.*</pattern>
            </com.sonyericsson.jenkins.plugins.bfa.model.indication.BuildLogIndication>
          </indications>
          <modifications class="linked-list">
            <com.sonyericsson.jenkins.plugins.bfa.model.FailureCauseModification>
              <user>jenbre</user>
              <time>2016-08-30 08:56:33.654 UTC</time>
            </com.sonyericsson.jenkins.plugins.bfa.model.FailureCauseModification>
            <com.sonyericsson.jenkins.plugins.bfa.model.FailureCauseModification>
              <user>jenbre</user>
              <time>2016-08-30 08:55:05.963 UTC</time>
            </com.sonyericsson.jenkins.plugins.bfa.model.FailureCauseModification>
            <com.sonyericsson.jenkins.plugins.bfa.model.FailureCauseModification>
              <user>jenbre</user>
              <time>2016-08-30 08:53:56.555 UTC</time>
            </com.sonyericsson.jenkins.plugins.bfa.model.FailureCauseModification>
            <com.sonyericsson.jenkins.plugins.bfa.model.FailureCauseModification>
              <user>jenbre</user>
              <time>2016-08-30 08:51:25.768 UTC</time>
            </com.sonyericsson.jenkins.plugins.bfa.model.FailureCauseModification>
          </modifications>
        </com.sonyericsson.jenkins.plugins.bfa.model.FailureCause>
      </entry>
      <entry>
        <string>3428621c-bc46-4d9c-8e5c-36281b293fbe</string>
        <com.sonyericsson.jenkins.plugins.bfa.model.FailureCause>
          <id>3428621c-bc46-4d9c-8e5c-36281b293fbe</id>
          <name>Unexpected release package on Proget Server</name>
          <description>When scanning release packages, we found one or more which we can not find in Perforce. The one on Proget should probably be deleted.</description>
          <comment></comment>
          <indications>
            <com.sonyericsson.jenkins.plugins.bfa.model.indication.MultilineBuildLogIndication>
              <pattern>attempting to push\.\.\..*File does not exist .*nupkg</pattern>
            </com.sonyericsson.jenkins.plugins.bfa.model.indication.MultilineBuildLogIndication>
          </indications>
          <modifications class="linked-list">
            <com.sonyericsson.jenkins.plugins.bfa.model.FailureCauseModification>
              <user>jenbre</user>
              <time>2017-10-13 12:05:08.846 UTC</time>
            </com.sonyericsson.jenkins.plugins.bfa.model.FailureCauseModification>
          </modifications>
        </com.sonyericsson.jenkins.plugins.bfa.model.FailureCause>
      </entry>
      <entry>
        <string>04ee45e8-4a90-4608-be2b-5485205559d5</string>
        <com.sonyericsson.jenkins.plugins.bfa.model.FailureCause>
          <id>04ee45e8-4a90-4608-be2b-5485205559d5</id>
          <name>Package reference Mismatch</name>
          <description>Package referenced in packages.config does not match version in project file.
Developer probably forgot to checkout packages.config - or was editing by hand.
Try downgrading the package in the solution - and then upgrade to latest, that usually rewrites to the correct version numbers in both files.</description>
          <comment></comment>
          <categories class="java.util.Arrays$ArrayList">
            <a class="string-array">
              <string>ErrorInCode</string>
              <string>SolutionTest</string>
            </a>
          </categories>
          <indications>
            <com.sonyericsson.jenkins.plugins.bfa.model.indication.BuildLogIndication>
              <pattern>Package reference Mismatch in Project reference and Package.Config file: In the File .* the reference to .* - Version .*, Does not match its counter part</pattern>
            </com.sonyericsson.jenkins.plugins.bfa.model.indication.BuildLogIndication>
          </indications>
          <modifications class="linked-list">
            <com.sonyericsson.jenkins.plugins.bfa.model.FailureCauseModification>
              <user>jens.brejner</user>
              <time>2018-04-17 12:24:41.998 UTC</time>
            </com.sonyericsson.jenkins.plugins.bfa.model.FailureCauseModification>
          </modifications>
        </com.sonyericsson.jenkins.plugins.bfa.model.FailureCause>
      </entry>
      <entry>
        <string>628556c5-82fa-491f-ba2c-fcd3ee6cb56a</string>
        <com.sonyericsson.jenkins.plugins.bfa.model.FailureCause>
          <id>628556c5-82fa-491f-ba2c-fcd3ee6cb56a</id>
          <name>Data error</name>
          <description>An error occured while getting the newest packages and their dependencies</description>
          <comment></comment>
          <indications>
            <com.sonyericsson.jenkins.plugins.bfa.model.indication.BuildLogIndication>
              <pattern>.*warning - Something went wrong while getting the latest dependency tree from the Proget server.*</pattern>
            </com.sonyericsson.jenkins.plugins.bfa.model.indication.BuildLogIndication>
          </indications>
          <modifications class="linked-list">
            <com.sonyericsson.jenkins.plugins.bfa.model.FailureCauseModification>
              <user>gv-joergensen</user>
              <time>2017-11-03 10:24:44.265 UTC</time>
            </com.sonyericsson.jenkins.plugins.bfa.model.FailureCauseModification>
          </modifications>
        </com.sonyericsson.jenkins.plugins.bfa.model.FailureCause>
      </entry>
      <entry>
        <string>4bdecfc9-c3e5-4716-9b46-f0d7dc5fbe4f</string>
        <com.sonyericsson.jenkins.plugins.bfa.model.FailureCause>
          <id>4bdecfc9-c3e5-4716-9b46-f0d7dc5fbe4f</id>
          <name>C1189 error  The C++ Standard Library forbids macroizing keywords</name>
          <description>We saw this after upgrading to Visual Studio 15.8 - so it is likely a bug in VS, for now we will NOT upgrade slaves to that version.</description>
          <comment>fatal error C1189: #error:  The C++ Standard Library forbids macroizing keywords. Enable warning C4005 to find the forbidden macro. </comment>
          <categories class="java.util.Arrays$ArrayList">
            <a class="string-array">
              <string>BuildEnvironment</string>
              <string>CompilerError</string>
            </a>
          </categories>
          <indications>
            <com.sonyericsson.jenkins.plugins.bfa.model.indication.BuildLogIndication>
              <pattern>.*fatal error C1189: #error:  The C\+\+ Standard Library forbids macroizing keywords. Enable warning C4005 to find the forbidden macro.*</pattern>
            </com.sonyericsson.jenkins.plugins.bfa.model.indication.BuildLogIndication>
          </indications>
          <modifications class="linked-list">
            <com.sonyericsson.jenkins.plugins.bfa.model.FailureCauseModification>
              <user>jens.brejner</user>
              <time>2018-08-16 08:10:33.850 UTC</time>
            </com.sonyericsson.jenkins.plugins.bfa.model.FailureCauseModification>
            <com.sonyericsson.jenkins.plugins.bfa.model.FailureCauseModification>
              <user>jens.brejner</user>
              <time>2018-08-16 08:09:23.753 UTC</time>
            </com.sonyericsson.jenkins.plugins.bfa.model.FailureCauseModification>
          </modifications>
        </com.sonyericsson.jenkins.plugins.bfa.model.FailureCause>
      </entry>
      <entry>
        <string>4c93e82f-283f-4e90-bc7f-be55f1367ef0</string>
        <com.sonyericsson.jenkins.plugins.bfa.model.FailureCause>
          <id>4c93e82f-283f-4e90-bc7f-be55f1367ef0</id>
          <name>OtoDocs.BuildDependencyCache failed to launch</name>
          <description>BuildDependencyCache failed to execute&lt;br&gt;
Could be a problem caused by outdated bind-redirect statements in it&apos;s app.config.</description>
          <comment>Gno.Applications.OtoDocs.BuildDependencyCache.App.OnStartup</comment>
          <categories class="java.util.Arrays$ArrayList">
            <a class="string-array">
              <string>ErrorInCode</string>
            </a>
          </categories>
          <indications>
            <com.sonyericsson.jenkins.plugins.bfa.model.indication.BuildLogIndication>
              <pattern>.*Gno.Applications.OtoDocs.BuildDependencyCache.App.OnStartup.*</pattern>
            </com.sonyericsson.jenkins.plugins.bfa.model.indication.BuildLogIndication>
          </indications>
          <modifications class="linked-list">
            <com.sonyericsson.jenkins.plugins.bfa.model.FailureCauseModification>
              <user>jens.brejner</user>
              <time>2019-04-05 08:03:49.937 UTC</time>
            </com.sonyericsson.jenkins.plugins.bfa.model.FailureCauseModification>
          </modifications>
        </com.sonyericsson.jenkins.plugins.bfa.model.FailureCause>
      </entry>
      <entry>
        <string>25161205-417f-485b-8daf-fffd78f8d9da</string>
        <com.sonyericsson.jenkins.plugins.bfa.model.FailureCause>
          <id>25161205-417f-485b-8daf-fffd78f8d9da</id>
          <name>com.tek42.perforce.PerforceException  Error in client specification</name>
          <description>com.tek42.perforce.PerforceException:  Error in client specification</description>
          <comment></comment>
          <categories class="java.util.Arrays$ArrayList">
            <a class="string-array">
              <string>JenkinsConfiguration</string>
            </a>
          </categories>
          <indications>
            <com.sonyericsson.jenkins.plugins.bfa.model.indication.BuildLogIndication>
              <pattern>com.tek42.perforce.PerforceException:  Error in client specification.*</pattern>
            </com.sonyericsson.jenkins.plugins.bfa.model.indication.BuildLogIndication>
          </indications>
          <modifications class="linked-list">
            <com.sonyericsson.jenkins.plugins.bfa.model.FailureCauseModification>
              <user>jens.brejner</user>
              <time>2019-05-14 17:38:33.876 UTC</time>
            </com.sonyericsson.jenkins.plugins.bfa.model.FailureCauseModification>
          </modifications>
        </com.sonyericsson.jenkins.plugins.bfa.model.FailureCause>
      </entry>
      <entry>
        <string>8c3b9064-9629-4bd4-93db-93d58ab158e6</string>
        <com.sonyericsson.jenkins.plugins.bfa.model.FailureCause>
          <id>8c3b9064-9629-4bd4-93db-93d58ab158e6</id>
          <name>Failure While creating coverage arguments</name>
          <description>Test execution argument cannot be created because there is no Tests in the solution.</description>
          <comment>Create one or more tests in the solutions - and make them good tests 
Error indicator does not point to the exact issue, but this happens because we are parsing the tests in the test assembly, but there is actually no tests</comment>
          <indications>
            <com.sonyericsson.jenkins.plugins.bfa.model.indication.BuildLogIndication>
              <pattern>.*at Gno.Tools.CreateTestCoverArgument.Program.WriteOpenCoverArg.*</pattern>
            </com.sonyericsson.jenkins.plugins.bfa.model.indication.BuildLogIndication>
          </indications>
          <modifications class="linked-list">
            <com.sonyericsson.jenkins.plugins.bfa.model.FailureCauseModification>
              <user>jenbre</user>
              <time>2016-10-13 09:24:07.460 UTC</time>
            </com.sonyericsson.jenkins.plugins.bfa.model.FailureCauseModification>
          </modifications>
        </com.sonyericsson.jenkins.plugins.bfa.model.FailureCause>
      </entry>
      <entry>
        <string>a49a22d2-0404-47af-9449-aebfb223d09d</string>
        <com.sonyericsson.jenkins.plugins.bfa.model.FailureCause>
          <id>a49a22d2-0404-47af-9449-aebfb223d09d</id>
          <name>Package already released</name>
          <description>ReleaseNuget Job attempted to release a package which already have been released.
This will happen if the source stream has been limited with respect to how many new, released packages it can &quot;see&quot;.
</description>
          <comment>Verify that the package exists in stream //OTOsuite/Packages/ then you can ignore for this package.
We would usually catch that the package exists earlier en the proces, when we decide if we should create the zip file which was used when calling ReleaseNuget Job.</comment>
          <indications>
            <com.sonyericsson.jenkins.plugins.bfa.model.indication.MultilineBuildLogIndication>
              <pattern>file \S+\.\d+\.\d+\.\d+\.nupkg.*already exists. Overwrite with</pattern>
            </com.sonyericsson.jenkins.plugins.bfa.model.indication.MultilineBuildLogIndication>
          </indications>
          <modifications class="linked-list">
            <com.sonyericsson.jenkins.plugins.bfa.model.FailureCauseModification>
              <user>jenbre</user>
              <time>2017-10-10 08:03:13.619 UTC</time>
            </com.sonyericsson.jenkins.plugins.bfa.model.FailureCauseModification>
            <com.sonyericsson.jenkins.plugins.bfa.model.FailureCauseModification>
              <user>jenbre</user>
              <time>2017-10-10 07:58:50.59 UTC</time>
            </com.sonyericsson.jenkins.plugins.bfa.model.FailureCauseModification>
          </modifications>
        </com.sonyericsson.jenkins.plugins.bfa.model.FailureCause>
      </entry>
      <entry>
        <string>b39388e5-3345-47cb-b650-338000bc47dc</string>
        <com.sonyericsson.jenkins.plugins.bfa.model.FailureCause>
          <id>b39388e5-3345-47cb-b650-338000bc47dc</id>
          <name> CS0200 - Property or indexer cannot be assigned to -- it is read only</name>
          <description>error CS0200: Property or indexer &lt;something&gt; cannot be assigned to -- it is read only
Did it compile on your machine ?</description>
          <comment></comment>
          <categories class="java.util.Arrays$ArrayList">
            <a class="string-array">
              <string>ErrorInCode</string>
            </a>
          </categories>
          <indications>
            <com.sonyericsson.jenkins.plugins.bfa.model.indication.BuildLogIndication>
              <pattern>.*error CS0200: Property or indexer .* cannot be assigned to -- it is read only.*</pattern>
            </com.sonyericsson.jenkins.plugins.bfa.model.indication.BuildLogIndication>
          </indications>
          <modifications class="linked-list">
            <com.sonyericsson.jenkins.plugins.bfa.model.FailureCauseModification>
              <user>jens.brejner</user>
              <time>2018-02-26 07:35:39.939 UTC</time>
            </com.sonyericsson.jenkins.plugins.bfa.model.FailureCauseModification>
          </modifications>
        </com.sonyericsson.jenkins.plugins.bfa.model.FailureCause>
      </entry>
      <entry>
        <string>e86bfd59-f338-48ff-a654-1c65b73886ed</string>
        <com.sonyericsson.jenkins.plugins.bfa.model.FailureCause>
          <id>e86bfd59-f338-48ff-a654-1c65b73886ed</id>
          <name>Files Missing in Perforce</name>
          <description>The SolutionTester can not find some files, did you forget to add them to Perforce</description>
          <comment></comment>
          <categories class="java.util.Arrays$ArrayList">
            <a class="string-array">
              <string>SolutionTest</string>
            </a>
          </categories>
          <indications>
            <com.sonyericsson.jenkins.plugins.bfa.model.indication.BuildLogIndication>
              <pattern>.*Project \S+ includes a file \S+ which are not found on disk..*</pattern>
            </com.sonyericsson.jenkins.plugins.bfa.model.indication.BuildLogIndication>
          </indications>
          <modifications class="linked-list">
            <com.sonyericsson.jenkins.plugins.bfa.model.FailureCauseModification>
              <user>jenbre</user>
              <time>2016-08-03 14:21:34.579 UTC</time>
            </com.sonyericsson.jenkins.plugins.bfa.model.FailureCauseModification>
          </modifications>
        </com.sonyericsson.jenkins.plugins.bfa.model.FailureCause>
      </entry>
      <entry>
        <string>7c034ba4-efea-4c37-912d-573adb29afe0</string>
        <com.sonyericsson.jenkins.plugins.bfa.model.FailureCause>
          <id>7c034ba4-efea-4c37-912d-573adb29afe0</id>
          <name>Failed Unit Tests</name>
          <description>Count of Failed Tests is not Zero</description>
          <comment>
</comment>
          <categories class="java.util.Arrays$ArrayList">
            <a class="string-array">
              <string>UnitTestFailure</string>
            </a>
          </categories>
          <indications>
            <com.sonyericsson.jenkins.plugins.bfa.model.indication.BuildLogIndication>
              <pattern>.*Total tests: \d+\. Passed: \d+\. Failed: [^0]*\. Skipped: \d+\..*</pattern>
            </com.sonyericsson.jenkins.plugins.bfa.model.indication.BuildLogIndication>
          </indications>
          <modifications class="linked-list">
            <com.sonyericsson.jenkins.plugins.bfa.model.FailureCauseModification>
              <user>jens.brejner</user>
              <time>2018-01-19 14:35:26.104 UTC</time>
            </com.sonyericsson.jenkins.plugins.bfa.model.FailureCauseModification>
            <com.sonyericsson.jenkins.plugins.bfa.model.FailureCauseModification>
              <user>jenbre</user>
              <time>2016-09-05 07:12:21.932 UTC</time>
            </com.sonyericsson.jenkins.plugins.bfa.model.FailureCauseModification>
            <com.sonyericsson.jenkins.plugins.bfa.model.FailureCauseModification>
              <user>jenbre</user>
              <time>2016-08-19 12:31:39.819 UTC</time>
            </com.sonyericsson.jenkins.plugins.bfa.model.FailureCauseModification>
          </modifications>
        </com.sonyericsson.jenkins.plugins.bfa.model.FailureCause>
      </entry>
      <entry>
        <string>1cb3b1c7-27d7-47a6-bf7b-a0603fa5f73b</string>
        <com.sonyericsson.jenkins.plugins.bfa.model.FailureCause>
          <id>1cb3b1c7-27d7-47a6-bf7b-a0603fa5f73b</id>
          <name>Gno.Suite.Kernel.BuildSomeThing Timed out</name>
          <description>Under Finalbuilder one of the Gno.Suite.Kernel.BuildSomeThing.exe&apos;s timed out</description>
          <comment></comment>
          <categories class="java.util.Arrays$ArrayList">
            <a class="string-array">
              <string>FinalBuilder</string>
            </a>
          </categories>
          <indications>
            <com.sonyericsson.jenkins.plugins.bfa.model.indication.MultilineBuildLogIndication>
              <pattern>Parameters: /c Gno.Suite.Kernel.Buil\S+\s+Output from C:\\Windows\\system32\\cmd.exe\s+\[End Message Group\]\s+Execution timed out after 1 minutes</pattern>
            </com.sonyericsson.jenkins.plugins.bfa.model.indication.MultilineBuildLogIndication>
          </indications>
          <modifications class="linked-list">
            <com.sonyericsson.jenkins.plugins.bfa.model.FailureCauseModification>
              <user>jenbre</user>
              <time>2017-11-29 09:02:59.88 UTC</time>
            </com.sonyericsson.jenkins.plugins.bfa.model.FailureCauseModification>
          </modifications>
        </com.sonyericsson.jenkins.plugins.bfa.model.FailureCause>
      </entry>
      <entry>
        <string>fc8d7cda-044d-4ec8-97fb-017fe4676eed</string>
        <com.sonyericsson.jenkins.plugins.bfa.model.FailureCause>
          <id>fc8d7cda-044d-4ec8-97fb-017fe4676eed</id>
          <name>File in perforce was modified elsewhere</name>
          <description>A file in perforce was modified by the build, and should have been commited to Perforce but is was also modified elsewhere</description>
          <comment></comment>
          <indications>
            <com.sonyericsson.jenkins.plugins.bfa.model.indication.BuildLogIndication>
              <pattern>.*Can&apos;t clobber writable file.*</pattern>
            </com.sonyericsson.jenkins.plugins.bfa.model.indication.BuildLogIndication>
          </indications>
          <modifications class="linked-list">
            <com.sonyericsson.jenkins.plugins.bfa.model.FailureCauseModification>
              <user>jens.brejner</user>
              <time>2019-03-26 11:48:39.728 UTC</time>
            </com.sonyericsson.jenkins.plugins.bfa.model.FailureCauseModification>
          </modifications>
        </com.sonyericsson.jenkins.plugins.bfa.model.FailureCause>
      </entry>
      <entry>
        <string>ce7801b0-4d23-4035-b4e4-62f84e18f7ae</string>
        <com.sonyericsson.jenkins.plugins.bfa.model.FailureCause>
          <id>ce7801b0-4d23-4035-b4e4-62f84e18f7ae</id>
          <name>No solution in scope produces the referenced assembly</name>
          <description>Hint!
If you remove an assembly from a package, CreateMakeJob will produce this warning because consumers still references the assembly until updated with Nuget Update.</description>
          <comment>No solution in scope produces the following output: &apos;Gno.Modules.Session.ClientModel.Interface&apos; referenced by ActionSerializer [1052.sln]

</comment>
          <indications>
            <com.sonyericsson.jenkins.plugins.bfa.model.indication.BuildLogIndication>
              <pattern>.*No solution in scope produces the following output:.*</pattern>
            </com.sonyericsson.jenkins.plugins.bfa.model.indication.BuildLogIndication>
          </indications>
          <modifications class="linked-list">
            <com.sonyericsson.jenkins.plugins.bfa.model.FailureCauseModification>
              <user>larhjo</user>
              <time>2017-10-26 12:15:04.433 UTC</time>
            </com.sonyericsson.jenkins.plugins.bfa.model.FailureCauseModification>
            <com.sonyericsson.jenkins.plugins.bfa.model.FailureCauseModification>
              <user>larhjo</user>
              <time>2017-10-26 09:52:32.998 UTC</time>
            </com.sonyericsson.jenkins.plugins.bfa.model.FailureCauseModification>
            <com.sonyericsson.jenkins.plugins.bfa.model.FailureCauseModification>
              <user>larhjo</user>
              <time>2017-10-26 09:51:54.146 UTC</time>
            </com.sonyericsson.jenkins.plugins.bfa.model.FailureCauseModification>
            <com.sonyericsson.jenkins.plugins.bfa.model.FailureCauseModification>
              <user>larhjo</user>
              <time>2017-10-26 09:50:29.692 UTC</time>
            </com.sonyericsson.jenkins.plugins.bfa.model.FailureCauseModification>
            <com.sonyericsson.jenkins.plugins.bfa.model.FailureCauseModification>
              <user>larhjo</user>
              <time>2017-10-26 09:46:56.272 UTC</time>
            </com.sonyericsson.jenkins.plugins.bfa.model.FailureCauseModification>
          </modifications>
        </com.sonyericsson.jenkins.plugins.bfa.model.FailureCause>
      </entry>
      <entry>
        <string>5befa6c5-b986-45df-b170-ec3c6005c8bc</string>
        <com.sonyericsson.jenkins.plugins.bfa.model.FailureCause>
          <id>5befa6c5-b986-45df-b170-ec3c6005c8bc</id>
          <name>error CS7036 There is no argument given that corresponds to the required formal parameter</name>
          <description>error CS7036: There is no argument given that corresponds to the required formal parameter</description>
          <comment></comment>
          <categories class="java.util.Arrays$ArrayList">
            <a class="string-array">
              <string>ErrorInCode</string>
            </a>
          </categories>
          <indications>
            <com.sonyericsson.jenkins.plugins.bfa.model.indication.BuildLogIndication>
              <pattern>.*error CS7036: There is no argument given that corresponds to the required formal parameter.*</pattern>
            </com.sonyericsson.jenkins.plugins.bfa.model.indication.BuildLogIndication>
          </indications>
          <modifications class="linked-list">
            <com.sonyericsson.jenkins.plugins.bfa.model.FailureCauseModification>
              <user>jens.brejner</user>
              <time>2019-01-31 12:13:50.139 UTC</time>
            </com.sonyericsson.jenkins.plugins.bfa.model.FailureCauseModification>
          </modifications>
        </com.sonyericsson.jenkins.plugins.bfa.model.FailureCause>
      </entry>
      <entry>
        <string>07aeecd8-00bd-4456-a657-2500398f4fb7</string>
        <com.sonyericsson.jenkins.plugins.bfa.model.FailureCause>
          <id>07aeecd8-00bd-4456-a657-2500398f4fb7</id>
          <name>Bad argument</name>
          <description>${1,1}</description>
          <comment>Used in the &quot;WhichPackagesMustGoInAlpha&quot; build. Shown when the arguments are faulty</comment>
          <categories class="java.util.Arrays$ArrayList">
            <a class="string-array">
              <string>NuGet</string>
            </a>
          </categories>
          <indications>
            <com.sonyericsson.jenkins.plugins.bfa.model.indication.BuildLogIndication>
              <pattern>.*error - An error ocurred trying to parse the arguments. (\S+.*)</pattern>
            </com.sonyericsson.jenkins.plugins.bfa.model.indication.BuildLogIndication>
          </indications>
          <modifications class="linked-list">
            <com.sonyericsson.jenkins.plugins.bfa.model.FailureCauseModification>
              <user>gv-joergensen</user>
              <time>2017-11-03 13:24:40.760 UTC</time>
            </com.sonyericsson.jenkins.plugins.bfa.model.FailureCauseModification>
            <com.sonyericsson.jenkins.plugins.bfa.model.FailureCauseModification>
              <user>gv-joergensen</user>
              <time>2017-11-03 13:24:13.951 UTC</time>
            </com.sonyericsson.jenkins.plugins.bfa.model.FailureCauseModification>
          </modifications>
        </com.sonyericsson.jenkins.plugins.bfa.model.FailureCause>
      </entry>
      <entry>
        <string>52abbbb3-e9cf-4e0e-922d-6ed1fa3cf5fc</string>
        <com.sonyericsson.jenkins.plugins.bfa.model.FailureCause>
          <id>52abbbb3-e9cf-4e0e-922d-6ed1fa3cf5fc</id>
          <name>Variable MY_NUGETSCOPE is not defined</name>
          <description>This happens either if we did not create the DefineNuGetLocalScope.bat in workspace root, or Perforce is sync&apos;ing to a change list earlier that the addition of the file.&lt;br&gt;
This wil go away as Perforce sync&apos;s to later ( or the correct ) changelist.
</description>
          <comment></comment>
          <categories class="java.util.Arrays$ArrayList">
            <a class="string-array">
              <string>Perforce</string>
              <string>JenkinsConfiguration</string>
            </a>
          </categories>
          <indications>
            <com.sonyericsson.jenkins.plugins.bfa.model.indication.BuildLogIndication>
              <pattern>.*Failing now, because the environment variable MY_NUGETSCOPE is not defined.*</pattern>
            </com.sonyericsson.jenkins.plugins.bfa.model.indication.BuildLogIndication>
          </indications>
          <modifications class="linked-list">
            <com.sonyericsson.jenkins.plugins.bfa.model.FailureCauseModification>
              <user>jens.brejner</user>
              <time>2018-08-29 16:34:55.622 UTC</time>
            </com.sonyericsson.jenkins.plugins.bfa.model.FailureCauseModification>
          </modifications>
        </com.sonyericsson.jenkins.plugins.bfa.model.FailureCause>
      </entry>
      <entry>
        <string>166265f9-cf47-4d4a-bf02-cfe31c52c156</string>
        <com.sonyericsson.jenkins.plugins.bfa.model.FailureCause>
          <id>166265f9-cf47-4d4a-bf02-cfe31c52c156</id>
          <name>Build aborted by timeout</name>
          <description>To avoid a single, hanging build stops the entire CI process, we are aborting builds that runs for substantially longer time than usual.
That happened to this build.</description>
          <comment>This is not the root cause. You could try to reboot the slave where it happened, or re-direct the job to another slave</comment>
          <indications>
            <com.sonyericsson.jenkins.plugins.bfa.model.indication.BuildLogIndication>
              <pattern>.*Build timed out \(after \d+ minutes\). Marking the build as aborted.*</pattern>
            </com.sonyericsson.jenkins.plugins.bfa.model.indication.BuildLogIndication>
          </indications>
          <modifications class="linked-list">
            <com.sonyericsson.jenkins.plugins.bfa.model.FailureCauseModification>
              <user>jens.brejner</user>
              <time>2018-03-21 15:08:50.412 UTC</time>
            </com.sonyericsson.jenkins.plugins.bfa.model.FailureCauseModification>
          </modifications>
        </com.sonyericsson.jenkins.plugins.bfa.model.FailureCause>
      </entry>
      <entry>
        <string>e160eed6-b828-4cbf-a9cc-1b271680be89</string>
        <com.sonyericsson.jenkins.plugins.bfa.model.FailureCause>
          <id>e160eed6-b828-4cbf-a9cc-1b271680be89</id>
          <name>SignTool error</name>
          <description>There was a problem signing the executable.</description>
          <comment>SignTool Error:</comment>
          <indications>
            <com.sonyericsson.jenkins.plugins.bfa.model.indication.BuildLogIndication>
              <pattern>.*SignTool Error:.*</pattern>
            </com.sonyericsson.jenkins.plugins.bfa.model.indication.BuildLogIndication>
          </indications>
          <modifications class="linked-list">
            <com.sonyericsson.jenkins.plugins.bfa.model.FailureCauseModification>
              <user>larhjo</user>
              <time>2017-11-01 07:53:00.694 UTC</time>
            </com.sonyericsson.jenkins.plugins.bfa.model.FailureCauseModification>
            <com.sonyericsson.jenkins.plugins.bfa.model.FailureCauseModification>
              <user>larhjo</user>
              <time>2017-11-01 07:51:35.890 UTC</time>
            </com.sonyericsson.jenkins.plugins.bfa.model.FailureCauseModification>
          </modifications>
        </com.sonyericsson.jenkins.plugins.bfa.model.FailureCause>
      </entry>
      <entry>
        <string>6de3c349-bba1-401a-9be4-dd4c4384da2a</string>
        <com.sonyericsson.jenkins.plugins.bfa.model.FailureCause>
          <id>6de3c349-bba1-401a-9be4-dd4c4384da2a</id>
          <name>PackageList missing</name>
          <description>The package list is missing! The list is a artifact created by the AAA18_CreateFullPackageDependencyMap job.</description>
          <comment>Used in the &quot;WhichPackagesMustGoInAlpha&quot; build.</comment>
          <categories class="java.util.Arrays$ArrayList">
            <a class="string-array">
              <string>NuGet</string>
            </a>
          </categories>
          <indications>
            <com.sonyericsson.jenkins.plugins.bfa.model.indication.BuildLogIndication>
              <pattern>.*warning - The file containing used packages was not found!.*</pattern>
            </com.sonyericsson.jenkins.plugins.bfa.model.indication.BuildLogIndication>
          </indications>
          <modifications class="linked-list">
            <com.sonyericsson.jenkins.plugins.bfa.model.FailureCauseModification>
              <user>gv-joergensen</user>
              <time>2017-11-03 13:03:20.208 UTC</time>
            </com.sonyericsson.jenkins.plugins.bfa.model.FailureCauseModification>
            <com.sonyericsson.jenkins.plugins.bfa.model.FailureCauseModification>
              <user>gv-joergensen</user>
              <time>2017-11-03 13:03:03.208 UTC</time>
            </com.sonyericsson.jenkins.plugins.bfa.model.FailureCauseModification>
            <com.sonyericsson.jenkins.plugins.bfa.model.FailureCauseModification>
              <user>gv-joergensen</user>
              <time>2017-11-03 10:33:09.905 UTC</time>
            </com.sonyericsson.jenkins.plugins.bfa.model.FailureCauseModification>
            <com.sonyericsson.jenkins.plugins.bfa.model.FailureCauseModification>
              <user>gv-joergensen</user>
              <time>2017-11-03 10:28:37.270 UTC</time>
            </com.sonyericsson.jenkins.plugins.bfa.model.FailureCauseModification>
          </modifications>
        </com.sonyericsson.jenkins.plugins.bfa.model.FailureCause>
      </entry>
      <entry>
        <string>92b41c6f-e53c-4efe-8c70-d5b08adc632d</string>
        <com.sonyericsson.jenkins.plugins.bfa.model.FailureCause>
          <id>92b41c6f-e53c-4efe-8c70-d5b08adc632d</id>
          <name>Coverage is falling</name>
          <description>Well not really failed - but almost. The coverage is dropping !</description>
          <comment>Build step &apos;Publish Cobertura Coverage Report&apos; changed build result to UNSTABLE</comment>
          <indications>
            <com.sonyericsson.jenkins.plugins.bfa.model.indication.BuildLogIndication>
              <pattern>Build step &apos;Publish Cobertura Coverage Report&apos; changed build result to UNSTABLE</pattern>
            </com.sonyericsson.jenkins.plugins.bfa.model.indication.BuildLogIndication>
          </indications>
          <modifications class="linked-list">
            <com.sonyericsson.jenkins.plugins.bfa.model.FailureCauseModification>
              <user>jens.brejner</user>
              <time>2018-06-11 14:02:19.812 UTC</time>
            </com.sonyericsson.jenkins.plugins.bfa.model.FailureCauseModification>
          </modifications>
        </com.sonyericsson.jenkins.plugins.bfa.model.FailureCause>
      </entry>
      <entry>
        <string>2467211c-c5ad-4552-8aea-c72dfd20196e</string>
        <com.sonyericsson.jenkins.plugins.bfa.model.FailureCause>
          <id>2467211c-c5ad-4552-8aea-c72dfd20196e</id>
          <name>IarBuild is cannot open a source file (Error Pe1696)</name>
          <description>Fatal Error[Pe1696]: cannot open source file, did you forget to add it to version control ?</description>
          <comment></comment>
          <categories class="java.util.Arrays$ArrayList">
            <a class="string-array">
              <string>ErrorInCode</string>
            </a>
          </categories>
          <indications>
            <com.sonyericsson.jenkins.plugins.bfa.model.indication.BuildLogIndication>
              <pattern>Fatal Error\[Pe1696\]: cannot open source file .*</pattern>
            </com.sonyericsson.jenkins.plugins.bfa.model.indication.BuildLogIndication>
          </indications>
          <modifications class="linked-list">
            <com.sonyericsson.jenkins.plugins.bfa.model.FailureCauseModification>
              <user>jens.brejner</user>
              <time>2018-08-02 06:28:22.228 UTC</time>
            </com.sonyericsson.jenkins.plugins.bfa.model.FailureCauseModification>
            <com.sonyericsson.jenkins.plugins.bfa.model.FailureCauseModification>
              <user>jens.brejner</user>
              <time>2018-08-02 06:25:57.106 UTC</time>
            </com.sonyericsson.jenkins.plugins.bfa.model.FailureCauseModification>
          </modifications>
        </com.sonyericsson.jenkins.plugins.bfa.model.FailureCause>
      </entry>
      <entry>
        <string>e8fdda10-cce5-4465-8828-5a1840f7706b</string>
        <com.sonyericsson.jenkins.plugins.bfa.model.FailureCause>
          <id>e8fdda10-cce5-4465-8828-5a1840f7706b</id>
          <name>Missing referenced assembly or dependency</name>
          <description>Could not load file or assembly or a dependency. The located assembly&apos;s manifest definition does not match the assembly reference.
Probably caused by missing package or missing update of bind-redirect statement</description>
          <comment>threw exception: 
09:03:25 System.IO.FileLoadException: Could not load file or assembly &apos;Gno.Framework.Libraries.UnityShell, Version=1.1.17.0, Culture=neutral, PublicKeyToken=594b0cb56d26de80&apos; or one of its dependencies. The located assembly&apos;s manifest definition does not match the assembly reference</comment>
          <categories class="java.util.Arrays$ArrayList">
            <a class="string-array">
              <string>ErrorInCode</string>
              <string>NugetPackages</string>
            </a>
          </categories>
          <indications>
            <com.sonyericsson.jenkins.plugins.bfa.model.indication.BuildLogIndication>
              <pattern>.*System.IO.FileLoadException: Could not load file or assembly &apos;.*&apos; or one of its dependencies. The located assembly&apos;s manifest definition does not match the assembly reference\. \(Exception from HRESULT: 0x80131040\)</pattern>
            </com.sonyericsson.jenkins.plugins.bfa.model.indication.BuildLogIndication>
          </indications>
          <modifications class="linked-list">
            <com.sonyericsson.jenkins.plugins.bfa.model.FailureCauseModification>
              <user>jens.brejner</user>
              <time>2018-03-21 15:01:45.386 UTC</time>
            </com.sonyericsson.jenkins.plugins.bfa.model.FailureCauseModification>
          </modifications>
        </com.sonyericsson.jenkins.plugins.bfa.model.FailureCause>
      </entry>
      <entry>
        <string>96e4fcaa-7888-47f4-b605-96af672c5222</string>
        <com.sonyericsson.jenkins.plugins.bfa.model.FailureCause>
          <id>96e4fcaa-7888-47f4-b605-96af672c5222</id>
          <name>Interface member not implemented</name>
          <description>Source can not be compiled.
</description>
          <comment>Either the change in interface was not carried through to this source by the one who changed the interface - or this source can not find the package where the changed interface is presented (the upstream build failed, so the anticipated package is not yet available)</comment>
          <categories class="java.util.Arrays$ArrayList">
            <a class="string-array">
              <string>ErrorInCode</string>
            </a>
          </categories>
          <indications>
            <com.sonyericsson.jenkins.plugins.bfa.model.indication.BuildLogIndication>
              <pattern>.*: error CS0535: &apos;.*&apos; does not implement interface member &apos;.*&apos; .*</pattern>
            </com.sonyericsson.jenkins.plugins.bfa.model.indication.BuildLogIndication>
          </indications>
          <modifications class="linked-list">
            <com.sonyericsson.jenkins.plugins.bfa.model.FailureCauseModification>
              <user>jens.brejner</user>
              <time>2018-01-31 10:53:00.68 UTC</time>
            </com.sonyericsson.jenkins.plugins.bfa.model.FailureCauseModification>
          </modifications>
        </com.sonyericsson.jenkins.plugins.bfa.model.FailureCause>
      </entry>
      <entry>
        <string>8acc0f4a-c9f4-469a-91a3-8702779bfa2a</string>
        <com.sonyericsson.jenkins.plugins.bfa.model.FailureCause>
          <id>8acc0f4a-c9f4-469a-91a3-8702779bfa2a</id>
          <name>Missing Perforce configuration</name>
          <description>During upgrade, this job lost it&apos;s Perforce configuration.
Go to the project&apos;s configuration history and look for the last configuration with Perforce configuration and try to restore that configuration</description>
          <comment>Access for user &apos;swtest&apos; has not been enabled by &apos;p4 protect&apos;.</comment>
          <indications>
            <com.sonyericsson.jenkins.plugins.bfa.model.indication.BuildLogIndication>
              <pattern>Access for user &apos;swtest&apos; has not been enabled by &apos;p4 protect&apos;.</pattern>
            </com.sonyericsson.jenkins.plugins.bfa.model.indication.BuildLogIndication>
          </indications>
          <modifications class="linked-list">
            <com.sonyericsson.jenkins.plugins.bfa.model.FailureCauseModification>
              <user>jens.brejner</user>
              <time>2018-08-16 07:31:22.900 UTC</time>
            </com.sonyericsson.jenkins.plugins.bfa.model.FailureCauseModification>
            <com.sonyericsson.jenkins.plugins.bfa.model.FailureCauseModification>
              <user>jenbre</user>
              <time>2017-11-29 16:02:38.307 UTC</time>
            </com.sonyericsson.jenkins.plugins.bfa.model.FailureCauseModification>
          </modifications>
        </com.sonyericsson.jenkins.plugins.bfa.model.FailureCause>
      </entry>
      <entry>
        <string>d8898a5e-c800-42a0-8e0d-4a7c627e270f</string>
        <com.sonyericsson.jenkins.plugins.bfa.model.FailureCause>
          <id>d8898a5e-c800-42a0-8e0d-4a7c627e270f</id>
          <name>Test Failed</name>
          <description>The testbench named &quot;${1,1}&quot; failed!</description>
          <comment></comment>
          <categories class="java.util.Arrays$ArrayList">
            <a class="string-array">
              <string>VUnit</string>
            </a>
          </categories>
          <indications>
            <com.sonyericsson.jenkins.plugins.bfa.model.indication.BuildLogIndication>
              <pattern>fail \(.*\) fpga_lib.vunit_(.*).all.*</pattern>
            </com.sonyericsson.jenkins.plugins.bfa.model.indication.BuildLogIndication>
          </indications>
          <modifications class="linked-list">
            <com.sonyericsson.jenkins.plugins.bfa.model.FailureCauseModification>
              <user>gustav.vinther-joerg</user>
              <time>2018-05-24 12:18:30.263 UTC</time>
            </com.sonyericsson.jenkins.plugins.bfa.model.FailureCauseModification>
            <com.sonyericsson.jenkins.plugins.bfa.model.FailureCauseModification>
              <user>gustav.vinther-joerg</user>
              <time>2018-05-24 11:33:23.513 UTC</time>
            </com.sonyericsson.jenkins.plugins.bfa.model.FailureCauseModification>
            <com.sonyericsson.jenkins.plugins.bfa.model.FailureCauseModification>
              <user>gustav.vinther-joerg</user>
              <time>2018-05-21 10:03:05.903 UTC</time>
            </com.sonyericsson.jenkins.plugins.bfa.model.FailureCauseModification>
          </modifications>
        </com.sonyericsson.jenkins.plugins.bfa.model.FailureCause>
      </entry>
      <entry>
        <string>1ca97bfb-888f-41c0-890f-821a1a57664a</string>
        <com.sonyericsson.jenkins.plugins.bfa.model.FailureCause>
          <id>1ca97bfb-888f-41c0-890f-821a1a57664a</id>
          <name>Pipeline failed at solution</name>
          <description>Build of solution &lt;b&gt;${1,1}&lt;/b&gt; did not exit cleanly&lt;br&gt;
- maybe it was just unstable - but take a look....</description>
          <comment></comment>
          <indications>
            <com.sonyericsson.jenkins.plugins.bfa.model.indication.BuildLogIndication>
              <pattern>.*Failed in branch (.*)</pattern>
            </com.sonyericsson.jenkins.plugins.bfa.model.indication.BuildLogIndication>
          </indications>
          <modifications class="linked-list">
            <com.sonyericsson.jenkins.plugins.bfa.model.FailureCauseModification>
              <user>jens.brejner</user>
              <time>2018-11-14 15:06:22.20 UTC</time>
            </com.sonyericsson.jenkins.plugins.bfa.model.FailureCauseModification>
            <com.sonyericsson.jenkins.plugins.bfa.model.FailureCauseModification>
              <user>jens.brejner</user>
              <time>2018-11-14 15:04:58.777 UTC</time>
            </com.sonyericsson.jenkins.plugins.bfa.model.FailureCauseModification>
            <com.sonyericsson.jenkins.plugins.bfa.model.FailureCauseModification>
              <user>jens.brejner</user>
              <time>2018-11-14 15:02:35.273 UTC</time>
            </com.sonyericsson.jenkins.plugins.bfa.model.FailureCauseModification>
          </modifications>
        </com.sonyericsson.jenkins.plugins.bfa.model.FailureCause>
      </entry>
      <entry>
        <string>c14ebc8f-d148-40cb-b544-26a03eace379</string>
        <com.sonyericsson.jenkins.plugins.bfa.model.FailureCause>
          <id>c14ebc8f-d148-40cb-b544-26a03eace379</id>
          <name>Interface not implemented</name>
          <description>An Interface member not implementet</description>
          <comment></comment>
          <categories class="java.util.Arrays$ArrayList">
            <a class="string-array">
              <string>CompilerError</string>
            </a>
          </categories>
          <indications>
            <com.sonyericsson.jenkins.plugins.bfa.model.indication.BuildLogIndication>
              <pattern>.*error CS0738: \S+ does not implement interface member \S+.*</pattern>
            </com.sonyericsson.jenkins.plugins.bfa.model.indication.BuildLogIndication>
          </indications>
          <modifications class="linked-list">
            <com.sonyericsson.jenkins.plugins.bfa.model.FailureCauseModification>
              <user>jenbre</user>
              <time>2016-08-30 08:54:07.990 UTC</time>
            </com.sonyericsson.jenkins.plugins.bfa.model.FailureCauseModification>
            <com.sonyericsson.jenkins.plugins.bfa.model.FailureCauseModification>
              <user>jenbre</user>
              <time>2016-08-22 07:07:38.144 UTC</time>
            </com.sonyericsson.jenkins.plugins.bfa.model.FailureCauseModification>
          </modifications>
        </com.sonyericsson.jenkins.plugins.bfa.model.FailureCause>
      </entry>
      <entry>
        <string>fb892f1a-8733-4c27-8988-9dc261ceae24</string>
        <com.sonyericsson.jenkins.plugins.bfa.model.FailureCause>
          <id>fb892f1a-8733-4c27-8988-9dc261ceae24</id>
          <name>Must Resolve</name>
          <description>Some checked out files were changed elsewhere, so we can not submit automatically</description>
          <comment></comment>
          <categories class="java.util.Arrays$ArrayList">
            <a class="string-array">
              <string>Perforce</string>
            </a>
          </categories>
          <indications>
            <com.sonyericsson.jenkins.plugins.bfa.model.indication.BuildLogIndication>
              <pattern>.*must resolve before submitting.*</pattern>
            </com.sonyericsson.jenkins.plugins.bfa.model.indication.BuildLogIndication>
          </indications>
          <modifications class="linked-list">
            <com.sonyericsson.jenkins.plugins.bfa.model.FailureCauseModification>
              <user>jenbre</user>
              <time>2016-09-23 08:06:11.302 UTC</time>
            </com.sonyericsson.jenkins.plugins.bfa.model.FailureCauseModification>
          </modifications>
        </com.sonyericsson.jenkins.plugins.bfa.model.FailureCause>
      </entry>
      <entry>
        <string>6eaa9433-9af9-473b-9da6-9358cab9c6f2</string>
        <com.sonyericsson.jenkins.plugins.bfa.model.FailureCause>
          <id>6eaa9433-9af9-473b-9da6-9358cab9c6f2</id>
          <name>Files missing in workspace</name>
          <description>Check that you have sync&apos;ed all files to workspace&lt;br&gt;
This can be caused indirectly by  Peforce, which will not synchronize files that is checked out in the workspace. 
Can often by fixed by adding a &quot;p4 revert&quot; in the jenkins project</description>
          <comment></comment>
          <categories class="java.util.Arrays$ArrayList">
            <a class="string-array">
              <string>ErrorInCode</string>
              <string>JenkinsConfiguration</string>
            </a>
          </categories>
          <indications>
            <com.sonyericsson.jenkins.plugins.bfa.model.indication.BuildLogIndication>
              <pattern>Check that you have sync&apos;ed all files to workspace</pattern>
            </com.sonyericsson.jenkins.plugins.bfa.model.indication.BuildLogIndication>
          </indications>
          <modifications class="linked-list">
            <com.sonyericsson.jenkins.plugins.bfa.model.FailureCauseModification>
              <user>jens.brejner</user>
              <time>2019-03-19 08:40:21.176 UTC</time>
            </com.sonyericsson.jenkins.plugins.bfa.model.FailureCauseModification>
          </modifications>
        </com.sonyericsson.jenkins.plugins.bfa.model.FailureCause>
      </entry>
      <entry>
        <string>0d9658e5-c438-4c48-a11c-f81b9bccdddc</string>
        <com.sonyericsson.jenkins.plugins.bfa.model.FailureCause>
          <id>0d9658e5-c438-4c48-a11c-f81b9bccdddc</id>
          <name>Release Package depending on alpha package</name>
          <description>Project is set to produce a stable version of a NuGet package - but depends on a pre-release (alpha) version </description>
          <comment></comment>
          <indications>
            <com.sonyericsson.jenkins.plugins.bfa.model.indication.BuildLogIndication>
              <pattern>.*EXEC : NuGet error : A stable release of a package should not have on a prerelease dependency. Either modify the version spec of dependency &quot;.*&quot; or update the version field.*</pattern>
            </com.sonyericsson.jenkins.plugins.bfa.model.indication.BuildLogIndication>
          </indications>
          <modifications class="linked-list">
            <com.sonyericsson.jenkins.plugins.bfa.model.FailureCauseModification>
              <user>jenbre</user>
              <time>2016-09-29 14:51:00.161 UTC</time>
            </com.sonyericsson.jenkins.plugins.bfa.model.FailureCauseModification>
            <com.sonyericsson.jenkins.plugins.bfa.model.FailureCauseModification>
              <user>jenbre</user>
              <time>2016-09-29 14:49:17.620 UTC</time>
            </com.sonyericsson.jenkins.plugins.bfa.model.FailureCauseModification>
            <com.sonyericsson.jenkins.plugins.bfa.model.FailureCauseModification>
              <user>jenbre</user>
              <time>2016-09-29 14:48:01.170 UTC</time>
            </com.sonyericsson.jenkins.plugins.bfa.model.FailureCauseModification>
          </modifications>
        </com.sonyericsson.jenkins.plugins.bfa.model.FailureCause>
      </entry>
      <entry>
        <string>ad662190-aa17-46f8-a649-622ecca5cc18</string>
        <com.sonyericsson.jenkins.plugins.bfa.model.FailureCause>
          <id>ad662190-aa17-46f8-a649-622ecca5cc18</id>
          <name>JAVA_HOME is set to an invalid directory</name>
          <description>Jenkins administrator will fix this if you tell...
</description>
          <comment>The problem is the  JAVA runtime (JRE) is installed in a different path, than the one that is specified the slave&apos;s configuration - on each slave we are setting the JAVA_HOME variable, and in this case it points to the wrong location.&lt;br&gt;
Jenkins administrator should update the slave&apos;s variable to correct value,</comment>
          <categories class="java.util.Arrays$ArrayList">
            <a class="string-array">
              <string>JenkinsConfiguration</string>
            </a>
          </categories>
          <indications>
            <com.sonyericsson.jenkins.plugins.bfa.model.indication.BuildLogIndication>
              <pattern>.*ERROR: JAVA_HOME is set to an invalid directory: .*</pattern>
            </com.sonyericsson.jenkins.plugins.bfa.model.indication.BuildLogIndication>
          </indications>
          <modifications class="linked-list">
            <com.sonyericsson.jenkins.plugins.bfa.model.FailureCauseModification>
              <user>jens.brejner</user>
              <time>2019-01-30 08:11:07.522 UTC</time>
            </com.sonyericsson.jenkins.plugins.bfa.model.FailureCauseModification>
          </modifications>
        </com.sonyericsson.jenkins.plugins.bfa.model.FailureCause>
      </entry>
      <entry>
        <string>0277ce22-c00a-4a43-89d6-9d88c453c8f6</string>
        <com.sonyericsson.jenkins.plugins.bfa.model.FailureCause>
          <id>0277ce22-c00a-4a43-89d6-9d88c453c8f6</id>
          <name>Failed to push alpha packages</name>
          <description>Failed to detect the scope we should push packages. Ask Jenkins administrator to update the ProgetTargets variable.&lt;br&gt;
ERROR: Could not detect stream from Jenkins </description>
          <comment></comment>
          <categories class="java.util.Arrays$ArrayList">
            <a class="string-array">
              <string>JenkinsConfiguration</string>
            </a>
          </categories>
          <indications>
            <com.sonyericsson.jenkins.plugins.bfa.model.indication.BuildLogIndication>
              <pattern>.*ERROR\: Could not detect stream from Jenkins JOB_NAME = .*, exiting.*</pattern>
            </com.sonyericsson.jenkins.plugins.bfa.model.indication.BuildLogIndication>
          </indications>
          <modifications class="linked-list">
            <com.sonyericsson.jenkins.plugins.bfa.model.FailureCauseModification>
              <user>jens.brejner</user>
              <time>2019-08-13 10:41:22.682 UTC</time>
            </com.sonyericsson.jenkins.plugins.bfa.model.FailureCauseModification>
            <com.sonyericsson.jenkins.plugins.bfa.model.FailureCauseModification>
              <user>jens.brejner</user>
              <time>2019-08-12 12:28:43.288 UTC</time>
            </com.sonyericsson.jenkins.plugins.bfa.model.FailureCauseModification>
            <com.sonyericsson.jenkins.plugins.bfa.model.FailureCauseModification>
              <user>jens.brejner</user>
              <time>2019-01-14 15:37:12.463 UTC</time>
            </com.sonyericsson.jenkins.plugins.bfa.model.FailureCauseModification>
          </modifications>
        </com.sonyericsson.jenkins.plugins.bfa.model.FailureCause>
      </entry>
      <entry>
        <string>b8600410-e01c-4cfe-8c10-a1031c9481ed</string>
        <com.sonyericsson.jenkins.plugins.bfa.model.FailureCause>
          <id>b8600410-e01c-4cfe-8c10-a1031c9481ed</id>
          <name>NuGet cannot update - should have thrown an error</name>
          <description>Packages are not updated !
Some versions of Nuget.exe cannot figure out that a project is above or besides the solution to update. The offending project can either be moved into solution folder or below - but really - you should get another nuget.exe</description>
          <comment></comment>
          <categories class="java.util.Arrays$ArrayList">
            <a class="string-array">
              <string>NuGet</string>
            </a>
          </categories>
          <indications>
            <com.sonyericsson.jenkins.plugins.bfa.model.indication.BuildLogIndication>
              <pattern>An equivalent project \(a project with the same global properties and tools version\) is already present in the project collection, with the path &quot;.*&quot;.*To load an equivalent into this project collection, unload this project first.</pattern>
            </com.sonyericsson.jenkins.plugins.bfa.model.indication.BuildLogIndication>
          </indications>
          <modifications class="linked-list">
            <com.sonyericsson.jenkins.plugins.bfa.model.FailureCauseModification>
              <user>jens.brejner</user>
              <time>2018-02-07 12:25:31.739 UTC</time>
            </com.sonyericsson.jenkins.plugins.bfa.model.FailureCauseModification>
            <com.sonyericsson.jenkins.plugins.bfa.model.FailureCauseModification>
              <user>jens.brejner</user>
              <time>2018-02-07 12:23:53.649 UTC</time>
            </com.sonyericsson.jenkins.plugins.bfa.model.FailureCauseModification>
          </modifications>
        </com.sonyericsson.jenkins.plugins.bfa.model.FailureCause>
      </entry>
      <entry>
        <string>8cac7707-9a99-49af-ac2a-092b07020bac</string>
        <com.sonyericsson.jenkins.plugins.bfa.model.FailureCause>
          <id>8cac7707-9a99-49af-ac2a-092b07020bac</id>
          <name>Package versions are ahead</name>
          <description>Incremement (package)versions in the stream that will be released last.
</description>
          <comment>The package version(s) in one stream is ahead of the versions in a stream that, currently is intended  to release later.&lt;br&gt;
Because the stream that will be release last, will receive the &quot;first&quot; stream&apos;s package numbers, the stream to be release last, must have the highest number&lt;br&gt;
and that test just failed.</comment>
          <indications>
            <com.sonyericsson.jenkins.plugins.bfa.model.indication.BuildLogIndication>
              <pattern>ERROR - MUST increment alpha version in</pattern>
            </com.sonyericsson.jenkins.plugins.bfa.model.indication.BuildLogIndication>
          </indications>
          <modifications class="linked-list">
            <com.sonyericsson.jenkins.plugins.bfa.model.FailureCauseModification>
              <user>jens.brejner</user>
              <time>2018-11-14 14:51:35.171 UTC</time>
            </com.sonyericsson.jenkins.plugins.bfa.model.FailureCauseModification>
          </modifications>
        </com.sonyericsson.jenkins.plugins.bfa.model.FailureCause>
      </entry>
      <entry>
        <string>2d6e58d4-ea35-47f7-861d-462ddf22eb6a</string>
        <com.sonyericsson.jenkins.plugins.bfa.model.FailureCause>
          <id>2d6e58d4-ea35-47f7-861d-462ddf22eb6a</id>
          <name>Build aborted by user</name>
          <description>Aborted by ${1,1}</description>
          <comment></comment>
          <indications>
            <com.sonyericsson.jenkins.plugins.bfa.model.indication.BuildLogIndication>
              <pattern>^Aborted by (.*$)</pattern>
            </com.sonyericsson.jenkins.plugins.bfa.model.indication.BuildLogIndication>
          </indications>
          <modifications class="linked-list">
            <com.sonyericsson.jenkins.plugins.bfa.model.FailureCauseModification>
              <user>jens.brejner</user>
              <time>2018-08-24 08:04:19.365 UTC</time>
            </com.sonyericsson.jenkins.plugins.bfa.model.FailureCauseModification>
            <com.sonyericsson.jenkins.plugins.bfa.model.FailureCauseModification>
              <user>jens.brejner</user>
              <time>2018-08-03 11:59:06.929 UTC</time>
            </com.sonyericsson.jenkins.plugins.bfa.model.FailureCauseModification>
          </modifications>
        </com.sonyericsson.jenkins.plugins.bfa.model.FailureCause>
      </entry>
      <entry>
        <string>d7754166-adf6-456b-84c6-8f1bbc353c60</string>
        <com.sonyericsson.jenkins.plugins.bfa.model.FailureCause>
          <id>d7754166-adf6-456b-84c6-8f1bbc353c60</id>
          <name>Same assembly in multiple packages.</name>
          <description>In this solution multiple NuGet packages are created, and an output assembly is added to more than one package. We cannot control that scenario, so we consider it an error.
I *this* package depends on an assembly that is packaged elsewhere in the solution, then the packer tool will add the other package as an dependency to this package, so the package consumer will get both assemblies.</description>
          <comment></comment>
          <categories class="java.util.Arrays$ArrayList">
            <a class="string-array">
              <string>ErrorInCode</string>
            </a>
          </categories>
          <indications>
            <com.sonyericsson.jenkins.plugins.bfa.model.indication.BuildLogIndication>
              <pattern>.*EXEC : Package composition error : the assembly \S+ referenced in this package is already packaged in the package \S+.*</pattern>
            </com.sonyericsson.jenkins.plugins.bfa.model.indication.BuildLogIndication>
          </indications>
          <modifications class="linked-list">
            <com.sonyericsson.jenkins.plugins.bfa.model.FailureCauseModification>
              <user>jens.brejner</user>
              <time>2019-09-10 09:12:12.247 UTC</time>
            </com.sonyericsson.jenkins.plugins.bfa.model.FailureCauseModification>
          </modifications>
        </com.sonyericsson.jenkins.plugins.bfa.model.FailureCause>
      </entry>
      <entry>
        <string>94426cd3-e83c-4a8e-ba0b-12ffbc70b530</string>
        <com.sonyericsson.jenkins.plugins.bfa.model.FailureCause>
          <id>94426cd3-e83c-4a8e-ba0b-12ffbc70b530</id>
          <name>&apos;MockExtensions.ResetCalls(Mock)&apos; is obsolete</name>
          <description>&apos;MockExtensions.ResetCalls(Mock)&apos; is obsolete: &apos;Use `mock.Invocations.Clear()` instead&lt;br&gt;
We see this after upgrading to latest Moq version</description>
          <comment></comment>
          <categories class="java.util.Arrays$ArrayList">
            <a class="string-array">
              <string>ErrorInCode</string>
            </a>
          </categories>
          <indications>
            <com.sonyericsson.jenkins.plugins.bfa.model.indication.BuildLogIndication>
              <pattern>.*error CS0618: &apos;MockExtensions.ResetCalls\(Mock\)&apos; is obsolete: &apos;Use `mock.Invocations.Clear\(\)` instead.&apos;.*</pattern>
            </com.sonyericsson.jenkins.plugins.bfa.model.indication.BuildLogIndication>
          </indications>
          <modifications class="linked-list">
            <com.sonyericsson.jenkins.plugins.bfa.model.FailureCauseModification>
              <user>jens.brejner</user>
              <time>2019-04-03 11:48:07.691 UTC</time>
            </com.sonyericsson.jenkins.plugins.bfa.model.FailureCauseModification>
          </modifications>
        </com.sonyericsson.jenkins.plugins.bfa.model.FailureCause>
      </entry>
      <entry>
        <string>39c802fb-1648-48c4-b038-de42a44536e8</string>
        <com.sonyericsson.jenkins.plugins.bfa.model.FailureCause>
          <id>39c802fb-1648-48c4-b038-de42a44536e8</id>
          <name>An installation already exist with that number</name>
          <description>OTOsuite installation get&apos;s the Installation version number from Jenkins. The version we planned to build, appears to have been built already, so the build is terminated now.&lt;br&gt;
The solution is to increment this build number to one higher than the value mentioned, you can use the Jenkins&apos; jobs &quot;Set Next Build Number&quot; to that - or just start it again if the difference is &quot;just one&quot;</description>
          <comment></comment>
          <indications>
            <com.sonyericsson.jenkins.plugins.bfa.model.indication.BuildLogIndication>
              <pattern>.*\[Raise Exception \[Installers are ahead of Jenkins\]\].*</pattern>
            </com.sonyericsson.jenkins.plugins.bfa.model.indication.BuildLogIndication>
          </indications>
          <modifications class="linked-list">
            <com.sonyericsson.jenkins.plugins.bfa.model.FailureCauseModification>
              <user>jens.brejner</user>
              <time>2018-10-05 06:40:04.855 UTC</time>
            </com.sonyericsson.jenkins.plugins.bfa.model.FailureCauseModification>
            <com.sonyericsson.jenkins.plugins.bfa.model.FailureCauseModification>
              <user>jens.brejner</user>
              <time>2018-09-25 12:11:02.0 UTC</time>
            </com.sonyericsson.jenkins.plugins.bfa.model.FailureCauseModification>
            <com.sonyericsson.jenkins.plugins.bfa.model.FailureCauseModification>
              <user>jens.brejner</user>
              <time>2018-09-25 12:09:22.823 UTC</time>
            </com.sonyericsson.jenkins.plugins.bfa.model.FailureCauseModification>
          </modifications>
        </com.sonyericsson.jenkins.plugins.bfa.model.FailureCause>
      </entry>
      <entry>
        <string>352001eb-c354-47b1-bcef-aaac8d20d757</string>
        <com.sonyericsson.jenkins.plugins.bfa.model.FailureCause>
          <id>352001eb-c354-47b1-bcef-aaac8d20d757</id>
          <name>Test assembly not found</name>
          <description>The specified test assembly does not exist.&lt;br&gt;
Usually this happens because the path to the assembly is malformed, and that can happen if VSTestArgument.properties does not use double backslashes in the path, because the contents is imported as environment variables an the latest version for EnvInject plugin escapes backslashes.&lt;br&gt;
Naturally this can also occur if the test assembly really does not exist.&lt;br&gt;


</description>
          <comment></comment>
          <categories class="java.util.Arrays$ArrayList">
            <a class="string-array">
              <string>JenkinsConfiguration</string>
              <string>ErrorInCode</string>
            </a>
          </categories>
          <indications>
            <com.sonyericsson.jenkins.plugins.bfa.model.indication.BuildLogIndication>
              <pattern>The test source file &quot;.*&quot; provided was not found.</pattern>
            </com.sonyericsson.jenkins.plugins.bfa.model.indication.BuildLogIndication>
          </indications>
          <modifications class="linked-list">
            <com.sonyericsson.jenkins.plugins.bfa.model.FailureCauseModification>
              <user>jens.brejner</user>
              <time>2019-03-07 07:48:35.324 UTC</time>
            </com.sonyericsson.jenkins.plugins.bfa.model.FailureCauseModification>
          </modifications>
        </com.sonyericsson.jenkins.plugins.bfa.model.FailureCause>
      </entry>
      <entry>
        <string>7be49342-cd4e-4634-b23c-ce6bf0cf578d</string>
        <com.sonyericsson.jenkins.plugins.bfa.model.FailureCause>
          <id>7be49342-cd4e-4634-b23c-ce6bf0cf578d</id>
          <name>Error CS1503 Argument &quot;Number&quot; cannot convert from...</name>
          <description>Error CS1503 Argument &quot;Number&quot; cannot convert from...</description>
          <comment>You could have rebuilt and tested before submitting...</comment>
          <categories class="java.util.Arrays$ArrayList">
            <a class="string-array">
              <string>ErrorInCode</string>
            </a>
          </categories>
          <indications>
            <com.sonyericsson.jenkins.plugins.bfa.model.indication.BuildLogIndication>
              <pattern>.* error CS1503: Argument \d+: cannot convert from .*</pattern>
            </com.sonyericsson.jenkins.plugins.bfa.model.indication.BuildLogIndication>
          </indications>
          <modifications class="linked-list">
            <com.sonyericsson.jenkins.plugins.bfa.model.FailureCauseModification>
              <user>jenbre</user>
              <time>2017-12-21 12:13:10.265 UTC</time>
            </com.sonyericsson.jenkins.plugins.bfa.model.FailureCauseModification>
          </modifications>
        </com.sonyericsson.jenkins.plugins.bfa.model.FailureCause>
      </entry>
      <entry>
        <string>0a91de32-87e0-45e0-9adf-7eba7e3bd9cf</string>
        <com.sonyericsson.jenkins.plugins.bfa.model.FailureCause>
          <id>0a91de32-87e0-45e0-9adf-7eba7e3bd9cf</id>
          <name>Errors in packages.config projects</name>
          <description>We could not find an expected package. Usually because the job that should have created package have failed - so start looking at that job.</description>
          <comment>Errors in packages.config projects
    Unable to find version &apos;1.1.0-alpha00700&apos; of package &apos;Gno.Modules.Hit.Reporting&apos;.</comment>
          <categories class="java.util.Arrays$ArrayList">
            <a class="string-array">
              <string>Nuget</string>
              <string>ErrorInCode</string>
            </a>
          </categories>
          <indications>
            <com.sonyericsson.jenkins.plugins.bfa.model.indication.MultilineBuildLogIndication>
              <pattern>Errors in packages.config projects.*Unable to find version &apos;.*&apos; of package &apos;.*&apos;.</pattern>
            </com.sonyericsson.jenkins.plugins.bfa.model.indication.MultilineBuildLogIndication>
          </indications>
          <modifications class="linked-list">
            <com.sonyericsson.jenkins.plugins.bfa.model.FailureCauseModification>
              <user>jens.brejner</user>
              <time>2018-03-06 11:06:28.702 UTC</time>
            </com.sonyericsson.jenkins.plugins.bfa.model.FailureCauseModification>
          </modifications>
        </com.sonyericsson.jenkins.plugins.bfa.model.FailureCause>
      </entry>
    </causes>
  </knowledgeBase>
  <nrOfScanThreads>3</nrOfScanThreads>
  <maxLogSize>0</maxLogSize>
  <graphsEnabled>false</graphsEnabled>
  <testResultParsingEnabled>false</testResultParsingEnabled>
  <testResultCategories></testResultCategories>
  <sodVariables>
    <minimumSodWorkerThreads>1</minimumSodWorkerThreads>
    <maximumSodWorkerThreads>1</maximumSodWorkerThreads>
    <sodThreadKeepAliveTime>15</sodThreadKeepAliveTime>
    <sodWaitForJobShutdownTimeout>30</sodWaitForJobShutdownTimeout>
    <sodCorePoolNumberOfThreads>5</sodCorePoolNumberOfThreads>
  </sodVariables>
</com.sonyericsson.jenkins.plugins.bfa.PluginImpl>