# JRE version: Java(TM) SE Runtime Environment (8.0_31-b13) (build 1.8.0_31-b13)
# Java VM: Java HotSpot(TM) 64-Bit Server VM (25.31-b07 mixed mode linux-amd64 compressed oops)
Heap:
 PSYoungGen      total 1179136K, used 256310K [0x000000076ab00000, 0x00000007c0000000, 0x00000007c0000000)
  eden space 1058816K, 12% used [0x000000076ab00000,0x0000000773024288,0x00000007ab500000)
  from space 120320K, 99% used [0x00000007ab500000,0x00000007b2a297e8,0x00000007b2a80000)
  to   space 179712K, 0% used [0x00000007b5080000,0x00000007b5080000,0x00000007c0000000)
 ParOldGen       total 397312K, used 183780K [0x00000006c0000000, 0x00000006d8400000, 0x000000076ab00000)
  object space 397312K, 46% used [0x00000006c0000000,0x00000006cb3791b8,0x00000006d8400000)
 Metaspace       used 129112K, capacity 147886K, committed 147968K, reserved 1175552K
  class space    used 17453K, capacity 21455K, committed 21504K, reserved 1048576K
GC Heap History (10 events):
Event: 7758.636 GC heap before
{Heap before GC invocations=43 (full 6):
 PSYoungGen      total 1257472K, used 1226208K [0x000000076ab00000, 0x00000007c0000000, 0x00000007c0000000)
  eden space 1137664K, 100% used [0x000000076ab00000,0x00000007b0200000,0x00000007b0200000)
  from space 119808K, 73% used [0x00000007b8b00000,0x00000007be178140,0x00000007c0000000)
  to   space 130048K, 0% used [0x00000007b0200000,0x00000007b0200000,0x00000007b8100000)
 ParOldGen       total 397312K, used 183740K [0x00000006c0000000, 0x00000006d8400000, 0x000000076ab00000)
  object space 397312K, 46% used [0x00000006c0000000,0x00000006cb36f1b8,0x00000006d8400000)
 Metaspace       used 127519K, capacity 144960K, committed 145152K, reserved 1173504K
  class space    used 17177K, capacity 20894K, committed 20992K, reserved 1048576K
Event: 7758.695 GC heap after
Heap after GC invocations=43 (full 6):
 PSYoungGen      total 1236480K, used 98768K [0x000000076ab00000, 0x00000007c0000000, 0x00000007c0000000)
  eden space 1137664K, 0% used [0x000000076ab00000,0x000000076ab00000,0x00000007b0200000)
  from space 98816K, 99% used [0x00000007b0200000,0x00000007b6274110,0x00000007b6280000)
  to   space 141312K, 0% used [0x00000007b7600000,0x00000007b7600000,0x00000007c0000000)
 ParOldGen       total 397312K, used 183748K [0x00000006c0000000, 0x00000006d8400000, 0x000000076ab00000)
  object space 397312K, 46% used [0x00000006c0000000,0x00000006cb3711b8,0x00000006d8400000)
 Metaspace       used 127519K, capacity 144960K, committed 145152K, reserved 1173504K
  class space    used 17177K, capacity 20894K, committed 20992K, reserved 1048576K
}
Event: 8151.588 GC heap before
{Heap before GC invocations=44 (full 6):
 PSYoungGen      total 1236480K, used 1236432K [0x000000076ab00000, 0x00000007c0000000, 0x00000007c0000000)
  eden space 1137664K, 100% used [0x000000076ab00000,0x00000007b0200000,0x00000007b0200000)
  from space 98816K, 99% used [0x00000007b0200000,0x00000007b6274110,0x00000007b6280000)
  to   space 141312K, 0% used [0x00000007b7600000,0x00000007b7600000,0x00000007c0000000)
 ParOldGen       total 397312K, used 183748K [0x00000006c0000000, 0x00000006d8400000, 0x000000076ab00000)
  object space 397312K, 46% used [0x00000006c0000000,0x00000006cb3711b8,0x00000006d8400000)
 Metaspace       used 127690K, capacity 145252K, committed 145536K, reserved 1173504K
  class space    used 17204K, capacity 21010K, committed 21120K, reserved 1048576K
Event: 8151.653 GC heap after
Heap after GC invocations=44 (full 6):
 PSYoungGen      total 1236992K, used 101152K [0x000000076ab00000, 0x00000007c0000000, 0x00000007c0000000)
  eden space 1095680K, 0% used [0x000000076ab00000,0x000000076ab00000,0x00000007ad900000)
  from space 141312K, 71% used [0x00000007b7600000,0x00000007bd8c8130,0x00000007c0000000)
  to   space 151040K, 0% used [0x00000007ad900000,0x00000007ad900000,0x00000007b6c80000)
 ParOldGen       total 397312K, used 183756K [0x00000006c0000000, 0x00000006d8400000, 0x000000076ab00000)
  object space 397312K, 46% used [0x00000006c0000000,0x00000006cb3731b8,0x00000006d8400000)
 Metaspace       used 127690K, capacity 145252K, committed 145536K, reserved 1173504K
  class space    used 17204K, capacity 21010K, committed 21120K, reserved 1048576K
}
Event: 8154.213 GC heap before
{Heap before GC invocations=45 (full 6):
 PSYoungGen      total 1236992K, used 1196832K [0x000000076ab00000, 0x00000007c0000000, 0x00000007c0000000)
  eden space 1095680K, 100% used [0x000000076ab00000,0x00000007ad900000,0x00000007ad900000)
  from space 141312K, 71% used [0x00000007b7600000,0x00000007bd8c8130,0x00000007c0000000)
  to   space 151040K, 0% used [0x00000007ad900000,0x00000007ad900000,0x00000007b6c80000)
 ParOldGen       total 397312K, used 183756K [0x00000006c0000000, 0x00000006d8400000, 0x000000076ab00000)
  object space 397312K, 46% used [0x00000006c0000000,0x00000006cb3731b8,0x00000006d8400000)
 Metaspace       used 127850K, capacity 145360K, committed 145536K, reserved 1173504K
  class space    used 17223K, capacity 21022K, committed 21120K, reserved 1048576K
Event: 8154.267 GC heap after
Heap after GC invocations=45 (full 6):
 PSYoungGen      total 1198080K, used 101936K [0x000000076ab00000, 0x00000007c0000000, 0x00000007c0000000)
  eden space 1095680K, 0% used [0x000000076ab00000,0x000000076ab00000,0x00000007ad900000)
  from space 102400K, 99% used [0x00000007ad900000,0x00000007b3c8c120,0x00000007b3d00000)
  to   space 159232K, 0% used [0x00000007b6480000,0x00000007b6480000,0x00000007c0000000)
 ParOldGen       total 397312K, used 183764K [0x00000006c0000000, 0x00000006d8400000, 0x000000076ab00000)
  object space 397312K, 46% used [0x00000006c0000000,0x00000006cb3751b8,0x00000006d8400000)
 Metaspace       used 127850K, capacity 145360K, committed 145536K, reserved 1173504K
  class space    used 17223K, capacity 21022K, committed 21120K, reserved 1048576K
}
Event: 8373.329 GC heap before
{Heap before GC invocations=46 (full 6):
 PSYoungGen      total 1198080K, used 1197616K [0x000000076ab00000, 0x00000007c0000000, 0x00000007c0000000)
  eden space 1095680K, 100% used [0x000000076ab00000,0x00000007ad900000,0x00000007ad900000)
  from space 102400K, 99% used [0x00000007ad900000,0x00000007b3c8c120,0x00000007b3d00000)
  to   space 159232K, 0% used [0x00000007b6480000,0x00000007b6480000,0x00000007c0000000)
 ParOldGen       total 397312K, used 183764K [0x00000006c0000000, 0x00000006d8400000, 0x000000076ab00000)
  object space 397312K, 46% used [0x00000006c0000000,0x00000006cb3751b8,0x00000006d8400000)
 Metaspace       used 128081K, capacity 145886K, committed 146048K, reserved 1173504K
  class space    used 17257K, capacity 21094K, committed 21120K, reserved 1048576K
Event: 8373.414 GC heap after
Heap after GC invocations=46 (full 6):
 PSYoungGen      total 1218048K, used 115488K [0x000000076ab00000, 0x00000007c0000000, 0x00000007c0000000)
  eden space 1058816K, 0% used [0x000000076ab00000,0x000000076ab00000,0x00000007ab500000)
  from space 159232K, 72% used [0x00000007b6480000,0x00000007bd5481b0,0x00000007c0000000)
  to   space 169472K, 0% used [0x00000007ab500000,0x00000007ab500000,0x00000007b5a80000)
 ParOldGen       total 397312K, used 183772K [0x00000006c0000000, 0x00000006d8400000, 0x000000076ab00000)
  object space 397312K, 46% used [0x00000006c0000000,0x00000006cb3771b8,0x00000006d8400000)
 Metaspace       used 128081K, capacity 145886K, committed 146048K, reserved 1173504K
  class space    used 17257K, capacity 21094K, committed 21120K, reserved 1048576K
}
Event: 8378.365 GC heap before
{Heap before GC invocations=47 (full 6):
 PSYoungGen      total 1218048K, used 1174304K [0x000000076ab00000, 0x00000007c0000000, 0x00000007c0000000)
  eden space 1058816K, 100% used [0x000000076ab00000,0x00000007ab500000,0x00000007ab500000)
  from space 159232K, 72% used [0x00000007b6480000,0x00000007bd5481b0,0x00000007c0000000)
  to   space 169472K, 0% used [0x00000007ab500000,0x00000007ab500000,0x00000007b5a80000)
 ParOldGen       total 397312K, used 183772K [0x00000006c0000000, 0x00000006d8400000, 0x000000076ab00000)
  object space 397312K, 46% used [0x00000006c0000000,0x00000006cb3771b8,0x00000006d8400000)
 Metaspace       used 128991K, capacity 147730K, committed 147968K, reserved 1175552K
  class space    used 17436K, capacity 21406K, committed 21504K, reserved 1048576K
Event: 8378.442 GC heap after
Heap after GC invocations=47 (full 6):
 PSYoungGen      total 1179136K, used 119973K [0x000000076ab00000, 0x00000007c0000000, 0x00000007c0000000)
  eden space 1058816K, 0% used [0x000000076ab00000,0x000000076ab00000,0x00000007ab500000)
  from space 120320K, 99% used [0x00000007ab500000,0x00000007b2a297e8,0x00000007b2a80000)
  to   space 179712K, 0% used [0x00000007b5080000,0x00000007b5080000,0x00000007c0000000)
 ParOldGen       total 397312K, used 183780K [0x00000006c0000000, 0x00000006d8400000, 0x000000076ab00000)
  object space 397312K, 46% used [0x00000006c0000000,0x00000006cb3791b8,0x00000006d8400000)
 Metaspace       used 128991K, capacity 147730K, committed 147968K, reserved 1175552K
  class space    used 17436K, capacity 21406K, committed 21504K, reserved 1048576K
}

