<?xml version="1.0" encoding="utf-8" standalone="no"?>
<test-run id="2" testcasecount="9" result="Passed" total="9" passed="9" failed="0" inconclusive="0" skipped="0" asserts="0" engine-version="3.8.0.0" clr-version="4.0.30319.42000" start-time="2018-08-30 13:07:58Z" end-time="2018-08-30 13:07:59Z" duration="1.002858">
  <command-line><![CDATA[..\..\..\packages\NUnit.ConsoleRunner.3.8.0\tools\nunit3-console.exe  ClassLibrary1.dll]]></command-line>
  <test-suite type="Assembly" id="0-1016" name="ClassLibrary1.dll" fullname="C:\Users\adkopa0\Source\Test\ClassLibrary1\ClassLibrary1\bin\Debug\ClassLibrary1.dll" runstate="Runnable" testcasecount="9" result="Passed" start-time="2018-08-30 13:07:59Z" end-time="2018-08-30 13:07:59Z" duration="0.050738" total="9" passed="9" failed="0" warnings="0" inconclusive="0" skipped="0" asserts="0">
    <environment framework-version="3.10.1.0" clr-version="4.0.30319.42000" os-version="Microsoft Windows NT 6.1.7601.65536" platform="Win32NT" cwd="C:\Users\adkopa0\Source\Test\ClassLibrary1\ClassLibrary1\bin\Debug" machine-name="MD1G3BKC" user="adkopa0" user-domain="AD001" culture="de-DE" uiculture="de-DE" os-architecture="x64" />
    <settings>
      <setting name="DisposeRunners" value="True" />
      <setting name="WorkDirectory" value="C:\Users\adkopa0\Source\Test\ClassLibrary1\ClassLibrary1\bin\Debug" />
      <setting name="ImageRuntimeVersion" value="4.0.30319" />
      <setting name="ImageTargetFrameworkName" value=".NETFramework,Version=v4.6.1" />
      <setting name="ImageRequiresX86" value="False" />
      <setting name="ImageRequiresDefaultAppDomainAssemblyResolver" value="False" />
      <setting name="NumberOfTestWorkers" value="8" />
    </settings>
    <properties>
      <property name="_PID" value="17212" />
      <property name="_APPDOMAIN" value="domain-" />
    </properties>
    <test-suite type="TestSuite" id="0-1017" name="ClassLibrary1" fullname="ClassLibrary1" runstate="Runnable" testcasecount="9" result="Passed" start-time="2018-08-30 13:07:59Z" end-time="2018-08-30 13:07:59Z" duration="0.027738" total="9" passed="9" failed="0" warnings="0" inconclusive="0" skipped="0" asserts="0">
      <test-suite type="ParameterizedFixture" id="0-1015" name="TestClass" fullname="ClassLibrary1.TestClass" runstate="Runnable" testcasecount="9" result="Passed" start-time="2018-08-30 13:07:59Z" end-time="2018-08-30 13:07:59Z" duration="0.027257" total="9" passed="9" failed="0" warnings="0" inconclusive="0" skipped="0" asserts="0">
        <test-suite type="TestFixture" id="0-1000" name="TestClass(&quot;a&quot;)" fullname="ClassLibrary1.TestClass(&quot;a&quot;)" classname="ClassLibrary1.TestClass" runstate="Runnable" testcasecount="3" result="Passed" start-time="2018-08-30 13:07:59Z" end-time="2018-08-30 13:07:59Z" duration="0.021199" total="3" passed="3" failed="0" warnings="0" inconclusive="0" skipped="0" asserts="0">
          <test-suite type="ParameterizedMethod" id="0-1004" name="TestMethod" fullname="ClassLibrary1.TestClass.TestMethod" classname="ClassLibrary1.TestClass" runstate="Runnable" testcasecount="3" result="Passed" start-time="2018-08-30 13:07:59Z" end-time="2018-08-30 13:07:59Z" duration="0.015853" total="3" passed="3" failed="0" warnings="0" inconclusive="0" skipped="0" asserts="0">
            <test-case id="0-1001" name="TestMethod(1)" fullname="ClassLibrary1.TestClass(&quot;a&quot;).TestMethod(1)" methodname="TestMethod" classname="ClassLibrary1.TestClass" runstate="Runnable" seed="491809005" result="Passed" start-time="2018-08-30 13:07:59Z" end-time="2018-08-30 13:07:59Z" duration="0.008806" asserts="0" />
            <test-case id="0-1002" name="TestMethod(2)" fullname="ClassLibrary1.TestClass(&quot;a&quot;).TestMethod(2)" methodname="TestMethod" classname="ClassLibrary1.TestClass" runstate="Runnable" seed="1884175530" result="Passed" start-time="2018-08-30 13:07:59Z" end-time="2018-08-30 13:07:59Z" duration="0.000097" asserts="0" />
            <test-case id="0-1003" name="TestMethod(3)" fullname="ClassLibrary1.TestClass(&quot;a&quot;).TestMethod(3)" methodname="TestMethod" classname="ClassLibrary1.TestClass" runstate="Runnable" seed="673655675" result="Passed" start-time="2018-08-30 13:07:59Z" end-time="2018-08-30 13:07:59Z" duration="0.000055" asserts="0" />
          </test-suite>
        </test-suite>
        <test-suite type="TestFixture" id="0-1005" name="TestClass(&quot;b&quot;)" fullname="ClassLibrary1.TestClass(&quot;b&quot;)" classname="ClassLibrary1.TestClass" runstate="Runnable" testcasecount="3" result="Passed" start-time="2018-08-30 13:07:59Z" end-time="2018-08-30 13:07:59Z" duration="0.000210" total="3" passed="3" failed="0" warnings="0" inconclusive="0" skipped="0" asserts="0">
          <test-suite type="ParameterizedMethod" id="0-1009" name="TestMethod" fullname="ClassLibrary1.TestClass.TestMethod" classname="ClassLibrary1.TestClass" runstate="Runnable" testcasecount="3" result="Passed" start-time="2018-08-30 13:07:59Z" end-time="2018-08-30 13:07:59Z" duration="0.000147" total="3" passed="3" failed="0" warnings="0" inconclusive="0" skipped="0" asserts="0">
            <test-case id="0-1006" name="TestMethod(1)" fullname="ClassLibrary1.TestClass(&quot;b&quot;).TestMethod(1)" methodname="TestMethod" classname="ClassLibrary1.TestClass" runstate="Runnable" seed="378833670" result="Passed" start-time="2018-08-30 13:07:59Z" end-time="2018-08-30 13:07:59Z" duration="0.000036" asserts="0" />
            <test-case id="0-1007" name="TestMethod(2)" fullname="ClassLibrary1.TestClass(&quot;b&quot;).TestMethod(2)" methodname="TestMethod" classname="ClassLibrary1.TestClass" runstate="Runnable" seed="1284760467" result="Passed" start-time="2018-08-30 13:07:59Z" end-time="2018-08-30 13:07:59Z" duration="0.000033" asserts="0" />
            <test-case id="0-1008" name="TestMethod(3)" fullname="ClassLibrary1.TestClass(&quot;b&quot;).TestMethod(3)" methodname="TestMethod" classname="ClassLibrary1.TestClass" runstate="Runnable" seed="1315478059" result="Passed" start-time="2018-08-30 13:07:59Z" end-time="2018-08-30 13:07:59Z" duration="0.000031" asserts="0" />
          </test-suite>
        </test-suite>
        <test-suite type="TestFixture" id="0-1010" name="TestClass(&quot;c&quot;)" fullname="ClassLibrary1.TestClass(&quot;c&quot;)" classname="ClassLibrary1.TestClass" runstate="Runnable" testcasecount="3" result="Passed" start-time="2018-08-30 13:07:59Z" end-time="2018-08-30 13:07:59Z" duration="0.000202" total="3" passed="3" failed="0" warnings="0" inconclusive="0" skipped="0" asserts="0">
          <test-suite type="ParameterizedMethod" id="0-1014" name="TestMethod" fullname="ClassLibrary1.TestClass.TestMethod" classname="ClassLibrary1.TestClass" runstate="Runnable" testcasecount="3" result="Passed" start-time="2018-08-30 13:07:59Z" end-time="2018-08-30 13:07:59Z" duration="0.000166" total="3" passed="3" failed="0" warnings="0" inconclusive="0" skipped="0" asserts="0">
            <test-case id="0-1011" name="TestMethod(1)" fullname="ClassLibrary1.TestClass(&quot;c&quot;).TestMethod(1)" methodname="TestMethod" classname="ClassLibrary1.TestClass" runstate="Runnable" seed="1604909526" result="Passed" start-time="2018-08-30 13:07:59Z" end-time="2018-08-30 13:07:59Z" duration="0.000030" asserts="0" />
            <test-case id="0-1012" name="TestMethod(2)" fullname="ClassLibrary1.TestClass(&quot;c&quot;).TestMethod(2)" methodname="TestMethod" classname="ClassLibrary1.TestClass" runstate="Runnable" seed="1975511981" result="Passed" start-time="2018-08-30 13:07:59Z" end-time="2018-08-30 13:07:59Z" duration="0.000032" asserts="0" />
            <test-case id="0-1013" name="TestMethod(3)" fullname="ClassLibrary1.TestClass(&quot;c&quot;).TestMethod(3)" methodname="TestMethod" classname="ClassLibrary1.TestClass" runstate="Runnable" seed="688058433" result="Passed" start-time="2018-08-30 13:07:59Z" end-time="2018-08-30 13:07:59Z" duration="0.000068" asserts="0" />
          </test-suite>
        </test-suite>
      </test-suite>
    </test-suite>
  </test-suite>
</test-run>