<?xml version="1.0"?>
<!DOCTYPE coverage SYSTEM "http://cobertura.sourceforge.net/xml/coverage-03.dtd">

<coverage line-rate="0.5692055692055692" branch-rate="0.5370370370370371" version="1.9" timestamp="1215726750281">
	<sources>
		<source>--source</source>
		<source>C:/ncicb_cvs/protExpress/software/src/main/java</source>
		<source>C:/ncicb_cvs/protExpress/software/target/generated-sources/xjc</source>
	</sources>
	<packages>
		<package name="gov.nih.nci.protexpress" line-rate="0.7837837837837838" branch-rate="0.5" complexity="1.3125">
			<classes>
				<class name="gov.nih.nci.protexpress.ProtExpressConfiguration" filename="gov/nih/nci/protexpress/ProtExpressConfiguration.java" line-rate="0.8333333333333334" branch-rate="1.0" complexity="1.0">
					<methods>
						<method name="&lt;clinit&gt;" signature="()V" line-rate="1.0" branch-rate="1.0">
							<lines>
								<line number="96" hits="1" branch="false"/>
								<line number="97" hits="1" branch="false"/>
							</lines>
						</method>
						<method name="&lt;init&gt;" signature="()V" line-rate="1.0" branch-rate="1.0">
							<lines>
								<line number="101" hits="1" branch="false"/>
								<line number="103" hits="1" branch="false"/>
							</lines>
						</method>
						<method name="getApplicationConfigurationBundle" signature="()Ljava/util/ResourceBundle;" line-rate="1.0" branch-rate="1.0">
							<lines>
								<line number="116" hits="100" branch="false"/>
							</lines>
						</method>
						<method name="getInstance" signature="()Lgov/nih/nci/protexpress/ProtExpressConfiguration;" line-rate="0.0" branch-rate="1.0">
							<lines>
								<line number="109" hits="0" branch="false"/>
							</lines>
						</method>
					</methods>
					<lines>
						<line number="96" hits="1" branch="false"/>
						<line number="97" hits="1" branch="false"/>
						<line number="101" hits="1" branch="false"/>
						<line number="103" hits="1" branch="false"/>
						<line number="109" hits="0" branch="false"/>
						<line number="116" hits="100" branch="false"/>
					</lines>
				</class>
				<class name="gov.nih.nci.protexpress.ProtExpressRegistry" filename="gov/nih/nci/protexpress/ProtExpressRegistry.java" line-rate="0.7741935483870968" branch-rate="0.5" complexity="1.3846153846153846">
					<methods>
						<method name="&lt;clinit&gt;" signature="()V" line-rate="1.0" branch-rate="1.0">
							<lines>
								<line number="107" hits="1" branch="false"/>
								<line number="109" hits="1" branch="false"/>
								<line number="111" hits="1" branch="false"/>
							</lines>
						</method>
						<method name="&lt;init&gt;" signature="()V" line-rate="0.7142857142857143" branch-rate="1.0">
							<lines>
								<line number="119" hits="1" branch="false"/>
								<line number="121" hits="1" branch="false"/>
								<line number="122" hits="1" branch="false"/>
								<line number="123" hits="0" branch="false"/>
								<line number="124" hits="0" branch="false"/>
								<line number="125" hits="1" branch="false"/>
								<line number="126" hits="1" branch="false"/>
							</lines>
						</method>
						<method name="getApplicationResourceBundle" signature="()Ljava/util/ResourceBundle;" line-rate="1.0" branch-rate="1.0">
							<lines>
								<line number="217" hits="4" branch="false"/>
							</lines>
						</method>
						<method name="getErrorLogger" signature="()Lorg/apache/log4j/Logger;" line-rate="0.0" branch-rate="1.0">
							<lines>
								<line number="210" hits="0" branch="false"/>
							</lines>
						</method>
						<method name="getExperimentService" signature="()Lgov/nih/nci/protexpress/service/ExperimentService;" line-rate="1.0" branch-rate="1.0">
							<lines>
								<line number="153" hits="38" branch="false"/>
							</lines>
						</method>
						<method name="getInstance" signature="()Lgov/nih/nci/protexpress/ProtExpressRegistry;" line-rate="1.0" branch-rate="1.0">
							<lines>
								<line number="132" hits="114" branch="false"/>
							</lines>
						</method>
						<method name="getProtExpressService" signature="()Lgov/nih/nci/protexpress/service/ProtExpressService;" line-rate="1.0" branch-rate="1.0">
							<lines>
								<line number="167" hits="19" branch="false"/>
							</lines>
						</method>
						<method name="getProtocolService" signature="()Lgov/nih/nci/protexpress/service/ProtocolService;" line-rate="1.0" branch-rate="1.0">
							<lines>
								<line number="139" hits="37" branch="false"/>
							</lines>
						</method>
						<method name="getUserProvisioningManager" signature="()Lgov/nih/nci/security/UserProvisioningManager;" line-rate="0.3333333333333333" branch-rate="0.5">
							<lines>
								<line number="195" hits="7" branch="true" condition-coverage="50% (1/2)">
									<conditions>
										<condition number="0" type="jump" coverage="50%"/>
									</conditions>
								</line>
								<line number="197" hits="0" branch="false"/>
								<line number="199" hits="0" branch="false"/>
								<line number="200" hits="0" branch="false"/>
								<line number="201" hits="0" branch="false"/>
								<line number="203" hits="7" branch="false"/>
							</lines>
						</method>
						<method name="getXar22FormatConversionService" signature="()Lgov/nih/nci/protexpress/service/FormatConversionService;" line-rate="1.0" branch-rate="1.0">
							<lines>
								<line number="181" hits="5" branch="false"/>
							</lines>
						</method>
						<method name="setExperimentService" signature="(Lgov/nih/nci/protexpress/service/ExperimentService;)V" line-rate="1.0" branch-rate="1.0">
							<lines>
								<line number="160" hits="1" branch="false"/>
								<line number="161" hits="1" branch="false"/>
							</lines>
						</method>
						<method name="setProtExpressService" signature="(Lgov/nih/nci/protexpress/service/ProtExpressService;)V" line-rate="1.0" branch-rate="1.0">
							<lines>
								<line number="174" hits="1" branch="false"/>
								<line number="175" hits="1" branch="false"/>
							</lines>
						</method>
						<method name="setProtocolService" signature="(Lgov/nih/nci/protexpress/service/ProtocolService;)V" line-rate="1.0" branch-rate="1.0">
							<lines>
								<line number="146" hits="1" branch="false"/>
								<line number="147" hits="1" branch="false"/>
							</lines>
						</method>
						<method name="setXar22FormatConversionService" signature="(Lgov/nih/nci/protexpress/service/FormatConversionService;)V" line-rate="1.0" branch-rate="1.0">
							<lines>
								<line number="188" hits="1" branch="false"/>
								<line number="189" hits="1" branch="false"/>
							</lines>
						</method>
					</methods>
					<lines>
						<line number="107" hits="1" branch="false"/>
						<line number="109" hits="1" branch="false"/>
						<line number="111" hits="1" branch="false"/>
						<line number="119" hits="1" branch="false"/>
						<line number="121" hits="1" branch="false"/>
						<line number="122" hits="1" branch="false"/>
						<line number="123" hits="0" branch="false"/>
						<line number="124" hits="0" branch="false"/>
						<line number="125" hits="1" branch="false"/>
						<line number="126" hits="1" branch="false"/>
						<line number="132" hits="114" branch="false"/>
						<line number="139" hits="37" branch="false"/>
						<line number="146" hits="1" branch="false"/>
						<line number="147" hits="1" branch="false"/>
						<line number="153" hits="38" branch="false"/>
						<line number="160" hits="1" branch="false"/>
						<line number="161" hits="1" branch="false"/>
						<line number="167" hits="19" branch="false"/>
						<line number="174" hits="1" branch="false"/>
						<line number="175" hits="1" branch="false"/>
						<line number="181" hits="5" branch="false"/>
						<line number="188" hits="1" branch="false"/>
						<line number="189" hits="1" branch="false"/>
						<line number="195" hits="7" branch="true" condition-coverage="50% (1/2)">
							<conditions>
								<condition number="0" type="jump" coverage="50%"/>
							</conditions>
						</line>
						<line number="197" hits="0" branch="false"/>
						<line number="199" hits="0" branch="false"/>
						<line number="200" hits="0" branch="false"/>
						<line number="201" hits="0" branch="false"/>
						<line number="203" hits="7" branch="false"/>
						<line number="210" hits="0" branch="false"/>
						<line number="217" hits="4" branch="false"/>
					</lines>
				</class>
			</classes>
		</package>
		<package name="gov.nih.nci.protexpress.data.interceptor" line-rate="0.9130434782608695" branch-rate="0.8" complexity="0.0">
			<classes>
				<class name="gov.nih.nci.protexpress.data.interceptor.ProtExpressHibernateInterceptor" filename="gov/nih/nci/protexpress/data/interceptor/ProtExpressHibernateInterceptor.java" line-rate="0.9130434782608695" branch-rate="0.8" complexity="0.0">
					<methods>
						<method name="&lt;init&gt;" signature="()V" line-rate="1.0" branch-rate="1.0">
							<lines>
								<line number="102" hits="1" branch="false"/>
							</lines>
						</method>
						<method name="onDelete" signature="(Ljava/lang/Object;Ljava/io/Serializable;[Ljava/lang/Object;[Ljava/lang/String;[Lorg/hibernate/type/Type;)V" line-rate="1.0" branch-rate="0.75">
							<lines>
								<line number="150" hits="6" branch="true" condition-coverage="75% (3/4)">
									<conditions>
										<condition number="0" type="jump" coverage="50%"/>
										<condition number="1" type="jump" coverage="100%"/>
									</conditions>
								</line>
								<line number="152" hits="1" branch="false"/>
								<line number="154" hits="5" branch="false"/>
								<line number="155" hits="5" branch="false"/>
							</lines>
						</method>
						<method name="onFlushDirty" signature="(Ljava/lang/Object;Ljava/io/Serializable;[Ljava/lang/Object;[Ljava/lang/Object;[Ljava/lang/String;[Lorg/hibernate/type/Type;)Z" line-rate="0.8888888888888888" branch-rate="0.875">
							<lines>
								<line number="130" hits="5" branch="true" condition-coverage="50% (1/2)">
									<conditions>
										<condition number="0" type="jump" coverage="50%"/>
									</conditions>
								</line>
								<line number="131" hits="5" branch="true" condition-coverage="100% (2/2)">
									<conditions>
										<condition number="0" type="jump" coverage="100%"/>
									</conditions>
								</line>
								<line number="132" hits="1" branch="false"/>
								<line number="134" hits="34" branch="true" condition-coverage="100% (2/2)">
									<conditions>
										<condition number="0" type="jump" coverage="100%"/>
									</conditions>
								</line>
								<line number="135" hits="30" branch="true" condition-coverage="100% (2/2)">
									<conditions>
										<condition number="0" type="jump" coverage="100%"/>
									</conditions>
								</line>
								<line number="136" hits="4" branch="false"/>
								<line number="137" hits="4" branch="false"/>
								<line number="140" hits="4" branch="false"/>
								<line number="142" hits="0" branch="false"/>
							</lines>
						</method>
						<method name="onSave" signature="(Ljava/lang/Object;Ljava/io/Serializable;[Ljava/lang/Object;[Ljava/lang/String;[Lorg/hibernate/type/Type;)Z" line-rate="0.8888888888888888" branch-rate="0.75">
							<lines>
								<line number="110" hits="59" branch="true" condition-coverage="50% (1/2)">
									<conditions>
										<condition number="0" type="jump" coverage="50%"/>
									</conditions>
								</line>
								<line number="111" hits="515" branch="true" condition-coverage="100% (2/2)">
									<conditions>
										<condition number="0" type="jump" coverage="100%"/>
									</conditions>
								</line>
								<line number="112" hits="456" branch="true" condition-coverage="75% (3/4)">
									<conditions>
										<condition number="0" type="jump" coverage="100%"/>
										<condition number="1" type="jump" coverage="50%"/>
									</conditions>
								</line>
								<line number="113" hits="59" branch="false"/>
								<line number="114" hits="59" branch="false"/>
								<line number="115" hits="59" branch="false"/>
								<line number="116" hits="59" branch="false"/>
								<line number="119" hits="59" branch="false"/>
								<line number="121" hits="0" branch="false"/>
							</lines>
						</method>
					</methods>
					<lines>
						<line number="102" hits="1" branch="false"/>
						<line number="110" hits="59" branch="true" condition-coverage="50% (1/2)">
							<conditions>
								<condition number="0" type="jump" coverage="50%"/>
							</conditions>
						</line>
						<line number="111" hits="515" branch="true" condition-coverage="100% (2/2)">
							<conditions>
								<condition number="0" type="jump" coverage="100%"/>
							</conditions>
						</line>
						<line number="112" hits="456" branch="true" condition-coverage="75% (3/4)">
							<conditions>
								<condition number="0" type="jump" coverage="100%"/>
								<condition number="1" type="jump" coverage="50%"/>
							</conditions>
						</line>
						<line number="113" hits="59" branch="false"/>
						<line number="114" hits="59" branch="false"/>
						<line number="115" hits="59" branch="false"/>
						<line number="116" hits="59" branch="false"/>
						<line number="119" hits="59" branch="false"/>
						<line number="121" hits="0" branch="false"/>
						<line number="130" hits="5" branch="true" condition-coverage="50% (1/2)">
							<conditions>
								<condition number="0" type="jump" coverage="50%"/>
							</conditions>
						</line>
						<line number="131" hits="5" branch="true" condition-coverage="100% (2/2)">
							<conditions>
								<condition number="0" type="jump" coverage="100%"/>
							</conditions>
						</line>
						<line number="132" hits="1" branch="false"/>
						<line number="134" hits="34" branch="true" condition-coverage="100% (2/2)">
							<conditions>
								<condition number="0" type="jump" coverage="100%"/>
							</conditions>
						</line>
						<line number="135" hits="30" branch="true" condition-coverage="100% (2/2)">
							<conditions>
								<condition number="0" type="jump" coverage="100%"/>
							</conditions>
						</line>
						<line number="136" hits="4" branch="false"/>
						<line number="137" hits="4" branch="false"/>
						<line number="140" hits="4" branch="false"/>
						<line number="142" hits="0" branch="false"/>
						<line number="150" hits="6" branch="true" condition-coverage="75% (3/4)">
							<conditions>
								<condition number="0" type="jump" coverage="50%"/>
								<condition number="1" type="jump" coverage="100%"/>
							</conditions>
						</line>
						<line number="152" hits="1" branch="false"/>
						<line number="154" hits="5" branch="false"/>
						<line number="155" hits="5" branch="false"/>
					</lines>
				</class>
			</classes>
		</package>
		<package name="gov.nih.nci.protexpress.data.validator" line-rate="0.5" branch-rate="0.0" complexity="0.0">
			<classes>
				<class name="gov.nih.nci.protexpress.data.validator.ContextualClassValidator" filename="gov/nih/nci/protexpress/data/validator/ContextualClassValidator.java" line-rate="0.9333333333333333" branch-rate="1.0" complexity="0.0">
					<methods>
						<method name="&lt;clinit&gt;" signature="()V" line-rate="1.0" branch-rate="1.0">
							<lines>
								<line number="97" hits="1" branch="false"/>
							</lines>
						</method>
						<method name="&lt;init&gt;" signature="(Ljava/lang/Class;)V" line-rate="1.0" branch-rate="1.0">
							<lines>
								<line number="114" hits="7" branch="false"/>
								<line number="115" hits="7" branch="false"/>
								<line number="116" hits="7" branch="false"/>
							</lines>
						</method>
						<method name="getCurrentBean" signature="()Lgov/nih/nci/protexpress/domain/Persistent;" line-rate="0.0" branch-rate="1.0">
							<lines>
								<line number="105" hits="0" branch="false"/>
							</lines>
						</method>
						<method name="getInvalidValues" signature="(Ljava/lang/Object;)[Lorg/hibernate/validator/InvalidValue;" line-rate="1.0" branch-rate="1.0">
							<lines>
								<line number="142" hits="18" branch="false"/>
								<line number="143" hits="18" branch="false"/>
								<line number="145" hits="18" branch="false"/>
								<line number="146" hits="18" branch="false"/>
							</lines>
						</method>
						<method name="getInvalidValues" signature="(Ljava/lang/Object;Ljava/lang/String;)[Lorg/hibernate/validator/InvalidValue;" line-rate="1.0" branch-rate="1.0">
							<lines>
								<line number="128" hits="2" branch="false"/>
								<line number="129" hits="2" branch="false"/>
								<line number="131" hits="2" branch="false"/>
								<line number="132" hits="2" branch="false"/>
							</lines>
						</method>
						<method name="setCurrentBean" signature="(Lgov/nih/nci/protexpress/domain/Persistent;)V" line-rate="1.0" branch-rate="1.0">
							<lines>
								<line number="119" hits="47" branch="false"/>
								<line number="120" hits="47" branch="false"/>
							</lines>
						</method>
					</methods>
					<lines>
						<line number="97" hits="1" branch="false"/>
						<line number="105" hits="0" branch="false"/>
						<line number="114" hits="7" branch="false"/>
						<line number="115" hits="7" branch="false"/>
						<line number="116" hits="7" branch="false"/>
						<line number="119" hits="47" branch="false"/>
						<line number="120" hits="47" branch="false"/>
						<line number="128" hits="2" branch="false"/>
						<line number="129" hits="2" branch="false"/>
						<line number="131" hits="2" branch="false"/>
						<line number="132" hits="2" branch="false"/>
						<line number="142" hits="18" branch="false"/>
						<line number="143" hits="18" branch="false"/>
						<line number="145" hits="18" branch="false"/>
						<line number="146" hits="18" branch="false"/>
					</lines>
				</class>
				<class name="gov.nih.nci.protexpress.data.validator.UniqueConstraint" filename="gov/nih/nci/protexpress/data/validator/UniqueConstraint.java" line-rate="1.0" branch-rate="1.0" complexity="0.0">
					<methods>
					</methods>
					<lines>
					</lines>
				</class>
				<class name="gov.nih.nci.protexpress.data.validator.UniqueConstraintValidator" filename="gov/nih/nci/protexpress/data/validator/UniqueConstraintValidator.java" line-rate="0.0" branch-rate="0.0" complexity="0.0">
					<methods>
						<method name="&lt;init&gt;" signature="()V" line-rate="1.0" branch-rate="1.0">
							<lines>
							</lines>
						</method>
						<method name="apply" signature="(Lorg/hibernate/mapping/Property;)V" line-rate="0.0" branch-rate="0.0">
							<lines>
								<line number="126" hits="0" branch="true" condition-coverage="0% (0/2)">
									<conditions>
										<condition number="0" type="jump" coverage="0%"/>
									</conditions>
								</line>
								<line number="127" hits="0" branch="false"/>
								<line number="128" hits="0" branch="true" condition-coverage="0% (0/2)">
									<conditions>
										<condition number="0" type="jump" coverage="0%"/>
									</conditions>
								</line>
								<line number="129" hits="0" branch="false"/>
								<line number="130" hits="0" branch="false"/>
								<line number="132" hits="0" branch="false"/>
							</lines>
						</method>
						<method name="initialize" signature="(Lgov/nih/nci/protexpress/data/validator/UniqueConstraint;)V" line-rate="0.0" branch-rate="1.0">
							<lines>
								<line number="107" hits="0" branch="false"/>
								<line number="108" hits="0" branch="false"/>
							</lines>
						</method>
						<method name="initialize" signature="(Ljava/lang/annotation/Annotation;)V" line-rate="0.0" branch-rate="1.0">
							<lines>
								<line number="99" hits="0" branch="false"/>
							</lines>
						</method>
						<method name="isValid" signature="(Ljava/lang/Object;)Z" line-rate="0.0" branch-rate="0.0">
							<lines>
								<line number="114" hits="0" branch="false"/>
								<line number="115" hits="0" branch="true" condition-coverage="0% (0/2)">
									<conditions>
										<condition number="0" type="jump" coverage="0%"/>
									</conditions>
								</line>
								<line number="116" hits="0" branch="false"/>
								<line number="118" hits="0" branch="false"/>
							</lines>
						</method>
					</methods>
					<lines>
						<line number="99" hits="0" branch="false"/>
						<line number="107" hits="0" branch="false"/>
						<line number="108" hits="0" branch="false"/>
						<line number="114" hits="0" branch="false"/>
						<line number="115" hits="0" branch="true" condition-coverage="0% (0/2)">
							<conditions>
								<condition number="0" type="jump" coverage="0%"/>
							</conditions>
						</line>
						<line number="116" hits="0" branch="false"/>
						<line number="118" hits="0" branch="false"/>
						<line number="126" hits="0" branch="true" condition-coverage="0% (0/2)">
							<conditions>
								<condition number="0" type="jump" coverage="0%"/>
							</conditions>
						</line>
						<line number="127" hits="0" branch="false"/>
						<line number="128" hits="0" branch="true" condition-coverage="0% (0/2)">
							<conditions>
								<condition number="0" type="jump" coverage="0%"/>
							</conditions>
						</line>
						<line number="129" hits="0" branch="false"/>
						<line number="130" hits="0" branch="false"/>
						<line number="132" hits="0" branch="false"/>
					</lines>
				</class>
			</classes>
		</package>
		<package name="gov.nih.nci.protexpress.domain" line-rate="0.5254237288135594" branch-rate="1.0" complexity="1.0588235294117647">
			<classes>
				<class name="gov.nih.nci.protexpress.domain.AbstractProtExpressEntity" filename="gov/nih/nci/protexpress/domain/AbstractProtExpressEntity.java" line-rate="0.0" branch-rate="1.0" complexity="0.0">
					<methods>
						<method name="&lt;init&gt;" signature="()V" line-rate="0.0" branch-rate="1.0">
							<lines>
								<line number="110" hits="0" branch="false"/>
								<line number="111" hits="0" branch="false"/>
								<line number="116" hits="0" branch="false"/>
								<line number="117" hits="0" branch="false"/>
								<line number="118" hits="0" branch="false"/>
							</lines>
						</method>
						<method name="getAuditInfo" signature="()Lgov/nih/nci/protexpress/domain/audit/AuditInfo;" line-rate="0.0" branch-rate="1.0">
							<lines>
								<line number="156" hits="0" branch="false"/>
							</lines>
						</method>
						<method name="getId" signature="()Ljava/lang/Long;" line-rate="0.0" branch-rate="1.0">
							<lines>
								<line number="128" hits="0" branch="false"/>
							</lines>
						</method>
						<method name="getIsEditable" signature="()Z" line-rate="0.0" branch-rate="1.0">
							<lines>
								<line number="173" hits="0" branch="false"/>
							</lines>
						</method>
						<method name="getLsid" signature="()Ljava/lang/String;" line-rate="0.0" branch-rate="1.0">
							<lines>
								<line number="145" hits="0" branch="false"/>
								<line number="147" hits="0" branch="false"/>
							</lines>
						</method>
						<method name="setAuditInfo" signature="(Lgov/nih/nci/protexpress/domain/audit/AuditInfo;)V" line-rate="0.0" branch-rate="1.0">
							<lines>
								<line number="163" hits="0" branch="false"/>
								<line number="164" hits="0" branch="false"/>
							</lines>
						</method>
						<method name="setId" signature="(Ljava/lang/Long;)V" line-rate="0.0" branch-rate="1.0">
							<lines>
								<line number="135" hits="0" branch="false"/>
								<line number="136" hits="0" branch="false"/>
							</lines>
						</method>
						<method name="setIsEditable" signature="(Z)V" line-rate="0.0" branch-rate="1.0">
							<lines>
								<line number="182" hits="0" branch="false"/>
								<line number="183" hits="0" branch="false"/>
							</lines>
						</method>
					</methods>
					<lines>
						<line number="110" hits="0" branch="false"/>
						<line number="111" hits="0" branch="false"/>
						<line number="116" hits="0" branch="false"/>
						<line number="117" hits="0" branch="false"/>
						<line number="118" hits="0" branch="false"/>
						<line number="128" hits="0" branch="false"/>
						<line number="135" hits="0" branch="false"/>
						<line number="136" hits="0" branch="false"/>
						<line number="145" hits="0" branch="false"/>
						<line number="147" hits="0" branch="false"/>
						<line number="156" hits="0" branch="false"/>
						<line number="163" hits="0" branch="false"/>
						<line number="164" hits="0" branch="false"/>
						<line number="173" hits="0" branch="false"/>
						<line number="182" hits="0" branch="false"/>
						<line number="183" hits="0" branch="false"/>
					</lines>
				</class>
				<class name="gov.nih.nci.protexpress.domain.Auditable" filename="gov/nih/nci/protexpress/domain/Auditable.java" line-rate="1.0" branch-rate="1.0" complexity="1.0">
					<methods>
					</methods>
					<lines>
					</lines>
				</class>
				<class name="gov.nih.nci.protexpress.domain.CpasType" filename="gov/nih/nci/protexpress/domain/CpasType.java" line-rate="0.0" branch-rate="1.0" complexity="0.0">
					<methods>
						<method name="&lt;clinit&gt;" signature="()V" line-rate="0.0" branch-rate="1.0">
							<lines>
								<line number="89" hits="0" branch="false"/>
								<line number="93" hits="0" branch="false"/>
								<line number="97" hits="0" branch="false"/>
								<line number="101" hits="0" branch="false"/>
								<line number="105" hits="0" branch="false"/>
								<line number="109" hits="0" branch="false"/>
							</lines>
						</method>
						<method name="&lt;init&gt;" signature="(Ljava/lang/String;ILjava/lang/String;)V" line-rate="0.0" branch-rate="1.0">
							<lines>
								<line number="118" hits="0" branch="false"/>
								<line number="119" hits="0" branch="false"/>
								<line number="120" hits="0" branch="false"/>
							</lines>
						</method>
						<method name="getDisplayName" signature="()Ljava/lang/String;" line-rate="0.0" branch-rate="1.0">
							<lines>
								<line number="126" hits="0" branch="false"/>
							</lines>
						</method>
						<method name="valueOf" signature="(Ljava/lang/String;)Lgov/nih/nci/protexpress/domain/CpasType;" line-rate="1.0" branch-rate="1.0">
							<lines>
							</lines>
						</method>
						<method name="values" signature="()[Lgov/nih/nci/protexpress/domain/CpasType;" line-rate="1.0" branch-rate="1.0">
							<lines>
							</lines>
						</method>
					</methods>
					<lines>
						<line number="89" hits="0" branch="false"/>
						<line number="93" hits="0" branch="false"/>
						<line number="97" hits="0" branch="false"/>
						<line number="101" hits="0" branch="false"/>
						<line number="105" hits="0" branch="false"/>
						<line number="109" hits="0" branch="false"/>
						<line number="118" hits="0" branch="false"/>
						<line number="119" hits="0" branch="false"/>
						<line number="120" hits="0" branch="false"/>
						<line number="126" hits="0" branch="false"/>
					</lines>
				</class>
				<class name="gov.nih.nci.protexpress.domain.HibernateFieldLength" filename="gov/nih/nci/protexpress/domain/HibernateFieldLength.java" line-rate="0.0" branch-rate="1.0" complexity="0.0">
					<methods>
						<method name="&lt;init&gt;" signature="()V" line-rate="0.0" branch-rate="1.0">
							<lines>
								<line number="194" hits="0" branch="false"/>
								<line number="196" hits="0" branch="false"/>
							</lines>
						</method>
					</methods>
					<lines>
						<line number="194" hits="0" branch="false"/>
						<line number="196" hits="0" branch="false"/>
					</lines>
				</class>
				<class name="gov.nih.nci.protexpress.domain.LsidType" filename="gov/nih/nci/protexpress/domain/LsidType.java" line-rate="1.0" branch-rate="1.0" complexity="1.0714285714285714">
					<methods>
						<method name="&lt;init&gt;" signature="(Ljava/lang/String;Ljava/lang/Long;)V" line-rate="1.0" branch-rate="1.0">
							<lines>
								<line number="107" hits="20" branch="false"/>
								<line number="108" hits="20" branch="false"/>
								<line number="109" hits="20" branch="false"/>
								<line number="111" hits="20" branch="false"/>
								<line number="112" hits="20" branch="false"/>
								<line number="113" hits="20" branch="false"/>
								<line number="114" hits="20" branch="false"/>
								<line number="115" hits="20" branch="false"/>
							</lines>
						</method>
						<method name="getAuthority" signature="()Ljava/lang/String;" line-rate="1.0" branch-rate="1.0">
							<lines>
								<line number="182" hits="16" branch="false"/>
							</lines>
						</method>
						<method name="getBaseString" signature="()Ljava/lang/String;" line-rate="1.0" branch-rate="1.0">
							<lines>
								<line number="146" hits="16" branch="false"/>
							</lines>
						</method>
						<method name="getIdentifier" signature="()Ljava/lang/Long;" line-rate="1.0" branch-rate="1.0">
							<lines>
								<line number="218" hits="36" branch="false"/>
							</lines>
						</method>
						<method name="getLsid" signature="()Ljava/lang/String;" line-rate="1.0" branch-rate="1.0">
							<lines>
								<line number="123" hits="20" branch="false"/>
								<line number="124" hits="20" branch="false"/>
								<line number="125" hits="20" branch="true" condition-coverage="100% (2/2)">
									<conditions>
										<condition number="0" type="jump" coverage="100%"/>
									</conditions>
								</line>
								<line number="126" hits="16" branch="false"/>
								<line number="137" hits="20" branch="false"/>
							</lines>
						</method>
						<method name="getNamespace" signature="()Ljava/lang/String;" line-rate="1.0" branch-rate="1.0">
							<lines>
								<line number="200" hits="16" branch="false"/>
							</lines>
						</method>
						<method name="getRevision" signature="()Ljava/lang/String;" line-rate="1.0" branch-rate="1.0">
							<lines>
								<line number="236" hits="16" branch="false"/>
							</lines>
						</method>
						<method name="getSeparator" signature="()Ljava/lang/String;" line-rate="1.0" branch-rate="1.0">
							<lines>
								<line number="164" hits="64" branch="false"/>
							</lines>
						</method>
						<method name="setAuthority" signature="(Ljava/lang/String;)V" line-rate="1.0" branch-rate="1.0">
							<lines>
								<line number="191" hits="20" branch="false"/>
								<line number="192" hits="20" branch="false"/>
							</lines>
						</method>
						<method name="setBaseString" signature="(Ljava/lang/String;)V" line-rate="1.0" branch-rate="1.0">
							<lines>
								<line number="155" hits="20" branch="false"/>
								<line number="156" hits="20" branch="false"/>
							</lines>
						</method>
						<method name="setIdentifier" signature="(Ljava/lang/Long;)V" line-rate="1.0" branch-rate="1.0">
							<lines>
								<line number="227" hits="20" branch="false"/>
								<line number="228" hits="20" branch="false"/>
							</lines>
						</method>
						<method name="setNamespace" signature="(Ljava/lang/String;)V" line-rate="1.0" branch-rate="1.0">
							<lines>
								<line number="209" hits="20" branch="false"/>
								<line number="210" hits="20" branch="false"/>
							</lines>
						</method>
						<method name="setRevision" signature="(Ljava/lang/String;)V" line-rate="1.0" branch-rate="1.0">
							<lines>
								<line number="245" hits="20" branch="false"/>
								<line number="246" hits="20" branch="false"/>
							</lines>
						</method>
						<method name="setSeparator" signature="(Ljava/lang/String;)V" line-rate="1.0" branch-rate="1.0">
							<lines>
								<line number="173" hits="20" branch="false"/>
								<line number="174" hits="20" branch="false"/>
							</lines>
						</method>
					</methods>
					<lines>
						<line number="107" hits="20" branch="false"/>
						<line number="108" hits="20" branch="false"/>
						<line number="109" hits="20" branch="false"/>
						<line number="111" hits="20" branch="false"/>
						<line number="112" hits="20" branch="false"/>
						<line number="113" hits="20" branch="false"/>
						<line number="114" hits="20" branch="false"/>
						<line number="115" hits="20" branch="false"/>
						<line number="123" hits="20" branch="false"/>
						<line number="124" hits="20" branch="false"/>
						<line number="125" hits="20" branch="true" condition-coverage="100% (2/2)">
							<conditions>
								<condition number="0" type="jump" coverage="100%"/>
							</conditions>
						</line>
						<line number="126" hits="16" branch="false"/>
						<line number="137" hits="20" branch="false"/>
						<line number="146" hits="16" branch="false"/>
						<line number="155" hits="20" branch="false"/>
						<line number="156" hits="20" branch="false"/>
						<line number="164" hits="64" branch="false"/>
						<line number="173" hits="20" branch="false"/>
						<line number="174" hits="20" branch="false"/>
						<line number="182" hits="16" branch="false"/>
						<line number="191" hits="20" branch="false"/>
						<line number="192" hits="20" branch="false"/>
						<line number="200" hits="16" branch="false"/>
						<line number="209" hits="20" branch="false"/>
						<line number="210" hits="20" branch="false"/>
						<line number="218" hits="36" branch="false"/>
						<line number="227" hits="20" branch="false"/>
						<line number="228" hits="20" branch="false"/>
						<line number="236" hits="16" branch="false"/>
						<line number="245" hits="20" branch="false"/>
						<line number="246" hits="20" branch="false"/>
					</lines>
				</class>
				<class name="gov.nih.nci.protexpress.domain.Persistent" filename="gov/nih/nci/protexpress/domain/Persistent.java" line-rate="1.0" branch-rate="1.0" complexity="1.0">
					<methods>
					</methods>
					<lines>
					</lines>
				</class>
			</classes>
		</package>
		<package name="gov.nih.nci.protexpress.domain.audit" line-rate="1.0" branch-rate="1.0" complexity="0.0">
			<classes>
				<class name="gov.nih.nci.protexpress.domain.audit.AuditInfo" filename="gov/nih/nci/protexpress/domain/audit/AuditInfo.java" line-rate="1.0" branch-rate="1.0" complexity="0.0">
					<methods>
						<method name="&lt;init&gt;" signature="()V" line-rate="1.0" branch-rate="1.0">
							<lines>
								<line number="100" hits="310" branch="false"/>
								<line number="102" hits="310" branch="false"/>
								<line number="103" hits="310" branch="false"/>
							</lines>
						</method>
						<method name="getCreationDate" signature="()Ljava/util/Calendar;" line-rate="1.0" branch-rate="1.0">
							<lines>
								<line number="130" hits="621" branch="false"/>
							</lines>
						</method>
						<method name="getCreator" signature="()Ljava/lang/String;" line-rate="1.0" branch-rate="1.0">
							<lines>
								<line number="112" hits="634" branch="false"/>
							</lines>
						</method>
						<method name="getLastModifiedDate" signature="()Ljava/util/Calendar;" line-rate="1.0" branch-rate="1.0">
							<lines>
								<line number="148" hits="623" branch="false"/>
							</lines>
						</method>
						<method name="setCreationDate" signature="(Ljava/util/Calendar;)V" line-rate="1.0" branch-rate="1.0">
							<lines>
								<line number="137" hits="186" branch="false"/>
								<line number="138" hits="186" branch="false"/>
							</lines>
						</method>
						<method name="setCreator" signature="(Ljava/lang/String;)V" line-rate="1.0" branch-rate="1.0">
							<lines>
								<line number="119" hits="186" branch="false"/>
								<line number="120" hits="186" branch="false"/>
							</lines>
						</method>
						<method name="setLastModifiedDate" signature="(Ljava/util/Calendar;)V" line-rate="1.0" branch-rate="1.0">
							<lines>
								<line number="155" hits="190" branch="false"/>
								<line number="156" hits="190" branch="false"/>
							</lines>
						</method>
					</methods>
					<lines>
						<line number="100" hits="310" branch="false"/>
						<line number="102" hits="310" branch="false"/>
						<line number="103" hits="310" branch="false"/>
						<line number="112" hits="634" branch="false"/>
						<line number="119" hits="186" branch="false"/>
						<line number="120" hits="186" branch="false"/>
						<line number="130" hits="621" branch="false"/>
						<line number="137" hits="186" branch="false"/>
						<line number="138" hits="186" branch="false"/>
						<line number="148" hits="623" branch="false"/>
						<line number="155" hits="190" branch="false"/>
						<line number="156" hits="190" branch="false"/>
					</lines>
				</class>
			</classes>
		</package>
		<package name="gov.nih.nci.protexpress.domain.contact" line-rate="0.6842105263157895" branch-rate="1.0" complexity="0.0">
			<classes>
				<class name="gov.nih.nci.protexpress.domain.contact.ContactPerson" filename="gov/nih/nci/protexpress/domain/contact/ContactPerson.java" line-rate="0.6842105263157895" branch-rate="1.0" complexity="0.0">
					<methods>
						<method name="&lt;init&gt;" signature="()V" line-rate="1.0" branch-rate="1.0">
							<lines>
								<line number="99" hits="225" branch="false"/>
							</lines>
						</method>
						<method name="getCopy" signature="(Lgov/nih/nci/protexpress/domain/contact/ContactPerson;)Lgov/nih/nci/protexpress/domain/contact/ContactPerson;" line-rate="0.0" branch-rate="1.0">
							<lines>
								<line number="193" hits="0" branch="false"/>
								<line number="194" hits="0" branch="false"/>
								<line number="195" hits="0" branch="false"/>
								<line number="196" hits="0" branch="false"/>
								<line number="197" hits="0" branch="false"/>
								<line number="198" hits="0" branch="false"/>
							</lines>
						</method>
						<method name="getEmail" signature="()Ljava/lang/String;" line-rate="1.0" branch-rate="1.0">
							<lines>
								<line number="154" hits="758" branch="false"/>
							</lines>
						</method>
						<method name="getFirstName" signature="()Ljava/lang/String;" line-rate="1.0" branch-rate="1.0">
							<lines>
								<line number="113" hits="621" branch="false"/>
							</lines>
						</method>
						<method name="getLastName" signature="()Ljava/lang/String;" line-rate="1.0" branch-rate="1.0">
							<lines>
								<line number="133" hits="621" branch="false"/>
							</lines>
						</method>
						<method name="getNotes" signature="()Ljava/lang/String;" line-rate="1.0" branch-rate="1.0">
							<lines>
								<line number="174" hits="621" branch="false"/>
							</lines>
						</method>
						<method name="setEmail" signature="(Ljava/lang/String;)V" line-rate="1.0" branch-rate="1.0">
							<lines>
								<line number="163" hits="68" branch="false"/>
								<line number="164" hits="68" branch="false"/>
							</lines>
						</method>
						<method name="setFirstName" signature="(Ljava/lang/String;)V" line-rate="1.0" branch-rate="1.0">
							<lines>
								<line number="122" hits="68" branch="false"/>
								<line number="123" hits="68" branch="false"/>
							</lines>
						</method>
						<method name="setLastName" signature="(Ljava/lang/String;)V" line-rate="1.0" branch-rate="1.0">
							<lines>
								<line number="142" hits="68" branch="false"/>
								<line number="143" hits="68" branch="false"/>
							</lines>
						</method>
						<method name="setNotes" signature="(Ljava/lang/String;)V" line-rate="1.0" branch-rate="1.0">
							<lines>
								<line number="183" hits="59" branch="false"/>
								<line number="184" hits="59" branch="false"/>
							</lines>
						</method>
					</methods>
					<lines>
						<line number="99" hits="225" branch="false"/>
						<line number="113" hits="621" branch="false"/>
						<line number="122" hits="68" branch="false"/>
						<line number="123" hits="68" branch="false"/>
						<line number="133" hits="621" branch="false"/>
						<line number="142" hits="68" branch="false"/>
						<line number="143" hits="68" branch="false"/>
						<line number="154" hits="758" branch="false"/>
						<line number="163" hits="68" branch="false"/>
						<line number="164" hits="68" branch="false"/>
						<line number="174" hits="621" branch="false"/>
						<line number="183" hits="59" branch="false"/>
						<line number="184" hits="59" branch="false"/>
						<line number="193" hits="0" branch="false"/>
						<line number="194" hits="0" branch="false"/>
						<line number="195" hits="0" branch="false"/>
						<line number="196" hits="0" branch="false"/>
						<line number="197" hits="0" branch="false"/>
						<line number="198" hits="0" branch="false"/>
					</lines>
				</class>
			</classes>
		</package>
		<package name="gov.nih.nci.protexpress.domain.experiment" line-rate="0.9285714285714286" branch-rate="0.8125" complexity="0.0">
			<classes>
				<class name="gov.nih.nci.protexpress.domain.experiment.Experiment" filename="gov/nih/nci/protexpress/domain/experiment/Experiment.java" line-rate="0.9464285714285714" branch-rate="1.0" complexity="0.0">
					<methods>
						<method name="&lt;init&gt;" signature="()V" line-rate="1.0" branch-rate="1.0">
							<lines>
								<line number="150" hits="14" branch="false"/>
								<line number="151" hits="14" branch="false"/>
							</lines>
						</method>
						<method name="&lt;init&gt;" signature="(Ljava/lang/String;)V" line-rate="1.0" branch-rate="1.0">
							<lines>
								<line number="141" hits="51" branch="false"/>
								<line number="142" hits="51" branch="false"/>
								<line number="143" hits="51" branch="false"/>
								<line number="144" hits="51" branch="false"/>
								<line number="145" hits="51" branch="false"/>
								<line number="159" hits="37" branch="false"/>
								<line number="160" hits="37" branch="false"/>
								<line number="161" hits="37" branch="false"/>
							</lines>
						</method>
						<method name="equals" signature="(Ljava/lang/Object;)Z" line-rate="1.0" branch-rate="1.0">
							<lines>
								<line number="396" hits="20" branch="true" condition-coverage="100% (2/2)">
									<conditions>
										<condition number="0" type="jump" coverage="100%"/>
									</conditions>
								</line>
								<line number="397" hits="1" branch="false"/>
								<line number="400" hits="19" branch="true" condition-coverage="100% (2/2)">
									<conditions>
										<condition number="0" type="jump" coverage="100%"/>
									</conditions>
								</line>
								<line number="401" hits="13" branch="false"/>
								<line number="404" hits="6" branch="true" condition-coverage="100% (2/2)">
									<conditions>
										<condition number="0" type="jump" coverage="100%"/>
									</conditions>
								</line>
								<line number="405" hits="1" branch="false"/>
								<line number="408" hits="5" branch="false"/>
								<line number="410" hits="5" branch="true" condition-coverage="100% (2/2)">
									<conditions>
										<condition number="0" type="jump" coverage="100%"/>
									</conditions>
								</line>
								<line number="411" hits="1" branch="false"/>
								<line number="414" hits="4" branch="false"/>
							</lines>
						</method>
						<method name="getAuditInfo" signature="()Lgov/nih/nci/protexpress/domain/audit/AuditInfo;" line-rate="1.0" branch-rate="1.0">
							<lines>
								<line number="342" hits="83" branch="false"/>
							</lines>
						</method>
						<method name="getContactPerson" signature="()Lgov/nih/nci/protexpress/domain/contact/ContactPerson;" line-rate="1.0" branch-rate="1.0">
							<lines>
								<line number="360" hits="107" branch="false"/>
							</lines>
						</method>
						<method name="getDatePerformed" signature="()Ljava/util/Date;" line-rate="1.0" branch-rate="1.0">
							<lines>
								<line number="324" hits="82" branch="false"/>
							</lines>
						</method>
						<method name="getDescription" signature="()Ljava/lang/String;" line-rate="1.0" branch-rate="1.0">
							<lines>
								<line number="243" hits="91" branch="false"/>
							</lines>
						</method>
						<method name="getExperimentRuns" signature="()Ljava/util/List;" line-rate="1.0" branch-rate="1.0">
							<lines>
								<line number="379" hits="147" branch="false"/>
							</lines>
						</method>
						<method name="getHypothesis" signature="()Ljava/lang/String;" line-rate="1.0" branch-rate="1.0">
							<lines>
								<line number="263" hits="81" branch="false"/>
							</lines>
						</method>
						<method name="getId" signature="()Ljava/lang/Long;" line-rate="1.0" branch-rate="1.0">
							<lines>
								<line number="171" hits="72" branch="false"/>
							</lines>
						</method>
						<method name="getLsid" signature="()Ljava/lang/String;" line-rate="1.0" branch-rate="1.0">
							<lines>
								<line number="188" hits="10" branch="false"/>
								<line number="190" hits="10" branch="false"/>
							</lines>
						</method>
						<method name="getName" signature="()Ljava/lang/String;" line-rate="1.0" branch-rate="1.0">
							<lines>
								<line number="222" hits="118" branch="false"/>
							</lines>
						</method>
						<method name="getNotes" signature="()Ljava/lang/String;" line-rate="1.0" branch-rate="1.0">
							<lines>
								<line number="303" hits="82" branch="false"/>
							</lines>
						</method>
						<method name="getStatusCompleted" signature="()Ljava/lang/Boolean;" line-rate="0.0" branch-rate="1.0">
							<lines>
								<line number="200" hits="0" branch="false"/>
							</lines>
						</method>
						<method name="getUrl" signature="()Ljava/lang/String;" line-rate="1.0" branch-rate="1.0">
							<lines>
								<line number="292" hits="81" branch="false"/>
							</lines>
						</method>
						<method name="hashCode" signature="()I" line-rate="1.0" branch-rate="1.0">
							<lines>
								<line number="422" hits="2" branch="false"/>
							</lines>
						</method>
						<method name="setAuditInfo" signature="(Lgov/nih/nci/protexpress/domain/audit/AuditInfo;)V" line-rate="1.0" branch-rate="1.0">
							<lines>
								<line number="349" hits="54" branch="false"/>
								<line number="350" hits="54" branch="false"/>
							</lines>
						</method>
						<method name="setContactPerson" signature="(Lgov/nih/nci/protexpress/domain/contact/ContactPerson;)V" line-rate="1.0" branch-rate="1.0">
							<lines>
								<line number="369" hits="58" branch="false"/>
								<line number="370" hits="58" branch="false"/>
							</lines>
						</method>
						<method name="setDatePerformed" signature="(Ljava/util/Date;)V" line-rate="1.0" branch-rate="1.0">
							<lines>
								<line number="333" hits="60" branch="false"/>
								<line number="334" hits="60" branch="false"/>
							</lines>
						</method>
						<method name="setDescription" signature="(Ljava/lang/String;)V" line-rate="1.0" branch-rate="1.0">
							<lines>
								<line number="252" hits="77" branch="false"/>
								<line number="253" hits="77" branch="false"/>
							</lines>
						</method>
						<method name="setExperimentRuns" signature="(Ljava/util/List;)V" line-rate="1.0" branch-rate="1.0">
							<lines>
								<line number="388" hits="54" branch="false"/>
								<line number="389" hits="54" branch="false"/>
							</lines>
						</method>
						<method name="setHypothesis" signature="(Ljava/lang/String;)V" line-rate="1.0" branch-rate="1.0">
							<lines>
								<line number="272" hits="71" branch="false"/>
								<line number="273" hits="71" branch="false"/>
							</lines>
						</method>
						<method name="setId" signature="(Ljava/lang/Long;)V" line-rate="1.0" branch-rate="1.0">
							<lines>
								<line number="178" hits="38" branch="false"/>
								<line number="179" hits="38" branch="false"/>
							</lines>
						</method>
						<method name="setName" signature="(Ljava/lang/String;)V" line-rate="1.0" branch-rate="1.0">
							<lines>
								<line number="231" hits="91" branch="false"/>
								<line number="232" hits="91" branch="false"/>
							</lines>
						</method>
						<method name="setNotes" signature="(Ljava/lang/String;)V" line-rate="1.0" branch-rate="1.0">
							<lines>
								<line number="312" hits="54" branch="false"/>
								<line number="313" hits="54" branch="false"/>
							</lines>
						</method>
						<method name="setStatusCompleted" signature="(Ljava/lang/Boolean;)V" line-rate="0.0" branch-rate="1.0">
							<lines>
								<line number="209" hits="0" branch="false"/>
								<line number="210" hits="0" branch="false"/>
							</lines>
						</method>
						<method name="setUrl" signature="(Ljava/lang/String;)V" line-rate="1.0" branch-rate="1.0">
							<lines>
								<line number="281" hits="71" branch="false"/>
								<line number="282" hits="71" branch="false"/>
							</lines>
						</method>
					</methods>
					<lines>
						<line number="141" hits="51" branch="false"/>
						<line number="142" hits="51" branch="false"/>
						<line number="143" hits="51" branch="false"/>
						<line number="144" hits="51" branch="false"/>
						<line number="145" hits="51" branch="false"/>
						<line number="150" hits="14" branch="false"/>
						<line number="151" hits="14" branch="false"/>
						<line number="159" hits="37" branch="false"/>
						<line number="160" hits="37" branch="false"/>
						<line number="161" hits="37" branch="false"/>
						<line number="171" hits="72" branch="false"/>
						<line number="178" hits="38" branch="false"/>
						<line number="179" hits="38" branch="false"/>
						<line number="188" hits="10" branch="false"/>
						<line number="190" hits="10" branch="false"/>
						<line number="200" hits="0" branch="false"/>
						<line number="209" hits="0" branch="false"/>
						<line number="210" hits="0" branch="false"/>
						<line number="222" hits="118" branch="false"/>
						<line number="231" hits="91" branch="false"/>
						<line number="232" hits="91" branch="false"/>
						<line number="243" hits="91" branch="false"/>
						<line number="252" hits="77" branch="false"/>
						<line number="253" hits="77" branch="false"/>
						<line number="263" hits="81" branch="false"/>
						<line number="272" hits="71" branch="false"/>
						<line number="273" hits="71" branch="false"/>
						<line number="281" hits="71" branch="false"/>
						<line number="282" hits="71" branch="false"/>
						<line number="292" hits="81" branch="false"/>
						<line number="303" hits="82" branch="false"/>
						<line number="312" hits="54" branch="false"/>
						<line number="313" hits="54" branch="false"/>
						<line number="324" hits="82" branch="false"/>
						<line number="333" hits="60" branch="false"/>
						<line number="334" hits="60" branch="false"/>
						<line number="342" hits="83" branch="false"/>
						<line number="349" hits="54" branch="false"/>
						<line number="350" hits="54" branch="false"/>
						<line number="360" hits="107" branch="false"/>
						<line number="369" hits="58" branch="false"/>
						<line number="370" hits="58" branch="false"/>
						<line number="379" hits="147" branch="false"/>
						<line number="388" hits="54" branch="false"/>
						<line number="389" hits="54" branch="false"/>
						<line number="396" hits="20" branch="true" condition-coverage="100% (2/2)">
							<conditions>
								<condition number="0" type="jump" coverage="100%"/>
							</conditions>
						</line>
						<line number="397" hits="1" branch="false"/>
						<line number="400" hits="19" branch="true" condition-coverage="100% (2/2)">
							<conditions>
								<condition number="0" type="jump" coverage="100%"/>
							</conditions>
						</line>
						<line number="401" hits="13" branch="false"/>
						<line number="404" hits="6" branch="true" condition-coverage="100% (2/2)">
							<conditions>
								<condition number="0" type="jump" coverage="100%"/>
							</conditions>
						</line>
						<line number="405" hits="1" branch="false"/>
						<line number="408" hits="5" branch="false"/>
						<line number="410" hits="5" branch="true" condition-coverage="100% (2/2)">
							<conditions>
								<condition number="0" type="jump" coverage="100%"/>
							</conditions>
						</line>
						<line number="411" hits="1" branch="false"/>
						<line number="414" hits="4" branch="false"/>
						<line number="422" hits="2" branch="false"/>
					</lines>
				</class>
				<class name="gov.nih.nci.protexpress.domain.experiment.ExperimentRun" filename="gov/nih/nci/protexpress/domain/experiment/ExperimentRun.java" line-rate="0.9047619047619048" branch-rate="0.625" complexity="0.0">
					<methods>
						<method name="&lt;init&gt;" signature="()V" line-rate="1.0" branch-rate="1.0">
							<lines>
								<line number="147" hits="4" branch="false"/>
								<line number="148" hits="4" branch="false"/>
							</lines>
						</method>
						<method name="&lt;init&gt;" signature="(Ljava/lang/String;)V" line-rate="1.0" branch-rate="1.0">
							<lines>
								<line number="139" hits="13" branch="false"/>
								<line number="140" hits="13" branch="false"/>
								<line number="142" hits="13" branch="false"/>
								<line number="155" hits="9" branch="false"/>
								<line number="156" hits="9" branch="false"/>
								<line number="157" hits="9" branch="false"/>
							</lines>
						</method>
						<method name="equals" signature="(Ljava/lang/Object;)Z" line-rate="0.7" branch-rate="0.625">
							<lines>
								<line number="313" hits="2" branch="true" condition-coverage="50% (1/2)">
									<conditions>
										<condition number="0" type="jump" coverage="50%"/>
									</conditions>
								</line>
								<line number="314" hits="0" branch="false"/>
								<line number="317" hits="2" branch="true" condition-coverage="100% (2/2)">
									<conditions>
										<condition number="0" type="jump" coverage="100%"/>
									</conditions>
								</line>
								<line number="318" hits="1" branch="false"/>
								<line number="321" hits="1" branch="true" condition-coverage="50% (1/2)">
									<conditions>
										<condition number="0" type="jump" coverage="50%"/>
									</conditions>
								</line>
								<line number="322" hits="0" branch="false"/>
								<line number="325" hits="1" branch="false"/>
								<line number="327" hits="1" branch="true" condition-coverage="50% (1/2)">
									<conditions>
										<condition number="0" type="jump" coverage="50%"/>
									</conditions>
								</line>
								<line number="328" hits="0" branch="false"/>
								<line number="331" hits="1" branch="false"/>
							</lines>
						</method>
						<method name="getAuditInfo" signature="()Lgov/nih/nci/protexpress/domain/audit/AuditInfo;" line-rate="1.0" branch-rate="1.0">
							<lines>
								<line number="238" hits="9" branch="false"/>
							</lines>
						</method>
						<method name="getDatePerformed" signature="()Ljava/util/Date;" line-rate="1.0" branch-rate="1.0">
							<lines>
								<line number="257" hits="8" branch="false"/>
							</lines>
						</method>
						<method name="getExperiment" signature="()Lgov/nih/nci/protexpress/domain/experiment/Experiment;" line-rate="1.0" branch-rate="1.0">
							<lines>
								<line number="277" hits="6" branch="false"/>
							</lines>
						</method>
						<method name="getId" signature="()Ljava/lang/Long;" line-rate="1.0" branch-rate="1.0">
							<lines>
								<line number="167" hits="12" branch="false"/>
							</lines>
						</method>
						<method name="getLsid" signature="()Ljava/lang/String;" line-rate="1.0" branch-rate="1.0">
							<lines>
								<line number="207" hits="2" branch="false"/>
								<line number="209" hits="2" branch="false"/>
							</lines>
						</method>
						<method name="getName" signature="()Ljava/lang/String;" line-rate="1.0" branch-rate="1.0">
							<lines>
								<line number="188" hits="10" branch="false"/>
							</lines>
						</method>
						<method name="getNotes" signature="()Ljava/lang/String;" line-rate="1.0" branch-rate="1.0">
							<lines>
								<line number="220" hits="8" branch="false"/>
							</lines>
						</method>
						<method name="getProtocolApplications" signature="()Ljava/util/List;" line-rate="1.0" branch-rate="1.0">
							<lines>
								<line number="296" hits="24" branch="false"/>
							</lines>
						</method>
						<method name="hashCode" signature="()I" line-rate="0.0" branch-rate="1.0">
							<lines>
								<line number="339" hits="0" branch="false"/>
							</lines>
						</method>
						<method name="setAuditInfo" signature="(Lgov/nih/nci/protexpress/domain/audit/AuditInfo;)V" line-rate="1.0" branch-rate="1.0">
							<lines>
								<line number="245" hits="5" branch="false"/>
								<line number="246" hits="5" branch="false"/>
							</lines>
						</method>
						<method name="setDatePerformed" signature="(Ljava/util/Date;)V" line-rate="1.0" branch-rate="1.0">
							<lines>
								<line number="266" hits="6" branch="false"/>
								<line number="267" hits="6" branch="false"/>
							</lines>
						</method>
						<method name="setExperiment" signature="(Lgov/nih/nci/protexpress/domain/experiment/Experiment;)V" line-rate="1.0" branch-rate="1.0">
							<lines>
								<line number="286" hits="12" branch="false"/>
								<line number="287" hits="12" branch="false"/>
							</lines>
						</method>
						<method name="setId" signature="(Ljava/lang/Long;)V" line-rate="1.0" branch-rate="1.0">
							<lines>
								<line number="176" hits="7" branch="false"/>
								<line number="177" hits="7" branch="false"/>
							</lines>
						</method>
						<method name="setName" signature="(Ljava/lang/String;)V" line-rate="1.0" branch-rate="1.0">
							<lines>
								<line number="197" hits="14" branch="false"/>
								<line number="198" hits="14" branch="false"/>
							</lines>
						</method>
						<method name="setNotes" signature="(Ljava/lang/String;)V" line-rate="1.0" branch-rate="1.0">
							<lines>
								<line number="229" hits="10" branch="false"/>
								<line number="230" hits="10" branch="false"/>
							</lines>
						</method>
						<method name="setProtocolApplications" signature="(Ljava/util/List;)V" line-rate="1.0" branch-rate="1.0">
							<lines>
								<line number="305" hits="5" branch="false"/>
								<line number="306" hits="5" branch="false"/>
							</lines>
						</method>
					</methods>
					<lines>
						<line number="139" hits="13" branch="false"/>
						<line number="140" hits="13" branch="false"/>
						<line number="142" hits="13" branch="false"/>
						<line number="147" hits="4" branch="false"/>
						<line number="148" hits="4" branch="false"/>
						<line number="155" hits="9" branch="false"/>
						<line number="156" hits="9" branch="false"/>
						<line number="157" hits="9" branch="false"/>
						<line number="167" hits="12" branch="false"/>
						<line number="176" hits="7" branch="false"/>
						<line number="177" hits="7" branch="false"/>
						<line number="188" hits="10" branch="false"/>
						<line number="197" hits="14" branch="false"/>
						<line number="198" hits="14" branch="false"/>
						<line number="207" hits="2" branch="false"/>
						<line number="209" hits="2" branch="false"/>
						<line number="220" hits="8" branch="false"/>
						<line number="229" hits="10" branch="false"/>
						<line number="230" hits="10" branch="false"/>
						<line number="238" hits="9" branch="false"/>
						<line number="245" hits="5" branch="false"/>
						<line number="246" hits="5" branch="false"/>
						<line number="257" hits="8" branch="false"/>
						<line number="266" hits="6" branch="false"/>
						<line number="267" hits="6" branch="false"/>
						<line number="277" hits="6" branch="false"/>
						<line number="286" hits="12" branch="false"/>
						<line number="287" hits="12" branch="false"/>
						<line number="296" hits="24" branch="false"/>
						<line number="305" hits="5" branch="false"/>
						<line number="306" hits="5" branch="false"/>
						<line number="313" hits="2" branch="true" condition-coverage="50% (1/2)">
							<conditions>
								<condition number="0" type="jump" coverage="50%"/>
							</conditions>
						</line>
						<line number="314" hits="0" branch="false"/>
						<line number="317" hits="2" branch="true" condition-coverage="100% (2/2)">
							<conditions>
								<condition number="0" type="jump" coverage="100%"/>
							</conditions>
						</line>
						<line number="318" hits="1" branch="false"/>
						<line number="321" hits="1" branch="true" condition-coverage="50% (1/2)">
							<conditions>
								<condition number="0" type="jump" coverage="50%"/>
							</conditions>
						</line>
						<line number="322" hits="0" branch="false"/>
						<line number="325" hits="1" branch="false"/>
						<line number="327" hits="1" branch="true" condition-coverage="50% (1/2)">
							<conditions>
								<condition number="0" type="jump" coverage="50%"/>
							</conditions>
						</line>
						<line number="328" hits="0" branch="false"/>
						<line number="331" hits="1" branch="false"/>
						<line number="339" hits="0" branch="false"/>
					</lines>
				</class>
			</classes>
		</package>
		<package name="gov.nih.nci.protexpress.domain.protocol" line-rate="0.7045454545454546" branch-rate="0.5" complexity="0.0">
			<classes>
				<class name="gov.nih.nci.protexpress.domain.protocol.InputOutputObject" filename="gov/nih/nci/protexpress/domain/protocol/InputOutputObject.java" line-rate="0.1" branch-rate="0.0" complexity="0.0">
					<methods>
						<method name="&lt;init&gt;" signature="()V" line-rate="1.0" branch-rate="1.0">
							<lines>
								<line number="128" hits="1" branch="false"/>
								<line number="129" hits="1" branch="false"/>
							</lines>
						</method>
						<method name="&lt;init&gt;" signature="(Ljava/lang/String;)V" line-rate="0.0" branch-rate="1.0">
							<lines>
								<line number="136" hits="0" branch="false"/>
								<line number="137" hits="0" branch="false"/>
								<line number="138" hits="0" branch="false"/>
							</lines>
						</method>
						<method name="equals" signature="(Ljava/lang/Object;)Z" line-rate="0.0" branch-rate="0.0">
							<lines>
								<line number="236" hits="0" branch="true" condition-coverage="0% (0/2)">
									<conditions>
										<condition number="0" type="jump" coverage="0%"/>
									</conditions>
								</line>
								<line number="237" hits="0" branch="false"/>
								<line number="240" hits="0" branch="true" condition-coverage="0% (0/2)">
									<conditions>
										<condition number="0" type="jump" coverage="0%"/>
									</conditions>
								</line>
								<line number="241" hits="0" branch="false"/>
								<line number="244" hits="0" branch="true" condition-coverage="0% (0/2)">
									<conditions>
										<condition number="0" type="jump" coverage="0%"/>
									</conditions>
								</line>
								<line number="245" hits="0" branch="false"/>
								<line number="248" hits="0" branch="false"/>
								<line number="250" hits="0" branch="true" condition-coverage="0% (0/2)">
									<conditions>
										<condition number="0" type="jump" coverage="0%"/>
									</conditions>
								</line>
								<line number="251" hits="0" branch="false"/>
								<line number="254" hits="0" branch="false"/>
							</lines>
						</method>
						<method name="getDataFileURL" signature="()Ljava/lang/String;" line-rate="0.0" branch-rate="1.0">
							<lines>
								<line number="199" hits="0" branch="false"/>
							</lines>
						</method>
						<method name="getId" signature="()Ljava/lang/Long;" line-rate="1.0" branch-rate="1.0">
							<lines>
								<line number="148" hits="1" branch="false"/>
							</lines>
						</method>
						<method name="getLsid" signature="()Ljava/lang/String;" line-rate="0.0" branch-rate="1.0">
							<lines>
								<line number="165" hits="0" branch="false"/>
								<line number="167" hits="0" branch="false"/>
							</lines>
						</method>
						<method name="getName" signature="()Ljava/lang/String;" line-rate="0.0" branch-rate="1.0">
							<lines>
								<line number="179" hits="0" branch="false"/>
							</lines>
						</method>
						<method name="getNotes" signature="()Ljava/lang/String;" line-rate="0.0" branch-rate="1.0">
							<lines>
								<line number="219" hits="0" branch="false"/>
							</lines>
						</method>
						<method name="hashCode" signature="()I" line-rate="0.0" branch-rate="1.0">
							<lines>
								<line number="262" hits="0" branch="false"/>
							</lines>
						</method>
						<method name="setDataFileURL" signature="(Ljava/lang/String;)V" line-rate="0.0" branch-rate="1.0">
							<lines>
								<line number="208" hits="0" branch="false"/>
								<line number="209" hits="0" branch="false"/>
							</lines>
						</method>
						<method name="setId" signature="(Ljava/lang/Long;)V" line-rate="0.0" branch-rate="1.0">
							<lines>
								<line number="155" hits="0" branch="false"/>
								<line number="156" hits="0" branch="false"/>
							</lines>
						</method>
						<method name="setName" signature="(Ljava/lang/String;)V" line-rate="0.0" branch-rate="1.0">
							<lines>
								<line number="188" hits="0" branch="false"/>
								<line number="189" hits="0" branch="false"/>
							</lines>
						</method>
						<method name="setNotes" signature="(Ljava/lang/String;)V" line-rate="0.0" branch-rate="1.0">
							<lines>
								<line number="228" hits="0" branch="false"/>
								<line number="229" hits="0" branch="false"/>
							</lines>
						</method>
					</methods>
					<lines>
						<line number="128" hits="1" branch="false"/>
						<line number="129" hits="1" branch="false"/>
						<line number="136" hits="0" branch="false"/>
						<line number="137" hits="0" branch="false"/>
						<line number="138" hits="0" branch="false"/>
						<line number="148" hits="1" branch="false"/>
						<line number="155" hits="0" branch="false"/>
						<line number="156" hits="0" branch="false"/>
						<line number="165" hits="0" branch="false"/>
						<line number="167" hits="0" branch="false"/>
						<line number="179" hits="0" branch="false"/>
						<line number="188" hits="0" branch="false"/>
						<line number="189" hits="0" branch="false"/>
						<line number="199" hits="0" branch="false"/>
						<line number="208" hits="0" branch="false"/>
						<line number="209" hits="0" branch="false"/>
						<line number="219" hits="0" branch="false"/>
						<line number="228" hits="0" branch="false"/>
						<line number="229" hits="0" branch="false"/>
						<line number="236" hits="0" branch="true" condition-coverage="0% (0/2)">
							<conditions>
								<condition number="0" type="jump" coverage="0%"/>
							</conditions>
						</line>
						<line number="237" hits="0" branch="false"/>
						<line number="240" hits="0" branch="true" condition-coverage="0% (0/2)">
							<conditions>
								<condition number="0" type="jump" coverage="0%"/>
							</conditions>
						</line>
						<line number="241" hits="0" branch="false"/>
						<line number="244" hits="0" branch="true" condition-coverage="0% (0/2)">
							<conditions>
								<condition number="0" type="jump" coverage="0%"/>
							</conditions>
						</line>
						<line number="245" hits="0" branch="false"/>
						<line number="248" hits="0" branch="false"/>
						<line number="250" hits="0" branch="true" condition-coverage="0% (0/2)">
							<conditions>
								<condition number="0" type="jump" coverage="0%"/>
							</conditions>
						</line>
						<line number="251" hits="0" branch="false"/>
						<line number="254" hits="0" branch="false"/>
						<line number="262" hits="0" branch="false"/>
					</lines>
				</class>
				<class name="gov.nih.nci.protexpress.domain.protocol.Protocol" filename="gov/nih/nci/protexpress/domain/protocol/Protocol.java" line-rate="0.8627450980392157" branch-rate="1.0" complexity="0.0">
					<methods>
						<method name="&lt;init&gt;" signature="()V" line-rate="1.0" branch-rate="1.0">
							<lines>
								<line number="138" hits="24" branch="false"/>
								<line number="139" hits="24" branch="false"/>
							</lines>
						</method>
						<method name="&lt;init&gt;" signature="(Ljava/lang/String;)V" line-rate="1.0" branch-rate="1.0">
							<lines>
								<line number="132" hits="107" branch="false"/>
								<line number="133" hits="107" branch="false"/>
								<line number="146" hits="83" branch="false"/>
								<line number="147" hits="83" branch="false"/>
								<line number="148" hits="83" branch="false"/>
							</lines>
						</method>
						<method name="equals" signature="(Ljava/lang/Object;)Z" line-rate="1.0" branch-rate="1.0">
							<lines>
								<line number="340" hits="19" branch="true" condition-coverage="100% (2/2)">
									<conditions>
										<condition number="0" type="jump" coverage="100%"/>
									</conditions>
								</line>
								<line number="341" hits="1" branch="false"/>
								<line number="344" hits="18" branch="true" condition-coverage="100% (2/2)">
									<conditions>
										<condition number="0" type="jump" coverage="100%"/>
									</conditions>
								</line>
								<line number="345" hits="14" branch="false"/>
								<line number="348" hits="4" branch="true" condition-coverage="100% (2/2)">
									<conditions>
										<condition number="0" type="jump" coverage="100%"/>
									</conditions>
								</line>
								<line number="349" hits="1" branch="false"/>
								<line number="352" hits="3" branch="false"/>
								<line number="354" hits="3" branch="true" condition-coverage="100% (2/2)">
									<conditions>
										<condition number="0" type="jump" coverage="100%"/>
									</conditions>
								</line>
								<line number="355" hits="1" branch="false"/>
								<line number="358" hits="2" branch="false"/>
							</lines>
						</method>
						<method name="getAuditInfo" signature="()Lgov/nih/nci/protexpress/domain/audit/AuditInfo;" line-rate="1.0" branch-rate="1.0">
							<lines>
								<line number="288" hits="154" branch="false"/>
							</lines>
						</method>
						<method name="getContactPerson" signature="()Lgov/nih/nci/protexpress/domain/contact/ContactPerson;" line-rate="1.0" branch-rate="1.0">
							<lines>
								<line number="306" hits="180" branch="false"/>
							</lines>
						</method>
						<method name="getCopy" signature="(Lgov/nih/nci/protexpress/domain/protocol/Protocol;)Lgov/nih/nci/protexpress/domain/protocol/Protocol;" line-rate="0.0" branch-rate="1.0">
							<lines>
								<line number="325" hits="0" branch="false"/>
								<line number="326" hits="0" branch="false"/>
								<line number="327" hits="0" branch="false"/>
								<line number="328" hits="0" branch="false"/>
								<line number="329" hits="0" branch="false"/>
								<line number="330" hits="0" branch="false"/>
								<line number="331" hits="0" branch="false"/>
							</lines>
						</method>
						<method name="getDescription" signature="()Ljava/lang/String;" line-rate="1.0" branch-rate="1.0">
							<lines>
								<line number="211" hits="153" branch="false"/>
							</lines>
						</method>
						<method name="getId" signature="()Ljava/lang/Long;" line-rate="1.0" branch-rate="1.0">
							<lines>
								<line number="158" hits="93" branch="false"/>
							</lines>
						</method>
						<method name="getInstrument" signature="()Ljava/lang/String;" line-rate="1.0" branch-rate="1.0">
							<lines>
								<line number="231" hits="143" branch="false"/>
							</lines>
						</method>
						<method name="getLsid" signature="()Ljava/lang/String;" line-rate="1.0" branch-rate="1.0">
							<lines>
								<line number="175" hits="6" branch="false"/>
								<line number="177" hits="6" branch="false"/>
							</lines>
						</method>
						<method name="getName" signature="()Ljava/lang/String;" line-rate="1.0" branch-rate="1.0">
							<lines>
								<line number="190" hits="217" branch="false"/>
							</lines>
						</method>
						<method name="getNotes" signature="()Ljava/lang/String;" line-rate="1.0" branch-rate="1.0">
							<lines>
								<line number="270" hits="143" branch="false"/>
							</lines>
						</method>
						<method name="getSoftware" signature="()Ljava/lang/String;" line-rate="1.0" branch-rate="1.0">
							<lines>
								<line number="251" hits="143" branch="false"/>
							</lines>
						</method>
						<method name="hashCode" signature="()I" line-rate="1.0" branch-rate="1.0">
							<lines>
								<line number="366" hits="2" branch="false"/>
							</lines>
						</method>
						<method name="setAuditInfo" signature="(Lgov/nih/nci/protexpress/domain/audit/AuditInfo;)V" line-rate="1.0" branch-rate="1.0">
							<lines>
								<line number="295" hits="54" branch="false"/>
								<line number="296" hits="54" branch="false"/>
							</lines>
						</method>
						<method name="setContactPerson" signature="(Lgov/nih/nci/protexpress/domain/contact/ContactPerson;)V" line-rate="1.0" branch-rate="1.0">
							<lines>
								<line number="315" hits="58" branch="false"/>
								<line number="316" hits="58" branch="false"/>
							</lines>
						</method>
						<method name="setDescription" signature="(Ljava/lang/String;)V" line-rate="1.0" branch-rate="1.0">
							<lines>
								<line number="220" hits="82" branch="false"/>
								<line number="221" hits="82" branch="false"/>
							</lines>
						</method>
						<method name="setId" signature="(Ljava/lang/Long;)V" line-rate="1.0" branch-rate="1.0">
							<lines>
								<line number="165" hits="60" branch="false"/>
								<line number="166" hits="60" branch="false"/>
							</lines>
						</method>
						<method name="setInstrument" signature="(Ljava/lang/String;)V" line-rate="1.0" branch-rate="1.0">
							<lines>
								<line number="240" hits="73" branch="false"/>
								<line number="241" hits="73" branch="false"/>
							</lines>
						</method>
						<method name="setName" signature="(Ljava/lang/String;)V" line-rate="1.0" branch-rate="1.0">
							<lines>
								<line number="199" hits="140" branch="false"/>
								<line number="200" hits="140" branch="false"/>
							</lines>
						</method>
						<method name="setNotes" signature="(Ljava/lang/String;)V" line-rate="1.0" branch-rate="1.0">
							<lines>
								<line number="279" hits="54" branch="false"/>
								<line number="280" hits="54" branch="false"/>
							</lines>
						</method>
						<method name="setSoftware" signature="(Ljava/lang/String;)V" line-rate="1.0" branch-rate="1.0">
							<lines>
								<line number="259" hits="73" branch="false"/>
								<line number="260" hits="73" branch="false"/>
							</lines>
						</method>
					</methods>
					<lines>
						<line number="132" hits="107" branch="false"/>
						<line number="133" hits="107" branch="false"/>
						<line number="138" hits="24" branch="false"/>
						<line number="139" hits="24" branch="false"/>
						<line number="146" hits="83" branch="false"/>
						<line number="147" hits="83" branch="false"/>
						<line number="148" hits="83" branch="false"/>
						<line number="158" hits="93" branch="false"/>
						<line number="165" hits="60" branch="false"/>
						<line number="166" hits="60" branch="false"/>
						<line number="175" hits="6" branch="false"/>
						<line number="177" hits="6" branch="false"/>
						<line number="190" hits="217" branch="false"/>
						<line number="199" hits="140" branch="false"/>
						<line number="200" hits="140" branch="false"/>
						<line number="211" hits="153" branch="false"/>
						<line number="220" hits="82" branch="false"/>
						<line number="221" hits="82" branch="false"/>
						<line number="231" hits="143" branch="false"/>
						<line number="240" hits="73" branch="false"/>
						<line number="241" hits="73" branch="false"/>
						<line number="251" hits="143" branch="false"/>
						<line number="259" hits="73" branch="false"/>
						<line number="260" hits="73" branch="false"/>
						<line number="270" hits="143" branch="false"/>
						<line number="279" hits="54" branch="false"/>
						<line number="280" hits="54" branch="false"/>
						<line number="288" hits="154" branch="false"/>
						<line number="295" hits="54" branch="false"/>
						<line number="296" hits="54" branch="false"/>
						<line number="306" hits="180" branch="false"/>
						<line number="315" hits="58" branch="false"/>
						<line number="316" hits="58" branch="false"/>
						<line number="325" hits="0" branch="false"/>
						<line number="326" hits="0" branch="false"/>
						<line number="327" hits="0" branch="false"/>
						<line number="328" hits="0" branch="false"/>
						<line number="329" hits="0" branch="false"/>
						<line number="330" hits="0" branch="false"/>
						<line number="331" hits="0" branch="false"/>
						<line number="340" hits="19" branch="true" condition-coverage="100% (2/2)">
							<conditions>
								<condition number="0" type="jump" coverage="100%"/>
							</conditions>
						</line>
						<line number="341" hits="1" branch="false"/>
						<line number="344" hits="18" branch="true" condition-coverage="100% (2/2)">
							<conditions>
								<condition number="0" type="jump" coverage="100%"/>
							</conditions>
						</line>
						<line number="345" hits="14" branch="false"/>
						<line number="348" hits="4" branch="true" condition-coverage="100% (2/2)">
							<conditions>
								<condition number="0" type="jump" coverage="100%"/>
							</conditions>
						</line>
						<line number="349" hits="1" branch="false"/>
						<line number="352" hits="3" branch="false"/>
						<line number="354" hits="3" branch="true" condition-coverage="100% (2/2)">
							<conditions>
								<condition number="0" type="jump" coverage="100%"/>
							</conditions>
						</line>
						<line number="355" hits="1" branch="false"/>
						<line number="358" hits="2" branch="false"/>
						<line number="366" hits="2" branch="false"/>
					</lines>
				</class>
				<class name="gov.nih.nci.protexpress.domain.protocol.ProtocolApplication" filename="gov/nih/nci/protexpress/domain/protocol/ProtocolApplication.java" line-rate="0.9019607843137255" branch-rate="0.5" complexity="0.0">
					<methods>
						<method name="&lt;init&gt;" signature="()V" line-rate="1.0" branch-rate="1.0">
							<lines>
								<line number="152" hits="3" branch="false"/>
[...]
							<lines>
								<line number="102" hits="1" branch="false"/>
								<line number="103" hits="1" branch="false"/>
							</lines>
						</method>
						<method name="getExperimentArchiveData" signature="(Lgov/nih/nci/protexpress/domain/experiment/Experiment;)Lgov/nih/nci/protexpress/xml/xar2_2/ExperimentArchiveType;" line-rate="1.0" branch-rate="1.0">
							<lines>
								<line number="112" hits="1" branch="false"/>
							</lines>
						</method>
					</methods>
					<lines>
						<line number="102" hits="1" branch="false"/>
						<line number="103" hits="1" branch="false"/>
						<line number="112" hits="1" branch="false"/>
					</lines>
				</class>
				<class name="gov.nih.nci.protexpress.util.SearchCriteriaHelper" filename="gov/nih/nci/protexpress/util/SearchCriteriaHelper.java" line-rate="0.7777777777777778" branch-rate="0.8461538461538461" complexity="4.5">
					<methods>
						<method name="&lt;init&gt;" signature="()V" line-rate="0.0" branch-rate="1.0">
							<lines>
								<line number="106" hits="0" branch="false"/>
								<line number="107" hits="0" branch="false"/>
							</lines>
						</method>
						<method name="getCriteria" signature="(Lorg/hibernate/Criteria;Lgov/nih/nci/protexpress/service/SearchParameters;ZLjava/lang/String;Lorg/displaytag/properties/SortOrderEnum;)Lorg/hibernate/Criteria;" line-rate="0.875" branch-rate="0.8461538461538461">
							<lines>
								<line number="122" hits="46" branch="true" condition-coverage="100% (2/2)">
									<conditions>
										<condition number="0" type="jump" coverage="100%"/>
									</conditions>
								</line>
								<line number="123" hits="14" branch="false"/>
								<line number="126" hits="46" branch="true" condition-coverage="83% (5/6)">
									<conditions>
										<condition number="0" type="jump" coverage="100%"/>
										<condition number="1" type="jump" coverage="100%"/>
										<condition number="2" type="jump" coverage="50%"/>
									</conditions>
								</line>
								<line number="127" hits="14" branch="true" condition-coverage="100% (2/2)">
									<conditions>
										<condition number="0" type="jump" coverage="100%"/>
									</conditions>
								</line>
								<line number="128" hits="8" branch="false"/>
								<line number="129" hits="8" branch="false"/>
								<line number="130" hits="6" branch="false"/>
								<line number="134" hits="46" branch="true" condition-coverage="100% (4/4)">
									<conditions>
										<condition number="0" type="jump" coverage="100%"/>
										<condition number="1" type="jump" coverage="100%"/>
									</conditions>
								</line>
								<line number="135" hits="10" branch="false"/>
								<line number="138" hits="46" branch="true" condition-coverage="75% (3/4)">
									<conditions>
										<condition number="0" type="jump" coverage="100%"/>
										<condition number="1" type="jump" coverage="50%"/>
									</conditions>
								</line>
								<line number="139" hits="34" branch="false"/>
								<line number="142" hits="46" branch="true" condition-coverage="75% (3/4)">
									<conditions>
										<condition number="0" type="jump" coverage="100%"/>
										<condition number="1" type="jump" coverage="50%"/>
									</conditions>
								</line>
								<line number="143" hits="0" branch="false"/>
								<line number="146" hits="46" branch="true" condition-coverage="75% (3/4)">
									<conditions>
										<condition number="0" type="jump" coverage="100%"/>
										<condition number="1" type="jump" coverage="50%"/>
									</conditions>
								</line>
								<line number="147" hits="0" branch="false"/>
								<line number="150" hits="46" branch="false"/>
							</lines>
						</method>
					</methods>
					<lines>
						<line number="106" hits="0" branch="false"/>
						<line number="107" hits="0" branch="false"/>
						<line number="122" hits="46" branch="true" condition-coverage="100% (2/2)">
							<conditions>
								<condition number="0" type="jump" coverage="100%"/>
							</conditions>
						</line>
						<line number="123" hits="14" branch="false"/>
						<line number="126" hits="46" branch="true" condition-coverage="83% (5/6)">
							<conditions>
								<condition number="0" type="jump" coverage="100%"/>
								<condition number="1" type="jump" coverage="100%"/>
								<condition number="2" type="jump" coverage="50%"/>
							</conditions>
						</line>
						<line number="127" hits="14" branch="true" condition-coverage="100% (2/2)">
							<conditions>
								<condition number="0" type="jump" coverage="100%"/>
							</conditions>
						</line>
						<line number="128" hits="8" branch="false"/>
						<line number="129" hits="8" branch="false"/>
						<line number="130" hits="6" branch="false"/>
						<line number="134" hits="46" branch="true" condition-coverage="100% (4/4)">
							<conditions>
								<condition number="0" type="jump" coverage="100%"/>
								<condition number="1" type="jump" coverage="100%"/>
							</conditions>
						</line>
						<line number="135" hits="10" branch="false"/>
						<line number="138" hits="46" branch="true" condition-coverage="75% (3/4)">
							<conditions>
								<condition number="0" type="jump" coverage="100%"/>
								<condition number="1" type="jump" coverage="50%"/>
							</conditions>
						</line>
						<line number="139" hits="34" branch="false"/>
						<line number="142" hits="46" branch="true" condition-coverage="75% (3/4)">
							<conditions>
								<condition number="0" type="jump" coverage="100%"/>
								<condition number="1" type="jump" coverage="50%"/>
							</conditions>
						</line>
						<line number="143" hits="0" branch="false"/>
						<line number="146" hits="46" branch="true" condition-coverage="75% (3/4)">
							<conditions>
								<condition number="0" type="jump" coverage="100%"/>
								<condition number="1" type="jump" coverage="50%"/>
							</conditions>
						</line>
						<line number="147" hits="0" branch="false"/>
						<line number="150" hits="46" branch="false"/>
					</lines>
				</class>
				<class name="gov.nih.nci.protexpress.util.SessionHelper" filename="gov/nih/nci/protexpress/util/SessionHelper.java" line-rate="0.425" branch-rate="0.25" complexity="1.1666666666666667">
					<methods>
						<method name="&lt;init&gt;" signature="()V" line-rate="0.0" branch-rate="1.0">
							<lines>
								<line number="109" hits="0" branch="false"/>
								<line number="110" hits="0" branch="false"/>
							</lines>
						</method>
						<method name="getExperimentIdFromSession" signature="()Ljava/lang/Long;" line-rate="1.0" branch-rate="1.0">
							<lines>
								<line number="118" hits="3" branch="false"/>
							</lines>
						</method>
						<method name="getExperimentRunIdFromSession" signature="()Ljava/lang/Long;" line-rate="0.0" branch-rate="1.0">
							<lines>
								<line number="143" hits="0" branch="false"/>
							</lines>
						</method>
						<method name="getProtocolApplicationFromSession" signature="()Lgov/nih/nci/protexpress/domain/protocol/ProtocolApplication;" line-rate="0.0" branch-rate="1.0">
							<lines>
								<line number="168" hits="0" branch="false"/>
							</lines>
						</method>
						<method name="getSessionExperimentIdKey" signature="()Ljava/lang/String;" line-rate="1.0" branch-rate="1.0">
							<lines>
								<line number="254" hits="4" branch="false"/>
							</lines>
						</method>
						<method name="getSessionExperimentRunIdKey" signature="()Ljava/lang/String;" line-rate="1.0" branch-rate="1.0">
							<lines>
								<line number="263" hits="1" branch="false"/>
							</lines>
						</method>
						<method name="getSessionProtocolApplicationKey" signature="()Ljava/lang/String;" line-rate="0.0" branch-rate="1.0">
							<lines>
								<line number="272" hits="0" branch="false"/>
							</lines>
						</method>
						<method name="removeExperimentAndProtocolInformationFromSession" signature="()V" line-rate="0.0" branch-rate="1.0">
							<lines>
								<line number="202" hits="0" branch="false"/>
								<line number="203" hits="0" branch="false"/>
								<line number="204" hits="0" branch="false"/>
								<line number="205" hits="0" branch="false"/>
							</lines>
						</method>
						<method name="removeExperimentIdFromSession" signature="()V" line-rate="0.0" branch-rate="1.0">
							<lines>
								<line number="134" hits="0" branch="false"/>
								<line number="135" hits="0" branch="false"/>
							</lines>
						</method>
						<method name="removeExperimentRunIdFromSession" signature="()V" line-rate="0.0" branch-rate="1.0">
							<lines>
								<line number="159" hits="0" branch="false"/>
								<line number="160" hits="0" branch="false"/>
							</lines>
						</method>
						<method name="removeFromSession" signature="(Ljava/lang/String;)V" line-rate="0.0" branch-rate="0.0">
							<lines>
								<line number="242" hits="0" branch="false"/>
								<line number="243" hits="0" branch="true" condition-coverage="0% (0/2)">
									<conditions>
										<condition number="0" type="jump" coverage="0%"/>
									</conditions>
								</line>
								<line number="244" hits="0" branch="false"/>
								<line number="246" hits="0" branch="false"/>
							</lines>
						</method>
						<method name="removeProtocolApplicationFromSession" signature="()V" line-rate="0.0" branch-rate="1.0">
							<lines>
								<line number="184" hits="0" branch="false"/>
								<line number="185" hits="0" branch="false"/>
							</lines>
						</method>
						<method name="retrieveFromSession" signature="(Ljava/lang/String;)Ljava/lang/Object;" line-rate="0.8" branch-rate="0.25">
							<lines>
								<line number="214" hits="3" branch="false"/>
								<line number="215" hits="3" branch="false"/>
								<line number="216" hits="3" branch="true" condition-coverage="25% (1/4)">
									<conditions>
										<condition number="0" type="jump" coverage="50%"/>
										<condition number="1" type="jump" coverage="0%"/>
									</conditions>
								</line>
								<line number="217" hits="0" branch="false"/>
								<line number="219" hits="3" branch="false"/>
							</lines>
						</method>
						<method name="saveExperimentAndRunIdsInSession" signature="(Ljava/lang/Long;Ljava/lang/Long;)V" line-rate="1.0" branch-rate="1.0">
							<lines>
								<line number="194" hits="1" branch="false"/>
								<line number="195" hits="1" branch="false"/>
								<line number="196" hits="1" branch="false"/>
							</lines>
						</method>
						<method name="saveExperimentIdInSession" signature="(Ljava/lang/Long;)V" line-rate="1.0" branch-rate="1.0">
							<lines>
								<line number="127" hits="1" branch="false"/>
								<line number="128" hits="1" branch="false"/>
							</lines>
						</method>
						<method name="saveExperimentRunIdInSession" signature="(Ljava/lang/Long;)V" line-rate="1.0" branch-rate="1.0">
							<lines>
								<line number="152" hits="1" branch="false"/>
								<line number="153" hits="1" branch="false"/>
							</lines>
						</method>
						<method name="saveInSession" signature="(Ljava/lang/String;Ljava/lang/Object;)V" line-rate="0.75" branch-rate="0.5">
							<lines>
								<line number="229" hits="2" branch="false"/>
								<line number="230" hits="2" branch="true" condition-coverage="50% (1/2)">
									<conditions>
										<condition number="0" type="jump" coverage="50%"/>
									</conditions>
								</line>
								<line number="231" hits="0" branch="false"/>
								<line number="233" hits="2" branch="false"/>
							</lines>
						</method>
						<method name="saveProtocolApplicationInSession" signature="(Lgov/nih/nci/protexpress/domain/protocol/ProtocolApplication;)V" line-rate="0.0" branch-rate="1.0">
							<lines>
								<line number="177" hits="0" branch="false"/>
								<line number="178" hits="0" branch="false"/>
							</lines>
						</method>
					</methods>
					<lines>
						<line number="109" hits="0" branch="false"/>
						<line number="110" hits="0" branch="false"/>
						<line number="118" hits="3" branch="false"/>
						<line number="127" hits="1" branch="false"/>
						<line number="128" hits="1" branch="false"/>
						<line number="134" hits="0" branch="false"/>
						<line number="135" hits="0" branch="false"/>
						<line number="143" hits="0" branch="false"/>
						<line number="152" hits="1" branch="false"/>
						<line number="153" hits="1" branch="false"/>
						<line number="159" hits="0" branch="false"/>
						<line number="160" hits="0" branch="false"/>
						<line number="168" hits="0" branch="false"/>
						<line number="177" hits="0" branch="false"/>
						<line number="178" hits="0" branch="false"/>
						<line number="184" hits="0" branch="false"/>
						<line number="185" hits="0" branch="false"/>
						<line number="194" hits="1" branch="false"/>
						<line number="195" hits="1" branch="false"/>
						<line number="196" hits="1" branch="false"/>
						<line number="202" hits="0" branch="false"/>
						<line number="203" hits="0" branch="false"/>
						<line number="204" hits="0" branch="false"/>
						<line number="205" hits="0" branch="false"/>
						<line number="214" hits="3" branch="false"/>
						<line number="215" hits="3" branch="false"/>
						<line number="216" hits="3" branch="true" condition-coverage="25% (1/4)">
							<conditions>
								<condition number="0" type="jump" coverage="50%"/>
								<condition number="1" type="jump" coverage="0%"/>
							</conditions>
						</line>
						<line number="217" hits="0" branch="false"/>
						<line number="219" hits="3" branch="false"/>
						<line number="229" hits="2" branch="false"/>
						<line number="230" hits="2" branch="true" condition-coverage="50% (1/2)">
							<conditions>
								<condition number="0" type="jump" coverage="50%"/>
							</conditions>
						</line>
						<line number="231" hits="0" branch="false"/>
						<line number="233" hits="2" branch="false"/>
						<line number="242" hits="0" branch="false"/>
						<line number="243" hits="0" branch="true" condition-coverage="0% (0/2)">
							<conditions>
								<condition number="0" type="jump" coverage="0%"/>
							</conditions>
						</line>
						<line number="244" hits="0" branch="false"/>
						<line number="246" hits="0" branch="false"/>
						<line number="254" hits="4" branch="false"/>
						<line number="263" hits="1" branch="false"/>
						<line number="272" hits="0" branch="false"/>
					</lines>
				</class>
				<class name="gov.nih.nci.protexpress.util.UserHolder" filename="gov/nih/nci/protexpress/util/UserHolder.java" line-rate="0.8823529411764706" branch-rate="1.0" complexity="0.0">
					<methods>
						<method name="&lt;clinit&gt;" signature="()V" line-rate="1.0" branch-rate="1.0">
							<lines>
								<line number="94" hits="1" branch="false"/>
							</lines>
						</method>
						<method name="&lt;init&gt;" signature="()V" line-rate="0.0" branch-rate="1.0">
							<lines>
								<line number="96" hits="0" branch="false"/>
								<line number="98" hits="0" branch="false"/>
							</lines>
						</method>
						<method name="getDisplayNameForUser" signature="()Ljava/lang/String;" line-rate="1.0" branch-rate="1.0">
							<lines>
								<line number="129" hits="6" branch="false"/>
								<line number="130" hits="6" branch="false"/>
								<line number="131" hits="6" branch="true" condition-coverage="100% (2/2)">
									<conditions>
										<condition number="0" type="jump" coverage="100%"/>
									</conditions>
								</line>
								<line number="132" hits="5" branch="true" condition-coverage="100% (4/4)">
									<conditions>
										<condition number="0" type="jump" coverage="100%"/>
										<condition number="1" type="jump" coverage="100%"/>
									</conditions>
								</line>
								<line number="133" hits="1" branch="false"/>
								<line number="134" hits="1" branch="false"/>
								<line number="135" hits="4" branch="false"/>
								<line number="138" hits="6" branch="false"/>
							</lines>
						</method>
						<method name="getUser" signature="()Lgov/nih/nci/security/authorization/domainobjects/User;" line-rate="1.0" branch-rate="1.0">
							<lines>
								<line number="111" hits="380" branch="false"/>
							</lines>
						</method>
						<method name="getUsername" signature="()Ljava/lang/String;" line-rate="1.0" branch-rate="1.0">
							<lines>
								<line number="119" hits="188" branch="true" condition-coverage="100% (2/2)">
									<conditions>
										<condition number="0" type="jump" coverage="100%"/>
									</conditions>
								</line>
								<line number="120" hits="183" branch="false"/>
								<line number="122" hits="5" branch="false"/>
							</lines>
						</method>
						<method name="setUser" signature="(Lgov/nih/nci/security/authorization/domainobjects/User;)V" line-rate="1.0" branch-rate="1.0">
							<lines>
								<line number="104" hits="75" branch="false"/>
								<line number="105" hits="75" branch="false"/>
							</lines>
						</method>
					</methods>
					<lines>
						<line number="94" hits="1" branch="false"/>
						<line number="96" hits="0" branch="false"/>
						<line number="98" hits="0" branch="false"/>
						<line number="104" hits="75" branch="false"/>
						<line number="105" hits="75" branch="false"/>
						<line number="111" hits="380" branch="false"/>
						<line number="119" hits="188" branch="true" condition-coverage="100% (2/2)">
							<conditions>
								<condition number="0" type="jump" coverage="100%"/>
							</conditions>
						</line>
						<line number="120" hits="183" branch="false"/>
						<line number="122" hits="5" branch="false"/>
						<line number="129" hits="6" branch="false"/>
						<line number="130" hits="6" branch="false"/>
						<line number="131" hits="6" branch="true" condition-coverage="100% (2/2)">
							<conditions>
								<condition number="0" type="jump" coverage="100%"/>
							</conditions>
						</line>
						<line number="132" hits="5" branch="true" condition-coverage="100% (4/4)">
							<conditions>
								<condition number="0" type="jump" coverage="100%"/>
								<condition number="1" type="jump" coverage="100%"/>
							</conditions>
						</line>
						<line number="133" hits="1" branch="false"/>
						<line number="134" hits="1" branch="false"/>
						<line number="135" hits="4" branch="false"/>
						<line number="138" hits="6" branch="false"/>
					</lines>
				</class>
				<class name="gov.nih.nci.protexpress.util.Xar22ToExperimentFormatConversionHelper" filename="gov/nih/nci/protexpress/util/Xar22ToExperimentFormatConversionHelper.java" line-rate="0.0" branch-rate="1.0" complexity="0.0">
					<methods>
						<method name="&lt;init&gt;" signature="()V" line-rate="0.0" branch-rate="1.0">
							<lines>
								<line number="103" hits="0" branch="false"/>
								<line number="104" hits="0" branch="false"/>
							</lines>
						</method>
						<method name="getExperimentData" signature="(Lgov/nih/nci/protexpress/xml/xar2_2/ExperimentArchiveType;)Ljava/util/List;" line-rate="0.0" branch-rate="1.0">
							<lines>
								<line number="113" hits="0" branch="false"/>
							</lines>
						</method>
					</methods>
					<lines>
						<line number="103" hits="0" branch="false"/>
						<line number="104" hits="0" branch="false"/>
						<line number="113" hits="0" branch="false"/>
					</lines>
				</class>
			</classes>
		</package>
	</packages>
</coverage>
