Started by user *** (***)
Running as *** (benjamin.brummer@pinteam.eu)
Obtained Jenkinsfile from 673fac10450a2121323facc3247f5c6349c20bb5
Running in Durability level: PERFORMANCE_OPTIMIZED
Loading library omiya@master
Attempting to resolve master from remote references...
 > git --version # timeout=10
using GIT_ASKPASS to set credentials 
 > git ls-remote -- https://bitbucket.pinteam.eu/scm/an/jenkins.git # timeout=10
Found match: refs/heads/master revision 6ff81e84a45dd364dd0173e599a17abb1e806264
using credential 8e9cdbd8-1fb6-4a5a-a431-100b00c20d6c
 > git rev-parse --is-inside-work-tree # timeout=10
Fetching changes from the remote Git repository
 > git config remote.origin.url https://bitbucket.pinteam.eu/scm/an/jenkins.git # timeout=10
Using shallow fetch with depth 1
Fetching upstream changes from https://bitbucket.pinteam.eu/scm/an/jenkins.git
 > git --version # timeout=10
using GIT_ASKPASS to set credentials 
 > git fetch --no-tags --force --progress --depth=1 -- https://bitbucket.pinteam.eu/scm/an/jenkins.git +refs/heads/*:refs/remotes/origin/* # timeout=10
Checking out Revision 6ff81e84a45dd364dd0173e599a17abb1e806264 (master)
 > git config core.sparsecheckout # timeout=10
 > git checkout -f 6ff81e84a45dd364dd0173e599a17abb1e806264 # timeout=10
Commit message: "Updated target deploy versions from 1.4.0 to 1.5.0"
 > git rev-list --no-walk 6ff81e84a45dd364dd0173e599a17abb1e806264 # timeout=10
[Bitbucket] Notifying commit build result
[Pipeline] Start of Pipeline
[Pipeline] node
Running on WJENKSL01 in C:\jenkins\workspace\submoduletest_master
[Pipeline] {
[Pipeline] ws
Running in C:\jenkins\workspace\submoduletest\master
[Pipeline] {
[Pipeline] stage
[Pipeline] { (Declarative: Checkout SCM)
[Pipeline] checkout
using credential ***
Cloning the remote Git repository
Using shallow clone with depth 1
Avoid fetching tags
Honoring refspec on initial clone
Cloning repository https://bitbucket.server/scm/key/repo.git
 > git init C:\jenkins\workspace\submoduletest\master # timeout=10
Using reference repository: C:\jenkins\repo\analyzer.git
Fetching upstream changes from https://bitbucket.server/scm/key/repo.git
 > git --version # timeout=10
using GIT_ASKPASS to set credentials 
 > git fetch --no-tags --force --progress --depth=1 -- https://bitbucket.server/scm/key/repo.git +refs/heads/master:refs/remotes/origin/master # timeout=10
Using shallow fetch with depth 1
Pruning obsolete local branches
 > git config remote.origin.url https://bitbucket.server/scm/key/repo.git # timeout=10
 > git config --add remote.origin.fetch +refs/heads/master:refs/remotes/origin/master # timeout=10
 > git config remote.origin.url https://bitbucket.server/scm/key/repo.git # timeout=10
Fetching upstream changes from https://bitbucket.server/scm/key/repo.git
using GIT_ASKPASS to set credentials 
 > git fetch --no-tags --force --progress --prune --depth=1 -- https://bitbucket.server/scm/key/repo.git +refs/heads/master:refs/remotes/origin/master # timeout=10
Checking out Revision 673fac10450a2121323facc3247f5c6349c20bb5 (master)
 > git config core.sparsecheckout # timeout=10
 > git checkout -f 673fac10450a2121323facc3247f5c6349c20bb5 # timeout=10
Commit message: "Merge pull request #4 in AN/analyzer from task/AN-116 to master"
 > git rev-list --no-walk 673fac10450a2121323facc3247f5c6349c20bb5 # timeout=10
 > git remote # timeout=10
 > git submodule init # timeout=10
 > git submodule sync # timeout=10
Using shallow submodule update with depth 1
 > git config --get remote.origin.url # timeout=10
 > git submodule init # timeout=10
 > git config -f .gitmodules --get-regexp ^submodule\.(.+)\.url # timeout=10
 > git config --get submodule.tool_protec.url # timeout=10
 > git remote # timeout=10
 > git config --get remote.origin.url # timeout=10
 > git config -f .gitmodules --get submodule.tool_protec.path # timeout=10
using GIT_ASKPASS to set credentials 
 > git submodule update --remote --reference C:\jenkins\repo\submodule.git --depth=1 tool_protec # timeout=10
[Pipeline] }
[Pipeline] // stage
[Pipeline] }
[Pipeline] // ws
[Pipeline] }
[Pipeline] // node
[Pipeline] stage
[Pipeline] { (Declarative: Post Actions)
[Pipeline] script
[Pipeline] {
[Pipeline] parallel
[Pipeline] { (Branch: Analyze)
[Pipeline] { (Branch: JUnit)
[Pipeline] recordIssues
[Pipeline] }
Failed in branch Analyze
[Pipeline] junit
[Pipeline] }
Failed in branch JUnit
[Pipeline] // parallel
[Pipeline] }
[Pipeline] // script
Error when executing always post condition:
org.jenkinsci.plugins.workflow.steps.MissingContextVariableException: Required context class hudson.FilePath is missing
Perhaps you forgot to surround the code with a step that provides this, such as: node
	at org.jenkinsci.plugins.workflow.steps.StepDescriptor.checkContextAvailability(StepDescriptor.java:266)
	at org.jenkinsci.plugins.workflow.cps.DSL.invokeStep(DSL.java:263)
	at org.jenkinsci.plugins.workflow.cps.DSL.invokeMethod(DSL.java:179)
	at org.jenkinsci.plugins.workflow.cps.CpsScript.invokeMethod(CpsScript.java:122)
	at sun.reflect.GeneratedMethodAccessor840.invoke(Unknown Source)
	at sun.reflect.DelegatingMethodAccessorImpl.invoke(DelegatingMethodAccessorImpl.java:43)
	at java.lang.reflect.Method.invoke(Method.java:498)
	at org.codehaus.groovy.reflection.CachedMethod.invoke(CachedMethod.java:93)
	at groovy.lang.MetaMethod.doMethodInvoke(MetaMethod.java:325)
	at groovy.lang.MetaClassImpl.invokeMethod(MetaClassImpl.java:1213)
	at groovy.lang.MetaClassImpl.invokeMethod(MetaClassImpl.java:1022)
	at org.codehaus.groovy.runtime.callsite.PogoMetaClassSite.call(PogoMetaClassSite.java:42)
	at org.codehaus.groovy.runtime.callsite.CallSiteArray.defaultCall(CallSiteArray.java:48)
	at org.codehaus.groovy.runtime.callsite.AbstractCallSite.call(AbstractCallSite.java:113)
	at org.kohsuke.groovy.sandbox.impl.Checker$1.call(Checker.java:160)
	at org.kohsuke.groovy.sandbox.GroovyInterceptor.onMethodCall(GroovyInterceptor.java:23)
	at org.jenkinsci.plugins.scriptsecurity.sandbox.groovy.SandboxInterceptor.onMethodCall(SandboxInterceptor.java:157)
	at org.kohsuke.groovy.sandbox.impl.Checker$1.call(Checker.java:158)
	at org.kohsuke.groovy.sandbox.impl.Checker.checkedCall(Checker.java:162)
	at org.kohsuke.groovy.sandbox.impl.Checker.checkedCall(Checker.java:132)
	at org.kohsuke.groovy.sandbox.impl.Checker.checkedCall(Checker.java:132)
	at org.kohsuke.groovy.sandbox.impl.Checker.checkedCall(Checker.java:132)
	at com.cloudbees.groovy.cps.sandbox.SandboxInvoker.methodCall(SandboxInvoker.java:17)
	at omiyaPipeline.call(omiyaPipeline.groovy:125)
	at ___cps.transform___(Native Method)
	at com.cloudbees.groovy.cps.impl.ContinuationGroup.methodCall(ContinuationGroup.java:86)
	at com.cloudbees.groovy.cps.impl.FunctionCallBlock$ContinuationImpl.dispatchOrArg(FunctionCallBlock.java:113)
	at com.cloudbees.groovy.cps.impl.FunctionCallBlock$ContinuationImpl.fixArg(FunctionCallBlock.java:83)
	at sun.reflect.GeneratedMethodAccessor722.invoke(Unknown Source)
	at sun.reflect.DelegatingMethodAccessorImpl.invoke(DelegatingMethodAccessorImpl.java:43)
	at java.lang.reflect.Method.invoke(Method.java:498)
	at com.cloudbees.groovy.cps.impl.ContinuationPtr$ContinuationImpl.receive(ContinuationPtr.java:72)
	at com.cloudbees.groovy.cps.impl.CollectionLiteralBlock$ContinuationImpl.dispatch(CollectionLiteralBlock.java:55)
	at com.cloudbees.groovy.cps.impl.CollectionLiteralBlock$ContinuationImpl.item(CollectionLiteralBlock.java:45)
	at sun.reflect.GeneratedMethodAccessor723.invoke(Unknown Source)
	at sun.reflect.DelegatingMethodAccessorImpl.invoke(DelegatingMethodAccessorImpl.java:43)
	at java.lang.reflect.Method.invoke(Method.java:498)
	at com.cloudbees.groovy.cps.impl.ContinuationPtr$ContinuationImpl.receive(ContinuationPtr.java:72)
	at com.cloudbees.groovy.cps.impl.CollectionLiteralBlock$ContinuationImpl.dispatch(CollectionLiteralBlock.java:55)
	at com.cloudbees.groovy.cps.impl.CollectionLiteralBlock$ContinuationImpl.item(CollectionLiteralBlock.java:45)
	at sun.reflect.GeneratedMethodAccessor723.invoke(Unknown Source)
	at sun.reflect.DelegatingMethodAccessorImpl.invoke(DelegatingMethodAccessorImpl.java:43)
	at java.lang.reflect.Method.invoke(Method.java:498)
	at com.cloudbees.groovy.cps.impl.ContinuationPtr$ContinuationImpl.receive(ContinuationPtr.java:72)
	at com.cloudbees.groovy.cps.impl.ContinuationGroup.methodCall(ContinuationGroup.java:89)
	at com.cloudbees.groovy.cps.impl.FunctionCallBlock$ContinuationImpl.dispatchOrArg(FunctionCallBlock.java:113)
	at com.cloudbees.groovy.cps.impl.FunctionCallBlock$ContinuationImpl.fixArg(FunctionCallBlock.java:83)
	at sun.reflect.GeneratedMethodAccessor722.invoke(Unknown Source)
	at sun.reflect.DelegatingMethodAccessorImpl.invoke(DelegatingMethodAccessorImpl.java:43)
	at java.lang.reflect.Method.invoke(Method.java:498)
	at com.cloudbees.groovy.cps.impl.ContinuationPtr$ContinuationImpl.receive(ContinuationPtr.java:72)
	at com.cloudbees.groovy.cps.impl.CollectionLiteralBlock$ContinuationImpl.dispatch(CollectionLiteralBlock.java:55)
	at com.cloudbees.groovy.cps.impl.CollectionLiteralBlock$ContinuationImpl.item(CollectionLiteralBlock.java:45)
	at sun.reflect.GeneratedMethodAccessor723.invoke(Unknown Source)
	at sun.reflect.DelegatingMethodAccessorImpl.invoke(DelegatingMethodAccessorImpl.java:43)
	at java.lang.reflect.Method.invoke(Method.java:498)
	at com.cloudbees.groovy.cps.impl.ContinuationPtr$ContinuationImpl.receive(ContinuationPtr.java:72)
	at com.cloudbees.groovy.cps.impl.ConstantBlock.eval(ConstantBlock.java:21)
	at com.cloudbees.groovy.cps.Next.step(Next.java:83)
	at com.cloudbees.groovy.cps.Continuable$1.call(Continuable.java:174)
	at com.cloudbees.groovy.cps.Continuable$1.call(Continuable.java:163)
	at org.codehaus.groovy.runtime.GroovyCategorySupport$ThreadCategoryInfo.use(GroovyCategorySupport.java:129)
	at org.codehaus.groovy.runtime.GroovyCategorySupport.use(GroovyCategorySupport.java:268)
	at com.cloudbees.groovy.cps.Continuable.run0(Continuable.java:163)
	at org.jenkinsci.plugins.workflow.cps.SandboxContinuable.access$001(SandboxContinuable.java:18)
	at org.jenkinsci.plugins.workflow.cps.SandboxContinuable.run0(SandboxContinuable.java:51)
	at org.jenkinsci.plugins.workflow.cps.CpsThread.runNextChunk(CpsThread.java:186)
	at org.jenkinsci.plugins.workflow.cps.CpsThreadGroup.run(CpsThreadGroup.java:370)
	at org.jenkinsci.plugins.workflow.cps.CpsThreadGroup.access$200(CpsThreadGroup.java:93)
	at org.jenkinsci.plugins.workflow.cps.CpsThreadGroup$2.call(CpsThreadGroup.java:282)
	at org.jenkinsci.plugins.workflow.cps.CpsThreadGroup$2.call(CpsThreadGroup.java:270)
	at org.jenkinsci.plugins.workflow.cps.CpsVmExecutorService$2.call(CpsVmExecutorService.java:67)
	at java.util.concurrent.FutureTask.run(FutureTask.java:266)
	at hudson.remoting.SingleLaneExecutorService$1.run(SingleLaneExecutorService.java:131)
	at jenkins.util.ContextResettingExecutorService$1.run(ContextResettingExecutorService.java:28)
	at jenkins.security.ImpersonatingExecutorService$1.run(ImpersonatingExecutorService.java:59)
	at java.util.concurrent.Executors$RunnableAdapter.call(Executors.java:511)
	at java.util.concurrent.FutureTask.run(FutureTask.java:266)
	at java.util.concurrent.ThreadPoolExecutor.runWorker(ThreadPoolExecutor.java:1149)
	at java.util.concurrent.ThreadPoolExecutor$Worker.run(ThreadPoolExecutor.java:624)
	at java.lang.Thread.run(Thread.java:748)
	Suppressed: org.jenkinsci.plugins.workflow.steps.MissingContextVariableException: Required context class hudson.FilePath is missing
Perhaps you forgot to surround the code with a step that provides this, such as: node
		at org.jenkinsci.plugins.workflow.steps.StepDescriptor.checkContextAvailability(StepDescriptor.java:266)
		at org.jenkinsci.plugins.workflow.cps.DSL.invokeStep(DSL.java:263)
		at org.jenkinsci.plugins.workflow.cps.DSL.invokeMethod(DSL.java:179)
		at org.jenkinsci.plugins.workflow.cps.CpsScript.invokeMethod(CpsScript.java:122)
		at sun.reflect.GeneratedMethodAccessor840.invoke(Unknown Source)
		at sun.reflect.DelegatingMethodAccessorImpl.invoke(DelegatingMethodAccessorImpl.java:43)
		at java.lang.reflect.Method.invoke(Method.java:498)
		at org.codehaus.groovy.reflection.CachedMethod.invoke(CachedMethod.java:93)
		at groovy.lang.MetaMethod.doMethodInvoke(MetaMethod.java:325)
		at groovy.lang.MetaClassImpl.invokeMethod(MetaClassImpl.java:1213)
		at groovy.lang.MetaClassImpl.invokeMethod(MetaClassImpl.java:1022)
		at org.codehaus.groovy.runtime.callsite.PogoMetaClassSite.call(PogoMetaClassSite.java:42)
		at org.codehaus.groovy.runtime.callsite.CallSiteArray.defaultCall(CallSiteArray.java:48)
		at org.codehaus.groovy.runtime.callsite.AbstractCallSite.call(AbstractCallSite.java:113)
		at org.kohsuke.groovy.sandbox.impl.Checker$1.call(Checker.java:160)
		at org.kohsuke.groovy.sandbox.GroovyInterceptor.onMethodCall(GroovyInterceptor.java:23)
		at org.jenkinsci.plugins.scriptsecurity.sandbox.groovy.SandboxInterceptor.onMethodCall(SandboxInterceptor.java:157)
		at org.kohsuke.groovy.sandbox.impl.Checker$1.call(Checker.java:158)
		at org.kohsuke.groovy.sandbox.impl.Checker.checkedCall(Checker.java:162)
		at org.kohsuke.groovy.sandbox.impl.Checker.checkedCall(Checker.java:132)
		at org.kohsuke.groovy.sandbox.impl.Checker.checkedCall(Checker.java:132)
		at org.kohsuke.groovy.sandbox.impl.Checker.checkedCall(Checker.java:132)
		at com.cloudbees.groovy.cps.sandbox.SandboxInvoker.methodCall(SandboxInvoker.java:17)
		at omiyaPipeline.call(omiyaPipeline.groovy:142)
		at ___cps.transform___(Native Method)
		at com.cloudbees.groovy.cps.impl.ContinuationGroup.methodCall(ContinuationGroup.java:86)
		... 36 more

[Pipeline] emailext
messageContentType = text/html; charset=UTF-8
Adding recipients from project recipient list
  Collecting change authors...
    build: 8
Adding *** (***) with address ***
Analyzing: ***
Looking for: ***
	starting at: 0
	firstFoundIdx: 0
	firstFoundIdx-substring: ***
	=> found type: 0
Analyzing: ***
Looking for: ***
	starting at: 0
	firstFoundIdx: 0
	firstFoundIdx-substring: ***
	=> found type: 0
Analyzing: ***
Looking for: ***
	starting at: 0
	firstFoundIdx: 0
	firstFoundIdx-substring: ***
	=> found type: 0
Adding recipients from trigger recipient list
Successfully created MimeMessage
Sending email to: ***
[Pipeline] }
[Pipeline] // stage
[Pipeline] End of Pipeline
[Bitbucket] Notifying commit build result
[Bitbucket] Build result notified
hudson.plugins.git.GitException: Command "git submodule update --remote --reference C:\jenkins\repo\submodule.git --depth=1 tool_protec" returned status code 1:
stdout: 
stderr: Cloning into 'C:/jenkins/workspace/submoduletest/master/tool_protec'...
fatal: Needed a single revision
Unable to find current origin/development revision in submodule path 'tool_protec'

	at org.jenkinsci.plugins.gitclient.CliGitAPIImpl.launchCommandIn(CliGitAPIImpl.java:2372)
	at org.jenkinsci.plugins.gitclient.CliGitAPIImpl.launchCommandWithCredentials(CliGitAPIImpl.java:1985)
	at org.jenkinsci.plugins.gitclient.CliGitAPIImpl.access$500(CliGitAPIImpl.java:80)
	at org.jenkinsci.plugins.gitclient.CliGitAPIImpl$7.lambda$execute$0(CliGitAPIImpl.java:1409)
	at java.util.concurrent.FutureTask.run(FutureTask.java:266)
	at java.util.concurrent.Executors$RunnableAdapter.call(Executors.java:511)
	at java.util.concurrent.FutureTask.run(FutureTask.java:266)
	at java.util.concurrent.ThreadPoolExecutor.runWorker(ThreadPoolExecutor.java:1149)
	at java.util.concurrent.ThreadPoolExecutor$Worker.run(ThreadPoolExecutor.java:624)
Also:   hudson.remoting.Channel$CallSiteStackTrace: Remote call to JNLP4-connect connection from 10.78.0.151/10.78.0.151:49749
		at hudson.remoting.Channel.attachCallSiteStackTrace(Channel.java:1743)
		at hudson.remoting.UserRequest$ExceptionResponse.retrieve(UserRequest.java:357)
		at hudson.remoting.Channel.call(Channel.java:957)
		at org.jenkinsci.plugins.gitclient.RemoteGitImpl$CommandInvocationHandler.execute(RemoteGitImpl.java:146)
		at sun.reflect.GeneratedMethodAccessor841.invoke(Unknown Source)
		at sun.reflect.DelegatingMethodAccessorImpl.invoke(DelegatingMethodAccessorImpl.java:43)
		at java.lang.reflect.Method.invoke(Method.java:498)
		at org.jenkinsci.plugins.gitclient.RemoteGitImpl$CommandInvocationHandler.invoke(RemoteGitImpl.java:132)
		at com.sun.proxy.$Proxy124.execute(Unknown Source)
		at hudson.plugins.git.extensions.impl.SubmoduleOption.onCheckoutCompleted(SubmoduleOption.java:149)
		at hudson.plugins.git.GitSCM.checkout(GitSCM.java:1223)
		at org.jenkinsci.plugins.workflow.steps.scm.SCMStep.checkout(SCMStep.java:124)
		at org.jenkinsci.plugins.workflow.steps.scm.SCMStep$StepExecutionImpl.run(SCMStep.java:93)
		at org.jenkinsci.plugins.workflow.steps.scm.SCMStep$StepExecutionImpl.run(SCMStep.java:80)
		at org.jenkinsci.plugins.workflow.steps.SynchronousNonBlockingStepExecution.lambda$start$0(SynchronousNonBlockingStepExecution.java:47)
		at java.util.concurrent.Executors$RunnableAdapter.call(Executors.java:511)
		at java.util.concurrent.FutureTask.run(FutureTask.java:266)
		at java.util.concurrent.ThreadPoolExecutor.runWorker(ThreadPoolExecutor.java:1149)
		at java.util.concurrent.ThreadPoolExecutor$Worker.run(ThreadPoolExecutor.java:624)
Caused: hudson.plugins.git.GitException
	at org.jenkinsci.plugins.gitclient.cgit.GitCommandsExecutor.checkResult(GitCommandsExecutor.java:87)
	at org.jenkinsci.plugins.gitclient.cgit.GitCommandsExecutor.invokeAll(GitCommandsExecutor.java:68)
	at org.jenkinsci.plugins.gitclient.cgit.GitCommandsExecutor.invokeAll(GitCommandsExecutor.java:47)
	at org.jenkinsci.plugins.gitclient.CliGitAPIImpl$7.execute(CliGitAPIImpl.java:1412)
	at org.jenkinsci.plugins.gitclient.RemoteGitImpl$CommandInvocationHandler$GitCommandMasterToSlaveCallable.call(RemoteGitImpl.java:161)
	at org.jenkinsci.plugins.gitclient.RemoteGitImpl$CommandInvocationHandler$GitCommandMasterToSlaveCallable.call(RemoteGitImpl.java:154)
	at hudson.remoting.UserRequest.perform(UserRequest.java:212)
	at hudson.remoting.UserRequest.perform(UserRequest.java:54)
	at hudson.remoting.Request$2.run(Request.java:369)
	at hudson.remoting.InterceptingExecutorService$1.call(InterceptingExecutorService.java:72)
	at java.util.concurrent.FutureTask.run(FutureTask.java:266)
	at java.util.concurrent.ThreadPoolExecutor.runWorker(ThreadPoolExecutor.java:1149)
	at java.util.concurrent.ThreadPoolExecutor$Worker.run(ThreadPoolExecutor.java:624)
	at hudson.remoting.Engine$1.lambda$newThread$0(Engine.java:93)
Caused: java.io.IOException: Could not perform submodule update
	at hudson.plugins.git.extensions.impl.SubmoduleOption.onCheckoutCompleted(SubmoduleOption.java:154)
	at hudson.plugins.git.GitSCM.checkout(GitSCM.java:1223)
	at org.jenkinsci.plugins.workflow.steps.scm.SCMStep.checkout(SCMStep.java:124)
	at org.jenkinsci.plugins.workflow.steps.scm.SCMStep$StepExecutionImpl.run(SCMStep.java:93)
	at org.jenkinsci.plugins.workflow.steps.scm.SCMStep$StepExecutionImpl.run(SCMStep.java:80)
	at org.jenkinsci.plugins.workflow.steps.SynchronousNonBlockingStepExecution.lambda$start$0(SynchronousNonBlockingStepExecution.java:47)
	at java.util.concurrent.Executors$RunnableAdapter.call(Executors.java:511)
	at java.util.concurrent.FutureTask.run(FutureTask.java:266)
	at java.util.concurrent.ThreadPoolExecutor.runWorker(ThreadPoolExecutor.java:1149)
	at java.util.concurrent.ThreadPoolExecutor$Worker.run(ThreadPoolExecutor.java:624)
	at java.lang.Thread.run(Thread.java:748)
Finished: FAILURE