<?xml version="1.0"?>
<testsuites xmlns:xsi="http://www.w3.org/2001/XMLSchema-instance" xmlns:xsd="http://www.w3.org/2001/XMLSchema" name="uftRunnerRoot">
  <testsuite tests="1" failures="1" errors="0" package="HPToolsFileSystemRunner">
    <testcase name="C:\Automation\Applications\WFMT\Jenkins_Issue_Test1" report="C:\Automation\Applications\WFMT\Jenkins_Issue_Test1\Report" time="192.7274295" classname="All-Tests.Test group" status="fail">
      <error message="General run error." />
      <failure message="Test failed" />
      <system-out>21/10/2022 10:48:14 Running: C:\Automation\Applications\WFMT\Jenkins_Issue_Test1
Running test: C:\Automation\Applications\WFMT\Jenkins_Issue_Test1
Test result: Failed
uftReportDir is C:\Automation\Applications\WFMT\Jenkins_Issue_Test1\Report1
</system-out>
    </testcase>
  </testsuite>
</testsuites>