Started by user admin
Building in workspace REDACTED
[WS-CLEANUP] Deleting project workspace...
Cloning the remote Git repository
Cloning repository ssh://git@github.com/ACCOUNT/Parent_test_repo.git
 > C:\Program Files\Git\MingW64\bin\git.exe init C:\Users\mplavcan\Documents\Code\VRMotion\Jenkins_Builds # timeout=10
Fetching upstream changes from ssh://git@github.com/ACCOUNT/Parent_test_repo.git
 > C:\Program Files\Git\MingW64\bin\git.exe --version # timeout=10
using GIT_SSH to set credentials TF Test key
 > C:\Program Files\Git\MingW64\bin\git.exe fetch --tags --progress ssh://git@github.com/ACCOUNT/Parent_test_repo.git +refs/heads/*:refs/remotes/origin/*
 > C:\Program Files\Git\MingW64\bin\git.exe config remote.origin.url ssh://git@github.com/ACCOUNT/Parent_test_repo.git # timeout=10
 > C:\Program Files\Git\MingW64\bin\git.exe config --add remote.origin.fetch +refs/heads/*:refs/remotes/origin/* # timeout=10
 > C:\Program Files\Git\MingW64\bin\git.exe config remote.origin.url ssh://git@github.com/ACCOUNT/Parent_test_repo.git # timeout=10
Fetching upstream changes from ssh://git@github.com/ACCOUNT/Parent_test_repo.git
using GIT_SSH to set credentials TF Test key
 > C:\Program Files\Git\MingW64\bin\git.exe fetch --tags --progress ssh://git@github.com/ACCOUNT/Parent_test_repo.git +refs/heads/*:refs/remotes/origin/*
 > C:\Program Files\Git\MingW64\bin\git.exe rev-parse "refs/remotes/origin/master^{commit}" # timeout=10
 > C:\Program Files\Git\MingW64\bin\git.exe rev-parse "refs/remotes/origin/origin/master^{commit}" # timeout=10
Checking out Revision c70c65913309ba989cd26729b857338dc03ec2b0 (refs/remotes/origin/master)
 > C:\Program Files\Git\MingW64\bin\git.exe config core.sparsecheckout # timeout=10
 > C:\Program Files\Git\MingW64\bin\git.exe checkout -f c70c65913309ba989cd26729b857338dc03ec2b0
Commit message: "Added submodule"
 > C:\Program Files\Git\MingW64\bin\git.exe rev-list c70c65913309ba989cd26729b857338dc03ec2b0 # timeout=10
 > C:\Program Files\Git\MingW64\bin\git.exe remote # timeout=10
 > C:\Program Files\Git\MingW64\bin\git.exe submodule init # timeout=10
FATAL: Command "C:\Program Files\Git\MingW64\bin\git.exe submodule init" returned status code 128:
stdout: 
stderr: fatal: 'submodule' appears to be a git command, but we were not
able to execute it. Maybe git-submodule is broken?

hudson.plugins.git.GitException: Command "C:\Program Files\Git\MingW64\bin\git.exe submodule init" returned status code 128:
stdout: 
stderr: fatal: 'submodule' appears to be a git command, but we were not
able to execute it. Maybe git-submodule is broken?

	at org.jenkinsci.plugins.gitclient.CliGitAPIImpl.launchCommandIn(CliGitAPIImpl.java:1924)
	at org.jenkinsci.plugins.gitclient.CliGitAPIImpl.launchCommandIn(CliGitAPIImpl.java:1892)
	at org.jenkinsci.plugins.gitclient.CliGitAPIImpl.launchCommandIn(CliGitAPIImpl.java:1888)
	at org.jenkinsci.plugins.gitclient.CliGitAPIImpl.launchCommand(CliGitAPIImpl.java:1533)
	at org.jenkinsci.plugins.gitclient.CliGitAPIImpl.launchCommand(CliGitAPIImpl.java:1545)
	at org.jenkinsci.plugins.gitclient.CliGitAPIImpl.submoduleInit(CliGitAPIImpl.java:945)
	at org.jenkinsci.plugins.gitclient.LegacyCompatibleGitAPIImpl.setupSubmoduleUrls(LegacyCompatibleGitAPIImpl.java:81)
	at org.jenkinsci.plugins.gitclient.CliGitAPIImpl.setupSubmoduleUrls(CliGitAPIImpl.java:71)
	at org.jenkinsci.plugins.gitclient.CliGitAPIImpl.setupSubmoduleUrls(CliGitAPIImpl.java:1417)
	at hudson.plugins.git.extensions.impl.SubmoduleOption.onCheckoutCompleted(SubmoduleOption.java:100)
	at hudson.plugins.git.GitSCM.checkout(GitSCM.java:1193)
	at hudson.scm.SCM.checkout(SCM.java:495)
	at hudson.model.AbstractProject.checkout(AbstractProject.java:1212)
	at hudson.model.AbstractBuild$AbstractBuildExecution.defaultCheckout(AbstractBuild.java:566)
	at jenkins.scm.SCMCheckoutStrategy.checkout(SCMCheckoutStrategy.java:86)
	at hudson.model.AbstractBuild$AbstractBuildExecution.run(AbstractBuild.java:491)
	at hudson.model.Run.execute(Run.java:1724)
	at hudson.model.FreeStyleBuild.run(FreeStyleBuild.java:43)
	at hudson.model.ResourceController.execute(ResourceController.java:97)
	at hudson.model.Executor.run(Executor.java:421)
Finished: FAILURE
