<?xml version="1.0" encoding="UTF-8"?>
<testng-results skipped="0" failed="0" total="4" passed="4">
  <reporter-output>
  </reporter-output>
  <suite name="Test-Suite" duration-ms="31" started-at="2012-03-12T18:33:40Z" finished-at="2012-03-12T18:33:40Z">
    <groups>
      <group name="functional">
        <method signature="TestClass1.functional()[pri:0, instance:test.TestClass1@147ee05]" name="functional" class="test.TestClass1"/>
        <method signature="TestClass2.functional2()[pri:0, instance:test.TestClass2@1fcf0ce]" name="functional2" class="test.TestClass2"/>
      </group> <!-- functional -->
      <group name="smoke">
        <method signature="TestClass1.smoke()[pri:0, instance:test.TestClass1@147ee05]" name="smoke" class="test.TestClass1"/>
        <method signature="TestClass2.smoke2()[pri:0, instance:test.TestClass2@1fcf0ce]" name="smoke2" class="test.TestClass2"/>
      </group> <!-- smoke -->
    </groups>
    <test name="Test" duration-ms="31" started-at="2012-03-12T18:33:40Z" finished-at="2012-03-12T18:33:40Z">
      <class name="test.TestClass2">
        <test-method status="PASS" signature="functional2()[pri:0, instance:test.TestClass2@1fcf0ce]" name="functional2" duration-ms="0" started-at="2012-03-12T18:33:40Z" finished-at="2012-03-12T18:33:40Z">
        </test-method> <!-- functional2 -->
        <test-method status="PASS" signature="smoke2()[pri:0, instance:test.TestClass2@1fcf0ce]" name="smoke2" duration-ms="0" started-at="2012-03-12T18:33:40Z" finished-at="2012-03-12T18:33:40Z">
        </test-method> <!-- smoke2 -->
      </class> <!-- test.TestClass2 -->
      <class name="test.TestClass1">
        <test-method status="PASS" signature="smoke()[pri:0, instance:test.TestClass1@147ee05]" name="smoke" duration-ms="0" started-at="2012-03-12T18:33:40Z" finished-at="2012-03-12T18:33:40Z">
        </test-method> <!-- smoke -->
        <test-method status="PASS" signature="functional()[pri:0, instance:test.TestClass1@147ee05]" name="functional" duration-ms="0" started-at="2012-03-12T18:33:40Z" finished-at="2012-03-12T18:33:40Z">
        </test-method> <!-- functional -->
      </class> <!-- test.TestClass1 -->
    </test> <!-- Test -->
  </suite> <!-- Test-Suite -->
</testng-results>
