Started by user pstaton3
Building remotely on reactance
Checkout:dryad / /home/builder/hudson/slave_dir/workspace/dryad - hudson.remoting.Channel@29954e26:reactance
Using strategy: Default
Last Built Revision: Revision 73c566bbabc082845c11c32aa187009889d22bf3 (origin/master)
Checkout:dryad / /home/builder/hudson/slave_dir/workspace/dryad - hudson.remoting.LocalChannel@7e23a866
GitAPI created
Fetching changes from the remote Git repository
Fetching upstream changes from ssh://builder@<slave>/home/builder/git-clone/sis
[dryad] $ /home/builder/hudson/slave_dir/tools/git-1.7.2.1/git fetch -t ssh://builder@<slave>/home/builder/git-clone/sis +refs/remotes/git-svn:refs/remotes/origin/master
[dryad] $ /home/builder/hudson/slave_dir/tools/git-1.7.2.1/git ls-tree HEAD
[dryad] $ /home/builder/hudson/slave_dir/tools/git-1.7.2.1/git tag -l master
[dryad] $ /home/builder/hudson/slave_dir/tools/git-1.7.2.1/git rev-parse origin/master
Commencing build of Revision 73c566bbabc082845c11c32aa187009889d22bf3 (origin/master)
GitAPI created
Checking out Revision 73c566bbabc082845c11c32aa187009889d22bf3 (origin/master)
[dryad] $ /home/builder/hudson/slave_dir/tools/git-1.7.2.1/git checkout -f 73c566bbabc082845c11c32aa187009889d22bf3
[dryad] $ /home/builder/hudson/slave_dir/tools/git-1.7.2.1/git tag -a -f -m "Hudson Build #2487" hudson-dryad-2487
Recording changes in branch origin/master
[dryad] $ /home/builder/hudson/slave_dir/tools/git-1.7.2.1/git whatchanged --no-abbrev -M --pretty=raw 73c566bbabc082845c11c32aa187009889d22bf3..73c566bbabc082845c11c32aa187009889d22bf3
Cleaning workspace
[dryad] $ /home/builder/hudson/slave_dir/tools/git-1.7.2.1/git clean -fdx
Found mavenVersion 3.0.1 from file jar:file:/home/builder/hudson/slave_dir/tools/maven301/apache-maven-3.0.1/lib/maven-core-3.0.1.jar!/META-INF/maven/org.apache.maven/maven-core/pom.properties
No emails were triggered.
Parsing POMs
Parsing recursively /home/builder/hudson/slave_dir/workspace/dryad/pom.xml
downloaded artifact http://<nexus_server>/nexus/content/groups/public//org/apache/maven/wagon/wagon-webdav-jackrabbit/1.0-beta-7/wagon-webdav-jackrabbit-1.0-beta-7.pom
downloaded artifact http://<nexus_server>/nexus/content/groups/public//org/apache/maven/wagon/wagon-providers/1.0-beta-7/wagon-providers-1.0-beta-7.pom
downloaded artifact http://<nexus_server>/nexus/content/groups/public//org/apache/maven/wagon/wagon/1.0-beta-7/wagon-1.0-beta-7.pom
downloaded artifact http://<nexus_server>/nexus/content/groups/public//org/apache/maven/maven-parent/16/maven-parent-16.pom
downloaded artifact http://<nexus_server>/nexus/content/groups/public//org/apache/apache/7/apache-7.pom
downloaded artifact http://<nexus_server>/nexus/content/groups/public//org/apache/maven/wagon/wagon-http-shared/1.0-beta-7/wagon-http-shared-1.0-beta-7.pom
downloaded artifact http://<nexus_server>/nexus/content/groups/public//nekohtml/xercesMinimal/1.9.6.2/xercesMinimal-1.9.6.2.pom
downloaded artifact http://<nexus_server>/nexus/content/groups/public//nekohtml/nekohtml/1.9.6.2/nekohtml-1.9.6.2.pom
downloaded artifact http://<nexus_server>/nexus/content/groups/public//commons-httpclient/commons-httpclient/3.1/commons-httpclient-3.1.pom
downloaded artifact http://<nexus_server>/nexus/content/groups/public//commons-codec/commons-codec/1.2/commons-codec-1.2.pom
downloaded artifact http://<nexus_server>/nexus/content/groups/public//commons-logging/commons-logging/1.1.1/commons-logging-1.1.1.pom
downloaded artifact http://<nexus_server>/nexus/content/groups/public//org/apache/commons/commons-parent/5/commons-parent-5.pom
downloaded artifact http://<nexus_server>/nexus/content/groups/public//org/apache/apache/4/apache-4.pom
downloaded artifact http://<nexus_server>/nexus/content/groups/public//org/apache/maven/wagon/wagon-provider-api/1.0-beta-7/wagon-provider-api-1.0-beta-7.pom
downloaded artifact http://<nexus_server>/nexus/content/groups/public//org/codehaus/plexus/plexus-utils/1.4.2/plexus-utils-1.4.2.pom
downloaded artifact http://<nexus_server>/nexus/content/groups/public//org/codehaus/plexus/plexus/1.0.11/plexus-1.0.11.pom
downloaded artifact http://<nexus_server>/nexus/content/groups/public//org/apache/jackrabbit/jackrabbit-webdav/1.5.0/jackrabbit-webdav-1.5.0.pom
downloaded artifact http://<nexus_server>/nexus/content/groups/public//org/apache/jackrabbit/jackrabbit-parent/1.5.0/jackrabbit-parent-1.5.0.pom
downloaded artifact http://<nexus_server>/nexus/content/groups/public//org/apache/jackrabbit/jackrabbit-jcr-commons/1.5.0/jackrabbit-jcr-commons-1.5.0.pom
downloaded artifact http://<nexus_server>/nexus/content/groups/public//org/slf4j/slf4j-api/1.5.3/slf4j-api-1.5.3.pom
downloaded artifact http://<nexus_server>/nexus/content/groups/public//org/slf4j/slf4j-parent/1.5.3/slf4j-parent-1.5.3.pom
downloaded artifact http://<nexus_server>/nexus/content/groups/public//commons-httpclient/commons-httpclient/3.0/commons-httpclient-3.0.pom
downloaded artifact http://<nexus_server>/nexus/content/groups/public//org/slf4j/slf4j-nop/1.5.3/slf4j-nop-1.5.3.pom
downloaded artifact http://<nexus_server>/nexus/content/groups/public//org/apache/maven/wagon/wagon-http-shared/1.0-beta-7/wagon-http-shared-1.0-beta-7.jar
downloaded artifact http://<nexus_server>/nexus/content/groups/public//org/apache/maven/wagon/wagon-webdav-jackrabbit/1.0-beta-7/wagon-webdav-jackrabbit-1.0-beta-7.jar
downloaded artifact http://<nexus_server>/nexus/content/groups/public//nekohtml/xercesMinimal/1.9.6.2/xercesMinimal-1.9.6.2.jar
downloaded artifact http://<nexus_server>/nexus/content/groups/public//nekohtml/nekohtml/1.9.6.2/nekohtml-1.9.6.2.jar
downloaded artifact http://<nexus_server>/nexus/content/groups/public//commons-codec/commons-codec/1.2/commons-codec-1.2.jar
downloaded artifact http://<nexus_server>/nexus/content/groups/public//commons-logging/commons-logging/1.1.1/commons-logging-1.1.1.jar
downloaded artifact http://<nexus_server>/nexus/content/groups/public//org/slf4j/slf4j-nop/1.5.3/slf4j-nop-1.5.3.jar
downloaded artifact http://<nexus_server>/nexus/content/groups/public//org/slf4j/slf4j-api/1.5.3/slf4j-api-1.5.3.jar
downloaded artifact http://<nexus_server>/nexus/content/groups/public//commons-httpclient/commons-httpclient/3.1/commons-httpclient-3.1.jar
downloaded artifact http://<nexus_server>/nexus/content/groups/public//org/apache/jackrabbit/jackrabbit-jcr-commons/1.5.0/jackrabbit-jcr-commons-1.5.0.jar
downloaded artifact http://<nexus_server>/nexus/content/groups/public//org/apache/jackrabbit/jackrabbit-webdav/1.5.0/jackrabbit-webdav-1.5.0.jar
downloaded artifact http://<nexus_server>/nexus/content/groups/public//org/codehaus/plexus/plexus-utils/1.4.2/plexus-utils-1.4.2.jar
downloaded artifact http://<nexus_server>/nexus/content/groups/public//sis/build-tools/1.3.0.7/build-tools-1.3.0.7.pom
downloaded artifact http://<nexus_server>/nexus/content/groups/public//org/codehaus/gmaven/gmaven-mojo/1.3/gmaven-mojo-1.3.pom
downloaded artifact http://<nexus_server>/nexus/content/groups/public//org/codehaus/gmaven/gmaven/1.3/gmaven-1.3.pom
downloaded artifact http://<nexus_server>/nexus/content/groups/public//org/codehaus/codehaus-parent/1/codehaus-parent-1.pom
downloaded artifact http://<nexus_server>/nexus/content/groups/public//org/codehaus/gmaven/runtime/gmaven-runtime-api/1.3/gmaven-runtime-api-1.3.pom
downloaded artifact http://<nexus_server>/nexus/content/groups/public//org/codehaus/gmaven/runtime/gmaven-runtime/1.3/gmaven-runtime-1.3.pom
downloaded artifact http://<nexus_server>/nexus/content/groups/public//org/apache/maven/maven-project/2.0.10/maven-project-2.0.10.pom
downloaded artifact http://<nexus_server>/nexus/content/groups/public//org/apache/maven/maven/2.0.10/maven-2.0.10.pom
downloaded artifact http://<nexus_server>/nexus/content/groups/public//org/apache/maven/maven-parent/9/maven-parent-9.pom
downloaded artifact http://<nexus_server>/nexus/content/groups/public//org/apache/maven/maven-settings/2.0.10/maven-settings-2.0.10.pom
downloaded artifact http://<nexus_server>/nexus/content/groups/public//org/apache/maven/maven-model/2.0.10/maven-model-2.0.10.pom
downloaded artifact http://<nexus_server>/nexus/content/groups/public//org/codehaus/plexus/plexus-utils/1.5.5/plexus-utils-1.5.5.pom
downloaded artifact http://<nexus_server>/nexus/content/groups/public//org/codehaus/plexus/plexus-interpolation/1.1/plexus-interpolation-1.1.pom
downloaded artifact http://<nexus_server>/nexus/content/groups/public//org/codehaus/plexus/plexus-container-default/1.0-alpha-9-stable-1/plexus-container-default-1.0-alpha-9-stable-1.pom
downloaded artifact http://<nexus_server>/nexus/content/groups/public//org/codehaus/plexus/plexus-containers/1.0.3/plexus-containers-1.0.3.pom
downloaded artifact http://<nexus_server>/nexus/content/groups/public//org/codehaus/plexus/plexus/1.0.4/plexus-1.0.4.pom
downloaded artifact http://<nexus_server>/nexus/content/groups/public//junit/junit/3.8.1/junit-3.8.1.pom
downloaded artifact http://<nexus_server>/nexus/content/groups/public//org/codehaus/plexus/plexus-utils/1.0.4/plexus-utils-1.0.4.pom
downloaded artifact http://<nexus_server>/nexus/content/groups/public//classworlds/classworlds/1.1-alpha-2/classworlds-1.1-alpha-2.pom
downloaded artifact http://<nexus_server>/nexus/content/groups/public//org/apache/maven/maven-profile/2.0.10/maven-profile-2.0.10.pom
downloaded artifact http://<nexus_server>/nexus/content/groups/public//org/apache/maven/maven-artifact-manager/2.0.10/maven-artifact-manager-2.0.10.pom
downloaded artifact http://<nexus_server>/nexus/content/groups/public//org/apache/maven/maven-repository-metadata/2.0.10/maven-repository-metadata-2.0.10.pom
downloaded artifact http://<nexus_server>/nexus/content/groups/public//org/apache/maven/maven-artifact/2.0.10/maven-artifact-2.0.10.pom
downloaded artifact http://<nexus_server>/nexus/content/groups/public//org/apache/maven/maven-plugin-registry/2.0.10/maven-plugin-registry-2.0.10.pom
downloaded artifact http://<nexus_server>/nexus/content/groups/public//org/apache/maven/maven-plugin-api/2.0.10/maven-plugin-api-2.0.10.pom
downloaded artifact http://<nexus_server>/nexus/content/groups/public//org/apache/ant/ant/1.8.1/ant-1.8.1.pom
downloaded artifact http://<nexus_server>/nexus/content/groups/public//org/apache/ant/ant-parent/1.8.1/ant-parent-1.8.1.pom
downloaded artifact http://<nexus_server>/nexus/content/groups/public//org/apache/ant/ant-launcher/1.8.1/ant-launcher-1.8.1.pom
downloaded artifact http://<nexus_server>/nexus/content/groups/public//org/codehaus/gmaven/runtime/gmaven-runtime-1.7/1.3/gmaven-runtime-1.7-1.3.pom
downloaded artifact http://<nexus_server>/nexus/content/groups/public//org/codehaus/groovy/groovy-all/1.7.5/groovy-all-1.7.5.pom
downloaded artifact http://<nexus_server>/nexus/content/groups/public//org/apache/maven/shared/file-management/1.2.1/file-management-1.2.1.pom
downloaded artifact http://<nexus_server>/nexus/content/groups/public//org/apache/maven/shared/maven-shared-components/10/maven-shared-components-10.pom
downloaded artifact http://<nexus_server>/nexus/content/groups/public//org/apache/maven/maven-plugin-api/2.0.6/maven-plugin-api-2.0.6.pom
downloaded artifact http://<nexus_server>/nexus/content/groups/public//org/apache/maven/maven/2.0.6/maven-2.0.6.pom
downloaded artifact http://<nexus_server>/nexus/content/groups/public//org/apache/maven/maven-parent/5/maven-parent-5.pom
downloaded artifact http://<nexus_server>/nexus/content/groups/public//org/apache/apache/3/apache-3.pom
downloaded artifact http://<nexus_server>/nexus/content/groups/public//org/apache/maven/shared/maven-shared-io/1.1/maven-shared-io-1.1.pom
downloaded artifact http://<nexus_server>/nexus/content/groups/public//org/apache/maven/shared/maven-shared-components/8/maven-shared-components-8.pom
downloaded artifact http://<nexus_server>/nexus/content/groups/public//org/apache/maven/maven-parent/7/maven-parent-7.pom
downloaded artifact http://<nexus_server>/nexus/content/groups/public//org/apache/maven/maven-artifact/2.0.2/maven-artifact-2.0.2.pom
downloaded artifact http://<nexus_server>/nexus/content/groups/public//org/apache/maven/maven/2.0.2/maven-2.0.2.pom
downloaded artifact http://<nexus_server>/nexus/content/groups/public//org/codehaus/plexus/plexus-utils/1.1/plexus-utils-1.1.pom
downloaded artifact http://<nexus_server>/nexus/content/groups/public//org/apache/maven/maven-artifact-manager/2.0.2/maven-artifact-manager-2.0.2.pom
downloaded artifact http://<nexus_server>/nexus/content/groups/public//org/apache/maven/maven-repository-metadata/2.0.2/maven-repository-metadata-2.0.2.pom
downloaded artifact http://<nexus_server>/nexus/content/groups/public//org/codehaus/plexus/plexus-container-default/1.0-alpha-9/plexus-container-default-1.0-alpha-9.pom
downloaded artifact http://<nexus_server>/nexus/content/groups/public//org/apache/maven/wagon/wagon-provider-api/1.0-alpha-6/wagon-provider-api-1.0-alpha-6.pom
downloaded artifact http://<nexus_server>/nexus/content/groups/public//org/apache/maven/wagon/wagon/1.0-alpha-6/wagon-1.0-alpha-6.pom
downloaded artifact http://<nexus_server>/nexus/content/groups/public//org/codehaus/plexus/plexus-utils/1.4.6/plexus-utils-1.4.6.pom
downloaded artifact http://<nexus_server>/nexus/content/groups/public//org/codehaus/plexus/plexus-utils/1.5.6/plexus-utils-1.5.6.pom
downloaded artifact http://<nexus_server>/nexus/content/groups/public//org/codehaus/plexus/plexus/1.0.12/plexus-1.0.12.pom
downloaded artifact http://<nexus_server>/nexus/content/groups/public//org/apache/maven/maven-archiver/2.4.1/maven-archiver-2.4.1.pom
downloaded artifact http://<nexus_server>/nexus/content/groups/public//org/apache/maven/shared/maven-shared-components/15/maven-shared-components-15.pom
downloaded artifact http://<nexus_server>/nexus/content/groups/public//org/apache/maven/release/maven-release-manager/2.1/maven-release-manager-2.1.pom
downloaded artifact http://<nexus_server>/nexus/content/groups/public//org/apache/maven/release/maven-release/2.1/maven-release-2.1.pom
downloaded artifact http://<nexus_server>/nexus/content/groups/public//org/codehaus/plexus/plexus-interactivity-api/1.0-alpha-6/plexus-interactivity-api-1.0-alpha-6.pom
downloaded artifact http://<nexus_server>/nexus/content/groups/public//org/codehaus/plexus/plexus-interactivity/1.0-alpha-6/plexus-interactivity-1.0-alpha-6.pom
downloaded artifact http://<nexus_server>/nexus/content/groups/public//org/codehaus/plexus/plexus-components/1.1.9/plexus-components-1.1.9.pom
downloaded artifact http://<nexus_server>/nexus/content/groups/public//org/codehaus/plexus/plexus/1.0.10/plexus-1.0.10.pom
downloaded artifact http://<nexus_server>/nexus/content/groups/public//org/codehaus/plexus/plexus-utils/1.4/plexus-utils-1.4.pom
downloaded artifact http://<nexus_server>/nexus/content/groups/public//org/codehaus/plexus/plexus/1.0.9/plexus-1.0.9.pom
downloaded artifact http://<nexus_server>/nexus/content/groups/public//org/apache/maven/maven-model/2.0.9/maven-model-2.0.9.pom
downloaded artifact http://<nexus_server>/nexus/content/groups/public//org/apache/maven/maven/2.0.9/maven-2.0.9.pom
downloaded artifact http://<nexus_server>/nexus/content/groups/public//org/apache/maven/maven-parent/8/maven-parent-8.pom
downloaded artifact http://<nexus_server>/nexus/content/groups/public//org/codehaus/plexus/plexus-utils/1.5.1/plexus-utils-1.5.1.pom
downloaded artifact http://<nexus_server>/nexus/content/groups/public//org/apache/maven/maven-artifact/2.0.9/maven-artifact-2.0.9.pom
downloaded artifact http://<nexus_server>/nexus/content/groups/public//org/apache/maven/maven-artifact-manager/2.0.9/maven-artifact-manager-2.0.9.pom
downloaded artifact http://<nexus_server>/nexus/content/groups/public//org/apache/maven/maven-repository-metadata/2.0.9/maven-repository-metadata-2.0.9.pom
downloaded artifact http://<nexus_server>/nexus/content/groups/public//org/apache/maven/maven-project/2.0.9/maven-project-2.0.9.pom
downloaded artifact http://<nexus_server>/nexus/content/groups/public//org/apache/maven/maven-settings/2.0.9/maven-settings-2.0.9.pom
downloaded artifact http://<nexus_server>/nexus/content/groups/public//org/apache/maven/maven-profile/2.0.9/maven-profile-2.0.9.pom
downloaded artifact http://<nexus_server>/nexus/content/groups/public//org/apache/maven/maven-plugin-registry/2.0.9/maven-plugin-registry-2.0.9.pom
downloaded artifact http://<nexus_server>/nexus/content/groups/public//org/apache/maven/shared/maven-invoker/2.0.9/maven-invoker-2.0.9.pom
downloaded artifact http://<nexus_server>/nexus/content/groups/public//org/apache/maven/shared/maven-shared-components/9/maven-shared-components-9.pom
downloaded artifact http://<nexus_server>/nexus/content/groups/public//commons-lang/commons-lang/2.4/commons-lang-2.4.pom
downloaded artifact http://<nexus_server>/nexus/content/groups/public//org/apache/commons/commons-parent/9/commons-parent-9.pom
downloaded artifact http://<nexus_server>/nexus/content/groups/public//commons-cli/commons-cli/1.0/commons-cli-1.0.pom
downloaded artifact http://<nexus_server>/nexus/content/groups/public//commons-logging/commons-logging/1.0/commons-logging-1.0.pom
downloaded artifact http://<nexus_server>/nexus/content/groups/public//org/apache/maven/scm/maven-scm-providers-standard/1.4/maven-scm-providers-standard-1.4.pom
downloaded artifact http://<nexus_server>/nexus/content/groups/public//org/apache/maven/scm/maven-scm-providers/1.4/maven-scm-providers-1.4.pom
downloaded artifact http://<nexus_server>/nexus/content/groups/public//org/apache/maven/scm/maven-scm/1.4/maven-scm-1.4.pom
downloaded artifact http://<nexus_server>/nexus/content/groups/public//org/apache/maven/scm/maven-scm-provider-accurev/1.4/maven-scm-provider-accurev-1.4.pom
downloaded artifact http://<nexus_server>/nexus/content/groups/public//org/apache/maven/scm/maven-scm-api/1.4/maven-scm-api-1.4.pom
downloaded artifact http://<nexus_server>/nexus/content/groups/public//org/apache/maven/scm/maven-scm-provider-bazaar/1.4/maven-scm-provider-bazaar-1.4.pom
downloaded artifact http://<nexus_server>/nexus/content/groups/public//regexp/regexp/1.3/regexp-1.3.pom
downloaded artifact http://<nexus_server>/nexus/content/groups/public//org/apache/maven/scm/maven-scm-provider-clearcase/1.4/maven-scm-provider-clearcase-1.4.pom
downloaded artifact http://<nexus_server>/nexus/content/groups/public//org/apache/maven/scm/maven-scm-provider-cvsexe/1.4/maven-scm-provider-cvsexe-1.4.pom
downloaded artifact http://<nexus_server>/nexus/content/groups/public//org/apache/maven/scm/maven-scm-providers-cvs/1.4/maven-scm-providers-cvs-1.4.pom
downloaded artifact http://<nexus_server>/nexus/content/groups/public//org/apache/maven/scm/maven-scm-provider-cvs-commons/1.4/maven-scm-provider-cvs-commons-1.4.pom
downloaded artifact http://<nexus_server>/nexus/content/groups/public//org/apache/maven/scm/maven-scm-provider-cvsjava/1.4/maven-scm-provider-cvsjava-1.4.pom
downloaded artifact http://<nexus_server>/nexus/content/groups/public//org/netbeans/lib/cvsclient/20060125/cvsclient-20060125.pom
downloaded artifact http://<nexus_server>/nexus/content/groups/public//ch/ethz/ganymed/ganymed-ssh2/build210/ganymed-ssh2-build210.pom
downloaded artifact http://<nexus_server>/nexus/content/groups/public//org/apache/maven/scm/maven-scm-provider-gitexe/1.4/maven-scm-provider-gitexe-1.4.pom
downloaded artifact http://<nexus_server>/nexus/content/groups/public//org/apache/maven/scm/maven-scm-providers-git/1.4/maven-scm-providers-git-1.4.pom
downloaded artifact http://<nexus_server>/nexus/content/groups/public//org/apache/maven/scm/maven-scm-provider-git-commons/1.4/maven-scm-provider-git-commons-1.4.pom
downloaded artifact http://<nexus_server>/nexus/content/groups/public//org/apache/maven/scm/maven-scm-provider-hg/1.4/maven-scm-provider-hg-1.4.pom
downloaded artifact http://<nexus_server>/nexus/content/groups/public//org/apache/maven/scm/maven-scm-provider-perforce/1.4/maven-scm-provider-perforce-1.4.pom
downloaded artifact http://<nexus_server>/nexus/content/groups/public//org/apache/maven/scm/maven-scm-provider-starteam/1.4/maven-scm-provider-starteam-1.4.pom
downloaded artifact http://<nexus_server>/nexus/content/groups/public//org/apache/maven/scm/maven-scm-provider-svnexe/1.4/maven-scm-provider-svnexe-1.4.pom
downloaded artifact http://<nexus_server>/nexus/content/groups/public//org/apache/maven/scm/maven-scm-providers-svn/1.4/maven-scm-providers-svn-1.4.pom
downloaded artifact http://<nexus_server>/nexus/content/groups/public//org/apache/maven/scm/maven-scm-provider-svn-commons/1.4/maven-scm-provider-svn-commons-1.4.pom
downloaded artifact http://<nexus_server>/nexus/content/groups/public//org/apache/maven/scm/maven-scm-provider-synergy/1.4/maven-scm-provider-synergy-1.4.pom
downloaded artifact http://<nexus_server>/nexus/content/groups/public//org/apache/maven/scm/maven-scm-provider-vss/1.4/maven-scm-provider-vss-1.4.pom
downloaded artifact http://<nexus_server>/nexus/content/groups/public//org/apache/maven/scm/maven-scm-provider-tfs/1.4/maven-scm-provider-tfs-1.4.pom
downloaded artifact http://<nexus_server>/nexus/content/groups/public//org/apache/maven/scm/maven-scm-manager-plexus/1.4/maven-scm-manager-plexus-1.4.pom
downloaded artifact http://<nexus_server>/nexus/content/groups/public//org/apache/maven/scm/maven-scm-managers/1.4/maven-scm-managers-1.4.pom
downloaded artifact http://<nexus_server>/nexus/content/groups/public//org/jdom/jdom/1.1/jdom-1.1.pom
downloaded artifact http://<nexus_server>/nexus/content/groups/public//jaxen/jaxen/1.1-beta-8/jaxen-1.1-beta-8.pom
downloaded artifact http://<nexus_server>/nexus/content/groups/public//jdom/jdom/1.0/jdom-1.0.pom
downloaded artifact http://<nexus_server>/nexus/content/groups/public//org/codehaus/plexus/plexus-utils/1.5.12/plexus-utils-1.5.12.pom
downloaded artifact http://<nexus_server>/nexus/content/groups/public//org/codehaus/plexus/plexus/2.0.2/plexus-2.0.2.pom
downloaded artifact http://<nexus_server>/nexus/content/groups/public//org/apache/maven/plugins/maven-project-info-reports-plugin/2.2/maven-project-info-reports-plugin-2.2.pom
downloaded artifact http://<nexus_server>/nexus/content/groups/public//org/apache/maven/plugins/maven-plugins/17/maven-plugins-17.pom
downloaded artifact http://<nexus_server>/nexus/content/groups/public//org/apache/maven/reporting/maven-reporting-api/3.0/maven-reporting-api-3.0.pom
downloaded artifact http://<nexus_server>/nexus/content/groups/public//org/apache/maven/reporting/maven-reporting-impl/2.1/maven-reporting-impl-2.1.pom
downloaded artifact http://<nexus_server>/nexus/content/groups/public//org/apache/maven/maven-artifact/2.1.0/maven-artifact-2.1.0.pom
downloaded artifact http://<nexus_server>/nexus/content/groups/public//org/apache/maven/maven/2.1.0/maven-2.1.0.pom
downloaded artifact http://<nexus_server>/nexus/content/groups/public//org/apache/maven/maven-parent/11/maven-parent-11.pom
downloaded artifact http://<nexus_server>/nexus/content/groups/public//org/apache/apache/5/apache-5.pom
downloaded artifact http://<nexus_server>/nexus/content/groups/public//org/apache/maven/maven-artifact-manager/2.1.0/maven-artifact-manager-2.1.0.pom
downloaded artifact http://<nexus_server>/nexus/content/groups/public//org/apache/maven/maven-repository-metadata/2.1.0/maven-repository-metadata-2.1.0.pom
downloaded artifact http://<nexus_server>/nexus/content/groups/public//backport-util-concurrent/backport-util-concurrent/3.1/backport-util-concurrent-3.1.pom
downloaded artifact http://<nexus_server>/nexus/content/groups/public//org/apache/maven/maven-model/2.1.0/maven-model-2.1.0.pom
downloaded artifact http://<nexus_server>/nexus/content/groups/public//org/apache/maven/maven-plugin-api/2.1.0/maven-plugin-api-2.1.0.pom
downloaded artifact http://<nexus_server>/nexus/content/groups/public//org/apache/maven/maven-project/2.1.0/maven-project-2.1.0.pom
downloaded artifact http://<nexus_server>/nexus/content/groups/public//org/apache/maven/maven-settings/2.1.0/maven-settings-2.1.0.pom
downloaded artifact http://<nexus_server>/nexus/content/groups/public//org/codehaus/plexus/plexus-interpolation/1.8.1/plexus-interpolation-1.8.1.pom
downloaded artifact http://<nexus_server>/nexus/content/groups/public//org/codehaus/plexus/plexus/1.0.13/plexus-1.0.13.pom
downloaded artifact http://<nexus_server>/nexus/content/groups/public//org/apache/maven/maven-profile/2.1.0/maven-profile-2.1.0.pom
downloaded artifact http://<nexus_server>/nexus/content/groups/public//org/apache/maven/maven-plugin-registry/2.1.0/maven-plugin-registry-2.1.0.pom
downloaded artifact http://<nexus_server>/nexus/content/groups/public//org/apache/maven/shared/maven-dependency-tree/1.2/maven-dependency-tree-1.2.pom
downloaded artifact http://<nexus_server>/nexus/content/groups/public//org/apache/maven/maven-project/2.0.8/maven-project-2.0.8.pom
downloaded artifact http://<nexus_server>/nexus/content/groups/public//org/apache/maven/maven/2.0.8/maven-2.0.8.pom
downloaded artifact http://<nexus_server>/nexus/content/groups/public//org/apache/maven/maven-parent/6/maven-parent-6.pom
downloaded artifact http://<nexus_server>/nexus/content/groups/public//org/apache/maven/maven-settings/2.0.8/maven-settings-2.0.8.pom
downloaded artifact http://<nexus_server>/nexus/content/groups/public//org/apache/maven/maven-model/2.0.8/maven-model-2.0.8.pom
downloaded artifact http://<nexus_server>/nexus/content/groups/public//org/apache/maven/maven-profile/2.0.8/maven-profile-2.0.8.pom
downloaded artifact http://<nexus_server>/nexus/content/groups/public//org/apache/maven/maven-artifact-manager/2.0.8/maven-artifact-manager-2.0.8.pom
downloaded artifact http://<nexus_server>/nexus/content/groups/public//org/apache/maven/maven-repository-metadata/2.0.8/maven-repository-metadata-2.0.8.pom
downloaded artifact http://<nexus_server>/nexus/content/groups/public//org/apache/maven/maven-artifact/2.0.8/maven-artifact-2.0.8.pom
downloaded artifact http://<nexus_server>/nexus/content/groups/public//org/apache/maven/maven-plugin-registry/2.0.8/maven-plugin-registry-2.0.8.pom
downloaded artifact http://<nexus_server>/nexus/content/groups/public//org/apache/maven/shared/maven-doxia-tools/1.2/maven-doxia-tools-1.2.pom
downloaded artifact http://<nexus_server>/nexus/content/groups/public//org/apache/maven/shared/maven-shared-components/14/maven-shared-components-14.pom
downloaded artifact http://<nexus_server>/nexus/content/groups/public//org/apache/maven/maven-parent/15/maven-parent-15.pom
downloaded artifact http://<nexus_server>/nexus/content/groups/public//org/apache/apache/6/apache-6.pom
downloaded artifact http://<nexus_server>/nexus/content/groups/public//org/apache/maven/shared/maven-shared-jar/1.1/maven-shared-jar-1.1.pom
downloaded artifact http://<nexus_server>/nexus/content/groups/public//org/apache/maven/wagon/wagon-provider-api/1.0-beta-3/wagon-provider-api-1.0-beta-3.pom
downloaded artifact http://<nexus_server>/nexus/content/groups/public//org/apache/maven/wagon/wagon/1.0-beta-3/wagon-1.0-beta-3.pom
downloaded artifact http://<nexus_server>/nexus/content/groups/public//org/apache/maven/wagon/wagon-ssh/1.0-beta-3/wagon-ssh-1.0-beta-3.pom
downloaded artifact http://<nexus_server>/nexus/content/groups/public//org/apache/maven/wagon/wagon-providers/1.0-beta-3/wagon-providers-1.0-beta-3.pom
downloaded artifact http://<nexus_server>/nexus/content/groups/public//com/jcraft/jsch/0.1.38/jsch-0.1.38.pom
downloaded artifact http://<nexus_server>/nexus/content/groups/public//org/apache/maven/wagon/wagon-ssh-common/1.0-beta-3/wagon-ssh-common-1.0-beta-3.pom
downloaded artifact http://<nexus_server>/nexus/content/groups/public//org/apache/maven/wagon/wagon-file/1.0-beta-3/wagon-file-1.0-beta-3.pom
downloaded artifact http://<nexus_server>/nexus/content/groups/public//org/apache/maven/wagon/wagon-http-lightweight/1.0-beta-3/wagon-http-lightweight-1.0-beta-3.pom
downloaded artifact http://<nexus_server>/nexus/content/groups/public//org/apache/maven/wagon/wagon-http-shared/1.0-beta-3/wagon-http-shared-1.0-beta-3.pom
downloaded artifact http://<nexus_server>/nexus/content/groups/public//org/apache/maven/scm/maven-scm-api/1.3/maven-scm-api-1.3.pom
downloaded artifact http://<nexus_server>/nexus/content/groups/public//org/apache/maven/scm/maven-scm/1.3/maven-scm-1.3.pom
downloaded artifact http://<nexus_server>/nexus/content/groups/public//org/apache/maven/scm/maven-scm-manager-plexus/1.3/maven-scm-manager-plexus-1.3.pom
downloaded artifact http://<nexus_server>/nexus/content/groups/public//org/apache/maven/scm/maven-scm-managers/1.3/maven-scm-managers-1.3.pom
downloaded artifact http://<nexus_server>/nexus/content/groups/public//org/apache/maven/scm/maven-scm-provider-hg/1.3/maven-scm-provider-hg-1.3.pom
downloaded artifact http://<nexus_server>/nexus/content/groups/public//org/apache/maven/scm/maven-scm-providers/1.3/maven-scm-providers-1.3.pom
downloaded artifact http://<nexus_server>/nexus/content/groups/public//org/apache/maven/scm/maven-scm-provider-perforce/1.3/maven-scm-provider-perforce-1.3.pom
downloaded artifact http://<nexus_server>/nexus/content/groups/public//org/apache/maven/scm/maven-scm-provider-starteam/1.3/maven-scm-provider-starteam-1.3.pom
downloaded artifact http://<nexus_server>/nexus/content/groups/public//org/apache/maven/scm/maven-scm-provider-svn-commons/1.3/maven-scm-provider-svn-commons-1.3.pom
downloaded artifact http://<nexus_server>/nexus/content/groups/public//org/apache/maven/scm/maven-scm-providers-svn/1.3/maven-scm-providers-svn-1.3.pom
downloaded artifact http://<nexus_server>/nexus/content/groups/public//org/apache/maven/scm/maven-scm-provider-svnexe/1.3/maven-scm-provider-svnexe-1.3.pom
downloaded artifact http://<nexus_server>/nexus/content/groups/public//org/apache/maven/scm/maven-scm-provider-cvs-commons/1.3/maven-scm-provider-cvs-commons-1.3.pom
downloaded artifact http://<nexus_server>/nexus/content/groups/public//org/apache/maven/scm/maven-scm-providers-cvs/1.3/maven-scm-providers-cvs-1.3.pom
downloaded artifact http://<nexus_server>/nexus/content/groups/public//org/apache/maven/scm/maven-scm-provider-cvsexe/1.3/maven-scm-provider-cvsexe-1.3.pom
downloaded artifact http://<nexus_server>/nexus/content/groups/public//org/apache/maven/scm/maven-scm-provider-cvsjava/1.3/maven-scm-provider-cvsjava-1.3.pom
downloaded artifact http://<nexus_server>/nexus/content/groups/public//org/apache/maven/scm/maven-scm-provider-gitexe/1.3/maven-scm-provider-gitexe-1.3.pom
downloaded artifact http://<nexus_server>/nexus/content/groups/public//org/apache/maven/scm/maven-scm-providers-git/1.3/maven-scm-providers-git-1.3.pom
downloaded artifact http://<nexus_server>/nexus/content/groups/public//org/apache/maven/scm/maven-scm-provider-git-commons/1.3/maven-scm-provider-git-commons-1.3.pom
downloaded artifact http://<nexus_server>/nexus/content/groups/public//org/apache/maven/doxia/doxia-core/1.1.2/doxia-core-1.1.2.pom
downloaded artifact http://<nexus_server>/nexus/content/groups/public//org/apache/maven/doxia/doxia/1.1.2/doxia-1.1.2.pom
downloaded artifact http://<nexus_server>/nexus/content/groups/public//org/apache/maven/doxia/doxia-sink-api/1.1.2/doxia-sink-api-1.1.2.pom
downloaded artifact http://<nexus_server>/nexus/content/groups/public//org/apache/maven/doxia/doxia-logging-api/1.1.2/doxia-logging-api-1.1.2.pom
downloaded artifact http://<nexus_server>/nexus/content/groups/public//org/codehaus/plexus/plexus-container-default/1.0-alpha-30/plexus-container-default-1.0-alpha-30.pom
downloaded artifact http://<nexus_server>/nexus/content/groups/public//org/codehaus/plexus/plexus-containers/1.0-alpha-30/plexus-containers-1.0-alpha-30.pom
downloaded artifact http://<nexus_server>/nexus/content/groups/public//org/codehaus/plexus/plexus-utils/1.4.5/plexus-utils-1.4.5.pom
downloaded artifact http://<nexus_server>/nexus/content/groups/public//org/codehaus/plexus/plexus-classworlds/1.2-alpha-9/plexus-classworlds-1.2-alpha-9.pom
downloaded artifact http://<nexus_server>/nexus/content/groups/public//xerces/xercesImpl/2.8.1/xercesImpl-2.8.1.pom
downloaded artifact http://<nexus_server>/nexus/content/groups/public//xml-apis/xml-apis/1.3.03/xml-apis-1.3.03.pom
downloaded artifact http://<nexus_server>/nexus/content/groups/public//org/apache/apache/1/apache-1.pom
downloaded artifact http://<nexus_server>/nexus/content/groups/public//commons-logging/commons-logging/1.0.4/commons-logging-1.0.4.pom
downloaded artifact http://<nexus_server>/nexus/content/groups/public//org/apache/maven/doxia/doxia-module-xhtml/1.1.2/doxia-module-xhtml-1.1.2.pom
downloaded artifact http://<nexus_server>/nexus/content/groups/public//org/apache/maven/doxia/doxia-modules/1.1.2/doxia-modules-1.1.2.pom
downloaded artifact http://<nexus_server>/nexus/content/groups/public//org/apache/maven/doxia/doxia-decoration-model/1.1.2/doxia-decoration-model-1.1.2.pom
downloaded artifact http://<nexus_server>/nexus/content/groups/public//org/apache/maven/doxia/doxia-sitetools/1.1.2/doxia-sitetools-1.1.2.pom
downloaded artifact http://<nexus_server>/nexus/content/groups/public//org/apache/maven/doxia/doxia-site-renderer/1.1.2/doxia-site-renderer-1.1.2.pom
downloaded artifact http://<nexus_server>/nexus/content/groups/public//org/apache/maven/doxia/doxia-module-fml/1.1.2/doxia-module-fml-1.1.2.pom
downloaded artifact http://<nexus_server>/nexus/content/groups/public//org/codehaus/plexus/plexus-i18n/1.0-beta-7/plexus-i18n-1.0-beta-7.pom
downloaded artifact http://<nexus_server>/nexus/content/groups/public//org/codehaus/plexus/plexus-components/1.1.12/plexus-components-1.1.12.pom
downloaded artifact http://<nexus_server>/nexus/content/groups/public//org/codehaus/plexus/plexus-utils/1.4.1/plexus-utils-1.4.1.pom
downloaded artifact http://<nexus_server>/nexus/content/groups/public//org/codehaus/plexus/plexus-velocity/1.1.7/plexus-velocity-1.1.7.pom
downloaded artifact http://<nexus_server>/nexus/content/groups/public//org/apache/velocity/velocity/1.5/velocity-1.5.pom
downloaded artifact http://<nexus_server>/nexus/content/groups/public//commons-collections/commons-collections/3.1/commons-collections-3.1.pom
downloaded artifact http://<nexus_server>/nexus/content/groups/public//commons-lang/commons-lang/2.1/commons-lang-2.1.pom
downloaded artifact http://<nexus_server>/nexus/content/groups/public//oro/oro/2.0.8/oro-2.0.8.pom
downloaded artifact http://<nexus_server>/nexus/content/groups/public//commons-collections/commons-collections/3.2/commons-collections-3.2.pom
downloaded artifact http://<nexus_server>/nexus/content/groups/public//commons-validator/commons-validator/1.2.0/commons-validator-1.2.0.pom
downloaded artifact http://<nexus_server>/nexus/content/groups/public//commons-beanutils/commons-beanutils/1.7.0/commons-beanutils-1.7.0.pom
downloaded artifact http://<nexus_server>/nexus/content/groups/public//commons-logging/commons-logging/1.0.3/commons-logging-1.0.3.pom
downloaded artifact http://<nexus_server>/nexus/content/groups/public//commons-digester/commons-digester/1.6/commons-digester-1.6.pom
downloaded artifact http://<nexus_server>/nexus/content/groups/public//commons-beanutils/commons-beanutils/1.6/commons-beanutils-1.6.pom
downloaded artifact http://<nexus_server>/nexus/content/groups/public//commons-collections/commons-collections/2.0/commons-collections-2.0.pom
downloaded artifact http://<nexus_server>/nexus/content/groups/public//commons-collections/commons-collections/2.1/commons-collections-2.1.pom
downloaded artifact http://<nexus_server>/nexus/content/groups/public//xml-apis/xml-apis/1.0.b2/xml-apis-1.0.b2.pom
downloaded artifact http://<nexus_server>/nexus/content/groups/public//xml-apis/xml-apis/2.0.2/xml-apis-2.0.2.pom
downloaded artifact http://<nexus_server>/nexus/content/groups/public//org/apache/maven/shared/maven-common-artifact-filters/1.2/maven-common-artifact-filters-1.2.pom
downloaded artifact http://<nexus_server>/nexus/content/groups/public//org/apache/maven/shared/maven-shared-components/11/maven-shared-components-11.pom
downloaded artifact http://<nexus_server>/nexus/content/groups/public//org/apache/maven/maven-plugin-api/2.0.8/maven-plugin-api-2.0.8.pom
downloaded artifact http://<nexus_server>/nexus/content/groups/public//org/codehaus/plexus/plexus-utils/1.4.9/plexus-utils-1.4.9.pom
downloaded artifact http://<nexus_server>/nexus/content/groups/public//org/apache/maven/shared/maven-plugin-testing-harness/1.1/maven-plugin-testing-harness-1.1.pom
downloaded artifact http://<nexus_server>/nexus/content/groups/public//org/apache/maven/shared/maven-shared-components/7/maven-shared-components-7.pom
downloaded artifact http://<nexus_server>/nexus/content/groups/public//org/apache/maven/maven-project/2.0/maven-project-2.0.pom
downloaded artifact http://<nexus_server>/nexus/content/groups/public//org/apache/maven/maven/2.0/maven-2.0.pom
downloaded artifact http://<nexus_server>/nexus/content/groups/public//org/apache/maven/maven-profile/2.0/maven-profile-2.0.pom
downloaded artifact http://<nexus_server>/nexus/content/groups/public//org/apache/maven/maven-model/2.0/maven-model-2.0.pom
downloaded artifact http://<nexus_server>/nexus/content/groups/public//org/codehaus/plexus/plexus-container-default/1.0-alpha-8/plexus-container-default-1.0-alpha-8.pom
downloaded artifact http://<nexus_server>/nexus/content/groups/public//org/apache/maven/maven-artifact-manager/2.0/maven-artifact-manager-2.0.pom
downloaded artifact http://<nexus_server>/nexus/content/groups/public//org/apache/maven/maven-repository-metadata/2.0/maven-repository-metadata-2.0.pom
downloaded artifact http://<nexus_server>/nexus/content/groups/public//org/apache/maven/maven-artifact/2.0/maven-artifact-2.0.pom
downloaded artifact http://<nexus_server>/nexus/content/groups/public//org/apache/maven/maven-core/2.0/maven-core-2.0.pom
downloaded artifact http://<nexus_server>/nexus/content/groups/public//org/apache/maven/maven-settings/2.0/maven-settings-2.0.pom
downloaded artifact http://<nexus_server>/nexus/content/groups/public//org/apache/maven/maven-plugin-parameter-documenter/2.0/maven-plugin-parameter-documenter-2.0.pom
downloaded artifact http://<nexus_server>/nexus/content/groups/public//org/apache/maven/reporting/maven-reporting-api/2.0/maven-reporting-api-2.0.pom
downloaded artifact http://<nexus_server>/nexus/content/groups/public//org/apache/maven/reporting/maven-reporting/2.0/maven-reporting-2.0.pom
downloaded artifact http://<nexus_server>/nexus/content/groups/public//doxia/doxia-sink-api/1.0-alpha-4/doxia-sink-api-1.0-alpha-4.pom
downloaded artifact http://<nexus_server>/nexus/content/groups/public//org/apache/maven/maven-error-diagnostics/2.0/maven-error-diagnostics-2.0.pom
downloaded artifact http://<nexus_server>/nexus/content/groups/public//org/apache/maven/maven-plugin-registry/2.0/maven-plugin-registry-2.0.pom
downloaded artifact http://<nexus_server>/nexus/content/groups/public//org/apache/maven/maven-plugin-api/2.0/maven-plugin-api-2.0.pom
downloaded artifact http://<nexus_server>/nexus/content/groups/public//org/apache/maven/maven-plugin-descriptor/2.0/maven-plugin-descriptor-2.0.pom
downloaded artifact http://<nexus_server>/nexus/content/groups/public//org/codehaus/plexus/plexus-interactivity-api/1.0-alpha-4/plexus-interactivity-api-1.0-alpha-4.pom
downloaded artifact http://<nexus_server>/nexus/content/groups/public//org/apache/maven/maven-monitor/2.0/maven-monitor-2.0.pom
downloaded artifact http://<nexus_server>/nexus/content/groups/public//org/codehaus/plexus/plexus-archiver/1.0-alpha-7/plexus-archiver-1.0-alpha-7.pom
downloaded artifact http://<nexus_server>/nexus/content/groups/public//org/codehaus/plexus/plexus-components/1.1.6/plexus-components-1.1.6.pom
downloaded artifact http://<nexus_server>/nexus/content/groups/public//org/codehaus/plexus/plexus/1.0.8/plexus-1.0.8.pom
downloaded artifact http://<nexus_server>/nexus/content/groups/public//org/codehaus/plexus/plexus-utils/1.2/plexus-utils-1.2.pom
downloaded artifact http://<nexus_server>/nexus/content/groups/public//org/codehaus/plexus/plexus/1.0.5/plexus-1.0.5.pom
downloaded artifact http://<nexus_server>/nexus/content/groups/public//org/apache/maven/doxia/doxia-module-xdoc/1.0/doxia-module-xdoc-1.0.pom
downloaded artifact http://<nexus_server>/nexus/content/groups/public//org/apache/maven/doxia/doxia-modules/1.0/doxia-modules-1.0.pom
downloaded artifact http://<nexus_server>/nexus/content/groups/public//org/apache/maven/doxia/doxia/1.0/doxia-1.0.pom
downloaded artifact http://<nexus_server>/nexus/content/groups/public//org/apache/maven/maven-parent/10/maven-parent-10.pom
downloaded artifact http://<nexus_server>/nexus/content/groups/public//org/codehaus/plexus/plexus-utils/1.5.7/plexus-utils-1.5.7.pom
downloaded artifact http://<nexus_server>/nexus/content/groups/public//org/apache/maven/doxia/doxia-core/1.0/doxia-core-1.0.pom
downloaded artifact http://<nexus_server>/nexus/content/groups/public//org/apache/maven/doxia/doxia-sink-api/1.0/doxia-sink-api-1.0.pom
downloaded artifact http://<nexus_server>/nexus/content/groups/public//com/google/guava/guava/r07/guava-r07.pom
downloaded artifact http://<nexus_server>/nexus/content/groups/public//com/google/google/5/google-5.pom
downloaded artifact http://<nexus_server>/nexus/content/groups/public//org/codehaus/gmaven/gmaven-mojo/1.3/gmaven-mojo-1.3.jar
downloaded artifact http://<nexus_server>/nexus/content/groups/public//org/codehaus/gmaven/runtime/gmaven-runtime-api/1.3/gmaven-runtime-api-1.3.jar
downloaded artifact http://<nexus_server>/nexus/content/groups/public//org/codehaus/plexus/plexus-interpolation/1.1/plexus-interpolation-1.1.jar
downloaded artifact http://<nexus_server>/nexus/content/groups/public//sis/build-tools/1.3.0.7/build-tools-1.3.0.7.jar
downloaded artifact http://<nexus_server>/nexus/content/groups/public//org/codehaus/gmaven/runtime/gmaven-runtime-1.7/1.3/gmaven-runtime-1.7-1.3.jar
downloaded artifact http://<nexus_server>/nexus/content/groups/public//org/apache/ant/ant-launcher/1.8.1/ant-launcher-1.8.1.jar
downloaded artifact http://<nexus_server>/nexus/content/groups/public//org/apache/maven/shared/file-management/1.2.1/file-management-1.2.1.jar
downloaded artifact http://<nexus_server>/nexus/content/groups/public//org/apache/ant/ant/1.8.1/ant-1.8.1.jar
downloaded artifact http://<nexus_server>/nexus/content/groups/public//org/apache/maven/maven-archiver/2.4.1/maven-archiver-2.4.1.jar
downloaded artifact http://<nexus_server>/nexus/content/groups/public//junit/junit/3.8.1/junit-3.8.1.jar
downloaded artifact http://<nexus_server>/nexus/content/groups/public//org/apache/maven/shared/maven-shared-io/1.1/maven-shared-io-1.1.jar
downloaded artifact http://<nexus_server>/nexus/content/groups/public//org/apache/maven/release/maven-release-manager/2.1/maven-release-manager-2.1.jar
downloaded artifact http://<nexus_server>/nexus/content/groups/public//org/codehaus/plexus/plexus-interactivity-api/1.0-alpha-6/plexus-interactivity-api-1.0-alpha-6.jar
downloaded artifact http://<nexus_server>/nexus/content/groups/public//org/apache/maven/shared/maven-invoker/2.0.9/maven-invoker-2.0.9.jar
downloaded artifact http://<nexus_server>/nexus/content/groups/public//commons-lang/commons-lang/2.4/commons-lang-2.4.jar
downloaded artifact http://<nexus_server>/nexus/content/groups/public//commons-cli/commons-cli/1.0/commons-cli-1.0.jar
downloaded artifact http://<nexus_server>/nexus/content/groups/public//commons-logging/commons-logging/1.0/commons-logging-1.0.jar
downloaded artifact http://<nexus_server>/nexus/content/groups/public//org/apache/maven/scm/maven-scm-provider-accurev/1.4/maven-scm-provider-accurev-1.4.jar
downloaded artifact http://<nexus_server>/nexus/content/groups/public//org/apache/maven/scm/maven-scm-provider-bazaar/1.4/maven-scm-provider-bazaar-1.4.jar
downloaded artifact http://<nexus_server>/nexus/content/groups/public//org/apache/maven/scm/maven-scm-provider-clearcase/1.4/maven-scm-provider-clearcase-1.4.jar
downloaded artifact http://<nexus_server>/nexus/content/groups/public//org/apache/maven/scm/maven-scm-provider-synergy/1.4/maven-scm-provider-synergy-1.4.jar
downloaded artifact http://<nexus_server>/nexus/content/groups/public//org/apache/maven/scm/maven-scm-provider-vss/1.4/maven-scm-provider-vss-1.4.jar
downloaded artifact http://<nexus_server>/nexus/content/groups/public//org/apache/maven/scm/maven-scm-provider-tfs/1.4/maven-scm-provider-tfs-1.4.jar
downloaded artifact http://<nexus_server>/nexus/content/groups/public//org/apache/maven/scm/maven-scm-manager-plexus/1.4/maven-scm-manager-plexus-1.4.jar
downloaded artifact http://<nexus_server>/nexus/content/groups/public//org/apache/maven/scm/maven-scm-api/1.4/maven-scm-api-1.4.jar
downloaded artifact http://<nexus_server>/nexus/content/groups/public//org/jdom/jdom/1.1/jdom-1.1.jar
downloaded artifact http://<nexus_server>/nexus/content/groups/public//org/apache/maven/scm/maven-scm-provider-svn-commons/1.4/maven-scm-provider-svn-commons-1.4.jar
downloaded artifact http://<nexus_server>/nexus/content/groups/public//jaxen/jaxen/1.1-beta-8/jaxen-1.1-beta-8.jar
downloaded artifact http://<nexus_server>/nexus/content/groups/public//jdom/jdom/1.0/jdom-1.0.jar
downloaded artifact http://<nexus_server>/nexus/content/groups/public//org/apache/maven/reporting/maven-reporting-api/3.0/maven-reporting-api-3.0.jar
downloaded artifact http://<nexus_server>/nexus/content/groups/public//org/apache/maven/plugins/maven-project-info-reports-plugin/2.2/maven-project-info-reports-plugin-2.2.jar
downloaded artifact http://<nexus_server>/nexus/content/groups/public//org/apache/maven/reporting/maven-reporting-impl/2.1/maven-reporting-impl-2.1.jar
downloaded artifact http://<nexus_server>/nexus/content/groups/public//org/codehaus/groovy/groovy-all/1.7.5/groovy-all-1.7.5.jar
downloaded artifact http://<nexus_server>/nexus/content/groups/public//org/codehaus/plexus/plexus-utils/1.5.12/plexus-utils-1.5.12.jar
downloaded artifact http://<nexus_server>/nexus/content/groups/public//org/apache/maven/shared/maven-dependency-tree/1.2/maven-dependency-tree-1.2.jar
downloaded artifact http://<nexus_server>/nexus/content/groups/public//org/apache/maven/wagon/wagon-ssh/1.0-beta-3/wagon-ssh-1.0-beta-3.jar
downloaded artifact http://<nexus_server>/nexus/content/groups/public//org/apache/maven/shared/maven-shared-jar/1.1/maven-shared-jar-1.1.jar
downloaded artifact http://<nexus_server>/nexus/content/groups/public//org/apache/maven/shared/maven-doxia-tools/1.2/maven-doxia-tools-1.2.jar
downloaded artifact http://<nexus_server>/nexus/content/groups/public//com/jcraft/jsch/0.1.38/jsch-0.1.38.jar
downloaded artifact http://<nexus_server>/nexus/content/groups/public//org/apache/maven/wagon/wagon-file/1.0-beta-3/wagon-file-1.0-beta-3.jar
downloaded artifact http://<nexus_server>/nexus/content/groups/public//org/apache/maven/wagon/wagon-http-shared/1.0-beta-3/wagon-http-shared-1.0-beta-3.jar
downloaded artifact http://<nexus_server>/nexus/content/groups/public//org/apache/maven/wagon/wagon-ssh-common/1.0-beta-3/wagon-ssh-common-1.0-beta-3.jar
downloaded artifact http://<nexus_server>/nexus/content/groups/public//org/apache/maven/wagon/wagon-http-lightweight/1.0-beta-3/wagon-http-lightweight-1.0-beta-3.jar
downloaded artifact http://<nexus_server>/nexus/content/groups/public//org/apache/maven/scm/maven-scm-provider-hg/1.3/maven-scm-provider-hg-1.3.jar
downloaded artifact http://<nexus_server>/nexus/content/groups/public//regexp/regexp/1.3/regexp-1.3.jar
downloaded artifact http://<nexus_server>/nexus/content/groups/public//org/apache/maven/scm/maven-scm-provider-svnexe/1.3/maven-scm-provider-svnexe-1.3.jar
downloaded artifact http://<nexus_server>/nexus/content/groups/public//org/apache/maven/scm/maven-scm-provider-starteam/1.3/maven-scm-provider-starteam-1.3.jar
downloaded artifact http://<nexus_server>/nexus/content/groups/public//org/apache/maven/scm/maven-scm-provider-perforce/1.3/maven-scm-provider-perforce-1.3.jar
downloaded artifact http://<nexus_server>/nexus/content/groups/public//org/apache/maven/scm/maven-scm-provider-cvs-commons/1.3/maven-scm-provider-cvs-commons-1.3.jar
downloaded artifact http://<nexus_server>/nexus/content/groups/public//org/apache/maven/scm/maven-scm-provider-cvsexe/1.3/maven-scm-provider-cvsexe-1.3.jar
downloaded artifact http://<nexus_server>/nexus/content/groups/public//org/apache/maven/scm/maven-scm-provider-cvsjava/1.3/maven-scm-provider-cvsjava-1.3.jar
downloaded artifact http://<nexus_server>/nexus/content/groups/public//ch/ethz/ganymed/ganymed-ssh2/build210/ganymed-ssh2-build210.jar
downloaded artifact http://<nexus_server>/nexus/content/groups/public//org/apache/maven/scm/maven-scm-provider-git-commons/1.3/maven-scm-provider-git-commons-1.3.jar
downloaded artifact http://<nexus_server>/nexus/content/groups/public//org/apache/maven/scm/maven-scm-provider-gitexe/1.3/maven-scm-provider-gitexe-1.3.jar
downloaded artifact http://<nexus_server>/nexus/content/groups/public//org/netbeans/lib/cvsclient/20060125/cvsclient-20060125.jar
downloaded artifact http://<nexus_server>/nexus/content/groups/public//org/apache/maven/doxia/doxia-core/1.1.2/doxia-core-1.1.2.jar
downloaded artifact http://<nexus_server>/nexus/content/groups/public//org/apache/maven/doxia/doxia-logging-api/1.1.2/doxia-logging-api-1.1.2.jar
downloaded artifact http://<nexus_server>/nexus/content/groups/public//org/apache/maven/doxia/doxia-module-xhtml/1.1.2/doxia-module-xhtml-1.1.2.jar
downloaded artifact http://<nexus_server>/nexus/content/groups/public//org/apache/maven/doxia/doxia-sink-api/1.1.2/doxia-sink-api-1.1.2.jar
downloaded artifact http://<nexus_server>/nexus/content/groups/public//org/apache/maven/doxia/doxia-decoration-model/1.1.2/doxia-decoration-model-1.1.2.jar
downloaded artifact http://<nexus_server>/nexus/content/groups/public//org/apache/maven/doxia/doxia-site-renderer/1.1.2/doxia-site-renderer-1.1.2.jar
downloaded artifact http://<nexus_server>/nexus/content/groups/public//org/apache/maven/doxia/doxia-module-fml/1.1.2/doxia-module-fml-1.1.2.jar
downloaded artifact http://<nexus_server>/nexus/content/groups/public//org/codehaus/plexus/plexus-velocity/1.1.7/plexus-velocity-1.1.7.jar
downloaded artifact http://<nexus_server>/nexus/content/groups/public//xerces/xercesImpl/2.8.1/xercesImpl-2.8.1.jar
downloaded artifact http://<nexus_server>/nexus/content/groups/public//org/codehaus/plexus/plexus-i18n/1.0-beta-7/plexus-i18n-1.0-beta-7.jar
downloaded artifact http://<nexus_server>/nexus/content/groups/public//commons-validator/commons-validator/1.2.0/commons-validator-1.2.0.jar
downloaded artifact http://<nexus_server>/nexus/content/groups/public//commons-beanutils/commons-beanutils/1.7.0/commons-beanutils-1.7.0.jar
downloaded artifact http://<nexus_server>/nexus/content/groups/public//org/apache/velocity/velocity/1.5/velocity-1.5.jar
downloaded artifact http://<nexus_server>/nexus/content/groups/public//commons-collections/commons-collections/3.2/commons-collections-3.2.jar
downloaded artifact http://<nexus_server>/nexus/content/groups/public//commons-digester/commons-digester/1.6/commons-digester-1.6.jar
downloaded artifact http://<nexus_server>/nexus/content/groups/public//oro/oro/2.0.8/oro-2.0.8.jar
downloaded artifact http://<nexus_server>/nexus/content/groups/public//xml-apis/xml-apis/1.0.b2/xml-apis-1.0.b2.jar
downloaded artifact http://<nexus_server>/nexus/content/groups/public//org/apache/maven/shared/maven-common-artifact-filters/1.2/maven-common-artifact-filters-1.2.jar
downloaded artifact http://<nexus_server>/nexus/content/groups/public//org/apache/maven/shared/maven-plugin-testing-harness/1.1/maven-plugin-testing-harness-1.1.jar
downloaded artifact http://<nexus_server>/nexus/content/groups/public//org/apache/maven/doxia/doxia-module-xdoc/1.0/doxia-module-xdoc-1.0.jar
downloaded artifact http://<nexus_server>/nexus/content/groups/public//org/codehaus/plexus/plexus-archiver/1.0-alpha-7/plexus-archiver-1.0-alpha-7.jar
downloaded artifact http://<nexus_server>/nexus/content/groups/public//com/google/guava/guava/r07/guava-r07.jar
downloaded artifact http://<nexus_server>/nexus/content/groups/public//org/codehaus/mojo/nbm-maven-plugin/3.4/nbm-maven-plugin-3.4.pom
downloaded artifact http://<nexus_server>/nexus/content/groups/public//org/codehaus/mojo/mojo-parent/27/mojo-parent-27.pom
downloaded artifact http://<nexus_server>/nexus/content/groups/public//org/codehaus/codehaus-parent/3/codehaus-parent-3.pom
downloaded artifact http://<nexus_server>/nexus/content/groups/public//org/apache/maven/maven-artifact/2.0.6/maven-artifact-2.0.6.pom
downloaded artifact http://<nexus_server>/nexus/content/groups/public//org/apache/ant/ant/1.8.0/ant-1.8.0.pom
downloaded artifact http://<nexus_server>/nexus/content/groups/public//org/apache/ant/ant-parent/1.8.0/ant-parent-1.8.0.pom
downloaded artifact http://<nexus_server>/nexus/content/groups/public//org/apache/ant/ant-launcher/1.8.0/ant-launcher-1.8.0.pom
downloaded artifact http://<nexus_server>/nexus/content/groups/public//org/apache/maven/maven-project/2.0.6/maven-project-2.0.6.pom
downloaded artifact http://<nexus_server>/nexus/content/groups/public//org/apache/maven/maven-settings/2.0.6/maven-settings-2.0.6.pom
downloaded artifact http://<nexus_server>/nexus/content/groups/public//org/apache/maven/maven-model/2.0.6/maven-model-2.0.6.pom
downloaded artifact http://<nexus_server>/nexus/content/groups/public//junit/junit/3.8.2/junit-3.8.2.pom
downloaded artifact http://<nexus_server>/nexus/content/groups/public//org/apache/maven/maven-profile/2.0.6/maven-profile-2.0.6.pom
downloaded artifact http://<nexus_server>/nexus/content/groups/public//org/apache/maven/maven-artifact-manager/2.0.6/maven-artifact-manager-2.0.6.pom
downloaded artifact http://<nexus_server>/nexus/content/groups/public//org/apache/maven/maven-repository-metadata/2.0.6/maven-repository-metadata-2.0.6.pom
downloaded artifact http://<nexus_server>/nexus/content/groups/public//org/apache/maven/maven-plugin-registry/2.0.6/maven-plugin-registry-2.0.6.pom
downloaded artifact http://<nexus_server>/nexus/content/groups/public//org/codehaus/plexus/plexus-utils/1.5.15/plexus-utils-1.5.15.pom
downloaded artifact http://<nexus_server>/nexus/content/groups/public//org/codehaus/plexus/plexus-archiver/1.0-alpha-10/plexus-archiver-1.0-alpha-10.pom
downloaded artifact http://<nexus_server>/nexus/content/groups/public//org/codehaus/plexus/plexus-container-default/1.0-alpha-15/plexus-container-default-1.0-alpha-15.pom
downloaded artifact http://<nexus_server>/nexus/content/groups/public//org/codehaus/plexus/plexus-containers/1.0-alpha-15/plexus-containers-1.0-alpha-15.pom
downloaded artifact http://<nexus_server>/nexus/content/groups/public//org/codehaus/plexus/plexus-utils/1.3/plexus-utils-1.3.pom
downloaded artifact http://<nexus_server>/nexus/content/groups/public//org/codehaus/plexus/plexus-classworlds/1.2-alpha-6/plexus-classworlds-1.2-alpha-6.pom
downloaded artifact http://<nexus_server>/nexus/content/groups/public//org/codehaus/plexus/plexus-io/1.0-alpha-2/plexus-io-1.0-alpha-2.pom
downloaded artifact http://<nexus_server>/nexus/content/groups/public//org/apache/lucene/lucene-core/2.3.2/lucene-core-2.3.2.pom
downloaded artifact http://<nexus_server>/nexus/content/groups/public//org/apache/lucene/lucene-parent/2.3.2/lucene-parent-2.3.2.pom
downloaded artifact http://<nexus_server>/nexus/content/groups/public//org/apache/maven/shared/maven-dependency-analyzer/1.0/maven-dependency-analyzer-1.0.pom
downloaded artifact http://<nexus_server>/nexus/content/groups/public//asm/asm/3.0/asm-3.0.pom
downloaded artifact http://<nexus_server>/nexus/content/groups/public//asm/asm-parent/3.0/asm-parent-3.0.pom
downloaded artifact http://<nexus_server>/nexus/content/groups/public//org/apache/maven/maven-project/2.0.5/maven-project-2.0.5.pom
downloaded artifact http://<nexus_server>/nexus/content/groups/public//org/apache/maven/maven/2.0.5/maven-2.0.5.pom
downloaded artifact http://<nexus_server>/nexus/content/groups/public//org/apache/maven/maven-settings/2.0.5/maven-settings-2.0.5.pom
downloaded artifact http://<nexus_server>/nexus/content/groups/public//org/apache/maven/maven-model/2.0.5/maven-model-2.0.5.pom
downloaded artifact http://<nexus_server>/nexus/content/groups/public//org/apache/maven/maven-profile/2.0.5/maven-profile-2.0.5.pom
downloaded artifact http://<nexus_server>/nexus/content/groups/public//org/apache/maven/maven-artifact-manager/2.0.5/maven-artifact-manager-2.0.5.pom
downloaded artifact http://<nexus_server>/nexus/content/groups/public//org/apache/maven/maven-repository-metadata/2.0.5/maven-repository-metadata-2.0.5.pom
downloaded artifact http://<nexus_server>/nexus/content/groups/public//org/apache/maven/maven-artifact/2.0.5/maven-artifact-2.0.5.pom
downloaded artifact http://<nexus_server>/nexus/content/groups/public//org/apache/maven/shared/maven-filtering/1.0-beta-3/maven-filtering-1.0-beta-3.pom
downloaded artifact http://<nexus_server>/nexus/content/groups/public//org/apache/maven/maven-core/2.0.6/maven-core-2.0.6.pom
downloaded artifact http://<nexus_server>/nexus/content/groups/public//org/apache/maven/maven-plugin-parameter-documenter/2.0.6/maven-plugin-parameter-documenter-2.0.6.pom
downloaded artifact http://<nexus_server>/nexus/content/groups/public//org/apache/maven/reporting/maven-reporting-api/2.0.6/maven-reporting-api-2.0.6.pom
downloaded artifact http://<nexus_server>/nexus/content/groups/public//org/apache/maven/reporting/maven-reporting/2.0.6/maven-reporting-2.0.6.pom
downloaded artifact http://<nexus_server>/nexus/content/groups/public//org/apache/maven/doxia/doxia-sink-api/1.0-alpha-7/doxia-sink-api-1.0-alpha-7.pom
downloaded artifact http://<nexus_server>/nexus/content/groups/public//org/apache/maven/doxia/doxia/1.0-alpha-7/doxia-1.0-alpha-7.pom
downloaded artifact http://<nexus_server>/nexus/content/groups/public//org/apache/maven/maven-error-diagnostics/2.0.6/maven-error-diagnostics-2.0.6.pom
downloaded artifact http://<nexus_server>/nexus/content/groups/public//org/apache/maven/maven-plugin-descriptor/2.0.6/maven-plugin-descriptor-2.0.6.pom
downloaded artifact http://<nexus_server>/nexus/content/groups/public//org/apache/maven/maven-monitor/2.0.6/maven-monitor-2.0.6.pom
downloaded artifact http://<nexus_server>/nexus/content/groups/public//classworlds/classworlds/1.1/classworlds-1.1.pom
downloaded artifact http://<nexus_server>/nexus/content/groups/public//org/codehaus/plexus/plexus-interpolation/1.12/plexus-interpolation-1.12.pom
downloaded artifact http://<nexus_server>/nexus/content/groups/public//org/codehaus/plexus/plexus-components/1.1.14/plexus-components-1.1.14.pom
downloaded artifact http://<nexus_server>/nexus/content/groups/public//org/sonatype/plexus/plexus-build-api/0.0.4/plexus-build-api-0.0.4.pom
downloaded artifact http://<nexus_server>/nexus/content/groups/public//org/sonatype/spice/spice-parent/10/spice-parent-10.pom
downloaded artifact http://<nexus_server>/nexus/content/groups/public//org/sonatype/forge/forge-parent/3/forge-parent-3.pom
downloaded artifact http://<nexus_server>/nexus/content/groups/public//org/codehaus/plexus/plexus-utils/1.5.8/plexus-utils-1.5.8.pom
downloaded artifact http://<nexus_server>/nexus/content/groups/public//javax/help/javahelp/2.0.05/javahelp-2.0.05.pom
downloaded artifact http://<nexus_server>/nexus/content/groups/public//org/apache/ant/ant-launcher/1.8.0/ant-launcher-1.8.0.jar
downloaded artifact http://<nexus_server>/nexus/content/groups/public//org/codehaus/plexus/plexus-archiver/1.0-alpha-10/plexus-archiver-1.0-alpha-10.jar
downloaded artifact http://<nexus_server>/nexus/content/groups/public//org/codehaus/plexus/plexus-utils/1.5.15/plexus-utils-1.5.15.jar
downloaded artifact http://<nexus_server>/nexus/content/groups/public//org/codehaus/plexus/plexus-io/1.0-alpha-2/plexus-io-1.0-alpha-2.jar
downloaded artifact http://<nexus_server>/nexus/content/groups/public//org/apache/maven/shared/maven-dependency-analyzer/1.0/maven-dependency-analyzer-1.0.jar
downloaded artifact http://<nexus_server>/nexus/content/groups/public//asm/asm/3.0/asm-3.0.jar
downloaded artifact http://<nexus_server>/nexus/content/groups/public//org/apache/ant/ant/1.8.0/ant-1.8.0.jar
downloaded artifact http://<nexus_server>/nexus/content/groups/public//org/apache/lucene/lucene-core/2.3.2/lucene-core-2.3.2.jar
downloaded artifact http://<nexus_server>/nexus/content/groups/public//org/codehaus/mojo/nbm-maven-plugin/3.4/nbm-maven-plugin-3.4.jar
downloaded artifact http://<nexus_server>/nexus/content/groups/public//org/apache/maven/shared/maven-filtering/1.0-beta-3/maven-filtering-1.0-beta-3.jar
downloaded artifact http://<nexus_server>/nexus/content/groups/public//org/sonatype/plexus/plexus-build-api/0.0.4/plexus-build-api-0.0.4.jar
downloaded artifact http://<nexus_server>/nexus/content/groups/public//org/apache/maven/doxia/doxia-sink-api/1.0-alpha-7/doxia-sink-api-1.0-alpha-7.jar
downloaded artifact http://<nexus_server>/nexus/content/groups/public//org/apache/maven/reporting/maven-reporting-api/2.0.6/maven-reporting-api-2.0.6.jar
downloaded artifact http://<nexus_server>/nexus/content/groups/public//org/codehaus/plexus/plexus-interpolation/1.12/plexus-interpolation-1.12.jar
downloaded artifact http://<nexus_server>/nexus/content/groups/public//org/codehaus/plexus/plexus-interactivity-api/1.0-alpha-4/plexus-interactivity-api-1.0-alpha-4.jar
downloaded artifact http://<nexus_server>/nexus/content/groups/public//javax/help/javahelp/2.0.05/javahelp-2.0.05.jar
Discovered <group>:<artifactid>:1.2.0.0-SNAPSHOT at /home/builder/hudson/slave_dir/workspace/dryad/<project_folder>
Discovered <group>:<artifactid>:1.2.0.0-SNAPSHOT at /home/builder/hudson/slave_dir/workspace/dryad/<project_folder>
Discovered <group>:<artifactid>:1.3.0.0-SNAPSHOT at /home/builder/hudson/slave_dir/workspace/dryad/<project_folder>
Discovered <group>:<artifactid>:1.0.0.0-SNAPSHOT at /home/builder/hudson/slave_dir/workspace/dryad/<project_folder>
Discovered <group>:<artifactid>:1.2.0.0-SNAPSHOT at /home/builder/hudson/slave_dir/workspace/dryad/<project_folder>
Discovered <group>:<artifactid>:1.2.0.0-SNAPSHOT at /home/builder/hudson/slave_dir/workspace/dryad/<project_folder>
Discovered <group>:<artifactid>:1.3.0.0-SNAPSHOT at /home/builder/hudson/slave_dir/workspace/dryad/<project_folder>
Discovered <group>:<artifactid>:1.2.0.0-SNAPSHOT at /home/builder/hudson/slave_dir/workspace/dryad/<project_folder>
Discovered <group>:<artifactid>:1.2.0.0-SNAPSHOT at /home/builder/hudson/slave_dir/workspace/dryad/<project_folder>
Discovered <group>:<artifactid>:1.2.0.0-SNAPSHOT at /home/builder/hudson/slave_dir/workspace/dryad/<project_folder>
Discovered <group>:<artifactid>:1.3.0.0-SNAPSHOT at /home/builder/hudson/slave_dir/workspace/dryad/<project_folder>
Discovered <group>:<artifactid>:1.4.0.0-SNAPSHOT at /home/builder/hudson/slave_dir/workspace/dryad/<project_folder>
Discovered <group>:<artifactid>:1.3.0.0-SNAPSHOT at /home/builder/hudson/slave_dir/workspace/dryad/<project_folder>
Discovered <group>:<artifactid>:1.2.0.0-SNAPSHOT at /home/builder/hudson/slave_dir/workspace/dryad/<project_folder>
Discovered <group>:<artifactid>:1.2.0.0-SNAPSHOT at /home/builder/hudson/slave_dir/workspace/dryad/<project_folder>
Discovered <group>:<artifactid>:1.2.0.0-SNAPSHOT at /home/builder/hudson/slave_dir/workspace/dryad/<project_folder>
Discovered <group>:<artifactid>:1.2.0.0-SNAPSHOT at /home/builder/hudson/slave_dir/workspace/dryad/<project_folder>
Discovered <group>:<artifactid>:1.2.0.0-SNAPSHOT at /home/builder/hudson/slave_dir/workspace/dryad/<project_folder>
Discovered <group>:<artifactid>:1.2.0.0-SNAPSHOT at /home/builder/hudson/slave_dir/workspace/dryad/<project_folder>
Discovered <group>:<artifactid>:1.2.0.0-SNAPSHOT at /home/builder/hudson/slave_dir/workspace/dryad/<project_folder>
Discovered <group>:<artifactid>:2.3.0.0-SNAPSHOT at /home/builder/hudson/slave_dir/workspace/dryad/<project_folder>
Discovered <group>:<artifactid>:1.5.0.0-SNAPSHOT at /home/builder/hudson/slave_dir/workspace/dryad
Discovered <group>:<artifactid>:1.2.0.0-SNAPSHOT at /home/builder/hudson/slave_dir/workspace/dryad/<project_folder>
Discovered <group>:<artifactid>:1.3.0.0-SNAPSHOT at /home/builder/hudson/slave_dir/workspace/dryad/<project_folder>
Discovered <group>:<artifactid>:1.2.0.0-SNAPSHOT at /home/builder/hudson/slave_dir/workspace/dryad/<project_folder>
Discovered <group>:<artifactid>:1.3.0.0-SNAPSHOT at /home/builder/hudson/slave_dir/workspace/dryad/<project_folder>
Discovered <group>:<artifactid>:1.2.0.0-SNAPSHOT at /home/builder/hudson/slave_dir/workspace/dryad/<project_folder>
Discovered <group>:<artifactid>:1.2.0.0-SNAPSHOT at /home/builder/hudson/slave_dir/workspace/dryad/<project_folder>
Discovered <group>:<artifactid>:1.5.0.0-SNAPSHOT at /home/builder/hudson/slave_dir/workspace/dryad/<project_folder>
Discovered <group>:<artifactid>:1.3.0.0-SNAPSHOT at /home/builder/hudson/slave_dir/workspace/dryad/<project_folder>
Discovered <group>:<artifactid>:1.2.0.0-SNAPSHOT at /home/builder/hudson/slave_dir/workspace/dryad/<project_folder>
Discovered <group>:<artifactid>:1.3.0.0-SNAPSHOT at /home/builder/hudson/slave_dir/workspace/dryad/<project_folder>
Discovered <group>:<artifactid>:1.4.0.0-SNAPSHOT at /home/builder/hudson/slave_dir/workspace/dryad/<project_folder>
Discovered <group>:<artifactid>:1.5.0.0-SNAPSHOT at /home/builder/hudson/slave_dir/workspace/dryad/<project_folder>
Discovered <group>:<artifactid>:1.0.0.0-SNAPSHOT at /home/builder/hudson/slave_dir/workspace/dryad/<project_folder>
Discovered <group>:<artifactid>:1.5.0.0-SNAPSHOT at /home/builder/hudson/slave_dir/workspace/dryad/<project_folder>
Discovered <group>:<artifactid>:1.3.0.0-SNAPSHOT at /home/builder/hudson/slave_dir/workspace/dryad/<project_folder>
Discovered <group>:<artifactid>:1.2.0.0-SNAPSHOT at /home/builder/hudson/slave_dir/workspace/dryad/<project_folder>
Discovered <group>:<artifactid>:1.5.0.0-SNAPSHOT at /home/builder/hudson/slave_dir/workspace/dryad/<project_folder>
Discovered <group>:<artifactid>:1.2.0.0-SNAPSHOT at /home/builder/hudson/slave_dir/workspace/dryad/<project_folder>
Discovered <group>:<artifactid>:1.5.0.0-SNAPSHOT at /home/builder/hudson/slave_dir/workspace/dryad/<project_folder>
Discovered <group>:<artifactid>:1.0-SNAPSHOT at /home/builder/hudson/slave_dir/workspace/dryad/<project_folder>
Discovered <group>:<artifactid>:1.5.0.0-SNAPSHOT at /home/builder/hudson/slave_dir/workspace/dryad/<project_folder>
Discovered <group>:<artifactid>:1.2.0.0-SNAPSHOT at /home/builder/hudson/slave_dir/workspace/dryad/<project_folder>
Discovered <group>:<artifactid>:1.5.0.0-SNAPSHOT at /home/builder/hudson/slave_dir/workspace/dryad/<project_folder>
Discovered <group>:<artifactid>:1.2.0.0-SNAPSHOT at /home/builder/hudson/slave_dir/workspace/dryad/<project_folder>
Discovered <group>:<artifactid>:1.3.0.0-SNAPSHOT at /home/builder/hudson/slave_dir/workspace/dryad/<project_folder>
Discovered <group>:<artifactid>:1.2-SNAPSHOT at /home/builder/hudson/slave_dir/workspace/dryad/<project_folder>
Discovered <group>:<artifactid>:1.5.0.0-SNAPSHOT at /home/builder/hudson/slave_dir/workspace/dryad/<project_folder>
Discovered <group>:<artifactid>:1.5.0.0-SNAPSHOT at /home/builder/hudson/slave_dir/workspace/dryad/<project_folder>
Discovered <group>:<artifactid>:1.3.0.0-SNAPSHOT at /home/builder/hudson/slave_dir/workspace/dryad/<project_folder>
Discovered <group>:<artifactid>:1.2.0.0-SNAPSHOT at /home/builder/hudson/slave_dir/workspace/dryad/<project_folder>
Discovered <group>:<artifactid>:1.3.0.0-SNAPSHOT at /home/builder/hudson/slave_dir/workspace/dryad/<project_folder>
Discovered <group>:<artifactid>:1.5.0.0-SNAPSHOT at /home/builder/hudson/slave_dir/workspace/dryad/<project_folder>
Discovered <group>:<artifactid>:1.5.0.0-SNAPSHOT at /home/builder/hudson/slave_dir/workspace/dryad/<project_folder>
Discovered <group>:<artifactid>:1.2.0.0-SNAPSHOT at /home/builder/hudson/slave_dir/workspace/dryad/<project_folder>
Discovered <group>:<artifactid>:1.3.0.0-SNAPSHOT at /home/builder/hudson/slave_dir/workspace/dryad/<project_folder>
Discovered <group>:<artifactid>:1.3.0.0-SNAPSHOT at /home/builder/hudson/slave_dir/workspace/dryad/<project_folder>
Discovered <group>:<artifactid>:1.5.0.0-SNAPSHOT at /home/builder/hudson/slave_dir/workspace/dryad/<project_folder>
Discovered <group>:<artifactid>:1.5.0.0-SNAPSHOT at /home/builder/hudson/slave_dir/workspace/dryad/<project_folder>
Discovered <group>:<artifactid>:1.2.0.0-SNAPSHOT at /home/builder/hudson/slave_dir/workspace/dryad/<project_folder>
Discovered <group>:<artifactid>:1.5.0.0-SNAPSHOT at /home/builder/hudson/slave_dir/workspace/dryad/<project_folder>
Discovered <group>:<artifactid>:1.2.0.0-SNAPSHOT at /home/builder/hudson/slave_dir/workspace/dryad/<project_folder>
Discovered <group>:<artifactid>:1.3.0.0-SNAPSHOT at /home/builder/hudson/slave_dir/workspace/dryad/<project_folder>
Discovered <group>:<artifactid>:1.2.0.0-SNAPSHOT at /home/builder/hudson/slave_dir/workspace/dryad/<project_folder>
Discovered <group>:<artifactid>:1.3.0.0-SNAPSHOT at /home/builder/hudson/slave_dir/workspace/dryad/<project_folder>
Discovered <group>:<artifactid>:1.0.0.0-SNAPSHOT at /home/builder/hudson/slave_dir/workspace/dryad/<project_folder>
Discovered <group>:<artifactid>:1.0.0.0-SNAPSHOT at /home/builder/hudson/slave_dir/workspace/dryad/<project_folder>
Discovered <group>:<artifactid>:1.3.0.0-SNAPSHOT at /home/builder/hudson/slave_dir/workspace/dryad/<project_folder>
Discovered <group>:<artifactid>:1.3.0.0-SNAPSHOT at /home/builder/hudson/slave_dir/workspace/dryad/<project_folder>
Discovered <group>:<artifactid>:1.2.0.0-SNAPSHOT at /home/builder/hudson/slave_dir/workspace/dryad/<project_folder>
Discovered <group>:<artifactid>:1.3.0.0-SNAPSHOT at /home/builder/hudson/slave_dir/workspace/dryad/<project_folder>
Discovered <group>:<artifactid>:1.3.0.0-SNAPSHOT at /home/builder/hudson/slave_dir/workspace/dryad/<project_folder>
Discovered <group>:<artifactid>:1.2.0.0-SNAPSHOT at /home/builder/hudson/slave_dir/workspace/dryad/<project_folder>
Discovered <group>:<artifactid>:1.2.0.0-SNAPSHOT at /home/builder/hudson/slave_dir/workspace/dryad/<project_folder>
Discovered <group>:<artifactid>:1.2.0.0-SNAPSHOT at /home/builder/hudson/slave_dir/workspace/dryad/<project_folder>
Discovered <group>:<artifactid>:1.1.0.0-SNAPSHOT at /home/builder/hudson/slave_dir/workspace/dryad/<project_folder>
Discovered <group>:<artifactid>:1.2.0.0-SNAPSHOT at /home/builder/hudson/slave_dir/workspace/dryad/<project_folder>
Discovered <group>:<artifactid>:1.1.0.0-SNAPSHOT at /home/builder/hudson/slave_dir/workspace/dryad/<project_folder>
Discovered <group>:<artifactid>:1.3.0.0-SNAPSHOT at /home/builder/hudson/slave_dir/workspace/dryad/<project_folder>
Discovered <group>:<artifactid>:1.3.0.0-SNAPSHOT at /home/builder/hudson/slave_dir/workspace/dryad/<project_folder>
Discovered <group>:<artifactid>:1.5.0.0-SNAPSHOT at /home/builder/hudson/slave_dir/workspace/dryad/<project_folder>
Discovered <group>:<artifactid>:1.5.0.0-SNAPSHOT at /home/builder/hudson/slave_dir/workspace/dryad/<project_folder>
Discovered <group>:<artifactid>:1.0.0.0-SNAPSHOT at /home/builder/hudson/slave_dir/workspace/dryad/<project_folder>
Discovered <group>:<artifactid>:1.2.0.0-SNAPSHOT at /home/builder/hudson/slave_dir/workspace/dryad/<project_folder>
Discovered <group>:<artifactid>:1.3.0.0-SNAPSHOT at /home/builder/hudson/slave_dir/workspace/dryad/<project_folder>
Discovered <group>:<artifactid>:1.3.0.0-SNAPSHOT at /home/builder/hudson/slave_dir/workspace/dryad/<project_folder>
Discovered <group>:<artifactid>:1.3.0.0-SNAPSHOT at /home/builder/hudson/slave_dir/workspace/dryad/<project_folder>
Discovered <group>:<artifactid>:1.2.0.0-SNAPSHOT at /home/builder/hudson/slave_dir/workspace/dryad/<project_folder>
Discovered <group>:<artifactid>:1.3.0.0-SNAPSHOT at /home/builder/hudson/slave_dir/workspace/dryad/<project_folder>
Discovered <group>:<artifactid>:1.2.0.0-SNAPSHOT at /home/builder/hudson/slave_dir/workspace/dryad/<project_folder>
Discovered <group>:<artifactid>:1.5.0.0-SNAPSHOT at /home/builder/hudson/slave_dir/workspace/dryad/<project_folder>
Discovered <group>:<artifactid>:1.3.0.0-SNAPSHOT at /home/builder/hudson/slave_dir/workspace/dryad/<project_folder>
Discovered <group>:<artifactid>:1.3.0.0-SNAPSHOT at /home/builder/hudson/slave_dir/workspace/dryad/<project_folder>
Discovered <group>:<artifactid>:1.5.0.0-SNAPSHOT at /home/builder/hudson/slave_dir/workspace/dryad/<project_folder>
Discovered <group>:<artifactid>:1.3.0.0-SNAPSHOT at /home/builder/hudson/slave_dir/workspace/dryad/<project_folder>
Discovered <group>:<artifactid>:1.5.0.0-SNAPSHOT at /home/builder/hudson/slave_dir/workspace/dryad/<project_folder>
Discovered <group>:<artifactid>:1.5.0.0-SNAPSHOT at /home/builder/hudson/slave_dir/workspace/dryad/<project_folder>
Discovered <group>:<artifactid>:1.2.0.0-SNAPSHOT at /home/builder/hudson/slave_dir/workspace/dryad/<project_folder>
Discovered <group>:<artifactid>:1.2.0.0-SNAPSHOT at /home/builder/hudson/slave_dir/workspace/dryad/<project_folder>
Discovered <group>:<artifactid>:1.2.0.0-SNAPSHOT at /home/builder/hudson/slave_dir/workspace/dryad/<project_folder>
Discovered <group>:<artifactid>:1.1.0.0-SNAPSHOT at /home/builder/hudson/slave_dir/workspace/dryad/<project_folder>
Discovered <group>:<artifactid>:1.3.0.0-SNAPSHOT at /home/builder/hudson/slave_dir/workspace/dryad/<project_folder>
Discovered <group>:<artifactid>:1.5.0.0-SNAPSHOT at /home/builder/hudson/slave_dir/workspace/dryad/<project_folder>
Discovered <group>:<artifactid>:1.3.0.0-SNAPSHOT at /home/builder/hudson/slave_dir/workspace/dryad/<project_folder>
Discovered <group>:<artifactid>:1.5.0.0-SNAPSHOT at /home/builder/hudson/slave_dir/workspace/dryad/<project_folder>
Discovered <group>:<artifactid>:1.1.0.0-SNAPSHOT at /home/builder/hudson/slave_dir/workspace/dryad/<project_folder>
Discovered <group>:<artifactid>:1.5.0.0-SNAPSHOT at /home/builder/hudson/slave_dir/workspace/dryad/<project_folder>
Discovered <group>:<artifactid>:1.5.0.0-SNAPSHOT at /home/builder/hudson/slave_dir/workspace/dryad/<project_folder>
Discovered <group>:<artifactid>:1.2.0.0-SNAPSHOT at /home/builder/hudson/slave_dir/workspace/dryad/<project_folder>
Discovered <group>:<artifactid>:1.2.0.0-SNAPSHOT at /home/builder/hudson/slave_dir/workspace/dryad/<project_folder>
Discovered <group>:<artifactid>:1.2.0.0-SNAPSHOT at /home/builder/hudson/slave_dir/workspace/dryad/<project_folder>
Discovered <group>:<artifactid>:1.2.0.0-SNAPSHOT at /home/builder/hudson/slave_dir/workspace/dryad/<project_folder>
Discovered <group>:<artifactid>:1.5.0.0-SNAPSHOT at /home/builder/hudson/slave_dir/workspace/dryad/<project_folder>
Discovered <group>:<artifactid>:1.3.0.0-SNAPSHOT at /home/builder/hudson/slave_dir/workspace/dryad/<project_folder>
Discovered <group>:<artifactid>:1.2.0.0-SNAPSHOT at /home/builder/hudson/slave_dir/workspace/dryad/<project_folder>
Discovered <group>:<artifactid>:1.2.0.0-SNAPSHOT at /home/builder/hudson/slave_dir/workspace/dryad/<project_folder>
Discovered <group>:<artifactid>:1.5.0.0-SNAPSHOT at /home/builder/hudson/slave_dir/workspace/dryad/<project_folder>
Discovered <group>:<artifactid>:1.3.0.0-SNAPSHOT at /home/builder/hudson/slave_dir/workspace/dryad/<project_folder>
Discovered <group>:<artifactid>:1.2.0.0-SNAPSHOT at /home/builder/hudson/slave_dir/workspace/dryad/<project_folder>
Discovered <group>:<artifactid>:1.3.0.0-SNAPSHOT at /home/builder/hudson/slave_dir/workspace/dryad/<project_folder>
Discovered <group>:<artifactid>:1.4.0.0-SNAPSHOT at /home/builder/hudson/slave_dir/workspace/dryad/<project_folder>
Discovered <group>:<artifactid>:1.3.0.0-SNAPSHOT at /home/builder/hudson/slave_dir/workspace/dryad/<project_folder>
Discovered <group>:<artifactid>:1.5.0.0-SNAPSHOT at /home/builder/hudson/slave_dir/workspace/dryad/<project_folder>
Discovered <group>:<artifactid>:1.3.0.0-SNAPSHOT at /home/builder/hudson/slave_dir/workspace/dryad/<project_folder>
Discovered <group>:<artifactid>:1.1.0.0-SNAPSHOT at /home/builder/hudson/slave_dir/workspace/dryad/<project_folder>
Discovered <group>:<artifactid>:2.4.0.0-SNAPSHOT at /home/builder/hudson/slave_dir/workspace/dryad/<project_folder>
Discovered <group>:<artifactid>:1.5.0.0-SNAPSHOT at /home/builder/hudson/slave_dir/workspace/dryad/<project_folder>
Discovered <group>:<artifactid>:1.5.0.0-SNAPSHOT at /home/builder/hudson/slave_dir/workspace/dryad/<project_folder>
Discovered <group>:<artifactid>:1.2.0.0-SNAPSHOT at /home/builder/hudson/slave_dir/workspace/dryad/<project_folder>
Discovered <group>:<artifactid>:1.2.0.0-SNAPSHOT at /home/builder/hudson/slave_dir/workspace/dryad/<project_folder>
Discovered <group>:<artifactid>:1.3.0.0-SNAPSHOT at /home/builder/hudson/slave_dir/workspace/dryad/<project_folder>
Discovered <group>:<artifactid>:1.0.0.0-SNAPSHOT at /home/builder/hudson/slave_dir/workspace/dryad/<project_folder>
Discovered <group>:<artifactid>:1.5.0.0-SNAPSHOT at /home/builder/hudson/slave_dir/workspace/dryad/<project_folder>
Discovered <group>:<artifactid>:1.2.0.0-SNAPSHOT at /home/builder/hudson/slave_dir/workspace/dryad/<project_folder>
Discovered <group>:<artifactid>:1.2.0.0-SNAPSHOT at /home/builder/hudson/slave_dir/workspace/dryad/<project_folder>
Discovered <group>:<artifactid>:1.5.0.0-SNAPSHOT at /home/builder/hudson/slave_dir/workspace/dryad/<project_folder>
Discovered <group>:<artifactid>:1.5.0.0-SNAPSHOT at /home/builder/hudson/slave_dir/workspace/dryad/<project_folder>
Discovered <group>:<artifactid>:1.5.0.0-SNAPSHOT at /home/builder/hudson/slave_dir/workspace/dryad/<project_folder>
Discovered <group>:<artifactid>:1.1.0.0-SNAPSHOT at /home/builder/hudson/slave_dir/workspace/dryad/<project_folder>
Discovered <group>:<artifactid>:1.3.0.0-SNAPSHOT at /home/builder/hudson/slave_dir/workspace/dryad/<project_folder>
Discovered <group>:<artifactid>:1.4.0.0-SNAPSHOT at /home/builder/hudson/slave_dir/workspace/dryad/<project_folder>
Discovered <group>:<artifactid>:1.2.0.0-SNAPSHOT at /home/builder/hudson/slave_dir/workspace/dryad/<project_folder>
Discovered <group>:<artifactid>:1.2.0.0-SNAPSHOT at /home/builder/hudson/slave_dir/workspace/dryad/<project_folder>
Discovered <group>:<artifactid>:1.2.0.0-SNAPSHOT at /home/builder/hudson/slave_dir/workspace/dryad/<project_folder>
Discovered <group>:<artifactid>:1.0.0.0-SNAPSHOT at /home/builder/hudson/slave_dir/workspace/dryad/<project_folder>
Discovered <group>:<artifactid>:1.4.0.0-SNAPSHOT at /home/builder/hudson/slave_dir/workspace/dryad/<project_folder>
Discovered <group>:<artifactid>:1.3.0.0-SNAPSHOT at /home/builder/hudson/slave_dir/workspace/dryad/<project_folder>
Discovered <group>:<artifactid>:1.0.0.0-SNAPSHOT at /home/builder/hudson/slave_dir/workspace/dryad/<project_folder>
Discovered <group>:<artifactid>:1.5.0.0-SNAPSHOT at /home/builder/hudson/slave_dir/workspace/dryad/<project_folder>
Discovered <group>:<artifactid>:1.0.0.0-SNAPSHOT at /home/builder/hudson/slave_dir/workspace/dryad/<project_folder>
Discovered <group>:<artifactid>:1.3.0.0-SNAPSHOT at /home/builder/hudson/slave_dir/workspace/dryad/<project_folder>
Discovered <group>:<artifactid>:1.5.0.0-SNAPSHOT at /home/builder/hudson/slave_dir/workspace/dryad/<project_folder>
Discovered <group>:<artifactid>:1.3.0.0-SNAPSHOT at /home/builder/hudson/slave_dir/workspace/dryad/<project_folder>
Discovered <group>:<artifactid>:1.1.0.0-SNAPSHOT at /home/builder/hudson/slave_dir/workspace/dryad/<project_folder>
Discovered <group>:<artifactid>:1.2.0.0-SNAPSHOT at /home/builder/hudson/slave_dir/workspace/dryad/<project_folder>
Discovered <group>:<artifactid>:1.2.0.0-SNAPSHOT at /home/builder/hudson/slave_dir/workspace/dryad/<project_folder>
Discovered <group>:<artifactid>:1.2.0.0-SNAPSHOT at /home/builder/hudson/slave_dir/workspace/dryad/<project_folder>
Discovered <group>:<artifactid>:1.0.0.0-SNAPSHOT at /home/builder/hudson/slave_dir/workspace/dryad/<project_folder>
Discovered <group>:<artifactid>:1.2-SNAPSHOT at /home/builder/hudson/slave_dir/workspace/dryad/<project_folder>
Discovered <group>:<artifactid>:1.2.0.0-SNAPSHOT at /home/builder/hudson/slave_dir/workspace/dryad/<project_folder>
Discovered <group>:<artifactid>:1.5.0.0-SNAPSHOT at /home/builder/hudson/slave_dir/workspace/dryad/<project_folder>
Discovered <group>:<artifactid>:1.5.0.0-SNAPSHOT at /home/builder/hudson/slave_dir/workspace/dryad/<project_folder>
Discovered <group>:<artifactid>:1.2.0.0-SNAPSHOT at /home/builder/hudson/slave_dir/workspace/dryad/<project_folder>
Discovered <group>:<artifactid>:1.3.0.0-SNAPSHOT at /home/builder/hudson/slave_dir/workspace/dryad/<project_folder>
Discovered <group>:<artifactid>:1.2-SNAPSHOT at /home/builder/hudson/slave_dir/workspace/dryad/<project_folder>
Discovered <group>:<artifactid>:1.5.0.0-SNAPSHOT at /home/builder/hudson/slave_dir/workspace/dryad/<project_folder>
Discovered <group>:<artifactid>:2.2.0.0-SNAPSHOT at /home/builder/hudson/slave_dir/workspace/dryad/<project_folder>
Discovered <group>:<artifactid>:1.3.0.0-SNAPSHOT at /home/builder/hudson/slave_dir/workspace/dryad/<project_folder>
Discovered <group>:<artifactid>:1.3.0.0-SNAPSHOT at /home/builder/hudson/slave_dir/workspace/dryad/<project_folder>
Discovered <group>:<artifactid>:1.3.0.0-SNAPSHOT at /home/builder/hudson/slave_dir/workspace/dryad/<project_folder>
Discovered <group>:<artifactid>:1.2.0.0-SNAPSHOT at /home/builder/hudson/slave_dir/workspace/dryad/<project_folder>
Discovered <group>:<artifactid>:1.3.0.0-SNAPSHOT at /home/builder/hudson/slave_dir/workspace/dryad/<project_folder>
Discovered <group>:<artifactid>:1.1.0.0-SNAPSHOT at /home/builder/hudson/slave_dir/workspace/dryad/<project_folder>
Discovered <group>:<artifactid>:1.3.0.0-SNAPSHOT at /home/builder/hudson/slave_dir/workspace/dryad/<project_folder>
Discovered <group>:<artifactid>:1.3.0.0-SNAPSHOT at /home/builder/hudson/slave_dir/workspace/dryad/<project_folder>
Discovered <group>:<artifactid>:1.0.0.0-SNAPSHOT at /home/builder/hudson/slave_dir/workspace/dryad/<project_folder>
Discovered <group>:<artifactid>:1.3.0.0-SNAPSHOT at /home/builder/hudson/slave_dir/workspace/dryad/<project_folder>
Discovered <group>:<artifactid>:2.3.0.0-SNAPSHOT at /home/builder/hudson/slave_dir/workspace/dryad/<project_folder>
Discovered <group>:<artifactid>:1.2.0.0-SNAPSHOT at /home/builder/hudson/slave_dir/workspace/dryad/<project_folder>
Discovered <group>:<artifactid>:1.2.0.0-SNAPSHOT at /home/builder/hudson/slave_dir/workspace/dryad/<project_folder>
Discovered <group>:<artifactid>:1.2.0.0-SNAPSHOT at /home/builder/hudson/slave_dir/workspace/dryad/<project_folder>
Discovered <group>:<artifactid>:2.5.0.0-SNAPSHOT at /home/builder/hudson/slave_dir/workspace/dryad/<project_folder>
Discovered <group>:<artifactid>:1.2.0.0-SNAPSHOT at /home/builder/hudson/slave_dir/workspace/dryad/<project_folder>
Discovered <group>:<artifactid>:1.2.0.0-SNAPSHOT at /home/builder/hudson/slave_dir/workspace/dryad/<project_folder>
Discovered <group>:<artifactid>:1.0.0.0-SNAPSHOT at /home/builder/hudson/slave_dir/workspace/dryad/<project_folder>
Discovered <group>:<artifactid>:1.5.0.0-SNAPSHOT at /home/builder/hudson/slave_dir/workspace/dryad/<project_folder>
Discovered <group>:<artifactid>:1.2.0.0-SNAPSHOT at /home/builder/hudson/slave_dir/workspace/dryad/<project_folder>
Discovered <group>:<artifactid>:1.5.0.0-SNAPSHOT at /home/builder/hudson/slave_dir/workspace/dryad/<project_folder>
Discovered <group>:<artifactid>:1.4.0.0-SNAPSHOT at /home/builder/hudson/slave_dir/workspace/dryad/<project_folder>
Discovered <group>:<artifactid>:1.2.0.0-SNAPSHOT at /home/builder/hudson/slave_dir/workspace/dryad/<project_folder>
Discovered <group>:<artifactid>:1.0.0.0-SNAPSHOT at /home/builder/hudson/slave_dir/workspace/dryad/<project_folder>
Discovered <group>:<artifactid>:1.5.0.0-SNAPSHOT at /home/builder/hudson/slave_dir/workspace/dryad/<project_folder>
Discovered <group>:<artifactid>:1.3.0.0-SNAPSHOT at /home/builder/hudson/slave_dir/workspace/dryad/<project_folder>
Discovered <group>:<artifactid>:1.2.0.0-SNAPSHOT at /home/builder/hudson/slave_dir/workspace/dryad/<project_folder>
Discovered <group>:<artifactid>:1.3.0.0-SNAPSHOT at /home/builder/hudson/slave_dir/workspace/dryad/<project_folder>
Discovered <group>:<artifactid>:1.5.0.0-SNAPSHOT at /home/builder/hudson/slave_dir/workspace/dryad/<project_folder>
Discovered <group>:<artifactid>:1.2.0.0-SNAPSHOT at /home/builder/hudson/slave_dir/workspace/dryad/<project_folder>
Discovered <group>:<artifactid>:1.3.0.0-SNAPSHOT at /home/builder/hudson/slave_dir/workspace/dryad/<project_folder>
Discovered <group>:<artifactid>:1.5.0.0-SNAPSHOT at /home/builder/hudson/slave_dir/workspace/dryad/<project_folder>
Discovered <group>:<artifactid>:1.5.0.0-SNAPSHOT at /home/builder/hudson/slave_dir/workspace/dryad/<project_folder>
Discovered <group>:<artifactid>:1.3.0.0-SNAPSHOT at /home/builder/hudson/slave_dir/workspace/dryad/<project_folder>
Discovered <group>:<artifactid>:1.3.0.0-SNAPSHOT at /home/builder/hudson/slave_dir/workspace/dryad/<project_folder>
Discovered <group>:<artifactid>:1.5.0.0-SNAPSHOT at /home/builder/hudson/slave_dir/workspace/dryad/<project_folder>
Discovered <group>:<artifactid>:1.1.0.0-SNAPSHOT at /home/builder/hudson/slave_dir/workspace/dryad/<project_folder>
Discovered <group>:<artifactid>:1.3.0.0-SNAPSHOT at /home/builder/hudson/slave_dir/workspace/dryad/<project_folder>
Discovered <group>:<artifactid>:1.2.0.0-SNAPSHOT at /home/builder/hudson/slave_dir/workspace/dryad/<project_folder>
Discovered <group>:<artifactid>:1.2.0.0-SNAPSHOT at /home/builder/hudson/slave_dir/workspace/dryad/<project_folder>
Discovered <group>:<artifactid>:1.5.0.0-SNAPSHOT at /home/builder/hudson/slave_dir/workspace/dryad/<project_folder>
Discovered <group>:<artifactid>:4.3.0.0-SNAPSHOT at /home/builder/hudson/slave_dir/workspace/dryad/<project_folder>
Discovered <group>:<artifactid>:1.3.0.0-SNAPSHOT at /home/builder/hudson/slave_dir/workspace/dryad/<project_folder>
Discovered <group>:<artifactid>:1.5.0.0-SNAPSHOT at /home/builder/hudson/slave_dir/workspace/dryad/<project_folder>
Discovered <group>:<artifactid>:1.5.0.0-SNAPSHOT at /home/builder/hudson/slave_dir/workspace/dryad/<project_folder>
Discovered <group>:<artifactid>:1.3.0.0-SNAPSHOT at /home/builder/hudson/slave_dir/workspace/dryad/<project_folder>
Discovered <group>:<artifactid>:1.0.0.0-SNAPSHOT at /home/builder/hudson/slave_dir/workspace/dryad/<project_folder>
Discovered <group>:<artifactid>:4.3.0.0-SNAPSHOT at /home/builder/hudson/slave_dir/workspace/dryad/<project_folder>
Discovered <group>:<artifactid>:1.2.0.0-SNAPSHOT at /home/builder/hudson/slave_dir/workspace/dryad/<project_folder>
Discovered <group>:<artifactid>:1.2.0.0-SNAPSHOT at /home/builder/hudson/slave_dir/workspace/dryad/<project_folder>
Discovered <group>:<artifactid>:1.3.0.0-SNAPSHOT at /home/builder/hudson/slave_dir/workspace/dryad/<project_folder>
Discovered <group>:<artifactid>:1.4.0.0-SNAPSHOT at /home/builder/hudson/slave_dir/workspace/dryad/<project_folder>
Discovered <group>:<artifactid>:1.2.0.0-SNAPSHOT at /home/builder/hudson/slave_dir/workspace/dryad/<project_folder>
Discovered <group>:<artifactid>:1.1.0.0-SNAPSHOT at /home/builder/hudson/slave_dir/workspace/dryad/<project_folder>
Discovered <group>:<artifactid>:1.0.0.0-SNAPSHOT at /home/builder/hudson/slave_dir/workspace/dryad/<project_folder>
Discovered <group>:<artifactid>:1.2.0.0-SNAPSHOT at /home/builder/hudson/slave_dir/workspace/dryad/<project_folder>
Discovered <group>:<artifactid>:1.3.0.0-SNAPSHOT at /home/builder/hudson/slave_dir/workspace/dryad/<project_folder>
Discovered <group>:<artifactid>:1.3.0.0-SNAPSHOT at /home/builder/hudson/slave_dir/workspace/dryad/<project_folder>
Discovered <group>:<artifactid>:1.2.0.0-SNAPSHOT at /home/builder/hudson/slave_dir/workspace/dryad/<project_folder>
Discovered <group>:<artifactid>:1.2.0.0-SNAPSHOT at /home/builder/hudson/slave_dir/workspace/dryad/<project_folder>
Discovered <group>:<artifactid>:1.5.0.0-SNAPSHOT at /home/builder/hudson/slave_dir/workspace/dryad/<project_folder>
Discovered <group>:<artifactid>:1.3.0.0-SNAPSHOT at /home/builder/hudson/slave_dir/workspace/dryad/<project_folder>
Discovered <group>:<artifactid>:1.3.0.0-SNAPSHOT at /home/builder/hudson/slave_dir/workspace/dryad/<project_folder>
Discovered <group>:<artifactid>:1.0.0.0-SNAPSHOT at /home/builder/hudson/slave_dir/workspace/dryad/<project_folder>
Discovered <group>:<artifactid>:1.3.0.0-SNAPSHOT at /home/builder/hudson/slave_dir/workspace/dryad/<project_folder>
Discovered <group>:<artifactid>:1.3.0.0-SNAPSHOT at /home/builder/hudson/slave_dir/workspace/dryad/<project_folder>
Discovered <group>:<artifactid>:1.1.0.0-SNAPSHOT at /home/builder/hudson/slave_dir/workspace/dryad/<project_folder>
Discovered <group>:<artifactid>:1.3.0.0-SNAPSHOT at /home/builder/hudson/slave_dir/workspace/dryad/<project_folder>
Discovered <group>:<artifactid>:1.5.0.0-SNAPSHOT at /home/builder/hudson/slave_dir/workspace/dryad/<project_folder>
Discovered <group>:<artifactid>:1.2.0.0-SNAPSHOT at /home/builder/hudson/slave_dir/workspace/dryad/<project_folder>
Discovered <group>:<artifactid>:1.2.0.0-SNAPSHOT at /home/builder/hudson/slave_dir/workspace/dryad/<project_folder>
Discovered <group>:<artifactid>:1.2.0.0-SNAPSHOT at /home/builder/hudson/slave_dir/workspace/dryad/<project_folder>
Discovered <group>:<artifactid>:1.2.0.0-SNAPSHOT at /home/builder/hudson/slave_dir/workspace/dryad/<project_folder>
Discovered <group>:<artifactid>:1.2.0.0-SNAPSHOT at /home/builder/hudson/slave_dir/workspace/dryad/<project_folder>
Discovered <group>:<artifactid>:1.5.0.0-SNAPSHOT at /home/builder/hudson/slave_dir/workspace/dryad/<project_folder>
Discovered <group>:<artifactid>:1.4.0.0-SNAPSHOT at /home/builder/hudson/slave_dir/workspace/dryad/<project_folder>
Discovered <group>:<artifactid>:1.2.0.0-SNAPSHOT at /home/builder/hudson/slave_dir/workspace/dryad/<project_folder>
Discovered <group>:<artifactid>:1.5.0.0-SNAPSHOT at /home/builder/hudson/slave_dir/workspace/dryad/<project_folder>
Discovered <group>:<artifactid>:1.2.0.0-SNAPSHOT at /home/builder/hudson/slave_dir/workspace/dryad/<project_folder>
Discovered <group>:<artifactid>:1.2.0.0-SNAPSHOT at /home/builder/hudson/slave_dir/workspace/dryad/<project_folder>
Discovered <group>:<artifactid>:1.3.0.0-SNAPSHOT at /home/builder/hudson/slave_dir/workspace/dryad/<project_folder>
Discovered <group>:<artifactid>:1.2.0.0-SNAPSHOT at /home/builder/hudson/slave_dir/workspace/dryad/<project_folder>
Discovered <group>:<artifactid>:1.2.0.0-SNAPSHOT at /home/builder/hudson/slave_dir/workspace/dryad/<project_folder>
Discovered <group>:<artifactid>:1.5.0.0-SNAPSHOT at /home/builder/hudson/slave_dir/workspace/dryad/<project_folder>
ERROR: Failed to parse POMs
hudson.util.IOException2: remote file operation failed: /home/builder/hudson/slave_dir/workspace/dryad at hudson.remoting.Channel@29954e26:reactance
	at hudson.FilePath.act(FilePath.java:752)
	at hudson.FilePath.act(FilePath.java:738)
	at hudson.maven.MavenModuleSetBuild$RunnerImpl.parsePoms(MavenModuleSetBuild.java:690)
	at hudson.maven.MavenModuleSetBuild$RunnerImpl.doRun(MavenModuleSetBuild.java:526)
	at hudson.model.AbstractBuild$AbstractRunner.run(AbstractBuild.java:417)
	at hudson.model.Run.run(Run.java:1362)
	at hudson.maven.MavenModuleSetBuild.run(MavenModuleSetBuild.java:400)
	at hudson.model.ResourceController.execute(ResourceController.java:88)
	at hudson.model.Executor.run(Executor.java:145)
Caused by: java.io.IOException: Remote call on reactance failed
	at hudson.remoting.Channel.call(Channel.java:638)
	at hudson.FilePath.act(FilePath.java:745)
	... 8 more
Caused by: java.lang.OutOfMemoryError: GC overhead limit exceeded
	at java.util.Arrays.copyOf(Arrays.java:2894)
	at java.lang.AbstractStringBuilder.expandCapacity(AbstractStringBuilder.java:117)
	at java.lang.AbstractStringBuilder.append(AbstractStringBuilder.java:407)
	at java.lang.StringBuilder.append(StringBuilder.java:136)
	at org.apache.maven.model.Dependency.getManagementKey(Dependency.java:579)
	at org.apache.maven.model.validation.DefaultModelValidator.validateEffectiveDependency(DefaultModelValidator.java:466)
	at org.apache.maven.model.validation.DefaultModelValidator.validateEffectiveDependencies(DefaultModelValidator.java:419)
	at org.apache.maven.model.validation.DefaultModelValidator.validateEffectiveModel(DefaultModelValidator.java:256)
	at org.apache.maven.model.building.DefaultModelBuilder.build(DefaultModelBuilder.java:418)
	at org.apache.maven.model.building.DefaultModelBuilder.build(DefaultModelBuilder.java:374)
	at org.apache.maven.model.building.DefaultModelBuilder.build(DefaultModelBuilder.java:365)
	at org.apache.maven.model.building.DefaultModelBuilder.build(DefaultModelBuilder.java:232)
	at org.apache.maven.project.DefaultProjectBuilder.build(DefaultProjectBuilder.java:135)
	at org.apache.maven.project.DefaultProjectBuilder.build(DefaultProjectBuilder.java:98)
	at org.apache.maven.project.MavenProject.getParent(MavenProject.java:355)
	at hudson.maven.PomInfo.<init>(PomInfo.java:124)
	at hudson.maven.MavenModuleSetBuild$PomParser.toPomInfo(MavenModuleSetBuild.java:1144)
	at hudson.maven.MavenModuleSetBuild$PomParser.toPomInfo(MavenModuleSetBuild.java:1153)
	at hudson.maven.MavenModuleSetBuild$PomParser.invoke(MavenModuleSetBuild.java:1120)
	at hudson.maven.MavenModuleSetBuild$PomParser.invoke(MavenModuleSetBuild.java:983)
	at hudson.FilePath$FileCallableWrapper.call(FilePath.java:1925)
	at hudson.remoting.UserRequest.perform(UserRequest.java:114)
	at hudson.remoting.UserRequest.perform(UserRequest.java:48)
	at hudson.remoting.Request$2.run(Request.java:270)
	at java.util.concurrent.Executors$RunnableAdapter.call(Executors.java:471)
	at java.util.concurrent.FutureTask$Sync.innerRun(FutureTask.java:334)
	at java.util.concurrent.FutureTask.run(FutureTask.java:166)
	at java.util.concurrent.ThreadPoolExecutor.runWorker(ThreadPoolExecutor.java:1110)
	at java.util.concurrent.ThreadPoolExecutor$Worker.run(ThreadPoolExecutor.java:603)
	at java.lang.Thread.run(Thread.java:636)
Email was triggered for: Failure
Sending email for trigger: Failure
Sending email to: dave.harris@gtri.gatech.edu patrick.staton@gtri.gatech.edu patrick.staton@gtri.gatech.edu
Finished: FAILURE
