<?xml version="1.0" encoding="UTF-8" standalone="no" ?>
<coverage branch-rate="0.66667" branches-covered="4" branches-valid="6" complexity="NaN" line-rate="0.71429" lines-covered="5" lines-valid="7" timestamp="1761682200.441" version="">
  <sources>
    <source>C:\ProgramData\Jenkins\.jenkins\workspace\free_coverage_plugin\</source>
  </sources>
  <packages>
    <package branch-rate="0.66667" complexity="NaN" line-rate="0.71429" name="">
      <classes>
        <class branch-rate="0.66667" complexity="NaN" filename="computeDiscount.m" line-rate="0.71429" name="computeDiscount">
          <methods/>
          <lines>
            <line branch="true" hits="2" number="6">
              <conditions>
                <condition coverage="0%" number="1" type="jump"/>
                <condition coverage="100%" number="2" type="jump"/>
              </conditions>
            </line>
            <line branch="false" hits="0" number="7"/>
            <line branch="true" hits="2" number="10">
              <conditions>
                <condition coverage="100%" number="1" type="jump"/>
                <condition coverage="100%" number="2" type="jump"/>
              </conditions>
            </line>
            <line branch="false" hits="1" number="11"/>
            <line branch="true" hits="1" number="12">
              <conditions>
                <condition coverage="100%" number="1" type="jump"/>
                <condition coverage="0%" number="2" type="jump"/>
              </conditions>
            </line>
            <line branch="false" hits="1" number="13"/>
            <line branch="false" hits="0" number="15"/>
          </lines>
        </class>
      </classes>
    </package>
  </packages>
</coverage>
