<?xml version="1.0" encoding="UTF-8"?>
<testsuites>
  <testsuite name="/home/tester/selenium-php-test/bootstrap/..//tests/Dedoles" tests="4" assertions="6" failures="2" skipped="0" errors="0" time="287.791277">
    <testsuite name="Tests\Dedoles\DedolesDesktopTest" tests="2" assertions="3" failures="1" errors="0" time="121.251957" file="/home/tester/selenium-php-test/tests/Dedoles/DedolesDesktopTest.php">
      <testcase name="testRegularOrder with data set #0" class="Tests\Dedoles\DedolesDesktopTest" file="/home/tester/selenium-php-test/tests/Dedoles/DedolesDesktopTest.php" line="27" assertions="1" time="52.454698">
        <failure type="PHPUnit\Framework\ExpectationFailedException" message="Error Type:PHPUnit\Framework\ExpectationFailedException&#10;URL to screenshot:&#10;https://jenkins.ui42.sk/job/Dedoles%20ðŸŽ‰%20TESTER%20ðŸŽ‰%20TEST/ws/deploy_acceptance_test/DedolesDesktopTest/testRegularOrdersk.png&#10;Last URL&#10;https://www.dedoles.sk/hotovo?vs=TEST354231&amp;t=NzBjYTA4NTNmYzgzN2Q2YTM2OWRhMDk2NmIzNDJkNmY%3D&#10;Selected product:&#10;https://www.dedoles.sk/vesele-ponozky-duhovy-jednorozec#color=84043&#10;Selected Payment Type:&#10;prevod&#10;&#10;">Tests\Dedoles\DedolesDesktopTest::testRegularOrder with data set #0 ('https://www.dedoles.sk', App\DataSet\TitleDataSet Object (...), App\DataSet\EshopDataSet Object (...))
Failed asserting that false is true.

/home/tester/selenium-php-test/app/Test/TestTrait/RegularTestTrait.php:57
</failure>
      </testcase>
      <testcase name="testVoucherOrder with data set #0" class="Tests\Dedoles\DedolesDesktopTest" file="/home/tester/selenium-php-test/tests/Dedoles/DedolesDesktopTest.php" line="26" assertions="2" time="68.797259"/>
    </testsuite>
    <testsuite name="Tests\Dedoles\DedolesMobileTest" tests="2" assertions="3" failures="1" errors="0" time="166.53932" file="/home/tester/selenium-php-test/tests/Dedoles/DedolesMobileTest.php">
      <testcase name="testVoucherOrder with data set #0" class="Tests\Dedoles\DedolesMobileTest" file="/home/tester/selenium-php-test/tests/Dedoles/DedolesMobileTest.php" line="26" assertions="2" time="67.859620"/>
      <testcase name="testRegularOrder with data set #0" class="Tests\Dedoles\DedolesMobileTest" file="/home/tester/selenium-php-test/tests/Dedoles/DedolesMobileTest.php" line="27" assertions="1" time="98.679700">
        <failure type="PHPUnit\Framework\ExpectationFailedException" message="Error Type:PHPUnit\Framework\ExpectationFailedException&#10;URL to screenshot:&#10;https://jenkins.ui42.sk/job/Dedoles%20ðŸŽ‰%20TESTER%20ðŸŽ‰%20TEST/ws/deploy_acceptance_test/DedolesMobileTest/testRegularOrdersk.png&#10;Last URL&#10;https://www.dedoles.sk/hotovo?vs=TEST354234&amp;t=Y2JlZjQ2YjViYWFmYzBlZTAwNmI0ODlmZjZlMGU3OGU%3D&#10;Selected product:&#10;https://www.dedoles.sk/kralovsky-modre-bavlnene-leginy#color=40061&#10;Selected Payment Type:&#10;prevod&#10;&#10;">Tests\Dedoles\DedolesMobileTest::testRegularOrder with data set #0 ('https://www.dedoles.sk', App\DataSet\TitleDataSet Object (...), App\DataSet\EshopDataSet Object (...))
Failed asserting that false is true.

/home/tester/selenium-php-test/app/Test/TestTrait/RegularTestTrait.php:57
</failure>
      </testcase>
    </testsuite>
  </testsuite>
</testsuites>
