# JRE version: OpenJDK Runtime Environment (7.0_55-b14) (build 1.7.0_55-b14)
# Java VM: OpenJDK 64-Bit Server VM (24.51-b03 mixed mode linux-amd64 compressed oops)
Heap
 PSYoungGen      total 1286656K, used 38215K [0x00000007ac600000, 0x0000000800000000, 0x0000000800000000)
  eden space 1208832K, 0% used [0x00000007ac600000,0x00000007ac600000,0x00000007f6280000)
  from space 77824K, 49% used [0x00000007faf80000,0x00000007fd4d1f90,0x00000007ffb80000)
  to   space 78848K, 0% used [0x00000007f6280000,0x00000007f6280000,0x00000007faf80000)
 ParOldGen       total 331776K, used 330936K [0x0000000705200000, 0x0000000719600000, 0x00000007ac600000)
  object space 331776K, 99% used [0x0000000705200000,0x000000071952e090,0x0000000719600000)
 PSPermGen       total 92672K, used 91118K [0x00000006fac00000, 0x0000000700680000, 0x0000000705200000)
  object space 92672K, 98% used [0x00000006fac00000,0x00000007004fbab0,0x0000000700680000)
GC Heap History (10 events):
Event: 32079.978 GC heap after
Heap after GC invocations=326 (full 26):
 PSYoungGen      total 956928K, used 1152K [0x00000007ac600000, 0x00000007f4500000, 0x0000000800000000)
  eden space 870400K, 0% used [0x00000007ac600000,0x00000007ac600000,0x00000007e1800000)
  from space 86528K, 1% used [0x00000007e6a80000,0x00000007e6ba0000,0x00000007ebf00000)
  to   space 84480K, 0% used [0x00000007e1800000,0x00000007e1800000,0x00000007e6a80000)
 ParOldGen       total 327680K, used 290442K [0x0000000705200000, 0x0000000719200000, 0x00000007ac600000)
  object space 327680K, 88% used [0x0000000705200000,0x0000000716da29b0,0x0000000719200000)
 PSPermGen       total 92672K, used 90352K [0x00000006fac00000, 0x0000000700680000, 0x0000000705200000)
  object space 92672K, 97% used [0x00000006fac00000,0x000000070043c370,0x0000000700680000)
}
Event: 32092.460 GC heap before
{Heap before GC invocations=327 (full 26):
 PSYoungGen      total 956928K, used 870700K [0x00000007ac600000, 0x00000007f4500000, 0x0000000800000000)
  eden space 870400K, 99% used [0x00000007ac600000,0x00000007e172b198,0x00000007e1800000)
  from space 86528K, 1% used [0x00000007e6a80000,0x00000007e6ba0000,0x00000007ebf00000)
  to   space 84480K, 0% used [0x00000007e1800000,0x00000007e1800000,0x00000007e6a80000)
 ParOldGen       total 327680K, used 290442K [0x0000000705200000, 0x0000000719200000, 0x00000007ac600000)
  object space 327680K, 88% used [0x0000000705200000,0x0000000716da29b0,0x0000000719200000)
 PSPermGen       total 92672K, used 90352K [0x00000006fac00000, 0x0000000700680000, 0x0000000705200000)
  object space 92672K, 97% used [0x00000006fac00000,0x000000070043c370,0x0000000700680000)
Event: 32092.478 GC heap after
Heap after GC invocations=327 (full 26):
 PSYoungGen      total 954880K, used 4970K [0x00000007ac600000, 0x00000007f5780000, 0x0000000800000000)
  eden space 870400K, 0% used [0x00000007ac600000,0x00000007ac600000,0x00000007e1800000)
  from space 84480K, 5% used [0x00000007e1800000,0x00000007e1cda8d8,0x00000007e6a80000)
  to   space 81408K, 0% used [0x00000007f0800000,0x00000007f0800000,0x00000007f5780000)
 ParOldGen       total 327680K, used 291450K [0x0000000705200000, 0x0000000719200000, 0x00000007ac600000)
  object space 327680K, 88% used [0x0000000705200000,0x0000000716e9e9b0,0x0000000719200000)
 PSPermGen       total 92672K, used 90352K [0x00000006fac00000, 0x0000000700680000, 0x0000000705200000)
  object space 92672K, 97% used [0x00000006fac00000,0x000000070043c370,0x0000000700680000)
}
Event: 32092.831 GC heap before
{Heap before GC invocations=328 (full 26):
 PSYoungGen      total 954880K, used 874952K [0x00000007ac600000, 0x00000007f5780000, 0x0000000800000000)
  eden space 870400K, 99% used [0x00000007ac600000,0x00000007e17977d8,0x00000007e1800000)
  from space 84480K, 5% used [0x00000007e1800000,0x00000007e1cda8d8,0x00000007e6a80000)
  to   space 81408K, 0% used [0x00000007f0800000,0x00000007f0800000,0x00000007f5780000)
 ParOldGen       total 327680K, used 291450K [0x0000000705200000, 0x0000000719200000, 0x00000007ac600000)
  object space 327680K, 88% used [0x0000000705200000,0x0000000716e9e9b0,0x0000000719200000)
 PSPermGen       total 92672K, used 90352K [0x00000006fac00000, 0x0000000700680000, 0x0000000705200000)
  object space 92672K, 97% used [0x00000006fac00000,0x000000070043c370,0x0000000700680000)
Event: 32092.856 GC heap after
Heap after GC invocations=328 (full 26):
 PSYoungGen      total 1118720K, used 1216K [0x00000007ac600000, 0x00000007f5800000, 0x0000000800000000)
  eden space 1037312K, 0% used [0x00000007ac600000,0x00000007ac600000,0x00000007ebb00000)
  from space 81408K, 1% used [0x00000007f0800000,0x00000007f0930000,0x00000007f5780000)
  to   space 78848K, 0% used [0x00000007ebb00000,0x00000007ebb00000,0x00000007f0800000)
 ParOldGen       total 327680K, used 295655K [0x0000000705200000, 0x0000000719200000, 0x00000007ac600000)
  object space 327680K, 90% used [0x0000000705200000,0x00000007172b9e20,0x0000000719200000)
 PSPermGen       total 92672K, used 90352K [0x00000006fac00000, 0x0000000700680000, 0x0000000705200000)
  object space 92672K, 97% used [0x00000006fac00000,0x000000070043c370,0x0000000700680000)
}
Event: 32135.034 GC heap before
{Heap before GC invocations=329 (full 26):
 PSYoungGen      total 1118720K, used 1038528K [0x00000007ac600000, 0x00000007f5800000, 0x0000000800000000)
  eden space 1037312K, 100% used [0x00000007ac600000,0x00000007ebb00000,0x00000007ebb00000)
  from space 81408K, 1% used [0x00000007f0800000,0x00000007f0930000,0x00000007f5780000)
  to   space 78848K, 0% used [0x00000007ebb00000,0x00000007ebb00000,0x00000007f0800000)
 ParOldGen       total 327680K, used 295655K [0x0000000705200000, 0x0000000719200000, 0x00000007ac600000)
  object space 327680K, 90% used [0x0000000705200000,0x00000007172b9e20,0x0000000719200000)
 PSPermGen       total 92672K, used 90373K [0x00000006fac00000, 0x0000000700680000, 0x0000000705200000)
  object space 92672K, 97% used [0x00000006fac00000,0x0000000700441460,0x0000000700680000)
Event: 32135.076 GC heap after
Heap after GC invocations=329 (full 26):
 PSYoungGen      total 1116160K, used 32424K [0x00000007ac600000, 0x00000007ffb80000, 0x0000000800000000)
  eden space 1037312K, 0% used [0x00000007ac600000,0x00000007ac600000,0x00000007ebb00000)
  from space 78848K, 41% used [0x00000007ebb00000,0x00000007edaaa390,0x00000007f0800000)
  to   space 77824K, 0% used [0x00000007faf80000,0x00000007faf80000,0x00000007ffb80000)
 ParOldGen       total 327680K, used 296567K [0x0000000705200000, 0x0000000719200000, 0x00000007ac600000)
  object space 327680K, 90% used [0x0000000705200000,0x000000071739de20,0x0000000719200000)
 PSPermGen       total 92672K, used 90373K [0x00000006fac00000, 0x0000000700680000, 0x0000000705200000)
  object space 92672K, 97% used [0x00000006fac00000,0x0000000700441460,0x0000000700680000)
}
Event: 32307.462 GC heap before
{Heap before GC invocations=330 (full 26):
 PSYoungGen      total 1116160K, used 1069736K [0x00000007ac600000, 0x00000007ffb80000, 0x0000000800000000)
  eden space 1037312K, 100% used [0x00000007ac600000,0x00000007ebb00000,0x00000007ebb00000)
  from space 78848K, 41% used [0x00000007ebb00000,0x00000007edaaa390,0x00000007f0800000)
  to   space 77824K, 0% used [0x00000007faf80000,0x00000007faf80000,0x00000007ffb80000)
 ParOldGen       total 327680K, used 296567K [0x0000000705200000, 0x0000000719200000, 0x00000007ac600000)
  object space 327680K, 90% used [0x0000000705200000,0x000000071739de20,0x0000000719200000)
 PSPermGen       total 92672K, used 91118K [0x00000006fac00000, 0x0000000700680000, 0x0000000705200000)
  object space 92672K, 98% used [0x00000006fac00000,0x00000007004fbab0,0x0000000700680000)
Event: 32307.570 GC heap after
Heap after GC invocations=330 (full 26):
 PSYoungGen      total 1286656K, used 38215K [0x00000007ac600000, 0x0000000800000000, 0x0000000800000000)
  eden space 1208832K, 0% used [0x00000007ac600000,0x00000007ac600000,0x00000007f6280000)
  from space 77824K, 49% used [0x00000007faf80000,0x00000007fd4d1f90,0x00000007ffb80000)
  to   space 78848K, 0% used [0x00000007f6280000,0x00000007f6280000,0x00000007faf80000)
 ParOldGen       total 331776K, used 330936K [0x0000000705200000, 0x0000000719600000, 0x00000007ac600000)
  object space 331776K, 99% used [0x0000000705200000,0x000000071952e090,0x0000000719600000)
 PSPermGen       total 92672K, used 91118K [0x00000006fac00000, 0x0000000700680000, 0x0000000705200000)
  object space 92672K, 98% used [0x00000006fac00000,0x00000007004fbab0,0x0000000700680000)
}
Event: 32307.571 GC heap before
{Heap before GC invocations=331 (full 27):
 PSYoungGen      total 1286656K, used 38215K [0x00000007ac600000, 0x0000000800000000, 0x0000000800000000)
  eden space 1208832K, 0% used [0x00000007ac600000,0x00000007ac600000,0x00000007f6280000)
  from space 77824K, 49% used [0x00000007faf80000,0x00000007fd4d1f90,0x00000007ffb80000)
  to   space 78848K, 0% used [0x00000007f6280000,0x00000007f6280000,0x00000007faf80000)
 ParOldGen       total 331776K, used 330936K [0x0000000705200000, 0x0000000719600000, 0x00000007ac600000)
  object space 331776K, 99% used [0x0000000705200000,0x000000071952e090,0x0000000719600000)
 PSPermGen       total 92672K, used 91118K [0x00000006fac00000, 0x0000000700680000, 0x0000000705200000)
  object space 92672K, 98% used [0x00000006fac00000,0x00000007004fbab0,0x0000000700680000)

