# JRE version: OpenJDK Runtime Environment (7.0_91-b02) (build 1.7.0_91-b02)
# Java VM: OpenJDK 64-Bit Server VM (24.91-b01 mixed mode linux-amd64 compressed oops)
Heap
 PSYoungGen      total 157184K, used 10226K [0x00000007ac680000, 0x00000007b8200000, 0x0000000800000000)
  eden space 124416K, 7% used [0x00000007ac680000,0x00000007acf80ad8,0x00000007b4000000)
  from space 32768K, 3% used [0x00000007b6200000,0x00000007b62fc010,0x00000007b8200000)
  to   space 33792K, 0% used [0x00000007b4000000,0x00000007b4000000,0x00000007b6100000)
 ParOldGen       total 97792K, used 68571K [0x0000000705400000, 0x000000070b380000, 0x00000007ac680000)
  object space 97792K, 70% used [0x0000000705400000,0x00000007096f6f90,0x000000070b380000)
 PSPermGen       total 29184K, used 27866K [0x00000006fae00000, 0x00000006fca80000, 0x0000000705400000)
  object space 29184K, 95% used [0x00000006fae00000,0x00000006fc936a68,0x00000006fca80000)
GC Heap History (10 events):
Event: 1891583.048 GC heap before
{Heap before GC invocations=1274 (full 28):
 PSYoungGen      total 96256K, used 74880K [0x00000007ac680000, 0x00000007b4800000, 0x0000000800000000)
  eden space 73728K, 100% used [0x00000007ac680000,0x00000007b0e80000,0x00000007b0e80000)
  from space 22528K, 5% used [0x00000007b0e80000,0x00000007b0fa0020,0x00000007b2480000)
  to   space 22016K, 0% used [0x00000007b3280000,0x00000007b3280000,0x00000007b4800000)
 ParOldGen       total 97792K, used 37863K [0x0000000705400000, 0x000000070b380000, 0x00000007ac680000)
  object space 97792K, 38% used [0x0000000705400000,0x00000007078f9c00,0x000000070b380000)
 PSPermGen       total 29184K, used 27860K [0x00000006fae00000, 0x00000006fca80000, 0x0000000705400000)
  object space 29184K, 95% used [0x00000006fae00000,0x00000006fc9352f8,0x00000006fca80000)
Event: 1891583.101 GC heap after
Heap after GC invocations=1274 (full 28):
 PSYoungGen      total 109568K, used 576K [0x00000007ac680000, 0x00000007b4700000, 0x0000000800000000)
  eden space 88576K, 0% used [0x00000007ac680000,0x00000007ac680000,0x00000007b1d00000)
  from space 20992K, 2% used [0x00000007b3280000,0x00000007b3310020,0x00000007b4700000)
  to   space 21504K, 0% used [0x00000007b1d00000,0x00000007b1d00000,0x00000007b3200000)
 ParOldGen       total 97792K, used 37967K [0x0000000705400000, 0x000000070b380000, 0x00000007ac680000)
  object space 97792K, 38% used [0x0000000705400000,0x0000000707913c60,0x000000070b380000)
 PSPermGen       total 29184K, used 27860K [0x00000006fae00000, 0x00000006fca80000, 0x0000000705400000)
  object space 29184K, 95% used [0x00000006fae00000,0x00000006fc9352f8,0x00000006fca80000)
}
Event: 1895451.158 GC heap before
{Heap before GC invocations=1275 (full 28):
 PSYoungGen      total 109568K, used 89152K [0x00000007ac680000, 0x00000007b4700000, 0x0000000800000000)
  eden space 88576K, 100% used [0x00000007ac680000,0x00000007b1d00000,0x00000007b1d00000)
  from space 20992K, 2% used [0x00000007b3280000,0x00000007b3310020,0x00000007b4700000)
  to   space 21504K, 0% used [0x00000007b1d00000,0x00000007b1d00000,0x00000007b3200000)
 ParOldGen       total 97792K, used 37967K [0x0000000705400000, 0x000000070b380000, 0x00000007ac680000)
  object space 97792K, 38% used [0x0000000705400000,0x0000000707913c60,0x000000070b380000)
 PSPermGen       total 29184K, used 27863K [0x00000006fae00000, 0x00000006fca80000, 0x0000000705400000)
  object space 29184K, 95% used [0x00000006fae00000,0x00000006fc935eb0,0x00000006fca80000)
Event: 1895451.202 GC heap after
Heap after GC invocations=1275 (full 28):
 PSYoungGen      total 110080K, used 1472K [0x00000007ac680000, 0x00000007b5680000, 0x0000000800000000)
  eden space 88576K, 0% used [0x00000007ac680000,0x00000007ac680000,0x00000007b1d00000)
  from space 21504K, 6% used [0x00000007b1d00000,0x00000007b1e70000,0x00000007b3200000)
  to   space 20480K, 0% used [0x00000007b4280000,0x00000007b4280000,0x00000007b5680000)
 ParOldGen       total 97792K, used 38047K [0x0000000705400000, 0x000000070b380000, 0x00000007ac680000)
  object space 97792K, 38% used [0x0000000705400000,0x0000000707927c80,0x000000070b380000)
 PSPermGen       total 29184K, used 27863K [0x00000006fae00000, 0x00000006fca80000, 0x0000000705400000)
  object space 29184K, 95% used [0x00000006fae00000,0x00000006fc935eb0,0x00000006fca80000)
}
Event: 1895451.989 GC heap before
{Heap before GC invocations=1276 (full 28):
 PSYoungGen      total 110080K, used 90048K [0x00000007ac680000, 0x00000007b5680000, 0x0000000800000000)
  eden space 88576K, 100% used [0x00000007ac680000,0x00000007b1d00000,0x00000007b1d00000)
  from space 21504K, 6% used [0x00000007b1d00000,0x00000007b1e70000,0x00000007b3200000)
  to   space 20480K, 0% used [0x00000007b4280000,0x00000007b4280000,0x00000007b5680000)
 ParOldGen       total 97792K, used 38047K [0x0000000705400000, 0x000000070b380000, 0x00000007ac680000)
  object space 97792K, 38% used [0x0000000705400000,0x0000000707927c80,0x000000070b380000)
 PSPermGen       total 29184K, used 27863K [0x00000006fae00000, 0x00000006fca80000, 0x0000000705400000)
  object space 29184K, 95% used [0x00000006fae00000,0x00000006fc935eb0,0x00000006fca80000)
Event: 1895452.050 GC heap after
Heap after GC invocations=1276 (full 28):
 PSYoungGen      total 123904K, used 17114K [0x00000007ac680000, 0x00000007b5c80000, 0x0000000800000000)
  eden space 103424K, 0% used [0x00000007ac680000,0x00000007ac680000,0x00000007b2b80000)
  from space 20480K, 83% used [0x00000007b4280000,0x00000007b5336918,0x00000007b5680000)
  to   space 23552K, 0% used [0x00000007b2b80000,0x00000007b2b80000,0x00000007b4280000)
 ParOldGen       total 97792K, used 38207K [0x0000000705400000, 0x000000070b380000, 0x00000007ac680000)
  object space 97792K, 39% used [0x0000000705400000,0x000000070794fc90,0x000000070b380000)
 PSPermGen       total 29184K, used 27863K [0x00000006fae00000, 0x00000006fca80000, 0x0000000705400000)
  object space 29184K, 95% used [0x00000006fae00000,0x00000006fc935eb0,0x00000006fca80000)
}
Event: 1895465.717 GC heap before
{Heap before GC invocations=1277 (full 28):
 PSYoungGen      total 123904K, used 120538K [0x00000007ac680000, 0x00000007b5c80000, 0x0000000800000000)
  eden space 103424K, 100% used [0x00000007ac680000,0x00000007b2b80000,0x00000007b2b80000)
  from space 20480K, 83% used [0x00000007b4280000,0x00000007b5336918,0x00000007b5680000)
  to   space 23552K, 0% used [0x00000007b2b80000,0x00000007b2b80000,0x00000007b4280000)
 ParOldGen       total 97792K, used 38207K [0x0000000705400000, 0x000000070b380000, 0x00000007ac680000)
  object space 97792K, 39% used [0x0000000705400000,0x000000070794fc90,0x000000070b380000)
 PSPermGen       total 29184K, used 27863K [0x00000006fae00000, 0x00000006fca80000, 0x0000000705400000)
  object space 29184K, 95% used [0x00000006fae00000,0x00000006fc935eb0,0x00000006fca80000)
Event: 1895465.789 GC heap after
Heap after GC invocations=1277 (full 28):
 PSYoungGen      total 126976K, used 23538K [0x00000007ac680000, 0x00000007b8400000, 0x0000000800000000)
  eden space 103424K, 0% used [0x00000007ac680000,0x00000007ac680000,0x00000007b2b80000)
  from space 23552K, 99% used [0x00000007b2b80000,0x00000007b427ca80,0x00000007b4280000)
  to   space 34816K, 0% used [0x00000007b6200000,0x00000007b6200000,0x00000007b8400000)
 ParOldGen       total 97792K, used 56596K [0x0000000705400000, 0x000000070b380000, 0x00000007ac680000)
  object space 97792K, 57% used [0x0000000705400000,0x0000000708b45370,0x000000070b380000)
 PSPermGen       total 29184K, used 27863K [0x00000006fae00000, 0x00000006fca80000, 0x0000000705400000)
  object space 29184K, 95% used [0x00000006fae00000,0x00000006fc935eb0,0x00000006fca80000)
}
Event: 1898782.220 GC heap before
{Heap before GC invocations=1278 (full 28):
 PSYoungGen      total 126976K, used 126962K [0x00000007ac680000, 0x00000007b8400000, 0x0000000800000000)
  eden space 103424K, 100% used [0x00000007ac680000,0x00000007b2b80000,0x00000007b2b80000)
  from space 23552K, 99% used [0x00000007b2b80000,0x00000007b427ca80,0x00000007b4280000)
  to   space 34816K, 0% used [0x00000007b6200000,0x00000007b6200000,0x00000007b8400000)
 ParOldGen       total 97792K, used 56596K [0x0000000705400000, 0x000000070b380000, 0x00000007ac680000)
  object space 97792K, 57% used [0x0000000705400000,0x0000000708b45370,0x000000070b380000)
 PSPermGen       total 29184K, used 27866K [0x00000006fae00000, 0x00000006fca80000, 0x0000000705400000)
  object space 29184K, 95% used [0x00000006fae00000,0x00000006fc936a68,0x00000006fca80000)
Event: 1898782.352 GC heap after
Heap after GC invocations=1278 (full 28):
 PSYoungGen      total 157184K, used 1008K [0x00000007ac680000, 0x00000007b8200000, 0x0000000800000000)
  eden space 124416K, 0% used [0x00000007ac680000,0x00000007ac680000,0x00000007b4000000)
  from space 32768K, 3% used [0x00000007b6200000,0x00000007b62fc010,0x00000007b8200000)
  to   space 33792K, 0% used [0x00000007b4000000,0x00000007b4000000,0x00000007b6100000)
 ParOldGen       total 97792K, used 68571K [0x0000000705400000, 0x000000070b380000, 0x00000007ac680000)
  object space 97792K, 70% used [0x0000000705400000,0x00000007096f6f90,0x000000070b380000)
 PSPermGen       total 29184K, used 27866K [0x00000006fae00000, 0x00000006fca80000, 0x0000000705400000)
  object space 29184K, 95% used [0x00000006fae00000,0x00000006fc936a68,0x00000006fca80000)
}

