<?xml version="1.0" encoding="utf-8" standalone="no"?>
<test-run id="2" testcasecount="254" result="Passed" total="2" passed="2" failed="0" inconclusive="0" skipped="0" asserts="4" engine-version="3.4.1.0" clr-version="4.0.30319.42000" start-time="2016-09-01 03:23:36Z" end-time="2016-09-01 03:24:30Z" duration="53.850867">
  <command-line><![CDATA["c:\Program Files (x86)\NUnit.org\nunit-console\nunit3-console.exe"  "C:\GPOS\Selenium\Automation_Test.Selenium.Tests\bin\Debug\Automation_Test.Selenium.Tests.dll" --where "cat == ExportRegroup"]]></command-line>
  <filter>
    <cat>ExportRegroup</cat>
  </filter>
  <test-suite type="Assembly" id="0-1336" name="Automation_Test.Selenium.Tests.dll" fullname="C:\GPOS\Selenium\Automation_Test.Selenium.Tests\bin\Debug\Automation_Test.Selenium.Tests.dll" runstate="Runnable" testcasecount="254" result="Passed" start-time="2016-09-01 03:23:36Z" end-time="2016-09-01 03:24:30Z" duration="53.812543" total="2" passed="2" failed="0" inconclusive="0" skipped="0" asserts="4">
    <environment framework-version="3.2.0.0" clr-version="4.0.30319.42000" os-version="Microsoft Windows NT 10.0.10240.0" platform="Win32NT" cwd="C:\Users\2554\.jenkins\workspace\TestProject" machine-name="PC11804" user="2554" user-domain="DIALOGGROUP" culture="en-US" uiculture="en-US" os-architecture="x64" />
    <settings>
      <setting name="WorkDirectory" value="C:\Users\2554\.jenkins\workspace\TestProject" />
      <setting name="ImageRuntimeVersion" value="4.0.30319" />
      <setting name="ImageTargetFrameworkName" value=".NETFramework,Version=v4.5.2" />
      <setting name="ImageRequiresX86" value="False" />
      <setting name="ImageRequiresDefaultAppDomainAssemblyResolver" value="False" />
      <setting name="NumberOfTestWorkers" value="8" />
    </settings>
    <properties>
      <property name="_PID" value="9884" />
      <property name="_APPDOMAIN" value="test-domain-" />
    </properties>
    <test-suite type="TestSuite" id="0-1337" name="Automation_Test" fullname="Automation_Test" runstate="Runnable" testcasecount="254" result="Passed" start-time="2016-09-01 03:23:36Z" end-time="2016-09-01 03:24:30Z" duration="53.805358" total="2" passed="2" failed="0" inconclusive="0" skipped="0" asserts="4">
      <properties />
      <test-suite type="TestSuite" id="0-1338" name="Selenium" fullname="Automation_Test.Selenium" runstate="Runnable" testcasecount="254" result="Passed" start-time="2016-09-01 03:23:36Z" end-time="2016-09-01 03:24:30Z" duration="53.805248" total="2" passed="2" failed="0" inconclusive="0" skipped="0" asserts="4">
        <properties />
        <test-suite type="TestSuite" id="0-1339" name="Tests" fullname="Automation_Test.Selenium.Tests" runstate="Runnable" testcasecount="254" result="Passed" start-time="2016-09-01 03:23:36Z" end-time="2016-09-01 03:24:30Z" duration="53.805213" total="2" passed="2" failed="0" inconclusive="0" skipped="0" asserts="4">
          <properties />
          <test-suite type="GenericFixture" id="0-1129" name="PS1_14_ExportRegroupForm&lt;TWebDriver&gt;" fullname="Automation_Test.Selenium.Tests.PS1_14_ExportRegroupForm&lt;TWebDriver&gt;" runstate="Runnable" testcasecount="3" result="Passed" start-time="2016-09-01 03:23:36Z" end-time="2016-09-01 03:24:30Z" duration="53.805080" total="2" passed="2" failed="0" inconclusive="0" skipped="0" asserts="4">
            <properties />
            <test-suite type="TestFixture" id="0-1125" name="PS1_14_ExportRegroupForm&lt;ChromeDriver&gt;" fullname="Automation_Test.Selenium.Tests.PS1_14_ExportRegroupForm&lt;ChromeDriver&gt;" classname="Automation_Test.Selenium.Tests.PS1_14_ExportRegroupForm`1" runstate="Runnable" testcasecount="3" result="Passed" start-time="2016-09-01 03:23:36Z" end-time="2016-09-01 03:24:30Z" duration="53.803465" total="2" passed="2" failed="0" inconclusive="0" skipped="0" asserts="4">
              <properties />
              <output><![CDATA[
***Setup***
***TearDown***

]]></output>
              <test-case id="0-1128" name="UserStory_1355_ExportToPDF_CompletedForm" fullname="Automation_Test.Selenium.Tests.PS1_14_ExportRegroupForm&lt;ChromeDriver&gt;.UserStory_1355_ExportToPDF_CompletedForm" methodname="UserStory_1355_ExportToPDF_CompletedForm" classname="Automation_Test.Selenium.Tests.PS1_14_ExportRegroupForm`1" runstate="Runnable" seed="1781152301" result="Passed" start-time="2016-09-01 03:23:44Z" end-time="2016-09-01 03:24:07Z" duration="23.090028" asserts="2">
                <properties>
                  <property name="Description" value=" User story JIRAS-1355" />
                  <property name="Category" value="PS1_14" />
                  <property name="Category" value="US1355" />
                  <property name="Category" value="Vijay" />
                  <property name="Category" value="ExportRegroup" />
                </properties>
                <output><![CDATA[--- UserStory_1355_ExportToPDF_CompletedForm --- Test Started 
Test is to verify Export to PDF button Functionality on a Completed Regroup Form
Precondition : A participant where an in-progress regroup form is available
Navigate to Active participants List Page
Navigate to home page
Select QualityCaseManagement Link
Select active participant list page
Open the participant and verify that the Reception open is available
Click on Reception link, and verify that the Reception list page is displayed
Clicking on left navigation tree menu Pre-Release
Create a new regroup record if it is not already present and complete it
--- UserStory_1355_ExportToPDF_CompletedForm --- Test Successfully Passed 



]]></output>
              </test-case>
              <test-case id="0-1127" name="UserStory_1355_ExportToPDF_InprogressForm" fullname="Automation_Test.Selenium.Tests.PS1_14_ExportRegroupForm&lt;ChromeDriver&gt;.UserStory_1355_ExportToPDF_InprogressForm" methodname="UserStory_1355_ExportToPDF_InprogressForm" classname="Automation_Test.Selenium.Tests.PS1_14_ExportRegroupForm`1" runstate="Runnable" seed="1162603906" result="Passed" start-time="2016-09-01 03:24:07Z" end-time="2016-09-01 03:24:30Z" duration="23.069759" asserts="2">
                <properties>
                  <property name="Description" value=" User story JIRAS-1355" />
                  <property name="Category" value="PS1_14" />
                  <property name="Category" value="US1355" />
                  <property name="Category" value="Vijay" />
                  <property name="Category" value="ExportRegroup" />
                </properties>
                <output><![CDATA[--- UserStory_1355_ExportToPDF_InprogressForm --- Test Started 
Test is to verify Export to PDF button Functionality on a in progress Regroup Form
Precondition : A participant where an in-progress regroup form is available
Navigate to Active participants List Page
Navigate to home page
Select QualityCaseManagement Link
Select active participant list page
Open the participant and verify that the Reception open is available
Click on Reception link, and verify that the Reception list page is displayed
Clicking on left navigation tree menu Pre-Release
--- UserStory_1355_ExportToPDF_InprogressForm --- Test Successfully Passed 



]]></output>
              </test-case>
            </test-suite>
          </test-suite>
        </test-suite>
      </test-suite>
    </test-suite>
  </test-suite>
</test-run>