# JRE version: Java(TM) SE Runtime Environment (8.0_121-b13) (build 1.8.0_121-b13)
# Java VM: Java HotSpot(TM) Server VM (25.121-b13 mixed mode linux-x86 )
Heap:
 PSYoungGen      total 37888K, used 25441K [0xd2ac0000, 0xd5440000, 0xe8000000)
  eden space 33280K, 68% used [0xd2ac0000,0xd40e39b8,0xd4b40000)
  from space 4608K, 60% used [0xd4fc0000,0xd5274d80,0xd5440000)
  to   space 4608K, 0% used [0xd4b40000,0xd4b40000,0xd4fc0000)
 ParOldGen       total 43776K, used 2776K [0xa8000000, 0xaaac0000, 0xd2ac0000)
  object space 43776K, 6% used [0xa8000000,0xa82b6220,0xaaac0000)
 Metaspace       used 6231K, capacity 6449K, committed 6576K, reserved 7472K
GC Heap History (10 events):
Event: 1.676 GC heap before
{Heap before GC invocations=2 (full 0):
 PSYoungGen      total 19200K, used 19191K [0xd2ac0000, 0xd4000000, 0xe8000000)
  eden space 16640K, 100% used [0xd2ac0000,0xd3b00000,0xd3b00000)
  from space 2560K, 99% used [0xd3b00000,0xd3d7dda8,0xd3d80000)
  to   space 2560K, 0% used [0xd3d80000,0xd3d80000,0xd4000000)
 ParOldGen       total 43776K, used 1811K [0xa8000000, 0xaaac0000, 0xd2ac0000)
  object space 43776K, 4% used [0xa8000000,0xa81c4fb0,0xaaac0000)
 Metaspace       used 5519K, capacity 5727K, committed 5808K, reserved 6448K
Event: 1.680 GC heap after
Heap after GC invocations=2 (full 0):
 PSYoungGen      total 19200K, used 2552K [0xd2ac0000, 0xd5040000, 0xe8000000)
  eden space 16640K, 0% used [0xd2ac0000,0xd2ac0000,0xd3b00000)
  from space 2560K, 99% used [0xd3d80000,0xd3ffe060,0xd4000000)
  to   space 2560K, 0% used [0xd3b00000,0xd3b00000,0xd3d80000)
 ParOldGen       total 43776K, used 2394K [0xa8000000, 0xaaac0000, 0xd2ac0000)
  object space 43776K, 5% used [0xa8000000,0xa8256828,0xaaac0000)
 Metaspace       used 5519K, capacity 5727K, committed 5808K, reserved 6448K
}
Event: 1.884 GC heap before
{Heap before GC invocations=3 (full 0):
 PSYoungGen      total 19200K, used 19192K [0xd2ac0000, 0xd5040000, 0xe8000000)
  eden space 16640K, 100% used [0xd2ac0000,0xd3b00000,0xd3b00000)
  from space 2560K, 99% used [0xd3d80000,0xd3ffe060,0xd4000000)
  to   space 2560K, 0% used [0xd3b00000,0xd3b00000,0xd3d80000)
 ParOldGen       total 43776K, used 2394K [0xa8000000, 0xaaac0000, 0xd2ac0000)
  object space 43776K, 5% used [0xa8000000,0xa8256828,0xaaac0000)
 Metaspace       used 5729K, capacity 5958K, committed 6064K, reserved 6448K
Event: 1.886 GC heap after
Heap after GC invocations=3 (full 0):
 PSYoungGen      total 19200K, used 2551K [0xd2ac0000, 0xd4000000, 0xe8000000)
  eden space 16640K, 0% used [0xd2ac0000,0xd2ac0000,0xd3b00000)
  from space 2560K, 99% used [0xd3b00000,0xd3d7dff0,0xd3d80000)
  to   space 2560K, 0% used [0xd3d80000,0xd3d80000,0xd4000000)
 ParOldGen       total 43776K, used 2562K [0xa8000000, 0xaaac0000, 0xd2ac0000)
  object space 43776K, 5% used [0xa8000000,0xa8280930,0xaaac0000)
 Metaspace       used 5729K, capacity 5958K, committed 6064K, reserved 6448K
}
Event: 2.071 GC heap before
{Heap before GC invocations=4 (full 0):
 PSYoungGen      total 19200K, used 19191K [0xd2ac0000, 0xd4000000, 0xe8000000)
  eden space 16640K, 100% used [0xd2ac0000,0xd3b00000,0xd3b00000)
  from space 2560K, 99% used [0xd3b00000,0xd3d7dff0,0xd3d80000)
  to   space 2560K, 0% used [0xd3d80000,0xd3d80000,0xd4000000)
 ParOldGen       total 43776K, used 2562K [0xa8000000, 0xaaac0000, 0xd2ac0000)
  object space 43776K, 5% used [0xa8000000,0xa8280930,0xaaac0000)
 Metaspace       used 5927K, capacity 6118K, committed 6192K, reserved 6448K
Event: 2.073 GC heap after
Heap after GC invocations=4 (full 0):
 PSYoungGen      total 19200K, used 2544K [0xd2ac0000, 0xd4000000, 0xe8000000)
  eden space 16640K, 0% used [0xd2ac0000,0xd2ac0000,0xd3b00000)
  from space 2560K, 99% used [0xd3d80000,0xd3ffc160,0xd4000000)
  to   space 2560K, 0% used [0xd3b00000,0xd3b00000,0xd3d80000)
 ParOldGen       total 43776K, used 2728K [0xa8000000, 0xaaac0000, 0xd2ac0000)
  object space 43776K, 6% used [0xa8000000,0xa82aa088,0xaaac0000)
 Metaspace       used 5927K, capacity 6118K, committed 6192K, reserved 6448K
}
Event: 2.199 GC heap before
{Heap before GC invocations=5 (full 0):
 PSYoungGen      total 19200K, used 19184K [0xd2ac0000, 0xd4000000, 0xe8000000)
  eden space 16640K, 100% used [0xd2ac0000,0xd3b00000,0xd3b00000)
  from space 2560K, 99% used [0xd3d80000,0xd3ffc160,0xd4000000)
  to   space 2560K, 0% used [0xd3b00000,0xd3b00000,0xd3d80000)
 ParOldGen       total 43776K, used 2728K [0xa8000000, 0xaaac0000, 0xd2ac0000)
  object space 43776K, 6% used [0xa8000000,0xa82aa088,0xaaac0000)
 Metaspace       used 5983K, capacity 6182K, committed 6192K, reserved 6448K
Event: 2.201 GC heap after
Heap after GC invocations=5 (full 0):
 PSYoungGen      total 19200K, used 2552K [0xd2ac0000, 0xd5440000, 0xe8000000)
  eden space 16640K, 0% used [0xd2ac0000,0xd2ac0000,0xd3b00000)
  from space 2560K, 99% used [0xd3b00000,0xd3d7e060,0xd3d80000)
  to   space 4608K, 0% used [0xd4fc0000,0xd4fc0000,0xd5440000)
 ParOldGen       total 43776K, used 2772K [0xa8000000, 0xaaac0000, 0xd2ac0000)
  object space 43776K, 6% used [0xa8000000,0xa82b5220,0xaaac0000)
 Metaspace       used 5983K, capacity 6182K, committed 6192K, reserved 6448K
}
Event: 2.326 GC heap before
{Heap before GC invocations=6 (full 0):
 PSYoungGen      total 19200K, used 19178K [0xd2ac0000, 0xd5440000, 0xe8000000)
  eden space 16640K, 99% used [0xd2ac0000,0xd3afc9a0,0xd3b00000)
  from space 2560K, 99% used [0xd3b00000,0xd3d7e060,0xd3d80000)
  to   space 4608K, 0% used [0xd4fc0000,0xd4fc0000,0xd5440000)
 ParOldGen       total 43776K, used 2772K [0xa8000000, 0xaaac0000, 0xd2ac0000)
  object space 43776K, 6% used [0xa8000000,0xa82b5220,0xaaac0000)
 Metaspace       used 6067K, capacity 6293K, committed 6320K, reserved 6448K
Event: 2.330 GC heap after
Heap after GC invocations=6 (full 0):
 PSYoungGen      total 37888K, used 2771K [0xd2ac0000, 0xd5440000, 0xe8000000)
  eden space 33280K, 0% used [0xd2ac0000,0xd2ac0000,0xd4b40000)
  from space 4608K, 60% used [0xd4fc0000,0xd5274d80,0xd5440000)
  to   space 4608K, 0% used [0xd4b40000,0xd4b40000,0xd4fc0000)
 ParOldGen       total 43776K, used 2776K [0xa8000000, 0xaaac0000, 0xd2ac0000)
  object space 43776K, 6% used [0xa8000000,0xa82b6220,0xaaac0000)
 Metaspace       used 6067K, capacity 6293K, committed 6320K, reserved 6448K
}

