Build wurde durch eine SCM-Änderung ausgelöst.
Baue auf Master
Checking out svn://192.168.120.2/dev2/tests/PF/PF_DRV_IIC_FPGA/trunk
A         build
A         build\Hudson
AU        build\Hudson\build.bat
A         build\CCS3_64X
AU        build\CCS3_64X\maintest.pjt
AU        build\CCS3_64X\pf-bios-small.tcf
A         build\CCS3_64X\maintest.CS_
AU        build\CCS3_64X\maintest.CS_\SYMBOL.DBF
AU        build\CCS3_64X\maintest.CS_\SYMBOL.CDX
AU        build\CCS3_64X\maintest.CS_\FILE.FPT
AU        build\CCS3_64X\maintest.CS_\FILE.DBF
AU        build\CCS3_64X\maintest.CS_\FILE.CDX
AU        build\CCS3_64X\maintest.CS_\SYMBOL.FPT
A         ext
A         src
AU        src\UnitTest.cpp
AU        src\TemplateInstantiation.cpp
AU        src\Version.cpp
AU        src\TestCase.cpp
A         inc
AU        inc\Version.h.in
AU        inc\TestCase.h
AU        inc\pf_std_logger_inc.h
 U        .
Hole 'svn://192.168.120.2/dev2/libraries/PF/PF_STD_VERSION/trunk' aus Revision -1 in Datei 'C:\hudson\jobs\PF_DRV_IIC_FPGA_Test\workspace\trunk\ext\PF_STD_VERSION' 
A         ext\PF_STD_VERSION\build
A         ext\PF_STD_VERSION\build\Hudson
AU        ext\PF_STD_VERSION\build\Hudson\build.bat
A         ext\PF_STD_VERSION\build\VC9
AU        ext\PF_STD_VERSION\build\VC9\PF_STD_VERSION.sln
AU        ext\PF_STD_VERSION\build\VC9\PF_STD_VERSION.vcproj
AU        ext\PF_STD_VERSION\build\VC9\stdint.h
AU        ext\PF_STD_VERSION\build\contents-readme.txt
A         ext\PF_STD_VERSION\build\VC10
AU        ext\PF_STD_VERSION\build\VC10\PF_STD_VERSION.sln
AU        ext\PF_STD_VERSION\build\VC10\PF_STD_VERSION.vcxproj.filters
AU        ext\PF_STD_VERSION\build\VC10\PF_STD_VERSION.vcxproj
A         ext\PF_STD_VERSION\build\CCS3_64X
AU        ext\PF_STD_VERSION\build\CCS3_64X\PF_STD_VERSION.pjt
AU        ext\PF_STD_VERSION\build\version_scm.bat
A         ext\PF_STD_VERSION\build\doxygen
AU        ext\PF_STD_VERSION\build\doxygen\config.doxy
A         ext\PF_STD_VERSION\build\doxygen\src
AU        ext\PF_STD_VERSION\build\doxygen\src\mainpage.txt
AU        ext\PF_STD_VERSION\build\doxygen\src\footer.html
AU        ext\PF_STD_VERSION\build\doxygen\src\pfLogoFA.jpg
AU        ext\PF_STD_VERSION\build\doxygen\rundoxy.bat
AU        ext\PF_STD_VERSION\readme-first.txt
A         ext\PF_STD_VERSION\doc
A         ext\PF_STD_VERSION\doc\chm
AU        ext\PF_STD_VERSION\doc\ReadMe.txt
A         ext\PF_STD_VERSION\doc\templates
AU        ext\PF_STD_VERSION\doc\templates\Version.h.in
AU        ext\PF_STD_VERSION\doc\templates\Version.cpp
A         ext\PF_STD_VERSION\lib
A         ext\PF_STD_VERSION\src
AU        ext\PF_STD_VERSION\src\VersionBase.cpp
AU        ext\PF_STD_VERSION\src\Version.cpp
A         ext\PF_STD_VERSION\inc
AU        ext\PF_STD_VERSION\inc\VersionBase.h
A         ext\PF_STD_VERSION\inc_priv
AU        ext\PF_STD_VERSION\inc_priv\Version.h.in
A         ext\PF_STD_VERSION\obj
 U        ext\PF_STD_VERSION
At revision 2410
Hole 'svn://192.168.120.2/dev2/libraries/PF/PF_STD_LOGGER/trunk' aus Revision -1 in Datei 'C:\hudson\jobs\PF_DRV_IIC_FPGA_Test\workspace\trunk\ext\PF_STD_LOGGER' 
A         ext\PF_STD_LOGGER\build
A         ext\PF_STD_LOGGER\build\hudson
AU        ext\PF_STD_LOGGER\build\hudson\hudson-check.bat
AU        ext\PF_STD_LOGGER\build\hudson\ccs-build-64xx-simulator.ps1
A         ext\PF_STD_LOGGER\build\VC9
A         ext\PF_STD_LOGGER\build\VC9\PF_STD_LOGGER.vcproj
A         ext\PF_STD_LOGGER\build\VC9\PF_STD_LOGGER.sln
A         ext\PF_STD_LOGGER\build\VC9\stdint.h
A         ext\PF_STD_LOGGER\build\VC10
AU        ext\PF_STD_LOGGER\build\VC10\PF_STD_LOGGER.vcxproj.filters
AU        ext\PF_STD_LOGGER\build\VC10\PF_STD_LOGGER.vcxproj
AU        ext\PF_STD_LOGGER\build\VC10\PF_STD_LOGGER.sln
A         ext\PF_STD_LOGGER\build\CCS3_64X
AU        ext\PF_STD_LOGGER\build\CCS3_64X\pf_std_logger.pjt
A         ext\PF_STD_LOGGER\build\doxygen
AU        ext\PF_STD_LOGGER\build\doxygen\config.doxy
A         ext\PF_STD_LOGGER\build\doxygen\src
AU        ext\PF_STD_LOGGER\build\doxygen\src\mainpage.txt
AU        ext\PF_STD_LOGGER\build\doxygen\src\footer.html
AU        ext\PF_STD_LOGGER\build\doxygen\src\logdemo.cpp
AU        ext\PF_STD_LOGGER\build\doxygen\src\logdemo2.cpp
AU        ext\PF_STD_LOGGER\build\doxygen\src\pfLogoFA.jpg
AU        ext\PF_STD_LOGGER\build\doxygen\rundoxy.bat
AU        ext\PF_STD_LOGGER\build\doxygen\rundoxybyclick.bat
AU        ext\PF_STD_LOGGER\depends.txt
A         ext\PF_STD_LOGGER\doc
A         ext\PF_STD_LOGGER\doc\chm
A         ext\PF_STD_LOGGER\doc\template
A         ext\PF_STD_LOGGER\doc\template\pf_std_logger_inc.h
A         ext\PF_STD_LOGGER\lib
A         ext\PF_STD_LOGGER\src
AU        ext\PF_STD_LOGGER\src\pf_std_logger.cpp
AU        ext\PF_STD_LOGGER\src\Version.cpp
AU        ext\PF_STD_LOGGER\src\logObserverBreakpoint.cpp
AU        ext\PF_STD_LOGGER\src\logObserverFifoBuf.cpp
AU        ext\PF_STD_LOGGER\src\logObserverStdout.cpp
A         ext\PF_STD_LOGGER\inc
AU        ext\PF_STD_LOGGER\inc\logObserverFifoBuf.h
AU        ext\PF_STD_LOGGER\inc\logObserverStdout.h
AU        ext\PF_STD_LOGGER\inc\pf_std_logger.h
AU        ext\PF_STD_LOGGER\inc\ILogObserver.h
AU        ext\PF_STD_LOGGER\inc\pf_assert.h
AU        ext\PF_STD_LOGGER\inc\logObserverBreakpoint.h
A         ext\PF_STD_LOGGER\inc_priv
AU        ext\PF_STD_LOGGER\inc_priv\Version.h.in
AU        ext\PF_STD_LOGGER\inc_priv\pf_std_logger_extern.h
AU        ext\PF_STD_LOGGER\inc_priv\pf_logger.h
A         ext\PF_STD_LOGGER\inc_priv\pf_std_logger_inc.h
A         ext\PF_STD_LOGGER\obj
 U        ext\PF_STD_LOGGER
At revision 2410
Hole 'svn://192.168.120.2/dev2/libraries/PF/PF_STD_OS/trunk' aus Revision -1 in Datei 'C:\hudson\jobs\PF_DRV_IIC_FPGA_Test\workspace\trunk\ext\PF_STD_OS' 
A         ext\PF_STD_OS\build
A         ext\PF_STD_OS\build\hudson
AU        ext\PF_STD_OS\build\hudson\hudson-check.bat
AU        ext\PF_STD_OS\build\hudson\ccs-build-64xx-simulator.ps1
A         ext\PF_STD_OS\build\VC9
AU        ext\PF_STD_OS\build\VC9\PF_STD_OS.vcproj
AU        ext\PF_STD_OS\build\VC9\PF_STD_OS.sln
AU        ext\PF_STD_OS\build\VC9\stdint.h
A         ext\PF_STD_OS\build\lint
AU        ext\PF_STD_OS\build\lint\lint-check.bat
A         ext\PF_STD_OS\build\VC10
AU        ext\PF_STD_OS\build\VC10\PF_STD_OS.vcxproj.filters
AU        ext\PF_STD_OS\build\VC10\PF_STD_OS.vcxproj
AU        ext\PF_STD_OS\build\VC10\PF_STD_OS.sln
A         ext\PF_STD_OS\build\CCS3_64X
AU        ext\PF_STD_OS\build\CCS3_64X\pf_std_os.pjt
A         ext\PF_STD_OS\build\doxygen
AU        ext\PF_STD_OS\build\doxygen\config.doxy
A         ext\PF_STD_OS\build\doxygen\src
AU        ext\PF_STD_OS\build\doxygen\src\mainpage.txt
AU        ext\PF_STD_OS\build\doxygen\src\footer.html
AU        ext\PF_STD_OS\build\doxygen\src\lockExample.cpp
AU        ext\PF_STD_OS\build\doxygen\src\pfLogoFA.jpg
AU        ext\PF_STD_OS\build\doxygen\rundoxy.bat
AU        ext\PF_STD_OS\build\doxygen\rundoxybyclick.bat
AU        ext\PF_STD_OS\depends.txt
A         ext\PF_STD_OS\doc
A         ext\PF_STD_OS\doc\chm
A         ext\PF_STD_OS\lib
A         ext\PF_STD_OS\src
AU        ext\PF_STD_OS\src\pf_memcpy.cpp
AU        ext\PF_STD_OS\src\pf_bios.cpp
AU        ext\PF_STD_OS\src\pf_time.cpp
AU        ext\PF_STD_OS\src\Version.cpp
AU        ext\PF_STD_OS\src\pf_lock.cpp
AU        ext\PF_STD_OS\src\pf_memory.cpp
AU        ext\PF_STD_OS\src\pf_sleep.cpp
A         ext\PF_STD_OS\inc
AU        ext\PF_STD_OS\inc\pf_optimization.h
AU        ext\PF_STD_OS\inc\pf_lock.h
A         ext\PF_STD_OS\inc\pf_memory.h
AU        ext\PF_STD_OS\inc\pf_sleep.h
AU        ext\PF_STD_OS\inc\pf_memcpy.h
AU        ext\PF_STD_OS\inc\pf_bios.h
A         ext\PF_STD_OS\inc\pf_time.h
A         ext\PF_STD_OS\inc_priv
AU        ext\PF_STD_OS\inc_priv\Version.h.in
AU        ext\PF_STD_OS\inc_priv\pf_std_logger_inc.h
A         ext\PF_STD_OS\obj
 U        ext\PF_STD_OS
At revision 2410
Hole 'svn://192.168.120.2/dev2/libraries/PF/PF_DRV_IIC/trunk' aus Revision -1 in Datei 'C:\hudson\jobs\PF_DRV_IIC_FPGA_Test\workspace\trunk\ext\PF_DRV_IIC' 
A         ext\PF_DRV_IIC\build
A         ext\PF_DRV_IIC\build\hudson
AU        ext\PF_DRV_IIC\build\hudson\hudson-check.bat
AU        ext\PF_DRV_IIC\build\hudson\ccs-build-64xx-simulator.ps1
A         ext\PF_DRV_IIC\build\CCS3_64X
AU        ext\PF_DRV_IIC\build\CCS3_64X\ccsSetConfig.bat
AU        ext\PF_DRV_IIC\build\CCS3_64X\pf_drv_iic.pjt
A         ext\PF_DRV_IIC\build\doxygen
AU        ext\PF_DRV_IIC\build\doxygen\config.doxy
A         ext\PF_DRV_IIC\build\doxygen\src
AU        ext\PF_DRV_IIC\build\doxygen\src\footer.html
AU        ext\PF_DRV_IIC\build\doxygen\src\pfLogoFA.jpg
AU        ext\PF_DRV_IIC\build\doxygen\rundoxy.bat
AU        ext\PF_DRV_IIC\build\doxygen\rundoxybyclick.bat
AU        ext\PF_DRV_IIC\depends.txt
A         ext\PF_DRV_IIC\doc
A         ext\PF_DRV_IIC\lib
A         ext\PF_DRV_IIC\src
AU        ext\PF_DRV_IIC\src\iic_private.cpp
AU        ext\PF_DRV_IIC\src\iic.cpp
AU        ext\PF_DRV_IIC\src\Version.cpp
A         ext\PF_DRV_IIC\inc
AU        ext\PF_DRV_IIC\inc\pf_drv_iic.h
A         ext\PF_DRV_IIC\inc_priv
AU        ext\PF_DRV_IIC\inc_priv\iic_externals.h
AU        ext\PF_DRV_IIC\inc_priv\Version.h.in
AU        ext\PF_DRV_IIC\inc_priv\iic_private.h
AU        ext\PF_DRV_IIC\inc_priv\pf_std_logger_inc.h
A         ext\PF_DRV_IIC\obj
 U        ext\PF_DRV_IIC
At revision 2410
Hole 'svn://192.168.120.2/dev2/libraries/PF/PF_DRV_IIC_FPGA/trunk' aus Revision -1 in Datei 'C:\hudson\jobs\PF_DRV_IIC_FPGA_Test\workspace\trunk\ext\PF_DRV_IIC_FPGA' 
A         ext\PF_DRV_IIC_FPGA\build
A         ext\PF_DRV_IIC_FPGA\build\hudson
AU        ext\PF_DRV_IIC_FPGA\build\hudson\hudson-check.bat
AU        ext\PF_DRV_IIC_FPGA\build\hudson\ccs-build-64xx-simulator.ps1
A         ext\PF_DRV_IIC_FPGA\build\CCS3_64X
AU        ext\PF_DRV_IIC_FPGA\build\CCS3_64X\pf_drv_iic_fpga.pjt
A         ext\PF_DRV_IIC_FPGA\build\doxygen
AU        ext\PF_DRV_IIC_FPGA\build\doxygen\config.doxy
A         ext\PF_DRV_IIC_FPGA\build\doxygen\src
AU        ext\PF_DRV_IIC_FPGA\build\doxygen\src\mainpage.txt
AU        ext\PF_DRV_IIC_FPGA\build\doxygen\src\footer.html
AU        ext\PF_DRV_IIC_FPGA\build\doxygen\src\pfLogoFA.jpg
AU        ext\PF_DRV_IIC_FPGA\build\doxygen\src\example1.cpp
AU        ext\PF_DRV_IIC_FPGA\build\doxygen\src\example2.cpp
AU        ext\PF_DRV_IIC_FPGA\build\doxygen\rundoxy.bat
AU        ext\PF_DRV_IIC_FPGA\depends.txt
A         ext\PF_DRV_IIC_FPGA\doc
A         ext\PF_DRV_IIC_FPGA\doc\chm
A         ext\PF_DRV_IIC_FPGA\lib
A         ext\PF_DRV_IIC_FPGA\src
AU        ext\PF_DRV_IIC_FPGA\src\pf_drv_iic_fpga.cpp
AU        ext\PF_DRV_IIC_FPGA\src\Version.cpp
A         ext\PF_DRV_IIC_FPGA\inc
AU        ext\PF_DRV_IIC_FPGA\inc\pf_drv_iic_fpga.h
A         ext\PF_DRV_IIC_FPGA\inc_priv
AU        ext\PF_DRV_IIC_FPGA\inc_priv\Version.h.in
AU        ext\PF_DRV_IIC_FPGA\inc_priv\drv_iic_fpga_register.h
AU        ext\PF_DRV_IIC_FPGA\inc_priv\pf_std_logger_inc.h
A         ext\PF_DRV_IIC_FPGA\obj
 U        ext\PF_DRV_IIC_FPGA
At revision 2410
Hole 'svn://192.168.120.2/dev2/libraries/PF/PF_DRV_IIC_DEVICE/trunk' aus Revision -1 in Datei 'C:\hudson\jobs\PF_DRV_IIC_FPGA_Test\workspace\trunk\ext\PF_DRV_IIC_DEVICE' 
A         ext\PF_DRV_IIC_DEVICE\build
A         ext\PF_DRV_IIC_DEVICE\build\hudson
AU        ext\PF_DRV_IIC_DEVICE\build\hudson\hudson-check.bat
AU        ext\PF_DRV_IIC_DEVICE\build\hudson\ccs-build-64xx-simulator.ps1
A         ext\PF_DRV_IIC_DEVICE\build\CCS3_64X
AU        ext\PF_DRV_IIC_DEVICE\build\CCS3_64X\pf_drv_iic_device.pjt
A         ext\PF_DRV_IIC_DEVICE\build\doxygen
AU        ext\PF_DRV_IIC_DEVICE\build\doxygen\config.doxy
A         ext\PF_DRV_IIC_DEVICE\build\doxygen\src
AU        ext\PF_DRV_IIC_DEVICE\build\doxygen\src\mainpage.txt
AU        ext\PF_DRV_IIC_DEVICE\build\doxygen\src\footer.html
AU        ext\PF_DRV_IIC_DEVICE\build\doxygen\src\pfLogoFA.jpg
AU        ext\PF_DRV_IIC_DEVICE\build\doxygen\src\example1.cpp
AU        ext\PF_DRV_IIC_DEVICE\build\doxygen\src\example2.cpp
AU        ext\PF_DRV_IIC_DEVICE\build\doxygen\rundoxy.bat
AU        ext\PF_DRV_IIC_DEVICE\depends.txt
A         ext\PF_DRV_IIC_DEVICE\doc
A         ext\PF_DRV_IIC_DEVICE\doc\chm
A         ext\PF_DRV_IIC_DEVICE\lib
A         ext\PF_DRV_IIC_DEVICE\src
AU        ext\PF_DRV_IIC_DEVICE\src\Version.cpp
AU        ext\PF_DRV_IIC_DEVICE\src\IicDeviceVersion.cpp
A         ext\PF_DRV_IIC_DEVICE\inc
AU        ext\PF_DRV_IIC_DEVICE\inc\IicDeviceVersion.h
A         ext\PF_DRV_IIC_DEVICE\inc_priv
AU        ext\PF_DRV_IIC_DEVICE\inc_priv\Version.h.in
AU        ext\PF_DRV_IIC_DEVICE\inc_priv\pf_std_logger_inc.h
A         ext\PF_DRV_IIC_DEVICE\obj
 U        ext\PF_DRV_IIC_DEVICE
At revision 2410
Hole 'svn://192.168.120.2/dev2/libraries/SF/SF_CPPUNIT/trunk' aus Revision -1 in Datei 'C:\hudson\jobs\PF_DRV_IIC_FPGA_Test\workspace\trunk\ext\SF_CPPUNIT' 
A         ext\SF_CPPUNIT\build
A         ext\SF_CPPUNIT\build\hudson
AU        ext\SF_CPPUNIT\build\hudson\hudson-check.bat
AU        ext\SF_CPPUNIT\build\hudson\ccs-build-64xx-simulator.ps1
A         ext\SF_CPPUNIT\build\VC9
AU        ext\SF_CPPUNIT\build\VC9\SF_CPPUNIT.sln
AU        ext\SF_CPPUNIT\build\VC9\SF_CPPUNIT.vcproj
A         ext\SF_CPPUNIT\build\VC10
AU        ext\SF_CPPUNIT\build\VC10\SF_CPPUNIT.vcxproj
AU        ext\SF_CPPUNIT\build\VC10\SF_CPPUNIT.sln
AU        ext\SF_CPPUNIT\build\VC10\SF_CPPUNIT.vcxproj.filters
A         ext\SF_CPPUNIT\build\CCS3_64X
AU        ext\SF_CPPUNIT\build\CCS3_64X\sf_cppunit.pjt
A         ext\SF_CPPUNIT\build\doxygen
AU        ext\SF_CPPUNIT\build\doxygen\config.doxy
A         ext\SF_CPPUNIT\build\doxygen\src
AU        ext\SF_CPPUNIT\build\doxygen\src\mainpage.txt
AU        ext\SF_CPPUNIT\build\doxygen\src\footer.html
AU        ext\SF_CPPUNIT\build\doxygen\src\pfLogoFA.jpg
AU        ext\SF_CPPUNIT\build\doxygen\src\example1.cpp
AU        ext\SF_CPPUNIT\build\doxygen\src\example2.cpp
AU        ext\SF_CPPUNIT\build\doxygen\rundoxy.bat
AU        ext\SF_CPPUNIT\VERSION cppunit-1.12.1.txt
A         ext\SF_CPPUNIT\doc
A         ext\SF_CPPUNIT\doc\chm
A         ext\SF_CPPUNIT\lib
A         ext\SF_CPPUNIT\src
AU        ext\SF_CPPUNIT\src\XmlDocument.cpp
AU        ext\SF_CPPUNIT\src\TestFactoryRegistry.cpp
AU        ext\SF_CPPUNIT\src\DynamicLibraryManager.cpp
AU        ext\SF_CPPUNIT\src\TestSuiteBuilderContext.cpp
AU        ext\SF_CPPUNIT\src\SynchronizedObject.cpp
AU        ext\SF_CPPUNIT\src\TestLeaf.cpp
AU        ext\SF_CPPUNIT\src\SourceLine.cpp
AU        ext\SF_CPPUNIT\src\TestRunner.cpp
AU        ext\SF_CPPUNIT\src\XmlElement.cpp
AU        ext\SF_CPPUNIT\src\ShlDynamicLibraryManager.cpp
AU        ext\SF_CPPUNIT\src\AdditionalMessage.cpp
AU        ext\SF_CPPUNIT\src\TestCaseDecorator.cpp
AU        ext\SF_CPPUNIT\src\TestResult.cpp
AU        ext\SF_CPPUNIT\src\TestSuccessListener.cpp
AU        ext\SF_CPPUNIT\src\TextTestProgressListener.cpp
AU        ext\SF_CPPUNIT\src\TextOutputter.cpp
AU        ext\SF_CPPUNIT\src\DllMain.cpp
AU        ext\SF_CPPUNIT\src\TestDecorator.cpp
AU        ext\SF_CPPUNIT\src\DynamicLibraryManagerException.cpp
AU        ext\SF_CPPUNIT\src\Message.cpp
AU        ext\SF_CPPUNIT\src\TestPlugInDefaultImpl.cpp
AU        ext\SF_CPPUNIT\src\DefaultProtector.cpp
AU        ext\SF_CPPUNIT\src\StringTools.cpp
AU        ext\SF_CPPUNIT\src\TestFailure.cpp
AU        ext\SF_CPPUNIT\src\Asserter.cpp
AU        ext\SF_CPPUNIT\src\TestSuite.cpp
AU        ext\SF_CPPUNIT\src\ProtectorChain.h
AU        ext\SF_CPPUNIT\src\RepeatedTest.cpp
AU        ext\SF_CPPUNIT\src\ProtectorContext.h
AU        ext\SF_CPPUNIT\src\Exception.cpp
AU        ext\SF_CPPUNIT\src\TestSetUp.cpp
AU        ext\SF_CPPUNIT\src\TestAssert.cpp
AU        ext\SF_CPPUNIT\src\TestComposite.cpp
AU        ext\SF_CPPUNIT\src\TestNamer.cpp
AU        ext\SF_CPPUNIT\src\CompilerOutputter.cpp
AU        ext\SF_CPPUNIT\src\UnixDynamicLibraryManager.cpp
AU        ext\SF_CPPUNIT\src\TestCase.cpp
AU        ext\SF_CPPUNIT\src\BeOsDynamicLibraryManager.cpp
AU        ext\SF_CPPUNIT\src\XmlOutputterHook.cpp
AU        ext\SF_CPPUNIT\src\TextTestRunner.cpp
AU        ext\SF_CPPUNIT\src\Test.cpp
AU        ext\SF_CPPUNIT\src\Protector.cpp
AU        ext\SF_CPPUNIT\src\BriefTestProgressListener.cpp
AU        ext\SF_CPPUNIT\src\PlugInParameters.cpp
AU        ext\SF_CPPUNIT\src\TextTestResult.cpp
AU        ext\SF_CPPUNIT\src\ProtectorChain.cpp
AU        ext\SF_CPPUNIT\src\TestResultCollector.cpp
AU        ext\SF_CPPUNIT\src\Version.cpp
AU        ext\SF_CPPUNIT\src\pf_xxx_yyy.cpp
AU        ext\SF_CPPUNIT\src\Win32DynamicLibraryManager.cpp
AU        ext\SF_CPPUNIT\src\PlugInManager.cpp
AU        ext\SF_CPPUNIT\src\DefaultProtector.h
AU        ext\SF_CPPUNIT\src\TestPath.cpp
AU        ext\SF_CPPUNIT\src\XmlOutputter.cpp
AU        ext\SF_CPPUNIT\src\TypeInfoHelper.cpp
A         ext\SF_CPPUNIT\inc
A         ext\SF_CPPUNIT\inc\cppunit
AU        ext\SF_CPPUNIT\inc\cppunit\TestSuite.h
AU        ext\SF_CPPUNIT\inc\cppunit\Exception.h
AU        ext\SF_CPPUNIT\inc\cppunit\TestAssert.h
AU        ext\SF_CPPUNIT\inc\cppunit\Portability.h
AU        ext\SF_CPPUNIT\inc\cppunit\TestComposite.h
AU        ext\SF_CPPUNIT\inc\cppunit\CompilerOutputter.h
A         ext\SF_CPPUNIT\inc\cppunit\plugin
AU        ext\SF_CPPUNIT\inc\cppunit\plugin\PlugInManager.h
AU        ext\SF_CPPUNIT\inc\cppunit\plugin\Makefile.in
AU        ext\SF_CPPUNIT\inc\cppunit\plugin\TestPlugIn.h
AU        ext\SF_CPPUNIT\inc\cppunit\plugin\PlugInParameters.h
AU        ext\SF_CPPUNIT\inc\cppunit\plugin\DynamicLibraryManagerException.h
AU        ext\SF_CPPUNIT\inc\cppunit\plugin\Makefile.am
AU        ext\SF_CPPUNIT\inc\cppunit\plugin\DynamicLibraryManager.h
AU        ext\SF_CPPUNIT\inc\cppunit\plugin\TestPlugInDefaultImpl.h
A         ext\SF_CPPUNIT\inc\cppunit\extensions
AU        ext\SF_CPPUNIT\inc\cppunit\extensions\RepeatedTest.h
AU        ext\SF_CPPUNIT\inc\cppunit\extensions\Makefile.in
AU        ext\SF_CPPUNIT\inc\cppunit\extensions\TypeInfoHelper.h
AU        ext\SF_CPPUNIT\inc\cppunit\extensions\ExceptionTestCaseDecorator.h
AU        ext\SF_CPPUNIT\inc\cppunit\extensions\TestFactoryRegistry.h
AU        ext\SF_CPPUNIT\inc\cppunit\extensions\TestSetUp.h
AU        ext\SF_CPPUNIT\inc\cppunit\extensions\TestNamer.h
AU        ext\SF_CPPUNIT\inc\cppunit\extensions\TestSuiteBuilderContext.h
AU        ext\SF_CPPUNIT\inc\cppunit\extensions\Orthodox.h
AU        ext\SF_CPPUNIT\inc\cppunit\extensions\TestFactory.h
AU        ext\SF_CPPUNIT\inc\cppunit\extensions\TestCaseDecorator.h
AU        ext\SF_CPPUNIT\inc\cppunit\extensions\TestFixtureFactory.h
AU        ext\SF_CPPUNIT\inc\cppunit\extensions\TestSuiteFactory.h
AU        ext\SF_CPPUNIT\inc\cppunit\extensions\TestDecorator.h
AU        ext\SF_CPPUNIT\inc\cppunit\extensions\Makefile.am
AU        ext\SF_CPPUNIT\inc\cppunit\extensions\HelperMacros.h
AU        ext\SF_CPPUNIT\inc\cppunit\extensions\AutoRegisterSuite.h
A         ext\SF_CPPUNIT\inc\cppunit\tools
AU        ext\SF_CPPUNIT\inc\cppunit\tools\XmlElement.h
AU        ext\SF_CPPUNIT\inc\cppunit\tools\Makefile.in
AU        ext\SF_CPPUNIT\inc\cppunit\tools\XmlDocument.h
AU        ext\SF_CPPUNIT\inc\cppunit\tools\Makefile.am
AU        ext\SF_CPPUNIT\inc\cppunit\tools\Algorithm.h
AU        ext\SF_CPPUNIT\inc\cppunit\tools\StringTools.h
AU        ext\SF_CPPUNIT\inc\cppunit\TestCase.h
AU        ext\SF_CPPUNIT\inc\cppunit\config-auto.h
A         ext\SF_CPPUNIT\inc\cppunit\portability
AU        ext\SF_CPPUNIT\inc\cppunit\portability\Stream.h
AU        ext\SF_CPPUNIT\inc\cppunit\portability\Makefile.in
AU        ext\SF_CPPUNIT\inc\cppunit\portability\FloatingPoint.h
AU        ext\SF_CPPUNIT\inc\cppunit\portability\CppUnitSet.h
AU        ext\SF_CPPUNIT\inc\cppunit\portability\CppUnitMap.h
AU        ext\SF_CPPUNIT\inc\cppunit\portability\Makefile.am
AU        ext\SF_CPPUNIT\inc\cppunit\portability\CppUnitVector.h
AU        ext\SF_CPPUNIT\inc\cppunit\portability\CppUnitDeque.h
AU        ext\SF_CPPUNIT\inc\cppunit\portability\CppUnitStack.h
AU        ext\SF_CPPUNIT\inc\cppunit\XmlOutputterHook.h
AU        ext\SF_CPPUNIT\inc\cppunit\TextTestRunner.h
AU        ext\SF_CPPUNIT\inc\cppunit\Test.h
AU        ext\SF_CPPUNIT\inc\cppunit\Protector.h
AU        ext\SF_CPPUNIT\inc\cppunit\BriefTestProgressListener.h
AU        ext\SF_CPPUNIT\inc\cppunit\TextTestResult.h
AU        ext\SF_CPPUNIT\inc\cppunit\TestResultCollector.h
AU        ext\SF_CPPUNIT\inc\cppunit\pf_xxx_yyy.h
AU        ext\SF_CPPUNIT\inc\cppunit\TestFixture.h
AU        ext\SF_CPPUNIT\inc\cppunit\TestPath.h
AU        ext\SF_CPPUNIT\inc\cppunit\XmlOutputter.h
AU        ext\SF_CPPUNIT\inc\cppunit\TestCaller.h
AU        ext\SF_CPPUNIT\inc\cppunit\SynchronizedObject.h
AU        ext\SF_CPPUNIT\inc\cppunit\TestLeaf.h
AU        ext\SF_CPPUNIT\inc\cppunit\SourceLine.h
AU        ext\SF_CPPUNIT\inc\cppunit\TestRunner.h
AU        ext\SF_CPPUNIT\inc\cppunit\Outputter.h
AU        ext\SF_CPPUNIT\inc\cppunit\AdditionalMessage.h
AU        ext\SF_CPPUNIT\inc\cppunit\TestResult.h
AU        ext\SF_CPPUNIT\inc\cppunit\TestSuccessListener.h
AU        ext\SF_CPPUNIT\inc\cppunit\TextTestProgressListener.h
A         ext\SF_CPPUNIT\inc\cppunit\config
AU        ext\SF_CPPUNIT\inc\cppunit\config\CppUnitApi.h
AU        ext\SF_CPPUNIT\inc\cppunit\config\Makefile.in
AU        ext\SF_CPPUNIT\inc\cppunit\config\SourcePrefix.h
AU        ext\SF_CPPUNIT\inc\cppunit\config\config-bcb5.h
AU        ext\SF_CPPUNIT\inc\cppunit\config\config-msvc6.h
AU        ext\SF_CPPUNIT\inc\cppunit\config\SelectDllLoader.h
AU        ext\SF_CPPUNIT\inc\cppunit\config\Makefile.am
AU        ext\SF_CPPUNIT\inc\cppunit\config\config-mac.h
AU        ext\SF_CPPUNIT\inc\cppunit\config\config-evc4.h
AU        ext\SF_CPPUNIT\inc\cppunit\TextOutputter.h
AU        ext\SF_CPPUNIT\inc\cppunit\Message.h
AU        ext\SF_CPPUNIT\inc\cppunit\TestListener.h
AU        ext\SF_CPPUNIT\inc\cppunit\TestFailure.h
A         ext\SF_CPPUNIT\inc\cppunit\ui
AU        ext\SF_CPPUNIT\inc\cppunit\ui\Makefile.in
A         ext\SF_CPPUNIT\inc\cppunit\ui\qt
AU        ext\SF_CPPUNIT\inc\cppunit\ui\qt\TestRunner.h
AU        ext\SF_CPPUNIT\inc\cppunit\ui\qt\Makefile.in
AU        ext\SF_CPPUNIT\inc\cppunit\ui\qt\QtTestRunner.h
AU        ext\SF_CPPUNIT\inc\cppunit\ui\qt\Makefile.am
AU        ext\SF_CPPUNIT\inc\cppunit\ui\qt\Config.h
A         ext\SF_CPPUNIT\inc\cppunit\ui\text
AU        ext\SF_CPPUNIT\inc\cppunit\ui\text\TestRunner.h
AU        ext\SF_CPPUNIT\inc\cppunit\ui\text\Makefile.in
AU        ext\SF_CPPUNIT\inc\cppunit\ui\text\TextTestRunner.h
AU        ext\SF_CPPUNIT\inc\cppunit\ui\text\Makefile.am
A         ext\SF_CPPUNIT\inc\cppunit\ui\mfc
AU        ext\SF_CPPUNIT\inc\cppunit\ui\mfc\TestRunner.h
AU        ext\SF_CPPUNIT\inc\cppunit\ui\mfc\Makefile.in
AU        ext\SF_CPPUNIT\inc\cppunit\ui\mfc\MfcTestRunner.h
AU        ext\SF_CPPUNIT\inc\cppunit\ui\mfc\Makefile.am
AU        ext\SF_CPPUNIT\inc\cppunit\ui\Makefile.am
AU        ext\SF_CPPUNIT\inc\cppunit\Asserter.h
A         ext\SF_CPPUNIT\import
AU        ext\SF_CPPUNIT\import\cppunit.spec.in
A         ext\SF_CPPUNIT\import\configure
AU        ext\SF_CPPUNIT\import\Makefile.in
A         ext\SF_CPPUNIT\import\include
AU        ext\SF_CPPUNIT\import\include\Makefile.in
A         ext\SF_CPPUNIT\import\include\cppunit
AU        ext\SF_CPPUNIT\import\include\cppunit\Makefile.in
AU        ext\SF_CPPUNIT\import\include\cppunit\Makefile.am
AU        ext\SF_CPPUNIT\import\include\Makefile.am
A         ext\SF_CPPUNIT\import\include\msvc6
A         ext\SF_CPPUNIT\import\include\msvc6\DSPlugin
AU        ext\SF_CPPUNIT\import\include\msvc6\DSPlugin\TestRunnerDSPluginVC6.h
AU        ext\SF_CPPUNIT\import\include\msvc6\DSPlugin\TestRunnerDSPluginVC6_i.c
A         ext\SF_CPPUNIT\import\include\msvc6\testrunner
AU        ext\SF_CPPUNIT\import\include\msvc6\testrunner\TestRunner.h
AU        ext\SF_CPPUNIT\import\include\msvc6\testrunner\TestPlugInInterface.h
AU        ext\SF_CPPUNIT\import\include\msvc6\.cvsignore
AU        ext\SF_CPPUNIT\import\cppunit-config.1
AU        ext\SF_CPPUNIT\import\INSTALL-WIN32.txt
A         ext\SF_CPPUNIT\import\AUTHORS
AU        ext\SF_CPPUNIT\import\configure.in
A         ext\SF_CPPUNIT\import\src
A         ext\SF_CPPUNIT\import\src\DllPlugInTester
AU        ext\SF_CPPUNIT\import\src\DllPlugInTester\DllPlugInTester.cpp
AU        ext\SF_CPPUNIT\import\src\DllPlugInTester\DllPlugInTesterTest.cpp
AU        ext\SF_CPPUNIT\import\src\DllPlugInTester\Makefile.in
AU        ext\SF_CPPUNIT\import\src\DllPlugInTester\CommandLineParser.cpp
AU        ext\SF_CPPUNIT\import\src\DllPlugInTester\CommandLineParserTest.cpp
AU        ext\SF_CPPUNIT\import\src\DllPlugInTester\DllPlugInTester.dsp
AU        ext\SF_CPPUNIT\import\src\DllPlugInTester\DllPlugInTesterTest.dsp
AU        ext\SF_CPPUNIT\import\src\DllPlugInTester\CommandLineParser.h
AU        ext\SF_CPPUNIT\import\src\DllPlugInTester\CommandLineParserTest.h
AU        ext\SF_CPPUNIT\import\src\DllPlugInTester\Makefile.am
AU        ext\SF_CPPUNIT\import\src\Makefile.in
A         ext\SF_CPPUNIT\import\src\cppunit
AU        ext\SF_CPPUNIT\import\src\cppunit\Makefile.in
AU        ext\SF_CPPUNIT\import\src\cppunit\cppunit_dll.dsp
AU        ext\SF_CPPUNIT\import\src\cppunit\cppunit.dsp
AU        ext\SF_CPPUNIT\import\src\cppunit\Makefile.am
AU        ext\SF_CPPUNIT\import\src\Makefile.am
AU        ext\SF_CPPUNIT\import\src\CppUnitLibraries.dsw
A         ext\SF_CPPUNIT\import\src\msvc6
A         ext\SF_CPPUNIT\import\src\msvc6\DllPlugInTester
AU        ext\SF_CPPUNIT\import\src\msvc6\DllPlugInTester\DllPlugInTester.cpp
AU        ext\SF_CPPUNIT\import\src\msvc6\DllPlugInTester\DllPlugInTester.dsp
AU        ext\SF_CPPUNIT\import\src\msvc6\DllPlugInTester\.cvsignore
A         ext\SF_CPPUNIT\import\src\msvc6\DSPlugIn
AU        ext\SF_CPPUNIT\import\src\msvc6\DSPlugIn\DSPlugIn.rgs
AU        ext\SF_CPPUNIT\import\src\msvc6\DSPlugIn\StdAfx.h
AU        ext\SF_CPPUNIT\import\src\msvc6\DSPlugIn\DSPlugIn.def
AU        ext\SF_CPPUNIT\import\src\msvc6\DSPlugIn\TestRunnerDSPlugin.idl
AU        ext\SF_CPPUNIT\import\src\msvc6\DSPlugIn\DSAddIn.cpp
AU        ext\SF_CPPUNIT\import\src\msvc6\DSPlugIn\DSPlugIn.rc
A         ext\SF_CPPUNIT\import\src\msvc6\DSPlugIn\res
AU        ext\SF_CPPUNIT\import\src\msvc6\DSPlugIn\res\TBarLrge.bmp
AU        ext\SF_CPPUNIT\import\src\msvc6\DSPlugIn\res\TBarMedm.bmp
AU        ext\SF_CPPUNIT\import\src\msvc6\DSPlugIn\res\DSPlugIn.rc2
AU        ext\SF_CPPUNIT\import\src\msvc6\DSPlugIn\DSAddIn.h
AU        ext\SF_CPPUNIT\import\src\msvc6\DSPlugIn\COMHelper.h
AU        ext\SF_CPPUNIT\import\src\msvc6\DSPlugIn\DSPlugIn.cpp
AU        ext\SF_CPPUNIT\import\src\msvc6\DSPlugIn\DSPlugIn.dsp
AU        ext\SF_CPPUNIT\import\src\msvc6\DSPlugIn\StdAfx.cpp
AU        ext\SF_CPPUNIT\import\src\msvc6\DSPlugIn\DSPlugIn.h
AU        ext\SF_CPPUNIT\import\src\msvc6\DSPlugIn\ReadMe.txt
AU        ext\SF_CPPUNIT\import\src\msvc6\DSPlugIn\.cvsignore
AU        ext\SF_CPPUNIT\import\src\msvc6\DSPlugIn\resource.h
A         ext\SF_CPPUNIT\import\src\msvc6\testpluginrunner
AU        ext\SF_CPPUNIT\import\src\msvc6\testpluginrunner\StdAfx.h
AU        ext\SF_CPPUNIT\import\src\msvc6\testpluginrunner\TestPlugIn.cpp
AU        ext\SF_CPPUNIT\import\src\msvc6\testpluginrunner\TestPlugInRunnerApp.h
AU        ext\SF_CPPUNIT\import\src\msvc6\testpluginrunner\TestPlugIn.h
A         ext\SF_CPPUNIT\import\src\msvc6\testpluginrunner\res
AU        ext\SF_CPPUNIT\import\src\msvc6\testpluginrunner\res\TestPlugInRunner.ico
AU        ext\SF_CPPUNIT\import\src\msvc6\testpluginrunner\res\errortype.bmp
AU        ext\SF_CPPUNIT\import\src\msvc6\testpluginrunner\res\TestPlugInRunner.rc2
AU        ext\SF_CPPUNIT\import\src\msvc6\testpluginrunner\res\test_type.bmp
AU        ext\SF_CPPUNIT\import\src\msvc6\testpluginrunner\TestPlugInRunnerModel.cpp
AU        ext\SF_CPPUNIT\import\src\msvc6\testpluginrunner\TestPlugInRunner.rc
AU        ext\SF_CPPUNIT\import\src\msvc6\testpluginrunner\TestPlugInException.cpp
AU        ext\SF_CPPUNIT\import\src\msvc6\testpluginrunner\TestPlugInRunnerModel.h
AU        ext\SF_CPPUNIT\import\src\msvc6\testpluginrunner\TestPlugInRunnerDlg.cpp
AU        ext\SF_CPPUNIT\import\src\msvc6\testpluginrunner\TestPlugInException.h
AU        ext\SF_CPPUNIT\import\src\msvc6\testpluginrunner\TestPlugInRunnerDlg.h
AU        ext\SF_CPPUNIT\import\src\msvc6\testpluginrunner\StdAfx.cpp
AU        ext\SF_CPPUNIT\import\src\msvc6\testpluginrunner\TestPlugInRunnerApp.cpp
AU        ext\SF_CPPUNIT\import\src\msvc6\testpluginrunner\ReadMe.txt
AU        ext\SF_CPPUNIT\import\src\msvc6\testpluginrunner\TestPlugInRunner.dsp
AU        ext\SF_CPPUNIT\import\src\msvc6\testpluginrunner\Resource.h
AU        ext\SF_CPPUNIT\import\src\msvc6\testpluginrunner\.cvsignore
A         ext\SF_CPPUNIT\import\src\msvc6\testrunner
AU        ext\SF_CPPUNIT\import\src\msvc6\testrunner\StdAfx.h
AU        ext\SF_CPPUNIT\import\src\msvc6\testrunner\ProgressBar.h
AU        ext\SF_CPPUNIT\import\src\msvc6\testrunner\ResourceLoaders.cpp
AU        ext\SF_CPPUNIT\import\src\msvc6\testrunner\TestRunnerDlg.h
AU        ext\SF_CPPUNIT\import\src\msvc6\testrunner\MostRecentTests.cpp
AU        ext\SF_CPPUNIT\import\src\msvc6\testrunner\TestRunnerApp.h
AU        ext\SF_CPPUNIT\import\src\msvc6\testrunner\ActiveTest.h
AU        ext\SF_CPPUNIT\import\src\msvc6\testrunner\MsDevCallerListCtrl.cpp
AU        ext\SF_CPPUNIT\import\src\msvc6\testrunner\ListCtrlFormatter.cpp
AU        ext\SF_CPPUNIT\import\src\msvc6\testrunner\TestRunner.def
AU        ext\SF_CPPUNIT\import\src\msvc6\testrunner\TreeHierarchyDlg.cpp
AU        ext\SF_CPPUNIT\import\src\msvc6\testrunner\ListCtrlSetter.cpp
AU        ext\SF_CPPUNIT\import\src\msvc6\testrunner\StdAfx.cpp
AU        ext\SF_CPPUNIT\import\src\msvc6\testrunner\ProgressBar.cpp
AU        ext\SF_CPPUNIT\import\src\msvc6\testrunner\TestRunner.rc
A         ext\SF_CPPUNIT\import\src\msvc6\testrunner\DynamicWindow
AU        ext\SF_CPPUNIT\import\src\msvc6\testrunner\DynamicWindow\cdxCDynamicWnd.cpp
AU        ext\SF_CPPUNIT\import\src\msvc6\testrunner\DynamicWindow\cdxCDynamicWndEx.h
AU        ext\SF_CPPUNIT\import\src\msvc6\testrunner\DynamicWindow\SizeCBar.cpp
AU        ext\SF_CPPUNIT\import\src\msvc6\testrunner\DynamicWindow\cdxCDynamicWnd.h
AU        ext\SF_CPPUNIT\import\src\msvc6\testrunner\DynamicWindow\cdxCDynamicControlsManager.cpp
AU        ext\SF_CPPUNIT\import\src\msvc6\testrunner\DynamicWindow\cdxCDynamicFormView.cpp
AU        ext\SF_CPPUNIT\import\src\msvc6\testrunner\DynamicWindow\cdxCDynamicDialog.cpp
AU        ext\SF_CPPUNIT\import\src\msvc6\testrunner\DynamicWindow\SizeCBar.h
AU        ext\SF_CPPUNIT\import\src\msvc6\testrunner\DynamicWindow\cdxCSizeIconCtrl.cpp
AU        ext\SF_CPPUNIT\import\src\msvc6\testrunner\DynamicWindow\cdxCDynamicControlsManager.h
AU        ext\SF_CPPUNIT\import\src\msvc6\testrunner\DynamicWindow\cdxCDynamicFormView.h
AU        ext\SF_CPPUNIT\import\src\msvc6\testrunner\DynamicWindow\cdxCDynamicBar.cpp
AU        ext\SF_CPPUNIT\import\src\msvc6\testrunner\DynamicWindow\cdxCDynamicDialog.h
AU        ext\SF_CPPUNIT\import\src\msvc6\testrunner\DynamicWindow\cdxCSizeIconCtrl.h
AU        ext\SF_CPPUNIT\import\src\msvc6\testrunner\DynamicWindow\cdxCDynamicBar.h
AU        ext\SF_CPPUNIT\import\src\msvc6\testrunner\DynamicWindow\cdxCDynamicPropSheet.cpp
AU        ext\SF_CPPUNIT\import\src\msvc6\testrunner\DynamicWindow\SizeCBar.html
A         ext\SF_CPPUNIT\import\src\msvc6\testrunner\DynamicWindow\doc
AU        ext\SF_CPPUNIT\import\src\msvc6\testrunner\DynamicWindow\doc\cdxCDynamicWnd-DOC-big.gif
AU        ext\SF_CPPUNIT\import\src\msvc6\testrunner\DynamicWindow\doc\cdxCDynamicWnd-DOC.html
AU        ext\SF_CPPUNIT\import\src\msvc6\testrunner\DynamicWindow\doc\cdxCDynamicWnd-DOC-small.gif
AU        ext\SF_CPPUNIT\import\src\msvc6\testrunner\DynamicWindow\cdxCDynamicPropSheet.h
AU        ext\SF_CPPUNIT\import\src\msvc6\testrunner\DynamicWindow\cdxCDynamicWndEx.cpp
AU        ext\SF_CPPUNIT\import\src\msvc6\testrunner\.cvsignore
AU        ext\SF_CPPUNIT\import\src\msvc6\testrunner\TestRunnerModel.h
AU        ext\SF_CPPUNIT\import\src\msvc6\testrunner\MfcTestRunner.cpp
AU        ext\SF_CPPUNIT\import\src\msvc6\testrunner\TestRunnerDlg.cpp
AU        ext\SF_CPPUNIT\import\src\msvc6\testrunner\ResourceLoaders.h
A         ext\SF_CPPUNIT\import\src\msvc6\testrunner\res
AU        ext\SF_CPPUNIT\import\src\msvc6\testrunner\res\errortype.bmp
AU        ext\SF_CPPUNIT\import\src\msvc6\testrunner\res\test_type.bmp
AU        ext\SF_CPPUNIT\import\src\msvc6\testrunner\res\TestRunner.rc2
AU        ext\SF_CPPUNIT\import\src\msvc6\testrunner\TestRunnerApp.cpp
AU        ext\SF_CPPUNIT\import\src\msvc6\testrunner\MostRecentTests.h
AU        ext\SF_CPPUNIT\import\src\msvc6\testrunner\ActiveTest.cpp
AU        ext\SF_CPPUNIT\import\src\msvc6\testrunner\TestRunner.dsp
AU        ext\SF_CPPUNIT\import\src\msvc6\testrunner\Change-Diary-ResourceBugFix.txt
AU        ext\SF_CPPUNIT\import\src\msvc6\testrunner\MfcSynchronizationObject.h
AU        ext\SF_CPPUNIT\import\src\msvc6\testrunner\SynchronizedTestResult.h
AU        ext\SF_CPPUNIT\import\src\msvc6\testrunner\TestResultDecorator.h
AU        ext\SF_CPPUNIT\import\src\msvc6\testrunner\MsDevCallerListCtrl.h
AU        ext\SF_CPPUNIT\import\src\msvc6\testrunner\ListCtrlFormatter.h
AU        ext\SF_CPPUNIT\import\src\msvc6\testrunner\TestRunnerModel.cpp
AU        ext\SF_CPPUNIT\import\src\msvc6\testrunner\TreeHierarchyDlg.h
AU        ext\SF_CPPUNIT\import\src\msvc6\testrunner\Resource.h
AU        ext\SF_CPPUNIT\import\src\msvc6\testrunner\ListCtrlSetter.h
A         ext\SF_CPPUNIT\import\src\qttestrunner
AU        ext\SF_CPPUNIT\import\src\qttestrunner\TestRunnerThread.cpp
AU        ext\SF_CPPUNIT\import\src\qttestrunner\TestBrowserDlgImpl.h
AU        ext\SF_CPPUNIT\import\src\qttestrunner\TestFailureListViewItem.h
AU        ext\SF_CPPUNIT\import\src\qttestrunner\TestRunnerThreadEvent.cpp
AU        ext\SF_CPPUNIT\import\src\qttestrunner\TestFailureInfo.cpp
AU        ext\SF_CPPUNIT\import\src\qttestrunner\MostRecentTests.cpp
AU        ext\SF_CPPUNIT\import\src\qttestrunner\TestRunnerModelThreadInterface.h
AU        ext\SF_CPPUNIT\import\src\qttestrunner\TestRunnerThreadFinishedEvent.h
AU        ext\SF_CPPUNIT\import\src\qttestrunner\TestRunnerDlgImpl.cpp
AU        ext\SF_CPPUNIT\import\src\qttestrunner\qttestrunnerlib.pro
AU        ext\SF_CPPUNIT\import\src\qttestrunner\TestRunnerFailureEvent.h
AU        ext\SF_CPPUNIT\import\src\qttestrunner\TestListViewItem.h
AU        ext\SF_CPPUNIT\import\src\qttestrunner\testrunnerdlg.ui
AU        ext\SF_CPPUNIT\import\src\qttestrunner\.cvsignore
A         ext\SF_CPPUNIT\import\src\qttestrunner\Makefile
AU        ext\SF_CPPUNIT\import\src\qttestrunner\TestBrowserDlgImpl.cpp
AU        ext\SF_CPPUNIT\import\src\qttestrunner\TestFailureListViewItem.cpp
AU        ext\SF_CPPUNIT\import\src\qttestrunner\TestRunnerModel.h
AU        ext\SF_CPPUNIT\import\src\qttestrunner\qttestrunner.vcproj
AU        ext\SF_CPPUNIT\import\src\qttestrunner\TestRunnerTestCaseRunEvent.h
AU        ext\SF_CPPUNIT\import\src\qttestrunner\TestRunnerModelThreadInterface.cpp
AU        ext\SF_CPPUNIT\import\src\qttestrunner\testbrowserdlg.ui
AU        ext\SF_CPPUNIT\import\src\qttestrunner\TestRunnerThread.h
AU        ext\SF_CPPUNIT\import\src\qttestrunner\TestFailureInfo.h
AU        ext\SF_CPPUNIT\import\src\qttestrunner\TestRunnerThreadEvent.h
AU        ext\SF_CPPUNIT\import\src\qttestrunner\MostRecentTests.h
AU        ext\SF_CPPUNIT\import\src\qttestrunner\TestRunnerThreadFinishedEvent.cpp
AU        ext\SF_CPPUNIT\import\src\qttestrunner\QtTestRunner.cpp
A         ext\SF_CPPUNIT\import\src\qttestrunner\make_lib
AU        ext\SF_CPPUNIT\import\src\qttestrunner\TestRunnerFailureEvent.cpp
AU        ext\SF_CPPUNIT\import\src\qttestrunner\TestListViewItem.cpp
AU        ext\SF_CPPUNIT\import\src\qttestrunner\make_lib.bat
AU        ext\SF_CPPUNIT\import\src\qttestrunner\TestRunnerDlgImpl.h
AU        ext\SF_CPPUNIT\import\src\qttestrunner\TestRunnerModel.cpp
AU        ext\SF_CPPUNIT\import\src\qttestrunner\qttestrunner_dll.vcproj
AU        ext\SF_CPPUNIT\import\src\qttestrunner\TestRunnerTestCaseRunEvent.cpp
A         ext\SF_CPPUNIT\import\ChangeLog
A         ext\SF_CPPUNIT\import\INSTALL-unix
AU        ext\SF_CPPUNIT\import\cppunit.pc.in
A         ext\SF_CPPUNIT\import\THANKS
AU        ext\SF_CPPUNIT\import\cppunit-config.in
AU        ext\SF_CPPUNIT\import\CodingGuideLines.txt
A         ext\SF_CPPUNIT\import\README
A         ext\SF_CPPUNIT\import\BUGS
A         ext\SF_CPPUNIT\import\contrib
A         ext\SF_CPPUNIT\import\contrib\xml-xsl
AU        ext\SF_CPPUNIT\import\contrib\xml-xsl\report.xsl
AU        ext\SF_CPPUNIT\import\contrib\xml-xsl\tests.xml
A         ext\SF_CPPUNIT\import\contrib\msvc
AU        ext\SF_CPPUNIT\import\contrib\msvc\AddingUnitTestMethod.dsm
AU        ext\SF_CPPUNIT\import\contrib\msvc\readme.txt
AU        ext\SF_CPPUNIT\import\contrib\msvc\CppUnit.WWTpl
A         ext\SF_CPPUNIT\import\contrib\bc5
AU        ext\SF_CPPUNIT\import\contrib\bc5\bcc-makefile.zip
AU        ext\SF_CPPUNIT\import\cppunit.m4
A         ext\SF_CPPUNIT\import\config
AU        ext\SF_CPPUNIT\import\config\ac_cxx_namespaces.m4
AU        ext\SF_CPPUNIT\import\config\ac_cxx_have_sstream.m4
AU        ext\SF_CPPUNIT\import\config\ac_cxx_rtti.m4
A         ext\SF_CPPUNIT\import\config\depcomp
AU        ext\SF_CPPUNIT\import\config\config.guess
AU        ext\SF_CPPUNIT\import\config\ac_cxx_have_strstream.m4
AU        ext\SF_CPPUNIT\import\config\ax_cxx_gcc_abi_demangle.m4
AU        ext\SF_CPPUNIT\import\config\ac_dll.m4
AU        ext\SF_CPPUNIT\import\config\config.sub
AU        ext\SF_CPPUNIT\import\config\ltmain.sh
AU        ext\SF_CPPUNIT\import\config\ac_create_prefix_config_h.m4
AU        ext\SF_CPPUNIT\import\config\config.h.in
AU        ext\SF_CPPUNIT\import\config\bb_enable_doxygen.m4
AU        ext\SF_CPPUNIT\import\config\ax_cxx_have_isfinite.m4
A         ext\SF_CPPUNIT\import\config\missing
AU        ext\SF_CPPUNIT\import\config\ac_cxx_string_compare_string_first.m4
A         ext\SF_CPPUNIT\import\config\install-sh
A         ext\SF_CPPUNIT\import\TODO
A         ext\SF_CPPUNIT\import\doc
AU        ext\SF_CPPUNIT\import\doc\cookbook.dox
AU        ext\SF_CPPUNIT\import\doc\Money.dox
AU        ext\SF_CPPUNIT\import\doc\footer.html
AU        ext\SF_CPPUNIT\import\doc\Makefile.in
AU        ext\SF_CPPUNIT\import\doc\other_documentation.dox
A         ext\SF_CPPUNIT\import\doc\FAQ
AU        ext\SF_CPPUNIT\import\doc\Doxyfile.in
AU        ext\SF_CPPUNIT\import\doc\Makefile.am
AU        ext\SF_CPPUNIT\import\doc\header.html
A         ext\SF_CPPUNIT\import\INSTALL
A         ext\SF_CPPUNIT\import\lib
AU        ext\SF_CPPUNIT\import\lib\.keepme
A         ext\SF_CPPUNIT\import\COPYING
AU        ext\SF_CPPUNIT\import\Makefile.am
AU        ext\SF_CPPUNIT\import\cppunit.spec
A         ext\SF_CPPUNIT\import\NEWS
AU        ext\SF_CPPUNIT\import\aclocal.m4
A         ext\SF_CPPUNIT\import\examples
AU        ext\SF_CPPUNIT\import\examples\examples.opt
A         ext\SF_CPPUNIT\import\examples\ClockerPlugIn
AU        ext\SF_CPPUNIT\import\examples\ClockerPlugIn\Timer.cpp
AU        ext\SF_CPPUNIT\import\examples\ClockerPlugIn\WinNtTimer.cpp
AU        ext\SF_CPPUNIT\import\examples\ClockerPlugIn\ClockerPlugIn.cpp
AU        ext\SF_CPPUNIT\import\examples\ClockerPlugIn\Makefile.in
AU        ext\SF_CPPUNIT\import\examples\ClockerPlugIn\ClockerModel.cpp
AU        ext\SF_CPPUNIT\import\examples\ClockerPlugIn\ClockerXmlHook.cpp
AU        ext\SF_CPPUNIT\import\examples\ClockerPlugIn\ClockerPlugIn.dsp
AU        ext\SF_CPPUNIT\import\examples\ClockerPlugIn\Timer.h
AU        ext\SF_CPPUNIT\import\examples\ClockerPlugIn\WinNtTimer.h
AU        ext\SF_CPPUNIT\import\examples\ClockerPlugIn\ClockerListener.cpp
AU        ext\SF_CPPUNIT\import\examples\ClockerPlugIn\ClockerModel.h
AU        ext\SF_CPPUNIT\import\examples\ClockerPlugIn\Makefile.am
AU        ext\SF_CPPUNIT\import\examples\ClockerPlugIn\ClockerXmlHook.h
AU        ext\SF_CPPUNIT\import\examples\ClockerPlugIn\ReadMe.txt
AU        ext\SF_CPPUNIT\import\examples\ClockerPlugIn\ClockerListener.h
AU        ext\SF_CPPUNIT\import\examples\Makefile.in
A         ext\SF_CPPUNIT\import\examples\cppunittest
AU        ext\SF_CPPUNIT\import\examples\cppunittest\HelperSuite.h
AU        ext\SF_CPPUNIT\import\examples\cppunittest\RepeatedTestTest.h
AU        ext\SF_CPPUNIT\import\examples\cppunittest\TestSuiteTest.h
AU        ext\SF_CPPUNIT\import\examples\cppunittest\Makefile.in
AU        ext\SF_CPPUNIT\import\examples\cppunittest\CppUnitTestPlugIn.cpp
AU        ext\SF_CPPUNIT\import\examples\cppunittest\ExceptionTestCaseDecoratorTest.h
AU        ext\SF_CPPUNIT\import\examples\cppunittest\ExceptionTest.h
AU        ext\SF_CPPUNIT\import\examples\cppunittest\MockTestListener.h
AU        ext\SF_CPPUNIT\import\examples\cppunittest\TestSetUpTest.h
AU        ext\SF_CPPUNIT\import\examples\cppunittest\TestAssertTest.h
AU        ext\SF_CPPUNIT\import\examples\cppunittest\CoreSuite.h
AU        ext\SF_CPPUNIT\import\examples\cppunittest\TestResultTest.cpp
AU        ext\SF_CPPUNIT\import\examples\cppunittest\TestCaseTest.h
AU        ext\SF_CPPUNIT\import\examples\cppunittest\MessageTest.cpp
AU        ext\SF_CPPUNIT\import\examples\cppunittest\StringToolsTest.cpp
AU        ext\SF_CPPUNIT\import\examples\cppunittest\XmlUniformiser.h
AU        ext\SF_CPPUNIT\import\examples\cppunittest\TestSuiteTest.cpp
AU        ext\SF_CPPUNIT\import\examples\cppunittest\RepeatedTestTest.cpp
AU        ext\SF_CPPUNIT\import\examples\cppunittest\TestResultCollectorTest.h
AU        ext\SF_CPPUNIT\import\examples\cppunittest\CppUnitTestMain.dsp
AU        ext\SF_CPPUNIT\import\examples\cppunittest\ExceptionTestCaseDecoratorTest.cpp
AU        ext\SF_CPPUNIT\import\examples\cppunittest\MockTestListener.cpp
AU        ext\SF_CPPUNIT\import\examples\cppunittest\TestAssertTest.cpp
AU        ext\SF_CPPUNIT\import\examples\cppunittest\XmlOutputterTest.h
AU        ext\SF_CPPUNIT\import\examples\cppunittest\CppUnitTestMain.dsw
AU        ext\SF_CPPUNIT\import\examples\cppunittest\CppUnitTestPlugIn.dsp
AU        ext\SF_CPPUNIT\import\examples\cppunittest\OrthodoxTest.cpp
AU        ext\SF_CPPUNIT\import\examples\cppunittest\TestCaseTest.cpp
AU        ext\SF_CPPUNIT\import\examples\cppunittest\FailureException.h
AU        ext\SF_CPPUNIT\import\examples\cppunittest\TestResultTest.h
AU        ext\SF_CPPUNIT\import\examples\cppunittest\XmlUniformiser.cpp
AU        ext\SF_CPPUNIT\import\examples\cppunittest\HelperMacrosTest.cpp
AU        ext\SF_CPPUNIT\import\examples\cppunittest\TestResultCollectorTest.cpp
AU        ext\SF_CPPUNIT\import\examples\cppunittest\MessageTest.h
AU        ext\SF_CPPUNIT\import\examples\cppunittest\CppUnitTestSuite.cpp
AU        ext\SF_CPPUNIT\import\examples\cppunittest\TestFailureTest.h
AU        ext\SF_CPPUNIT\import\examples\cppunittest\TestPathTest.cpp
AU        ext\SF_CPPUNIT\import\examples\cppunittest\TestCallerTest.cpp
AU        ext\SF_CPPUNIT\import\examples\cppunittest\BaseTestCase.cpp
AU        ext\SF_CPPUNIT\import\examples\cppunittest\XmlElementTest.cpp
AU        ext\SF_CPPUNIT\import\examples\cppunittest\OrthodoxTest.h
AU        ext\SF_CPPUNIT\import\examples\cppunittest\TrackedTestCase.h
AU        ext\SF_CPPUNIT\import\examples\cppunittest\ToolsSuite.h
AU        ext\SF_CPPUNIT\import\examples\cppunittest\TestDecoratorTest.cpp
AU        ext\SF_CPPUNIT\import\examples\cppunittest\SubclassedTestCase.cpp
AU        ext\SF_CPPUNIT\import\examples\cppunittest\TestTest.h
AU        ext\SF_CPPUNIT\import\examples\cppunittest\TestFailureTest.cpp
AU        ext\SF_CPPUNIT\import\examples\cppunittest\XmlUniformiserTest.h
AU        ext\SF_CPPUNIT\import\examples\cppunittest\HelperMacrosTest.h
AU        ext\SF_CPPUNIT\import\examples\cppunittest\MockTestCase.h
AU        ext\SF_CPPUNIT\import\examples\cppunittest\UnitTestToolSuite.h
AU        ext\SF_CPPUNIT\import\examples\cppunittest\ExceptionTest.cpp
AU        ext\SF_CPPUNIT\import\examples\cppunittest\MockFunctor.h
AU        ext\SF_CPPUNIT\import\examples\cppunittest\MockProtector.h
AU        ext\SF_CPPUNIT\import\examples\cppunittest\TestSetUpTest.cpp
AU        ext\SF_CPPUNIT\import\examples\cppunittest\TestPathTest.h
AU        ext\SF_CPPUNIT\import\examples\cppunittest\assertion_traitsTest.h
AU        ext\SF_CPPUNIT\import\examples\cppunittest\TestCallerTest.h
AU        ext\SF_CPPUNIT\import\examples\cppunittest\TrackedTestCase.cpp
AU        ext\SF_CPPUNIT\import\examples\cppunittest\BaseTestCase.h
AU        ext\SF_CPPUNIT\import\examples\cppunittest\XmlElementTest.h
AU        ext\SF_CPPUNIT\import\examples\cppunittest\OutputSuite.h
AU        ext\SF_CPPUNIT\import\examples\cppunittest\TestTest.cpp
AU        ext\SF_CPPUNIT\import\examples\cppunittest\SynchronizedTestResult.h
AU        ext\SF_CPPUNIT\import\examples\cppunittest\XmlUniformiserTest.cpp
AU        ext\SF_CPPUNIT\import\examples\cppunittest\MockTestCase.cpp
AU        ext\SF_CPPUNIT\import\examples\cppunittest\TestDecoratorTest.h
AU        ext\SF_CPPUNIT\import\examples\cppunittest\CppUnitTestMain.cpp
AU        ext\SF_CPPUNIT\import\examples\cppunittest\Makefile.am
AU        ext\SF_CPPUNIT\import\examples\cppunittest\SubclassedTestCase.h
AU        ext\SF_CPPUNIT\import\examples\cppunittest\ExtensionSuite.h
AU        ext\SF_CPPUNIT\import\examples\cppunittest\StringToolsTest.h
AU        ext\SF_CPPUNIT\import\examples\cppunittest\XmlOutputterTest.cpp
AU        ext\SF_CPPUNIT\import\examples\cppunittest\assertion_traitsTest.cpp
A         ext\SF_CPPUNIT\import\examples\qt
AU        ext\SF_CPPUNIT\import\examples\qt\ExampleTestCases.h
AU        ext\SF_CPPUNIT\import\examples\qt\qt_example.vcproj
AU        ext\SF_CPPUNIT\import\examples\qt\Main.cpp
A         ext\SF_CPPUNIT\import\examples\qt\make_example
AU        ext\SF_CPPUNIT\import\examples\qt\run.bat
AU        ext\SF_CPPUNIT\import\examples\qt\qt_example.sln
AU        ext\SF_CPPUNIT\import\examples\qt\ExampleTestCases.cpp
AU        ext\SF_CPPUNIT\import\examples\qt\qt_example_dll.vcproj
AU        ext\SF_CPPUNIT\import\examples\qt\.cvsignore
AU        ext\SF_CPPUNIT\import\examples\qt\make_example.bat
AU        ext\SF_CPPUNIT\import\examples\qt\qt_example.pro
A         ext\SF_CPPUNIT\import\examples\money
AU        ext\SF_CPPUNIT\import\examples\money\StdAfx.h
AU        ext\SF_CPPUNIT\import\examples\money\Makefile.in
AU        ext\SF_CPPUNIT\import\examples\money\money.dsw
AU        ext\SF_CPPUNIT\import\examples\money\configure.in
AU        ext\SF_CPPUNIT\import\examples\money\MoneyTest.cpp
AU        ext\SF_CPPUNIT\import\examples\money\Makefile.am
AU        ext\SF_CPPUNIT\import\examples\money\MoneyApp.cpp
AU        ext\SF_CPPUNIT\import\examples\money\StdAfx.cpp
AU        ext\SF_CPPUNIT\import\examples\money\money.dsp
AU        ext\SF_CPPUNIT\import\examples\money\Money.h
AU        ext\SF_CPPUNIT\import\examples\money\MoneyTest.h
AU        ext\SF_CPPUNIT\import\examples\Makefile.am
A         ext\SF_CPPUNIT\import\examples\simple
AU        ext\SF_CPPUNIT\import\examples\simple\Makefile.in
AU        ext\SF_CPPUNIT\import\examples\simple\Main.cpp
AU        ext\SF_CPPUNIT\import\examples\simple\ExampleTestCase.cpp
AU        ext\SF_CPPUNIT\import\examples\simple\Makefile.am
AU        ext\SF_CPPUNIT\import\examples\simple\SimplePlugIn.cpp
AU        ext\SF_CPPUNIT\import\examples\simple\simple_plugin.dsp
AU        ext\SF_CPPUNIT\import\examples\simple\ExampleTestCase.h
AU        ext\SF_CPPUNIT\import\examples\simple\simple.dsp
AU        ext\SF_CPPUNIT\import\examples\examples.dsw
A         ext\SF_CPPUNIT\import\examples\DumperPlugIn
AU        ext\SF_CPPUNIT\import\examples\DumperPlugIn\DumperPlugIn.dsp
AU        ext\SF_CPPUNIT\import\examples\DumperPlugIn\Makefile.in
AU        ext\SF_CPPUNIT\import\examples\DumperPlugIn\DumperListener.cpp
AU        ext\SF_CPPUNIT\import\examples\DumperPlugIn\DumperListener.h
AU        ext\SF_CPPUNIT\import\examples\DumperPlugIn\Makefile.am
AU        ext\SF_CPPUNIT\import\examples\DumperPlugIn\DumperPlugIn.cpp
A         ext\SF_CPPUNIT\import\examples\hierarchy
AU        ext\SF_CPPUNIT\import\examples\hierarchy\BoardGame.cpp
AU        ext\SF_CPPUNIT\import\examples\hierarchy\Makefile.in
AU        ext\SF_CPPUNIT\import\examples\hierarchy\hierarchy.dsp
AU        ext\SF_CPPUNIT\import\examples\hierarchy\main.cpp
AU        ext\SF_CPPUNIT\import\examples\hierarchy\Chess.cpp
AU        ext\SF_CPPUNIT\import\examples\hierarchy\BoardGame.h
AU        ext\SF_CPPUNIT\import\examples\hierarchy\BoardGameTest.h
AU        ext\SF_CPPUNIT\import\examples\hierarchy\Makefile.am
AU        ext\SF_CPPUNIT\import\examples\hierarchy\hierarchy.dsw
AU        ext\SF_CPPUNIT\import\examples\hierarchy\Chess.h
AU        ext\SF_CPPUNIT\import\examples\hierarchy\ChessTest.h
A         ext\SF_CPPUNIT\import\examples\msvc6
A         ext\SF_CPPUNIT\import\examples\msvc6\CppUnitTestApp
AU        ext\SF_CPPUNIT\import\examples\msvc6\CppUnitTestApp\CppUnitTestApp.dsw
AU        ext\SF_CPPUNIT\import\examples\msvc6\CppUnitTestApp\StdAfx.h
AU        ext\SF_CPPUNIT\import\examples\msvc6\CppUnitTestApp\CppUnitTestAppDlg.h
AU        ext\SF_CPPUNIT\import\examples\msvc6\CppUnitTestApp\CppUnitTestApp.cpp
AU        ext\SF_CPPUNIT\import\examples\msvc6\CppUnitTestApp\CppUnitTestApp.rc
AU        ext\SF_CPPUNIT\import\examples\msvc6\CppUnitTestApp\CppUnitTestApp.dsp
AU        ext\SF_CPPUNIT\import\examples\msvc6\CppUnitTestApp\CppUnitTestApp.h
A         ext\SF_CPPUNIT\import\examples\msvc6\CppUnitTestApp\res
AU        ext\SF_CPPUNIT\import\examples\msvc6\CppUnitTestApp\res\CppUnitTestApp.rc2
AU        ext\SF_CPPUNIT\import\examples\msvc6\CppUnitTestApp\res\CppUnitTestApp.ico
AU        ext\SF_CPPUNIT\import\examples\msvc6\CppUnitTestApp\StdAfx.cpp
AU        ext\SF_CPPUNIT\import\examples\msvc6\CppUnitTestApp\CppUnitTestAppDlg.cpp
AU        ext\SF_CPPUNIT\import\examples\msvc6\CppUnitTestApp\ReadMe.txt
AU        ext\SF_CPPUNIT\import\examples\msvc6\CppUnitTestApp\.cvsignore
AU        ext\SF_CPPUNIT\import\examples\msvc6\CppUnitTestApp\Resource.h
AU        ext\SF_CPPUNIT\import\examples\msvc6\Makefile.am
AU        ext\SF_CPPUNIT\import\examples\msvc6\.cvsignore
A         ext\SF_CPPUNIT\import\examples\msvc6\HostApp
AU        ext\SF_CPPUNIT\import\examples\msvc6\HostApp\StdAfx.h
AU        ext\SF_CPPUNIT\import\examples\msvc6\HostApp\MainFrm.h
AU        ext\SF_CPPUNIT\import\examples\msvc6\HostApp\HostApp.rc
AU        ext\SF_CPPUNIT\import\examples\msvc6\HostApp\HostAppDoc.cpp
A         ext\SF_CPPUNIT\import\examples\msvc6\HostApp\res
AU        ext\SF_CPPUNIT\import\examples\msvc6\HostApp\res\Toolbar.bmp
AU        ext\SF_CPPUNIT\import\examples\msvc6\HostApp\res\HostApp.rc2
AU        ext\SF_CPPUNIT\import\examples\msvc6\HostApp\res\HostApp.ico
AU        ext\SF_CPPUNIT\import\examples\msvc6\HostApp\res\Makefile.am
AU        ext\SF_CPPUNIT\import\examples\msvc6\HostApp\res\.cvsignore
AU        ext\SF_CPPUNIT\import\examples\msvc6\HostApp\res\HostAppDoc.ico
AU        ext\SF_CPPUNIT\import\examples\msvc6\HostApp\HostAppDoc.h
AU        ext\SF_CPPUNIT\import\examples\msvc6\HostApp\HostAppView.cpp
AU        ext\SF_CPPUNIT\import\examples\msvc6\HostApp\HostApp.cpp
AU        ext\SF_CPPUNIT\import\examples\msvc6\HostApp\HostAppView.h
AU        ext\SF_CPPUNIT\import\examples\msvc6\HostApp\HostApp.dsp
AU        ext\SF_CPPUNIT\import\examples\msvc6\HostApp\HostApp.h
AU        ext\SF_CPPUNIT\import\examples\msvc6\HostApp\ExampleTestCase.cpp
AU        ext\SF_CPPUNIT\import\examples\msvc6\HostApp\Makefile.am
AU        ext\SF_CPPUNIT\import\examples\msvc6\HostApp\StdAfx.cpp
AU        ext\SF_CPPUNIT\import\examples\msvc6\HostApp\HostApp.dsw
AU        ext\SF_CPPUNIT\import\examples\msvc6\HostApp\MainFrm.cpp
AU        ext\SF_CPPUNIT\import\examples\msvc6\HostApp\Resource.h
AU        ext\SF_CPPUNIT\import\examples\msvc6\HostApp\ExampleTestCase.h
AU        ext\SF_CPPUNIT\import\examples\msvc6\HostApp\.cvsignore
A         ext\SF_CPPUNIT\import\examples\msvc6\TestPlugIn
AU        ext\SF_CPPUNIT\import\examples\msvc6\TestPlugIn\.cvsignore
 U        ext\SF_CPPUNIT
At revision 2410
At revision 2410
no change for svn://192.168.120.2/dev2/tests/PF/PF_DRV_IIC_FPGA/trunk since the previous build
no change for svn://192.168.120.2/dev2/libraries/PF/PF_STD_VERSION/trunk since the previous build
no change for svn://192.168.120.2/dev2/libraries/PF/PF_STD_LOGGER/trunk since the previous build
no change for svn://192.168.120.2/dev2/libraries/PF/PF_STD_OS/trunk since the previous build
no change for svn://192.168.120.2/dev2/libraries/PF/PF_DRV_IIC/trunk since the previous build
no change for svn://192.168.120.2/dev2/libraries/SF/SF_CPPUNIT/trunk since the previous build
[workspace] $ cmd /c call c:\DOCUME~1\tcaspari\LOCALS~1\Temp\hudson4540062688546931791.bat

c:\hudson\jobs\PF_DRV_IIC_FPGA_Test\workspace>c:\hudson\jobs\PF_DRV_IIC_FPGA_Test\workspace\trunk\build\Hudson\build.bat

c:\hudson\jobs\PF_DRV_IIC_FPGA_Test\workspace>cd C:\CCStudio_v3.3\registry 

C:\CCStudio_v3.3\registry>call changeRegKey 64xx 6.1.11 

C:\CCStudio_v3.3\registry>regedit /s key-64xx-cgtools-6.1.11.reg 

C:\CCStudio_v3.3\registry>if not 0 == 0 goto exit 1 

C:\CCStudio_v3.3\registry>cd c:\hudson\jobs\PF_DRV_IIC_FPGA_Test\workspace 

C:\hudson\jobs\PF_DRV_IIC_FPGA_Test\workspace>C:\CCStudio_v3.3\cc\bin\timake c:\hudson\jobs\PF_DRV_IIC_FPGA_Test\workspace\trunk\build\CCS3_64X\maintest.pjt release 
--------------------------  pf_drv_iic.pjt - Release  --------------------------

"..\..\..\PF_STD_VERSION\build\version_scm.bat" ".\..\.." "..\..\inc_priv\version.h.in" "..\..\inc\PF_DRV_IIC_Version.h"

SubWCRev: 'C:\hudson\jobs\PF_DRV_IIC_FPGA_Test\workspace\trunk\ext\PF_DRV_IIC'

Last committed at revision 2078

Updated to revision 2410



"C:\CCStudio_v3.3\C6000 Code Generation Tools 6.1.11\bin\cl6x" -pm -rtti -op3 -o2 -fg -fr"c:/hudson/jobs/PF_DRV_IIC_FPGA_Test/workspace/trunk/ext/PF_DRV_IIC/build/CCS3_64X/../../obj/Release" -fs"c:/hudson/jobs/PF_DRV_IIC_FPGA_Test/workspace/trunk/ext/PF_DRV_IIC/build/CCS3_64X/../../obj/Release" -ft"c:/hudson/jobs/PF_DRV_IIC_FPGA_Test/workspace/trunk/ext/PF_DRV_IIC/build/CCS3_64X/../../obj/Release" -fb"c:/hudson/jobs/PF_DRV_IIC_FPGA_Test/workspace/trunk/ext/PF_DRV_IIC/build/CCS3_64X/../../obj/Release" -ff"c:/hudson/jobs/PF_DRV_IIC_FPGA_Test/workspace/trunk/ext/PF_DRV_IIC/build/CCS3_64X/../../obj/Release" -i"c:/hudson/jobs/PF_DRV_IIC_FPGA_Test/workspace/trunk/ext/PF_DRV_IIC/build/CCS3_64X/../../inc" -i"c:/hudson/jobs/PF_DRV_IIC_FPGA_Test/workspace/trunk/ext/PF_DRV_IIC/build/CCS3_64X/../../inc_priv" -i"C:/CCStudio_v3.3/c6400/dsplib/include/" -i"c:/hudson/jobs/PF_DRV_IIC_FPGA_Test/workspace/trunk/ext/PF_DRV_IIC/build/CCS3_64X/../../../PF_STD_VERSION/inc" -i"c:/hudson/jobs/PF_DRV_IIC_FPGA_Test/workspace/trunk/ext/PF_DRV_IIC/build/CCS3_64X/../../../PF_STD_LOGGER/inc" -i"c:/hudson/jobs/PF_DRV_IIC_FPGA_Test/workspace/trunk/ext/PF_DRV_IIC/build/CCS3_64X/../../../PF_STD_OS/inc" -d"CHIP_DM642" -ms3 -mf5 -mv6400 -@"../build/CCS3_64X/Release.lkf"

[iic.cpp]

[iic_private.cpp]

[Version.cpp]

<Optimizing>

<Generating>

<Assembling>



[Archiving...] "C:\CCStudio_v3.3\C6000 Code Generation Tools 6.1.11\bin\ar6x" @"Release.lkf"

  ==>  new archive 'c:\hudson\jobs\PF_DRV_IIC_FPGA_Test\workspace\trunk\ext\PF_DRV_IIC\lib\pf_drv_iic_64X.lib'

  ==>  building archive 'c:\hudson\jobs\PF_DRV_IIC_FPGA_Test\workspace\trunk\ext\PF_DRV_IIC\lib\pf_drv_iic_64X.lib'



Build Complete,

  0 Errors, 0 Warnings, 0 Remarks.

  Please view the build output for errors and warnings for any custom steps.

----------------------  pf_drv_iic_device.pjt - Release  ----------------------

"..\..\..\PF_STD_VERSION\build\version_scm.bat" ".\..\.." "..\..\inc_priv\version.h.in" "..\..\inc\PF_DRV_IIC_DEVICE_Version.h"

SubWCRev: 'C:\hudson\jobs\PF_DRV_IIC_FPGA_Test\workspace\trunk\ext\PF_DRV_IIC_DEVICE'

Last committed at revision 2407

Updated to revision 2410



"C:\CCStudio_v3.3\C6000 Code Generation Tools 6.1.11\bin\cl6x" -pm -rtti -op3 -o2 -fg -fr"c:/hudson/jobs/PF_DRV_IIC_FPGA_Test/workspace/trunk/ext/PF_DRV_IIC_DEVICE/build/CCS3_64X/../../obj/Release" -fs"c:/hudson/jobs/PF_DRV_IIC_FPGA_Test/workspace/trunk/ext/PF_DRV_IIC_DEVICE/build/CCS3_64X/../../obj/Release" -ft"c:/hudson/jobs/PF_DRV_IIC_FPGA_Test/workspace/trunk/ext/PF_DRV_IIC_DEVICE/build/CCS3_64X/../../obj/Release" -fb"c:/hudson/jobs/PF_DRV_IIC_FPGA_Test/workspace/trunk/ext/PF_DRV_IIC_DEVICE/build/CCS3_64X/../../obj/Release" -ff"c:/hudson/jobs/PF_DRV_IIC_FPGA_Test/workspace/trunk/ext/PF_DRV_IIC_DEVICE/build/CCS3_64X/../../obj/Release" -i"c:/hudson/jobs/PF_DRV_IIC_FPGA_Test/workspace/trunk/ext/PF_DRV_IIC_DEVICE/build/CCS3_64X/../../inc" -i"c:/hudson/jobs/PF_DRV_IIC_FPGA_Test/workspace/trunk/ext/PF_DRV_IIC_DEVICE/build/CCS3_64X/../../inc_priv" -i"c:/hudson/jobs/PF_DRV_IIC_FPGA_Test/workspace/trunk/ext/PF_DRV_IIC_DEVICE/build/CCS3_64X/../../../PF_DRV_IIC/inc" -i"C:/CCStudio_v3.3/c6400/dsplib/include/" -i"c:/hudson/jobs/PF_DRV_IIC_FPGA_Test/workspace/trunk/ext/PF_DRV_IIC_DEVICE/build/CCS3_64X/../../../PF_STD_VERSION/inc" -d"CHIP_DM642" -ms3 -mf5 -mv6400 -@"../build/CCS3_64X/Release.lkf"

[IicDeviceVersion.cpp]

[Version.cpp]

<Optimizing>

<Generating>

<Assembling>



[Archiving...] "C:\CCStudio_v3.3\C6000 Code Generation Tools 6.1.11\bin\ar6x" @"Release.lkf"

  ==>  new archive 'c:\hudson\jobs\PF_DRV_IIC_FPGA_Test\workspace\trunk\ext\PF_DRV_IIC_DEVICE\lib\pf_drv_iic_device_64X.lib'

  ==>  building archive 'c:\hudson\jobs\PF_DRV_IIC_FPGA_Test\workspace\trunk\ext\PF_DRV_IIC_DEVICE\lib\pf_drv_iic_device_64X.lib'



Build Complete,

  0 Errors, 0 Warnings, 0 Remarks.

  Please view the build output for errors and warnings for any custom steps.

-----------------------  pf_drv_iic_fpga.pjt - Release  -----------------------

"..\..\..\PF_STD_VERSION\build\version_scm.bat" ".\..\.." "..\..\inc_priv\version.h.in" "..\..\inc\PF_DRV_IIC_FPGA_Version.h"

SubWCRev: 'C:\hudson\jobs\PF_DRV_IIC_FPGA_Test\workspace\trunk\ext\PF_DRV_IIC_FPGA'

Last committed at revision 2407

Updated to revision 2410



"C:\CCStudio_v3.3\C6000 Code Generation Tools 6.1.11\bin\cl6x" -pm -rtti -op3 -o2 -fg -fr"c:/hudson/jobs/PF_DRV_IIC_FPGA_Test/workspace/trunk/ext/PF_DRV_IIC_FPGA/build/CCS3_64X/../../obj/Release" -fs"c:/hudson/jobs/PF_DRV_IIC_FPGA_Test/workspace/trunk/ext/PF_DRV_IIC_FPGA/build/CCS3_64X/../../obj/Release" -ft"c:/hudson/jobs/PF_DRV_IIC_FPGA_Test/workspace/trunk/ext/PF_DRV_IIC_FPGA/build/CCS3_64X/../../obj/Release" -fb"c:/hudson/jobs/PF_DRV_IIC_FPGA_Test/workspace/trunk/ext/PF_DRV_IIC_FPGA/build/CCS3_64X/../../obj/Release" -ff"c:/hudson/jobs/PF_DRV_IIC_FPGA_Test/workspace/trunk/ext/PF_DRV_IIC_FPGA/build/CCS3_64X/../../obj/Release" -i"c:/hudson/jobs/PF_DRV_IIC_FPGA_Test/workspace/trunk/ext/PF_DRV_IIC_FPGA/build/CCS3_64X/../../inc" -i"c:/hudson/jobs/PF_DRV_IIC_FPGA_Test/workspace/trunk/ext/PF_DRV_IIC_FPGA/build/CCS3_64X/../../inc_priv" -i"C:/CCStudio_v3.3/c6400/dsplib/include/" -i"c:/hudson/jobs/PF_DRV_IIC_FPGA_Test/workspace/trunk/ext/PF_DRV_IIC_FPGA/build/CCS3_64X/../../../PF_STD_VERSION/inc" -i"c:/hudson/jobs/PF_DRV_IIC_FPGA_Test/workspace/trunk/ext/PF_DRV_IIC_FPGA/build/CCS3_64X/../../../PF_STD_LOGGER/inc" -i"c:/hudson/jobs/PF_DRV_IIC_FPGA_Test/workspace/trunk/ext/PF_DRV_IIC_FPGA/build/CCS3_64X/../../../PF_DRV_IIC_DEVICE/inc" -i"c:/hudson/jobs/PF_DRV_IIC_FPGA_Test/workspace/trunk/ext/PF_DRV_IIC_FPGA/build/CCS3_64X/../../../PF_DRV_IIC/inc" -d"CHIP_DM642" -ms3 -mf5 -mv6400 -@"../build/CCS3_64X/Release.lkf"

[pf_drv_iic_fpga.cpp]

[Version.cpp]

<Optimizing>

<Generating>

<Assembling>



[Archiving...] "C:\CCStudio_v3.3\C6000 Code Generation Tools 6.1.11\bin\ar6x" @"Release.lkf"

  ==>  new archive 'c:\hudson\jobs\PF_DRV_IIC_FPGA_Test\workspace\trunk\ext\PF_DRV_IIC_FPGA\lib\pf_drv_iic_fpga_64X.lib'

  ==>  building archive 'c:\hudson\jobs\PF_DRV_IIC_FPGA_Test\workspace\trunk\ext\PF_DRV_IIC_FPGA\lib\pf_drv_iic_fpga_64X.lib'



Build Complete,

  0 Errors, 0 Warnings, 0 Remarks.

  Please view the build output for errors and warnings for any custom steps.

------------------------  pf_std_logger.pjt - Release  ------------------------

"..\..\..\PF_STD_VERSION\build\version_scm.bat" ".\..\.." "..\..\inc_priv\version.h.in" "..\..\inc\PF_STD_LOGGER_Version.h"

SubWCRev: 'C:\hudson\jobs\PF_DRV_IIC_FPGA_Test\workspace\trunk\ext\PF_STD_LOGGER'

Last committed at revision 2372

Updated to revision 2410



"C:\CCStudio_v3.3\C6000 Code Generation Tools 6.1.11\bin\cl6x" -pm -rtti -op3 -o2 -fg -fr"c:/hudson/jobs/PF_DRV_IIC_FPGA_Test/workspace/trunk/ext/PF_STD_LOGGER/build/CCS3_64X/../../obj/Release" -fs"c:/hudson/jobs/PF_DRV_IIC_FPGA_Test/workspace/trunk/ext/PF_STD_LOGGER/build/CCS3_64X/../../obj/Release" -ft"c:/hudson/jobs/PF_DRV_IIC_FPGA_Test/workspace/trunk/ext/PF_STD_LOGGER/build/CCS3_64X/../../obj/Release" -fb"c:/hudson/jobs/PF_DRV_IIC_FPGA_Test/workspace/trunk/ext/PF_STD_LOGGER/build/CCS3_64X/../../obj/Release" -ff"c:/hudson/jobs/PF_DRV_IIC_FPGA_Test/workspace/trunk/ext/PF_STD_LOGGER/build/CCS3_64X/../../obj/Release" -i"c:/hudson/jobs/PF_DRV_IIC_FPGA_Test/workspace/trunk/ext/PF_STD_LOGGER/build/CCS3_64X/../../inc" -i"c:/hudson/jobs/PF_DRV_IIC_FPGA_Test/workspace/trunk/ext/PF_STD_LOGGER/build/CCS3_64X/../../inc_priv" -i"c:/hudson/jobs/PF_DRV_IIC_FPGA_Test/workspace/trunk/ext/PF_STD_LOGGER/build/CCS3_64X/../../../PF_STD_VERSION/inc" -i"c:/hudson/jobs/PF_DRV_IIC_FPGA_Test/workspace/trunk/ext/PF_STD_LOGGER/build/CCS3_64X/../../../PF_STD_OS/inc" -d"CHIP_DM642" -u"_DEBUG" -ms3 -mf5 -mv6400 -@"../build/CCS3_64X/Release.lkf"

[logObserverBreakpoint.cpp]

[logObserverFifoBuf.cpp]

[logObserverStdout.cpp]

[pf_std_logger.cpp]

[Version.cpp]

<Optimizing>

<Generating>

<Assembling>



[Archiving...] "C:\CCStudio_v3.3\C6000 Code Generation Tools 6.1.11\bin\ar6x" @"Release.lkf"

  ==>  new archive 'c:\hudson\jobs\PF_DRV_IIC_FPGA_Test\workspace\trunk\ext\PF_STD_LOGGER\lib\PF_STD_LOGGER_64X.lib'

  ==>  building archive 'c:\hudson\jobs\PF_DRV_IIC_FPGA_Test\workspace\trunk\ext\PF_STD_LOGGER\lib\PF_STD_LOGGER_64X.lib'



Build Complete,

  0 Errors, 0 Warnings, 0 Remarks.

  Please view the build output for errors and warnings for any custom steps.

--------------------------  pf_std_os.pjt - Release  --------------------------

"..\..\..\PF_STD_VERSION\build\version_scm.bat" ".\..\.." "..\..\inc_priv\version.h.in" "..\..\inc\PF_STD_OS_Version.h"

SubWCRev: 'C:\hudson\jobs\PF_DRV_IIC_FPGA_Test\workspace\trunk\ext\PF_STD_OS'

Last committed at revision 2385

Updated to revision 2410



"C:\CCStudio_v3.3\C6000 Code Generation Tools 6.1.11\bin\cl6x" -pm -rtti -op3 -o2 -fg -fr"c:/hudson/jobs/PF_DRV_IIC_FPGA_Test/workspace/trunk/ext/PF_STD_OS/build/CCS3_64X/../../obj/Release" -fs"c:/hudson/jobs/PF_DRV_IIC_FPGA_Test/workspace/trunk/ext/PF_STD_OS/build/CCS3_64X/../../obj/Release" -ft"c:/hudson/jobs/PF_DRV_IIC_FPGA_Test/workspace/trunk/ext/PF_STD_OS/build/CCS3_64X/../../obj/Release" -fb"c:/hudson/jobs/PF_DRV_IIC_FPGA_Test/workspace/trunk/ext/PF_STD_OS/build/CCS3_64X/../../obj/Release" -ff"c:/hudson/jobs/PF_DRV_IIC_FPGA_Test/workspace/trunk/ext/PF_STD_OS/build/CCS3_64X/../../obj/Release" -i"c:/hudson/jobs/PF_DRV_IIC_FPGA_Test/workspace/trunk/ext/PF_STD_OS/build/CCS3_64X/../../inc" -i"c:/hudson/jobs/PF_DRV_IIC_FPGA_Test/workspace/trunk/ext/PF_STD_OS/build/CCS3_64X/../../inc_priv" -i"C:/CCStudio_v3.3/c6400/dsplib/include/" -i"c:/hudson/jobs/PF_DRV_IIC_FPGA_Test/workspace/trunk/ext/PF_STD_OS/build/CCS3_64X/../../../PF_STD_VERSION/inc" -i"c:/hudson/jobs/PF_DRV_IIC_FPGA_Test/workspace/trunk/ext/PF_STD_OS/build/CCS3_64X/../../../PF_STD_LOGGER/inc" -d"CHIP_DM642" -ms3 -mf5 -mv6400 -@"../build/CCS3_64X/Release.lkf"

[pf_bios.cpp]

[pf_lock.cpp]

[pf_memcpy.cpp]

[pf_memory.cpp]

[pf_sleep.cpp]

[pf_time.cpp]

[Version.cpp]

<Optimizing>

<Generating>

<Assembling>



[Archiving...] "C:\CCStudio_v3.3\C6000 Code Generation Tools 6.1.11\bin\ar6x" @"Release.lkf"

  ==>  new archive 'c:\hudson\jobs\PF_DRV_IIC_FPGA_Test\workspace\trunk\ext\PF_STD_OS\lib\PF_STD_OS_64X.lib'

  ==>  building archive 'c:\hudson\jobs\PF_DRV_IIC_FPGA_Test\workspace\trunk\ext\PF_STD_OS\lib\PF_STD_OS_64X.lib'



Build Complete,

  0 Errors, 0 Warnings, 0 Remarks.

  Please view the build output for errors and warnings for any custom steps.

------------------------  PF_STD_VERSION.pjt - Release  ------------------------

"..\version_scm.bat" ".\..\.." "..\..\inc_priv\version.h.in" "..\..\inc\PF_STD_VERSION_Version.h"

SubWCRev: 'C:\hudson\jobs\PF_DRV_IIC_FPGA_Test\workspace\trunk\ext\PF_STD_VERSION'

Last committed at revision 2372

Updated to revision 2410



[Version.cpp] "C:\CCStudio_v3.3\C6000 Code Generation Tools 6.1.11\bin\cl6x" -rtti -pdsw225 -o3 -fr"c:/hudson/jobs/PF_DRV_IIC_FPGA_Test/workspace/trunk/ext/PF_STD_VERSION/build/CCS3_64X/../../obj/Release" -i"c:/hudson/jobs/PF_DRV_IIC_FPGA_Test/workspace/trunk/ext/PF_STD_VERSION/build/CCS3_64X/../../inc" -mv6400 -@"../build/CCS3_64X/Release.lkf" "Version.cpp"



[VersionBase.cpp] "C:\CCStudio_v3.3\C6000 Code Generation Tools 6.1.11\bin\cl6x" -rtti -pdsw225 -o3 -fr"c:/hudson/jobs/PF_DRV_IIC_FPGA_Test/workspace/trunk/ext/PF_STD_VERSION/build/CCS3_64X/../../obj/Release" -i"c:/hudson/jobs/PF_DRV_IIC_FPGA_Test/workspace/trunk/ext/PF_STD_VERSION/build/CCS3_64X/../../inc" -mv6400 -@"../build/CCS3_64X/Release.lkf" "VersionBase.cpp"



[Archiving...] "C:\CCStudio_v3.3\C6000 Code Generation Tools 6.1.11\bin\ar6x" @"Release.lkf"

  ==>  new archive 'c:\hudson\jobs\PF_DRV_IIC_FPGA_Test\workspace\trunk\ext\PF_STD_VERSION\lib\PF_STD_VERSION_64X.lib'

  ==>  building archive 'c:\hudson\jobs\PF_DRV_IIC_FPGA_Test\workspace\trunk\ext\PF_STD_VERSION\lib\PF_STD_VERSION_64X.lib'



Build Complete,

  0 Errors, 0 Warnings, 0 Remarks.

  Please view the build output for errors and warnings for any custom steps.

--------------------------  sf_cppunit.pjt - Release  --------------------------

"C:\CCStudio_v3.3\C6000 Code Generation Tools 6.1.11\bin\cl6x" -pm -rtti -op3 -o2 -fg -fr"c:/hudson/jobs/PF_DRV_IIC_FPGA_Test/workspace/trunk/ext/SF_CPPUNIT/build/CCS3_64X/../../obj/Release" -fs"c:/hudson/jobs/PF_DRV_IIC_FPGA_Test/workspace/trunk/ext/SF_CPPUNIT/build/CCS3_64X/../../obj/Release" -ft"c:/hudson/jobs/PF_DRV_IIC_FPGA_Test/workspace/trunk/ext/SF_CPPUNIT/build/CCS3_64X/../../obj/Release" -fb"c:/hudson/jobs/PF_DRV_IIC_FPGA_Test/workspace/trunk/ext/SF_CPPUNIT/build/CCS3_64X/../../obj/Release" -ff"c:/hudson/jobs/PF_DRV_IIC_FPGA_Test/workspace/trunk/ext/SF_CPPUNIT/build/CCS3_64X/../../obj/Release" -i"c:/hudson/jobs/PF_DRV_IIC_FPGA_Test/workspace/trunk/ext/SF_CPPUNIT/build/CCS3_64X/../../inc" -i"c:/hudson/jobs/PF_DRV_IIC_FPGA_Test/workspace/trunk/ext/SF_CPPUNIT/build/CCS3_64X/../../inc_priv" -i"C:/CCStudio_v3.3/c6400/dsplib/include/" -i"c:/hudson/jobs/PF_DRV_IIC_FPGA_Test/workspace/trunk/ext/SF_CPPUNIT/build/CCS3_64X/../../ext/PF_STD_VERSION/inc" -d"CHIP_DM642" -ms3 -mf5 -mv6400 -@"../build/CCS3_64X/Release.lkf"

[AdditionalMessage.cpp]

[Asserter.cpp]

[BeOsDynamicLibraryManager.cpp]

[BriefTestProgressListener.cpp]

[CompilerOutputter.cpp]

[DefaultProtector.cpp]

[DynamicLibraryManager.cpp]

[DynamicLibraryManagerException.cpp]

[Exception.cpp]

[Message.cpp]

[PlugInManager.cpp]

[PlugInParameters.cpp]

[Protector.cpp]

[ProtectorChain.cpp]

[RepeatedTest.cpp]

[ShlDynamicLibraryManager.cpp]

[SourceLine.cpp]

[StringTools.cpp]

[SynchronizedObject.cpp]

[Test.cpp]

[TestAssert.cpp]

[TestCase.cpp]

[TestCaseDecorator.cpp]

[TestComposite.cpp]

[TestDecorator.cpp]

[TestFactoryRegistry.cpp]

"c:\hudson\jobs\PF_DRV_IIC_FPGA_Test\workspace\trunk\ext\SF_CPPUNIT\src\TestFactoryRegistry.cpp", line 27: warning: static local variables of extern inline function are not resolved to single copy. Not ANSI C++ Compliant

"c:\hudson\jobs\PF_DRV_IIC_FPGA_Test\workspace\trunk\ext\SF_CPPUNIT\src\TestFactoryRegistry.cpp", line 35: warning: static local variables of extern inline function are not resolved to single copy. Not ANSI C++ Compliant

[TestFailure.cpp]

[TestLeaf.cpp]

[TestNamer.cpp]

[TestPath.cpp]

"c:\hudson\jobs\PF_DRV_IIC_FPGA_Test\workspace\trunk\ext\SF_CPPUNIT\src\TestPath.cpp", line 53: warning: variable "childFound" was set but never used

[TestPlugInDefaultImpl.cpp]

[TestResult.cpp]

[TestResultCollector.cpp]

[TestRunner.cpp]

[TestSetUp.cpp]

[TestSuccessListener.cpp]

[TestSuite.cpp]

[TestSuiteBuilderContext.cpp]

[TextOutputter.cpp]

[TextTestProgressListener.cpp]

[TextTestResult.cpp]

"c:/hudson/jobs/PF_DRV_IIC_FPGA_Test/workspace/trunk/ext/SF_CPPUNIT/build/CCS3_64X/../../inc/cppunit/TextTestResult.h", line 26: warning: overloaded function "CppUnit::TestResult::addFailure" is hidden by "CppUnit::TextTestResult::addFailure" -- virtual function override intended?

[TextTestRunner.cpp]

"c:/hudson/jobs/PF_DRV_IIC_FPGA_Test/workspace/trunk/ext/SF_CPPUNIT/build/CCS3_64X/../../inc/cppunit/TextTestResult.h", line 26: warning: overloaded function "CppUnit::TestResult::addFailure" is hidden by "CppUnit::TextTestResult::addFailure" -- virtual function override intended?

[TypeInfoHelper.cpp]

[UnixDynamicLibraryManager.cpp]

[Win32DynamicLibraryManager.cpp]

[XmlDocument.cpp]

[XmlElement.cpp]

[XmlOutputter.cpp]

[XmlOutputterHook.cpp]

warning: symbol 'resolveTestPath__Q2_7CppUnit4TestCFRCQ2_3std78basic_string__tm__58_cQ2_3std20char_traits__tm__2_cQ2_3std18allocator__tm__2_c' redeclared with incompatible type

         in 'c:\hudson\jobs\PF_DRV_IIC_FPGA_Test\workspace\trunk\ext\SF_CPPUNIT\src\Test.cpp' line 84 and 'c:/hudson/jobs/PF_DRV_IIC_FPGA_Test/workspace/trunk/ext/SF_CPPUNIT/build/CCS3_64X/../../inc/cppunit/Test.h' line 97

warning: symbol 'resolveTestPath__Q2_7CppUnit4TestCFRCQ2_3std78basic_string__tm__58_cQ2_3std20char_traits__tm__2_cQ2_3std18allocator__tm__2_c' redeclared with incompatible type

         in 'c:/hudson/jobs/PF_DRV_IIC_FPGA_Test/workspace/trunk/ext/SF_CPPUNIT/build/CCS3_64X/../../inc/cppunit/Test.h' line 97 and 'c:\hudson\jobs\PF_DRV_IIC_FPGA_Test\workspace\trunk\ext\SF_CPPUNIT\src\Test.cpp' line 84

warning: symbol '__CPR71____ct__Q2_7CppUnit11TestFailureFPQ2_J9J4TestPQ2_J9J9Exceptionb' redeclared with incompatible type

         in 'c:/hudson/jobs/PF_DRV_IIC_FPGA_Test/workspace/trunk/ext/SF_CPPUNIT/build/CCS3_64X/../../inc/cppunit/TestFailure.h' line 27 and 'c:\hudson\jobs\PF_DRV_IIC_FPGA_Test\workspace\trunk\ext\SF_CPPUNIT\src\TestFailure.cpp' line 9

warning: symbol '__dt__Q2_7CppUnit11TestFailureFv' redeclared with incompatible type

         in 'c:/hudson/jobs/PF_DRV_IIC_FPGA_Test/workspace/trunk/ext/SF_CPPUNIT/build/CCS3_64X/../../inc/cppunit/TestFailure.h' line 31 and 'c:\hudson\jobs\PF_DRV_IIC_FPGA_Test\workspace\trunk\ext\SF_CPPUNIT\src\TestFailure.cpp' line 19

warning: symbol '__CPR170____ct__Q2_3std107_Deque_const_iterator__tm__78_PQ2_7CppUnit11TestFailureQ2_3std43allocator__tm__26_PQ2_J50JJ58JFRCQ2_3std35_Deque_const_iterator__tm__7_Z1ZZ2Z' redeclared with incompatible type

         in 'C:/CCStudio_v3.3/C6000 Code Generation Tools 6.1.11/include/deque' line 77 and 'C:/CCStudio_v3.3/C6000 Code Generation Tools 6.1.11/include/deque' line 77

warning: symbol '__CPR166____ct__Q2_3std107_Deque_const_iterator__tm__78_PQ2_7CppUnit11TestFailureQ2_3std43allocator__tm__26_PQ2_J50JJ58JFQ2_Z2Z9size_typePCQ2_3std15_Container_base' redeclared with incompatible type

         in 'C:/CCStudio_v3.3/C6000 Code Generation Tools 6.1.11/include/deque' line 82 and 'C:/CCStudio_v3.3/C6000 Code Generation Tools 6.1.11/include/deque' line 82

warning: symbol '__CPR150____ml__Q2_3std107_Deque_const_iterator__tm__78_PQ2_7CppUnit11TestFailureQ2_3std43allocator__tm__26_PQ2_J50JJ58JCFv_Q2_Z2Z15const_reference' redeclared with incompatible type

         in 'C:/CCStudio_v3.3/C6000 Code Generation Tools 6.1.11/include/deque' line 88 and 'C:/CCStudio_v3.3/C6000 Code Generation Tools 6.1.11/include/deque' line 88

warning: symbol 'endTest__Q2_7CppUnit12TestListenerFPQ2_7CppUnit4Test' redeclared with incompatible type

         in 'c:/hudson/jobs/PF_DRV_IIC_FPGA_Test/workspace/trunk/ext/SF_CPPUNIT/build/CCS3_64X/../../inc/cppunit/TestListener.h' line 110 and 'c:/hudson/jobs/PF_DRV_IIC_FPGA_Test/workspace/trunk/ext/SF_CPPUNIT/build/CCS3_64X/../../inc/cppunit/TestListener.h' line 110

warning: symbol 'startSuite__Q2_7CppUnit12TestListenerFPQ2_7CppUnit4Test' redeclared with incompatible type

         in 'c:/hudson/jobs/PF_DRV_IIC_FPGA_Test/workspace/trunk/ext/SF_CPPUNIT/build/CCS3_64X/../../inc/cppunit/TestListener.h' line 114 and 'c:/hudson/jobs/PF_DRV_IIC_FPGA_Test/workspace/trunk/ext/SF_CPPUNIT/build/CCS3_64X/../../inc/cppunit/TestListener.h' line 114

warning: symbol 'endSuite__Q2_7CppUnit12TestListenerFPQ2_7CppUnit4Test' redeclared with incompatible type

         in 'c:/hudson/jobs/PF_DRV_IIC_FPGA_Test/workspace/trunk/ext/SF_CPPUNIT/build/CCS3_64X/../../inc/cppunit/TestListener.h' line 118 and 'c:/hudson/jobs/PF_DRV_IIC_FPGA_Test/workspace/trunk/ext/SF_CPPUNIT/build/CCS3_64X/../../inc/cppunit/TestListener.h' line 118

warning: symbol 'startTestRun__Q2_7CppUnit12TestListenerFPQ2_7CppUnit4TestPQ2_7CppUnit10TestResult' redeclared with incompatible type

         in 'c:/hudson/jobs/PF_DRV_IIC_FPGA_Test/workspace/trunk/ext/SF_CPPUNIT/build/CCS3_64X/../../inc/cppunit/TestListener.h' line 128 and 'c:/hudson/jobs/PF_DRV_IIC_FPGA_Test/workspace/trunk/ext/SF_CPPUNIT/build/CCS3_64X/../../inc/cppunit/TestListener.h' line 128

warning: symbol 'endTestRun__Q2_7CppUnit12TestListenerFPQ2_7CppUnit4TestPQ2_7CppUnit10TestResult' redeclared with incompatible type

         in 'c:/hudson/jobs/PF_DRV_IIC_FPGA_Test/workspace/trunk/ext/SF_CPPUNIT/build/CCS3_64X/../../inc/cppunit/TestListener.h' line 139 and 'c:/hudson/jobs/PF_DRV_IIC_FPGA_Test/workspace/trunk/ext/SF_CPPUNIT/build/CCS3_64X/../../inc/cppunit/TestListener.h' line 139

warning: symbol 'deallocate__Q2_3std35allocator__tm__18_PQ2_7CppUnit4TestFPQ3_3std26_Allocator_base__tm__4_Z1Z10value_typeUi_v' redeclared with incompatible type

         in 'C:/CCStudio_v3.3/C6000 Code Generation Tools 6.1.11/include/xmemory' line 118 and 'C:/CCStudio_v3.3/C6000 Code Generation Tools 6.1.11/include/xmemory' line 118

warning: symbol 'allocate__Q2_3std35allocator__tm__18_PQ2_7CppUnit4TestFUi_PQ3_3std26_Allocator_base__tm__4_Z1Z10value_type' redeclared with incompatible type

         in 'C:/CCStudio_v3.3/C6000 Code Generation Tools 6.1.11/include/xmemory' line 123 and 'C:/CCStudio_v3.3/C6000 Code Generation Tools 6.1.11/include/xmemory' line 123

warning: symbol 'construct__Q2_3std35allocator__tm__18_PQ2_7CppUnit4TestFPQ3_3std26_Allocator_base__tm__4_Z1Z10value_typeRCZ1Z_v' redeclared with incompatible type

         in 'C:/CCStudio_v3.3/C6000 Code Generation Tools 6.1.11/include/xmemory' line 133 and 'C:/CCStudio_v3.3/C6000 Code Generation Tools 6.1.11/include/xmemory' line 133

warning: symbol 'destroy__Q2_3std35allocator__tm__18_PQ2_7CppUnit4TestFPQ3_3std26_Allocator_base__tm__4_Z1Z10value_type_v' redeclared with incompatible type

         in 'C:/CCStudio_v3.3/C6000 Code Generation Tools 6.1.11/include/xmemory' line 138 and 'C:/CCStudio_v3.3/C6000 Code Generation Tools 6.1.11/include/xmemory' line 138

warning: symbol 'deallocate__Q2_3std36allocator__tm__19_PPQ2_7CppUnit4TestFPQ3_3std26_Allocator_base__tm__4_Z1Z10value_typeUi_v' redeclared with incompatible type

         in 'C:/CCStudio_v3.3/C6000 Code Generation Tools 6.1.11/include/xmemory' line 118 and 'C:/CCStudio_v3.3/C6000 Code Generation Tools 6.1.11/include/xmemory' line 118

warning: symbol 'allocate__Q2_3std36allocator__tm__19_PPQ2_7CppUnit4TestFUi_PQ3_3std26_Allocator_base__tm__4_Z1Z10value_type' redeclared with incompatible type

         in 'C:/CCStudio_v3.3/C6000 Code Generation Tools 6.1.11/include/xmemory' line 123 and 'C:/CCStudio_v3.3/C6000 Code Generation Tools 6.1.11/include/xmemory' line 123

warning: symbol 'destroy__Q2_3std36allocator__tm__19_PPQ2_7CppUnit4TestFPQ3_3std26_Allocator_base__tm__4_Z1Z10value_type_v' redeclared with incompatible type

         in 'C:/CCStudio_v3.3/C6000 Code Generation Tools 6.1.11/include/xmemory' line 138 and 'C:/CCStudio_v3.3/C6000 Code Generation Tools 6.1.11/include/xmemory' line 138

warning: symbol '__ct__Q2_3std75deque__tm__62_PQ2_7CppUnit4TestQ2_3std35allocator__tm__18_PQ2_7CppUnit4TestFv' redeclared with incompatible type

         in 'C:/CCStudio_v3.3/C6000 Code Generation Tools 6.1.11/include/deque' line 418 and 'C:/CCStudio_v3.3/C6000 Code Generation Tools 6.1.11/include/deque' line 418

warning: symbol '__dt__Q2_3std75deque__tm__62_PQ2_7CppUnit4TestQ2_3std35allocator__tm__18_PQ2_7CppUnit4TestFv' redeclared with incompatible type

         in 'C:/CCStudio_v3.3/C6000 Code Generation Tools 6.1.11/include/deque' line 506 and 'C:/CCStudio_v3.3/C6000 Code Generation Tools 6.1.11/include/deque' line 506

warning: symbol 'size__Q2_3std75deque__tm__62_PQ2_7CppUnit4TestQ2_3std35allocator__tm__18_PQ2_7CppUnit4TestCFv_Q4_3std24_Deque_val__tm__7_Z1ZZ2Z5_Alty9size_type' redeclared with incompatible type

         in 'C:/CCStudio_v3.3/C6000 Code Generation Tools 6.1.11/include/deque' line 584 and 'C:/CCStudio_v3.3/C6000 Code Generation Tools 6.1.11/include/deque' line 584

warning: symbol 'max_size__Q2_3std75deque__tm__62_PQ2_7CppUnit4TestQ2_3std35allocator__tm__18_PQ2_7CppUnit4TestCFv_Q4_3std24_Deque_val__tm__7_Z1ZZ2Z5_Alty9size_type' redeclared with incompatible type

         in 'C:/CCStudio_v3.3/C6000 Code Generation Tools 6.1.11/include/deque' line 589 and 'C:/CCStudio_v3.3/C6000 Code Generation Tools 6.1.11/include/deque' line 589

warning: symbol 'empty__Q2_3std75deque__tm__62_PQ2_7CppUnit4TestQ2_3std35allocator__tm__18_PQ2_7CppUnit4TestCFv_b' redeclared with incompatible type

         in 'C:/CCStudio_v3.3/C6000 Code Generation Tools 6.1.11/include/deque' line 594 and 'C:/CCStudio_v3.3/C6000 Code Generation Tools 6.1.11/include/deque' line 594

warning: symbol 'push_back__Q2_3std75deque__tm__62_PQ2_7CppUnit4TestQ2_3std35allocator__tm__18_PQ2_7CppUnit4TestFRCZ1Z_v' redeclared with incompatible type

         in 'C:/CCStudio_v3.3/C6000 Code Generation Tools 6.1.11/include/deque' line 698 and 'C:/CCStudio_v3.3/C6000 Code Generation Tools 6.1.11/include/deque' line 698

warning: symbol 'pop_back__Q2_3std75deque__tm__62_PQ2_7CppUnit4TestQ2_3std35allocator__tm__18_PQ2_7CppUnit4TestFv_v' redeclared with incompatible type

         in 'C:/CCStudio_v3.3/C6000 Code Generation Tools 6.1.11/include/deque' line 718 and 'C:/CCStudio_v3.3/C6000 Code Generation Tools 6.1.11/include/deque' line 718

warning: symbol 'clear__Q2_3std75deque__tm__62_PQ2_7CppUnit4TestQ2_3std35allocator__tm__18_PQ2_7CppUnit4TestFv_v' redeclared with incompatible type

         in 'C:/CCStudio_v3.3/C6000 Code Generation Tools 6.1.11/include/deque' line 956 and 'C:/CCStudio_v3.3/C6000 Code Generation Tools 6.1.11/include/deque' line 956

warning: symbol '_Xlen__Q2_3std75deque__tm__62_PQ2_7CppUnit4TestQ2_3std35allocator__tm__18_PQ2_7CppUnit4TestCFv_v' redeclared with incompatible type

         in 'C:/CCStudio_v3.3/C6000 Code Generation Tools 6.1.11/include/deque' line 1065 and 'C:/CCStudio_v3.3/C6000 Code Generation Tools 6.1.11/include/deque' line 1065

warning: symbol '_Growmap__Q2_3std75deque__tm__62_PQ2_7CppUnit4TestQ2_3std35allocator__tm__18_PQ2_7CppUnit4TestFQ4_3std24_Deque_val__tm__7_Z1ZZ2Z5_Alty9size_type_v' redeclared with incompatible type

         in 'C:/CCStudio_v3.3/C6000 Code Generation Tools 6.1.11/include/deque' line 1075 and 'C:/CCStudio_v3.3/C6000 Code Generation Tools 6.1.11/include/deque' line 1075

warning: symbol '_Tidy__Q2_3std75deque__tm__62_PQ2_7CppUnit4TestQ2_3std35allocator__tm__18_PQ2_7CppUnit4TestFv_v' redeclared with incompatible type

         in 'C:/CCStudio_v3.3/C6000 Code Generation Tools 6.1.11/include/deque' line 1117 and 'C:/CCStudio_v3.3/C6000 Code Generation Tools 6.1.11/include/deque' line 1117

warning: symbol 'resolveTestPath__Q2_7CppUnit4TestCFRCQ2_3std78basic_string__tm__58_cQ2_3std20char_traits__tm__2_cQ2_3std18allocator__tm__2_c' redeclared with incompatible type

         in 'c:/hudson/jobs/PF_DRV_IIC_FPGA_Test/workspace/trunk/ext/SF_CPPUNIT/build/CCS3_64X/../../inc/cppunit/Test.h' line 97 and 'c:/hudson/jobs/PF_DRV_IIC_FPGA_Test/workspace/trunk/ext/SF_CPPUNIT/build/CCS3_64X/../../inc/cppunit/Test.h' line 97

warning: symbol 'resolveTestPath__Q2_7CppUnit4TestCFRCQ2_3std78basic_string__tm__58_cQ2_3std20char_traits__tm__2_cQ2_3std18allocator__tm__2_c' redeclared with incompatible type

         in 'c:/hudson/jobs/PF_DRV_IIC_FPGA_Test/workspace/trunk/ext/SF_CPPUNIT/build/CCS3_64X/../../inc/cppunit/Test.h' line 97 and 'c:/hudson/jobs/PF_DRV_IIC_FPGA_Test/workspace/trunk/ext/SF_CPPUNIT/build/CCS3_64X/../../inc/cppunit/Test.h' line 97

warning: symbol 'startTest__Q2_7CppUnit12TestListenerFPQ2_7CppUnit4Test' redeclared with incompatible type

         in 'c:/hudson/jobs/PF_DRV_IIC_FPGA_Test/workspace/trunk/ext/SF_CPPUNIT/build/CCS3_64X/../../inc/cppunit/TestListener.h' line 100 and 'c:/hudson/jobs/PF_DRV_IIC_FPGA_Test/workspace/trunk/ext/SF_CPPUNIT/build/CCS3_64X/../../inc/cppunit/TestListener.h' line 100

warning: symbol 'addFailure__Q2_7CppUnit12TestListenerFRCQ2_7CppUnit11TestFailure' redeclared with incompatible type

         in 'c:/hudson/jobs/PF_DRV_IIC_FPGA_Test/workspace/trunk/ext/SF_CPPUNIT/build/CCS3_64X/../../inc/cppunit/TestListener.h' line 107 and 'c:/hudson/jobs/PF_DRV_IIC_FPGA_Test/workspace/trunk/ext/SF_CPPUNIT/build/CCS3_64X/../../inc/cppunit/TestListener.h' line 107

warning: symbol 'addFailure__Q2_7CppUnit19TestSuccessListenerFRCQ2_7CppUnit11TestFailure' redeclared with incompatible type

         in 'c:\hudson\jobs\PF_DRV_IIC_FPGA_Test\workspace\trunk\ext\SF_CPPUNIT\src\TestSuccessListener.cpp' line 28 and 'c:/hudson/jobs/PF_DRV_IIC_FPGA_Test/workspace/trunk/ext/SF_CPPUNIT/build/CCS3_64X/../../inc/cppunit/TestSuccessListener.h' line 27

warning: symbol 'deallocate__Q2_3std35allocator__tm__18_PQ2_7CppUnit4TestFPQ3_3std26_Allocator_base__tm__4_Z1Z10value_typeUi_v' redeclared with incompatible type

         in 'C:/CCStudio_v3.3/C6000 Code Generation Tools 6.1.11/include/xmemory' line 118 and 'C:/CCStudio_v3.3/C6000 Code Generation Tools 6.1.11/include/xmemory' line 118

warning: symbol 'allocate__Q2_3std35allocator__tm__18_PQ2_7CppUnit4TestFUi_PQ3_3std26_Allocator_base__tm__4_Z1Z10value_type' redeclared with incompatible type

         in 'C:/CCStudio_v3.3/C6000 Code Generation Tools 6.1.11/include/xmemory' line 123 and 'C:/CCStudio_v3.3/C6000 Code Generation Tools 6.1.11/include/xmemory' line 123

warning: symbol '__CPR170____ct__Q2_3std107_Deque_const_iterator__tm__78_PQ2_7CppUnit11TestFailureQ2_3std43allocator__tm__26_PQ2_J50JJ58JFRCQ2_3std35_Deque_const_iterator__tm__7_Z1ZZ2Z' redeclared with incompatible type

         in 'C:/CCStudio_v3.3/C6000 Code Generation Tools 6.1.11/include/deque' line 77 and 'C:/CCStudio_v3.3/C6000 Code Generation Tools 6.1.11/include/deque' line 77

warning: symbol '__CPR166____ct__Q2_3std107_Deque_const_iterator__tm__78_PQ2_7CppUnit11TestFailureQ2_3std43allocator__tm__26_PQ2_J50JJ58JFQ2_Z2Z9size_typePCQ2_3std15_Container_base' redeclared with incompatible type

         in 'C:/CCStudio_v3.3/C6000 Code Generation Tools 6.1.11/include/deque' line 82 and 'C:/CCStudio_v3.3/C6000 Code Generation Tools 6.1.11/include/deque' line 82

warning: symbol '__CPR150____ml__Q2_3std107_Deque_const_iterator__tm__78_PQ2_7CppUnit11TestFailureQ2_3std43allocator__tm__26_PQ2_J50JJ58JCFv_Q2_Z2Z15const_reference' redeclared with incompatible type

         in 'C:/CCStudio_v3.3/C6000 Code Generation Tools 6.1.11/include/deque' line 88 and 'C:/CCStudio_v3.3/C6000 Code Generation Tools 6.1.11/include/deque' line 88

warning: symbol '__CPR173____eq__Q2_3std107_Deque_const_iterator__tm__78_PQ2_7CppUnit11TestFailureQ2_3std43allocator__tm__26_PQ2_J50JJ58JCFRCQ2_3std35_Deque_const_iterator__tm__7_Z1ZZ2Z_b' redeclared with incompatible type

         in 'C:/CCStudio_v3.3/C6000 Code Generation Tools 6.1.11/include/deque' line 168 and 'C:/CCStudio_v3.3/C6000 Code Generation Tools 6.1.11/include/deque' line 168

warning: symbol '__CPR173____ne__Q2_3std107_Deque_const_iterator__tm__78_PQ2_7CppUnit11TestFailureQ2_3std43allocator__tm__26_PQ2_J50JJ58JCFRCQ2_3std35_Deque_const_iterator__tm__7_Z1ZZ2Z_b' redeclared with incompatible type

         in 'C:/CCStudio_v3.3/C6000 Code Generation Tools 6.1.11/include/deque' line 182 and 'C:/CCStudio_v3.3/C6000 Code Generation Tools 6.1.11/include/deque' line 182

warning: symbol 'addFailure__Q2_7CppUnit12TestListenerFRCQ2_7CppUnit11TestFailure' redeclared with incompatible type

         in 'c:/hudson/jobs/PF_DRV_IIC_FPGA_Test/workspace/trunk/ext/SF_CPPUNIT/build/CCS3_64X/../../inc/cppunit/TestListener.h' line 107 and 'c:/hudson/jobs/PF_DRV_IIC_FPGA_Test/workspace/trunk/ext/SF_CPPUNIT/build/CCS3_64X/../../inc/cppunit/TestListener.h' line 107

warning: symbol 'addError__Q2_7CppUnit10TestResultFPQ2_7CppUnit4TestPQ2_7CppUnit9Exception' redeclared with incompatible type

         in 'c:/hudson/jobs/PF_DRV_IIC_FPGA_Test/workspace/trunk/ext/SF_CPPUNIT/build/CCS3_64X/../../inc/cppunit/TestResult.h' line 80 and 'c:\hudson\jobs\PF_DRV_IIC_FPGA_Test\workspace\trunk\ext\SF_CPPUNIT\src\TestResult.cpp' line 38

warning: symbol 'addFailure__Q2_7CppUnit10TestResultFPQ2_7CppUnit4TestPQ2_7CppUnit9Exception' redeclared with incompatible type

         in 'c:/hudson/jobs/PF_DRV_IIC_FPGA_Test/workspace/trunk/ext/SF_CPPUNIT/build/CCS3_64X/../../inc/cppunit/TestResult.h' line 85 and 'c:\hudson\jobs\PF_DRV_IIC_FPGA_Test\workspace\trunk\ext\SF_CPPUNIT\src\TestResult.cpp' line 47

warning: symbol 'protect__Q2_7CppUnit10TestResultFRCQ2_7CppUnit7FunctorPQ2_7CppUnit4TestRCQ2_3std78basic_string__tm__58_cQ2_3std20char_traits__tm__2_cQ2_3std18allocator__tm__2_c' redeclared with incompatible type

         in 'c:/hudson/jobs/PF_DRV_IIC_FPGA_Test/workspace/trunk/ext/SF_CPPUNIT/build/CCS3_64X/../../inc/cppunit/TestResult.h' line 117 and 'c:\hudson\jobs\PF_DRV_IIC_FPGA_Test\workspace\trunk\ext\SF_CPPUNIT\src\TestResult.cpp' line 178

warning: symbol 'pushProtector__Q2_7CppUnit10TestResultFPQ2_7CppUnit9Protector' redeclared with incompatible type

         in 'c:/hudson/jobs/PF_DRV_IIC_FPGA_Test/workspace/trunk/ext/SF_CPPUNIT/build/CCS3_64X/../../inc/cppunit/TestResult.h' line 122 and 'c:\hudson\jobs\PF_DRV_IIC_FPGA_Test\workspace\trunk\ext\SF_CPPUNIT\src\TestResult.cpp' line 188

warning: symbol 'endTest__Q2_7CppUnit12TestListenerFPQ2_7CppUnit4Test' redeclared with incompatible type

         in 'c:/hudson/jobs/PF_DRV_IIC_FPGA_Test/workspace/trunk/ext/SF_CPPUNIT/build/CCS3_64X/../../inc/cppunit/TestListener.h' line 110 and 'c:/hudson/jobs/PF_DRV_IIC_FPGA_Test/workspace/trunk/ext/SF_CPPUNIT/build/CCS3_64X/../../inc/cppunit/TestListener.h' line 110

warning: symbol 'startSuite__Q2_7CppUnit12TestListenerFPQ2_7CppUnit4Test' redeclared with incompatible type

         in 'c:/hudson/jobs/PF_DRV_IIC_FPGA_Test/workspace/trunk/ext/SF_CPPUNIT/build/CCS3_64X/../../inc/cppunit/TestListener.h' line 114 and 'c:/hudson/jobs/PF_DRV_IIC_FPGA_Test/workspace/trunk/ext/SF_CPPUNIT/build/CCS3_64X/../../inc/cppunit/TestListener.h' line 114

warning: symbol 'endSuite__Q2_7CppUnit12TestListenerFPQ2_7CppUnit4Test' redeclared with incompatible type

         in 'c:/hudson/jobs/PF_DRV_IIC_FPGA_Test/workspace/trunk/ext/SF_CPPUNIT/build/CCS3_64X/../../inc/cppunit/TestListener.h' line 118 and 'c:/hudson/jobs/PF_DRV_IIC_FPGA_Test/workspace/trunk/ext/SF_CPPUNIT/build/CCS3_64X/../../inc/cppunit/TestListener.h' line 118

warning: symbol 'startTestRun__Q2_7CppUnit12TestListenerFPQ2_7CppUnit4TestPQ2_7CppUnit10TestResult' redeclared with incompatible type

         in 'c:/hudson/jobs/PF_DRV_IIC_FPGA_Test/workspace/trunk/ext/SF_CPPUNIT/build/CCS3_64X/../../inc/cppunit/TestListener.h' line 128 and 'c:/hudson/jobs/PF_DRV_IIC_FPGA_Test/workspace/trunk/ext/SF_CPPUNIT/build/CCS3_64X/../../inc/cppunit/TestListener.h' line 128

warning: symbol 'endTestRun__Q2_7CppUnit12TestListenerFPQ2_7CppUnit4TestPQ2_7CppUnit10TestResult' redeclared with incompatible type

         in 'c:/hudson/jobs/PF_DRV_IIC_FPGA_Test/workspace/trunk/ext/SF_CPPUNIT/build/CCS3_64X/../../inc/cppunit/TestListener.h' line 139 and 'c:/hudson/jobs/PF_DRV_IIC_FPGA_Test/workspace/trunk/ext/SF_CPPUNIT/build/CCS3_64X/../../inc/cppunit/TestListener.h' line 139

warning: symbol '__ct__Q2_7CppUnit19TestResultCollectorFPQ3_7CppUnit18SynchronizedObject21SynchronizationObject' redeclared with incompatible type

         in 'c:/hudson/jobs/PF_DRV_IIC_FPGA_Test/workspace/trunk/ext/SF_CPPUNIT/build/CCS3_64X/../../inc/cppunit/TestResultCollector.h' line 45 and 'c:\hudson\jobs\PF_DRV_IIC_FPGA_Test\workspace\trunk\ext\SF_CPPUNIT\src\TestResultCollector.cpp' line 8

warning: symbol '__dt__Q2_7CppUnit19TestResultCollectorFv' redeclared with incompatible type

         in 'c:/hudson/jobs/PF_DRV_IIC_FPGA_Test/workspace/trunk/ext/SF_CPPUNIT/build/CCS3_64X/../../inc/cppunit/TestResultCollector.h' line 48 and 'c:\hudson\jobs\PF_DRV_IIC_FPGA_Test\workspace\trunk\ext\SF_CPPUNIT\src\TestResultCollector.cpp' line 15

warning: symbol 'startTest__Q2_7CppUnit19TestResultCollectorFPQ2_7CppUnit4Test' redeclared with incompatible type

         in 'c:/hudson/jobs/PF_DRV_IIC_FPGA_Test/workspace/trunk/ext/SF_CPPUNIT/build/CCS3_64X/../../inc/cppunit/TestResultCollector.h' line 50 and 'c:\hudson\jobs\PF_DRV_IIC_FPGA_Test\workspace\trunk\ext\SF_CPPUNIT\src\TestResultCollector.cpp' line 44

warning: symbol 'addFailure__Q2_7CppUnit19TestResultCollectorFRCQ2_7CppUnit11TestFailure' redeclared with incompatible type

         in 'c:/hudson/jobs/PF_DRV_IIC_FPGA_Test/workspace/trunk/ext/SF_CPPUNIT/build/CCS3_64X/../../inc/cppunit/TestResultCollector.h' line 51 and 'c:\hudson\jobs\PF_DRV_IIC_FPGA_Test\workspace\trunk\ext\SF_CPPUNIT\src\TestResultCollector.cpp' line 52

warning: symbol 'reset__Q2_7CppUnit19TestResultCollectorFv' redeclared with incompatible type

         in 'c:/hudson/jobs/PF_DRV_IIC_FPGA_Test/workspace/trunk/ext/SF_CPPUNIT/build/CCS3_64X/../../inc/cppunit/TestResultCollector.h' line 53 and 'c:\hudson\jobs\PF_DRV_IIC_FPGA_Test\workspace\trunk\ext\SF_CPPUNIT\src\TestResultCollector.cpp' line 32

warning: symbol 'runTests__Q2_7CppUnit19TestResultCollectorCFv' redeclared with incompatible type

         in 'c:/hudson/jobs/PF_DRV_IIC_FPGA_Test/workspace/trunk/ext/SF_CPPUNIT/build/CCS3_64X/../../inc/cppunit/TestResultCollector.h' line 55 and 'c:\hudson\jobs\PF_DRV_IIC_FPGA_Test\workspace\trunk\ext\SF_CPPUNIT\src\TestResultCollector.cpp' line 65

warning: symbol 'testErrors__Q2_7CppUnit19TestResultCollectorCFv' redeclared with incompatible type

         in 'c:/hudson/jobs/PF_DRV_IIC_FPGA_Test/workspace/trunk/ext/SF_CPPUNIT/build/CCS3_64X/../../inc/cppunit/TestResultCollector.h' line 56 and 'c:\hudson\jobs\PF_DRV_IIC_FPGA_Test\workspace\trunk\ext\SF_CPPUNIT\src\TestResultCollector.cpp' line 74

warning: symbol 'testFailures__Q2_7CppUnit19TestResultCollectorCFv' redeclared with incompatible type

         in 'c:/hudson/jobs/PF_DRV_IIC_FPGA_Test/workspace/trunk/ext/SF_CPPUNIT/build/CCS3_64X/../../inc/cppunit/TestResultCollector.h' line 57 and 'c:\hudson\jobs\PF_DRV_IIC_FPGA_Test\workspace\trunk\ext\SF_CPPUNIT\src\TestResultCollector.cpp' line 83

warning: symbol 'testFailuresTotal__Q2_7CppUnit19TestResultCollectorCFv' redeclared with incompatible type

         in 'c:/hudson/jobs/PF_DRV_IIC_FPGA_Test/workspace/trunk/ext/SF_CPPUNIT/build/CCS3_64X/../../inc/cppunit/TestResultCollector.h' line 58 and 'c:\hudson\jobs\PF_DRV_IIC_FPGA_Test\workspace\trunk\ext\SF_CPPUNIT\src\TestResultCollector.cpp' line 92

warning: symbol 'failures__Q2_7CppUnit19TestResultCollectorCFv' redeclared with incompatible type

         in 'c:/hudson/jobs/PF_DRV_IIC_FPGA_Test/workspace/trunk/ext/SF_CPPUNIT/build/CCS3_64X/../../inc/cppunit/TestResultCollector.h' line 60 and 'c:\hudson\jobs\PF_DRV_IIC_FPGA_Test\workspace\trunk\ext\SF_CPPUNIT\src\TestResultCollector.cpp' line 101

warning: symbol 'tests__Q2_7CppUnit19TestResultCollectorCFv' redeclared with incompatible type

         in 'c:/hudson/jobs/PF_DRV_IIC_FPGA_Test/workspace/trunk/ext/SF_CPPUNIT/build/CCS3_64X/../../inc/cppunit/TestResultCollector.h' line 61 and 'c:\hudson\jobs\PF_DRV_IIC_FPGA_Test\workspace\trunk\ext\SF_CPPUNIT\src\TestResultCollector.cpp' line 109

warning: symbol '__ct__Q2_7CppUnit13TextOutputterFPQ2_7CppUnit19TestResultCollectorRQ2_3std52basic_ostream__tm__31_cQ2_3std20char_traits__tm__2_c' redeclared with incompatible type

         in 'c:/hudson/jobs/PF_DRV_IIC_FPGA_Test/workspace/trunk/ext/SF_CPPUNIT/build/CCS3_64X/../../inc/cppunit/TextOutputter.h' line 23 and 'c:\hudson\jobs\PF_DRV_IIC_FPGA_Test\workspace\trunk\ext\SF_CPPUNIT\src\TextOutputter.cpp' line 11

warning: symbol '__dt__Q2_7CppUnit13TextOutputterFv' redeclared with incompatible type

         in 'c:/hudson/jobs/PF_DRV_IIC_FPGA_Test/workspace/trunk/ext/SF_CPPUNIT/build/CCS3_64X/../../inc/cppunit/TextOutputter.h' line 27 and 'c:\hudson\jobs\PF_DRV_IIC_FPGA_Test\workspace\trunk\ext\SF_CPPUNIT\src\TextOutputter.cpp' line 19

warning: symbol 'write__Q2_7CppUnit13TextOutputterFv' redeclared with incompatible type

         in 'c:/hudson/jobs/PF_DRV_IIC_FPGA_Test/workspace/trunk/ext/SF_CPPUNIT/build/CCS3_64X/../../inc/cppunit/TextOutputter.h' line 29 and 'c:\hudson\jobs\PF_DRV_IIC_FPGA_Test\workspace\trunk\ext\SF_CPPUNIT\src\TextOutputter.cpp' line 25

warning: symbol '__ct__Q2_7CppUnit19TestResultCollectorFPQ3_7CppUnit18SynchronizedObject21SynchronizationObject' redeclared with incompatible type

         in 'c:/hudson/jobs/PF_DRV_IIC_FPGA_Test/workspace/trunk/ext/SF_CPPUNIT/build/CCS3_64X/../../inc/cppunit/TestResultCollector.h' line 45 and 'c:/hudson/jobs/PF_DRV_IIC_FPGA_Test/workspace/trunk/ext/SF_CPPUNIT/build/CCS3_64X/../../inc/cppunit/TestResultCollector.h' line 45

warning: symbol '__ct__Q2_7CppUnit13TextOutputterFPQ2_7CppUnit19TestResultCollectorRQ2_3std52basic_ostream__tm__31_cQ2_3std20char_traits__tm__2_c' redeclared with incompatible type

         in 'c:/hudson/jobs/PF_DRV_IIC_FPGA_Test/workspace/trunk/ext/SF_CPPUNIT/build/CCS3_64X/../../inc/cppunit/TextOutputter.h' line 23 and 'c:/hudson/jobs/PF_DRV_IIC_FPGA_Test/workspace/trunk/ext/SF_CPPUNIT/build/CCS3_64X/../../inc/cppunit/TextOutputter.h' line 23

warning: symbol '__CPR294__construct__Q2_3std217allocator__tm__199_Q2_3std188pair__tm__175_Q2_3std78basic_string__tm__58_cQ2_3std20char_traits__tm__2_cQ2_3std18allocator__tm__2_cQ2_3stdJ71JFPQ3_3std26_Allocator_base__tm__4_Z1Z10value_typeRCZ1Z_v' redeclared with incompatible type

         in 'C:/CCStudio_v3.3/C6000 Code Generation Tools 6.1.11/include/xmemory' line 133 and 'C:/CCStudio_v3.3/C6000 Code Generation Tools 6.1.11/include/xmemory' line 133

warning: symbol '__CPR170____ct__Q2_3std107_Deque_const_iterator__tm__78_PQ2_7CppUnit11TestFailureQ2_3std43allocator__tm__26_PQ2_J50JJ58JFRCQ2_3std35_Deque_const_iterator__tm__7_Z1ZZ2Z' redeclared with incompatible type

         in 'C:/CCStudio_v3.3/C6000 Code Generation Tools 6.1.11/include/deque' line 77 and 'C:/CCStudio_v3.3/C6000 Code Generation Tools 6.1.11/include/deque' line 77

warning: symbol '__CPR166____ct__Q2_3std107_Deque_const_iterator__tm__78_PQ2_7CppUnit11TestFailureQ2_3std43allocator__tm__26_PQ2_J50JJ58JFQ2_Z2Z9size_typePCQ2_3std15_Container_base' redeclared with incompatible type

         in 'C:/CCStudio_v3.3/C6000 Code Generation Tools 6.1.11/include/deque' line 82 and 'C:/CCStudio_v3.3/C6000 Code Generation Tools 6.1.11/include/deque' line 82

warning: symbol '__CPR150____ml__Q2_3std107_Deque_const_iterator__tm__78_PQ2_7CppUnit11TestFailureQ2_3std43allocator__tm__26_PQ2_J50JJ58JCFv_Q2_Z2Z15const_reference' redeclared with incompatible type

         in 'C:/CCStudio_v3.3/C6000 Code Generation Tools 6.1.11/include/deque' line 88 and 'C:/CCStudio_v3.3/C6000 Code Generation Tools 6.1.11/include/deque' line 88

warning: symbol '__CPR171____pp__Q2_3std107_Deque_const_iterator__tm__78_PQ2_7CppUnit11TestFailureQ2_3std43allocator__tm__26_PQ2_J50JJ58JFv_RQ2_3std35_Deque_const_iterator__tm__7_Z1ZZ2Z' redeclared with incompatible type

         in 'C:/CCStudio_v3.3/C6000 Code Generation Tools 6.1.11/include/deque' line 103 and 'C:/CCStudio_v3.3/C6000 Code Generation Tools 6.1.11/include/deque' line 103

warning: symbol '__CPR170____pp__Q2_3std107_Deque_const_iterator__tm__78_PQ2_7CppUnit11TestFailureQ2_3std43allocator__tm__26_PQ2_J50JJ58JFi_Q2_3std35_Deque_const_iterator__tm__7_Z1ZZ2Z' redeclared with incompatible type

         in 'C:/CCStudio_v3.3/C6000 Code Generation Tools 6.1.11/include/deque' line 109 and 'C:/CCStudio_v3.3/C6000 Code Generation Tools 6.1.11/include/deque' line 109

warning: symbol '__CPR173____eq__Q2_3std107_Deque_const_iterator__tm__78_PQ2_7CppUnit11TestFailureQ2_3std43allocator__tm__26_PQ2_J50JJ58JCFRCQ2_3std35_Deque_const_iterator__tm__7_Z1ZZ2Z_b' redeclared with incompatible type

         in 'C:/CCStudio_v3.3/C6000 Code Generation Tools 6.1.11/include/deque' line 168 and 'C:/CCStudio_v3.3/C6000 Code Generation Tools 6.1.11/include/deque' line 168

warning: symbol '__CPR173____ne__Q2_3std107_Deque_const_iterator__tm__78_PQ2_7CppUnit11TestFailureQ2_3std43allocator__tm__26_PQ2_J50JJ58JCFRCQ2_3std35_Deque_const_iterator__tm__7_Z1ZZ2Z_b' redeclared with incompatible type

         in 'C:/CCStudio_v3.3/C6000 Code Generation Tools 6.1.11/include/deque' line 182 and 'C:/CCStudio_v3.3/C6000 Code Generation Tools 6.1.11/include/deque' line 182

warning: symbol 'size__Q2_3std75deque__tm__62_PQ2_7CppUnit4TestQ2_3std35allocator__tm__18_PQ2_7CppUnit4TestCFv_Q4_3std24_Deque_val__tm__7_Z1ZZ2Z5_Alty9size_type' redeclared with incompatible type

         in 'C:/CCStudio_v3.3/C6000 Code Generation Tools 6.1.11/include/deque' line 584 and 'C:/CCStudio_v3.3/C6000 Code Generation Tools 6.1.11/include/deque' line 584

warning: symbol '__CPR192__begin__Q2_3std91deque__tm__78_PQ2_7CppUnit11TestFailureQ2_3std43allocator__tm__26_PQ2_J34JJ42JCFv_Q2_3std72_Deque_const_iterator__tm__43_Z1ZQ3_3std24_Deque_val__tm__7_Z1ZZ2Z5_Alty' redeclared with incompatible type

         in 'C:/CCStudio_v3.3/C6000 Code Generation Tools 6.1.11/include/deque' line 536 and 'C:/CCStudio_v3.3/C6000 Code Generation Tools 6.1.11/include/deque' line 536

warning: symbol '__CPR190__end__Q2_3std91deque__tm__78_PQ2_7CppUnit11TestFailureQ2_3std43allocator__tm__26_PQ2_J32JJ40JCFv_Q2_3std72_Deque_const_iterator__tm__43_Z1ZQ3_3std24_Deque_val__tm__7_Z1ZZ2Z5_Alty' redeclared with incompatible type

         in 'C:/CCStudio_v3.3/C6000 Code Generation Tools 6.1.11/include/deque' line 546 and 'C:/CCStudio_v3.3/C6000 Code Generation Tools 6.1.11/include/deque' line 546

<Optimizing>

<Generating>

<Assembling>

"c:\DOCUME~1\tcaspari\LOCALS~1\Temp\015163", WARNING! at line 7447:

 [W0801]

         spanning execute packet at branch target

	           STW     .D2T1   A12,*SP--(16)     ; |1660| 



"c:\DOCUME~1\tcaspari\LOCALS~1\Temp\015163", REMARK   at line 7447:

 [R0001]

         After symbol substitution the line became:

	           STW     .D2T1   A12,*B15--(16)     ; |1660| 



"c:\DOCUME~1\tcaspari\LOCALS~1\Temp\015163", WARNING! at line 11070:

 [W0801]

         spanning execute packet at branch target

	           AND     .L2     1,B4,B5           ; |735| 



No Assembly Errors, 2 Assembly Warnings



[Archiving...] "C:\CCStudio_v3.3\C6000 Code Generation Tools 6.1.11\bin\ar6x" @"Release.lkf"

  ==>  new archive 'c:\hudson\jobs\PF_DRV_IIC_FPGA_Test\workspace\trunk\ext\SF_CPPUNIT\lib\sf_cppunit_64X.lib'

  ==>  building archive 'c:\hudson\jobs\PF_DRV_IIC_FPGA_Test\workspace\trunk\ext\SF_CPPUNIT\lib\sf_cppunit_64X.lib'



Build Complete,

  0 Errors, 84 Warnings, 1 Remarks.

---------------------------  maintest.pjt - Release  ---------------------------

"..\..\ext\PF_STD_VERSION\build\version_scm.bat" ".\..\.." "..\..\inc\version.h.in" "..\..\inc\MAINTEST_Version.h"

SubWCRev: 'C:\hudson\jobs\PF_DRV_IIC_FPGA_Test\workspace\trunk'

Last committed at revision 2273

Updated to revision 2410



[pf-bios-small.tcf] "C:\CCStudio_v3.3\bios_5_41_04_18\xdctools\tconf" -b -Dconfig.importPath="C:/CCStudio_v3.3/bios_5_41_04_18/packages"  pf-bios-small.tcf



"C:\CCStudio_v3.3\C6000 Code Generation Tools 6.1.11\bin\cl6x" -pm -rtti -op3 -o2 -fg -fr"c:/hudson/jobs/PF_DRV_IIC_FPGA_Test/workspace/trunk/build/CCS3_64X/../../obj/Release" -fs"c:/hudson/jobs/PF_DRV_IIC_FPGA_Test/workspace/trunk/build/CCS3_64X/../../obj/Release" -ft"c:/hudson/jobs/PF_DRV_IIC_FPGA_Test/workspace/trunk/build/CCS3_64X/../../obj/Release" -fb"c:/hudson/jobs/PF_DRV_IIC_FPGA_Test/workspace/trunk/build/CCS3_64X/../../obj/Release" -ff"c:/hudson/jobs/PF_DRV_IIC_FPGA_Test/workspace/trunk/build/CCS3_64X/../../obj/Release" -i"c:/hudson/jobs/PF_DRV_IIC_FPGA_Test/workspace/trunk/build/CCS3_64X/" -i"c:/hudson/jobs/PF_DRV_IIC_FPGA_Test/workspace/trunk/build/CCS3_64X/../../inc" -i"c:/hudson/jobs/PF_DRV_IIC_FPGA_Test/workspace/trunk/build/CCS3_64X/../../../../inc" -i"c:/CCStudio_v3.3/c6400/dsplib/include/" -i"c:/hudson/jobs/PF_DRV_IIC_FPGA_Test/workspace/trunk/build/CCS3_64X/../../ext/PF_STD_VERSION/inc" -i"c:/hudson/jobs/PF_DRV_IIC_FPGA_Test/workspace/trunk/build/CCS3_64X/../../ext/PF_DRV_IIC/inc" -i"c:/hudson/jobs/PF_DRV_IIC_FPGA_Test/workspace/trunk/build/CCS3_64X/../../ext/PF_DRV_IIC_FPGA/inc" -i"c:/hudson/jobs/PF_DRV_IIC_FPGA_Test/workspace/trunk/build/CCS3_64X/../../ext/SF_CPPUNIT/inc" -d"CHIP_DM642" -d"__STDC_LIMIT_MACROS" -mi1024 -ms3 -mf5 -mv6400 --mem_model:data=far -@"Release.lkf"

[pf-bios-smallcfg_c.c]

[TemplateInstantiation.cpp]

[TestCase.cpp]

"c:/hudson/jobs/PF_DRV_IIC_FPGA_Test/workspace/trunk/build/CCS3_64X/../../inc/TestCase.h", line 24: warning: static local variables of extern inline function are not resolved to single copy. Not ANSI C++ Compliant

[UnitTest.cpp]

[Version.cpp]

[pf-bios-smallcfg.s62]

<Optimizing>

<Generating>

<Assembling>

"c:\DOCUME~1\tcaspari\LOCALS~1\Temp\036043", WARNING! at line 5412:

 [W0801]

         spanning execute packet at branch target

	           MV      .L1     A4,A0             ; |731| 



"c:\DOCUME~1\tcaspari\LOCALS~1\Temp\036043", WARNING! at line 5479:

 [W0801]

         spanning execute packet at branch target

	           AND     .L2     1,B4,B5           ; |735| 



No Assembly Errors, 2 Assembly Warnings



[Linking...] "C:\CCStudio_v3.3\C6000 Code Generation Tools 6.1.11\bin\cl6x" -@"Release.lkf"

<Linking>



..\hex\makeIntelHex.bat Release

Das System kann den angegebenen Pfad nicht finden.



Build Complete,

  0 Errors, 1 Warnings, 0 Remarks.

  Please view the build output for errors and warnings for any custom steps.



Recursive Build Complete,

  Total Count: 0 Errors, 85 Warnings, 1 Remarks.


C:\hudson\jobs\PF_DRV_IIC_FPGA_Test\workspace>if not 0 == 0 goto exit 1 
[workspace] $ cmd /c call c:\DOCUME~1\tcaspari\LOCALS~1\Temp\hudson8450127909566034351.bat

c:\hudson\jobs\PF_DRV_IIC_FPGA_Test\workspace>C:\lint\pf-lint\LIN.BAT c:\hudson\jobs\PF_DRV_IIC_FPGA_Test\workspace\trunk\ext\PF_DRV_IIC_FPGA 

c:\hudson\jobs\PF_DRV_IIC_FPGA_Test\workspace>"C:\lint\Lint-nt" +v  -i"C:\lint\pf-lint" co-ti320.lnt pf-ccs3.lnt lib-stl.lnt pf-libpaths.lnt -ic:\hudson\jobs\PF_DRV_IIC_FPGA_Test\workspace\trunk\ext\PF_DRV_IIC_FPGA\inc -ic:\hudson\jobs\PF_DRV_IIC_FPGA_Test\workspace\trunk\ext\PF_DRV_IIC_FPGA\inc_priv -ic:\hudson\jobs\PF_DRV_IIC_FPGA_Test\workspace\trunk\ext\PF_DRV_IIC_FPGA\..\..         c:\hudson\jobs\PF_DRV_IIC_FPGA_Test\workspace\trunk\ext\PF_DRV_IIC_FPGA\src\*.c* 
PC-lint for C/C++ (NT) Vers. 9.00e, Copyright Gimpel Software 1985-2010

--- Module:   c:\hudson\jobs\PF_DRV_IIC_FPGA_Test\workspace\trunk\ext\PF_DRV_IIC_FPGA\src\pf_drv_iic_fpga.cpp (C++)

--- Module:   c:\hudson\jobs\PF_DRV_IIC_FPGA_Test\workspace\trunk\ext\PF_DRV_IIC_FPGA\src\pf_drv_iic_fpga.cpp (C++)
c:\hudson\jobs\PF_DRV_IIC_FPGA_Test\workspace\trunk\ext\PF_DRV_IIC_FPGA\src\pf_drv_iic_fpga.cpp(28): Info 1732: new in constructor for class 'Drv_IIC_FPGA' which has no assignment operator
c:\hudson\jobs\PF_DRV_IIC_FPGA_Test\workspace\trunk\ext\PF_DRV_IIC_FPGA\src\pf_drv_iic_fpga.cpp(28): Info 1733: new in constructor for class 'Drv_IIC_FPGA' which has no copy constructor
c:\hudson\jobs\PF_DRV_IIC_FPGA_Test\workspace\trunk\ext\PF_DRV_IIC_FPGA\src\pf_drv_iic_fpga.cpp(56): Warning 1540: Pointer member 'PF_DRV_IIC_FPGA::Drv_IIC_FPGA::_iicHandle' (line 34, file c:\hudson\jobs\PF_DRV_IIC_FPGA_Test\workspace\trunk\ext\PF_DRV_IIC_FPGA\inc\pf_drv_iic_fpga.h) neither freed nor zeroed by destructor
c:\hudson\jobs\PF_DRV_IIC_FPGA_Test\workspace\trunk\ext\PF_DRV_IIC_FPGA\inc\pf_drv_iic_fpga.h(34): Info 830: Location cited in prior message
c:\hudson\jobs\PF_DRV_IIC_FPGA_Test\workspace\trunk\ext\PF_DRV_IIC_FPGA\src\pf_drv_iic_fpga.cpp(56): Warning 1540: Pointer member 'PF_DRV_IIC_FPGA::Drv_IIC_FPGA::_version' (line 38, file c:\hudson\jobs\PF_DRV_IIC_FPGA_Test\workspace\trunk\ext\PF_DRV_IIC_FPGA\inc\pf_drv_iic_fpga.h) neither freed nor zeroed by destructor
c:\hudson\jobs\PF_DRV_IIC_FPGA_Test\workspace\trunk\ext\PF_DRV_IIC_FPGA\inc\pf_drv_iic_fpga.h(38): Info 830: Location cited in prior message
c:\hudson\jobs\PF_DRV_IIC_FPGA_Test\workspace\trunk\ext\PF_DRV_IIC_FPGA\src\pf_drv_iic_fpga.cpp(67): Info 1762: Member function 'PF_DRV_IIC_FPGA::Drv_IIC_FPGA::IsSearchCoarseAvailable(void)' could be made const
c:\hudson\jobs\PF_DRV_IIC_FPGA_Test\workspace\trunk\ext\PF_DRV_IIC_FPGA\src\pf_drv_iic_fpga.cpp(72): Info 1762: Member function 'PF_DRV_IIC_FPGA::Drv_IIC_FPGA::IsFpgaAvailable(void)' could be made const
c:\hudson\jobs\PF_DRV_IIC_FPGA_Test\workspace\trunk\ext\PF_DRV_IIC_FPGA\src\pf_drv_iic_fpga.cpp(83): Warning 641: Converting enum 'PF_DRV_IIC_FPGA::FpgaRegister' to 'int'
c:\hudson\jobs\PF_DRV_IIC_FPGA_Test\workspace\trunk\ext\PF_DRV_IIC_FPGA\src\pf_drv_iic_fpga.cpp(83): Warning 534: Ignoring return value of function 'PF_DRV_IIC::iicWrite(I2C_Obj *, enum PF_DRV_IIC::IicHeaderType, unsigned char, unsigned int, const unsigned char *, unsigned short)' (compare with line 87, file c:\hudson\jobs\PF_DRV_IIC_FPGA_Test\workspace\trunk\ext\PF_DRV_IIC\inc\pf_drv_iic.h)
c:\hudson\jobs\PF_DRV_IIC_FPGA_Test\workspace\trunk\ext\PF_DRV_IIC\inc\pf_drv_iic.h(87): Info 830: Location cited in prior message
c:\hudson\jobs\PF_DRV_IIC_FPGA_Test\workspace\trunk\ext\PF_DRV_IIC_FPGA\src\pf_drv_iic_fpga.cpp(89): Warning 524: Loss of precision (initialization) (double to unsigned int)
c:\hudson\jobs\PF_DRV_IIC_FPGA_Test\workspace\trunk\ext\PF_DRV_IIC_FPGA\src\pf_drv_iic_fpga.cpp(89): Info 732: Loss of sign (initialization) (double to unsigned int)
c:\hudson\jobs\PF_DRV_IIC_FPGA_Test\workspace\trunk\ext\PF_DRV_IIC_FPGA\src\pf_drv_iic_fpga.cpp(91): Warning 641: Converting enum 'PF_DRV_IIC_FPGA::FpgaRegister' to 'int'
c:\hudson\jobs\PF_DRV_IIC_FPGA_Test\workspace\trunk\ext\PF_DRV_IIC_FPGA\src\pf_drv_iic_fpga.cpp(91): Warning 534: Ignoring return value of function 'PF_DRV_IIC::iicWrite(I2C_Obj *, enum PF_DRV_IIC::IicHeaderType, unsigned char, unsigned int, const unsigned char *, unsigned short)' (compare with line 87, file c:\hudson\jobs\PF_DRV_IIC_FPGA_Test\workspace\trunk\ext\PF_DRV_IIC\inc\pf_drv_iic.h)
c:\hudson\jobs\PF_DRV_IIC_FPGA_Test\workspace\trunk\ext\PF_DRV_IIC\inc\pf_drv_iic.h(87): Info 830: Location cited in prior message
c:\hudson\jobs\PF_DRV_IIC_FPGA_Test\workspace\trunk\ext\PF_DRV_IIC_FPGA\src\pf_drv_iic_fpga.cpp(107): Warning 641: Converting enum 'PF_DRV_IIC_FPGA::FpgaRegister' to 'int'
c:\hudson\jobs\PF_DRV_IIC_FPGA_Test\workspace\trunk\ext\PF_DRV_IIC_FPGA\src\pf_drv_iic_fpga.cpp(107): Warning 534: Ignoring return value of function 'PF_DRV_IIC::iicWrite(I2C_Obj *, enum PF_DRV_IIC::IicHeaderType, unsigned char, unsigned int, const unsigned char *, unsigned short)' (compare with line 87, file c:\hudson\jobs\PF_DRV_IIC_FPGA_Test\workspace\trunk\ext\PF_DRV_IIC\inc\pf_drv_iic.h)
c:\hudson\jobs\PF_DRV_IIC_FPGA_Test\workspace\trunk\ext\PF_DRV_IIC\inc\pf_drv_iic.h(87): Info 830: Location cited in prior message
c:\hudson\jobs\PF_DRV_IIC_FPGA_Test\workspace\trunk\ext\PF_DRV_IIC_FPGA\src\pf_drv_iic_fpga.cpp(124): Warning 641: Converting enum 'PF_DRV_IIC_FPGA::FpgaRegister' to 'int'
c:\hudson\jobs\PF_DRV_IIC_FPGA_Test\workspace\trunk\ext\PF_DRV_IIC_FPGA\src\pf_drv_iic_fpga.cpp(124): Warning 534: Ignoring return value of function 'PF_DRV_IIC::iicWrite(I2C_Obj *, enum PF_DRV_IIC::IicHeaderType, unsigned char, unsigned int, const unsigned char *, unsigned short)' (compare with line 87, file c:\hudson\jobs\PF_DRV_IIC_FPGA_Test\workspace\trunk\ext\PF_DRV_IIC\inc\pf_drv_iic.h)
c:\hudson\jobs\PF_DRV_IIC_FPGA_Test\workspace\trunk\ext\PF_DRV_IIC\inc\pf_drv_iic.h(87): Info 830: Location cited in prior message
c:\hudson\jobs\PF_DRV_IIC_FPGA_Test\workspace\trunk\ext\PF_DRV_IIC_FPGA\src\pf_drv_iic_fpga.cpp(141): Warning 641: Converting enum 'PF_DRV_IIC_FPGA::FpgaRegister' to 'int'
c:\hudson\jobs\PF_DRV_IIC_FPGA_Test\workspace\trunk\ext\PF_DRV_IIC_FPGA\src\pf_drv_iic_fpga.cpp(141): Warning 534: Ignoring return value of function 'PF_DRV_IIC::iicWrite(I2C_Obj *, enum PF_DRV_IIC::IicHeaderType, unsigned char, unsigned int, const unsigned char *, unsigned short)' (compare with line 87, file c:\hudson\jobs\PF_DRV_IIC_FPGA_Test\workspace\trunk\ext\PF_DRV_IIC\inc\pf_drv_iic.h)
c:\hudson\jobs\PF_DRV_IIC_FPGA_Test\workspace\trunk\ext\PF_DRV_IIC\inc\pf_drv_iic.h(87): Info 830: Location cited in prior message
c:\hudson\jobs\PF_DRV_IIC_FPGA_Test\workspace\trunk\ext\PF_DRV_IIC_FPGA\src\pf_drv_iic_fpga.cpp(150): Warning 641: Converting enum 'PF_DRV_IIC_FPGA::FpgaRegister' to 'int'
c:\hudson\jobs\PF_DRV_IIC_FPGA_Test\workspace\trunk\ext\PF_DRV_IIC_FPGA\src\pf_drv_iic_fpga.cpp(150): Warning 534: Ignoring return value of function 'PF_DRV_IIC::iicWrite(I2C_Obj *, enum PF_DRV_IIC::IicHeaderType, unsigned char, unsigned int, const unsigned char *, unsigned short)' (compare with line 87, file c:\hudson\jobs\PF_DRV_IIC_FPGA_Test\workspace\trunk\ext\PF_DRV_IIC\inc\pf_drv_iic.h)
c:\hudson\jobs\PF_DRV_IIC_FPGA_Test\workspace\trunk\ext\PF_DRV_IIC\inc\pf_drv_iic.h(87): Info 830: Location cited in prior message
c:\hudson\jobs\PF_DRV_IIC_FPGA_Test\workspace\trunk\ext\PF_DRV_IIC_FPGA\src\pf_drv_iic_fpga.cpp(165): Warning 653: Possible loss of fraction
c:\hudson\jobs\PF_DRV_IIC_FPGA_Test\workspace\trunk\ext\PF_DRV_IIC_FPGA\src\pf_drv_iic_fpga.cpp(166): Warning 524: Loss of precision (initialization) (float to unsigned int)
c:\hudson\jobs\PF_DRV_IIC_FPGA_Test\workspace\trunk\ext\PF_DRV_IIC_FPGA\src\pf_drv_iic_fpga.cpp(166): Info 732: Loss of sign (initialization) (float to unsigned int)
c:\hudson\jobs\PF_DRV_IIC_FPGA_Test\workspace\trunk\ext\PF_DRV_IIC_FPGA\src\pf_drv_iic_fpga.cpp(167): Warning 641: Converting enum 'PF_DRV_IIC_FPGA::FpgaRegister' to 'int'
c:\hudson\jobs\PF_DRV_IIC_FPGA_Test\workspace\trunk\ext\PF_DRV_IIC_FPGA\src\pf_drv_iic_fpga.cpp(167): Warning 534: Ignoring return value of function 'PF_DRV_IIC::iicWrite(I2C_Obj *, enum PF_DRV_IIC::IicHeaderType, unsigned char, unsigned int, const unsigned char *, unsigned short)' (compare with line 87, file c:\hudson\jobs\PF_DRV_IIC_FPGA_Test\workspace\trunk\ext\PF_DRV_IIC\inc\pf_drv_iic.h)
c:\hudson\jobs\PF_DRV_IIC_FPGA_Test\workspace\trunk\ext\PF_DRV_IIC\inc\pf_drv_iic.h(87): Info 830: Location cited in prior message
c:\hudson\jobs\PF_DRV_IIC_FPGA_Test\workspace\trunk\ext\PF_DRV_IIC_FPGA\src\pf_drv_iic_fpga.cpp(185): Warning 653: Possible loss of fraction
c:\hudson\jobs\PF_DRV_IIC_FPGA_Test\workspace\trunk\ext\PF_DRV_IIC_FPGA\src\pf_drv_iic_fpga.cpp(186): Warning 524: Loss of precision (initialization) (float to unsigned int)
c:\hudson\jobs\PF_DRV_IIC_FPGA_Test\workspace\trunk\ext\PF_DRV_IIC_FPGA\src\pf_drv_iic_fpga.cpp(186): Info 732: Loss of sign (initialization) (float to unsigned int)
c:\hudson\jobs\PF_DRV_IIC_FPGA_Test\workspace\trunk\ext\PF_DRV_IIC_FPGA\src\pf_drv_iic_fpga.cpp(187): Warning 641: Converting enum 'PF_DRV_IIC_FPGA::FpgaRegister' to 'int'
c:\hudson\jobs\PF_DRV_IIC_FPGA_Test\workspace\trunk\ext\PF_DRV_IIC_FPGA\src\pf_drv_iic_fpga.cpp(187): Warning 534: Ignoring return value of function 'PF_DRV_IIC::iicWrite(I2C_Obj *, enum PF_DRV_IIC::IicHeaderType, unsigned char, unsigned int, const unsigned char *, unsigned short)' (compare with line 87, file c:\hudson\jobs\PF_DRV_IIC_FPGA_Test\workspace\trunk\ext\PF_DRV_IIC\inc\pf_drv_iic.h)
c:\hudson\jobs\PF_DRV_IIC_FPGA_Test\workspace\trunk\ext\PF_DRV_IIC\inc\pf_drv_iic.h(87): Info 830: Location cited in prior message
c:\hudson\jobs\PF_DRV_IIC_FPGA_Test\workspace\trunk\ext\PF_DRV_IIC_FPGA\src\pf_drv_iic_fpga.cpp(206): Warning 653: Possible loss of fraction
c:\hudson\jobs\PF_DRV_IIC_FPGA_Test\workspace\trunk\ext\PF_DRV_IIC_FPGA\src\pf_drv_iic_fpga.cpp(207): Warning 524: Loss of precision (initialization) (float to unsigned int)
c:\hudson\jobs\PF_DRV_IIC_FPGA_Test\workspace\trunk\ext\PF_DRV_IIC_FPGA\src\pf_drv_iic_fpga.cpp(207): Info 732: Loss of sign (initialization) (float to unsigned int)
c:\hudson\jobs\PF_DRV_IIC_FPGA_Test\workspace\trunk\ext\PF_DRV_IIC_FPGA\src\pf_drv_iic_fpga.cpp(208): Warning 641: Converting enum 'PF_DRV_IIC_FPGA::FpgaRegister' to 'int'
c:\hudson\jobs\PF_DRV_IIC_FPGA_Test\workspace\trunk\ext\PF_DRV_IIC_FPGA\src\pf_drv_iic_fpga.cpp(208): Warning 534: Ignoring return value of function 'PF_DRV_IIC::iicWrite(I2C_Obj *, enum PF_DRV_IIC::IicHeaderType, unsigned char, unsigned int, const unsigned char *, unsigned short)' (compare with line 87, file c:\hudson\jobs\PF_DRV_IIC_FPGA_Test\workspace\trunk\ext\PF_DRV_IIC\inc\pf_drv_iic.h)
c:\hudson\jobs\PF_DRV_IIC_FPGA_Test\workspace\trunk\ext\PF_DRV_IIC\inc\pf_drv_iic.h(87): Info 830: Location cited in prior message
c:\hudson\jobs\PF_DRV_IIC_FPGA_Test\workspace\trunk\ext\PF_DRV_IIC_FPGA\src\pf_drv_iic_fpga.cpp(218): Warning 641: Converting enum 'PF_DRV_IIC_FPGA::FpgaRegister' to 'int'
c:\hudson\jobs\PF_DRV_IIC_FPGA_Test\workspace\trunk\ext\PF_DRV_IIC_FPGA\src\pf_drv_iic_fpga.cpp(218): Warning 534: Ignoring return value of function 'PF_DRV_IIC::iicWrite(I2C_Obj *, enum PF_DRV_IIC::IicHeaderType, unsigned char, unsigned int, const unsigned char *, unsigned short)' (compare with line 87, file c:\hudson\jobs\PF_DRV_IIC_FPGA_Test\workspace\trunk\ext\PF_DRV_IIC\inc\pf_drv_iic.h)
c:\hudson\jobs\PF_DRV_IIC_FPGA_Test\workspace\trunk\ext\PF_DRV_IIC\inc\pf_drv_iic.h(87): Info 830: Location cited in prior message
c:\hudson\jobs\PF_DRV_IIC_FPGA_Test\workspace\trunk\ext\PF_DRV_IIC_FPGA\src\pf_drv_iic_fpga.cpp(228): Warning 641: Converting enum 'PF_DRV_IIC_FPGA::FpgaRegister' to 'int'
c:\hudson\jobs\PF_DRV_IIC_FPGA_Test\workspace\trunk\ext\PF_DRV_IIC_FPGA\src\pf_drv_iic_fpga.cpp(228): Warning 534: Ignoring return value of function 'PF_DRV_IIC::iicWrite(I2C_Obj *, enum PF_DRV_IIC::IicHeaderType, unsigned char, unsigned int, const unsigned char *, unsigned short)' (compare with line 87, file c:\hudson\jobs\PF_DRV_IIC_FPGA_Test\workspace\trunk\ext\PF_DRV_IIC\inc\pf_drv_iic.h)
c:\hudson\jobs\PF_DRV_IIC_FPGA_Test\workspace\trunk\ext\PF_DRV_IIC\inc\pf_drv_iic.h(87): Info 830: Location cited in prior message
c:\hudson\jobs\PF_DRV_IIC_FPGA_Test\workspace\trunk\ext\PF_DRV_IIC_FPGA\src\pf_drv_iic_fpga.cpp(238): Warning 641: Converting enum 'PF_DRV_IIC_FPGA::FpgaRegister' to 'int'
c:\hudson\jobs\PF_DRV_IIC_FPGA_Test\workspace\trunk\ext\PF_DRV_IIC_FPGA\src\pf_drv_iic_fpga.cpp(238): Warning 534: Ignoring return value of function 'PF_DRV_IIC::iicWrite(I2C_Obj *, enum PF_DRV_IIC::IicHeaderType, unsigned char, unsigned int, const unsigned char *, unsigned short)' (compare with line 87, file c:\hudson\jobs\PF_DRV_IIC_FPGA_Test\workspace\trunk\ext\PF_DRV_IIC\inc\pf_drv_iic.h)
c:\hudson\jobs\PF_DRV_IIC_FPGA_Test\workspace\trunk\ext\PF_DRV_IIC\inc\pf_drv_iic.h(87): Info 830: Location cited in prior message
c:\hudson\jobs\PF_DRV_IIC_FPGA_Test\workspace\trunk\ext\PF_DRV_IIC_FPGA\src\pf_drv_iic_fpga.cpp(248): Warning 641: Converting enum 'PF_DRV_IIC_FPGA::FpgaRegister' to 'int'
c:\hudson\jobs\PF_DRV_IIC_FPGA_Test\workspace\trunk\ext\PF_DRV_IIC_FPGA\src\pf_drv_iic_fpga.cpp(248): Warning 534: Ignoring return value of function 'PF_DRV_IIC::iicWrite(I2C_Obj *, enum PF_DRV_IIC::IicHeaderType, unsigned char, unsigned int, const unsigned char *, unsigned short)' (compare with line 87, file c:\hudson\jobs\PF_DRV_IIC_FPGA_Test\workspace\trunk\ext\PF_DRV_IIC\inc\pf_drv_iic.h)
c:\hudson\jobs\PF_DRV_IIC_FPGA_Test\workspace\trunk\ext\PF_DRV_IIC\inc\pf_drv_iic.h(87): Info 830: Location cited in prior message
c:\hudson\jobs\PF_DRV_IIC_FPGA_Test\workspace\trunk\ext\PF_DRV_IIC_FPGA\src\pf_drv_iic_fpga.cpp(258): Warning 641: Converting enum 'PF_DRV_IIC_FPGA::FpgaRegister' to 'int'
c:\hudson\jobs\PF_DRV_IIC_FPGA_Test\workspace\trunk\ext\PF_DRV_IIC_FPGA\src\pf_drv_iic_fpga.cpp(258): Warning 534: Ignoring return value of function 'PF_DRV_IIC::iicWrite(I2C_Obj *, enum PF_DRV_IIC::IicHeaderType, unsigned char, unsigned int, const unsigned char *, unsigned short)' (compare with line 87, file c:\hudson\jobs\PF_DRV_IIC_FPGA_Test\workspace\trunk\ext\PF_DRV_IIC\inc\pf_drv_iic.h)
c:\hudson\jobs\PF_DRV_IIC_FPGA_Test\workspace\trunk\ext\PF_DRV_IIC\inc\pf_drv_iic.h(87): Info 830: Location cited in prior message

--- Module:   c:\hudson\jobs\PF_DRV_IIC_FPGA_Test\workspace\trunk\ext\PF_DRV_IIC_FPGA\src\Version.cpp (C++)

--- Module:   c:\hudson\jobs\PF_DRV_IIC_FPGA_Test\workspace\trunk\ext\PF_DRV_IIC_FPGA\src\Version.cpp (C++)

c:\hudson\jobs\PF_DRV_IIC_FPGA_Test\workspace>exit /B 0 
[WARNINGS] Parsing warnings in console log...
[WARNINGS] Using set difference to compute new warnings
[WARNINGS] Found 100 new annotations (0 high, 78 normal, 22 low)
[WARNINGS] Found 162  annotations (0 high, 140 normal, 22 low)
[WARNINGS] Setting build status to FAILURE since total number of new annotations exceeds the threshold 20
Sending e-mails to: xxx
Finished: FAILURE
