<?xml version="1.0" encoding="UTF-8"?>
<results version="2">
  <cppcheck version="1.48"/>
  <errors>
  <error id="missingInclude" severity="information" msg="Include file: &quot;Math/Vec3.h&quot; not found." verbose="Include file: &quot;Math/Vec3.h&quot; not found.">
    <location file="C:\jenkins\jobs\QuickCppCheck\workspace\Development\Common\Library\Image\ColorRgb.h" line="24"/>
  </error>
  <error id="missingInclude" severity="information" msg="Include file: &quot;Math/Vec4.h&quot; not found." verbose="Include file: &quot;Math/Vec4.h&quot; not found.">
    <location file="C:\jenkins\jobs\QuickCppCheck\workspace\Development\Common\Library\Image\ColorRgb.h" line="28"/>
  </error>
  <error id="missingInclude" severity="information" msg="Include file: &quot;Image/FontType.h&quot; not found." verbose="Include file: &quot;Image/FontType.h&quot; not found.">
    <location file="C:\jenkins\jobs\QuickCppCheck\workspace\Development\Common\Library\Image\FontType.cpp" line="19"/>
  </error>
  <error id="missingInclude" severity="information" msg="Include file: &quot;Image/ColorRgb.h&quot; not found." verbose="Include file: &quot;Image/ColorRgb.h&quot; not found.">
    <location file="C:\jenkins\jobs\QuickCppCheck\workspace\Development\Common\Library\Image\FontType.cpp" line="20"/>
  </error>
  <error id="missingInclude" severity="information" msg="Include file: &quot;Utility/FormatCharacters.h&quot; not found." verbose="Include file: &quot;Utility/FormatCharacters.h&quot; not found.">
    <location file="C:\jenkins\jobs\QuickCppCheck\workspace\Development\Common\Library\Image\FontType.cpp" line="21"/>
  </error>
  <error id="missingInclude" severity="information" msg="Include file: &quot;Math/Affine2.h&quot; not found." verbose="Include file: &quot;Math/Affine2.h&quot; not found.">
    <location file="C:\jenkins\jobs\QuickCppCheck\workspace\Development\Product\E2L\ScreenConfig.h" line="25"/>
  </error>
  <error id="uninitVar" severity="warning" msg="Member variable 'Message::data' is not initialised in the constructor." verbose="Member variable 'Message::data' is not initialised in the constructor.">
    <location file="C:\jenkins\jobs\QuickCppCheck\workspace\Development\Common\Framework\Databus\Databus.h" line="245"/>
  </error>
  <error id="missingInclude" severity="information" msg="Include file: &quot;Image/PixelFormat.h&quot; not found." verbose="Include file: &quot;Image/PixelFormat.h&quot; not found.">
    <location file="C:\jenkins\jobs\QuickCppCheck\workspace\Development\Common\Library\Image\PixelFormat.cpp" line="19"/>
  </error>
  <error id="missingInclude" severity="information" msg="Include file: &quot;Utility/Bit.h&quot; not found." verbose="Include file: &quot;Utility/Bit.h&quot; not found.">
    <location file="C:\jenkins\jobs\QuickCppCheck\workspace\Development\Common\Library\Image\PixelFormat.cpp" line="20"/>
  </error>
  <error id="missingInclude" severity="information" msg="Include file: &quot;Image/PixelTypesS3tc.h&quot; not found." verbose="Include file: &quot;Image/PixelTypesS3tc.h&quot; not found.">
    <location file="C:\jenkins\jobs\QuickCppCheck\workspace\Development\Common\Library\Image\PixelFormatS3tc.cpp" line="19"/>
  </error>
  <error id="missingInclude" severity="information" msg="Include file: &quot;Math/Matrix3.h&quot; not found." verbose="Include file: &quot;Math/Matrix3.h&quot; not found.">
    <location file="C:\jenkins\jobs\QuickCppCheck\workspace\Development\Common\Library\Image\PixelFormatS3tc.cpp" line="20"/>
  </error>
  <error id="missingInclude" severity="information" msg="Include file: &quot;Math/Fsqrt.h&quot; not found." verbose="Include file: &quot;Math/Fsqrt.h&quot; not found.">
    <location file="C:\jenkins\jobs\QuickCppCheck\workspace\Development\Common\Library\Image\PixelFormatS3tc.cpp" line="21"/>
  </error>
  <error id="missingInclude" severity="information" msg="Include file: &quot;Utility/Units.h&quot; not found." verbose="Include file: &quot;Utility/Units.h&quot; not found.">
    <location file="C:\jenkins\jobs\QuickCppCheck\workspace\Development\Common\Library\Image\PixelFormatS3tc.cpp" line="22"/>
  </error>
  <error id="charArrayIndex" severity="warning" msg="Warning - using char variable as array index" verbose="Warning - using char variable as array index">
    <location file="C:\jenkins\jobs\QuickCppCheck\workspace\Development\Common\Library\Image\PixelFormatS3tc.cpp" line="469"/>
  </error>
  <error id="charArrayIndex" severity="warning" msg="Warning - using char variable as array index" verbose="Warning - using char variable as array index">
    <location file="C:\jenkins\jobs\QuickCppCheck\workspace\Development\Common\Library\Image\PixelFormatS3tc.cpp" line="485"/>
  </error>
  <error id="charArrayIndex" severity="warning" msg="Warning - using char variable as array index" verbose="Warning - using char variable as array index">
    <location file="C:\jenkins\jobs\QuickCppCheck\workspace\Development\Common\Library\Image\PixelFormatS3tc.cpp" line="490"/>
  </error>
  <error id="charArrayIndex" severity="warning" msg="Warning - using char variable as array index" verbose="Warning - using char variable as array index">
    <location file="C:\jenkins\jobs\QuickCppCheck\workspace\Development\Common\Library\Image\PixelFormatS3tc.cpp" line="587"/>
  </error>
  <error id="missingInclude" severity="information" msg="Include file: &quot;Image/Targa.h&quot; not found." verbose="Include file: &quot;Image/Targa.h&quot; not found.">
    <location file="C:\jenkins\jobs\QuickCppCheck\workspace\Development\Common\Library\Image\Targa.cpp" line="20"/>
  </error>
  <error id="missingInclude" severity="information" msg="Include file: &quot;Image/PixelFormat.h&quot; not found." verbose="Include file: &quot;Image/PixelFormat.h&quot; not found.">
    <location file="C:\jenkins\jobs\QuickCppCheck\workspace\Development\Common\Library\Image\Targa.cpp" line="24"/>
  </error>
  <error id="missingInclude" severity="information" msg="Include file: &quot;Utility/AviAssert.h&quot; not found." verbose="Include file: &quot;Utility/AviAssert.h&quot; not found.">
    <location file="C:\jenkins\jobs\QuickCppCheck\workspace\Development\Common\Library\Image\Targa.cpp" line="27"/>
  </error>
  <error id="variableScope" severity="information" msg="The scope of the variable 'imageWidth' can be reduced" verbose="The scope of the variable 'imageWidth' can be reduced. Warning: It can be unsafe to fix this message. Be careful. Especially when there are inner loops. Here is an example where cppcheck will write that the scope for 'i' can be reduced:&#xa;void f(int x)&#xa;{&#xa;    int i = 0;&#xa;    if (x) {&#xa;        // it's safe to move 'int i = 0' here&#xa;        for (int n = 0; n &lt; 10; ++n) {&#xa;            // it is possible but not safe to move 'int i = 0' here&#xa;            do_something(&amp;i);&#xa;        }&#xa;    }&#xa;}&#xa;When you see this message it is always safe to reduce the variable scope 1 level.">
    <location file="C:\jenkins\jobs\QuickCppCheck\workspace\Development\Common\Library\Image\Targa.cpp" line="94"/>
  </error>
  <error id="variableScope" severity="information" msg="The scope of the variable 'imageHeight' can be reduced" verbose="The scope of the variable 'imageHeight' can be reduced. Warning: It can be unsafe to fix this message. Be careful. Especially when there are inner loops. Here is an example where cppcheck will write that the scope for 'i' can be reduced:&#xa;void f(int x)&#xa;{&#xa;    int i = 0;&#xa;    if (x) {&#xa;        // it's safe to move 'int i = 0' here&#xa;        for (int n = 0; n &lt; 10; ++n) {&#xa;            // it is possible but not safe to move 'int i = 0' here&#xa;            do_something(&amp;i);&#xa;        }&#xa;    }&#xa;}&#xa;When you see this message it is always safe to reduce the variable scope 1 level.">
    <location file="C:\jenkins\jobs\QuickCppCheck\workspace\Development\Common\Library\Image\Targa.cpp" line="95"/>
  </error>
  <error id="missingInclude" severity="information" msg="Include file: &quot;Image/TextureBase.h&quot; not found." verbose="Include file: &quot;Image/TextureBase.h&quot; not found.">
    <location file="C:\jenkins\jobs\QuickCppCheck\workspace\Development\Common\Library\Image\TextureBase.cpp" line="19"/>
  </error>
  <error id="missingInclude" severity="information" msg="Include file: &quot;Image/PixelFormat.h&quot; not found." verbose="Include file: &quot;Image/PixelFormat.h&quot; not found.">
    <location file="C:\jenkins\jobs\QuickCppCheck\workspace\Development\Common\Library\Image\TextureBase.cpp" line="20"/>
  </error>
  <error id="missingInclude" severity="information" msg="Include file: &quot;Image/ColorRgb.h&quot; not found." verbose="Include file: &quot;Image/ColorRgb.h&quot; not found.">
    <location file="C:\jenkins\jobs\QuickCppCheck\workspace\Development\Common\Library\Image\TextureBase.cpp" line="21"/>
  </error>
  <error id="missingInclude" severity="information" msg="Include file: &quot;Utility/Units.h&quot; not found." verbose="Include file: &quot;Utility/Units.h&quot; not found.">
    <location file="C:\jenkins\jobs\QuickCppCheck\workspace\Development\Common\Library\Image\TextureBase.cpp" line="22"/>
  </error>
  <error id="missingInclude" severity="information" msg="Include file: &quot;Image/Targa.h&quot; not found." verbose="Include file: &quot;Image/Targa.h&quot; not found.">
    <location file="C:\jenkins\jobs\QuickCppCheck\workspace\Development\Common\Library\Image\TextureBase.cpp" line="26"/>
  </error>
  </errors>
</results>
