17:16:21 [libraryxsi] Executing: make -j16 install
17:16:21 [libraryxsi] 
17:16:21 [libraryxsi] All 1 build(s) were successful.
17:16:21 [libraryxsi] 
[Pipeline] [libraryxsi] isUnix
[Pipeline] [libraryxsi] sh
17:16:23 [libraryxsi] [libraryxsi] Running shell script
[Pipeline] [libraryxsi] isUnix
[Pipeline] [libraryxsi] sh
17:16:24 [libraryxsi] [libraryxsi] Running shell script
[Pipeline] [libraryxsi] zip
17:16:25 [libraryxsi] Writing zip file of /tmp/jenkins-rndtest_vortexLibrary-master-289/packages filtered by [**/AL_vortex_library_xsi/**] to /var/jenkinssecure/workspace/ndtest_vortexLibrary_master-X3A5UX22W6IMED55FSQHJKD6AHL6ESIHJURUCWUM4GBL4V55GB3A/src/AL/vortex/libraryxsi/AL_vortex_library_xsi-0.1.2_master_jenkins-rndtest_vortexLibrary-master-289.zip
17:16:25 [libraryxsi] Zipped 2 entries.
17:16:25 [libraryxsi] Archiving /var/jenkinssecure/workspace/ndtest_vortexLibrary_master-X3A5UX22W6IMED55FSQHJKD6AHL6ESIHJURUCWUM4GBL4V55GB3A/src/AL/vortex/libraryxsi/AL_vortex_library_xsi-0.1.2_master_jenkins-rndtest_vortexLibrary-master-289.zip
[Pipeline] [libraryxsi] sh
17:16:25 [libraryxsi] [libraryxsi] Running shell script
17:16:25 [libraryxsi] + rm AL_vortex_library_xsi-0.1.2_master_jenkins-rndtest_vortexLibrary-master-289.zip
[Pipeline] [libraryxsi] }
[Pipeline] [libraryxsi] // withEnv
[Pipeline] [libraryxsi] }
[Pipeline] [libraryxsi] // dir
[Pipeline] [libraryxsi] }
[Pipeline] [libraryxsi] // timeout
[Pipeline] [libraryxsi] }
Calling Pipeline was cancelled
17:27:54 [libraryhoudini] Sending interrupt signal to process
[Pipeline] [libraryhoudini] }
[Pipeline] [libraryhoudini] // withEnv
[Pipeline] [libraryhoudini] }
[Pipeline] [libraryhoudini] // dir
[Pipeline] [libraryhoudini] }
[Pipeline] [libraryhoudini] // timeout
[Pipeline] [libraryhoudini] }
17:27:54 [libraryhoudini] Failed in branch libraryhoudini
[Pipeline] // parallel
[Pipeline] }
[Pipeline] // stage
[Pipeline] stage
[Pipeline] { (Test)
Stage "Test" skipped due to earlier failure(s)
[Pipeline] }
[Pipeline] // stage
[Pipeline] stage
[Pipeline] { (Sonar Analysis)
Stage "Sonar Analysis" skipped due to earlier failure(s)
[Pipeline] }
[Pipeline] // stage
[Pipeline] stage
[Pipeline] { (Build Downstream Jobs)
Stage "Build Downstream Jobs" skipped due to earlier failure(s)
[Pipeline] }
[Pipeline] // stage
[Pipeline] stage
[Pipeline] { (Results)
Stage "Results" skipped due to earlier failure(s)
[Pipeline] }
[Pipeline] // stage
[Pipeline] stage
[Pipeline] { (Declarative: Post Actions)
[Pipeline] echo
Error when executing always post condition:
hudson.remoting.ChannelClosedException: Channel "unknown": Remote call on grub failed. The channel is closing down or has closed down
	at hudson.remoting.Channel.call(Channel.java:948)
	at hudson.FilePath.act(FilePath.java:1089)
	at hudson.FilePath.act(FilePath.java:1078)
	at hudson.FilePath.mkdirs(FilePath.java:1263)
	at org.jenkinsci.plugins.durabletask.FileMonitoringTask$FileMonitoringController.<init>(FileMonitoringTask.java:120)
	at org.jenkinsci.plugins.durabletask.BourneShellScript$ShellController.<init>(BourneShellScript.java:198)
	at org.jenkinsci.plugins.durabletask.BourneShellScript$ShellController.<init>(BourneShellScript.java:190)
	at org.jenkinsci.plugins.durabletask.BourneShellScript.launchWithCookie(BourneShellScript.java:111)
	at org.jenkinsci.plugins.durabletask.FileMonitoringTask.launch(FileMonitoringTask.java:71)
	at org.jenkinsci.plugins.workflow.steps.durable_task.DurableTaskStep$Execution.start(DurableTaskStep.java:176)
	at org.jenkinsci.plugins.workflow.cps.DSL.invokeStep(DSL.java:229)
	at org.jenkinsci.plugins.workflow.cps.DSL.invokeMethod(DSL.java:153)
	at org.jenkinsci.plugins.workflow.cps.CpsScript.invokeMethod(CpsScript.java:122)
	at org.codehaus.groovy.runtime.callsite.PogoMetaClassSite.call(PogoMetaClassSite.java:48)
	at org.codehaus.groovy.runtime.callsite.CallSiteArray.defaultCall(CallSiteArray.java:48)
	at org.codehaus.groovy.runtime.callsite.AbstractCallSite.call(AbstractCallSite.java:113)
	at com.cloudbees.groovy.cps.sandbox.DefaultInvoker.methodCall(DefaultInvoker.java:20)
	at global.removeDir(/var/jenkins/jobs/rndtest_vortexLibrary/branches/master/builds/289/libs/AL/vars/global.groovy:46)
	at doCleanUp.call(/var/jenkins/jobs/rndtest_vortexLibrary/branches/master/builds/289/libs/AL/vars/doCleanUp.groovy:12)
	at runALPipeline.call(/var/jenkins/jobs/rndtest_vortexLibrary/branches/master/builds/289/libs/AL/vars/runALPipeline.groovy:234)
	at org.jenkinsci.plugins.pipeline.modeldefinition.ModelInterpreter.delegateAndExecute(jar:file:/var/jenkins/plugins/pipeline-model-definition/WEB-INF/lib/pipeline-model-definition.jar!/org/jenkinsci/plugins/pipeline/modeldefinition/ModelInterpreter.groovy:133)
	at org.jenkinsci.plugins.pipeline.modeldefinition.ModelInterpreter.runPostConditions(jar:file:/var/jenkins/plugins/pipeline-model-definition/WEB-INF/lib/pipeline-model-definition.jar!/org/jenkinsci/plugins/pipeline/modeldefinition/ModelInterpreter.groovy:732)
	at org.jenkinsci.plugins.pipeline.modeldefinition.ModelInterpreter.catchRequiredContextForNode(jar:file:/var/jenkins/plugins/pipeline-model-definition/WEB-INF/lib/pipeline-model-definition.jar!/org/jenkinsci/plugins/pipeline/modeldefinition/ModelInterpreter.groovy:380)
	at org.jenkinsci.plugins.pipeline.modeldefinition.ModelInterpreter.catchRequiredContextForNode(jar:file:/var/jenkins/plugins/pipeline-model-definition/WEB-INF/lib/pipeline-model-definition.jar!/org/jenkinsci/plugins/pipeline/modeldefinition/ModelInterpreter.groovy:378)
	at org.jenkinsci.plugins.pipeline.modeldefinition.ModelInterpreter.runPostConditions(jar:file:/var/jenkins/plugins/pipeline-model-definition/WEB-INF/lib/pipeline-model-definition.jar!/org/jenkinsci/plugins/pipeline/modeldefinition/ModelInterpreter.groovy:731)
	at com.cloudbees.groovy.cps.CpsDefaultGroovyMethods.each(CpsDefaultGroovyMethods:2030)
	at com.cloudbees.groovy.cps.CpsDefaultGroovyMethods.each(CpsDefaultGroovyMethods:2015)
	at com.cloudbees.groovy.cps.CpsDefaultGroovyMethods.each(CpsDefaultGroovyMethods:2056)
	at org.jenkinsci.plugins.pipeline.modeldefinition.ModelInterpreter.runPostConditions(jar:file:/var/jenkins/plugins/pipeline-model-definition/WEB-INF/lib/pipeline-model-definition.jar!/org/jenkinsci/plugins/pipeline/modeldefinition/ModelInterpreter.groovy:727)
	at org.jenkinsci.plugins.pipeline.modeldefinition.ModelInterpreter.executePostBuild(jar:file:/var/jenkins/plugins/pipeline-model-definition/WEB-INF/lib/pipeline-model-definition.jar!/org/jenkinsci/plugins/pipeline/modeldefinition/ModelInterpreter.groovy:706)
	at ___cps.transform___(Native Method)
	at com.cloudbees.groovy.cps.impl.ContinuationGroup.methodCall(ContinuationGroup.java:57)
	at com.cloudbees.groovy.cps.impl.FunctionCallBlock$ContinuationImpl.dispatchOrArg(FunctionCallBlock.java:109)
	at com.cloudbees.groovy.cps.impl.FunctionCallBlock$ContinuationImpl.fixArg(FunctionCallBlock.java:82)
	at sun.reflect.GeneratedMethodAccessor398.invoke(Unknown Source)
	at sun.reflect.DelegatingMethodAccessorImpl.invoke(DelegatingMethodAccessorImpl.java:43)
	at java.lang.reflect.Method.invoke(Method.java:497)
	at com.cloudbees.groovy.cps.impl.ContinuationPtr$ContinuationImpl.receive(ContinuationPtr.java:72)
	at com.cloudbees.groovy.cps.impl.FunctionCallBlock$ContinuationImpl.dispatchOrArg(FunctionCallBlock.java:103)
	at com.cloudbees.groovy.cps.impl.FunctionCallBlock$ContinuationImpl.fixArg(FunctionCallBlock.java:82)
	at sun.reflect.GeneratedMethodAccessor398.invoke(Unknown Source)
	at sun.reflect.DelegatingMethodAccessorImpl.invoke(DelegatingMethodAccessorImpl.java:43)
	at java.lang.reflect.Method.invoke(Method.java:497)
	at com.cloudbees.groovy.cps.impl.ContinuationPtr$ContinuationImpl.receive(ContinuationPtr.java:72)
	at com.cloudbees.groovy.cps.impl.ContinuationGroup.methodCall(ContinuationGroup.java:60)
	at com.cloudbees.groovy.cps.impl.FunctionCallBlock$ContinuationImpl.dispatchOrArg(FunctionCallBlock.java:109)
	at com.cloudbees.groovy.cps.impl.FunctionCallBlock$ContinuationImpl.fixArg(FunctionCallBlock.java:82)
	at sun.reflect.GeneratedMethodAccessor398.invoke(Unknown Source)
	at sun.reflect.DelegatingMethodAccessorImpl.invoke(DelegatingMethodAccessorImpl.java:43)
	at java.lang.reflect.Method.invoke(Method.java:497)
	at com.cloudbees.groovy.cps.impl.ContinuationPtr$ContinuationImpl.receive(ContinuationPtr.java:72)
	at com.cloudbees.groovy.cps.impl.ConstantBlock.eval(ConstantBlock.java:21)
	at com.cloudbees.groovy.cps.Next.step(Next.java:83)
	at com.cloudbees.groovy.cps.Continuable$1.call(Continuable.java:174)
	at com.cloudbees.groovy.cps.Continuable$1.call(Continuable.java:163)
	at org.codehaus.groovy.runtime.GroovyCategorySupport$ThreadCategoryInfo.use(GroovyCategorySupport.java:122)
	at org.codehaus.groovy.runtime.GroovyCategorySupport.use(GroovyCategorySupport.java:261)
	at com.cloudbees.groovy.cps.Continuable.run0(Continuable.java:163)
	at org.jenkinsci.plugins.workflow.cps.SandboxContinuable.access$101(SandboxContinuable.java:34)
	at org.jenkinsci.plugins.workflow.cps.SandboxContinuable.lambda$run0$0(SandboxContinuable.java:59)
	at org.jenkinsci.plugins.workflow.cps.SandboxContinuable$$Lambda$121/1998499669.call(Unknown Source)
	at org.jenkinsci.plugins.scriptsecurity.sandbox.groovy.GroovySandbox.runInSandbox(GroovySandbox.java:108)
	at org.jenkinsci.plugins.workflow.cps.SandboxContinuable.run0(SandboxContinuable.java:58)
	at org.jenkinsci.plugins.workflow.cps.CpsThread.runNextChunk(CpsThread.java:174)
	at org.jenkinsci.plugins.workflow.cps.CpsThreadGroup.run(CpsThreadGroup.java:332)
	at org.jenkinsci.plugins.workflow.cps.CpsThreadGroup.access$200(CpsThreadGroup.java:83)
	at org.jenkinsci.plugins.workflow.cps.CpsThreadGroup$2.call(CpsThreadGroup.java:244)
	at org.jenkinsci.plugins.workflow.cps.CpsThreadGroup$2.call(CpsThreadGroup.java:232)
	at org.jenkinsci.plugins.workflow.cps.CpsVmExecutorService$2.call(CpsVmExecutorService.java:64)
	at java.util.concurrent.FutureTask.run(FutureTask.java:266)
	at hudson.remoting.SingleLaneExecutorService$1.run(SingleLaneExecutorService.java:131)
	at jenkins.util.ContextResettingExecutorService$1.run(ContextResettingExecutorService.java:28)
	at jenkins.security.ImpersonatingExecutorService$1.run(ImpersonatingExecutorService.java:59)
	at java.util.concurrent.Executors$RunnableAdapter.call(Executors.java:511)
	at java.util.concurrent.FutureTask.run(FutureTask.java:266)
	at java.util.concurrent.ThreadPoolExecutor.runWorker(ThreadPoolExecutor.java:1142)
	at java.util.concurrent.ThreadPoolExecutor$Worker.run(ThreadPoolExecutor.java:617)
	at java.lang.Thread.run(Thread.java:745)
Caused by: java.io.IOException: Unexpected termination of the channel
	at hudson.remoting.SynchronousCommandTransport$ReaderThread.run(SynchronousCommandTransport.java:77)
Caused by: java.io.EOFException
	at java.io.ObjectInputStream$PeekInputStream.readFully(ObjectInputStream.java:2328)
	at java.io.ObjectInputStream$BlockDataInputStream.readShort(ObjectInputStream.java:2797)
	at java.io.ObjectInputStream.readStreamHeader(ObjectInputStream.java:802)
	at java.io.ObjectInputStream.<init>(ObjectInputStream.java:299)
	at hudson.remoting.ObjectInputStreamEx.<init>(ObjectInputStreamEx.java:48)
	at hudson.remoting.AbstractSynchronousByteArrayCommandTransport.read(AbstractSynchronousByteArrayCommandTransport.java:36)
	at hudson.remoting.SynchronousCommandTransport$ReaderThread.run(SynchronousCommandTransport.java:63)

17:27:55 [DEBUG]  Deleting /tmp/jenkins-rndtest_vortexLibrary-master-289/packages
[Pipeline] sh
17:27:55 ERROR: Issue with creating launcher for agent grub. The agent has not been fully initialized yet
17:27:55 ERROR: Issue with creating launcher for agent grub. The agent has not been fully initialized yet
[Pipeline] }
[Pipeline] // stage
[Pipeline] }
[Pipeline] // ansiColor
[Pipeline] }
[Pipeline] // timestamps
[Pipeline] }
[Pipeline] // timeout
[Pipeline] }
[Pipeline] // withEnv
[Pipeline] }
[Pipeline] // withEnv
[Pipeline] }
[Pipeline] // node
[Pipeline] End of Pipeline

Could not update commit status, please check if your scan credentials belong to a member of the organization or a collaborator of the repository and repo:status scope is selected


GitHub has been notified of this commitâ€™s build result

Exception: null
Finished: ABORTED
